            --------------------------------------------------------
                             AMBER SQM VERSION 19
 
                                     By
              Ross C. Walker, Michael F. Crowley, Scott Brozell,
                         Tim Giese, Andreas W. Goetz,
                        Tai-Sung Lee and David A. Case
 
            --------------------------------------------------------
 

--------------------------------------------------------------------------------
  QM CALCULATION INFO
--------------------------------------------------------------------------------

| QMMM: Citation for AMBER QMMM Run:
| QMMM: R.C. Walker, M.F. Crowley and D.A. Case, J. COMP. CHEM. 29:1019, 2008

QMMM: SINGLET STATE CALCULATION
QMMM: RHF CALCULATION, NO. OF DOUBLY OCCUPIED LEVELS = 86

| QMMM: *** Selected Hamiltonian *** 
| QMMM: AM1         

| QMMM: *** Parameter sets in use ***
| QMMM: C : M.J.S.DEWAR et al. JACS, 107, 3902, (1985)
| QMMM: N : M.J.S.DEWAR et al. JACS, 107, 3902, (1985)
| QMMM: H : M.J.S.DEWAR et al. JACS, 107, 3902, (1985)

| QMMM: *** SCF convergence criteria ***
| QMMM: Energy change                :  0.1D-09 kcal/mol
| QMMM: Error matrix |FP-PF|         :  0.1D+00 au
| QMMM: Density matrix change        :  0.5D-06
| QMMM: Maximum number of SCF cycles :     1000
 
| QMMM: *** Diagonalization Routine Information ***
| QMMM: Pseudo diagonalizations are allowed.
| QMMM: Auto diagonalization routine selection is in use.
| QMMM:
| QMMM: Timing diagonalization routines:
| QMMM:                              norbs =      166
| QMMM:    diag iterations used for timing =        5
| QMMM:
| QMMM:              Internal diag routine = 0.583049 seconds
| QMMM:                 Dspev diag routine = 3.508390 seconds
| QMMM:                Dspevd diag routine = 3.201480 seconds
| QMMM:                Dspevx diag routine = 5.408159 seconds
| QMMM:                 Dsyev diag routine = 3.890894 seconds
| QMMM:                Dsyevd diag routine = 1.778145 seconds
| QMMM:                Dsyevr diag routine = 1.409326 seconds
| QMMM:
| QMMM:                Pseudo diag routine = 0.009363 seconds
| QMMM:
| QMMM: Using internal diagonalization routine (diag_routine=1).

  QMMM: QM Region Cartesian Coordinates (*=link atom) 
  QMMM: QM_NO.   MM_NO.  ATOM         X         Y         Z
  QMMM:     1        1      C       10.0830   18.5170   15.6640
  QMMM:     2        2      C        8.9300   19.8610   13.1940
  QMMM:     3        3      C       10.8340   19.3870   14.7730
  QMMM:     4        4      C       10.2670   20.0350   13.5800
  QMMM:     5        5      C        8.6820   18.3840   15.1820
  QMMM:     6        6      C        8.1210   19.0310   13.9920
  QMMM:     7        7      N       10.6670   17.8640   16.8820
  QMMM:     8        8      C        8.4010   20.5560   11.9970
  QMMM:     9        9      C        8.4230   21.6350    9.9940
  QMMM:    10       10      C        7.0960   21.5470   10.4960
  QMMM:    11       11      C        5.9510   22.1100    9.7540
  QMMM:    12       12      C        6.2590   22.7650    8.4860
  QMMM:    13       13      C        7.6150   22.8450    8.0050
  QMMM:    14       14      C        8.6960   22.2890    8.7350
  QMMM:    15       15      N        9.2140   20.9880   10.9860
  QMMM:    16       16      N        7.1310   20.8950   11.6950
  QMMM:    17       17      C        7.8690   23.5140    6.7530
  QMMM:    18       18      C        8.8380   24.1150    4.7620
  QMMM:    19       19      C        7.6830   24.9040    5.0530
  QMMM:    20       20      C        7.2060   25.9580    4.1670
  QMMM:    21       21      C        7.9830   26.1640    2.9600
  QMMM:    22       22      C        9.1740   25.3530    2.6560
  QMMM:    23       23      N        8.9260   23.2340    5.8760
  QMMM:    24       24      N        7.1910   24.4870    6.2190
  QMMM:    25       25      C        9.6100   24.3320    3.5400
  QMMM:    26       26      N        9.9730   25.5480    1.4380
  QMMM:    27       27      N       11.5810   26.2340   -1.0190
  QMMM:    28       28      C       11.4950   25.4150    1.2490
  QMMM:    29       29      C       11.9420   24.9480   -0.1850
  QMMM:    30       30      C       10.1970   26.7970   -0.7220
  QMMM:    31       31      C        9.2390   25.7710    0.0390
  QMMM:    32       32      C       11.9330   25.2170   -2.1640
  QMMM:    33       33      C       10.2440   16.9300   18.0190
  QMMM:    34       34      C       11.9810   17.8150   17.4680
  QMMM:    35       35      H       11.8760   19.5920   14.9700
  QMMM:    36       36      H       10.9210   20.6640   12.9940
  QMMM:    37       37      H        7.9810   17.7670   15.7240
  QMMM:    38       38      H        7.0860   18.8700   13.7280
  QMMM:    39       39      H        4.9520   22.0240   10.1560
  QMMM:    40       40      H        5.4650   23.1980    7.8950
  QMMM:    41       41      H        9.7090   22.3480    8.3660
  QMMM:    42       42      H       10.2090   20.8230   11.0330
  QMMM:    43       43      H        6.3260   26.5260    4.4290
  QMMM:    44       44      H        7.6930   26.9290    2.2550
  QMMM:    45       45      H        9.5860   22.5030    6.0980
  QMMM:    46       46      H       10.4800   23.7250    3.3360
  QMMM:    47       47      H       12.2940   26.9440   -0.9260
  QMMM:    48       48      H       11.8920   24.7250    1.9930
  QMMM:    49       49      H       11.9720   26.3660    1.4840
  QMMM:    50       50      H       13.0230   24.8110   -0.1930
  QMMM:    51       51      H       11.3040   24.1250   -0.5060
  QMMM:    52       52      H        9.7260   27.1090   -1.6540
  QMMM:    53       53      H       10.2960   27.7070   -0.1300
  QMMM:    54       54      H        8.2710   26.2420    0.2110
  QMMM:    55       55      H        9.2130   24.8290   -0.5080
  QMMM:    56       56      H       11.8200   25.7050   -3.1320
  QMMM:    57       57      H       12.9630   24.8790   -2.0460
  QMMM:    58       58      H       11.2610   24.3600   -2.1090
  QMMM:    59       59      H       11.0930   16.7540   18.6800
  QMMM:    60       60      H        9.4330   17.3890   18.5840
  QMMM:    61       61      H        9.9050   15.9810   17.6030
  QMMM:    62       62      H       11.9530   17.2100   18.3740
  QMMM:    63       63      H       12.6800   17.3720   16.7580
  QMMM:    64       64      H       12.3070   18.8250   17.7160

--------------------------------------------------------------------------------
  RESULTS
--------------------------------------------------------------------------------

      iter         sqm energy              rms gradient
      ----    -------------------    -----------------------
xmin    10      344.5953 kcal/mol        1.6936 kcal/(mol*A)
xmin    20      341.6742 kcal/mol        1.0071 kcal/(mol*A)
xmin    30      340.8078 kcal/mol        0.1970 kcal/(mol*A)
xmin    40      340.5274 kcal/mol        0.5701 kcal/(mol*A)
xmin    50      340.4055 kcal/mol        0.0770 kcal/(mol*A)
xmin    60      340.2539 kcal/mol        0.2694 kcal/(mol*A)
xmin    70      340.2221 kcal/mol        0.0506 kcal/(mol*A)
xmin    80      340.2064 kcal/mol        0.0199 kcal/(mol*A)
xmin    90      340.2040 kcal/mol        0.0133 kcal/(mol*A)
xmin   100      340.2035 kcal/mol        0.0066 kcal/(mol*A)
xmin   110      340.2032 kcal/mol        0.0043 kcal/(mol*A)
xmin   120      340.2032 kcal/mol        0.0007 kcal/(mol*A)
  ... geometry converged !
 
 Final MO eigenvalues (eV):
 -45.7805  -43.7370  -42.9672  -41.7266  -41.3420  -39.5954  -38.6839  -38.0682
 -36.1470  -35.7966  -35.1857  -34.2059  -33.3277  -33.0642  -32.7628  -32.1270
 -31.4777  -30.6575  -29.9489  -29.5521  -29.2251  -27.4999  -26.2780  -25.7079
 -25.1607  -24.8855  -24.3860  -24.1717  -23.8896  -23.1314  -22.8719  -22.2804
 -22.1567  -21.9525  -20.9865  -20.2367  -20.1778  -19.7888  -19.5098  -19.2079
 -18.9481  -18.7781  -18.4445  -18.2841  -18.2180  -18.0335  -17.8706  -17.8285
 -17.6304  -17.3223  -17.2737  -17.2688  -16.9553  -16.9279  -16.8907  -16.6161
 -16.5911  -16.4578  -16.2457  -15.9982  -15.8683  -15.6633  -15.5221  -14.9384
 -14.8435  -14.7655  -14.6187  -14.5723  -14.4562  -14.1176  -13.9888  -13.9196
 -13.8896  -13.5321  -13.2612  -13.0082  -12.9903  -12.9022  -12.5197  -12.0662
 -11.3550  -11.2470  -11.0593  -10.5756  -10.3332   -9.3875   -3.7788   -2.6090
  -1.8412   -1.7972   -1.7694   -1.6230   -1.5516   -1.1392   -1.0594   -0.9399
  -0.8359   -0.7541   -0.6956   -0.6787   -0.5318   -0.4780   -0.4153   -0.3617
  -0.2778   -0.2590   -0.2054   -0.0467    0.3227    0.3579    0.4128    0.5959
   0.6219    0.7763    0.8320    1.0624    1.1421    1.2089    1.4134    1.5473
   1.6204    1.8699    1.8781    1.9609    1.9940    2.0926    2.2133    2.2316
   2.4323    2.4745    2.5555    2.6074    2.6789    2.6866    2.7469    2.7787
   2.8682    2.9054    2.9478    3.0288    3.0664    3.1600    3.2129    3.2221
   3.2728    3.3174    3.3291    3.3939    3.4390    3.4822    3.6320    3.7642
   3.8025    3.8999    3.9478    4.0097    4.1165    4.2190    4.2816    4.4588
   4.5243    4.6386    4.8550    4.9813    5.1835    5.3013

 Heat of formation   =        340.20316375 kcal/mol  (       14.75231619 eV)

 Total SCF energy    =    -122411.94334364 kcal/mol  (    -5308.18018922 eV)
 Electronic energy   =   -1017234.50938251 kcal/mol  (   -44110.59838613 eV)
 Core-core repulsion =     894822.56603887 kcal/mol  (    38802.41819691 eV)
 
    Atomic Charges for Step       1 :
  Atom    Element       Mulliken Charge
     1      C                  0.123
     2      C                 -0.111
     3      C                 -0.205
     4      C                 -0.070
     5      C                 -0.206
     6      C                 -0.035
     7      N                 -0.267
     8      C                  0.108
     9      C                 -0.040
    10      C                 -0.035
    11      C                 -0.078
    12      C                 -0.104
    13      C                 -0.050
    14      C                 -0.114
    15      N                 -0.242
    16      N                 -0.143
    17      C                  0.105
    18      C                 -0.026
    19      C                 -0.042
    20      C                 -0.064
    21      C                 -0.122
    22      C                 -0.027
    23      N                 -0.241
    24      N                 -0.128
    25      C                 -0.152
    26      N                 -0.231
    27      N                  0.004
    28      C                 -0.092
    29      C                 -0.135
    30      C                 -0.128
    31      C                 -0.086
    32      C                 -0.193
    33      C                 -0.086
    34      C                 -0.085
    35      H                  0.139
    36      H                  0.124
    37      H                  0.143
    38      H                  0.156
    39      H                  0.161
    40      H                  0.156
    41      H                  0.130
    42      H                  0.258
    43      H                  0.166
    44      H                  0.144
    45      H                  0.262
    46      H                  0.129
    47      H                  0.257
    48      H                  0.113
    49      H                  0.133
    50      H                  0.144
    51      H                  0.137
    52      H                  0.138
    53      H                  0.144
    54      H                  0.151
    55      H                  0.086
    56      H                  0.145
    57      H                  0.143
    58      H                  0.142
    59      H                  0.092
    60      H                  0.069
    61      H                  0.088
    62      H                  0.093
    63      H                  0.084
    64      H                  0.068
 Total Mulliken Charge =       1.000
 
                  X        Y        Z     TOTAL  
  QM DIPOLE    57.235  116.008    3.728  129.412
 
 Final Structure

  QMMM: QM Region Cartesian Coordinates (*=link atom) 
  QMMM: QM_NO.   MM_NO.  ATOM         X         Y         Z
  QMMM:     1        1      C       10.0623   18.3700   15.2734
  QMMM:     2        2      C        9.1039   19.9520   13.1249
  QMMM:     3        3      C       10.8993   19.3169   14.6248
  QMMM:     4        4      C       10.4242   20.0846   13.5727
  QMMM:     5        5      C        8.7207   18.2634   14.8215
  QMMM:     6        6      C        8.2578   19.0387   13.7691
  QMMM:     7        7      N       10.5582   17.5348   16.2767
  QMMM:     8        8      C        8.5925   20.7584   12.0194
  QMMM:     9        9      C        8.6281   21.9212   10.0836
  QMMM:    10       10      C        7.2908   21.9017   10.6632
  QMMM:    11       11      C        6.2511   22.5726   10.0064
  QMMM:    12       12      C        6.5307   23.2285    8.8171
  QMMM:    13       13      C        7.8269   23.2291    8.2592
  QMMM:    14       14      C        8.8954   22.5822    8.8845
  QMMM:    15       15      N        9.4314   21.1896   10.9606
  QMMM:    16       16      N        7.3097   21.1690   11.8609
  QMMM:    17       17      C        8.0439   23.9377    6.9951
  QMMM:    18       18      C        8.8843   24.3281    4.9357
  QMMM:    19       19      C        7.9500   25.3741    5.3334
  QMMM:    20       20      C        7.6956   26.4326    4.4546
  QMMM:    21       21      C        8.3372   26.4520    3.2257
  QMMM:    22       22      C        9.2417   25.4298    2.8424
  QMMM:    23       23      N        8.9330   23.4369    6.0079
  QMMM:    24       24      N        7.4512   25.0953    6.6166
  QMMM:    25       25      C        9.5274   24.3545    3.6992
  QMMM:    26       26      N        9.8485   25.5422    1.5429
  QMMM:    27       27      N       11.0605   25.7218   -0.9228
  QMMM:    28       28      C       11.2875   25.7700    1.5947
  QMMM:    29       29      C       11.9850   25.5229    0.2401
  QMMM:    30       30      C        9.9013   24.7703   -0.8218
  QMMM:    31       31      C        9.4946   24.4606    0.6374
  QMMM:    32       32      C       11.7709   25.5787   -2.2145
  QMMM:    33       33      C        9.6211   16.7806   17.0665
  QMMM:    34       34      C       11.8171   17.8695   16.8874
  QMMM:    35       35      H       11.9408   19.4593   14.9493
  QMMM:    36       36      H       11.1014   20.8184   13.1091
  QMMM:    37       37      H        8.0211   17.5617   15.3002
  QMMM:    38       38      H        7.2097   18.9357   13.4425
  QMMM:    39       39      H        5.2368   22.5788   10.4328
  QMMM:    40       40      H        5.7226   23.7673    8.2962
  QMMM:    41       41      H        9.9112   22.6068    8.4689
  QMMM:    42       42      H       10.3959   21.0163   10.8729
  QMMM:    43       43      H        6.9963   27.2343    4.7389
  QMMM:    44       44      H        8.1348   27.2849    2.5336
  QMMM:    45       45      H        9.4307   22.5884    6.0513
  QMMM:    46       46      H       10.2272   23.5576    3.4124
  QMMM:    47       47      H       10.6827   26.6786   -0.8549
  QMMM:    48       48      H       11.8131   25.1194    2.3534
  QMMM:    49       49      H       11.4296   26.8442    1.9059
  QMMM:    50       50      H       12.8528   26.2323    0.1329
  QMMM:    51       51      H       12.3690   24.4655    0.1891
  QMMM:    52       52      H       10.1831   23.8067   -1.3314
  QMMM:    53       53      H        9.0366   25.2361   -1.3733
  QMMM:    54       54      H        8.3749   24.3302    0.6616
  QMMM:    55       55      H        9.9649   23.4779    0.9327
  QMMM:    56       56      H       11.0363   25.7015   -3.0554
  QMMM:    57       57      H       12.5668   26.3678   -2.2905
  QMMM:    58       58      H       12.2456   24.5633   -2.2772
  QMMM:    59       59      H       10.1651   16.2079   17.8629
  QMMM:    60       60      H        8.8553   17.4410   17.5578
  QMMM:    61       61      H        9.0904   16.0439   16.4046
  QMMM:    62       62      H       12.0388   17.1580   17.7257
  QMMM:    63       63      H       12.6345   17.7759   16.1221
  QMMM:    64       64      H       11.8235   18.9175   17.2947
 
           --------- Calculation Completed ----------
 
