            --------------------------------------------------------
                             AMBER SQM VERSION 19
 
                                     By
              Ross C. Walker, Michael F. Crowley, Scott Brozell,
                         Tim Giese, Andreas W. Goetz,
                        Tai-Sung Lee and David A. Case
 
            --------------------------------------------------------
 

--------------------------------------------------------------------------------
  QM CALCULATION INFO
--------------------------------------------------------------------------------

| QMMM: Citation for AMBER QMMM Run:
| QMMM: R.C. Walker, M.F. Crowley and D.A. Case, J. COMP. CHEM. 29:1019, 2008

QMMM: SINGLET STATE CALCULATION
QMMM: RHF CALCULATION, NO. OF DOUBLY OCCUPIED LEVELS =102

| QMMM: *** Selected Hamiltonian *** 
| QMMM: AM1         

| QMMM: *** Parameter sets in use ***
| QMMM: C : M.J.S.DEWAR et al. JACS, 107, 3902, (1985)
| QMMM: N : M.J.S.DEWAR et al. JACS, 107, 3902, (1985)
| QMMM: O : M.J.S.DEWAR et al. JACS, 107, 3902, (1985)
| QMMM: H : M.J.S.DEWAR et al. JACS, 107, 3902, (1985)

| QMMM: *** SCF convergence criteria ***
| QMMM: Energy change                :  0.1D-09 kcal/mol
| QMMM: Error matrix |FP-PF|         :  0.1D+00 au
| QMMM: Density matrix change        :  0.5D-06
| QMMM: Maximum number of SCF cycles :     1000
 
| QMMM: *** Diagonalization Routine Information ***
| QMMM: Pseudo diagonalizations are allowed.
| QMMM: Auto diagonalization routine selection is in use.
| QMMM:
| QMMM: Timing diagonalization routines:
| QMMM:                              norbs =      194
| QMMM:    diag iterations used for timing =        5
| QMMM:
| QMMM:              Internal diag routine = 0.062005 seconds
| QMMM:                 Dspev diag routine = 1.630145 seconds
| QMMM:                Dspevd diag routine = 0.444152 seconds
| QMMM:                Dspevx diag routine = 0.395190 seconds
| QMMM:                 Dsyev diag routine = 1.187263 seconds
| QMMM:                Dsyevd diag routine = 1.289170 seconds
| QMMM:                Dsyevr diag routine = 0.345351 seconds
| QMMM:
| QMMM:                Pseudo diag routine = 0.033218 seconds
| QMMM:
| QMMM: Using internal diagonalization routine (diag_routine=1).

  QMMM: QM Region Cartesian Coordinates (*=link atom) 
  QMMM: QM_NO.   MM_NO.  ATOM         X         Y         Z
  QMMM:     1        1      C       34.0880   45.2810   30.0910
  QMMM:     2        2      C       34.7920   45.1410   31.2860
  QMMM:     3        3      C       32.7800   45.7330   30.1240
  QMMM:     4        4      C       32.2210   46.0910   31.3480
  QMMM:     5        5      C       32.9790   45.9900   32.5340
  QMMM:     6        6      C       32.3950   46.4200   33.7530
  QMMM:     7        7      C       31.0680   46.9000   33.7380
  QMMM:     8        8      C       30.9070   46.5460   31.3640
  QMMM:     9        9      C       40.8410   42.1080   30.9590
  QMMM:    10       10      C       41.7100   43.2610   35.8600
  QMMM:    11       11      C       32.4800   46.7520   36.0920
  QMMM:    12       12      C       36.1880   44.5660   31.2450
  QMMM:    13       13      C       30.3310   46.9500   32.5570
  QMMM:    14       14      C       30.4550   47.3080   34.9210
  QMMM:    15       15      C       31.1700   47.2330   36.1070
  QMMM:    16       16      C       33.2250   46.6270   37.4020
  QMMM:    17       17      C       42.3490   42.4210   34.9530
  QMMM:    18       18      C       35.4150   45.8800   38.4030
  QMMM:    19       19      C       36.5190   45.0680   38.1640
  QMMM:    20       20      C       37.4510   44.8600   39.1810
  QMMM:    21       21      C       37.2380   45.4140   40.4540
  QMMM:    22       22      C       35.2630   46.4330   39.6800
  QMMM:    23       23      C       38.5960   44.0990   38.9370
  QMMM:    24       24      C       41.7990   42.2080   33.6920
  QMMM:    25       25      C       38.2080   45.2410   41.4500
  QMMM:    26       26      C       39.5470   43.9180   39.9400
  QMMM:    27       27      C       39.3570   44.4970   41.1930
  QMMM:    28       28      C       40.5050   43.8700   35.5150
  QMMM:    29       29      C       38.0890   43.8770   32.7400
  QMMM:    30       30      C       38.7690   43.0410   31.8510
  QMMM:    31       31      C       38.6880   44.1860   33.9550
  QMMM:    32       32      C       39.9260   43.6260   34.2680
  QMMM:    33       33      C       40.5830   42.8070   33.3350
  QMMM:    34       34      C       35.5530   46.2110   42.0950
  QMMM:    35       35      N       34.2470   45.4800   32.4900
  QMMM:    36       36      N       36.7850   44.4040   32.4460
  QMMM:    37       37      N       36.0640   46.0700   40.7240
  QMMM:    38       38      N       34.4830   46.1320   37.3350
  QMMM:    39       39      N       33.0830   46.3580   34.9360
  QMMM:    40       40      N       40.0450   42.6200   32.0850
  QMMM:    41       41      O       32.7250   46.9460   38.4630
  QMMM:    42       42      O       36.7420   44.2400   30.2140
  QMMM:    43       43      H       34.5640   45.0380   29.1520
  QMMM:    44       44      H       32.2100   45.8030   29.2090
  QMMM:    45       45      H       30.3370   46.5840   30.4470
  QMMM:    46       46      H       41.8290   41.8160   31.3150
  QMMM:    47       47      H       40.3420   41.2420   30.5240
  QMMM:    48       48      H       40.9430   42.8860   30.2020
  QMMM:    49       49      H       42.1480   43.4410   36.8310
  QMMM:    50       50      H       29.3110   47.3040   32.5720
  QMMM:    51       51      H       29.4390   47.6750   34.9040
  QMMM:    52       52      H       30.7200   47.5440   37.0380
  QMMM:    53       53      H       43.2730   41.9330   35.2270
  QMMM:    54       54      H       36.6490   44.6050   37.1970
  QMMM:    55       55      H       34.4940   47.1700   39.8610
  QMMM:    56       56      H       38.7480   43.6480   37.9680
  QMMM:    57       57      H       42.3100   41.5770   32.9800
  QMMM:    58       58      H       38.0670   45.6860   42.4240
  QMMM:    59       59      H       40.4310   43.3290   39.7460
  QMMM:    60       60      H       40.1010   44.3690   41.9650
  QMMM:    61       61      H       40.0160   44.5330   36.2130
  QMMM:    62       62      H       38.2850   42.7080   30.9450
  QMMM:    63       63      H       38.1950   44.8540   34.6460
  QMMM:    64       64      H       34.6130   46.7630   42.0780
  QMMM:    65       65      H       35.3860   45.2230   42.5240
  QMMM:    66       66      H       36.2800   46.7520   42.7010
  QMMM:    67       67      H       36.3000   44.6710   33.2910
  QMMM:    68       68      H       34.8820   45.8860   36.4400

--------------------------------------------------------------------------------
  RESULTS
--------------------------------------------------------------------------------

      iter         sqm energy              rms gradient
      ----    -------------------    -----------------------
xmin    10      209.0681 kcal/mol        0.8386 kcal/(mol*A)
xmin    20      207.3345 kcal/mol        0.3629 kcal/(mol*A)
xmin    30      206.4587 kcal/mol        0.1911 kcal/(mol*A)
xmin    40      206.4099 kcal/mol        0.0275 kcal/(mol*A)
xmin    50      206.4076 kcal/mol        0.0064 kcal/(mol*A)
xmin    60      206.4074 kcal/mol        0.0012 kcal/(mol*A)
  ... geometry converged !
 
 Final MO eigenvalues (eV):
 -41.9241  -41.0663  -41.0275  -40.4971  -39.6014  -38.9294  -37.5390  -37.2358
 -36.8487  -36.4202  -36.3692  -34.2016  -34.1227  -33.6075  -33.2483  -31.2763
 -31.2627  -30.8858  -30.5152  -30.0287  -29.9394  -28.0160  -27.9860  -26.4251
 -26.3356  -25.4270  -24.9823  -24.8768  -23.9630  -23.9447  -23.2171  -22.4706
 -22.2728  -21.8264  -21.6497  -20.5009  -19.6525  -19.3284  -19.2600  -18.6517
 -18.6098  -18.0724  -18.0249  -17.7389  -17.3621  -17.0078  -16.8512  -16.5395
 -16.3897  -16.1918  -16.1373  -16.1368  -15.9225  -15.8852  -15.7694  -15.5887
 -15.4746  -15.3164  -15.1980  -15.0507  -14.9531  -14.9299  -14.8597  -14.5551
 -14.5251  -14.4110  -14.3289  -14.2363  -13.9546  -13.9272  -13.5263  -13.4782
 -13.3268  -13.3106  -13.2644  -13.2162  -12.9125  -12.8047  -12.7497  -12.4805
 -12.4022  -12.1994  -12.0823  -11.6429  -11.5739  -11.5033  -11.5019  -11.4197
 -11.3961  -11.3887  -11.3600  -10.9539  -10.7964  -10.3063  -10.2217   -9.8554
  -9.5342   -9.2852   -9.1747   -8.5317   -8.3561   -4.6617   -2.2010   -1.4575
  -1.0346   -0.4007    0.2162    0.3620    0.3928    0.8078    0.8906    1.0633
   1.1720    1.4603    1.5241    1.5443    1.9396    1.9498    2.0314    2.1760
   2.3207    2.4246    2.6014    2.7735    3.0337    3.1350    3.1859    3.1880
   3.2731    3.2748    3.3367    3.3569    3.4258    3.5858    3.5998    3.7485
   3.7885    3.8266    3.8531    3.8727    3.9987    4.0165    4.0172    4.0594
   4.0650    4.1224    4.1305    4.2209    4.2270    4.2272    4.2673    4.2985
   4.3953    4.4086    4.4806    4.4866    4.5140    4.5945    4.6062    4.6747
   4.7075    4.7157    4.7306    4.8466    4.8733    4.9427    4.9767    5.0948
   5.0997    5.1797    5.1914    5.2364    5.3358    5.3492    5.5001    5.5062
   5.6656    5.6780    5.7972    5.8141    6.0031    6.0606    6.0797    6.1128
   6.1162    6.2458    6.2643    6.2806    6.3492    6.3906    6.5113    6.5133
   6.8820    6.8871

 Heat of formation   =        206.40744223 kcal/mol  (        8.95049834 eV)

 Total SCF energy    =    -151902.77533113 kcal/mol  (    -6586.99862673 eV)
 Electronic energy   =   -1456616.37920130 kcal/mol  (   -63163.62600066 eV)
 Core-core repulsion =    1304713.60387018 kcal/mol  (    56576.62737393 eV)
 
    Atomic Charges for Step       1 :
  Atom    Element       Mulliken Charge
     1      C                 -0.123
     2      C                 -0.049
     3      C                 -0.092
     4      C                 -0.061
     5      C                  0.030
     6      C                  0.030
     7      C                 -0.061
     8      C                 -0.105
     9      C                 -0.079
    10      C                 -0.132
    11      C                 -0.049
    12      C                  0.355
    13      C                 -0.105
    14      C                 -0.092
    15      C                 -0.123
    16      C                  0.355
    17      C                 -0.123
    18      C                  0.029
    19      C                 -0.230
    20      C                  0.010
    21      C                  0.057
    22      C                 -0.080
    23      C                 -0.160
    24      C                 -0.199
    25      C                 -0.199
    26      C                 -0.132
    27      C                 -0.123
    28      C                 -0.160
    29      C                  0.029
    30      C                 -0.080
    31      C                 -0.230
    32      C                  0.010
    33      C                  0.057
    34      C                 -0.079
    35      N                 -0.104
    36      N                 -0.282
    37      N                 -0.157
    38      N                 -0.282
    39      N                 -0.104
    40      N                 -0.157
    41      O                 -0.362
    42      O                 -0.362
    43      H                  0.172
    44      H                  0.148
    45      H                  0.143
    46      H                  0.087
    47      H                  0.088
    48      H                  0.100
    49      H                  0.131
    50      H                  0.143
    51      H                  0.148
    52      H                  0.172
    53      H                  0.127
    54      H                  0.144
    55      H                  0.189
    56      H                  0.145
    57      H                  0.129
    58      H                  0.129
    59      H                  0.131
    60      H                  0.127
    61      H                  0.145
    62      H                  0.189
    63      H                  0.144
    64      H                  0.100
    65      H                  0.087
    66      H                  0.088
    67      H                  0.253
    68      H                  0.253
 Total Mulliken Charge =      -0.000
 
                  X        Y        Z     TOTAL  
  QM DIPOLE    -3.965    1.342   -2.375    4.813
 
 Final Structure

  QMMM: QM Region Cartesian Coordinates (*=link atom) 
  QMMM: QM_NO.   MM_NO.  ATOM         X         Y         Z
  QMMM:     1        1      C       34.1012   45.3361   30.0686
  QMMM:     2        2      C       34.7508   45.2017   31.3271
  QMMM:     3        3      C       32.8154   45.8455   30.0442
  QMMM:     4        4      C       32.1780   46.2156   31.2530
  QMMM:     5        5      C       32.9050   46.0419   32.4639
  QMMM:     6        6      C       32.2713   46.4188   33.7338
  QMMM:     7        7      C       30.9470   46.9393   33.7152
  QMMM:     8        8      C       30.8478   46.7467   31.2913
  QMMM:     9        9      C       40.6583   41.8916   31.7343
  QMMM:    10       10      C       41.4331   43.7523   36.4220
  QMMM:    11       11      C       32.3915   46.5937   36.0491
  QMMM:    12       12      C       36.1459   44.6059   31.3777
  QMMM:    13       13      C       30.2594   47.0911   32.4675
  QMMM:    14       14      C       30.3614   47.2920   34.9549
  QMMM:    15       15      C       31.0742   47.1250   36.1286
  QMMM:    16       16      C       33.2044   46.4423   37.3220
  QMMM:    17       17      C       42.1226   42.8521   35.6147
  QMMM:    18       18      C       35.2638   45.3504   38.2032
  QMMM:    19       19      C       36.3657   44.5255   37.8199
  QMMM:    20       20      C       37.4396   44.3524   38.7043
  QMMM:    21       21      C       37.4471   45.0344   39.9784
  QMMM:    22       22      C       35.2943   45.9949   39.4381
  QMMM:    23       23      C       38.5336   43.5150   38.3829
  QMMM:    24       24      C       41.6508   42.5323   34.3401
  QMMM:    25       25      C       38.5321   44.8512   40.8521
  QMMM:    26       26      C       39.5883   43.3487   39.2718
  QMMM:    27       27      C       39.5909   44.0142   40.4943
  QMMM:    28       28      C       40.2570   44.3407   35.9739
  QMMM:    29       29      C       38.0996   44.3401   32.9017
  QMMM:    30       30      C       38.8187   43.4414   32.1166
  QMMM:    31       31      C       38.5604   44.6369   34.2212
  QMMM:    32       32      C       39.7429   44.0468   34.6891
  QMMM:    33       33      C       40.4685   43.1161   33.8548
  QMMM:    34       34      C       36.3516   46.5641   41.5570
  QMMM:    35       35      N       34.1711   45.5376   32.4841
  QMMM:    36       36      N       36.9409   44.9928   32.4402
  QMMM:    37       37      N       36.3637   45.8608   40.3026
  QMMM:    38       38      N       34.1749   45.4580   37.3176
  QMMM:    39       39      N       32.9714   46.2578   34.8921
  QMMM:    40       40      N       39.9654   42.8257   32.5802
  QMMM:    41       41      O       32.9472   47.1648   38.3041
  QMMM:    42       42      O       36.5211   43.8432   30.4665
  QMMM:    43       43      H       34.6280   45.0235   29.1546
  QMMM:    44       44      H       32.2766   45.9657   29.0919
  QMMM:    45       45      H       30.3152   46.8666   30.3344
  QMMM:    46       46      H       41.6988   42.2623   31.5245
  QMMM:    47       47      H       40.7263   40.8922   32.2447
  QMMM:    48       48      H       40.1138   41.7662   30.7616
  QMMM:    49       49      H       41.8142   43.9975   37.4247
  QMMM:    50       50      H       29.2359   47.4978   32.4915
  QMMM:    51       51      H       29.3393   47.7001   34.9716
  QMMM:    52       52      H       30.6624   47.3987   37.1115
  QMMM:    53       53      H       43.0516   42.3866   35.9740
  QMMM:    54       54      H       36.3767   44.0110   36.8502
  QMMM:    55       55      H       34.4711   46.6507   39.7804
  QMMM:    56       56      H       38.5300   42.9859   37.4184
  QMMM:    57       57      H       42.2232   41.8204   33.7286
  QMMM:    58       58      H       38.5658   45.3575   41.8272
  QMMM:    59       59      H       40.4278   42.6911   39.0002
  QMMM:    60       60      H       40.4287   43.8819   41.1939
  QMMM:    61       61      H       39.7144   45.0550   36.6106
  QMMM:    62       62      H       38.5017   43.1708   31.0913
  QMMM:    63       63      H       38.0122   45.3337   34.8685
  QMMM:    64       64      H       35.4234   47.1874   41.6473
  QMMM:    65       65      H       36.3825   45.8307   42.4086
  QMMM:    66       66      H       37.2498   47.2368   41.6261
  QMMM:    67       67      H       36.5391   45.6128   33.1148
  QMMM:    68       68      H       34.2955   44.9333   36.4744
 
           --------- Calculation Completed ----------
 
