-I: Adding /opt/amber/22/dat/leap/prep to search path.
-I: Adding /opt/amber/22/dat/leap/lib to search path.
-I: Adding /opt/amber/22/dat/leap/parm to search path.
-I: Adding /opt/amber/22/dat/leap/cmd to search path.
-f: Source leap_ff99bsc0.in.

Welcome to LEaP!
(no leaprc in search path)
Sourcing: ./leap_ff99bsc0.in
----- Source: /opt/amber/22/dat/leap/cmd/oldff/leaprc.ff99bsc0
----- Source of /opt/amber/22/dat/leap/cmd/oldff/leaprc.ff99bsc0 done
Log file: ./leap.log
Loading parameters: /opt/amber/22/dat/leap/parm/parm99.dat
Reading title:
PARM99 for DNA,RNA,AA, organic molecules, Polariz.& LP incl.02/04/99
Loading parameters: /opt/amber/22/dat/leap/parm/frcmod.ff99SB
Reading force field modification type file (frcmod)
Reading title:
Modification/update of parm99.dat (Hornak & Simmerling)
Loading parameters: /opt/amber/22/dat/leap/parm/frcmod.parmbsc0
Reading force field modification type file (frcmod)
Reading title:
modifies parm99 for nucleic acids: see http://mmb.pcb.ub.es/PARMBSC0/
Loading library: /opt/amber/22/dat/leap/lib/all_nucleic94.lib
Loading library: /opt/amber/22/dat/leap/lib/all_amino94.lib
Loading library: /opt/amber/22/dat/leap/lib/all_aminoct94.lib
Loading library: /opt/amber/22/dat/leap/lib/all_aminont94.lib
Loading library: /opt/amber/22/dat/leap/lib/DNA_CI.lib
Loading library: /opt/amber/22/dat/leap/lib/ions94.lib
Loading library: /opt/amber/22/dat/leap/lib/solvents.lib
----- Source: /opt/amber/22/dat/leap/cmd/leaprc.water.tip3p
----- Source of /opt/amber/22/dat/leap/cmd/leaprc.water.tip3p done
Loading library: /opt/amber/22/dat/leap/lib/atomic_ions.lib
Loading library: /opt/amber/22/dat/leap/lib/solvents.lib
Loading parameters: /opt/amber/22/dat/leap/parm/frcmod.tip3p
Reading force field modification type file (frcmod)
Reading title:
This is the additional/replacement parameter set for TIP3P water
Loading parameters: /opt/amber/22/dat/leap/parm/frcmod.ions1lm_126_tip3p
Reading force field modification type file (frcmod)
Reading title:
Li/Merz ion parameters of monovalent ions for TIP3P water model (12-6 normal usage set)
Loading parameters: /opt/amber/22/dat/leap/parm/frcmod.ionsjc_tip3p
Reading force field modification type file (frcmod)
Reading title:
Monovalent ion parameters for Ewald and TIP3P water from Joung & Cheatham JPCB (2008)
Loading parameters: /opt/amber/22/dat/leap/parm/frcmod.ions234lm_126_tip3p
Reading force field modification type file (frcmod)
Reading title:
Li/Merz ion parameters of divalent to tetravalent ions for TIP3P water model (12-6 normal usage set)
----- Source: /opt/amber/22/dat/leap/cmd/leaprc.gaff2
----- Source of /opt/amber/22/dat/leap/cmd/leaprc.gaff2 done
Log file: ./leap.log
Loading parameters: /opt/amber/22/dat/leap/parm/gaff2.dat
Reading title:
AMBER General Force Field for organic molecules (Version 2.11, May 2016)
Loading parameters: ./6KFI_ligand.frcmod
Reading force field modification type file (frcmod)
Reading title:
Remark line goes here
Using H(N)-modified Bondi radii
Loading PDB file: ./6KFI_receptor1.pdb
  total atoms in file: 843
Checking Unit.

/opt/amber/22/bin/teLeap: Warning!
The unperturbed charge of the unit (-25.000000) is not zero.

/opt/amber/22/bin/teLeap: Note.
Ignoring the warning from Unit Checking.

Building topology.
Building atom parameters.
Building bond parameters.
Building angle parameters.
Building proper torsion parameters.
Building improper torsion parameters.
 total 148 improper torsions applied
Building H-Bond parameters.
Incorporating Non-Bonded adjustments.
Not Marking per-residue atom chain types.
Marking per-residue atom chain types.
 (no restraints)
Writing pdb file: /home/dejun/workspace/NLmmgbsa/results/dna/6KFI/ff99bsc0/6KFI_receptor_leap_ff99bsc0.pdb
Loading Mol2 file: ./6KFI_ligand.mol2
Reading MOLECULE named MOL
Checking Unit.

/opt/amber/22/bin/teLeap: Warning!
The unperturbed charge of the unit (3.005998) is not zero.

/opt/amber/22/bin/teLeap: Note.
Ignoring the warning from Unit Checking.

Building topology.
Building atom parameters.
Building bond parameters.
Building angle parameters.
Building proper torsion parameters.
Building improper torsion parameters.
 total 37 improper torsions applied
Building H-Bond parameters.
Incorporating Non-Bonded adjustments.
Not Marking per-residue atom chain types.
Marking per-residue atom chain types.
  (Residues lacking connect0/connect1 - 
   these don't have chain types marked:

	res	total affected

	MOL	1
  )
 (no restraints)
Writing pdb file: /home/dejun/workspace/NLmmgbsa/results/dna/6KFI/ff99bsc0/6KFI_ligand_leap_ff99bsc0.pdb
Checking Unit.

/opt/amber/22/bin/teLeap: Warning!
The unperturbed charge of the unit (-21.994002) is not zero.

/opt/amber/22/bin/teLeap: Note.
Ignoring the warning from Unit Checking.

Building topology.
Building atom parameters.
Building bond parameters.
Building angle parameters.
Building proper torsion parameters.
Building improper torsion parameters.
 total 185 improper torsions applied
Building H-Bond parameters.
Incorporating Non-Bonded adjustments.
Not Marking per-residue atom chain types.
Marking per-residue atom chain types.
  (Residues lacking connect0/connect1 - 
   these don't have chain types marked:

	res	total affected

	MOL	1
  )
 (no restraints)
Writing pdb file: /home/dejun/workspace/NLmmgbsa/results/dna/6KFI/ff99bsc0/6KFI_complex_leap_ff99bsc0.pdb
  Solute vdw bounding box:              41.062 37.619 29.288
  Total bounding box for atom centers:  57.062 53.619 45.288
  Solvent unit box:                     18.774 18.774 18.774
  Total vdw box size:                   59.898 56.570 48.362 angstroms.
  Volume: 163870.064 A^3 
  Total mass 73201.296 amu,  Density 0.742 g/cc
  Added 3577 residues.

/opt/amber/22/bin/teLeap: Warning!
addIons: 1st Ion & target unit have charges of the same sign:
     unit charge = -21.994; ion1 charge = -1;
     can't neutralize.
22 Na+ ions required to neutralize.
Adding 22 counter ions to "complex" using 1A grid
Grid extends from solute vdw + 3.89  to  9.99
Resolution:      1.00 Angstrom.
Solvent present: replacing closest with ion
	 when steric overlaps occur
Calculating grid charges
(Replacing solvent molecule)
Placed Na+ in complex at (-2.22, -8.20, 10.32).
(Replacing solvent molecule)
Placed Na+ in complex at (15.68, 8.36, -2.20).
(Replacing solvent molecule)
Placed Na+ in complex at (-3.13, -8.27, -11.69).
(Replacing solvent molecule)
Placed Na+ in complex at (9.49, 11.59, 7.30).
(Replacing solvent molecule)
Placed Na+ in complex at (7.27, 17.62, -7.37).
(Replacing solvent molecule)
Placed Na+ in complex at (-7.56, 2.29, 10.81).
(Replacing solvent molecule)
Placed Na+ in complex at (3.35, -10.75, -9.85).
(Replacing solvent molecule)
Placed Na+ in complex at (21.85, -0.84, -4.00).
(Replacing solvent molecule)
Placed Na+ in complex at (11.21, 2.29, 10.81).
(Replacing solvent molecule)
Placed Na+ in complex at (14.24, -2.52, -15.14).
(Replacing solvent molecule)
Placed Na+ in complex at (-7.00, -10.59, 5.12).
(Replacing solvent molecule)
Placed Na+ in complex at (-1.01, 15.31, 7.52).
(Replacing solvent molecule)
Placed Na+ in complex at (6.66, -11.45, 0.80).
(Replacing solvent molecule)
Placed Na+ in complex at (6.37, 0.27, 17.27).
(Replacing solvent molecule)
Placed Na+ in complex at (6.73, 16.61, 0.38).
(Replacing solvent molecule)
Placed Na+ in complex at (4.70, -5.81, -16.12).
(Replacing solvent molecule)
Placed Na+ in complex at (19.98, 6.96, 7.12).
(Replacing solvent molecule)
Placed Na+ in complex at (-13.73, -2.77, 6.73).
(Replacing solvent molecule)
Placed Na+ in complex at (-1.68, 20.15, -13.10).
(Replacing solvent molecule)
Placed Na+ in complex at (-16.13, -8.85, -11.72).
(Replacing solvent molecule)
Placed Na+ in complex at (20.70, -5.71, 2.69).
(Replacing solvent molecule)
Placed Na+ in complex at (-19.37, 4.63, 10.28).

Done adding ions.
Checking Unit.
Building topology.
Building atom parameters.
Building bond parameters.
Building angle parameters.
Building proper torsion parameters.
Building improper torsion parameters.
 total 185 improper torsions applied
Building H-Bond parameters.
Incorporating Non-Bonded adjustments.
Not Marking per-residue atom chain types.
Marking per-residue atom chain types.
  (Residues lacking connect0/connect1 - 
   these don't have chain types marked:

	res	total affected

	MOL	1
	WAT	3555
  )
 (no restraints)
Writing pdb file: /home/dejun/workspace/NLmmgbsa/results/dna/6KFI/ff99bsc0/6KFI_complex_solv_leap_ff99bsc0.pdb
   printing CRYST1 record to PDB file with box info
	Quit

Exiting LEaP: Errors = 0; Warnings = 4; Notes = 3.
