            --------------------------------------------------------
                             AMBER SQM VERSION 19
 
                                     By
              Ross C. Walker, Michael F. Crowley, Scott Brozell,
                         Tim Giese, Andreas W. Goetz,
                        Tai-Sung Lee and David A. Case
 
            --------------------------------------------------------
 

--------------------------------------------------------------------------------
  QM CALCULATION INFO
--------------------------------------------------------------------------------

| QMMM: Citation for AMBER QMMM Run:
| QMMM: R.C. Walker, M.F. Crowley and D.A. Case, J. COMP. CHEM. 29:1019, 2008

QMMM: SINGLET STATE CALCULATION
QMMM: RHF CALCULATION, NO. OF DOUBLY OCCUPIED LEVELS = 83

| QMMM: *** Selected Hamiltonian *** 
| QMMM: AM1         

| QMMM: *** Parameter sets in use ***
| QMMM: C : M.J.S.DEWAR et al. JACS, 107, 3902, (1985)
| QMMM: N : M.J.S.DEWAR et al. JACS, 107, 3902, (1985)
| QMMM: O : M.J.S.DEWAR et al. JACS, 107, 3902, (1985)
| QMMM: H : M.J.S.DEWAR et al. JACS, 107, 3902, (1985)

| QMMM: *** SCF convergence criteria ***
| QMMM: Energy change                :  0.1D-09 kcal/mol
| QMMM: Error matrix |FP-PF|         :  0.1D+00 au
| QMMM: Density matrix change        :  0.5D-06
| QMMM: Maximum number of SCF cycles :     1000
 
| QMMM: *** Diagonalization Routine Information ***
| QMMM: Pseudo diagonalizations are allowed.
| QMMM: Auto diagonalization routine selection is in use.
| QMMM:
| QMMM: Timing diagonalization routines:
| QMMM:                              norbs =      152
| QMMM:    diag iterations used for timing =        5
| QMMM:
| QMMM:              Internal diag routine = 0.081125 seconds
| QMMM:                 Dspev diag routine = 2.340867 seconds
| QMMM:                Dspevd diag routine = 0.640207 seconds
| QMMM:                Dspevx diag routine = 2.535179 seconds
| QMMM:                 Dsyev diag routine = 3.818059 seconds
| QMMM:                Dsyevd diag routine = 1.061284 seconds
| QMMM:                Dsyevr diag routine = 1.139466 seconds
| QMMM:
| QMMM:                Pseudo diag routine = 0.006535 seconds
| QMMM:
| QMMM: Using internal diagonalization routine (diag_routine=1).

  QMMM: QM Region Cartesian Coordinates (*=link atom) 
  QMMM: QM_NO.   MM_NO.  ATOM         X         Y         Z
  QMMM:     1        1      C       12.3930   16.8960   85.4860
  QMMM:     2        2      N       13.6800   16.9250   85.6670
  QMMM:     3        3      N       11.6060   16.6400   86.5430
  QMMM:     4        4      N       11.8410   17.0730   84.3090
  QMMM:     5        5      C       12.2970   17.4860   83.0580
  QMMM:     6        6      C       11.0050   17.7950   82.2490
  QMMM:     7        7      O       10.1230   16.9210   82.2820
  QMMM:     8        8      N       10.9740   18.9340   81.6140
  QMMM:     9        9      C        9.9300   19.4990   80.8450
  QMMM:    10       10      C       10.1790   20.4530   79.9150
  QMMM:    11       11      C        8.9890   20.8320   79.3460
  QMMM:    12       12      N        8.0190   20.1060   79.9620
  QMMM:    13       13      C        6.5560   20.0810   79.7740
  QMMM:    14       14      C        8.5990   19.2890   80.9180
  QMMM:    15       15      C        8.7040   21.7850   78.2500
  QMMM:    16       16      O        7.5600   22.2140   77.9950
  QMMM:    17       17      N        9.6930   22.2270   77.4470
  QMMM:    18       18      C        9.4250   23.1260   76.3300
  QMMM:    19       19      C       10.3860   23.4850   75.3670
  QMMM:    20       20      C        9.7950   24.2900   74.4040
  QMMM:    21       21      N        8.4390   24.4090   74.8790
  QMMM:    22       22      C        7.4170   25.2100   74.2230
  QMMM:    23       23      C        8.2560   23.7160   75.9890
  QMMM:    24       24      C       10.1080   25.0450   73.2340
  QMMM:    25       25      O        9.4530   26.0930   72.9390
  QMMM:    26       26      N       11.0990   24.7810   72.3570
  QMMM:    27       27      C       11.1550   25.7210   71.1470
  QMMM:    28       28      C       12.4220   25.9240   70.4510
  QMMM:    29       29      C       13.0560   24.6820   69.8430
  QMMM:    30       30      N       14.2030   24.7680   69.1740
  QMMM:    31       31      N       12.4850   23.5220   70.0030
  QMMM:    32       32      H       14.2950   17.1150   84.8890
  QMMM:    33       33      H       14.0650   16.7570   86.5860
  QMMM:    34       34      H       10.6030   16.6120   86.4300
  QMMM:    35       35      H       12.0170   16.4760   87.4510
  QMMM:    36       36      H       10.8550   16.8930   84.1810
  QMMM:    37       37      H       12.8350   16.6660   82.5810
  QMMM:    38       38      H       12.8800   18.4000   83.1700
  QMMM:    39       39      H       11.7770   19.5460   81.6350
  QMMM:    40       40      H       11.1920   20.7820   79.7370
  QMMM:    41       41      H        6.1130   19.3600   80.4620
  QMMM:    42       42      H        6.1470   21.0710   79.9730
  QMMM:    43       43      H        6.3260   19.7930   78.7480
  QMMM:    44       44      H        8.2020   18.5860   81.6360
  QMMM:    45       45      H       10.6460   21.9360   77.6120
  QMMM:    46       46      H       11.4020   23.1310   75.4600
  QMMM:    47       47      H        6.4820   25.1330   74.7780
  QMMM:    48       48      H        7.7350   26.2520   74.1920
  QMMM:    49       49      H        7.2670   24.8460   73.2060
  QMMM:    50       50      H        7.3790   23.5720   76.6030
  QMMM:    51       51      H       11.7320   24.0120   72.5260
  QMMM:    52       52      H       10.7480   26.6910   71.4320
  QMMM:    53       53      H       10.3990   25.4150   70.4240
  QMMM:    54       54      H       13.1330   26.3950   71.1290
  QMMM:    55       55      H       12.2890   26.6770   69.6740
  QMMM:    56       56      H       14.6170   23.9390   68.7730
  QMMM:    57       57      H       14.6590   25.6630   69.0670
  QMMM:    58       58      H       12.9020   22.6940   69.6010
  QMMM:    59       59      H       11.6260   23.4500   70.5290

--------------------------------------------------------------------------------
  RESULTS
--------------------------------------------------------------------------------

      iter         sqm energy              rms gradient
      ----    -------------------    -----------------------
xmin    10      319.9604 kcal/mol        0.9387 kcal/(mol*A)
xmin    20      311.8158 kcal/mol        1.5233 kcal/(mol*A)
xmin    30      309.3942 kcal/mol        0.7208 kcal/(mol*A)
xmin    40      308.9144 kcal/mol        0.1659 kcal/(mol*A)
xmin    50      308.8175 kcal/mol        0.0848 kcal/(mol*A)
xmin    60      308.7820 kcal/mol        0.0741 kcal/(mol*A)
xmin    70      308.7695 kcal/mol        0.0402 kcal/(mol*A)
xmin    80      308.7584 kcal/mol        0.0517 kcal/(mol*A)
xmin    90      308.7462 kcal/mol        0.0249 kcal/(mol*A)
xmin   100      308.7406 kcal/mol        0.0399 kcal/(mol*A)
xmin   110      308.7378 kcal/mol        0.0249 kcal/(mol*A)
xmin   120      308.7360 kcal/mol        0.0080 kcal/(mol*A)
xmin   130      308.7353 kcal/mol        0.0056 kcal/(mol*A)
xmin   140      308.7351 kcal/mol        0.0042 kcal/(mol*A)
xmin   150      308.7351 kcal/mol        0.0007 kcal/(mol*A)
xmin   160      308.7351 kcal/mol        0.0032 kcal/(mol*A)
xmin   170      308.7351 kcal/mol        0.0019 kcal/(mol*A)
xmin   180      308.7351 kcal/mol        0.0011 kcal/(mol*A)
xmin   180      308.7351 kcal/mol        0.0005 kcal/(mol*A)
  ... geometry converged !
 
 Final MO eigenvalues (eV):
 -45.9856  -45.5401  -45.2202  -44.9828  -43.9025  -43.3680  -42.3597  -40.6559
 -40.3832  -39.9833  -39.5381  -39.4890  -39.2032  -37.0893  -36.6108  -35.8923
 -34.2857  -33.5264  -32.7035  -30.7184  -30.5205  -30.2651  -28.7476  -28.0241
 -27.6277  -27.1420  -26.8548  -25.8338  -25.4869  -25.1291  -24.7719  -24.6556
 -24.4956  -24.2009  -23.6044  -22.8611  -22.5150  -22.4811  -22.3847  -22.1358
 -22.0789  -21.8085  -21.7551  -21.3058  -20.9146  -20.6927  -20.4673  -20.4489
 -20.2528  -19.8604  -19.8495  -19.7432  -19.5239  -19.4314  -19.1117  -18.9373
 -18.8077  -18.5073  -18.3741  -18.2606  -18.1781  -18.1678  -17.9320  -17.2033
 -17.1666  -17.0519  -16.7910  -16.7821  -16.6752  -16.5995  -16.5288  -16.4909
 -16.0621  -15.5202  -15.4348  -15.3619  -15.0631  -14.7888  -14.4545  -13.0587
 -13.0012  -12.2973  -11.9205   -5.3517   -5.3006   -4.9680   -4.0732   -3.7986
  -3.6405   -3.4830   -3.2965   -3.2099   -2.9764   -2.7545   -2.6395   -2.5353
  -2.2153   -2.0918   -2.0011   -1.8321   -1.7218   -1.6209   -1.4612   -1.4369
  -1.3793   -1.3095   -1.1969   -1.1693   -1.0061   -0.8594   -0.7511   -0.6920
  -0.5065   -0.4983   -0.4410   -0.2839   -0.2042   -0.1854   -0.1643    0.1071
   0.1552    0.4215    0.4437    0.4710    0.4838    0.4992    0.5339    0.5748
   0.5952    0.7242    0.7551    0.7959    0.8602    0.8778    0.9787    0.9890
   1.0164    1.0898    1.2452    1.3861    1.6355    1.8442    1.9397    2.0852
   2.2158    2.3012    2.5224    2.5725    2.6564    2.6923    2.7942    3.5498


 Heat of formation   =        308.73505324 kcal/mol  (       13.38775653 eV)

 Total SCF energy    =    -131589.93919528 kcal/mol  (    -5706.16795435 eV)
 Electronic energy   =    -991217.49341280 kcal/mol  (   -42982.41591487 eV)
 Core-core repulsion =     859627.55421752 kcal/mol  (    37276.24796052 eV)
 
    Atomic Charges for Step       1 :
  Atom    Element       Mulliken Charge
     1      C                  0.398
     2      N                 -0.368
     3      N                 -0.362
     4      N                 -0.312
     5      C                 -0.069
     6      C                  0.298
     7      O                 -0.355
     8      N                 -0.259
     9      C                 -0.068
    10      C                 -0.169
    11      C                 -0.128
    12      N                 -0.065
    13      C                 -0.089
    14      C                 -0.088
    15      C                  0.383
    16      O                 -0.364
    17      N                 -0.292
    18      C                 -0.022
    19      C                 -0.161
    20      C                 -0.177
    21      N                 -0.061
    22      C                 -0.086
    23      C                 -0.079
    24      C                  0.392
    25      O                 -0.424
    26      N                 -0.385
    27      C                 -0.037
    28      C                 -0.186
    29      C                  0.286
    30      N                 -0.333
    31      N                 -0.294
    32      H                  0.274
    33      H                  0.281
    34      H                  0.284
    35      H                  0.281
    36      H                  0.304
    37      H                  0.125
    38      H                  0.123
    39      H                  0.243
    40      H                  0.154
    41      H                  0.107
    42      H                  0.124
    43      H                  0.117
    44      H                  0.210
    45      H                  0.240
    46      H                  0.149
    47      H                  0.115
    48      H                  0.119
    49      H                  0.104
    50      H                  0.220
    51      H                  0.235
    52      H                  0.120
    53      H                  0.130
    54      H                  0.138
    55      H                  0.156
    56      H                  0.269
    57      H                  0.278
    58      H                  0.265
    59      H                  0.315
 Total Mulliken Charge =       2.000
 
                  X        Y        Z     TOTAL  
  QM DIPOLE   118.269  201.640  748.768  784.410
 
 Final Structure

  QMMM: QM Region Cartesian Coordinates (*=link atom) 
  QMMM: QM_NO.   MM_NO.  ATOM         X         Y         Z
  QMMM:     1        1      C       12.4752   16.9332   85.8255
  QMMM:     2        2      N       13.7162   17.5157   85.9570
  QMMM:     3        3      N       12.0425   16.0285   86.7692
  QMMM:     4        4      N       11.6591   17.2351   84.7587
  QMMM:     5        5      C       11.9950   18.1962   83.7358
  QMMM:     6        6      C       10.8246   18.3567   82.7305
  QMMM:     7        7      O        9.7725   17.7058   82.8884
  QMMM:     8        8      N       11.0457   19.2283   81.6973
  QMMM:     9        9      C       10.0851   19.5486   80.7344
  QMMM:    10       10      C       10.2509   20.5154   79.6822
  QMMM:    11       11      C        9.0425   20.5341   78.9574
  QMMM:    12       12      N        8.1591   19.6103   79.5320
  QMMM:    13       13      C        6.8152   19.3589   79.0998
  QMMM:    14       14      C        8.7781   19.0055   80.6071
  QMMM:    15       15      C        8.6541   21.3831   77.8107
  QMMM:    16       16      O        7.4595   21.5331   77.4816
  QMMM:    17       17      N        9.6838   22.0094   77.1231
  QMMM:    18       18      C        9.4783   22.8701   76.0505
  QMMM:    19       19      C       10.4900   23.3966   75.1838
  QMMM:    20       20      C        9.8380   24.2379   74.2490
  QMMM:    21       21      N        8.4618   24.2274   74.5278
  QMMM:    22       22      C        7.4597   24.9707   73.8237
  QMMM:    23       23      C        8.2313   23.4084   75.6104
  QMMM:    24       24      C       10.4183   25.0307   73.1675
  QMMM:    25       25      O        9.7375   25.7917   72.4362
  QMMM:    26       26      N       11.7837   24.8935   72.9135
  QMMM:    27       27      C       12.5016   25.8989   72.1851
  QMMM:    28       28      C       13.0882   25.4234   70.8511
  QMMM:    29       29      C       12.0815   24.9592   69.8046
  QMMM:    30       30      N       12.5284   24.1138   68.8421
  QMMM:    31       31      N       10.8220   25.4241   69.8152
  QMMM:    32       32      H       14.0476   18.1678   85.2842
  QMMM:    33       33      H       14.3068   17.2905   86.7261
  QMMM:    34       34      H       11.1471   15.5983   86.6937
  QMMM:    35       35      H       12.6192   15.7791   87.5414
  QMMM:    36       36      H       10.7477   16.8098   84.6814
  QMMM:    37       37      H       12.9101   17.8474   83.1744
  QMMM:    38       38      H       12.2009   19.2024   84.2046
  QMMM:    39       39      H       11.9039   19.7276   81.6422
  QMMM:    40       40      H       11.1306   21.1235   79.4964
  QMMM:    41       41      H        6.3861   18.5045   79.6856
  QMMM:    42       42      H        6.1918   20.2827   79.2531
  QMMM:    43       43      H        6.8127   19.1123   78.0033
  QMMM:    44       44      H        8.2863   18.2421   81.2181
  QMMM:    45       45      H       10.6259   21.8261   77.3782
  QMMM:    46       46      H       11.5542   23.1897   75.2412
  QMMM:    47       47      H        6.4574   24.7879   74.2937
  QMMM:    48       48      H        7.7056   26.0672   73.8610
  QMMM:    49       49      H        7.4391   24.6500   72.7471
  QMMM:    50       50      H        7.2290   23.2266   76.0157
  QMMM:    51       51      H       12.3173   24.3428   73.5475
  QMMM:    52       52      H       13.3855   26.2487   72.8003
  QMMM:    53       53      H       11.8419   26.8005   72.0146
  QMMM:    54       54      H       13.8218   24.5939   71.0493
  QMMM:    55       55      H       13.6540   26.2876   70.3992
  QMMM:    56       56      H       11.9492   23.7791   68.1031
  QMMM:    57       57      H       13.4825   23.8252   68.8494
  QMMM:    58       58      H       10.1389   25.1419   69.1439
  QMMM:    59       59      H       10.4976   25.9914   70.5848
 
           --------- Calculation Completed ----------
 
