
Working on structure 1
Fixing common structure mistakes...
  No mistakes were found
Pre-treating metals...
Done treating metals
Assigning bond orders...
  Using CCD: False
  No bond orders were changed
Removing and re-adding hydrogens...
Treating metals...
Finding het groups...
Coloring atoms by element (green carbons in hets)...
Finding het groups (for Epik)...
Processing 1 het groups...
  Using Epik with pH: 7.0
        and pH Range: 2.0
  Max states per het: 1
Running Epik on 1 het groups...
  Waiting for epik...
  Het A:B2U (101): keeping 1 of 2 states:
    State penalty: 0.17 kcal/mol; H-Bond count: 1; Q: -1
Deleting far waters...
done deleting waters
Idealizing hydrogen temperature factor...
done with preparation
Writing to file...
DONE. Output file: 6J2W_mae_ligand.mae
