            --------------------------------------------------------
                             AMBER SQM VERSION 19
 
                                     By
              Ross C. Walker, Michael F. Crowley, Scott Brozell,
                         Tim Giese, Andreas W. Goetz,
                        Tai-Sung Lee and David A. Case
 
            --------------------------------------------------------
 

--------------------------------------------------------------------------------
  QM CALCULATION INFO
--------------------------------------------------------------------------------

| QMMM: Citation for AMBER QMMM Run:
| QMMM: R.C. Walker, M.F. Crowley and D.A. Case, J. COMP. CHEM. 29:1019, 2008

QMMM: SINGLET STATE CALCULATION
QMMM: RHF CALCULATION, NO. OF DOUBLY OCCUPIED LEVELS = 72

| QMMM: *** Selected Hamiltonian *** 
| QMMM: AM1         

| QMMM: *** Parameter sets in use ***
| QMMM: C : M.J.S.DEWAR et al. JACS, 107, 3902, (1985)
| QMMM: O : M.J.S.DEWAR et al. JACS, 107, 3902, (1985)
| QMMM: N : M.J.S.DEWAR et al. JACS, 107, 3902, (1985)
| QMMM: Cl: M.J.S.DEWAR et al. THEOCHEM, 180, 1, (1988)
| QMMM: H : M.J.S.DEWAR et al. JACS, 107, 3902, (1985)

| QMMM: *** SCF convergence criteria ***
| QMMM: Energy change                :  0.1D-09 kcal/mol
| QMMM: Error matrix |FP-PF|         :  0.1D+00 au
| QMMM: Density matrix change        :  0.5D-06
| QMMM: Maximum number of SCF cycles :     1000
 
| QMMM: *** Diagonalization Routine Information ***
| QMMM: Pseudo diagonalizations are allowed.
| QMMM: Auto diagonalization routine selection is in use.
| QMMM:
| QMMM: Timing diagonalization routines:
| QMMM:                              norbs =      129
| QMMM:    diag iterations used for timing =       10
| QMMM:
| QMMM:              Internal diag routine = 0.052277 seconds
| QMMM:                 Dspev diag routine = 2.242955 seconds
| QMMM:                Dspevd diag routine = 1.545774 seconds
| QMMM:                Dspevx diag routine = 3.397134 seconds
| QMMM:                 Dsyev diag routine = 2.868483 seconds
| QMMM:                Dsyevd diag routine = 3.226103 seconds
| QMMM:                Dsyevr diag routine = 2.118520 seconds
| QMMM:
| QMMM:                Pseudo diag routine = 0.008145 seconds
| QMMM:
| QMMM: Using internal diagonalization routine (diag_routine=1).

  QMMM: QM Region Cartesian Coordinates (*=link atom) 
  QMMM: QM_NO.   MM_NO.  ATOM         X         Y         Z
  QMMM:     1        1      C       -6.1350   -3.5530   13.6850
  QMMM:     2        2      C       -7.1370   -4.2610   14.3380
  QMMM:     3        3      C       -8.4590   -3.8410   14.2440
  QMMM:     4        4      C       -8.7790   -2.7140   13.4960
  QMMM:     5        5      C       -7.7770   -2.0070   12.8430
  QMMM:     6        6      C       -6.4550   -2.4270   12.9370
  QMMM:     7        7      C       -5.4510   -1.7100   12.2950
  QMMM:     8        8      C       -5.6410   -1.8050   10.7800
  QMMM:     9        9      C       -5.7810   -3.2730   10.3730
  QMMM:    10       10      O       -6.9410   -3.7280   10.2750
  QMMM:    11       11      O       -4.7240   -3.9080   10.1690
  QMMM:    12       12      N       -4.4790   -1.2160   10.1010
  QMMM:    13       13      C       -4.2950    0.1110   10.0570
  QMMM:    14       14      O       -5.1120    0.9330   10.4700
  QMMM:    15       15      C       -3.0930    0.5200    9.4920
  QMMM:    16       16      C       -1.8990    0.3270   10.1790
  QMMM:    17       17      C       -0.7060    0.7930    9.6410
  QMMM:    18       18      Cl       0.7810    0.4990   10.4640
  QMMM:    19       19      C       -0.7060    1.4850    8.4350
  QMMM:    20       20      C        0.4560    2.1240    8.0160
  QMMM:    21       21      C        0.1550    3.0170    6.8250
  QMMM:    22       22      C        1.4660    3.4560    6.1690
  QMMM:    23       23      O       -0.6350    2.2870    5.8760
  QMMM:    24       24      C       -1.8720    2.0740    6.3990
  QMMM:    25       25      O       -2.9190    2.2630    5.7820
  QMMM:    26       26      C       -1.8910    1.6170    7.7120
  QMMM:    27       27      C       -3.0810    1.1420    8.2510
  QMMM:    28       28      O       -3.9500    0.6090    7.3500
  QMMM:    29       29      H       -5.1080   -3.8780   13.7590
  QMMM:    30       30      H       -6.8890   -5.1370   14.9180
  QMMM:    31       31      H       -9.2380   -4.3900   14.7520
  QMMM:    32       32      H       -9.8060   -2.3880   13.4230
  QMMM:    33       33      H       -8.0250   -1.1310   12.2620
  QMMM:    34       34      H       -4.4790   -2.1240   12.5660
  QMMM:    35       35      H       -5.4980   -0.6650   12.6020
  QMMM:    36       36      H       -6.5420   -1.2620   10.4930
  QMMM:    37       37      H       -3.8110   -1.8330    9.6620
  QMMM:    38       38      H       -1.9000   -0.1850   11.1300
  QMMM:    39       39      H        1.1980    1.3780    7.7320
  QMMM:    40       40      H        0.8520    2.7280    8.8320
  QMMM:    41       41      H       -0.3970    3.8960    7.1590
  QMMM:    42       42      H        1.2480    4.0970    5.3140
  QMMM:    43       43      H        2.0680    4.0070    6.8920
  QMMM:    44       44      H        2.0170    2.5780    5.8330
  QMMM:    45       45      H       -3.8850    1.0880    6.5210

--------------------------------------------------------------------------------
  RESULTS
--------------------------------------------------------------------------------

      iter         sqm energy              rms gradient
      ----    -------------------    -----------------------
xmin    10      -12.7857 kcal/mol        2.7480 kcal/(mol*A)
xmin    20      -25.1142 kcal/mol        0.8823 kcal/(mol*A)
xmin    30      -26.1709 kcal/mol        0.9041 kcal/(mol*A)
xmin    40      -27.1795 kcal/mol        1.2756 kcal/(mol*A)
xmin    50      -28.3732 kcal/mol        0.8923 kcal/(mol*A)
xmin    60      -29.2224 kcal/mol        1.0429 kcal/(mol*A)
xmin    70      -30.4974 kcal/mol        1.3667 kcal/(mol*A)
xmin    80      -31.6879 kcal/mol        1.4477 kcal/(mol*A)
xmin    90      -32.0948 kcal/mol        0.2712 kcal/(mol*A)
xmin   100      -32.2897 kcal/mol        0.5442 kcal/(mol*A)
xmin   110      -32.3419 kcal/mol        0.1300 kcal/(mol*A)
xmin   120      -32.4089 kcal/mol        0.1148 kcal/(mol*A)
xmin   130      -32.5898 kcal/mol        0.9480 kcal/(mol*A)
xmin   140      -35.3135 kcal/mol        0.9794 kcal/(mol*A)
xmin   150      -36.2604 kcal/mol        0.6919 kcal/(mol*A)
xmin   160      -36.7303 kcal/mol        0.7165 kcal/(mol*A)
xmin   170      -36.9141 kcal/mol        0.1205 kcal/(mol*A)
xmin   180      -36.9493 kcal/mol        0.1034 kcal/(mol*A)
xmin   190      -37.0368 kcal/mol        0.3490 kcal/(mol*A)
xmin   200      -37.0698 kcal/mol        0.2057 kcal/(mol*A)
xmin   210      -37.0810 kcal/mol        0.0450 kcal/(mol*A)
xmin   220      -37.0902 kcal/mol        0.1211 kcal/(mol*A)
xmin   230      -37.0958 kcal/mol        0.1124 kcal/(mol*A)
xmin   240      -37.1038 kcal/mol        0.0548 kcal/(mol*A)
xmin   250      -37.1087 kcal/mol        0.0480 kcal/(mol*A)
xmin   260      -37.1093 kcal/mol        0.0080 kcal/(mol*A)
xmin   270      -37.1095 kcal/mol        0.0065 kcal/(mol*A)
xmin   280      -37.1096 kcal/mol        0.0027 kcal/(mol*A)
xmin   290      -37.1096 kcal/mol        0.0028 kcal/(mol*A)
xmin   300      -37.1096 kcal/mol        0.0036 kcal/(mol*A)
xmin   310      -37.1096 kcal/mol        0.0012 kcal/(mol*A)
xmin   320      -37.1096 kcal/mol        0.0020 kcal/(mol*A)
xmin   330      -37.1096 kcal/mol        0.0016 kcal/(mol*A)
xmin   340      -37.1096 kcal/mol        0.0017 kcal/(mol*A)
xmin   350      -37.1096 kcal/mol        0.0011 kcal/(mol*A)
xmin   350      -37.1096 kcal/mol        0.0004 kcal/(mol*A)
  ... geometry converged !
 
 Final MO eigenvalues (eV):
 -45.7048  -44.8078  -44.1699  -43.1448  -42.9077  -42.8375  -42.1959  -41.5130
 -40.6975  -40.1648  -37.7967  -37.3244  -35.6648  -34.4653  -34.4058  -32.8128
 -31.5018  -28.9639  -28.8578  -27.2448  -26.5466  -26.3670  -26.1086  -25.7102
 -25.2527  -24.0760  -23.2668  -22.8194  -22.2544  -21.5815  -21.2619  -21.2448
 -21.1183  -21.1063  -20.6955  -20.5294  -20.2977  -19.7990  -19.4982  -19.3860
 -19.1556  -19.0177  -18.8731  -18.7300  -18.3096  -18.1571  -17.7094  -17.6757
 -17.4271  -17.1313  -17.0542  -17.0046  -16.6661  -16.5971  -16.2891  -16.2067
 -16.1764  -16.1551  -15.9623  -15.9494  -15.3530  -15.1921  -15.1311  -15.0172
 -14.9040  -14.7797  -14.0986  -14.0534  -13.6541  -12.7076  -12.6182  -12.6011
  -5.3245   -4.2700   -3.7689   -3.4068   -2.8971   -2.6754   -2.3577   -2.0475
  -2.0355   -1.8675   -1.8125   -1.5242   -1.2500   -1.0749   -0.9889   -0.9471
  -0.8333   -0.7073   -0.3050   -0.2183   -0.0959   -0.0329    0.0252    0.0592
   0.4386    0.4548    0.4813    0.5487    0.6824    0.7088    0.8076    0.9547
   0.9974    1.0871    1.1255    1.2209    1.4478    1.4603    1.5258    1.6391
   1.6440    1.6504    1.7063    1.9218    2.0627    2.1459    2.1933    2.2729
   2.4778    2.4939    2.5917    2.6650    2.8538    3.0417    3.1528    3.6488
   3.7147

 Heat of formation   =        -37.10961578 kcal/mol  (       -1.60919369 eV)

 Total SCF energy    =    -122018.88833919 kcal/mol  (    -5291.13604524 eV)
 Electronic energy   =    -854003.70559068 kcal/mol  (   -37032.37958418 eV)
 Core-core repulsion =     731984.81725148 kcal/mol  (    31741.24353894 eV)
 
    Atomic Charges for Step       1 :
  Atom    Element       Mulliken Charge
     1      C                 -0.106
     2      C                 -0.117
     3      C                 -0.092
     4      C                 -0.115
     5      C                 -0.118
     6      C                 -0.138
     7      C                 -0.149
     8      C                  0.185
     9      C                  0.443
    10      O                 -0.134
    11      O                 -0.306
    12      N                 -0.189
    13      C                  0.367
    14      O                 -0.236
    15      C                 -0.218
    16      C                  0.008
    17      C                 -0.123
    18      Cl                 0.055
    19      C                  0.081
    20      C                 -0.189
    21      C                  0.037
    22      C                 -0.220
    23      O                 -0.213
    24      C                  0.359
    25      O                 -0.329
    26      C                 -0.237
    27      C                  0.218
    28      O                 -0.289
    29      H                  0.137
    30      H                  0.154
    31      H                  0.156
    32      H                  0.155
    33      H                  0.134
    34      H                  0.148
    35      H                  0.164
    36      H                  0.216
    37      H                  0.304
    38      H                  0.185
    39      H                  0.143
    40      H                  0.144
    41      H                  0.109
    42      H                  0.115
    43      H                  0.101
    44      H                  0.100
    45      H                  0.299
 Total Mulliken Charge =       1.000
 
                  X        Y        Z     TOTAL  
  QM DIPOLE   -17.972   -2.028   53.650   56.617
 
 Final Structure

  QMMM: QM Region Cartesian Coordinates (*=link atom) 
  QMMM: QM_NO.   MM_NO.  ATOM         X         Y         Z
  QMMM:     1        1      C       -7.7717   -2.9402   11.6328
  QMMM:     2        2      C       -9.1479   -2.9863   11.8533
  QMMM:     3        3      C       -9.6626   -2.7323   13.1249
  QMMM:     4        4      C       -8.7993   -2.4345   14.1810
  QMMM:     5        5      C       -7.4234   -2.3888   13.9665
  QMMM:     6        6      C       -6.9058   -2.6391   12.6897
  QMMM:     7        7      C       -5.4340   -2.6212   12.4626
  QMMM:     8        8      C       -4.9510   -1.2119   12.3935
  QMMM:     9        9      C       -2.4854   -4.2992    9.8415
  QMMM:    10       10      O       -1.8883   -5.1487    9.2776
  QMMM:    11       11      O       -3.0909   -3.4409   10.4177
  QMMM:    12       12      N       -4.0811   -0.7599   11.5217
  QMMM:    13       13      C       -3.6302    0.6327   11.4984
  QMMM:    14       14      O       -4.0384    1.3590   12.4054
  QMMM:    15       15      C       -2.6940    1.0372   10.4424
  QMMM:    16       16      C       -1.7922    2.0605   10.7827
  QMMM:    17       17      C       -0.8690    2.5396    9.8557
  QMMM:    18       18      Cl       0.2079    3.7524   10.3386
  QMMM:    19       19      C       -0.8422    2.0192    8.5496
  QMMM:    20       20      C        0.1266    2.4954    7.5290
  QMMM:    21       21      C       -0.4265    2.3478    6.1184
  QMMM:    22       22      C        0.6411    2.5919    5.0705
  QMMM:    23       23      O       -0.9158    1.0120    5.8662
  QMMM:    24       24      C       -1.6572    0.4213    6.8400
  QMMM:    25       25      O       -2.1938   -0.6348    6.4805
  QMMM:    26       26      C       -1.7411    1.0011    8.1924
  QMMM:    27       27      C       -2.6745    0.5099    9.1298
  QMMM:    28       28      O       -3.5889   -0.4593    8.8478
  QMMM:    29       29      H       -7.3720   -3.1522   10.6295
  QMMM:    30       30      H       -9.8276   -3.2281   11.0211
  QMMM:    31       31      H      -10.7501   -2.7712   13.2973
  QMMM:    32       32      H       -9.2044   -2.2409   15.1868
  QMMM:    33       33      H       -6.7460   -2.1686   14.8054
  QMMM:    34       34      H       -5.1610   -3.2141   11.5440
  QMMM:    35       35      H       -4.9028   -3.1043   13.3375
  QMMM:    36       36      H       -5.3667   -0.4963   13.1504
  QMMM:    37       37      H       -3.7052   -1.3657   10.7987
  QMMM:    38       38      H       -1.8268    2.4880   11.8033
  QMMM:    39       39      H        1.0786    1.9023    7.6349
  QMMM:    40       40      H        0.3872    3.5766    7.6935
  QMMM:    41       41      H       -1.2979    3.0470    5.9695
  QMMM:    42       42      H        0.2170    2.4211    4.0510
  QMMM:    43       43      H        0.9976    3.6465    5.1496
  QMMM:    44       44      H        1.5027    1.8970    5.2143
  QMMM:    45       45      H       -3.5478   -0.7272    7.9072
 
           --------- Calculation Completed ----------
 
