            --------------------------------------------------------
                             AMBER SQM VERSION 19
 
                                     By
              Ross C. Walker, Michael F. Crowley, Scott Brozell,
                         Tim Giese, Andreas W. Goetz,
                        Tai-Sung Lee and David A. Case
 
            --------------------------------------------------------
 

--------------------------------------------------------------------------------
  QM CALCULATION INFO
--------------------------------------------------------------------------------

| QMMM: Citation for AMBER QMMM Run:
| QMMM: R.C. Walker, M.F. Crowley and D.A. Case, J. COMP. CHEM. 29:1019, 2008

QMMM: SINGLET STATE CALCULATION
QMMM: RHF CALCULATION, NO. OF DOUBLY OCCUPIED LEVELS = 43

| QMMM: *** Selected Hamiltonian *** 
| QMMM: AM1         

| QMMM: *** Parameter sets in use ***
| QMMM: N : M.J.S.DEWAR et al. JACS, 107, 3902, (1985)
| QMMM: C : M.J.S.DEWAR et al. JACS, 107, 3902, (1985)
| QMMM: H : M.J.S.DEWAR et al. JACS, 107, 3902, (1985)

| QMMM: *** SCF convergence criteria ***
| QMMM: Energy change                :  0.1D-09 kcal/mol
| QMMM: Error matrix |FP-PF|         :  0.1D+00 au
| QMMM: Density matrix change        :  0.5D-06
| QMMM: Maximum number of SCF cycles :     1000
 
| QMMM: *** Diagonalization Routine Information ***
| QMMM: Pseudo diagonalizations are allowed.
| QMMM: Auto diagonalization routine selection is in use.
| QMMM:
| QMMM: Timing diagonalization routines:
| QMMM:                              norbs =       86
| QMMM:    diag iterations used for timing =       15
| QMMM:
| QMMM:              Internal diag routine = 0.023943 seconds
| QMMM:                 Dspev diag routine = 1.092817 seconds
| QMMM:                Dspevd diag routine = 0.251331 seconds
| QMMM:                Dspevx diag routine = 0.233412 seconds
| QMMM:                 Dsyev diag routine = 0.978548 seconds
| QMMM:                Dsyevd diag routine = 0.356470 seconds
| QMMM:                Dsyevr diag routine = 0.161502 seconds
| QMMM:
| QMMM:                Pseudo diag routine = 0.004319 seconds
| QMMM:
| QMMM: Using internal diagonalization routine (diag_routine=1).

  QMMM: QM Region Cartesian Coordinates (*=link atom) 
  QMMM: QM_NO.   MM_NO.  ATOM         X         Y         Z
  QMMM:     1        1      N       28.9370   25.6680    1.2120
  QMMM:     2        2      C       29.2540   26.5750    2.3740
  QMMM:     3        3      C       28.0460   27.3920    2.7340
  QMMM:     4        4      C       27.5350   28.8010    2.4780
  QMMM:     5        5      N       27.7950   30.1350    1.9830
  QMMM:     6        6      C       28.0000   29.5950    0.5580
  QMMM:     7        7      C       26.8990   28.5750    0.0800
  QMMM:     8        8      C       25.9610   29.8030   -0.0180
  QMMM:     9        9      C       24.5930   30.0740   -0.6590
  QMMM:    10       10      N       23.5860   29.8470    0.3580
  QMMM:    11       11      C       24.1630   29.5500    1.7740
  QMMM:    12       12      C       22.7680   29.5450    2.4900
  QMMM:    13       13      C       22.2870   30.6620    3.0420
  QMMM:    14       14      N       22.7230   31.7740    2.5850
  QMMM:    15       15      H       29.7540   25.1230    0.9770
  QMMM:    16       16      H       28.1810   25.0480    1.4650
  QMMM:    17       17      H       28.6630   26.2240    0.4150
  QMMM:    18       18      H       30.0740   27.2400    2.1030
  QMMM:    19       19      H       29.5550   25.9740    3.2320
  QMMM:    20       20      H       27.8470   27.1860    3.7860
  QMMM:    21       21      H       27.1880   26.7330    2.6040
  QMMM:    22       22      H       26.8870   28.9830    3.3350
  QMMM:    23       23      H       26.4970   28.6340    2.1890
  QMMM:    24       24      H       28.6950   30.4270    2.3370
  QMMM:    25       25      H       26.9240   30.6470    1.9990
  QMMM:    26       26      H       28.9820   29.1260    0.4870
  QMMM:    27       27      H       28.0470   30.4300   -0.1410
  QMMM:    28       28      H       26.5890   28.0080    0.9580
  QMMM:    29       29      H       27.1540   28.2880   -0.9400
  QMMM:    30       30      H       26.5930   30.6570   -0.2620
  QMMM:    31       31      H       25.9330   30.2520    0.9750
  QMMM:    32       32      H       24.4360   29.3810   -1.4860
  QMMM:    33       33      H       24.5470   31.1110   -0.9900
  QMMM:    34       34      H       22.9890   29.0840    0.0730
  QMMM:    35       35      H       22.9740   30.6490    0.4070
  QMMM:    36       36      H       24.7210   30.4240    2.1100
  QMMM:    37       37      H       24.5580   28.5340    1.7800
  QMMM:    38       38      H       22.7560   28.7500    3.2350
  QMMM:    39       39      H       22.0220   29.1390    1.8070
  QMMM:    40       40      H       22.4510   30.6280    4.1190
  QMMM:    41       41      H       21.1990   30.6520    2.9810
  QMMM:    42       42      H       22.2860   32.5370    3.0820
  QMMM:    43       43      H       23.7240   31.8210    2.7110
  QMMM:    44       44      H       22.5040   31.8430    1.6010

--------------------------------------------------------------------------------
  RESULTS
--------------------------------------------------------------------------------

      iter         sqm energy              rms gradient
      ----    -------------------    -----------------------
xmin    10      920.6177 kcal/mol        3.9126 kcal/(mol*A)
xmin    20      872.4988 kcal/mol        1.2174 kcal/(mol*A)
xmin    30      861.2810 kcal/mol        1.3898 kcal/(mol*A)
xmin    40      858.7957 kcal/mol        0.9671 kcal/(mol*A)
xmin    50      856.9302 kcal/mol        0.3953 kcal/(mol*A)
xmin    60      855.8359 kcal/mol        0.1881 kcal/(mol*A)
xmin    70      855.2313 kcal/mol        0.3696 kcal/(mol*A)
xmin    80      854.4158 kcal/mol        0.9298 kcal/(mol*A)
xmin    90      852.4112 kcal/mol        0.6719 kcal/(mol*A)
xmin   100      850.3271 kcal/mol        0.6326 kcal/(mol*A)
xmin   110      849.4118 kcal/mol        0.3101 kcal/(mol*A)
xmin   120      848.6161 kcal/mol        0.4810 kcal/(mol*A)
xmin   130      847.7953 kcal/mol        0.5076 kcal/(mol*A)
xmin   140      845.6946 kcal/mol        1.0526 kcal/(mol*A)
xmin   150      844.4622 kcal/mol        0.3048 kcal/(mol*A)
xmin   160      843.5885 kcal/mol        0.2104 kcal/(mol*A)
xmin   170      841.7612 kcal/mol        0.1418 kcal/(mol*A)
xmin   180      840.7246 kcal/mol        0.1285 kcal/(mol*A)
xmin   190      840.5288 kcal/mol        0.0575 kcal/(mol*A)
xmin   200      840.4552 kcal/mol        0.0303 kcal/(mol*A)
xmin   210      840.4230 kcal/mol        0.0424 kcal/(mol*A)
xmin   220      840.4107 kcal/mol        0.0226 kcal/(mol*A)
xmin   230      840.4085 kcal/mol        0.0048 kcal/(mol*A)
xmin   240      840.4082 kcal/mol        0.0043 kcal/(mol*A)
xmin   250      840.4082 kcal/mol        0.0014 kcal/(mol*A)
  ... geometry converged !
 
 Final MO eigenvalues (eV):
 -52.0291  -51.6672  -49.9009  -49.7811  -46.9128  -44.6553  -43.7546  -40.5240
 -37.7047  -37.2527  -35.9827  -34.8597  -34.3363  -33.4533  -31.5943  -31.4746
 -30.1580  -30.1504  -29.8876  -29.7979  -29.2522  -29.1385  -29.0158  -28.1612
 -27.7430  -27.5602  -27.3789  -27.0228  -26.8526  -25.5380  -25.5318  -25.2915
 -25.1714  -24.6120  -24.5855  -24.5802  -24.4400  -24.4309  -23.9843  -23.9741
 -23.3608  -23.3504  -23.0393  -11.0830  -10.8459   -9.8830   -9.8761   -8.9218
  -8.7448   -8.7385   -8.6604   -8.6287   -8.6065   -8.2399   -8.1246   -8.1160
  -8.0922   -8.0773   -7.9499   -7.8902   -7.8512   -7.8136   -7.6385   -7.5891
  -7.5431   -7.5410   -7.5344   -7.5106   -7.5068   -7.4778   -7.3985   -7.2573
  -7.2457   -7.2445   -7.1992   -7.1621   -7.1316   -6.9958   -6.9947   -6.8626
  -6.8252   -6.8244   -6.7208   -6.7201   -6.6553   -6.4896

 Heat of formation   =        840.40816113 kcal/mol  (       36.44283254 eV)

 Total SCF energy    =     -57300.17202991 kcal/mol  (    -2484.72191275 eV)
 Electronic energy   =    -355173.32190003 kcal/mol  (   -15401.47096397 eV)
 Core-core repulsion =     297873.14987012 kcal/mol  (    12916.74905122 eV)
 
    Atomic Charges for Step       1 :
  Atom    Element       Mulliken Charge
     1      N                 -0.065
     2      C                 -0.131
     3      C                 -0.217
     4      C                 -0.128
     5      N                 -0.038
     6      C                 -0.129
     7      C                 -0.185
     8      C                 -0.185
     9      C                 -0.129
    10      N                 -0.038
    11      C                 -0.128
    12      C                 -0.217
    13      C                 -0.131
    14      N                 -0.065
    15      H                  0.296
    16      H                  0.273
    17      H                  0.273
    18      H                  0.171
    19      H                  0.171
    20      H                  0.138
    21      H                  0.138
    22      H                  0.167
    23      H                  0.167
    24      H                  0.260
    25      H                  0.260
    26      H                  0.162
    27      H                  0.162
    28      H                  0.127
    29      H                  0.127
    30      H                  0.127
    31      H                  0.127
    32      H                  0.162
    33      H                  0.162
    34      H                  0.260
    35      H                  0.260
    36      H                  0.167
    37      H                  0.167
    38      H                  0.138
    39      H                  0.138
    40      H                  0.171
    41      H                  0.171
    42      H                  0.296
    43      H                  0.273
    44      H                  0.273
 Total Mulliken Charge =       4.000
 
                  X        Y        Z     TOTAL  
  QM DIPOLE   496.599  559.587   29.671  748.751
 
 Final Structure

  QMMM: QM Region Cartesian Coordinates (*=link atom) 
  QMMM: QM_NO.   MM_NO.  ATOM         X         Y         Z
  QMMM:     1        1      N       32.7653   24.7613    1.2848
  QMMM:     2        2      C       31.9646   26.0069    1.1262
  QMMM:     3        3      C       30.4806   25.8344    1.4638
  QMMM:     4        4      C       29.7748   27.1789    1.2617
  QMMM:     5        5      N       28.3074   27.1247    1.5657
  QMMM:     6        6      C       27.6452   28.4564    1.3590
  QMMM:     7        7      C       26.1437   28.4339    1.6608
  QMMM:     8        8      C       25.5508   29.8176    1.4280
  QMMM:     9        9      C       24.0492   29.7949    1.7289
  QMMM:    10       10      N       23.3872   31.1269    1.5235
  QMMM:    11       11      C       21.9193   31.0721    1.8250
  QMMM:    12       12      C       21.2141   32.4172    1.6257
  QMMM:    13       13      C       19.7294   32.2438    1.9599
  QMMM:    14       14      N       18.9293   33.4902    1.8042
  QMMM:    15       15      H       33.7507   24.9559    1.0401
  QMMM:    16       16      H       32.7344   24.4215    2.2552
  QMMM:    17       17      H       32.4195   24.0166    0.6650
  QMMM:    18       18      H       32.0781   26.3477    0.0527
  QMMM:    19       19      H       32.4239   26.7924    1.7996
  QMMM:    20       20      H       30.3662   25.4918    2.5291
  QMMM:    21       21      H       30.0235   25.0516    0.7979
  QMMM:    22       22      H       29.8905   27.5162    0.1889
  QMMM:    23       23      H       30.2360   27.9602    1.9363
  QMMM:    24       24      H       28.1723   26.8261    2.5415
  QMMM:    25       25      H       27.8592   26.4248    0.9583
  QMMM:    26       26      H       27.8167   28.7600    0.2845
  QMMM:    27       27      H       28.1613   29.2026    2.0320
  QMMM:    28       28      H       25.9676   28.1260    2.7273
  QMMM:    29       29      H       25.6264   27.6887    0.9972
  QMMM:    30       30      H       25.7275   30.1258    0.3617
  QMMM:    31       31      H       26.0677   30.5626    2.0921
  QMMM:    32       32      H       23.8771   29.4900    2.8029
  QMMM:    33       33      H       23.5334   29.0496    1.0547
  QMMM:    34       34      H       23.5239   31.4272    0.5484
  QMMM:    35       35      H       23.8344   31.8258    2.1328
  QMMM:    36       36      H       21.8019   30.7318    2.8967
  QMMM:    37       37      H       21.4591   30.2928    1.1476
  QMMM:    38       38      H       21.3306   32.7632    0.5617
  QMMM:    39       39      H       21.6700   33.1979    2.2949
  QMMM:    40       40      H       19.6138   31.8993    3.0320
  QMMM:    41       41      H       19.2712   31.4609    1.2828
  QMMM:    42       42      H       17.9433   33.2949    2.0462
  QMMM:    43       43      H       19.2740   34.2326    2.4274
  QMMM:    44       44      H       18.9622   33.8336    0.8351
 
           --------- Calculation Completed ----------
 
