            --------------------------------------------------------
                             AMBER SQM VERSION 19
 
                                     By
              Ross C. Walker, Michael F. Crowley, Scott Brozell,
                         Tim Giese, Andreas W. Goetz,
                        Tai-Sung Lee and David A. Case
 
            --------------------------------------------------------
 

--------------------------------------------------------------------------------
  QM CALCULATION INFO
--------------------------------------------------------------------------------

| QMMM: Citation for AMBER QMMM Run:
| QMMM: R.C. Walker, M.F. Crowley and D.A. Case, J. COMP. CHEM. 29:1019, 2008

QMMM: SINGLET STATE CALCULATION
QMMM: RHF CALCULATION, NO. OF DOUBLY OCCUPIED LEVELS = 76

| QMMM: *** Selected Hamiltonian *** 
| QMMM: AM1         

| QMMM: *** Parameter sets in use ***
| QMMM: C : M.J.S.DEWAR et al. JACS, 107, 3902, (1985)
| QMMM: N : M.J.S.DEWAR et al. JACS, 107, 3902, (1985)
| QMMM: H : M.J.S.DEWAR et al. JACS, 107, 3902, (1985)

| QMMM: *** SCF convergence criteria ***
| QMMM: Energy change                :  0.1D-09 kcal/mol
| QMMM: Error matrix |FP-PF|         :  0.1D+00 au
| QMMM: Density matrix change        :  0.5D-06
| QMMM: Maximum number of SCF cycles :     1000
 
| QMMM: *** Diagonalization Routine Information ***
| QMMM: Pseudo diagonalizations are allowed.
| QMMM: Auto diagonalization routine selection is in use.
| QMMM:
| QMMM: Timing diagonalization routines:
| QMMM:                              norbs =      149
| QMMM:    diag iterations used for timing =       10
| QMMM:
| QMMM:              Internal diag routine = 0.087828 seconds
| QMMM:                 Dspev diag routine = 1.468375 seconds
| QMMM:                Dspevd diag routine = 0.782452 seconds
| QMMM:                Dspevx diag routine = 1.710204 seconds
| QMMM:                 Dsyev diag routine = 2.423188 seconds
| QMMM:                Dsyevd diag routine = 2.883724 seconds
| QMMM:                Dsyevr diag routine = 2.412409 seconds
| QMMM:
| QMMM:                Pseudo diag routine = 0.289483 seconds
| QMMM: Pseudo diagonalization appears to be slower than regular
| QMMM: diagonalization. Setting pseudo_diag=0 for optimum performance.
| QMMM:
| QMMM: Using internal diagonalization routine (diag_routine=1).

  QMMM: QM Region Cartesian Coordinates (*=link atom) 
  QMMM: QM_NO.   MM_NO.  ATOM         X         Y         Z
  QMMM:     1        1      C       13.8420   -7.4480   -6.1540
  QMMM:     2        2      C       14.8130   -6.4910   -6.4330
  QMMM:     3        3      N       14.4930   -5.3760   -7.2060
  QMMM:     4        4      C       15.5250   -4.3560   -7.5030
  QMMM:     5        5      C       13.1970   -5.2230   -7.6990
  QMMM:     6        6      C       12.2280   -6.1810   -7.4200
  QMMM:     7        7      C       12.5360   -7.3030   -6.6460
  QMMM:     8        8      C       11.5910   -8.2760   -6.3420
  QMMM:     9        9      C       11.9320   -9.7530   -6.1200
  QMMM:    10       10      C       11.1110  -10.6300   -5.4170
  QMMM:    11       11      C        9.7960  -10.7930   -5.8300
  QMMM:    12       12      C       11.5510  -11.3420   -4.3250
  QMMM:    13       13      C       10.6780  -12.1950   -3.6720
  QMMM:    14       14      C        9.4150  -12.3240   -4.1020
  QMMM:    15       15      N        8.4050  -13.0640   -3.6530
  QMMM:    16       16      C        8.9770  -11.6290   -5.1720
  QMMM:    17       17      C        7.7000  -11.9490   -5.3710
  QMMM:    18       18      C        6.8160  -11.5390   -6.2960
  QMMM:    19       19      C        7.3450  -12.8420   -4.4250
  QMMM:    20       20      C        6.1020  -13.3400   -4.3870
  QMMM:    21       21      C        5.1640  -12.9410   -5.3230
  QMMM:    22       22      C        5.5170  -12.0310   -6.2900
  QMMM:    23       23      C        4.6160  -11.5950   -7.2550
  QMMM:    24       24      C        4.4490  -10.1220   -7.6510
  QMMM:    25       25      C        3.3490   -9.6310   -8.3470
  QMMM:    26       26      C        2.0810  -10.1630   -8.0700
  QMMM:    27       27      C        0.9560   -9.6970   -8.7440
  QMMM:    28       28      N        1.0830   -8.6930   -9.7040
  QMMM:    29       29      C       -0.1140   -8.1960  -10.4210
  QMMM:    30       30      C        2.3390   -8.1580   -9.9860
  QMMM:    31       31      C        3.4630   -8.6250   -9.3110
  QMMM:    32       32      H       14.0910   -8.3110   -5.5540
  QMMM:    33       33      H       15.8160   -6.6120   -6.0510
  QMMM:    34       34      H       15.0900   -3.5660   -8.1150
  QMMM:    35       35      H       15.8950   -3.9300   -6.5700
  QMMM:    36       36      H       16.3510   -4.8200   -8.0430
  QMMM:    37       37      H       12.9450   -4.3600   -8.2980
  QMMM:    38       38      H       11.2250   -6.0620   -7.8030
  QMMM:    39       39      H       10.5490   -8.0070   -6.2500
  QMMM:    40       40      H       12.8490  -10.1610   -6.5180
  QMMM:    41       41      H        9.4270  -10.2460   -6.6850
  QMMM:    42       42      H       12.5700  -11.2330   -3.9840
  QMMM:    43       43      H       11.0140  -12.7580   -2.8140
  QMMM:    44       44      H        8.5350  -13.6610   -2.8490
  QMMM:    45       45      H        7.1140  -10.8240   -7.0480
  QMMM:    46       46      H        5.8300  -14.0550   -3.6240
  QMMM:    47       47      H        4.1630  -13.3450   -5.2900
  QMMM:    48       48      H        3.9880  -12.3080   -7.7690
  QMMM:    49       49      H        5.2110   -9.4030   -7.3890
  QMMM:    50       50      H        1.9720  -10.9410   -7.3290
  QMMM:    51       51      H       -0.0160  -10.1130   -8.5240
  QMMM:    52       52      H        0.1810   -7.4190  -11.1260
  QMMM:    53       53      H       -0.5820   -9.0190  -10.9620
  QMMM:    54       54      H       -0.8230   -7.7840   -9.7030
  QMMM:    55       55      H        2.4400   -7.3800  -10.7290
  QMMM:    56       56      H        4.4300   -8.2020   -9.5380

--------------------------------------------------------------------------------
  RESULTS
--------------------------------------------------------------------------------

      iter         sqm energy              rms gradient
      ----    -------------------    -----------------------
xmin    10      232.8057 kcal/mol        1.6515 kcal/(mol*A)
xmin    20      231.0031 kcal/mol        0.1474 kcal/(mol*A)
xmin    30      230.8283 kcal/mol        0.1260 kcal/(mol*A)
xmin    40      230.7910 kcal/mol        0.0571 kcal/(mol*A)
xmin    50      230.7707 kcal/mol        0.4414 kcal/(mol*A)
xmin    60      230.7551 kcal/mol        0.0533 kcal/(mol*A)
xmin    70      230.7337 kcal/mol        0.1223 kcal/(mol*A)
xmin    80      230.7122 kcal/mol        0.0977 kcal/(mol*A)
xmin    90      230.6906 kcal/mol        0.0391 kcal/(mol*A)
xmin   100      230.6869 kcal/mol        0.1038 kcal/(mol*A)
xmin   110      230.6807 kcal/mol        0.1370 kcal/(mol*A)
xmin   120      230.6691 kcal/mol        0.0835 kcal/(mol*A)
xmin   130      230.6503 kcal/mol        0.2639 kcal/(mol*A)
xmin   140      230.6350 kcal/mol        0.0408 kcal/(mol*A)
xmin   150      230.6305 kcal/mol        0.1454 kcal/(mol*A)
xmin   160      230.6273 kcal/mol        0.0268 kcal/(mol*A)
xmin   170      230.6193 kcal/mol        0.1080 kcal/(mol*A)
xmin   180      230.6163 kcal/mol        0.0129 kcal/(mol*A)
xmin   190      230.6201 kcal/mol        0.0699 kcal/(mol*A)
xmin   200      230.6157 kcal/mol        0.0409 kcal/(mol*A)
xmin   210      230.6154 kcal/mol        0.0038 kcal/(mol*A)
xmin   220      230.6153 kcal/mol        0.0028 kcal/(mol*A)
xmin   230      230.6153 kcal/mol        0.0012 kcal/(mol*A)
xmin   240      230.6152 kcal/mol        0.0076 kcal/(mol*A)
xmin   250      230.6152 kcal/mol        0.0046 kcal/(mol*A)
xmin   260      230.6152 kcal/mol        0.0031 kcal/(mol*A)
xmin   270      230.6152 kcal/mol        0.0020 kcal/(mol*A)
xmin   280      230.6152 kcal/mol        0.0043 kcal/(mol*A)
xmin   290      230.6152 kcal/mol        0.0014 kcal/(mol*A)
xmin   300      230.6151 kcal/mol        0.0007 kcal/(mol*A)
  ... geometry converged !
 
 Final MO eigenvalues (eV):
 -41.1989  -40.3814  -40.3746  -38.1842  -37.1943  -35.9868  -35.6356  -33.0340
 -32.9915  -32.3064  -31.7957  -31.7818  -30.2977  -29.5387  -29.3663  -27.0405
 -26.6637  -25.2499  -25.1981  -24.0039  -23.9617  -23.6243  -22.4644  -22.1258
 -20.6530  -20.4454  -19.7375  -18.3465  -18.0763  -18.0390  -17.7479  -17.5383
 -17.1959  -16.5984  -16.5085  -16.1813  -16.0199  -16.0194  -15.2550  -15.1555
 -15.0341  -14.8383  -14.8179  -14.4817  -14.4359  -14.1863  -14.1336  -13.9409
 -13.6838  -13.6292  -13.5394  -13.2911  -13.2647  -12.9476  -12.7878  -12.7652
 -12.7101  -12.6761  -12.3013  -12.2373  -12.2230  -11.6021  -11.5749  -11.3192
 -11.1763  -11.0315  -10.7665  -10.3854  -10.2623  -10.2615   -9.8919   -9.1044
  -8.7329   -7.6456   -7.0932   -5.2412   -1.6796    0.1148    0.5875    0.8288
   0.8290    0.8893    1.5356    1.8848    1.9011    2.0387    2.0759    2.1775
   2.9909    3.0677    3.4026    3.4027    3.5804    3.6464    3.6505    3.7096
   3.7144    3.7446    3.8506    3.8534    3.8540    4.0053    4.0070    4.0072
   4.1947    4.3527    4.4167    4.4259    4.4901    4.5004    4.5134    4.5148
   4.6411    4.6686    4.6933    4.6955    4.8061    4.8131    4.9051    5.0160
   5.0509    5.1917    5.2442    5.3242    5.3660    5.3942    5.4188    5.4389
   5.5652    5.5730    5.7239    5.8370    5.8512    5.9041    6.0788    6.0887
   6.0939    6.1884    6.2316    6.2888    6.2959    6.3670    6.3969    6.4465
   6.4684    6.5358    6.6069    6.7680    6.7945

 Heat of formation   =        230.61514203 kcal/mol  (       10.00022297 eV)

 Total SCF energy    =    -104781.07953027 kcal/mol  (    -4543.64856382 eV)
 Electronic energy   =    -828876.26655727 kcal/mol  (   -35942.77206354 eV)
 Core-core repulsion =     724095.18702700 kcal/mol  (    31399.12349972 eV)
 
    Atomic Charges for Step       1 :
  Atom    Element       Mulliken Charge
     1      C                 -0.191
     2      C                 -0.030
     3      N                 -0.209
     4      C                 -0.071
     5      C                 -0.031
     6      C                 -0.193
     7      C                  0.003
     8      C                 -0.182
     9      C                 -0.107
    10      C                 -0.056
    11      C                 -0.089
    12      C                 -0.128
    13      C                 -0.108
    14      C                 -0.118
    15      N                 -0.042
    16      C                 -0.036
    17      C                 -0.036
    18      C                 -0.089
    19      C                 -0.118
    20      C                 -0.108
    21      C                 -0.128
    22      C                 -0.056
    23      C                 -0.107
    24      C                 -0.182
    25      C                  0.003
    26      C                 -0.191
    27      C                 -0.030
    28      N                 -0.209
    29      C                 -0.071
    30      C                 -0.031
    31      C                 -0.193
    32      H                  0.144
    33      H                  0.146
    34      H                  0.090
    35      H                  0.074
    36      H                  0.091
    37      H                  0.146
    38      H                  0.143
    39      H                  0.120
    40      H                  0.112
    41      H                  0.134
    42      H                  0.123
    43      H                  0.123
    44      H                  0.246
    45      H                  0.134
    46      H                  0.123
    47      H                  0.123
    48      H                  0.112
    49      H                  0.120
    50      H                  0.144
    51      H                  0.146
    52      H                  0.090
    53      H                  0.091
    54      H                  0.074
    55      H                  0.146
    56      H                  0.143
 Total Mulliken Charge =      -0.000
 
                  X        Y        Z     TOTAL  
  QM DIPOLE    -0.566    4.142   -2.501    4.872
 
 Final Structure

  QMMM: QM Region Cartesian Coordinates (*=link atom) 
  QMMM: QM_NO.   MM_NO.  ATOM         X         Y         Z
  QMMM:     1        1      C       14.0262   -7.3491   -6.2313
  QMMM:     2        2      C       14.8393   -6.3423   -6.6570
  QMMM:     3        3      N       14.4091   -5.3663   -7.5513
  QMMM:     4        4      C       15.2314   -4.2276   -7.8398
  QMMM:     5        5      C       13.0793   -5.4013   -7.9619
  QMMM:     6        6      C       12.2253   -6.3855   -7.5671
  QMMM:     7        7      C       12.6479   -7.4406   -6.6644
  QMMM:     8        8      C       11.7733   -8.4183   -6.2840
  QMMM:     9        9      C       12.0724   -9.4973   -5.4095
  QMMM:    10       10      C       11.1992  -10.4825   -5.0167
  QMMM:    11       11      C        9.8259  -10.5465   -5.4549
  QMMM:    12       12      C       11.6651  -11.5186   -4.1157
  QMMM:    13       13      C       10.8743  -12.5346   -3.6717
  QMMM:    14       14      C        9.5238  -12.5849   -4.1115
  QMMM:    15       15      N        8.5147  -13.4778   -3.8319
  QMMM:    16       16      C        9.0198  -11.5505   -5.0247
  QMMM:    17       17      C        7.6213  -11.8923   -5.2742
  QMMM:    18       18      C        6.6415  -11.3246   -6.0231
  QMMM:    19       19      C        7.3665  -13.1121   -4.4965
  QMMM:    20       20      C        6.0762  -13.7072   -4.5278
  QMMM:    21       21      C        5.1084  -13.1210   -5.2856
  QMMM:    22       22      C        5.3267  -11.9176   -6.0645
  QMMM:    23       23      C        4.2873  -11.3998   -6.7985
  QMMM:    24       24      C        4.3389  -10.2352   -7.6105
  QMMM:    25       25      C        3.2975   -9.7256   -8.3325
  QMMM:    26       26      C        1.9678  -10.2957   -8.3823
  QMMM:    27       27      C        0.9793   -9.7290   -9.1292
  QMMM:    28       28      N        1.1927   -8.5957   -9.9087
  QMMM:    29       29      C        0.0927   -7.9267  -10.5399
  QMMM:    30       30      C        2.4494   -7.9989   -9.8581
  QMMM:    31       31      C        3.4719   -8.5246   -9.1287
  QMMM:    32       32      H       14.4230   -8.1098   -5.5458
  QMMM:    33       33      H       15.8909   -6.2572   -6.3313
  QMMM:    34       34      H       14.9645   -3.8131   -8.8481
  QMMM:    35       35      H       15.0883   -3.4219   -7.0686
  QMMM:    36       36      H       16.3116   -4.5322   -7.8468
  QMMM:    37       37      H       12.7707   -4.5900   -8.6440
  QMMM:    38       38      H       11.1896   -6.3943   -7.9338
  QMMM:    39       39      H       10.7480   -8.3671   -6.6903
  QMMM:    40       40      H       13.1019   -9.5464   -5.0110
  QMMM:    41       41      H        9.4430   -9.7754   -6.1382
  QMMM:    42       42      H       12.7145  -11.4614   -3.7869
  QMMM:    43       43      H       11.2579  -13.3051   -2.9887
  QMMM:    44       44      H        8.6019  -14.2662   -3.2408
  QMMM:    45       45      H        6.8383  -10.4119   -6.6029
  QMMM:    46       46      H        5.8787  -14.6197   -3.9485
  QMMM:    47       47      H        4.1019  -13.5662   -5.3236
  QMMM:    48       48      H        3.3222  -11.9363   -6.7559
  QMMM:    49       49      H        5.3022   -9.6981   -7.6622
  QMMM:    50       50      H        1.7541  -11.2056   -7.8056
  QMMM:    51       51      H       -0.0405  -10.1500   -9.1729
  QMMM:    52       52      H        0.4587   -7.3572  -11.4351
  QMMM:    53       53      H       -0.6677   -8.6810  -10.8754
  QMMM:    54       54      H       -0.4010   -7.2069   -9.8310
  QMMM:    55       55      H        2.5660   -7.0837  -10.4645
  QMMM:    56       56      H        4.4577   -8.0396   -9.1351
 
           --------- Calculation Completed ----------
 
