            --------------------------------------------------------
                             AMBER SQM VERSION 19
 
                                     By
              Ross C. Walker, Michael F. Crowley, Scott Brozell,
                         Tim Giese, Andreas W. Goetz,
                        Tai-Sung Lee and David A. Case
 
            --------------------------------------------------------
 

--------------------------------------------------------------------------------
  QM CALCULATION INFO
--------------------------------------------------------------------------------

| QMMM: Citation for AMBER QMMM Run:
| QMMM: R.C. Walker, M.F. Crowley and D.A. Case, J. COMP. CHEM. 29:1019, 2008

QMMM: SINGLET STATE CALCULATION
QMMM: RHF CALCULATION, NO. OF DOUBLY OCCUPIED LEVELS =126

| QMMM: *** Selected Hamiltonian *** 
| QMMM: AM1         

| QMMM: *** Parameter sets in use ***
| QMMM: C : M.J.S.DEWAR et al. JACS, 107, 3902, (1985)
| QMMM: O : M.J.S.DEWAR et al. JACS, 107, 3902, (1985)
| QMMM: N : M.J.S.DEWAR et al. JACS, 107, 3902, (1985)
| QMMM: H : M.J.S.DEWAR et al. JACS, 107, 3902, (1985)

| QMMM: *** SCF convergence criteria ***
| QMMM: Energy change                :  0.1D-09 kcal/mol
| QMMM: Error matrix |FP-PF|         :  0.1D+00 au
| QMMM: Density matrix change        :  0.5D-06
| QMMM: Maximum number of SCF cycles :     1000
 
| QMMM: *** Diagonalization Routine Information ***
| QMMM: Pseudo diagonalizations are allowed.
| QMMM: Auto diagonalization routine selection is in use.
| QMMM:
| QMMM: Timing diagonalization routines:
| QMMM:                              norbs =      228
| QMMM:    diag iterations used for timing =        4
| QMMM:
| QMMM:              Internal diag routine = 1.492199 seconds
| QMMM:                 Dspev diag routine = 5.656062 seconds
| QMMM:                Dspevd diag routine = 0.856781 seconds
| QMMM:                Dspevx diag routine = 5.044729 seconds
| QMMM:                 Dsyev diag routine = 4.563494 seconds
| QMMM:                Dsyevd diag routine = 1.470311 seconds
| QMMM:                Dsyevr diag routine = 2.373238 seconds
| QMMM:
| QMMM:                Pseudo diag routine = 0.217019 seconds
| QMMM:
| QMMM: Using dspevd routine (diag_routine=3).

  QMMM: QM Region Cartesian Coordinates (*=link atom) 
  QMMM: QM_NO.   MM_NO.  ATOM         X         Y         Z
  QMMM:     1        1      C        3.9510   -5.3350   -9.3460
  QMMM:     2        2      C        5.0440   -5.1700   -8.5540
  QMMM:     3        3      C        6.0870   -4.4450   -9.0400
  QMMM:     4        4      C        6.0120   -3.8950  -10.3360
  QMMM:     5        5      C        4.9280   -4.0650  -11.1400
  QMMM:     6        6      C        3.8850   -4.7810  -10.6410
  QMMM:     7        7      C        7.3700   -4.0730   -8.4800
  QMMM:     8        8      C        8.0130   -3.3190   -9.4680
  QMMM:     9        9      C        7.2160   -3.1540  -10.7400
  QMMM:    10       10      O        7.8690   -3.8160  -11.7940
  QMMM:    11       11      C        2.6190   -5.1380  -11.2980
  QMMM:    12       12      C        2.0520   -6.2390  -10.4010
  QMMM:    13       13      C        2.7230   -6.0810   -9.0360
  QMMM:    14       14      C        6.9290   -1.6950  -11.0950
  QMMM:    15       15      O        7.9980   -1.1810  -11.8520
  QMMM:    16       16      C        8.5410   -0.1120  -11.2240
  QMMM:    17       17      O        9.4930    0.5290  -11.6520
  QMMM:    18       18      O        7.9030    0.1510  -10.0580
  QMMM:    19       19      C        6.8800   -0.7940   -9.8610
  QMMM:    20       20      O        2.3970   -7.4550  -11.0200
  QMMM:    21       21      C        2.7620   -7.2830  -12.3120
  QMMM:    22       22      O        3.0660   -8.1850  -13.0830
  QMMM:    23       23      C        2.8120   -5.7950  -12.6650
  QMMM:    24       24      C        1.6180   -5.3950  -13.5340
  QMMM:    25       25      O        0.5360   -5.9330  -13.3310
  QMMM:    26       26      C        1.7980   -4.2810  -14.4590
  QMMM:    27       27      C        3.0320   -3.6910  -14.6700
  QMMM:    28       28      C        4.1810   -4.3650  -14.2290
  QMMM:    29       29      C        4.1350   -5.4370  -13.2990
  QMMM:    30       30      C        5.3160   -6.1110  -12.9550
  QMMM:    31       31      C        6.5050   -5.7180  -13.5410
  QMMM:    32       32      O        7.6750   -6.3770  -13.2180
  QMMM:    33       33      C        6.5460   -4.6710  -14.4430
  QMMM:    34       34      C        5.4030   -3.9790  -14.8010
  QMMM:    35       35      C        5.5050   -2.8400  -15.7880
  QMMM:    36       36      C        8.2060   -6.9570  -14.3850
  QMMM:    37       37      O        1.8540   -5.3180   -8.2340
  QMMM:    38       38      C        0.8230   -6.0990   -7.6800
  QMMM:    39       39      C       -0.1140   -5.2160   -6.8560
  QMMM:    40       40      N       -0.7400   -4.1590   -7.6420
  QMMM:    41       41      C       -1.5200   -4.7220   -8.7380
  QMMM:    42       42      C        0.6810   -4.6250   -5.6910
  QMMM:    43       43      O       -0.2000   -3.9200   -4.8530
  QMMM:    44       44      C        1.3620   -5.7450   -4.9040
  QMMM:    45       45      O        0.3790   -6.5560   -4.3130
  QMMM:    46       46      C        2.2350   -6.5670   -5.8530
  QMMM:    47       47      C        2.8890   -7.7270   -5.1010
  QMMM:    48       48      O        1.4090   -7.0870   -6.8660
  QMMM:    49       49      H        5.0670   -5.6090   -7.5680
  QMMM:    50       50      H        4.9190   -3.6380  -12.1320
  QMMM:    51       51      H        7.6360   -4.3900   -7.4820
  QMMM:    52       52      H        8.9960   -2.9130   -9.2830
  QMMM:    53       53      H        8.6520   -3.3210  -12.0470
  QMMM:    54       54      H        1.9450   -4.2840  -11.3570
  QMMM:    55       55      H        0.9700   -6.1450  -10.3120
  QMMM:    56       56      H        2.9440   -7.0470   -8.5820
  QMMM:    57       57      H        5.9970   -1.6190  -11.6560
  QMMM:    58       58      H        7.1010   -1.3860   -8.9730
  QMMM:    59       59      H        5.9180   -0.2830   -9.8250
  QMMM:    60       60      H        0.9520   -3.8910  -15.0060
  QMMM:    61       61      H        3.0950   -2.7330  -15.1640
  QMMM:    62       62      H        5.2870   -6.9230  -12.2430
  QMMM:    63       63      H        7.4860   -4.3760  -14.8860
  QMMM:    64       64      H        6.5430   -2.7190  -16.0980
  QMMM:    65       65      H        4.8890   -3.0580  -16.6600
  QMMM:    66       66      H        5.1570   -1.9200  -15.3190
  QMMM:    67       67      H        9.1310   -7.4810  -14.1430
  QMMM:    68       68      H        7.4870   -7.6630  -14.8000
  QMMM:    69       69      H        8.4120   -6.1770  -15.1180
  QMMM:    70       70      H        0.2600   -6.5770   -8.4810
  QMMM:    71       71      H       -0.9020   -5.8470   -6.4450
  QMMM:    72       72      H       -0.0260   -3.5500   -8.0150
  QMMM:    73       73      H       -1.3440   -3.6100   -7.0470
  QMMM:    74       74      H       -1.9780   -3.9150   -9.3110
  QMMM:    75       75      H       -0.8670   -5.3030   -9.3890
  QMMM:    76       76      H       -2.3000   -5.3690   -8.3350
  QMMM:    77       77      H        1.4380   -3.9420   -6.0780
  QMMM:    78       78      H        0.2890   -3.5440   -4.1170
  QMMM:    79       79      H        1.9870   -5.3100   -4.1240
  QMMM:    80       80      H        0.8010   -7.2610   -3.8170
  QMMM:    81       81      H        3.0030   -5.9310   -6.2930
  QMMM:    82       82      H        3.5080   -8.3040   -5.7890
  QMMM:    83       83      H        3.5100   -7.3350   -4.2960
  QMMM:    84       84      H        2.1160   -8.3710   -4.6810

--------------------------------------------------------------------------------
  RESULTS
--------------------------------------------------------------------------------

      iter         sqm energy              rms gradient
      ----    -------------------    -----------------------
xmin    10     -228.4551 kcal/mol        1.6348 kcal/(mol*A)
xmin    20     -233.1172 kcal/mol        1.9567 kcal/(mol*A)
xmin    30     -234.7026 kcal/mol        0.7050 kcal/(mol*A)
xmin    40     -236.1191 kcal/mol        0.2961 kcal/(mol*A)
xmin    50     -236.4622 kcal/mol        0.3258 kcal/(mol*A)
xmin    60     -237.1873 kcal/mol        0.3865 kcal/(mol*A)
xmin    70     -237.4503 kcal/mol        0.0810 kcal/(mol*A)
xmin    80     -237.6787 kcal/mol        0.1377 kcal/(mol*A)
xmin    90     -237.7245 kcal/mol        0.1362 kcal/(mol*A)
xmin   100     -237.7823 kcal/mol        0.1100 kcal/(mol*A)
xmin   110     -237.7902 kcal/mol        0.0453 kcal/(mol*A)
xmin   120     -237.8042 kcal/mol        0.0666 kcal/(mol*A)
xmin   130     -237.8079 kcal/mol        0.0474 kcal/(mol*A)
xmin   140     -237.8493 kcal/mol        0.1006 kcal/(mol*A)
xmin   150     -237.9305 kcal/mol        0.0799 kcal/(mol*A)
xmin   160     -238.1849 kcal/mol        0.8010 kcal/(mol*A)
xmin   170     -238.5711 kcal/mol        0.6554 kcal/(mol*A)
xmin   180     -239.4153 kcal/mol        0.4470 kcal/(mol*A)
xmin   190     -239.7036 kcal/mol        0.1872 kcal/(mol*A)
xmin   200     -239.9027 kcal/mol        0.1530 kcal/(mol*A)
xmin   210     -239.9370 kcal/mol        0.0673 kcal/(mol*A)
xmin   220     -239.9494 kcal/mol        0.0391 kcal/(mol*A)
xmin   230     -239.9534 kcal/mol        0.0234 kcal/(mol*A)
xmin   240     -239.9548 kcal/mol        0.0312 kcal/(mol*A)
xmin   250     -239.9558 kcal/mol        0.0200 kcal/(mol*A)
xmin   260     -239.9565 kcal/mol        0.0082 kcal/(mol*A)
xmin   270     -239.9566 kcal/mol        0.0058 kcal/(mol*A)
xmin   280     -239.9567 kcal/mol        0.0025 kcal/(mol*A)
xmin   290     -239.9568 kcal/mol        0.0025 kcal/(mol*A)
xmin   300     -239.9569 kcal/mol        0.0011 kcal/(mol*A)
xmin   310     -239.9569 kcal/mol        0.0016 kcal/(mol*A)
  ... geometry converged !
 
 Final MO eigenvalues (eV):
 -46.1373  -45.5099  -44.7862  -43.5561  -43.2243  -43.0759  -42.7506  -42.0079
 -41.8317  -40.8810  -40.8575  -40.6041  -40.2434  -40.0456  -39.2458  -38.6383
 -37.6049  -37.0036  -36.1021  -35.7169  -35.5075  -35.1625  -34.0660  -33.1512
 -32.2684  -31.9109  -31.2310  -30.7674  -30.6843  -30.3527  -29.3511  -28.8172
 -28.2727  -27.6680  -26.9534  -26.6934  -26.4534  -25.6523  -25.6007  -25.3863
 -25.3242  -24.8484  -23.9934  -23.7515  -23.5241  -23.2227  -22.9872  -22.6437
 -21.7662  -21.7013  -21.5628  -21.2080  -21.0342  -20.9451  -20.7952  -20.5569
 -20.4753  -20.3319  -20.1769  -20.1177  -19.9783  -19.7141  -19.6415  -19.3268
 -19.2175  -19.2056  -18.9248  -18.8113  -18.7491  -18.6114  -18.5020  -18.3360
 -18.2846  -18.2685  -17.9773  -17.8422  -17.7092  -17.6477  -17.5659  -17.3714
 -17.3228  -17.1587  -17.1097  -17.0803  -17.0307  -16.9310  -16.8364  -16.7521
 -16.6991  -16.6604  -16.6134  -16.4330  -16.3214  -16.2316  -16.1807  -16.1049
 -15.9662  -15.8943  -15.7533  -15.6498  -15.5119  -15.3669  -15.2967  -15.1803
 -15.0825  -15.0292  -14.9422  -14.8505  -14.6552  -14.5814  -14.4903  -14.3612
 -14.2586  -14.1964  -14.0923  -14.0077  -13.7601  -13.7270  -13.4693  -13.2343
 -13.0827  -13.0512  -12.4412  -11.9743  -11.5579  -11.0387   -3.3993   -3.0996
  -2.9780   -2.4494   -2.1685   -1.8076   -1.6814   -1.5972   -1.4851   -1.3077
  -1.2997   -1.1821   -0.9827   -0.8826   -0.7626   -0.6268   -0.5464   -0.4542
  -0.4167   -0.3844   -0.3480   -0.3034   -0.2958   -0.2028   -0.1391   -0.0644
  -0.0064    0.0021    0.0149    0.0689    0.0736    0.1150    0.1470    0.1728
   0.3330    0.3591    0.3776    0.4686    0.5864    0.6923    0.7069    0.7419
   0.7479    0.8193    0.8934    0.9276    0.9715    1.0194    1.0984    1.1054
   1.2242    1.2849    1.3378    1.4057    1.4489    1.4839    1.5196    1.5509
   1.6673    1.6768    1.7129    1.7201    1.7338    1.8226    1.8965    1.9052
   1.9414    1.9485    2.0196    2.0818    2.1341    2.1980    2.2454    2.2922
   2.3152    2.3341    2.3529    2.3915    2.4200    2.4811    2.4824    2.5126
   2.5694    2.5888    2.6299    2.7136    2.7524    2.8249    2.8330    2.8533
   2.9435    3.0301    3.1167    3.2693    3.2819    3.3148    3.6277    3.9487
   3.9695    4.1009    4.2160    4.7348

 Heat of formation   =       -239.95688084 kcal/mol  (      -10.40531117 eV)

 Total SCF energy    =    -208042.98821068 kcal/mol  (    -9021.42093624 eV)
 Electronic energy   =   -2216712.08306046 kcal/mol  (   -96123.84905513 eV)
 Core-core repulsion =    2008669.09484978 kcal/mol  (    87102.42811889 eV)
 
    Atomic Charges for Step       1 :
  Atom    Element       Mulliken Charge
     1      C                 -0.097
     2      C                 -0.072
     3      C                 -0.040
     4      C                 -0.072
     5      C                 -0.059
     6      C                 -0.071
     7      C                 -0.110
     8      C                 -0.181
     9      C                  0.134
    10      O                 -0.291
    11      C                 -0.064
    12      C                 -0.008
    13      C                  0.053
    14      C                 -0.021
    15      O                 -0.257
    16      C                  0.392
    17      O                 -0.252
    18      O                 -0.233
    19      C                 -0.047
    20      O                 -0.325
    21      C                  0.332
    22      O                 -0.240
    23      C                 -0.068
    24      C                  0.279
    25      O                 -0.278
    26      C                 -0.243
    27      C                 -0.016
    28      C                 -0.101
    29      C                 -0.013
    30      C                 -0.168
    31      C                  0.121
    32      O                 -0.212
    33      C                 -0.193
    34      C                  0.020
    35      C                 -0.197
    36      C                 -0.080
    37      O                 -0.299
    38      C                  0.153
    39      C                 -0.174
    40      N                 -0.024
    41      C                 -0.190
    42      C                  0.029
    43      O                 -0.331
    44      C                 -0.025
    45      O                 -0.343
    46      C                 -0.000
    47      C                 -0.223
    48      O                 -0.240
    49      H                  0.153
    50      H                  0.159
    51      H                  0.162
    52      H                  0.170
    53      H                  0.232
    54      H                  0.146
    55      H                  0.136
    56      H                  0.112
    57      H                  0.140
    58      H                  0.126
    59      H                  0.125
    60      H                  0.171
    61      H                  0.153
    62      H                  0.134
    63      H                  0.155
    64      H                  0.098
    65      H                  0.101
    66      H                  0.100
    67      H                  0.114
    68      H                  0.084
    69      H                  0.084
    70      H                  0.143
    71      H                  0.178
    72      H                  0.267
    73      H                  0.267
    74      H                  0.160
    75      H                  0.136
    76      H                  0.141
    77      H                  0.147
    78      H                  0.248
    79      H                  0.126
    80      H                  0.240
    81      H                  0.122
    82      H                  0.113
    83      H                  0.100
    84      H                  0.099
 Total Mulliken Charge =       1.000
 
                  X        Y        Z     TOTAL  
  QM DIPOLE     8.751  -31.847  -40.795   52.488
 
 Final Structure

  QMMM: QM Region Cartesian Coordinates (*=link atom) 
  QMMM: QM_NO.   MM_NO.  ATOM         X         Y         Z
  QMMM:     1        1      C        4.0908   -4.5891   -9.6688
  QMMM:     2        2      C        5.3023   -4.7635   -9.0051
  QMMM:     3        3      C        6.3901   -4.0334   -9.4695
  QMMM:     4        4      C        6.2555   -3.1377  -10.5692
  QMMM:     5        5      C        5.0483   -2.9670  -11.2278
  QMMM:     6        6      C        3.9583   -3.7074  -10.7659
  QMMM:     7        7      C        7.7895   -4.0170   -9.0195
  QMMM:     8        8      C        8.5035   -3.1599   -9.7853
  QMMM:     9        9      C        7.6113   -2.4971  -10.8402
  QMMM:    10       10      O        8.0081   -2.8227  -12.1589
  QMMM:    11       11      C        2.5441   -3.6246  -11.2411
  QMMM:    12       12      C        1.7489   -4.4930  -10.2216
  QMMM:    13       13      C        2.7984   -5.3066   -9.4120
  QMMM:    14       14      C        7.5553   -0.9674  -10.6919
  QMMM:    15       15      O        8.8405   -0.4355  -11.0868
  QMMM:    16       16      C        9.3742    0.3165  -10.0677
  QMMM:    17       17      O       10.4498    0.8741  -10.1282
  QMMM:    18       18      O        8.5307    0.3442   -8.9910
  QMMM:    19       19      C        7.3520   -0.4403   -9.2633
  QMMM:    20       20      O        0.9106   -5.3984  -10.9393
  QMMM:    21       21      C        1.1160   -5.2666  -12.3157
  QMMM:    22       22      O        0.4310   -6.0161  -12.9887
  QMMM:    23       23      C        2.1634   -4.1994  -12.6350
  QMMM:    24       24      C        1.4633   -3.0702  -13.4079
  QMMM:    25       25      O        0.3899   -2.6296  -12.9812
  QMMM:    26       26      C        2.1350   -2.5343  -14.5849
  QMMM:    27       27      C        3.2401   -3.0964  -15.1025
  QMMM:    28       28      C        3.8376   -4.2908  -14.5421
  QMMM:    29       29      C        3.3045   -4.8464  -13.3614
  QMMM:    30       30      C        3.8241   -6.0358  -12.8523
  QMMM:    31       31      C        4.8995   -6.6642  -13.5033
  QMMM:    32       32      O        5.3294   -7.8300  -12.9105
  QMMM:    33       33      C        5.4527   -6.1064  -14.6613
  QMMM:    34       34      C        4.9238   -4.9233  -15.1822
  QMMM:    35       35      C        5.5186   -4.3543  -16.4163
  QMMM:    36       36      C        6.4165   -8.5008  -13.5458
  QMMM:    37       37      O        2.3955   -5.2920   -8.0430
  QMMM:    38       38      C        2.1722   -6.5666   -7.4666
  QMMM:    39       39      C        0.6520   -6.7484   -7.1846
  QMMM:    40       40      N       -0.1766   -6.7385   -8.4308
  QMMM:    41       41      C       -0.1502   -8.0232   -9.1613
  QMMM:    42       42      C        0.1795   -5.6333   -6.2116
  QMMM:    43       43      O       -1.1998   -5.7816   -5.9728
  QMMM:    44       44      C        1.0330   -5.7217   -4.9364
  QMMM:    45       45      O        0.7062   -6.9733   -4.3541
  QMMM:    46       46      C        2.5183   -5.5832   -5.3016
  QMMM:    47       47      C        3.4277   -5.8092   -4.1105
  QMMM:    48       48      O        2.9042   -6.5704   -6.2734
  QMMM:    49       49      H        5.3914   -5.4502   -8.1517
  QMMM:    50       50      H        4.9574   -2.2879  -12.0880
  QMMM:    51       51      H        8.1488   -4.6327   -8.1929
  QMMM:    52       52      H        9.5677   -2.9285   -9.7365
  QMMM:    53       53      H        8.8923   -2.4454  -12.2842
  QMMM:    54       54      H        2.1985   -2.5557  -11.1798
  QMMM:    55       55      H        1.0910   -3.8776   -9.5568
  QMMM:    56       56      H        2.8660   -6.3603   -9.8057
  QMMM:    57       57      H        6.8077   -0.5509  -11.4188
  QMMM:    58       58      H        7.3138   -1.2529   -8.4958
  QMMM:    59       59      H        6.4757    0.2476   -9.1753
  QMMM:    60       60      H        1.6637   -1.6447  -15.0356
  QMMM:    61       61      H        3.7175   -2.6611  -15.9986
  QMMM:    62       62      H        3.4069   -6.4927  -11.9438
  QMMM:    63       63      H        6.3005   -6.5913  -15.1682
  QMMM:    64       64      H        6.3735   -4.9773  -16.7790
  QMMM:    65       65      H        4.7534   -4.3061  -17.2318
  QMMM:    66       66      H        5.9007   -3.3200  -16.2238
  QMMM:    67       67      H        6.5761   -9.4001  -12.8980
  QMMM:    68       68      H        6.1366   -8.8054  -14.5832
  QMMM:    69       69      H        7.3257   -7.8522  -13.5537
  QMMM:    70       70      H        2.5876   -7.4241   -8.0692
  QMMM:    71       71      H        0.5127   -7.7483   -6.6718
  QMMM:    72       72      H        0.1577   -5.9825   -9.0482
  QMMM:    73       73      H       -1.1472   -6.5189   -8.1531
  QMMM:    74       74      H       -0.7341   -7.9083  -10.1168
  QMMM:    75       75      H        0.9108   -8.2921   -9.4103
  QMMM:    76       76      H       -0.6066   -8.8298   -8.5282
  QMMM:    77       77      H        0.3071   -4.6182   -6.6857
  QMMM:    78       78      H       -1.3215   -6.3668   -5.2088
  QMMM:    79       79      H        0.7410   -4.8889   -4.2356
  QMMM:    80       80      H        1.2327   -7.0657   -3.5486
  QMMM:    81       81      H        2.6845   -4.5604   -5.7438
  QMMM:    82       82      H        4.4806   -5.5578   -4.3853
  QMMM:    83       83      H        3.1033   -5.1546   -3.2669
  QMMM:    84       84      H        3.3998   -6.8782   -3.7877
 
           --------- Calculation Completed ----------
 
