            --------------------------------------------------------
                             AMBER SQM VERSION 19
 
                                     By
              Ross C. Walker, Michael F. Crowley, Scott Brozell,
                         Tim Giese, Andreas W. Goetz,
                        Tai-Sung Lee and David A. Case
 
            --------------------------------------------------------
 

--------------------------------------------------------------------------------
  QM CALCULATION INFO
--------------------------------------------------------------------------------

| QMMM: Citation for AMBER QMMM Run:
| QMMM: R.C. Walker, M.F. Crowley and D.A. Case, J. COMP. CHEM. 29:1019, 2008

QMMM: SINGLET STATE CALCULATION
QMMM: RHF CALCULATION, NO. OF DOUBLY OCCUPIED LEVELS = 45

| QMMM: *** Selected Hamiltonian *** 
| QMMM: AM1         

| QMMM: *** Parameter sets in use ***
| QMMM: C : M.J.S.DEWAR et al. JACS, 107, 3902, (1985)
| QMMM: N : M.J.S.DEWAR et al. JACS, 107, 3902, (1985)
| QMMM: H : M.J.S.DEWAR et al. JACS, 107, 3902, (1985)

| QMMM: *** SCF convergence criteria ***
| QMMM: Energy change                :  0.1D-09 kcal/mol
| QMMM: Error matrix |FP-PF|         :  0.1D+00 au
| QMMM: Density matrix change        :  0.5D-06
| QMMM: Maximum number of SCF cycles :     1000
 
| QMMM: *** Diagonalization Routine Information ***
| QMMM: Pseudo diagonalizations are allowed.
| QMMM: Auto diagonalization routine selection is in use.
| QMMM:
| QMMM: Timing diagonalization routines:
| QMMM:                              norbs =       90
| QMMM:    diag iterations used for timing =       15
| QMMM:
| QMMM:              Internal diag routine = 0.357591 seconds
| QMMM:                 Dspev diag routine = 0.685135 seconds
| QMMM:                Dspevd diag routine = 0.237139 seconds
| QMMM:                Dspevx diag routine = 0.824151 seconds
| QMMM:                 Dsyev diag routine = 0.737993 seconds
| QMMM:                Dsyevd diag routine = 0.352805 seconds
| QMMM:                Dsyevr diag routine = 0.368566 seconds
| QMMM:
| QMMM:                Pseudo diag routine = 0.005936 seconds
| QMMM:
| QMMM: Using dspevd routine (diag_routine=3).

  QMMM: QM Region Cartesian Coordinates (*=link atom) 
  QMMM: QM_NO.   MM_NO.  ATOM         X         Y         Z
  QMMM:     1        1      C       20.2710   24.4150   24.0740
  QMMM:     2        2      C       18.9120   24.0900   23.9560
  QMMM:     3        3      C       18.5090   22.7460   23.9560
  QMMM:     4        4      C       20.8480   22.0460   24.1390
  QMMM:     5        5      C       21.2420   23.4050   24.1590
  QMMM:     6        6      C       19.0560   20.3850   24.1120
  QMMM:     7        7      C       20.0040   19.3560   24.2490
  QMMM:     8        8      C       21.3850   19.6600   24.3040
  QMMM:     9        9      C       19.5680   18.0210   24.3320
  QMMM:    10       10      C       20.5030   16.9910   24.5230
  QMMM:    11       11      C       21.8710   17.2910   24.6060
  QMMM:    12       12      C       22.3230   18.6130   24.4570
  QMMM:    13       13      N       22.9960   24.2780   25.6540
  QMMM:    14       14      N       24.3300   18.6270   23.0720
  QMMM:    15       15      C       19.4730   21.7250   24.0640
  QMMM:    16       16      C       21.7960   21.0060   24.2230
  QMMM:    17       17      C       22.6850   23.8410   24.2840
  QMMM:    18       18      C       23.8160   18.8420   24.4400
  QMMM:    19       19      H       20.5780   25.4500   24.1000
  QMMM:    20       20      H       18.1750   24.8740   23.8650
  QMMM:    21       21      H       17.4620   22.4960   23.8730
  QMMM:    22       22      H       18.0050   20.1450   24.0440
  QMMM:    23       23      H       18.5160   17.7900   24.2490
  QMMM:    24       24      H       20.1690   15.9670   24.6060
  QMMM:    25       25      H       22.5870   16.5030   24.7860
  QMMM:    26       26      H       23.9640   24.5620   25.7060
  QMMM:    27       27      H       22.4030   25.0570   25.9020
  QMMM:    28       28      H       22.8350   23.5150   26.2960
  QMMM:    29       29      H       25.3280   18.7800   23.0590
  QMMM:    30       30      H       24.1310   17.6800   22.7820
  QMMM:    31       31      H       23.8830   19.2740   22.4380
  QMMM:    32       32      H       22.8510   21.2360   24.2260
  QMMM:    33       33      H       22.8780   24.6590   23.5900
  QMMM:    34       34      H       23.3390   23.0130   24.0100
  QMMM:    35       35      H       24.2980   18.1430   25.1230
  QMMM:    36       36      H       24.0300   19.8640   24.7520

--------------------------------------------------------------------------------
  RESULTS
--------------------------------------------------------------------------------

      iter         sqm energy              rms gradient
      ----    -------------------    -----------------------
xmin    10      406.5108 kcal/mol        0.6845 kcal/(mol*A)
xmin    20      406.2893 kcal/mol        0.1332 kcal/(mol*A)
xmin    30      406.2778 kcal/mol        0.0408 kcal/(mol*A)
xmin    40      406.2763 kcal/mol        0.0277 kcal/(mol*A)
xmin    50      406.2761 kcal/mol        0.0072 kcal/(mol*A)
xmin    60      406.2761 kcal/mol        0.0016 kcal/(mol*A)
  ... geometry converged !
 
 Final MO eigenvalues (eV):
 -47.4355  -46.5145  -45.3844  -44.0484  -41.1873  -40.0478  -38.6027  -36.6460
 -35.6479  -33.3258  -33.1873  -30.8107  -29.8883  -27.9396  -27.8788  -26.4744
 -26.1250  -26.0811  -25.9043  -25.4316  -24.1936  -23.8059  -23.3028  -23.1365
 -22.1945  -21.7348  -21.7262  -21.1524  -20.5530  -20.4741  -20.1336  -20.1096
 -19.9716  -19.7636  -19.0625  -18.9418  -18.6587  -18.1383  -17.6652  -17.4458
 -17.1269  -16.9595  -15.7492  -15.0795  -14.0432   -7.0293   -6.3186   -5.9180
  -5.8707   -5.3697   -4.6334   -4.2626   -3.9011   -3.8842   -3.8439   -3.8027
  -3.7993   -3.7860   -3.2448   -3.1422   -3.1110   -2.8902   -2.8636   -2.8390
  -2.7802   -2.5130   -2.4782   -2.1816   -2.0971   -1.8634   -1.7504   -1.7198
  -1.6060   -1.5634   -1.4602   -1.2195   -1.1367   -1.1295   -0.9135   -0.9075
  -0.7807   -0.5635   -0.5501   -0.4296   -0.3101   -0.1497   -0.0210    0.0207
   0.1302    0.2308

 Heat of formation   =        406.27613517 kcal/mol  (       17.61745523 eV)

 Total SCF energy    =     -62136.01224926 kcal/mol  (    -2694.41968038 eV)
 Electronic energy   =    -425078.36979253 kcal/mol  (   -18432.78131011 eV)
 Core-core repulsion =     362942.35754327 kcal/mol  (    15738.36162973 eV)
 
    Atomic Charges for Step       1 :
  Atom    Element       Mulliken Charge
     1      C                 -0.039
     2      C                 -0.146
     3      C                 -0.032
     4      C                  0.030
     5      C                 -0.205
     6      C                 -0.031
     7      C                 -0.065
     8      C                  0.030
     9      C                 -0.032
    10      C                 -0.146
    11      C                 -0.039
    12      C                 -0.205
    13      N                 -0.075
    14      N                 -0.075
    15      C                 -0.065
    16      C                 -0.179
    17      C                 -0.064
    18      C                 -0.064
    19      H                  0.144
    20      H                  0.180
    21      H                  0.173
    22      H                  0.171
    23      H                  0.173
    24      H                  0.180
    25      H                  0.144
    26      H                  0.258
    27      H                  0.259
    28      H                  0.256
    29      H                  0.258
    30      H                  0.259
    31      H                  0.256
    32      H                  0.107
    33      H                  0.158
    34      H                  0.136
    35      H                  0.158
    36      H                  0.136
 Total Mulliken Charge =       2.000
 
                  X        Y        Z     TOTAL  
  QM DIPOLE   218.687  203.981  233.742  379.562
 
 Final Structure

  QMMM: QM Region Cartesian Coordinates (*=link atom) 
  QMMM: QM_NO.   MM_NO.  ATOM         X         Y         Z
  QMMM:     1        1      C       20.3099   24.4329   23.9975
  QMMM:     2        2      C       18.9486   24.0906   23.8109
  QMMM:     3        3      C       18.5651   22.7799   23.8854
  QMMM:     4        4      C       20.9233   22.0754   24.2214
  QMMM:     5        5      C       21.2701   23.4711   24.2385
  QMMM:     6        6      C       19.1296   20.4113   24.1738
  QMMM:     7        7      C       20.0617   19.3767   24.3093
  QMMM:     8        8      C       21.4615   19.6807   24.3056
  QMMM:     9        9      C       19.6160   18.0250   24.4586
  QMMM:    10       10      C       20.5180   17.0052   24.5890
  QMMM:    11       11      C       21.9045   17.2846   24.5220
  QMMM:    12       12      C       22.3745   18.5700   24.3432
  QMMM:    13       13      N       22.7336   24.5925   25.8708
  QMMM:    14       14      N       24.3073   18.2171   22.8587
  QMMM:    15       15      C       19.5344   21.7484   24.0963
  QMMM:    16       16      C       21.8533   21.0276   24.2922
  QMMM:    17       17      C       22.6548   23.9487   24.5128
  QMMM:    18       18      C       23.8475   18.7390   24.1933
  QMMM:    19       19      H       20.5838   25.5013   23.9448
  QMMM:    20       20      H       18.2153   24.8911   23.6147
  QMMM:    21       21      H       17.5047   22.4915   23.7741
  QMMM:    22       22      H       18.0525   20.1676   24.1269
  QMMM:    23       23      H       18.5294   17.8276   24.4766
  QMMM:    24       24      H       20.1864   15.9637   24.7387
  QMMM:    25       25      H       22.6055   16.4368   24.6170
  QMMM:    26       26      H       23.6685   24.9801   26.0293
  QMMM:    27       27      H       22.0410   25.3485   25.9357
  QMMM:    28       28      H       22.5238   23.9052   26.6019
  QMMM:    29       29      H       25.3275   18.2719   22.7853
  QMMM:    30       30      H       24.0147   17.2383   22.7509
  QMMM:    31       31      H       23.8837   18.7612   22.1000
  QMMM:    32       32      H       22.9236   21.2697   24.3388
  QMMM:    33       33      H       22.9584   24.7343   23.7576
  QMMM:    34       34      H       23.4165   23.1217   24.4935
  QMMM:    35       35      H       24.3956   18.1461   24.9856
  QMMM:    36       36      H       24.1755   19.8125   24.2601
 
           --------- Calculation Completed ----------
 
