            --------------------------------------------------------
                             AMBER SQM VERSION 19
 
                                     By
              Ross C. Walker, Michael F. Crowley, Scott Brozell,
                         Tim Giese, Andreas W. Goetz,
                        Tai-Sung Lee and David A. Case
 
            --------------------------------------------------------
 

--------------------------------------------------------------------------------
  QM CALCULATION INFO
--------------------------------------------------------------------------------

| QMMM: Citation for AMBER QMMM Run:
| QMMM: R.C. Walker, M.F. Crowley and D.A. Case, J. COMP. CHEM. 29:1019, 2008

QMMM: SINGLET STATE CALCULATION
QMMM: RHF CALCULATION, NO. OF DOUBLY OCCUPIED LEVELS = 72

| QMMM: *** Selected Hamiltonian *** 
| QMMM: AM1         

| QMMM: *** Parameter sets in use ***
| QMMM: C : M.J.S.DEWAR et al. JACS, 107, 3902, (1985)
| QMMM: N : M.J.S.DEWAR et al. JACS, 107, 3902, (1985)
| QMMM: O : M.J.S.DEWAR et al. JACS, 107, 3902, (1985)
| QMMM: H : M.J.S.DEWAR et al. JACS, 107, 3902, (1985)

| QMMM: *** SCF convergence criteria ***
| QMMM: Energy change                :  0.1D-09 kcal/mol
| QMMM: Error matrix |FP-PF|         :  0.1D+00 au
| QMMM: Density matrix change        :  0.5D-06
| QMMM: Maximum number of SCF cycles :     1000
 
| QMMM: *** Diagonalization Routine Information ***
| QMMM: Pseudo diagonalizations are allowed.
| QMMM: Auto diagonalization routine selection is in use.
| QMMM:
| QMMM: Timing diagonalization routines:
| QMMM:                              norbs =      137
| QMMM:    diag iterations used for timing =       10
| QMMM:
| QMMM:              Internal diag routine = 0.045567 seconds
| QMMM:                 Dspev diag routine = 1.379350 seconds
| QMMM:                Dspevd diag routine = 0.509838 seconds
| QMMM:                Dspevx diag routine = 2.993715 seconds
| QMMM:                 Dsyev diag routine = 1.595552 seconds
| QMMM:                Dsyevd diag routine = 2.120824 seconds
| QMMM:                Dsyevr diag routine = 1.350294 seconds
| QMMM:
| QMMM:                Pseudo diag routine = 0.150436 seconds
| QMMM: Pseudo diagonalization appears to be slower than regular
| QMMM: diagonalization. Setting pseudo_diag=0 for optimum performance.
| QMMM:
| QMMM: Using internal diagonalization routine (diag_routine=1).

  QMMM: QM Region Cartesian Coordinates (*=link atom) 
  QMMM: QM_NO.   MM_NO.  ATOM         X         Y         Z
  QMMM:     1        1      C       32.8780   41.0430   39.9710
  QMMM:     2        2      C       31.8460   40.2900   39.3760
  QMMM:     3        3      C       33.4970   39.0030   38.1500
  QMMM:     4        4      C       34.5320   39.7280   38.7580
  QMMM:     5        5      C       34.2260   40.7670   39.6580
  QMMM:     6        6      C       35.2730   41.5240   40.2100
  QMMM:     7        7      N       35.2850   41.8910   41.4700
  QMMM:     8        8      N       36.2710   41.9580   39.4770
  QMMM:     9        9      N       29.0770   37.7390   35.9470
  QMMM:    10       10      O       29.7770   39.0360   37.8030
  QMMM:    11       11      C       32.1570   39.2830   38.4460
  QMMM:    12       12      C       31.0930   38.4850   37.7260
  QMMM:    13       13      C       28.7840   38.5920   36.9450
  QMMM:    14       14      C       27.4810   39.0640   37.1760
  QMMM:    15       15      C       26.4300   38.6440   36.3360
  QMMM:    16       16      C       28.0430   37.3830   35.1660
  QMMM:    17       17      C       26.7320   37.7650   35.2740
  QMMM:    18       18      C       26.8690   36.4550   33.6180
  QMMM:    19       19      C       26.5880   35.5750   32.4880
  QMMM:    20       20      N       28.1340   36.5690   34.0960
  QMMM:    21       21      C       27.4530   34.4920   32.2820
  QMMM:    22       22      C       27.2910   33.6240   31.2060
  QMMM:    23       23      C       26.2200   33.8140   30.3160
  QMMM:    24       24      C       25.3340   34.9040   30.5070
  QMMM:    25       25      C       25.5300   35.7810   31.5890
  QMMM:    26       26      C       26.0340   32.8610   29.3000
  QMMM:    27       27      N       27.0450   32.2700   28.6820
  QMMM:    28       28      N       24.8420   32.3490   29.0660
  QMMM:    29       29      N       25.9850   37.1710   34.2580
  QMMM:    30       30      H       32.6380   41.8330   40.6680
  QMMM:    31       31      H       30.8160   40.4870   39.6350
  QMMM:    32       32      H       33.7290   38.2190   37.4450
  QMMM:    33       33      H       35.5620   39.4890   38.5360
  QMMM:    34       34      H       36.0560   42.4350   41.8300
  QMMM:    35       35      H       34.5230   41.6290   42.0800
  QMMM:    36       36      H       37.0100   42.5000   39.9010
  QMMM:    37       37      H       36.3000   41.7500   38.4890
  QMMM:    38       38      H       31.3750   38.3690   36.6790
  QMMM:    39       39      H       31.0810   37.4670   38.1140
  QMMM:    40       40      H       27.2900   39.7440   37.9930
  QMMM:    41       41      H       25.4240   38.9950   36.5130
  QMMM:    42       42      H       28.2690   34.3150   32.9670
  QMMM:    43       43      H       27.9860   32.8100   31.0590
  QMMM:    44       44      H       24.5120   35.0580   29.8230
  QMMM:    45       45      H       24.8600   36.6170   31.7260
  QMMM:    46       46      H       26.8660   31.5900   27.9570
  QMMM:    47       47      H       27.9950   32.4990   28.9360
  QMMM:    48       48      H       24.7210   31.6650   28.3330
  QMMM:    49       49      H       24.0490   32.6410   29.6200
  QMMM:    50       50      H       24.9960   37.3610   34.1810

--------------------------------------------------------------------------------
  RESULTS
--------------------------------------------------------------------------------

      iter         sqm energy              rms gradient
      ----    -------------------    -----------------------
xmin    10      424.5697 kcal/mol        0.6601 kcal/(mol*A)
xmin    20      423.8957 kcal/mol        0.0837 kcal/(mol*A)
xmin    30      423.7537 kcal/mol        0.0808 kcal/(mol*A)
xmin    40      423.7320 kcal/mol        0.0453 kcal/(mol*A)
xmin    50      423.7160 kcal/mol        0.0371 kcal/(mol*A)
xmin    60      423.7149 kcal/mol        0.0069 kcal/(mol*A)
xmin    70      423.7145 kcal/mol        0.0036 kcal/(mol*A)
xmin    80      423.7144 kcal/mol        0.0028 kcal/(mol*A)
xmin    90      423.7140 kcal/mol        0.0074 kcal/(mol*A)
xmin   100      423.7137 kcal/mol        0.0053 kcal/(mol*A)
xmin   110      423.7132 kcal/mol        0.0059 kcal/(mol*A)
xmin   120      423.7131 kcal/mol        0.0026 kcal/(mol*A)
xmin   130      423.7130 kcal/mol        0.0048 kcal/(mol*A)
xmin   140      423.7130 kcal/mol        0.0026 kcal/(mol*A)
xmin   150      423.7130 kcal/mol        0.0017 kcal/(mol*A)
xmin   160      423.7130 kcal/mol        0.0007 kcal/(mol*A)
  ... geometry converged !
 
 Final MO eigenvalues (eV):
 -46.1927  -45.8900  -45.5600  -44.1948  -43.6963  -43.0368  -40.9271  -39.9808
 -39.7760  -38.1459  -37.6790  -37.2782  -36.7577  -36.3842  -35.6788  -33.3884
 -32.2780  -30.7914  -29.2546  -28.6624  -28.4943  -28.1709  -27.2982  -27.1241
 -26.4914  -25.8700  -25.0779  -24.9069  -24.8490  -24.7047  -23.2840  -22.8779
 -22.4885  -22.2883  -22.0904  -21.8853  -21.6375  -21.3067  -21.1237  -21.0100
 -20.7750  -20.6579  -20.1980  -19.9110  -19.8237  -19.7072  -19.3868  -19.2236
 -19.1417  -19.0151  -18.6248  -18.3073  -18.2838  -18.0930  -17.7769  -17.6276
 -17.2483  -17.0803  -16.8851  -16.8562  -16.6654  -16.6056  -15.9705  -15.8412
 -15.7746  -14.9333  -14.8601  -14.5912  -14.3646  -14.3282  -13.4836  -12.5940
  -6.0461   -5.7568   -5.0535   -4.5995   -4.5586   -4.3803   -4.2990   -4.1635
  -3.9695   -3.4545   -3.1830   -2.9781   -2.7725   -2.6285   -2.4994   -2.4722
  -2.0691   -2.0484   -1.9755   -1.4418   -1.3529   -1.1909   -1.0921   -1.0151
  -0.9331   -0.8067   -0.7736   -0.7298   -0.7062   -0.6657   -0.6124   -0.6085
  -0.5059   -0.4213   -0.3752   -0.3226   -0.2869   -0.1267   -0.0438   -0.0336
   0.0565    0.0760    0.1362    0.1659    0.2282    0.2854    0.3045    0.3073
   0.3577    0.3861    0.4182    0.5283    0.5624    0.6035    0.6903    0.8020
   0.9162    1.1243    1.1543    1.2961    1.3571    2.0623    2.2796    2.4112
   2.9751

 Heat of formation   =        423.71296570 kcal/mol  (       18.37357295 eV)

 Total SCF energy    =    -109101.19039238 kcal/mol  (    -4730.98262835 eV)
 Electronic energy   =    -789969.28827987 kcal/mol  (   -34255.63888296 eV)
 Core-core repulsion =     680868.09788748 kcal/mol  (    29524.65625461 eV)
 
    Atomic Charges for Step       1 :
  Atom    Element       Mulliken Charge
     1      C                 -0.078
     2      C                 -0.102
     3      C                 -0.122
     4      C                 -0.077
     5      C                 -0.180
     6      C                  0.345
     7      N                 -0.314
     8      N                 -0.314
     9      N                 -0.143
    10      O                 -0.215
    11      C                 -0.010
    12      C                  0.009
    13      C                  0.123
    14      C                 -0.154
    15      C                 -0.056
    16      C                  0.005
    17      C                 -0.090
    18      C                  0.021
    19      C                  0.048
    20      N                 -0.089
    21      C                 -0.080
    22      C                 -0.084
    23      C                 -0.168
    24      C                 -0.080
    25      C                 -0.115
    26      C                  0.342
    27      N                 -0.310
    28      N                 -0.311
    29      N                 -0.202
    30      H                  0.151
    31      H                  0.181
    32      H                  0.168
    33      H                  0.152
    34      H                  0.270
    35      H                  0.286
    36      H                  0.271
    37      H                  0.286
    38      H                  0.126
    39      H                  0.127
    40      H                  0.170
    41      H                  0.161
    42      H                  0.191
    43      H                  0.157
    44      H                  0.155
    45      H                  0.163
    46      H                  0.273
    47      H                  0.287
    48      H                  0.273
    49      H                  0.286
    50      H                  0.268
 Total Mulliken Charge =       2.000
 
                  X        Y        Z     TOTAL  
  QM DIPOLE   285.494  357.378  337.047  568.178
 
 Final Structure

  QMMM: QM Region Cartesian Coordinates (*=link atom) 
  QMMM: QM_NO.   MM_NO.  ATOM         X         Y         Z
  QMMM:     1        1      C       32.7673   41.1398   39.9367
  QMMM:     2        2      C       31.9157   40.4753   39.0576
  QMMM:     3        3      C       33.8110   39.3164   38.0903
  QMMM:     4        4      C       34.6692   39.9816   38.9591
  QMMM:     5        5      C       34.1461   40.8946   39.8866
  QMMM:     6        6      C       35.0589   41.6048   40.8200
  QMMM:     7        7      N       34.7388   41.6465   42.1330
  QMMM:     8        8      N       36.1750   42.1825   40.3210
  QMMM:     9        9      N       29.5547   37.7517   35.6445
  QMMM:    10       10      O       30.2075   39.2669   37.3566
  QMMM:    11       11      C       32.4291   39.5594   38.1316
  QMMM:    12       12      C       31.5586   38.8137   37.1727
  QMMM:    13       13      C       29.2377   38.6973   36.5456
  QMMM:    14       14      C       27.9267   39.2315   36.7958
  QMMM:    15       15      C       26.8567   38.7610   36.0646
  QMMM:    16       16      C       28.4957   37.2808   34.9184
  QMMM:    17       17      C       27.1282   37.7698   35.1043
  QMMM:    18       18      C       27.2022   36.1975   33.5024
  QMMM:    19       19      C       26.7339   35.2889   32.4522
  QMMM:    20       20      N       28.4959   36.2950   33.9057
  QMMM:    21       21      C       27.4317   34.0919   32.2206
  QMMM:    22       22      C       27.0195   33.2260   31.2112
  QMMM:    23       23      C       25.8997   33.5477   30.4326
  QMMM:    24       24      C       25.1961   34.7372   30.6614
  QMMM:    25       25      C       25.6173   35.6065   31.6647
  QMMM:    26       26      C       25.4622   32.6247   29.3502
  QMMM:    27       27      N       26.3873   32.1723   28.4752
  QMMM:    28       28      N       24.1580   32.2761   29.2843
  QMMM:    29       29      N       26.3393   37.0786   34.1908
  QMMM:    30       30      H       32.3462   41.8680   40.6484
  QMMM:    31       31      H       30.8298   40.6723   39.0891
  QMMM:    32       32      H       34.2196   38.5928   37.3651
  QMMM:    33       33      H       35.7493   39.7672   38.9221
  QMMM:    34       34      H       35.2933   42.1173   42.8150
  QMMM:    35       35      H       33.9138   41.1755   42.4416
  QMMM:    36       36      H       36.8411   42.6617   40.8875
  QMMM:    37       37      H       36.3393   42.1397   39.3367
  QMMM:    38       38      H       31.8834   39.0184   36.1158
  QMMM:    39       39      H       31.6160   37.7097   37.3801
  QMMM:    40       40      H       27.8074   40.0058   37.5662
  QMMM:    41       41      H       25.8387   39.1449   36.2249
  QMMM:    42       42      H       28.3145   33.8355   32.8337
  QMMM:    43       43      H       27.5718   32.2858   31.0500
  QMMM:    44       44      H       24.3270   35.0103   30.0412
  QMMM:    45       45      H       25.0720   36.5530   31.8118
  QMMM:    46       46      H       26.1733   31.5416   27.7325
  QMMM:    47       47      H       27.3303   32.4913   28.5631
  QMMM:    48       48      H       23.7896   31.6730   28.5802
  QMMM:    49       49      H       23.5307   32.6234   29.9797
  QMMM:    50       50      H       25.3582   37.1298   34.1077
 
           --------- Calculation Completed ----------
 
