            --------------------------------------------------------
                             AMBER SQM VERSION 19
 
                                     By
              Ross C. Walker, Michael F. Crowley, Scott Brozell,
                         Tim Giese, Andreas W. Goetz,
                        Tai-Sung Lee and David A. Case
 
            --------------------------------------------------------
 

--------------------------------------------------------------------------------
  QM CALCULATION INFO
--------------------------------------------------------------------------------

| QMMM: Citation for AMBER QMMM Run:
| QMMM: R.C. Walker, M.F. Crowley and D.A. Case, J. COMP. CHEM. 29:1019, 2008

QMMM: SINGLET STATE CALCULATION
QMMM: RHF CALCULATION, NO. OF DOUBLY OCCUPIED LEVELS = 92

| QMMM: *** Selected Hamiltonian *** 
| QMMM: AM1         

| QMMM: *** Parameter sets in use ***
| QMMM: C : M.J.S.DEWAR et al. JACS, 107, 3902, (1985)
| QMMM: O : M.J.S.DEWAR et al. JACS, 107, 3902, (1985)
| QMMM: N : M.J.S.DEWAR et al. JACS, 107, 3902, (1985)
| QMMM: H : M.J.S.DEWAR et al. JACS, 107, 3902, (1985)

| QMMM: *** SCF convergence criteria ***
| QMMM: Energy change                :  0.1D-09 kcal/mol
| QMMM: Error matrix |FP-PF|         :  0.1D+00 au
| QMMM: Density matrix change        :  0.5D-06
| QMMM: Maximum number of SCF cycles :     1000
 
| QMMM: *** Diagonalization Routine Information ***
| QMMM: Pseudo diagonalizations are allowed.
| QMMM: Auto diagonalization routine selection is in use.
| QMMM:
| QMMM: Timing diagonalization routines:
| QMMM:                              norbs =      168
| QMMM:    diag iterations used for timing =        5
| QMMM:
| QMMM:              Internal diag routine = 0.372739 seconds
| QMMM:                 Dspev diag routine = 1.351919 seconds
| QMMM:                Dspevd diag routine = 0.435829 seconds
| QMMM:                Dspevx diag routine = 2.385917 seconds
| QMMM:                 Dsyev diag routine = 1.372030 seconds
| QMMM:                Dsyevd diag routine = 0.885387 seconds
| QMMM:                Dsyevr diag routine = 1.042942 seconds
| QMMM:
| QMMM:                Pseudo diag routine = 0.008665 seconds
| QMMM:
| QMMM: Using internal diagonalization routine (diag_routine=1).

  QMMM: QM Region Cartesian Coordinates (*=link atom) 
  QMMM: QM_NO.   MM_NO.  ATOM         X         Y         Z
  QMMM:     1        1      C       12.7040   21.3920    9.3210
  QMMM:     2        2      O       12.7970   20.3750    8.6520
  QMMM:     3        3      N       11.8350   21.4430   10.3320
  QMMM:     4        4      C       10.9050   22.3760   10.6630
  QMMM:     5        5      C        9.6800   22.0610   11.3150
  QMMM:     6        6      C        8.9550   23.2310   11.4670
  QMMM:     7        7      N        9.7620   24.2550   10.9520
  QMMM:     8        8      C       10.8770   23.7170   10.4290
  QMMM:     9        9      C        9.5240   25.6910   10.8690
  QMMM:    10       10      C        7.7320   23.5400   12.1780
  QMMM:    11       11      O        7.3790   24.7280   12.3720
  QMMM:    12       12      N        6.9980   22.5270   12.6200
  QMMM:    13       13      C        5.6970   22.6470   13.1950
  QMMM:    14       14      C        5.0050   21.6550   13.8550
  QMMM:    15       15      C        3.7930   22.1680   14.2420
  QMMM:    16       16      N        3.7400   23.4600   13.8470
  QMMM:    17       17      C        4.9000   23.7600   13.1950
  QMMM:    18       18      C        2.6690   24.4080   14.0500
  QMMM:    19       19      C        2.6730   21.5650   15.0100
  QMMM:    20       20      O        1.5640   22.1030   15.1670
  QMMM:    21       21      N        2.9020   20.3880   15.5520
  QMMM:    22       22      C        1.8720   19.6490   16.2240
  QMMM:    23       23      C        2.2240   18.4670   16.9250
  QMMM:    24       24      C        1.0680   17.9450   17.4490
  QMMM:    25       25      N        0.0330   18.8090   17.0780
  QMMM:    26       26      C        0.5370   19.8010   16.3400
  QMMM:    27       27      C       -1.3980   18.6780   17.3200
  QMMM:    28       28      C        0.7640   16.9670   18.4670
  QMMM:    29       29      O       -0.3300   16.4340   18.6070
  QMMM:    30       30      N        1.8070   16.6980   19.2670
  QMMM:    31       31      C        1.7420   15.5200   20.1740
  QMMM:    32       32      C        2.1020   14.2780   19.4050
  QMMM:    33       33      C        1.8160   13.0480   20.2600
  QMMM:    34       34      N        0.5870   12.6390   20.3710
  QMMM:    35       35      N        2.8280   12.4480   20.8530
  QMMM:    36       36      H       13.3240   22.2470    9.0940
  QMMM:    37       37      H       11.8040   20.6950   11.0090
  QMMM:    38       38      H        9.4650   21.0410   11.5960
  QMMM:    39       39      H       11.6850   24.1880    9.8890
  QMMM:    40       40      H       10.3820   26.1760   10.4030
  QMMM:    41       41      H        8.6320   25.8780   10.2710
  QMMM:    42       42      H        9.3790   26.0940   11.8710
  QMMM:    43       43      H        7.3530   21.5830   12.5620
  QMMM:    44       44      H        5.4500   20.6790   13.9820
  QMMM:    45       45      H        5.2420   24.6690   12.7240
  QMMM:    46       46      H        2.9420   25.3660   13.6080
  QMMM:    47       47      H        1.7600   24.0370   13.5770
  QMMM:    48       48      H        2.4960   24.5380   15.1180
  QMMM:    49       49      H        3.8250   19.9800   15.5020
  QMMM:    50       50      H        3.2550   18.1480   16.9610
  QMMM:    51       51      H        0.0460   20.6380   15.8660
  QMMM:    52       52      H       -1.9190   19.5350   16.8930
  QMMM:    53       53      H       -1.7630   17.7620   16.8550
  QMMM:    54       54      H       -1.5830   18.6390   18.3930
  QMMM:    55       55      H        2.6240   17.2920   19.2490
  QMMM:    56       56      H        0.7310   15.4220   20.5700
  QMMM:    57       57      H        2.4460   15.6550   20.9950
  QMMM:    58       58      H        3.1610   14.3040   19.1490
  QMMM:    59       59      H        1.5080   14.2320   18.4920
  QMMM:    60       60      H        0.3740   11.8270   20.9320
  QMMM:    61       61      H       -0.1550   13.1340   19.8960
  QMMM:    62       62      H        2.6660   11.6310   21.4250
  QMMM:    63       63      H        3.7660   12.8050   20.7360

--------------------------------------------------------------------------------
  RESULTS
--------------------------------------------------------------------------------

      iter         sqm energy              rms gradient
      ----    -------------------    -----------------------
xmin    10      149.3694 kcal/mol        0.8766 kcal/(mol*A)
xmin    20      145.1828 kcal/mol        1.5991 kcal/(mol*A)
xmin    30      143.1558 kcal/mol        0.8281 kcal/(mol*A)
xmin    40      142.9881 kcal/mol        0.2086 kcal/(mol*A)
xmin    50      142.8873 kcal/mol        0.2368 kcal/(mol*A)
xmin    60      142.8412 kcal/mol        0.0483 kcal/(mol*A)
xmin    70      142.8232 kcal/mol        0.0837 kcal/(mol*A)
xmin    80      142.8120 kcal/mol        0.1135 kcal/(mol*A)
xmin    90      142.7870 kcal/mol        0.0634 kcal/(mol*A)
xmin   100      142.7640 kcal/mol        0.0297 kcal/(mol*A)
xmin   110      142.7557 kcal/mol        0.0158 kcal/(mol*A)
xmin   120      142.7486 kcal/mol        0.0272 kcal/(mol*A)
xmin   130      142.7453 kcal/mol        0.0306 kcal/(mol*A)
xmin   140      142.7423 kcal/mol        0.0150 kcal/(mol*A)
xmin   150      142.7420 kcal/mol        0.0178 kcal/(mol*A)
xmin   160      142.7411 kcal/mol        0.0059 kcal/(mol*A)
xmin   170      142.7407 kcal/mol        0.0124 kcal/(mol*A)
xmin   180      142.7403 kcal/mol        0.0122 kcal/(mol*A)
xmin   190      142.7399 kcal/mol        0.0068 kcal/(mol*A)
xmin   200      142.7395 kcal/mol        0.0039 kcal/(mol*A)
xmin   210      142.7392 kcal/mol        0.0055 kcal/(mol*A)
xmin   220      142.7391 kcal/mol        0.0040 kcal/(mol*A)
xmin   230      142.7391 kcal/mol        0.0013 kcal/(mol*A)
xmin   240      142.7387 kcal/mol        0.0052 kcal/(mol*A)
xmin   250      142.7386 kcal/mol        0.0042 kcal/(mol*A)
xmin   260      142.7385 kcal/mol        0.0037 kcal/(mol*A)
xmin   270      142.7385 kcal/mol        0.0012 kcal/(mol*A)
xmin   280      142.7385 kcal/mol        0.0051 kcal/(mol*A)
xmin   290      142.7385 kcal/mol        0.0024 kcal/(mol*A)
xmin   300      142.7385 kcal/mol        0.0029 kcal/(mol*A)
xmin   310      142.7384 kcal/mol        0.0018 kcal/(mol*A)
xmin   320      142.7384 kcal/mol        0.0016 kcal/(mol*A)
xmin   330      142.7384 kcal/mol        0.0011 kcal/(mol*A)
xmin   340      142.7384 kcal/mol        0.0007 kcal/(mol*A)
  ... geometry converged !
 
 Final MO eigenvalues (eV):
 -44.5009  -43.8439  -43.0910  -42.7624  -42.1664  -40.9276  -40.4272  -39.9675
 -39.2076  -38.6114  -37.7735  -37.3296  -36.8997  -35.8339  -34.9168  -34.3570
 -33.6271  -32.3693  -31.3879  -30.5580  -29.4597  -28.9923  -28.5059  -28.2016
 -26.9354  -26.1028  -25.7399  -25.4889  -25.0155  -23.9734  -23.6845  -23.6012
 -23.3621  -23.2148  -22.4593  -22.0408  -21.4406  -21.2273  -21.1626  -20.5645
 -20.3636  -20.2138  -19.6246  -19.4624  -19.3173  -18.8871  -18.7954  -18.7474
 -18.3762  -18.3345  -18.0022  -17.9736  -17.7423  -17.7289  -17.5756  -17.4173
 -17.3456  -16.9179  -16.8745  -16.7708  -16.7504  -16.4407  -16.4091  -16.2449
 -16.1763  -16.0658  -15.9187  -15.7545  -15.6889  -15.5901  -15.3414  -15.2891
 -14.9389  -14.8612  -14.5822  -14.5707  -14.4810  -14.3413  -14.1363  -13.7146
 -13.5710  -12.9836  -12.7626  -12.7101  -12.3809  -12.0587  -11.7247  -10.9335
 -10.7519  -10.5104   -9.8976   -9.6534   -4.4754   -3.1718   -2.5572   -2.0667
  -1.7327   -1.5237   -1.3350   -1.2189   -0.8276   -0.5763   -0.4915   -0.4346
  -0.2636   -0.2384   -0.1351   -0.0631    0.0549    0.0646    0.2956    0.4057
   0.5067    0.5919    0.6078    0.6939    0.7556    0.7978    0.9986    1.0320
   1.1202    1.3497    1.3790    1.4812    1.7127    1.8006    1.8848    1.8901
   1.9867    2.0071    2.1023    2.1830    2.2204    2.2417    2.4338    2.4798
   2.5347    2.6428    2.6899    2.7429    2.7624    2.7911    2.8837    2.9227
   2.9464    3.0243    3.0394    3.1649    3.2076    3.2340    3.3867    3.5232
   3.6900    3.8900    3.9157    3.9853    4.1321    4.2365    4.3918    4.4304
   4.6088    4.7185    4.7274    4.8794    5.1567    5.2508    5.6542    5.8733


 Heat of formation   =        142.73841182 kcal/mol  (        6.18960200 eV)

 Total SCF energy    =    -146152.43300783 kcal/mol  (    -6337.64507211 eV)
 Electronic energy   =   -1141829.26976071 kcal/mol  (   -49513.43262481 eV)
 Core-core repulsion =     995676.83675288 kcal/mol  (    43175.78755270 eV)
 
    Atomic Charges for Step       1 :
  Atom    Element       Mulliken Charge
     1      C                  0.264
     2      O                 -0.348
     3      N                 -0.317
     4      C                 -0.009
     5      C                 -0.187
     6      C                 -0.129
     7      N                 -0.067
     8      C                 -0.152
     9      C                 -0.083
    10      C                  0.383
    11      O                 -0.379
    12      N                 -0.290
    13      C                 -0.019
    14      C                 -0.182
    15      C                 -0.152
    16      N                 -0.070
    17      C                 -0.101
    18      C                 -0.083
    19      C                  0.391
    20      O                 -0.381
    21      N                 -0.299
    22      C                 -0.003
    23      C                 -0.166
    24      C                 -0.184
    25      N                 -0.065
    26      C                 -0.084
    27      C                 -0.083
    28      C                  0.405
    29      O                 -0.450
    30      N                 -0.387
    31      C                 -0.017
    32      C                 -0.196
    33      C                  0.277
    34      N                 -0.297
    35      N                 -0.332
    36      H                  0.134
    37      H                  0.238
    38      H                  0.151
    39      H                  0.179
    40      H                  0.098
    41      H                  0.114
    42      H                  0.115
    43      H                  0.239
    44      H                  0.145
    45      H                  0.213
    46      H                  0.104
    47      H                  0.111
    48      H                  0.111
    49      H                  0.241
    50      H                  0.149
    51      H                  0.222
    52      H                  0.112
    53      H                  0.101
    54      H                  0.111
    55      H                  0.247
    56      H                  0.120
    57      H                  0.118
    58      H                  0.133
    59      H                  0.161
    60      H                  0.264
    61      H                  0.321
    62      H                  0.266
    63      H                  0.278
 Total Mulliken Charge =       1.000
 
                  X        Y        Z     TOTAL  
  QM DIPOLE     5.490   68.650   92.508  115.329
 
 Final Structure

  QMMM: QM Region Cartesian Coordinates (*=link atom) 
  QMMM: QM_NO.   MM_NO.  ATOM         X         Y         Z
  QMMM:     1        1      C       13.2223   21.9175   10.1464
  QMMM:     2        2      O       14.1919   21.1531   10.2629
  QMMM:     3        3      N       12.1598   21.8387   11.0259
  QMMM:     4        4      C       11.0279   22.6365   10.9466
  QMMM:     5        5      C        9.7850   22.3900   11.6269
  QMMM:     6        6      C        8.9096   23.4416   11.2834
  QMMM:     7        7      N        9.5784   24.3130   10.4181
  QMMM:     8        8      C       10.8632   23.8404   10.2094
  QMMM:     9        9      C        9.0299   25.5026    9.8409
  QMMM:    10       10      C        7.5134   23.6635   11.7127
  QMMM:    11       11      O        6.8463   24.6454   11.3222
  QMMM:    12       12      N        6.9814   22.7176   12.5760
  QMMM:    13       13      C        5.6889   22.7590   13.0832
  QMMM:    14       14      C        5.1130   21.7873   13.9709
  QMMM:    15       15      C        3.7909   22.2056   14.2382
  QMMM:    16       16      N        3.5522   23.3972   13.5404
  QMMM:    17       17      C        4.6909   23.7429   12.8384
  QMMM:    18       18      C        2.3285   24.1398   13.5515
  QMMM:    19       19      C        2.7720   21.5670   15.0863
  QMMM:    20       20      O        1.6270   22.0426   15.2401
  QMMM:    21       21      N        3.1491   20.3855   15.7195
  QMMM:    22       22      C        2.3225   19.6538   16.5582
  QMMM:    23       23      C        2.6691   18.4289   17.2145
  QMMM:    24       24      C        1.5371   18.0244   17.9653
  QMMM:    25       25      N        0.5194   18.9730   17.7773
  QMMM:    26       26      C        0.9795   19.9613   16.9344
  QMMM:    27       27      C       -0.7786   18.9348   18.3793
  QMMM:    28       28      C        1.3803   16.8439   18.8070
  QMMM:    29       29      O        0.3006   16.5430   19.3796
  QMMM:    30       30      N        2.4795   16.0057   18.9553
  QMMM:    31       31      C        2.5169   14.9618   19.9306
  QMMM:    32       32      C        2.2010   13.5571   19.3752
  QMMM:    33       33      C        0.8916   12.9886   19.9133
  QMMM:    34       34      N       -0.2335   13.7124   19.7935
  QMMM:    35       35      N        0.9033   11.7496   20.4630
  QMMM:    36       36      H       13.1352   22.6992    9.3599
  QMMM:    37       37      H       12.1675   21.1418   11.7375
  QMMM:    38       38      H        9.5774   21.5491   12.2809
  QMMM:    39       39      H       11.5684   24.3697    9.5683
  QMMM:    40       40      H        9.8003   25.9967    9.1935
  QMMM:    41       41      H        8.1236   25.2422    9.2286
  QMMM:    42       42      H        8.7078   26.2047   10.6580
  QMMM:    43       43      H        7.5443   21.9516   12.8649
  QMMM:    44       44      H        5.6108   20.9035   14.3562
  QMMM:    45       45      H        4.7548   24.6389   12.2127
  QMMM:    46       46      H        2.4354   25.0477   12.9020
  QMMM:    47       47      H        1.4905   23.4937   13.1723
  QMMM:    48       48      H        2.0829   24.4484   14.6042
  QMMM:    49       49      H        4.0686   20.0343   15.5839
  QMMM:    50       50      H        3.6214   17.9127   17.1421
  QMMM:    51       51      H        0.3705   20.8220   16.6340
  QMMM:    52       52      H       -1.3477   19.8613   18.1032
  QMMM:    53       53      H       -1.3343   18.0262   18.0210
  QMMM:    54       54      H       -0.6765   18.8678   19.4967
  QMMM:    55       55      H        3.3380   16.2617   18.5253
  QMMM:    56       56      H        1.8095   15.2108   20.7744
  QMMM:    57       57      H        3.5599   14.9168   20.3637
  QMMM:    58       58      H        3.0543   12.8760   19.6395
  QMMM:    59       59      H        2.1226   13.5649   18.2514
  QMMM:    60       60      H       -1.1185   13.3979   20.1296
  QMMM:    61       61      H       -0.1811   14.6537   19.4277
  QMMM:    62       62      H        0.0837   11.3067   20.8171
  QMMM:    63       63      H        1.7594   11.2409   20.5060
 
           --------- Calculation Completed ----------
 
