            --------------------------------------------------------
                             AMBER SQM VERSION 19
 
                                     By
              Ross C. Walker, Michael F. Crowley, Scott Brozell,
                         Tim Giese, Andreas W. Goetz,
                        Tai-Sung Lee and David A. Case
 
            --------------------------------------------------------
 

--------------------------------------------------------------------------------
  QM CALCULATION INFO
--------------------------------------------------------------------------------

| QMMM: Citation for AMBER QMMM Run:
| QMMM: R.C. Walker, M.F. Crowley and D.A. Case, J. COMP. CHEM. 29:1019, 2008

QMMM: SINGLET STATE CALCULATION
QMMM: RHF CALCULATION, NO. OF DOUBLY OCCUPIED LEVELS = 66

| QMMM: *** Selected Hamiltonian *** 
| QMMM: AM1         

| QMMM: *** Parameter sets in use ***
| QMMM: C : M.J.S.DEWAR et al. JACS, 107, 3902, (1985)
| QMMM: N : M.J.S.DEWAR et al. JACS, 107, 3902, (1985)
| QMMM: O : M.J.S.DEWAR et al. JACS, 107, 3902, (1985)
| QMMM: H : M.J.S.DEWAR et al. JACS, 107, 3902, (1985)

| QMMM: *** SCF convergence criteria ***
| QMMM: Energy change                :  0.1D-09 kcal/mol
| QMMM: Error matrix |FP-PF|         :  0.1D+00 au
| QMMM: Density matrix change        :  0.5D-06
| QMMM: Maximum number of SCF cycles :     1000
 
| QMMM: *** Diagonalization Routine Information ***
| QMMM: Pseudo diagonalizations are allowed.
| QMMM: Auto diagonalization routine selection is in use.
| QMMM:
| QMMM: Timing diagonalization routines:
| QMMM:                              norbs =      124
| QMMM:    diag iterations used for timing =       10
| QMMM:
| QMMM:              Internal diag routine = 0.639520 seconds
| QMMM:                 Dspev diag routine = 1.959737 seconds
| QMMM:                Dspevd diag routine = 1.441524 seconds
| QMMM:                Dspevx diag routine = 2.188596 seconds
| QMMM:                 Dsyev diag routine = 1.919700 seconds
| QMMM:                Dsyevd diag routine = 2.592881 seconds
| QMMM:                Dsyevr diag routine = 1.976425 seconds
| QMMM:
| QMMM:                Pseudo diag routine = 0.007353 seconds
| QMMM:
| QMMM: Using internal diagonalization routine (diag_routine=1).

  QMMM: QM Region Cartesian Coordinates (*=link atom) 
  QMMM: QM_NO.   MM_NO.  ATOM         X         Y         Z
  QMMM:     1        1      C        9.8770   24.8530    5.8620
  QMMM:     2        2      C       10.9430   24.0160    5.4300
  QMMM:     3        3      C       11.8100   24.4330    4.3800
  QMMM:     4        4      C       11.6270   25.6770    3.7350
  QMMM:     5        5      C       10.5770   26.5000    4.1730
  QMMM:     6        6      C        9.7120   26.0910    5.2230
  QMMM:     7        7      C       12.3970   26.0510    2.6280
  QMMM:     8        8      C        9.3290   23.4010    7.6290
  QMMM:     9        9      C        8.4820   23.2980    8.8730
  QMMM:    10       10      C        8.9510   19.6000   13.5980
  QMMM:    11       11      C       10.3290   19.4170   13.7960
  QMMM:    12       12      C       10.8000   18.6670   14.9020
  QMMM:    13       13      C        9.9000   18.0830   15.8000
  QMMM:    14       14      C        8.5140   18.2590   15.6030
  QMMM:    15       15      C        8.0510   19.0150   14.5050
  QMMM:    16       16      C       10.3410   17.3040   16.8610
  QMMM:    17       17      C        9.1960   20.8550   11.5900
  QMMM:    18       18      C        8.2890   21.7360   10.7290
  QMMM:    19       19      N       12.2670   27.2670    2.1270
  QMMM:    20       20      N       13.1580   25.1640    2.0020
  QMMM:    21       21      N        9.6040   17.1330   17.9580
  QMMM:    22       22      N       11.5320   16.6830   16.7990
  QMMM:    23       23      O        8.9700   24.5380    6.8600
  QMMM:    24       24      O        8.3620   20.3150   12.5860
  QMMM:    25       25      O        9.0130   22.2030    9.5990
  QMMM:    26       26      H       11.1000   23.0560    5.8990
  QMMM:    27       27      H       12.6230   23.7950    4.0650
  QMMM:    28       28      H       10.4160   27.4620    3.7100
  QMMM:    29       29      H        8.9150   26.7540    5.5270
  QMMM:    30       30      H        9.2010   22.5010    7.0270
  QMMM:    31       31      H       10.3800   23.4700    7.9100
  QMMM:    32       32      H        7.4520   23.0800    8.5920
  QMMM:    33       33      H        8.5910   24.2090    9.4610
  QMMM:    34       34      H       11.0360   19.8490   13.1030
  QMMM:    35       35      H       11.8610   18.5420   15.0570
  QMMM:    36       36      H        7.8100   17.8160   16.2920
  QMMM:    37       37      H        6.9870   19.1410   14.3670
  QMMM:    38       38      H        9.9630   21.4730   12.0560
  QMMM:    39       39      H        9.6010   20.0470   10.9800
  QMMM:    40       40      H        7.9450   22.5870   11.3170
  QMMM:    41       41      H        7.4290   21.1550   10.3950
  QMMM:    42       42      H       12.8190   27.5460    1.3280
  QMMM:    43       43      H       11.6160   27.9180    2.5430
  QMMM:    44       44      H       13.7100   25.4450    1.2040
  QMMM:    45       45      H       13.1860   24.2070    2.3230
  QMMM:    46       46      H        9.9500   16.5610   18.7150
  QMMM:    47       47      H        8.6990   17.5760   18.0330
  QMMM:    48       48      H       11.8480   16.1170   17.5740
  QMMM:    49       49      H       12.1110   16.7820   15.9770

--------------------------------------------------------------------------------
  RESULTS
--------------------------------------------------------------------------------

      iter         sqm energy              rms gradient
      ----    -------------------    -----------------------
xmin    10      249.3514 kcal/mol        0.2655 kcal/(mol*A)
xmin    20      248.8792 kcal/mol        0.3856 kcal/(mol*A)
xmin    30      248.7276 kcal/mol        0.1179 kcal/(mol*A)
xmin    40      248.6115 kcal/mol        0.0990 kcal/(mol*A)
xmin    50      248.4849 kcal/mol        0.1246 kcal/(mol*A)
xmin    60      248.4456 kcal/mol        0.1025 kcal/(mol*A)
xmin    70      248.3970 kcal/mol        0.3193 kcal/(mol*A)
xmin    80      248.3089 kcal/mol        0.1704 kcal/(mol*A)
xmin    90      248.2824 kcal/mol        0.0938 kcal/(mol*A)
xmin   100      248.2689 kcal/mol        0.2143 kcal/(mol*A)
xmin   110      248.2614 kcal/mol        0.0287 kcal/(mol*A)
xmin   120      248.2586 kcal/mol        0.0718 kcal/(mol*A)
xmin   130      248.2346 kcal/mol        0.1758 kcal/(mol*A)
xmin   140      248.2182 kcal/mol        0.0901 kcal/(mol*A)
xmin   150      248.2013 kcal/mol        0.0203 kcal/(mol*A)
xmin   160      248.2000 kcal/mol        0.0239 kcal/(mol*A)
xmin   170      248.1987 kcal/mol        0.0100 kcal/(mol*A)
xmin   180      248.1982 kcal/mol        0.0080 kcal/(mol*A)
xmin   190      248.1979 kcal/mol        0.0190 kcal/(mol*A)
xmin   200      248.1977 kcal/mol        0.0031 kcal/(mol*A)
xmin   210      248.1974 kcal/mol        0.0033 kcal/(mol*A)
xmin   220      248.1974 kcal/mol        0.0051 kcal/(mol*A)
xmin   230      248.1972 kcal/mol        0.0089 kcal/(mol*A)
xmin   240      248.1971 kcal/mol        0.0011 kcal/(mol*A)
xmin   250      248.1971 kcal/mol        0.0013 kcal/(mol*A)
xmin   260      248.1971 kcal/mol        0.0028 kcal/(mol*A)
xmin   270      248.1971 kcal/mol        0.0013 kcal/(mol*A)
  ... geometry converged !
 
 Final MO eigenvalues (eV):
 -45.9698  -45.9617  -44.8016  -44.6806  -43.1594  -42.3729  -41.9383  -39.7594
 -39.7591  -37.0952  -36.7061  -36.4999  -36.0566  -35.1153  -33.6506  -30.2513
 -30.1219  -29.1002  -28.8851  -27.5831  -27.5455  -27.0616  -26.7770  -24.9086
 -24.9041  -24.6798  -24.6658  -23.7301  -23.6260  -22.2864  -22.2825  -22.2708
 -21.8175  -21.5166  -21.4939  -21.4689  -20.9873  -20.6852  -20.4960  -20.2564
 -20.1595  -20.1110  -19.7579  -19.6407  -19.2577  -19.1420  -18.7345  -18.4122
 -18.3242  -18.1095  -18.0370  -17.9736  -17.3251  -16.9029  -16.8265  -16.6602
 -16.6597  -16.5015  -16.4183  -16.3243  -16.2066  -14.8295  -14.8284  -14.6463
 -13.9530  -13.9467   -5.7567   -5.7554   -4.5068   -4.5067   -4.4299   -4.4290
  -4.1568   -4.1567   -2.9850   -2.9838   -2.4965   -2.4771   -2.3190   -2.2243
  -2.1413   -2.1402   -1.2917   -1.2368   -1.2163   -1.1105   -1.0997   -0.8272
  -0.8218   -0.6069   -0.6053   -0.5952   -0.5925   -0.4503   -0.4468   -0.3873
  -0.3565   -0.3135   -0.2975   -0.1762   -0.1651   -0.1280   -0.0325   -0.0166
   0.0399    0.1803    0.2175    0.2218    0.3227    0.3244    0.3741    0.4014
   0.4441    0.4579    0.4674    0.4866    0.4981    0.5404    0.5664    0.8217
   0.8260    1.7889    1.7901    2.0229

 Heat of formation   =        248.19707104 kcal/mol  (       10.76263263 eV)

 Total SCF energy    =    -101706.46739735 kcal/mol  (    -4410.32337702 eV)
 Electronic energy   =    -681816.08087526 kcal/mol  (   -29565.76388167 eV)
 Core-core repulsion =     580109.61347791 kcal/mol  (    25155.44050466 eV)
 
    Atomic Charges for Step       1 :
  Atom    Element       Mulliken Charge
     1      C                  0.163
     2      C                 -0.211
     3      C                 -0.031
     4      C                 -0.225
     5      C                 -0.045
     6      C                 -0.154
     7      C                  0.351
     8      C                 -0.032
     9      C                 -0.025
    10      C                  0.163
    11      C                 -0.211
    12      C                 -0.031
    13      C                 -0.225
    14      C                 -0.046
    15      C                 -0.154
    16      C                  0.351
    17      C                 -0.032
    18      C                 -0.025
    19      N                 -0.317
    20      N                 -0.318
    21      N                 -0.316
    22      N                 -0.319
    23      O                 -0.193
    24      O                 -0.193
    25      O                 -0.287
    26      H                  0.167
    27      H                  0.150
    28      H                  0.153
    29      H                  0.182
    30      H                  0.101
    31      H                  0.117
    32      H                  0.099
    33      H                  0.107
    34      H                  0.167
    35      H                  0.150
    36      H                  0.153
    37      H                  0.182
    38      H                  0.102
    39      H                  0.116
    40      H                  0.099
    41      H                  0.107
    42      H                  0.270
    43      H                  0.284
    44      H                  0.270
    45      H                  0.283
    46      H                  0.270
    47      H                  0.285
    48      H                  0.270
    49      H                  0.283
 Total Mulliken Charge =       2.000
 
                  X        Y        Z     TOTAL  
  QM DIPOLE   104.676  209.014   93.048  251.599
 
 Final Structure

  QMMM: QM Region Cartesian Coordinates (*=link atom) 
  QMMM: QM_NO.   MM_NO.  ATOM         X         Y         Z
  QMMM:     1        1      C       10.1676   24.4658    6.0536
  QMMM:     2        2      C       10.8900   23.6223    5.1915
  QMMM:     3        3      C       11.5158   24.1593    4.0730
  QMMM:     4        4      C       11.4385   25.5347    3.8112
  QMMM:     5        5      C       10.7257   26.3793    4.6829
  QMMM:     6        6      C       10.0898   25.8556    5.7940
  QMMM:     7        7      C       12.1032   26.1031    2.6157
  QMMM:     8        8      C        9.4789   22.6408    7.4424
  QMMM:     9        9      C        8.5435   22.4780    8.6368
  QMMM:    10       10      C        9.1462   19.8274   13.4574
  QMMM:    11       11      C       10.2957   20.0902   14.2229
  QMMM:    12       12      C       10.6219   19.2496   15.2803
  QMMM:    13       13      C        9.8072   18.1504   15.5872
  QMMM:    14       14      C        8.6606   17.8852   14.8151
  QMMM:    15       15      C        8.3299   18.7092   13.7547
  QMMM:    16       16      C       10.1470   17.2678   16.7273
  QMMM:    17       17      C        9.4682   21.7749   12.1017
  QMMM:    18       18      C        8.6747   22.4772   11.0039
  QMMM:    19       19      N       12.8280   27.2379    2.7506
  QMMM:    20       20      N       11.9638   25.4681    1.4286
  QMMM:    21       21      N        9.1646   16.9026   17.5832
  QMMM:    22       22      N       11.4282   16.8570   16.8756
  QMMM:    23       23      O        9.5009   24.0564    7.1714
  QMMM:    24       24      O        8.7182   20.5816   12.4040
  QMMM:    25       25      O        9.3671   22.2434    9.7783
  QMMM:    26       26      H       10.9701   22.5432    5.3932
  QMMM:    27       27      H       12.0898   23.4901    3.4109
  QMMM:    28       28      H       10.6437   27.4597    4.4788
  QMMM:    29       29      H        9.5185   26.5002    6.4814
  QMMM:    30       30      H        9.0734   22.0981    6.5500
  QMMM:    31       31      H       10.5172   22.2946    7.6848
  QMMM:    32       32      H        7.8796   21.5860    8.4836
  QMMM:    33       33      H        7.9188   23.4001    8.7785
  QMMM:    34       34      H       10.9403   20.9531   13.9963
  QMMM:    35       35      H       11.5158   19.4761   15.8846
  QMMM:    36       36      H        8.0260   17.0099   15.0315
  QMMM:    37       37      H        7.4402   18.5126   13.1348
  QMMM:    38       38      H        9.5257   22.4191   13.0167
  QMMM:    39       39      H       10.4923   21.4882   11.7477
  QMMM:    40       40      H        8.6508   23.5825   11.1975
  QMMM:    41       41      H        7.6277   22.0748   10.9537
  QMMM:    42       42      H       13.2786   27.6908    1.9854
  QMMM:    43       43      H       12.9220   27.6431    3.6582
  QMMM:    44       44      H       12.3961   25.7841    0.5877
  QMMM:    45       45      H       11.3847   24.6563    1.3827
  QMMM:    46       46      H        9.3151   16.2933   18.3577
  QMMM:    47       47      H        8.2450   17.2654   17.4425
  QMMM:    48       48      H       11.7315   16.2806   17.6302
  QMMM:    49       49      H       12.1021   17.1286   16.1914
 
           --------- Calculation Completed ----------
 
