            --------------------------------------------------------
                             AMBER SQM VERSION 19
 
                                     By
              Ross C. Walker, Michael F. Crowley, Scott Brozell,
                         Tim Giese, Andreas W. Goetz,
                        Tai-Sung Lee and David A. Case
 
            --------------------------------------------------------
 

--------------------------------------------------------------------------------
  QM CALCULATION INFO
--------------------------------------------------------------------------------

| QMMM: Citation for AMBER QMMM Run:
| QMMM: R.C. Walker, M.F. Crowley and D.A. Case, J. COMP. CHEM. 29:1019, 2008

QMMM: SINGLET STATE CALCULATION
QMMM: RHF CALCULATION, NO. OF DOUBLY OCCUPIED LEVELS =101

| QMMM: *** Selected Hamiltonian *** 
| QMMM: AM1         

| QMMM: *** Parameter sets in use ***
| QMMM: N : M.J.S.DEWAR et al. JACS, 107, 3902, (1985)
| QMMM: C : M.J.S.DEWAR et al. JACS, 107, 3902, (1985)
| QMMM: O : M.J.S.DEWAR et al. JACS, 107, 3902, (1985)
| QMMM: H : M.J.S.DEWAR et al. JACS, 107, 3902, (1985)

| QMMM: *** SCF convergence criteria ***
| QMMM: Energy change                :  0.1D-09 kcal/mol
| QMMM: Error matrix |FP-PF|         :  0.1D+00 au
| QMMM: Density matrix change        :  0.5D-06
| QMMM: Maximum number of SCF cycles :     1000
 
| QMMM: *** Diagonalization Routine Information ***
| QMMM: Pseudo diagonalizations are allowed.
| QMMM: Auto diagonalization routine selection is in use.
| QMMM:
| QMMM: Timing diagonalization routines:
| QMMM:                              norbs =      193
| QMMM:    diag iterations used for timing =        5
| QMMM:
| QMMM:              Internal diag routine = 0.244898 seconds
| QMMM:                 Dspev diag routine = 6.846156 seconds
| QMMM:                Dspevd diag routine = 1.112629 seconds
| QMMM:                Dspevx diag routine = 5.448284 seconds
| QMMM:                 Dsyev diag routine = 4.227983 seconds
| QMMM:                Dsyevd diag routine = 4.665198 seconds
| QMMM:                Dsyevr diag routine = 4.277247 seconds
| QMMM:
| QMMM:                Pseudo diag routine = 0.301428 seconds
| QMMM: Pseudo diagonalization appears to be slower than regular
| QMMM: diagonalization. Setting pseudo_diag=0 for optimum performance.
| QMMM:
| QMMM: Using internal diagonalization routine (diag_routine=1).

  QMMM: QM Region Cartesian Coordinates (*=link atom) 
  QMMM: QM_NO.   MM_NO.  ATOM         X         Y         Z
  QMMM:     1        1      N       12.5020   16.6410   82.2500
  QMMM:     2        2      C       11.3040   16.8190   83.1230
  QMMM:     3        3      C       10.0470   16.8740   82.2330
  QMMM:     4        4      N       10.2180   18.1530   81.6660
  QMMM:     5        5      C        9.8720   18.8540   82.8310
  QMMM:     6        6      C       11.1600   18.2610   83.6560
  QMMM:     7        7      C        9.6480   18.5510   80.5830
  QMMM:     8        8      C       10.3120   19.3570   79.6270
  QMMM:     9        9      C        9.4720   19.8870   78.6500
  QMMM:    10       10      C        8.1020   19.5390   78.6990
  QMMM:    11       11      C        7.5720   18.6930   79.6370
  QMMM:    12       12      C        8.3550   18.1680   80.5840
  QMMM:    13       13      N        9.5520   20.7440   77.5690
  QMMM:    14       14      C        8.2580   20.8930   77.0310
  QMMM:    15       15      N        7.4040   20.2000   77.7100
  QMMM:    16       16      C        7.8050   21.6030   75.9990
  QMMM:    17       17      C        8.6630   22.0060   75.0200
  QMMM:    18       18      C        8.1880   22.7630   73.9610
  QMMM:    19       19      C        6.8780   23.1440   73.8470
  QMMM:    20       20      C        6.0000   22.6900   74.8760
  QMMM:    21       21      C        6.4590   21.9090   75.9650
  QMMM:    22       22      N        8.8080   23.2470   72.9130
  QMMM:    23       23      C        7.9510   23.9530   72.1400
  QMMM:    24       24      N        6.7670   23.9490   72.6930
  QMMM:    25       25      C        8.3600   24.5390   70.9790
  QMMM:    26       26      C        9.5700   24.2240   70.3180
  QMMM:    27       27      C        9.8970   24.9260   69.1280
  QMMM:    28       28      C        9.0210   25.9250   68.6540
  QMMM:    29       29      C        7.8210   26.1810   69.3410
  QMMM:    30       30      C        7.4660   25.4920   70.5090
  QMMM:    31       31      N       10.9220   24.9120   68.2360
  QMMM:    32       32      C       10.6640   25.8850   67.2560
  QMMM:    33       33      N        9.5310   26.5210   67.5100
  QMMM:    34       34      C       11.4700   26.1400   66.1660
  QMMM:    35       35      C       12.5630   25.3110   66.0000
  QMMM:    36       36      C       13.3290   25.4200   64.8280
  QMMM:    37       37      C       12.9880   26.3720   63.8210
  QMMM:    38       38      C       11.9030   27.2810   64.0430
  QMMM:    39       39      C       11.1460   27.1470   65.2310
  QMMM:    40       40      O       13.7000   26.3200   62.6060
  QMMM:    41       41      C       13.7350   25.1080   61.7960
  QMMM:    42       42      H       13.3340   16.6030   82.8220
  QMMM:    43       43      H       12.4140   15.7810   81.7280
  QMMM:    44       44      H       12.5700   17.4180   81.6090
  QMMM:    45       45      H       11.2360   16.0670   83.9090
  QMMM:    46       46      H        9.1620   16.8830   82.8690
  QMMM:    47       47      H       10.1350   16.1230   81.4480
  QMMM:    48       48      H        8.9690   18.4030   83.2430
  QMMM:    49       49      H       10.0430   19.9150   82.6520
  QMMM:    50       50      H       12.0500   18.8330   83.3940
  QMMM:    51       51      H       10.9230   18.2300   84.7200
  QMMM:    52       52      H       11.3780   19.5120   79.6990
  QMMM:    53       53      H        6.5200   18.4500   79.6120
  QMMM:    54       54      H        7.9990   17.4690   81.3270
  QMMM:    55       55      H       10.4430   21.1370   77.3010
  QMMM:    56       56      H        9.7070   21.7350   75.0720
  QMMM:    57       57      H        4.9500   22.9400   74.8390
  QMMM:    58       58      H        5.8050   21.5550   76.7480
  QMMM:    59       59      H        9.7930   23.0670   72.7810
  QMMM:    60       60      H       10.2230   23.4630   70.7200
  QMMM:    61       61      H        7.1370   26.9300   68.9720
  QMMM:    62       62      H        6.5430   25.6750   71.0400
  QMMM:    63       63      H       11.6890   24.2660   68.3580
  QMMM:    64       64      H       12.8170   24.5930   66.7650
  QMMM:    65       65      H       14.1860   24.7790   64.6820
  QMMM:    66       66      H       11.6800   28.0450   63.3120
  QMMM:    67       67      H       10.3200   27.8160   65.4220
  QMMM:    68       68      H       14.3370   25.2830   60.9040
  QMMM:    69       69      H       14.1730   24.2960   62.3760
  QMMM:    70       70      H       12.7210   24.8380   61.5020

--------------------------------------------------------------------------------
  RESULTS
--------------------------------------------------------------------------------

      iter         sqm energy              rms gradient
      ----    -------------------    -----------------------
xmin    10      359.5464 kcal/mol        0.6439 kcal/(mol*A)
xmin    20      356.7728 kcal/mol        0.2817 kcal/(mol*A)
xmin    30      356.1814 kcal/mol        0.2787 kcal/(mol*A)
xmin    40      355.9427 kcal/mol        0.1154 kcal/(mol*A)
xmin    50      355.8791 kcal/mol        0.1619 kcal/(mol*A)
xmin    60      355.8545 kcal/mol        0.0249 kcal/(mol*A)
xmin    70      355.8464 kcal/mol        0.0241 kcal/(mol*A)
xmin    80      355.8439 kcal/mol        0.0135 kcal/(mol*A)
xmin    90      355.8430 kcal/mol        0.0076 kcal/(mol*A)
xmin   100      355.8429 kcal/mol        0.0016 kcal/(mol*A)
xmin   110      355.8428 kcal/mol        0.0015 kcal/(mol*A)
  ... geometry converged !
 
 Final MO eigenvalues (eV):
 -45.1738  -43.7038  -43.1175  -42.7039  -41.6732  -41.5147  -39.9106  -39.3779
 -38.7702  -38.0800  -36.0252  -35.3076  -35.1318  -34.9371  -33.5050  -33.4069
 -33.0279  -32.9588  -32.3767  -32.2586  -31.4786  -30.7129  -29.6469  -28.8660
 -27.1257  -26.5242  -26.3662  -25.7594  -25.1998  -24.9546  -24.6834  -24.4597
 -24.1847  -24.0514  -24.0359  -23.4532  -23.0541  -22.5957  -22.3937  -22.0273
 -21.3910  -20.5446  -20.2618  -20.0930  -19.6670  -19.5826  -19.2910  -19.0396
 -18.8797  -18.4530  -18.1906  -18.0657  -17.8793  -17.7358  -17.6317  -17.5677
 -17.4254  -17.2367  -17.1497  -17.1082  -16.9870  -16.7519  -16.6592  -16.5589
 -16.4965  -16.3972  -16.2837  -16.1663  -16.0581  -15.9244  -15.8298  -15.6334
 -15.4090  -14.9896  -14.8761  -14.7628  -14.7235  -14.4331  -14.3242  -14.1832
 -14.0610  -13.7587  -13.7184  -13.7049  -13.4741  -13.2710  -13.0962  -13.0109
 -12.9514  -12.8960  -12.6550  -12.5853  -12.3330  -11.4035  -11.2901  -11.0407
 -10.7950  -10.6222  -10.3338  -10.2221   -9.6194   -3.8911   -2.5598   -1.9834
  -1.8772   -1.8530   -1.8218   -1.7198   -1.4864   -1.1430   -1.0689   -1.0061
  -0.9041   -0.8334   -0.7358   -0.7225   -0.6804   -0.3907   -0.1867   -0.0551
   0.1002    0.2126    0.2415    0.3078    0.4758    0.5059    0.5408    0.5982
   0.6467    1.0262    1.1316    1.2253    1.3269    1.3821    1.3850    1.5598
   1.5874    1.6572    1.7310    1.7989    1.9298    2.0023    2.0207    2.1327
   2.1640    2.2213    2.2760    2.3757    2.5026    2.5402    2.6325    2.6889
   2.7248    2.7366    2.7894    2.8392    2.8927    2.9698    3.0239    3.0500
   3.0659    3.0689    3.0870    3.1263    3.2062    3.2567    3.2957    3.3303
   3.4144    3.4538    3.5454    3.6151    3.7327    3.7911    3.7955    3.8629
   3.9099    3.9610    4.1122    4.1301    4.2139    4.2178    4.2509    4.3314
   4.3714    4.5891    4.6314    4.6683    4.7621    5.0350    5.1971    5.3005
   5.4790

 Heat of formation   =        355.84282573 kcal/mol  (       15.43050283 eV)

 Total SCF energy    =    -148996.35879782 kcal/mol  (    -6460.96694843 eV)
 Electronic energy   =   -1264442.13822722 kcal/mol  (   -54830.32558116 eV)
 Core-core repulsion =    1115445.77942939 kcal/mol  (    48369.35863273 eV)
 
    Atomic Charges for Step       1 :
  Atom    Element       Mulliken Charge
     1      N                 -0.065
     2      C                 -0.091
     3      C                 -0.100
     4      N                 -0.218
     5      C                 -0.097
     6      C                 -0.199
     7      C                 -0.037
     8      C                 -0.091
     9      C                 -0.035
    10      C                 -0.048
    11      C                 -0.054
    12      C                 -0.179
    13      N                 -0.235
    14      C                  0.097
    15      N                 -0.126
    16      C                 -0.043
    17      C                 -0.116
    18      C                 -0.037
    19      C                 -0.042
    20      C                 -0.073
    21      C                 -0.106
    22      N                 -0.240
    23      C                  0.088
    24      N                 -0.128
    25      C                 -0.035
    26      C                 -0.118
    27      C                 -0.036
    28      C                 -0.045
    29      C                 -0.075
    30      C                 -0.107
    31      N                 -0.240
    32      C                  0.089
    33      N                 -0.135
    34      C                 -0.084
    35      C                 -0.076
    36      C                 -0.211
    37      C                  0.104
    38      C                 -0.162
    39      C                 -0.049
    40      O                 -0.203
    41      C                 -0.079
    42      H                  0.250
    43      H                  0.253
    44      H                  0.265
    45      H                  0.158
    46      H                  0.126
    47      H                  0.120
    48      H                  0.122
    49      H                  0.116
    50      H                  0.114
    51      H                  0.141
    52      H                  0.144
    53      H                  0.163
    54      H                  0.125
    55      H                  0.263
    56      H                  0.132
    57      H                  0.162
    58      H                  0.157
    59      H                  0.259
    60      H                  0.134
    61      H                  0.159
    62      H                  0.157
    63      H                  0.258
    64      H                  0.130
    65      H                  0.144
    66      H                  0.159
    67      H                  0.160
    68      H                  0.114
    69      H                  0.074
    70      H                  0.078
 Total Mulliken Charge =       1.000
 
                  X        Y        Z     TOTAL  
  QM DIPOLE    65.125   82.777  393.879  407.718
 
 Final Structure

  QMMM: QM Region Cartesian Coordinates (*=link atom) 
  QMMM: QM_NO.   MM_NO.  ATOM         X         Y         Z
  QMMM:     1        1      N       12.9431   17.1329   83.4610
  QMMM:     2        2      C       11.5339   16.6666   83.2274
  QMMM:     3        3      C       11.0914   16.9909   81.7718
  QMMM:     4        4      N       10.5630   18.3573   81.8143
  QMMM:     5        5      C       10.0158   18.5801   83.1622
  QMMM:     6        6      C       10.5301   17.4609   84.0859
  QMMM:     7        7      C        9.6402   18.6468   80.7502
  QMMM:     8        8      C        9.9817   19.6715   79.8574
  QMMM:     9        9      C        9.0765   19.9568   78.8318
  QMMM:    10       10      C        7.8274   19.2250   78.6829
  QMMM:    11       11      C        7.5215   18.2043   79.5932
  QMMM:    12       12      C        8.4210   17.9306   80.6082
  QMMM:    13       13      N        9.0969   20.8859   77.7911
  QMMM:    14       14      C        7.8874   20.7151   77.0693
  QMMM:    15       15      N        7.1180   19.7226   77.5782
  QMMM:    16       16      C        7.5581   21.5570   75.9155
  QMMM:    17       17      C        8.5648   21.9433   75.0287
  QMMM:    18       18      C        8.1926   22.7522   73.9536
  QMMM:    19       19      C        6.8129   23.1808   73.7637
  QMMM:    20       20      C        5.8331   22.7587   74.6718
  QMMM:    21       21      C        6.2154   21.9524   75.7329
  QMMM:    22       22      N        8.9119   23.3099   72.8948
  QMMM:    23       23      C        7.9840   24.0499   72.1189
  QMMM:    24       24      N        6.7261   23.9872   72.6160
  QMMM:    25       25      C        8.4036   24.7898   70.9246
  QMMM:    26       26      C        9.3455   24.2305   70.0601
  QMMM:    27       27      C        9.7083   24.9807   68.9396
  QMMM:    28       28      C        9.1340   26.2939   68.6823
  QMMM:    29       29      C        8.1840   26.8124   69.5726
  QMMM:    30       30      C        7.8291   26.0554   70.6785
  QMMM:    31       31      N       10.5948   24.7411   67.8877
  QMMM:    32       32      C       10.5372   25.8767   67.0412
  QMMM:    33       33      N        9.6767   26.8186   67.4970
  QMMM:    34       34      C       11.3491   25.9735   65.8276
  QMMM:    35       35      C       11.6404   24.8365   65.0660
  QMMM:    36       36      C       12.4104   24.9384   63.9097
  QMMM:    37       37      C       12.8891   26.1936   63.5119
  QMMM:    38       38      C       12.5939   27.3461   64.2671
  QMMM:    39       39      C       11.8252   27.2298   65.4164
  QMMM:    40       40      O       13.6637   26.4160   62.3950
  QMMM:    41       41      C       13.9350   25.2831   61.5755
  QMMM:    42       42      H       13.2074   16.9828   84.4379
  QMMM:    43       43      H       13.5848   16.6221   82.8488
  QMMM:    44       44      H       13.0053   18.1357   83.2450
  QMMM:    45       45      H       11.5062   15.5624   83.4379
  QMMM:    46       46      H       10.3305   16.2174   81.4651
  QMMM:    47       47      H       11.9344   16.9560   81.0310
  QMMM:    48       48      H        8.8908   18.6047   83.1775
  QMMM:    49       49      H       10.3859   19.5848   83.5046
  QMMM:    50       50      H       10.9700   17.8758   85.0246
  QMMM:    51       51      H        9.6939   16.7748   84.3784
  QMMM:    52       52      H       10.9184   20.2373   79.9576
  QMMM:    53       53      H        6.5815   17.6393   79.4973
  QMMM:    54       54      H        8.1741   17.1353   81.3289
  QMMM:    55       55      H        9.7709   21.5877   77.6381
  QMMM:    56       56      H        9.6042   21.6122   75.1521
  QMMM:    57       57      H        4.7837   23.0619   74.5381
  QMMM:    58       58      H        5.4530   21.6074   76.4500
  QMMM:    59       59      H        9.8791   23.2345   72.7311
  QMMM:    60       60      H        9.7706   23.2333   70.2344
  QMMM:    61       61      H        7.7299   27.7976   69.3893
  QMMM:    62       62      H        7.0752   26.4456   71.3814
  QMMM:    63       63      H       11.1365   23.9326   67.7446
  QMMM:    64       64      H       11.2505   23.8497   65.3580
  QMMM:    65       65      H       12.6268   24.0371   63.3198
  QMMM:    66       66      H       12.9733   28.3227   63.9329
  QMMM:    67       67      H       11.5837   28.1296   66.0053
  QMMM:    68       68      H       14.5424   25.7110   60.7377
  QMMM:    69       69      H       14.5244   24.5216   62.1414
  QMMM:    70       70      H       12.9858   24.8392   61.1889
 
           --------- Calculation Completed ----------
 
