            --------------------------------------------------------
                             AMBER SQM VERSION 19
 
                                     By
              Ross C. Walker, Michael F. Crowley, Scott Brozell,
                         Tim Giese, Andreas W. Goetz,
                        Tai-Sung Lee and David A. Case
 
            --------------------------------------------------------
 

--------------------------------------------------------------------------------
  QM CALCULATION INFO
--------------------------------------------------------------------------------

| QMMM: Citation for AMBER QMMM Run:
| QMMM: R.C. Walker, M.F. Crowley and D.A. Case, J. COMP. CHEM. 29:1019, 2008

QMMM: SINGLET STATE CALCULATION
QMMM: RHF CALCULATION, NO. OF DOUBLY OCCUPIED LEVELS = 66

| QMMM: *** Selected Hamiltonian *** 
| QMMM: AM1         

| QMMM: *** Parameter sets in use ***
| QMMM: C : M.J.S.DEWAR et al. JACS, 107, 3902, (1985)
| QMMM: O : M.J.S.DEWAR et al. JACS, 107, 3902, (1985)
| QMMM: N : M.J.S.DEWAR et al. JACS, 107, 3902, (1985)
| QMMM: H : M.J.S.DEWAR et al. JACS, 107, 3902, (1985)

| QMMM: *** SCF convergence criteria ***
| QMMM: Energy change                :  0.1D-09 kcal/mol
| QMMM: Error matrix |FP-PF|         :  0.1D+00 au
| QMMM: Density matrix change        :  0.5D-06
| QMMM: Maximum number of SCF cycles :     1000
 
| QMMM: *** Diagonalization Routine Information ***
| QMMM: Pseudo diagonalizations are allowed.
| QMMM: Auto diagonalization routine selection is in use.
| QMMM:
| QMMM: Timing diagonalization routines:
| QMMM:                              norbs =      126
| QMMM:    diag iterations used for timing =       10
| QMMM:
| QMMM:              Internal diag routine = 0.399494 seconds
| QMMM:                 Dspev diag routine = 1.732649 seconds
| QMMM:                Dspevd diag routine = 1.221718 seconds
| QMMM:                Dspevx diag routine = 2.299618 seconds
| QMMM:                 Dsyev diag routine = 1.857497 seconds
| QMMM:                Dsyevd diag routine = 1.469223 seconds
| QMMM:                Dsyevr diag routine = 1.075349 seconds
| QMMM:
| QMMM:                Pseudo diag routine = 0.008247 seconds
| QMMM:
| QMMM: Using internal diagonalization routine (diag_routine=1).

  QMMM: QM Region Cartesian Coordinates (*=link atom) 
  QMMM: QM_NO.   MM_NO.  ATOM         X         Y         Z
  QMMM:     1        1      C        8.0150   20.2560   12.8900
  QMMM:     2        2      C        9.3140   19.9680   12.6590
  QMMM:     3        3      C       10.0450   19.3400   13.6430
  QMMM:     4        4      C        9.4700   18.9160   14.8390
  QMMM:     5        5      C        8.1440   19.1960   15.0240
  QMMM:     6        6      C        7.4160   19.8280   14.0860
  QMMM:     7        7      C        8.3640   21.6360   11.1590
  QMMM:     8        8      C        7.3870   22.1360   10.1090
  QMMM:     9        9      C       10.1770   18.2800   15.8040
  QMMM:    10       10      C        8.4610   22.3800    9.0910
  QMMM:    11       11      C        9.5290   24.6440    5.0280
  QMMM:    12       12      C       10.5570   23.8000    4.8830
  QMMM:    13       13      C       11.4120   23.9920    3.8320
  QMMM:    14       14      C       11.2520   25.0360    2.9270
  QMMM:    15       15      C       10.2230   25.8800    3.0920
  QMMM:    16       16      C        9.3460   25.6880    4.1360
  QMMM:    17       17      C        9.1920   23.5400    6.9970
  QMMM:    18       18      C        8.0930   23.4040    8.0610
  QMMM:    19       19      C       12.1170   25.2320    1.9090
  QMMM:    20       20      O        7.3620   20.9280   11.9920
  QMMM:    21       21      O        8.6830   24.4680    5.9930
  QMMM:    22       22      N       11.5150   18.1680   15.6650
  QMMM:    23       23      N        9.5770   17.8480   16.9670
  QMMM:    24       24      N       13.2280   24.4640    1.8300
  QMMM:    25       25      N       11.8930   26.2240    0.9710
  QMMM:    26       26      H        9.7650   20.2300   11.7130
  QMMM:    27       27      H       11.1010   19.1620   13.5010
  QMMM:    28       28      H        7.6540   18.9080   15.9430
  QMMM:    29       29      H        6.3640   20.0060   14.2570
  QMMM:    30       30      H        8.7420   22.4910   11.7190
  QMMM:    31       31      H        9.0210   20.8970   10.7000
  QMMM:    32       32      H        6.9990   23.1010   10.4350
  QMMM:    33       33      H        6.7830   21.2930    9.7740
  QMMM:    34       34      H        8.7090   21.4420    8.5950
  QMMM:    35       35      H        9.3760   22.6890    9.5970
  QMMM:    36       36      H       10.6960   22.9920    5.5860
  QMMM:    37       37      H       12.2450   23.3210    3.6840
  QMMM:    38       38      H       10.0860   26.7050    2.4080
  QMMM:    39       39      H        8.5090   26.3600    4.2560
  QMMM:    40       40      H        9.3710   22.5690    6.5350
  QMMM:    41       41      H       10.0890   23.9570    7.4540
  QMMM:    42       42      H        7.9370   24.3670    8.5470
  QMMM:    43       43      H        7.1570   23.1160    7.5820
  QMMM:    44       44      H       12.0590   17.6970   16.3740
  QMMM:    45       45      H       11.9720   18.5550   14.8520
  QMMM:    46       46      H       10.1240   17.3760   17.6720
  QMMM:    47       47      H        8.5900   18.0030   17.1140
  QMMM:    48       48      H       13.8830   24.6000    1.0740
  QMMM:    49       49      H       13.4020   23.7550    2.5270
  QMMM:    50       50      H       12.5480   26.3600    0.2140
  QMMM:    51       51      H       11.0750   26.8120    1.0430

--------------------------------------------------------------------------------
  RESULTS
--------------------------------------------------------------------------------

      iter         sqm energy              rms gradient
      ----    -------------------    -----------------------
xmin    10      277.2045 kcal/mol        1.9889 kcal/(mol*A)
xmin    20      272.6646 kcal/mol        0.8315 kcal/(mol*A)
xmin    30      272.2037 kcal/mol        0.4674 kcal/(mol*A)
xmin    40      272.0329 kcal/mol        0.0937 kcal/(mol*A)
xmin    50      271.9751 kcal/mol        0.1278 kcal/(mol*A)
xmin    60      271.8788 kcal/mol        0.1917 kcal/(mol*A)
xmin    70      271.8439 kcal/mol        0.1173 kcal/(mol*A)
xmin    80      271.8023 kcal/mol        0.0794 kcal/(mol*A)
xmin    90      271.7869 kcal/mol        0.0580 kcal/(mol*A)
xmin   100      271.7786 kcal/mol        0.0181 kcal/(mol*A)
xmin   110      271.7778 kcal/mol        0.0072 kcal/(mol*A)
xmin   120      271.7767 kcal/mol        0.0072 kcal/(mol*A)
xmin   130      271.7763 kcal/mol        0.0072 kcal/(mol*A)
xmin   140      271.7763 kcal/mol        0.0051 kcal/(mol*A)
xmin   150      271.7762 kcal/mol        0.0031 kcal/(mol*A)
xmin   160      271.7762 kcal/mol        0.0008 kcal/(mol*A)
  ... geometry converged !
 
 Final MO eigenvalues (eV):
 -45.9087  -45.9020  -44.6925  -44.6173  -42.5115  -42.3068  -40.2999  -39.7061
 -39.7058  -36.9501  -36.5918  -36.4058  -35.7668  -34.8974  -31.5770  -30.1299
 -29.8471  -28.8579  -28.1814  -27.4026  -27.1430  -26.4040  -25.8405  -24.8506
 -24.8459  -24.6243  -24.6068  -23.5761  -23.2149  -22.2301  -22.2300  -21.6523
 -21.6009  -21.4679  -21.4082  -21.3940  -21.1565  -20.3547  -20.3340  -19.9939
 -19.8955  -19.6263  -19.3092  -19.2239  -18.9263  -18.8894  -18.4865  -18.2204
 -18.0966  -17.9566  -17.6893  -17.3770  -17.1907  -16.6826  -16.6093  -16.6081
 -16.5032  -16.4435  -16.2836  -16.0949  -15.7286  -15.3138  -14.7669  -14.7669
 -13.8763  -13.8756   -5.7001   -5.7001   -4.4428   -4.4428   -4.3642   -4.3642
  -4.1027   -4.1027   -2.9312   -2.9312   -2.4409   -2.4078   -2.2609   -2.0795
  -2.0795   -2.0774   -1.1805   -1.1763   -1.0502   -1.0462   -0.7702   -0.7610
  -0.5535   -0.5529   -0.5419   -0.5314   -0.4649   -0.3954   -0.3855   -0.3311
  -0.2852   -0.2798   -0.2557   -0.1622   -0.0804   -0.0482    0.0435    0.0575
   0.0953    0.2689    0.2716    0.3479    0.3799    0.3930    0.4818    0.4931
   0.4964    0.5315    0.5492    0.6109    0.6597    0.6827    0.7076    0.8364
   0.9128    1.0014    1.0844    1.1885    1.8929    1.8932

 Heat of formation   =        271.77621323 kcal/mol  (       11.78510096 eV)

 Total SCF energy    =     -97920.61125597 kcal/mol  (    -4246.15633563 eV)
 Electronic energy   =    -665397.97231498 kcal/mol  (   -28853.82127033 eV)
 Core-core repulsion =     567477.36105901 kcal/mol  (    24607.66493470 eV)
 
    Atomic Charges for Step       1 :
  Atom    Element       Mulliken Charge
     1      C                  0.163
     2      C                 -0.213
     3      C                 -0.031
     4      C                 -0.226
     5      C                 -0.045
     6      C                 -0.154
     7      C                 -0.024
     8      C                 -0.167
     9      C                  0.352
    10      C                 -0.154
    11      C                  0.163
    12      C                 -0.213
    13      C                 -0.031
    14      C                 -0.226
    15      C                 -0.045
    16      C                 -0.154
    17      C                 -0.024
    18      C                 -0.167
    19      C                  0.352
    20      O                 -0.188
    21      O                 -0.188
    22      N                 -0.319
    23      N                 -0.317
    24      N                 -0.319
    25      N                 -0.317
    26      H                  0.165
    27      H                  0.149
    28      H                  0.153
    29      H                  0.183
    30      H                  0.091
    31      H                  0.092
    32      H                  0.110
    33      H                  0.110
    34      H                  0.087
    35      H                  0.087
    36      H                  0.165
    37      H                  0.149
    38      H                  0.153
    39      H                  0.183
    40      H                  0.092
    41      H                  0.091
    42      H                  0.110
    43      H                  0.110
    44      H                  0.269
    45      H                  0.283
    46      H                  0.270
    47      H                  0.284
    48      H                  0.269
    49      H                  0.283
    50      H                  0.270
    51      H                  0.284
 Total Mulliken Charge =       2.000
 
                  X        Y        Z     TOTAL  
  QM DIPOLE    98.520  209.174   84.737  246.252
 
 Final Structure

  QMMM: QM Region Cartesian Coordinates (*=link atom) 
  QMMM: QM_NO.   MM_NO.  ATOM         X         Y         Z
  QMMM:     1        1      C        8.6415   20.3605   13.3549
  QMMM:     2        2      C        9.6824   19.4164   13.3916
  QMMM:     3        3      C        9.8194   18.5900   14.5004
  QMMM:     4        4      C        8.9204   18.6891   15.5719
  QMMM:     5        5      C        7.8770   19.6333   15.5319
  QMMM:     6        6      C        7.7357   20.4681   14.4386
  QMMM:     7        7      C        9.2903   21.1687   11.1944
  QMMM:     8        8      C        8.7738   22.2342   10.2426
  QMMM:     9        9      C        9.0635   17.8014   16.7487
  QMMM:    10       10      C        9.6169   22.2813    8.9859
  QMMM:    11       11      C        9.8755   24.7090    4.7706
  QMMM:    12       12      C       10.9977   24.0535    4.2346
  QMMM:    13       13      C       11.4737   24.4228    2.9823
  QMMM:    14       14      C       10.8344   25.4352    2.2528
  QMMM:    15       15      C        9.7091   26.0884    2.7902
  QMMM:    16       16      C        9.2314   25.7370    4.0393
  QMMM:    17       17      C        9.9244   23.4043    6.7799
  QMMM:    18       18      C        9.0894   23.3461    8.0477
  QMMM:    19       19      C       11.3388   25.8211    0.9148
  QMMM:    20       20      O        8.4035   21.2272   12.3295
  QMMM:    21       21      O        9.3159   24.4416    5.9849
  QMMM:    22       22      N       10.2934   17.6211   17.2846
  QMMM:    23       23      N        7.9595   17.1991   17.2484
  QMMM:    24       24      N       12.6702   25.9968    0.7449
  QMMM:    25       25      N       10.4514   25.9841   -0.0937
  QMMM:    26       26      H       10.3883   19.3218   12.5526
  QMMM:    27       27      H       10.6302   17.8432   14.5115
  QMMM:    28       28      H        7.1766   19.7351   16.3774
  QMMM:    29       29      H        6.9307   21.2196   14.3934
  QMMM:    30       30      H       10.3364   21.3888   11.5314
  QMMM:    31       31      H        9.2375   20.1467   10.7371
  QMMM:    32       32      H        8.7907   23.2308   10.7577
  QMMM:    33       33      H        7.7048   22.0126    9.9834
  QMMM:    34       34      H        9.5973   21.2817    8.4767
  QMMM:    35       35      H       10.6842   22.5030    9.2516
  QMMM:    36       36      H       11.5020   23.2503    4.7927
  QMMM:    37       37      H       12.3453   23.8915    2.5656
  QMMM:    38       38      H        9.2106   26.9003    2.2352
  QMMM:    39       39      H        8.3573   26.2433    4.4803
  QMMM:    40       40      H        9.8857   22.4364    6.2159
  QMMM:    41       41      H       10.9878   23.6829    6.9989
  QMMM:    42       42      H        9.1086   24.3491    8.5504
  QMMM:    43       43      H        8.0218   23.1302    7.7784
  QMMM:    44       44      H       10.4657   17.0247   18.0644
  QMMM:    45       45      H       11.0643   18.1229   16.8972
  QMMM:    46       46      H        7.9765   16.6111   18.0532
  QMMM:    47       47      H        7.0842   17.3435   16.7902
  QMMM:    48       48      H       13.0803   26.2387   -0.1307
  QMMM:    49       49      H       13.2720   25.9010    1.5353
  QMMM:    50       50      H       10.7159   26.2688   -1.0117
  QMMM:    51       51      H        9.4847   25.8078    0.0835
 
           --------- Calculation Completed ----------
 
