            --------------------------------------------------------
                             AMBER SQM VERSION 19
 
                                     By
              Ross C. Walker, Michael F. Crowley, Scott Brozell,
                         Tim Giese, Andreas W. Goetz,
                        Tai-Sung Lee and David A. Case
 
            --------------------------------------------------------
 

--------------------------------------------------------------------------------
  QM CALCULATION INFO
--------------------------------------------------------------------------------

| QMMM: Citation for AMBER QMMM Run:
| QMMM: R.C. Walker, M.F. Crowley and D.A. Case, J. COMP. CHEM. 29:1019, 2008

QMMM: SINGLET STATE CALCULATION
QMMM: RHF CALCULATION, NO. OF DOUBLY OCCUPIED LEVELS = 60

| QMMM: *** Selected Hamiltonian *** 
| QMMM: AM1         

| QMMM: *** Parameter sets in use ***
| QMMM: C : M.J.S.DEWAR et al. JACS, 107, 3902, (1985)
| QMMM: N : M.J.S.DEWAR et al. JACS, 107, 3902, (1985)
| QMMM: O : M.J.S.DEWAR et al. JACS, 107, 3902, (1985)
| QMMM: H : M.J.S.DEWAR et al. JACS, 107, 3902, (1985)

| QMMM: *** SCF convergence criteria ***
| QMMM: Energy change                :  0.1D-09 kcal/mol
| QMMM: Error matrix |FP-PF|         :  0.1D+00 au
| QMMM: Density matrix change        :  0.5D-06
| QMMM: Maximum number of SCF cycles :     1000
 
| QMMM: *** Diagonalization Routine Information ***
| QMMM: Pseudo diagonalizations are allowed.
| QMMM: Auto diagonalization routine selection is in use.
| QMMM:
| QMMM: Timing diagonalization routines:
| QMMM:                              norbs =      114
| QMMM:    diag iterations used for timing =       10
| QMMM:
| QMMM:              Internal diag routine = 0.266489 seconds
| QMMM:                 Dspev diag routine = 2.232510 seconds
| QMMM:                Dspevd diag routine = 0.683625 seconds
| QMMM:                Dspevx diag routine = 2.939949 seconds
| QMMM:                 Dsyev diag routine = 2.045582 seconds
| QMMM:                Dsyevd diag routine = 1.408133 seconds
| QMMM:                Dsyevr diag routine = 2.761043 seconds
| QMMM:
| QMMM:                Pseudo diag routine = 0.006849 seconds
| QMMM:
| QMMM: Using internal diagonalization routine (diag_routine=1).

  QMMM: QM Region Cartesian Coordinates (*=link atom) 
  QMMM: QM_NO.   MM_NO.  ATOM         X         Y         Z
  QMMM:     1        1      C       10.7810   26.2170   68.7050
  QMMM:     2        2      C       11.7980   25.2610   68.4870
  QMMM:     3        3      C       12.5580   25.3330   67.3220
  QMMM:     4        4      C       12.3270   26.3130   66.3440
  QMMM:     5        5      C       11.3170   27.2680   66.5760
  QMMM:     6        6      C       10.5640   27.2110   67.7470
  QMMM:     7        7      C       13.0170   26.2770   65.1010
  QMMM:     8        8      N       13.7310   25.1900   64.7150
  QMMM:     9        9      N       12.8970   27.3360   64.2630
  QMMM:    10       10      C        7.7600   23.0980   74.4710
  QMMM:    11       11      C        6.5870   22.7810   75.2100
  QMMM:    12       12      C        6.6360   22.0170   76.3950
  QMMM:    13       13      C        7.9430   21.5500   76.8210
  QMMM:    14       14      C        9.0620   21.8550   76.0680
  QMMM:    15       15      C        8.9970   22.6090   74.9290
  QMMM:    16       16      C        8.1820   20.7820   77.9810
  QMMM:    17       17      N        9.3660   20.8690   78.6230
  QMMM:    18       18      N        7.1370   20.0560   78.4890
  QMMM:    19       19      C        9.8860   24.9450   70.4840
  QMMM:    20       20      O        9.9310   26.1840   69.7600
  QMMM:    21       21      C        8.7200   25.0130   71.4670
  QMMM:    22       22      C        8.9580   24.0700   72.6360
  QMMM:    23       23      O        7.6910   23.8670   73.3260
  QMMM:    24       24      H       11.9780   24.4870   69.2190
  QMMM:    25       25      H       13.3520   24.6220   67.1500
  QMMM:    26       26      H       11.1280   28.0420   65.8470
  QMMM:    27       27      H        9.7990   27.9570   67.9060
  QMMM:    28       28      H       14.2120   25.1910   63.8270
  QMMM:    29       29      H       13.7820   24.3800   65.3160
  QMMM:    30       30      H       13.3770   27.3340   63.3750
  QMMM:    31       31      H       12.3270   28.1270   64.5270
  QMMM:    32       32      H        5.6230   23.1280   74.8680
  QMMM:    33       33      H        5.7270   21.8050   76.9390
  QMMM:    34       34      H       10.0330   21.4940   76.3730
  QMMM:    35       35      H        9.9010   22.8290   74.3800
  QMMM:    36       36      H        9.5320   20.3170   79.4530
  QMMM:    37       37      H       10.0860   21.4860   78.2740
  QMMM:    38       38      H        7.2680   19.4940   79.3180
  QMMM:    39       39      H        6.2350   20.0830   78.0350
  QMMM:    40       40      H       10.8170   24.8120   71.0340
  QMMM:    41       41      H        9.7250   24.1230   69.7870
  QMMM:    42       42      H        7.7980   24.7330   70.9570
  QMMM:    43       43      H        8.6170   26.0330   71.8380
  QMMM:    44       44      H        9.6770   24.5170   73.3220
  QMMM:    45       45      H        9.3250   23.1140   72.2620

--------------------------------------------------------------------------------
  RESULTS
--------------------------------------------------------------------------------

      iter         sqm energy              rms gradient
      ----    -------------------    -----------------------
xmin    10      292.0388 kcal/mol        0.7701 kcal/(mol*A)
xmin    20      291.3991 kcal/mol        0.1945 kcal/(mol*A)
xmin    30      291.3753 kcal/mol        0.0532 kcal/(mol*A)
xmin    40      291.3640 kcal/mol        0.0233 kcal/(mol*A)
xmin    50      291.3622 kcal/mol        0.0040 kcal/(mol*A)
xmin    60      291.3616 kcal/mol        0.0100 kcal/(mol*A)
xmin    70      291.3614 kcal/mol        0.0044 kcal/(mol*A)
xmin    80      291.3614 kcal/mol        0.0009 kcal/(mol*A)
  ... geometry converged !
 
 Final MO eigenvalues (eV):
 -46.1700  -46.1346  -45.0714  -44.8150  -42.8173  -42.4737  -39.9105  -39.9103
 -38.7510  -36.8818  -36.7962  -36.1797  -35.6257  -32.1511  -30.3704  -30.0694
 -29.1058  -28.3479  -27.5831  -27.3299  -26.6479  -25.0724  -25.0723  -24.8333
 -24.8309  -23.9634  -23.6844  -22.4313  -22.4311  -22.1299  -21.8649  -21.7662
 -21.6257  -21.6073  -21.1386  -20.6342  -20.5075  -20.2944  -20.0613  -19.5735
 -19.4497  -19.2415  -19.1492  -18.8395  -18.4860  -18.3998  -18.2931  -17.6465
 -17.4771  -17.4190  -16.8790  -16.8048  -16.8038  -16.7780  -16.6913  -16.0446
 -15.0193  -15.0183  -14.1994  -14.1830   -5.9139   -5.9137   -4.7087   -4.7082
  -4.6313   -4.6312   -4.3114   -4.3113   -3.1330   -3.1330   -2.9060   -2.6484
  -2.6016   -2.3451   -2.3447   -2.2500   -1.4358   -1.4317   -1.3125   -1.3033
  -1.0586   -1.0544   -0.9419   -0.8085   -0.7807   -0.7469   -0.7468   -0.7020
  -0.6663   -0.6137   -0.5975   -0.5586   -0.5545   -0.5176   -0.3990   -0.3852
  -0.2089   -0.2008    0.0364    0.0369    0.1376    0.1456    0.2204    0.2553
   0.2790    0.2796    0.3279    0.3306    0.3417    0.4851    0.6143    0.6525
   1.5188    1.5385

 Heat of formation   =        291.36134484 kcal/mol  (       12.63437600 eV)

 Total SCF energy    =     -90727.32006130 kcal/mol  (    -3934.23182261 eV)
 Electronic energy   =    -594386.99557589 kcal/mol  (   -25774.55425072 eV)
 Core-core repulsion =     503659.67551459 kcal/mol  (    21840.32242811 eV)
 
    Atomic Charges for Step       1 :
  Atom    Element       Mulliken Charge
     1      C                  0.157
     2      C                 -0.210
     3      C                 -0.032
     4      C                 -0.220
     5      C                 -0.046
     6      C                 -0.149
     7      C                  0.350
     8      N                 -0.317
     9      N                 -0.315
    10      C                  0.157
    11      C                 -0.149
    12      C                 -0.046
    13      C                 -0.220
    14      C                 -0.032
    15      C                 -0.211
    16      C                  0.350
    17      N                 -0.317
    18      N                 -0.315
    19      C                 -0.021
    20      O                 -0.187
    21      C                 -0.177
    22      C                 -0.021
    23      O                 -0.187
    24      H                  0.163
    25      H                  0.151
    26      H                  0.156
    27      H                  0.185
    28      H                  0.271
    29      H                  0.283
    30      H                  0.271
    31      H                  0.285
    32      H                  0.185
    33      H                  0.156
    34      H                  0.151
    35      H                  0.163
    36      H                  0.271
    37      H                  0.283
    38      H                  0.271
    39      H                  0.285
    40      H                  0.093
    41      H                  0.093
    42      H                  0.129
    43      H                  0.129
    44      H                  0.093
    45      H                  0.093
 Total Mulliken Charge =       2.000
 
                  X        Y        Z     TOTAL  
  QM DIPOLE   100.478  228.240  688.012  731.813
 
 Final Structure

  QMMM: QM Region Cartesian Coordinates (*=link atom) 
  QMMM: QM_NO.   MM_NO.  ATOM         X         Y         Z
  QMMM:     1        1      C       10.5785   25.7802   68.3731
  QMMM:     2        2      C       11.8391   25.1779   68.2283
  QMMM:     3        3      C       12.6134   25.4707   67.1108
  QMMM:     4        4      C       12.1438   26.3675   66.1416
  QMMM:     5        5      C       10.8816   26.9718   66.2906
  QMMM:     6        6      C       10.0976   26.6814   67.3928
  QMMM:     7        7      C       12.9743   26.6849   64.9550
  QMMM:     8        8      N       13.5618   25.6695   64.2805
  QMMM:     9        9      N       13.1167   27.9792   64.5887
  QMMM:    10       10      C        8.1614   23.0751   74.6022
  QMMM:    11       11      C        6.9832   23.1877   75.3789
  QMMM:    12       12      C        6.8774   22.4810   76.5635
  QMMM:    13       13      C        7.9382   21.6639   76.9966
  QMMM:    14       14      C        9.1057   21.5605   76.2282
  QMMM:    15       15      C        9.2206   22.2582   75.0307
  QMMM:    16       16      C        7.8142   20.9127   78.2689
  QMMM:    17       17      N        8.8474   20.9357   79.1424
  QMMM:    18       18      N        6.6724   20.2294   78.5117
  QMMM:    19       19      C       10.1487   24.6695   70.4531
  QMMM:    20       20      O        9.7227   25.5753   69.4183
  QMMM:    21       21      C        8.9964   24.6578   71.4426
  QMMM:    22       22      C        9.3180   23.7435   72.6121
  QMMM:    23       23      O        8.1503   23.8118   73.4515
  QMMM:    24       24      H       12.2234   24.4799   68.9870
  QMMM:    25       25      H       13.6073   25.0036   67.0134
  QMMM:    26       26      H       10.4935   27.6633   65.5242
  QMMM:    27       27      H        9.1026   27.1379   67.5226
  QMMM:    28       28      H       14.1449   25.8101   63.4840
  QMMM:    29       29      H       13.3876   24.7319   64.5753
  QMMM:    30       30      H       13.6383   28.2650   63.7882
  QMMM:    31       31      H       12.6854   28.6873   65.1453
  QMMM:    32       32      H        6.1666   23.8397   75.0276
  QMMM:    33       33      H        5.9624   22.5857   77.1700
  QMMM:    34       34      H        9.9369   20.9110   76.5489
  QMMM:    35       35      H       10.1383   22.1606   74.4317
  QMMM:    36       36      H        8.8393   20.4423   80.0088
  QMMM:    37       37      H        9.6485   21.4902   78.9254
  QMMM:    38       38      H        6.5086   19.7236   79.3553
  QMMM:    39       39      H        5.9575   20.2231   77.8143
  QMMM:    40       40      H       11.0914   25.0568   70.9202
  QMMM:    41       41      H       10.3235   23.6547   70.0099
  QMMM:    42       42      H        8.0592   24.3099   70.9327
  QMMM:    43       43      H        8.8021   25.6987   71.8143
  QMMM:    44       44      H       10.2102   24.1050   73.1865
  QMMM:    45       45      H        9.4739   22.6845   72.2789
 
           --------- Calculation Completed ----------
 
