            --------------------------------------------------------
                             AMBER SQM VERSION 19
 
                                     By
              Ross C. Walker, Michael F. Crowley, Scott Brozell,
                         Tim Giese, Andreas W. Goetz,
                        Tai-Sung Lee and David A. Case
 
            --------------------------------------------------------
 

--------------------------------------------------------------------------------
  QM CALCULATION INFO
--------------------------------------------------------------------------------

| QMMM: Citation for AMBER QMMM Run:
| QMMM: R.C. Walker, M.F. Crowley and D.A. Case, J. COMP. CHEM. 29:1019, 2008

QMMM: SINGLET STATE CALCULATION
QMMM: RHF CALCULATION, NO. OF DOUBLY OCCUPIED LEVELS =101

| QMMM: *** Selected Hamiltonian *** 
| QMMM: AM1         

| QMMM: *** Parameter sets in use ***
| QMMM: N : M.J.S.DEWAR et al. JACS, 107, 3902, (1985)
| QMMM: C : M.J.S.DEWAR et al. JACS, 107, 3902, (1985)
| QMMM: O : M.J.S.DEWAR et al. JACS, 107, 3902, (1985)
| QMMM: H : M.J.S.DEWAR et al. JACS, 107, 3902, (1985)

| QMMM: *** SCF convergence criteria ***
| QMMM: Energy change                :  0.1D-09 kcal/mol
| QMMM: Error matrix |FP-PF|         :  0.1D+00 au
| QMMM: Density matrix change        :  0.5D-06
| QMMM: Maximum number of SCF cycles :     1000
 
| QMMM: *** Diagonalization Routine Information ***
| QMMM: Pseudo diagonalizations are allowed.
| QMMM: Auto diagonalization routine selection is in use.
| QMMM:
| QMMM: Timing diagonalization routines:
| QMMM:                              norbs =      188
| QMMM:    diag iterations used for timing =        5
| QMMM:
| QMMM:              Internal diag routine = 1.613323 seconds
| QMMM:                 Dspev diag routine = 4.014205 seconds
| QMMM:                Dspevd diag routine = 0.544807 seconds
| QMMM:                Dspevx diag routine = 3.980227 seconds
| QMMM:                 Dsyev diag routine = 3.029051 seconds
| QMMM:                Dsyevd diag routine = 1.494924 seconds
| QMMM:                Dsyevr diag routine = 1.619498 seconds
| QMMM:
| QMMM:                Pseudo diag routine = 0.187804 seconds
| QMMM:
| QMMM: Using dspevd routine (diag_routine=3).

  QMMM: QM Region Cartesian Coordinates (*=link atom) 
  QMMM: QM_NO.   MM_NO.  ATOM         X         Y         Z
  QMMM:     1        1      N       -7.4580   -4.6240    3.7240
  QMMM:     2        2      C       -6.5360   -5.5700    3.0560
  QMMM:     3        3      C       -6.0920   -6.6880    4.0710
  QMMM:     4        4      O       -7.1890   -7.5590    4.3390
  QMMM:     5        5      C       -4.9040   -7.5580    3.5620
  QMMM:     6        6      O       -4.4780   -8.4120    4.6200
  QMMM:     7        7      C       -3.7290   -6.6490    3.1010
  QMMM:     8        8      C       -2.5510   -7.4130    2.4730
  QMMM:     9        9      O       -1.3020   -6.9550    2.9710
  QMMM:    10       10      O       -4.2300   -5.7340    2.0820
  QMMM:    11       11      C       -5.3080   -4.8040    2.4570
  QMMM:    12       12      O       -5.7510   -4.1090    1.2700
  QMMM:    13       13      C       -4.8800   -3.1310    0.6240
  QMMM:    14       14      C       -4.1220   -3.8420   -0.4980
  QMMM:    15       15      C       -4.0620   -2.8860   -1.6920
  QMMM:    16       16      C       -4.9240   -1.6170   -1.3620
  QMMM:    17       17      C       -3.8930   -0.4760   -1.5330
  QMMM:    18       18      C       -4.1040    0.9080   -1.3650
  QMMM:    19       19      C       -3.0420    1.8180   -1.5740
  QMMM:    20       20      C       -3.2270    3.2050   -1.4170
  QMMM:    21       21      C       -2.1540    4.0880   -1.6330
  QMMM:    22       22      C       -0.8870    3.6060   -2.0060
  QMMM:    23       23      C       -0.6620    2.2270   -2.1690
  QMMM:    24       24      C       -1.7140    1.3110   -1.9620
  QMMM:    25       25      C       -1.5150   -0.0730   -2.1210
  QMMM:    26       26      C       -2.6250   -0.9550   -1.9030
  QMMM:    27       27      C       -2.6280   -2.4240   -2.0240
  QMMM:    28       28      O       -1.6760   -3.1420   -2.3270
  QMMM:    29       29      C       -5.6700   -1.9090    0.0140
  QMMM:    30       30      C       -5.8040   -0.6850    1.0940
  QMMM:    31       31      C       -4.6920   -0.2520    1.8890
  QMMM:    32       32      C       -4.8250    0.7960    2.8230
  QMMM:    33       33      C       -6.0680    1.4340    2.9890
  QMMM:    34       34      C       -7.1730    1.0430    2.2270
  QMMM:    35       35      C       -7.0560    0.0040    1.2900
  QMMM:    36       36      C       -8.3060   -0.3750    0.4780
  QMMM:    37       37      C       -8.4230   -1.8900    0.2080
  QMMM:    38       38      C       -7.1300   -2.4550   -0.4140
  QMMM:    39       39      O       -7.2570   -3.3500   -1.2540
  QMMM:    40       40      H       -7.7400   -3.9090    3.0690
  QMMM:    41       41      H       -8.2740   -5.1220    4.0500
  QMMM:    42       42      H       -6.9900   -4.1950    4.5090
  QMMM:    43       43      H       -7.0730   -6.0480    2.2360
  QMMM:    44       44      H       -5.7950   -6.2090    5.0040
  QMMM:    45       45      H       -6.9140   -8.2390    4.9580
  QMMM:    46       46      H       -5.2390   -8.1660    2.7220
  QMMM:    47       47      H       -3.7450   -8.9540    4.3190
  QMMM:    48       48      H       -3.3680   -6.0720    3.9530
  QMMM:    49       49      H       -2.5760   -7.2920    1.3900
  QMMM:    50       50      H       -2.6560   -8.4780    2.6820
  QMMM:    51       51      H       -0.5910   -7.4520    2.5590
  QMMM:    52       52      H       -4.9340   -4.0840    3.1850
  QMMM:    53       53      H       -4.1620   -2.7590    1.3550
  QMMM:    54       54      H       -4.6600   -4.7460   -0.7840
  QMMM:    55       55      H       -3.1100   -4.0700   -0.1640
  QMMM:    56       56      H       -4.4840   -3.3830   -2.5650
  QMMM:    57       57      H       -5.6800   -1.5100   -2.1400
  QMMM:    58       58      H       -5.0780    1.2750   -1.0760
  QMMM:    59       59      H       -4.1940    3.5920   -1.1300
  QMMM:    60       60      H       -2.2970    5.1520   -1.5130
  QMMM:    61       61      H       -0.0730    4.2970   -2.1710
  QMMM:    62       62      H        0.3170    1.8690   -2.4530
  QMMM:    63       63      H       -0.5430   -0.4500   -2.4010
  QMMM:    64       64      H       -3.7300   -0.7310    1.7780
  QMMM:    65       65      H       -3.9740    1.1080    3.4100
  QMMM:    66       66      H       -6.1730    2.2320    3.7090
  QMMM:    67       67      H       -8.1230    1.5410    2.3580
  QMMM:    68       68      H       -8.2980    0.1620   -0.4700
  QMMM:    69       69      H       -9.1970   -0.0310    1.0040
  QMMM:    70       70      H       -9.2600   -2.0750   -0.4650
  QMMM:    71       71      H       -8.6330   -2.4100    1.1430

--------------------------------------------------------------------------------
  RESULTS
--------------------------------------------------------------------------------

      iter         sqm energy              rms gradient
      ----    -------------------    -----------------------
xmin    10      -76.8014 kcal/mol        0.7781 kcal/(mol*A)
xmin    20      -79.5678 kcal/mol        0.3118 kcal/(mol*A)
xmin    30      -80.3847 kcal/mol        0.7963 kcal/(mol*A)
xmin    40      -80.7800 kcal/mol        0.2563 kcal/(mol*A)
xmin    50      -80.9560 kcal/mol        0.1394 kcal/(mol*A)
xmin    60      -81.0246 kcal/mol        0.1516 kcal/(mol*A)
xmin    70      -81.0392 kcal/mol        0.0854 kcal/(mol*A)
xmin    80      -81.0613 kcal/mol        0.0907 kcal/(mol*A)
xmin    90      -81.0981 kcal/mol        0.1614 kcal/(mol*A)
xmin   100      -81.1323 kcal/mol        0.0916 kcal/(mol*A)
xmin   110      -81.1620 kcal/mol        0.0650 kcal/(mol*A)
xmin   120      -81.2365 kcal/mol        0.4938 kcal/(mol*A)
xmin   130      -81.4104 kcal/mol        0.4978 kcal/(mol*A)
xmin   140      -82.4771 kcal/mol        2.2329 kcal/(mol*A)
xmin   150      -84.7990 kcal/mol        1.4229 kcal/(mol*A)
xmin   160      -85.9002 kcal/mol        0.7577 kcal/(mol*A)
xmin   170      -86.8523 kcal/mol        1.5274 kcal/(mol*A)
xmin   180      -87.6898 kcal/mol        0.3093 kcal/(mol*A)
xmin   190      -88.0646 kcal/mol        0.4419 kcal/(mol*A)
xmin   200      -88.1710 kcal/mol        0.2191 kcal/(mol*A)
xmin   210      -88.2236 kcal/mol        0.1241 kcal/(mol*A)
xmin   220      -88.2338 kcal/mol        0.1325 kcal/(mol*A)
xmin   230      -88.2489 kcal/mol        0.0773 kcal/(mol*A)
xmin   240      -88.2651 kcal/mol        0.0509 kcal/(mol*A)
xmin   250      -88.2674 kcal/mol        0.0407 kcal/(mol*A)
xmin   260      -88.2690 kcal/mol        0.0185 kcal/(mol*A)
xmin   270      -88.2693 kcal/mol        0.0101 kcal/(mol*A)
xmin   280      -88.2694 kcal/mol        0.0033 kcal/(mol*A)
xmin   290      -88.2695 kcal/mol        0.0037 kcal/(mol*A)
xmin   300      -88.2695 kcal/mol        0.0012 kcal/(mol*A)
xmin   310      -88.2695 kcal/mol        0.0020 kcal/(mol*A)
  ... geometry converged !
 
 Final MO eigenvalues (eV):
 -45.8426  -44.8686  -43.0392  -42.7741  -42.6685  -41.7973  -41.5745  -41.1544
 -40.8196  -40.0973  -39.8516  -38.3788  -37.8306  -35.4550  -35.3747  -35.2602
 -34.3983  -34.0835  -32.9810  -32.3940  -31.8621  -30.9906  -30.1466  -28.6254
 -28.5313  -27.3226  -26.7981  -26.6241  -25.8359  -25.4453  -25.2456  -24.8366
 -24.4662  -24.1322  -23.6500  -23.0934  -22.7408  -22.6286  -22.2478  -21.9995
 -21.5911  -21.3634  -20.8667  -20.8272  -20.5223  -20.1433  -20.0421  -19.8104
 -19.5631  -19.4888  -19.2672  -19.0032  -18.9701  -18.8837  -18.5267  -18.3193
 -18.2924  -18.1430  -17.8720  -17.6907  -17.6190  -17.4912  -17.3294  -17.2891
 -17.1375  -17.0480  -16.9838  -16.8304  -16.6161  -16.4061  -16.2929  -16.2647
 -16.1500  -16.0456  -15.9828  -15.8932  -15.7277  -15.6451  -15.3805  -15.3226
 -15.2186  -15.0497  -14.9971  -14.8517  -14.6941  -14.6684  -14.2973  -14.2250
 -14.1666  -14.1152  -14.0463  -13.9383  -13.7463  -13.6499  -13.3386  -12.7079
 -12.6504  -11.8339  -11.6844  -11.3446  -10.7588   -3.2249   -2.5938   -2.3057
  -2.1072   -1.9834   -1.7471   -1.7069   -1.4248   -1.2710   -1.2381   -1.1132
  -0.9748   -0.7433   -0.7081   -0.5521   -0.4284   -0.2975   -0.1933   -0.0436
  -0.0396    0.0525    0.0938    0.1421    0.2306    0.4070    0.4290    0.5239
   0.5773    0.7295    0.7405    0.9222    0.9435    0.9778    1.0005    1.0424
   1.1453    1.1780    1.2206    1.2470    1.2590    1.3548    1.3922    1.5066
   1.5507    1.5695    1.6636    1.6900    1.7692    1.8048    1.8901    1.9078
   1.9459    2.0206    2.0477    2.0656    2.0814    2.1390    2.1842    2.2220
   2.2414    2.3101    2.3552    2.3916    2.4693    2.4853    2.5698    2.7246
   2.7352    2.7773    2.8432    2.9967    3.0627    3.1355    3.1846    3.2278
   3.2649    3.2899    3.3104    3.3255    3.4537    3.4816    3.6822    3.7464
   3.8161    3.8414    4.1125    4.3653

 Heat of formation   =        -88.26948555 kcal/mol  (       -3.82765212 eV)

 Total SCF energy    =    -158057.89854787 kcal/mol  (    -6853.90479805 eV)
 Electronic energy   =   -1567656.57475258 kcal/mol  (   -67978.69020218 eV)
 Core-core repulsion =    1409598.67620471 kcal/mol  (    61124.78540413 eV)
 
    Atomic Charges for Step       1 :
  Atom    Element       Mulliken Charge
     1      N                 -0.050
     2      C                 -0.161
     3      C                  0.019
     4      O                 -0.349
     5      C                 -0.014
     6      O                 -0.329
     7      C                 -0.044
     8      C                 -0.020
     9      O                 -0.322
    10      O                 -0.264
    11      C                  0.181
    12      O                 -0.312
    13      C                  0.067
    14      C                 -0.172
    15      C                 -0.164
    16      C                 -0.050
    17      C                 -0.061
    18      C                 -0.095
    19      C                 -0.013
    20      C                 -0.129
    21      C                 -0.102
    22      C                 -0.120
    23      C                 -0.106
    24      C                 -0.056
    25      C                 -0.016
    26      C                 -0.171
    27      C                  0.280
    28      O                 -0.269
    29      C                 -0.036
    30      C                 -0.080
    31      C                 -0.116
    32      C                 -0.118
    33      C                 -0.106
    34      C                 -0.119
    35      C                 -0.068
    36      C                 -0.121
    37      C                 -0.204
    38      C                  0.301
    39      O                 -0.388
    40      H                  0.299
    41      H                  0.264
    42      H                  0.244
    43      H                  0.170
    44      H                  0.114
    45      H                  0.264
    46      H                  0.114
    47      H                  0.255
    48      H                  0.112
    49      H                  0.107
    50      H                  0.129
    51      H                  0.220
    52      H                  0.123
    53      H                  0.130
    54      H                  0.093
    55      H                  0.126
    56      H                  0.117
    57      H                  0.117
    58      H                  0.137
    59      H                  0.137
    60      H                  0.144
    61      H                  0.146
    62      H                  0.143
    63      H                  0.158
    64      H                  0.132
    65      H                  0.146
    66      H                  0.148
    67      H                  0.143
    68      H                  0.102
    69      H                  0.112
    70      H                  0.123
    71      H                  0.128
 Total Mulliken Charge =       1.000
 
                  X        Y        Z     TOTAL  
  QM DIPOLE   -31.174  -19.502    8.482   37.737
 
 Final Structure

  QMMM: QM Region Cartesian Coordinates (*=link atom) 
  QMMM: QM_NO.   MM_NO.  ATOM         X         Y         Z
  QMMM:     1        1      N       -7.5686   -5.6477    0.9102
  QMMM:     2        2      C       -6.2779   -5.9974    1.5617
  QMMM:     3        3      C       -6.2726   -7.3939    2.2078
  QMMM:     4        4      O       -6.6122   -8.3157    1.1921
  QMMM:     5        5      C       -4.8545   -7.6399    2.7656
  QMMM:     6        6      O       -4.9544   -8.8690    3.4563
  QMMM:     7        7      C       -4.4255   -6.5091    3.7193
  QMMM:     8        8      C       -2.9295   -6.6089    4.0607
  QMMM:     9        9      O       -2.6772   -7.8369    4.7048
  QMMM:    10       10      O       -4.5849   -5.2196    3.1059
  QMMM:    11       11      C       -5.9065   -4.9793    2.6915
  QMMM:    12       12      O       -6.0124   -3.6771    2.2111
  QMMM:    13       13      C       -4.8677   -2.8905    1.8382
  QMMM:    14       14      C       -3.8494   -3.5905    0.9451
  QMMM:    15       15      C       -4.0018   -3.0568   -0.4639
  QMMM:    16       16      C       -5.0124   -1.8812   -0.4378
  QMMM:    17       17      C       -4.3086   -0.7444   -1.1133
  QMMM:    18       18      C       -4.7983    0.4809   -1.4655
  QMMM:    19       19      C       -3.9595    1.3988   -2.1692
  QMMM:    20       20      C       -4.4342    2.6833   -2.5435
  QMMM:    21       21      C       -3.6179    3.5595   -3.2201
  QMMM:    22       22      C       -2.2935    3.1925   -3.5529
  QMMM:    23       23      C       -1.8086    1.9540   -3.2040
  QMMM:    24       24      C       -2.6301    1.0300   -2.5056
  QMMM:    25       25      C       -2.1434   -0.2617   -2.1451
  QMMM:    26       26      C       -2.9688   -1.1206   -1.4729
  QMMM:    27       27      C       -2.7005   -2.4995   -1.0364
  QMMM:    28       28      O       -1.6459   -3.1266   -1.1035
  QMMM:    29       29      C       -5.4577   -1.6734    1.0341
  QMMM:    30       30      C       -4.9106   -0.4064    1.6289
  QMMM:    31       31      C       -3.5417   -0.3271    1.9300
  QMMM:    32       32      C       -2.9942    0.8257    2.4847
  QMMM:    33       33      C       -3.8085    1.9278    2.7468
  QMMM:    34       34      C       -5.1660    1.8666    2.4472
  QMMM:    35       35      C       -5.7223    0.7090    1.8889
  QMMM:    36       36      C       -7.1725    0.6887    1.5670
  QMMM:    37       37      C       -7.7561   -0.6858    1.7912
  QMMM:    38       38      C       -6.9852   -1.7487    1.0736
  QMMM:    39       39      O       -7.5827   -2.7025    0.5445
  QMMM:    40       40      H       -7.4746   -4.7118    0.4736
  QMMM:    41       41      H       -7.7929   -6.3575    0.2052
  QMMM:    42       42      H       -8.3197   -5.6102    1.6023
  QMMM:    43       43      H       -5.4914   -5.9691    0.7482
  QMMM:    44       44      H       -7.0250   -7.4638    3.0439
  QMMM:    45       45      H       -6.3709   -9.1999    1.5114
  QMMM:    46       46      H       -4.1212   -7.7239    1.9152
  QMMM:    47       47      H       -4.0608   -9.1192    3.7424
  QMMM:    48       48      H       -5.0452   -6.5558    4.6573
  QMMM:    49       49      H       -2.6267   -5.7323    4.6894
  QMMM:    50       50      H       -2.3131   -6.6314    3.1217
  QMMM:    51       51      H       -2.9126   -7.7410    5.6367
  QMMM:    52       52      H       -6.6386   -5.0653    3.5491
  QMMM:    53       53      H       -4.3932   -2.5534    2.8010
  QMMM:    54       54      H       -3.9747   -4.7008    0.9656
  QMMM:    55       55      H       -2.8161   -3.3843    1.3343
  QMMM:    56       56      H       -4.3623   -3.8601   -1.1582
  QMMM:    57       57      H       -5.9136   -2.1543   -1.0546
  QMMM:    58       58      H       -5.8242    0.7886   -1.2146
  QMMM:    59       59      H       -5.4658    2.9640   -2.2827
  QMMM:    60       60      H       -3.9862    4.5557   -3.5107
  QMMM:    61       61      H       -1.6584    3.9102   -4.0948
  QMMM:    62       62      H       -0.7791    1.6590   -3.4603
  QMMM:    63       63      H       -1.1159   -0.5523   -2.4173
  QMMM:    64       64      H       -2.8816   -1.1793    1.7031
  QMMM:    65       65      H       -1.9176    0.8681    2.7099
  QMMM:    66       66      H       -3.3794    2.8420    3.1845
  QMMM:    67       67      H       -5.8121    2.7355    2.6480
  QMMM:    68       68      H       -7.3184    0.9988    0.4955
  QMMM:    69       69      H       -7.7280    1.4305    2.2020
  QMMM:    70       70      H       -8.8291   -0.7083    1.4608
  QMMM:    71       71      H       -7.7316   -0.9389    2.8875
 
           --------- Calculation Completed ----------
 
