            --------------------------------------------------------
                             AMBER SQM VERSION 19
 
                                     By
              Ross C. Walker, Michael F. Crowley, Scott Brozell,
                         Tim Giese, Andreas W. Goetz,
                        Tai-Sung Lee and David A. Case
 
            --------------------------------------------------------
 

--------------------------------------------------------------------------------
  QM CALCULATION INFO
--------------------------------------------------------------------------------

| QMMM: Citation for AMBER QMMM Run:
| QMMM: R.C. Walker, M.F. Crowley and D.A. Case, J. COMP. CHEM. 29:1019, 2008

QMMM: SINGLET STATE CALCULATION
QMMM: RHF CALCULATION, NO. OF DOUBLY OCCUPIED LEVELS =102

| QMMM: *** Selected Hamiltonian *** 
| QMMM: AM1         

| QMMM: *** Parameter sets in use ***
| QMMM: C : M.J.S.DEWAR et al. JACS, 107, 3902, (1985)
| QMMM: N : M.J.S.DEWAR et al. JACS, 107, 3902, (1985)
| QMMM: O : M.J.S.DEWAR et al. JACS, 107, 3902, (1985)
| QMMM: H : M.J.S.DEWAR et al. JACS, 107, 3902, (1985)

| QMMM: *** SCF convergence criteria ***
| QMMM: Energy change                :  0.1D-09 kcal/mol
| QMMM: Error matrix |FP-PF|         :  0.1D+00 au
| QMMM: Density matrix change        :  0.5D-06
| QMMM: Maximum number of SCF cycles :     1000
 
| QMMM: *** Diagonalization Routine Information ***
| QMMM: Pseudo diagonalizations are allowed.
| QMMM: Auto diagonalization routine selection is in use.
| QMMM:
| QMMM: Timing diagonalization routines:
| QMMM:                              norbs =      194
| QMMM:    diag iterations used for timing =        5
| QMMM:
| QMMM:              Internal diag routine = 0.311656 seconds
| QMMM:                 Dspev diag routine = 1.097740 seconds
| QMMM:                Dspevd diag routine = 0.500171 seconds
| QMMM:                Dspevx diag routine = 3.621932 seconds
| QMMM:                 Dsyev diag routine = 3.354208 seconds
| QMMM:                Dsyevd diag routine = 1.424987 seconds
| QMMM:                Dsyevr diag routine = 1.544236 seconds
| QMMM:
| QMMM:                Pseudo diag routine = 0.276029 seconds
| QMMM:
| QMMM: Using internal diagonalization routine (diag_routine=1).

  QMMM: QM Region Cartesian Coordinates (*=link atom) 
  QMMM: QM_NO.   MM_NO.  ATOM         X         Y         Z
  QMMM:     1        1      C        6.0950    0.4830    0.9720
  QMMM:     2        2      C        4.7990    1.0070    0.7200
  QMMM:     3        3      C        6.8350   -0.2110    0.0100
  QMMM:     4        4      C        6.2790   -0.3630   -1.2540
  QMMM:     5        5      C        4.9520    0.1920   -1.4770
  QMMM:     6        6      C        4.3440    0.0220   -2.7810
  QMMM:     7        7      C        5.0920   -0.6740   -3.8210
  QMMM:     8        8      C        6.9640   -1.0310   -2.2870
  QMMM:     9        9      C        1.3890    3.1780    6.2500
  QMMM:    10       10      C       -1.9860    5.6140    3.0520
  QMMM:    11       11      C        2.4920    0.3460   -4.1780
  QMMM:    12       12      C        4.1330    1.6910    1.9040
  QMMM:    13       13      C        6.3790   -1.1790   -3.5610
  QMMM:    14       14      C        4.4860   -0.8160   -5.0660
  QMMM:    15       15      C        3.1950   -0.3010   -5.2250
  QMMM:    16       16      C        1.0880    0.8140   -4.5210
  QMMM:    17       17      C       -1.8870    5.5490    4.4490
  QMMM:    18       18      C       -0.8300    2.0550   -3.3880
  QMMM:    19       19      C       -1.2350    2.4820   -2.1190
  QMMM:    20       20      C       -2.4360    3.1810   -1.9830
  QMMM:    21       21      C       -3.2490    3.4360   -3.1750
  QMMM:    22       22      C       -1.6580    2.3000   -4.5050
  QMMM:    23       23      C       -2.8400    3.6310   -0.7170
  QMMM:    24       24      C       -0.8650    4.8060    5.0580
  QMMM:    25       25      C       -4.4890    4.1930   -2.9570
  QMMM:    26       26      C       -4.0220    4.3690   -0.5670
  QMMM:    27       27      C       -4.8420    4.6380   -1.6730
  QMMM:    28       28      C       -1.0670    4.9360    2.2370
  QMMM:    29       29      C        1.9240    2.7740    2.5440
  QMMM:    30       30      C        2.0350    2.7180    3.9500
  QMMM:    31       31      C        0.8680    3.4920    1.9690
  QMMM:    32       32      C       -0.0340    4.1690    2.8010
  QMMM:    33       33      C        0.1270    4.0750    4.2560
  QMMM:    34       34      C       -3.6220    3.2340   -5.6420
  QMMM:    35       35      N        4.2010    0.8740   -0.5190
  QMMM:    36       36      N        2.8350    2.1160    1.6730
  QMMM:    37       37      N       -2.8480    2.9730   -4.4220
  QMMM:    38       38      N        0.4440    1.4370   -3.4700
  QMMM:    39       39      N        3.0600    0.5350   -2.9330
  QMMM:    40       40      N        1.1650    3.3310    4.8060
  QMMM:    41       41      O        0.5730    0.6730   -5.6170
  QMMM:    42       42      O        4.6660    1.8120    2.9970
  QMMM:    43       43      H        6.5510    0.6130    1.9420
  QMMM:    44       44      H        7.8070   -0.6090    0.2600
  QMMM:    45       45      H        7.9490   -1.4370   -2.1080
  QMMM:    46       46      H        0.6180    3.7200    6.7970
  QMMM:    47       47      H        1.3470    2.1220    6.5150
  QMMM:    48       48      H        2.3690    3.5780    6.5110
  QMMM:    49       49      H       -2.7760    6.1900    2.5930
  QMMM:    50       50      H        6.9280   -1.6850   -4.3410
  QMMM:    51       51      H        5.0120   -1.3100   -5.8690
  QMMM:    52       52      H        2.7350   -0.4130   -6.1960
  QMMM:    53       53      H       -2.6010    6.0740    5.0660
  QMMM:    54       54      H       -0.6210    2.2700   -1.2560
  QMMM:    55       55      H       -1.3620    1.9510   -5.4830
  QMMM:    56       56      H       -2.2390    3.4090    0.1520
  QMMM:    57       57      H       -0.7960    4.7630    6.1350
  QMMM:    58       58      H       -5.1410    4.4130   -3.7900
  QMMM:    59       59      H       -4.3090    4.7370    0.4070
  QMMM:    60       60      H       -5.7550    5.1950   -1.5270
  QMMM:    61       61      H       -1.1490    5.0000    1.1620
  QMMM:    62       62      H        2.8440    2.1670    4.4060
  QMMM:    63       63      H        0.7550    3.5200    0.8950
  QMMM:    64       64      H       -3.1200    2.7780   -6.4960
  QMMM:    65       65      H       -4.6200    2.8080   -5.5380
  QMMM:    66       66      H       -3.7010    4.3100   -5.8000
  QMMM:    67       67      H        2.4080    1.9680    0.7700
  QMMM:    68       68      H        0.8960    1.5040   -2.5690

--------------------------------------------------------------------------------
  RESULTS
--------------------------------------------------------------------------------

      iter         sqm energy              rms gradient
      ----    -------------------    -----------------------
xmin    10      209.1686 kcal/mol        0.9960 kcal/(mol*A)
xmin    20      208.5233 kcal/mol        0.4795 kcal/(mol*A)
xmin    30      207.5505 kcal/mol        0.8767 kcal/(mol*A)
xmin    40      206.6590 kcal/mol        0.2039 kcal/(mol*A)
xmin    50      206.5458 kcal/mol        0.2343 kcal/(mol*A)
xmin    60      206.4565 kcal/mol        0.1193 kcal/(mol*A)
xmin    70      206.4273 kcal/mol        0.1984 kcal/(mol*A)
xmin    80      206.4201 kcal/mol        0.0437 kcal/(mol*A)
xmin    90      206.4111 kcal/mol        0.0169 kcal/(mol*A)
xmin   100      206.4098 kcal/mol        0.0258 kcal/(mol*A)
xmin   110      206.4090 kcal/mol        0.0161 kcal/(mol*A)
xmin   120      206.4082 kcal/mol        0.0210 kcal/(mol*A)
xmin   130      206.4078 kcal/mol        0.0176 kcal/(mol*A)
xmin   140      206.4076 kcal/mol        0.0110 kcal/(mol*A)
xmin   150      206.4075 kcal/mol        0.0035 kcal/(mol*A)
xmin   160      206.4075 kcal/mol        0.0030 kcal/(mol*A)
xmin   170      206.4075 kcal/mol        0.0015 kcal/(mol*A)
xmin   180      206.4075 kcal/mol        0.0035 kcal/(mol*A)
xmin   190      206.4074 kcal/mol        0.0009 kcal/(mol*A)
xmin   200      206.4074 kcal/mol        0.0008 kcal/(mol*A)
  ... geometry converged !
 
 Final MO eigenvalues (eV):
 -41.9241  -41.0662  -41.0275  -40.4970  -39.6014  -38.9293  -37.5391  -37.2355
 -36.8488  -36.4202  -36.3692  -34.2017  -34.1227  -33.6075  -33.2482  -31.2763
 -31.2627  -30.8859  -30.5150  -30.0285  -29.9394  -28.0159  -27.9859  -26.4250
 -26.3355  -25.4271  -24.9823  -24.8766  -23.9629  -23.9447  -23.2171  -22.4706
 -22.2727  -21.8263  -21.6496  -20.5009  -19.6525  -19.3283  -19.2600  -18.6516
 -18.6098  -18.0723  -18.0249  -17.7390  -17.3621  -17.0077  -16.8513  -16.5395
 -16.3897  -16.1917  -16.1373  -16.1367  -15.9224  -15.8852  -15.7693  -15.5886
 -15.4746  -15.3164  -15.1980  -15.0505  -14.9530  -14.9299  -14.8598  -14.5551
 -14.5250  -14.4110  -14.3289  -14.2364  -13.9545  -13.9273  -13.5264  -13.4780
 -13.3269  -13.3107  -13.2642  -13.2161  -12.9125  -12.8046  -12.7497  -12.4805
 -12.4020  -12.1993  -12.0822  -11.6427  -11.5739  -11.5033  -11.5019  -11.4196
 -11.3961  -11.3886  -11.3600  -10.9540  -10.7965  -10.3063  -10.2216   -9.8554
  -9.5342   -9.2853   -9.1745   -8.5318   -8.3558   -4.6620   -2.2005   -1.4575
  -1.0346   -0.4007    0.2162    0.3620    0.3929    0.8078    0.8906    1.0636
   1.1720    1.4603    1.5242    1.5443    1.9396    1.9499    2.0314    2.1761
   2.3208    2.4246    2.6014    2.7735    3.0337    3.1349    3.1858    3.1880
   3.2731    3.2748    3.3368    3.3569    3.4258    3.5859    3.5998    3.7485
   3.7885    3.8266    3.8532    3.8727    3.9987    4.0165    4.0173    4.0595
   4.0650    4.1224    4.1305    4.2209    4.2269    4.2274    4.2675    4.2985
   4.3953    4.4086    4.4807    4.4867    4.5140    4.5947    4.6063    4.6747
   4.7075    4.7158    4.7307    4.8468    4.8733    4.9427    4.9767    5.0948
   5.0998    5.1798    5.1915    5.2364    5.3359    5.3493    5.5002    5.5062
   5.6657    5.6780    5.7973    5.8142    6.0032    6.0607    6.0798    6.1129
   6.1163    6.2459    6.2644    6.2807    6.3493    6.3906    6.5113    6.5134
   6.8820    6.8871

 Heat of formation   =        206.40744217 kcal/mol  (        8.95049834 eV)

 Total SCF energy    =    -151902.77533118 kcal/mol  (    -6586.99862674 eV)
 Electronic energy   =   -1456662.92206707 kcal/mol  (   -63165.64425077 eV)
 Core-core repulsion =    1304760.14673589 kcal/mol  (    56578.64562404 eV)
 
    Atomic Charges for Step       1 :
  Atom    Element       Mulliken Charge
     1      C                 -0.123
     2      C                 -0.049
     3      C                 -0.092
     4      C                 -0.061
     5      C                  0.030
     6      C                  0.030
     7      C                 -0.061
     8      C                 -0.105
     9      C                 -0.079
    10      C                 -0.132
    11      C                 -0.049
    12      C                  0.355
    13      C                 -0.105
    14      C                 -0.092
    15      C                 -0.123
    16      C                  0.355
    17      C                 -0.123
    18      C                  0.029
    19      C                 -0.230
    20      C                  0.010
    21      C                  0.057
    22      C                 -0.080
    23      C                 -0.160
    24      C                 -0.199
    25      C                 -0.199
    26      C                 -0.132
    27      C                 -0.123
    28      C                 -0.160
    29      C                  0.029
    30      C                 -0.080
    31      C                 -0.230
    32      C                  0.010
    33      C                  0.057
    34      C                 -0.079
    35      N                 -0.104
    36      N                 -0.282
    37      N                 -0.157
    38      N                 -0.282
    39      N                 -0.104
    40      N                 -0.157
    41      O                 -0.362
    42      O                 -0.362
    43      H                  0.172
    44      H                  0.148
    45      H                  0.143
    46      H                  0.088
    47      H                  0.100
    48      H                  0.087
    49      H                  0.131
    50      H                  0.143
    51      H                  0.148
    52      H                  0.172
    53      H                  0.127
    54      H                  0.144
    55      H                  0.189
    56      H                  0.145
    57      H                  0.129
    58      H                  0.129
    59      H                  0.131
    60      H                  0.127
    61      H                  0.145
    62      H                  0.189
    63      H                  0.144
    64      H                  0.100
    65      H                  0.087
    66      H                  0.088
    67      H                  0.253
    68      H                  0.253
 Total Mulliken Charge =      -0.000
 
                  X        Y        Z     TOTAL  
  QM DIPOLE     3.865   -2.359   -1.631    4.813
 
 Final Structure

  QMMM: QM Region Cartesian Coordinates (*=link atom) 
  QMMM: QM_NO.   MM_NO.  ATOM         X         Y         Z
  QMMM:     1        1      C        6.1843    0.3976    1.0331
  QMMM:     2        2      C        4.8850    0.9014    0.7469
  QMMM:     3        3      C        6.8674   -0.2655    0.0296
  QMMM:     4        4      C        6.2699   -0.4306   -1.2432
  QMMM:     5        5      C        4.9653    0.1041   -1.4356
  QMMM:     6        6      C        4.3201   -0.0494   -2.7457
  QMMM:     7        7      C        5.0163   -0.7345   -3.7805
  QMMM:     8        8      C        6.9269   -1.1094   -2.3205
  QMMM:     9        9      C        1.0365    3.3498    5.7684
  QMMM:    10       10      C       -2.1270    5.4726    2.3738
  QMMM:    11       11      C        2.4824    0.3224   -4.1206
  QMMM:    12       12      C        4.1032    1.5950    1.8477
  QMMM:    13       13      C        6.3276   -1.2557   -3.5320
  QMMM:    14       14      C        4.3683   -0.8688   -5.0321
  QMMM:    15       15      C        3.1018   -0.3435   -5.2147
  QMMM:    16       16      C        1.1103    0.9416   -4.3144
  QMMM:    17       17      C       -2.1294    5.3685    3.7618
  QMMM:    18       18      C       -0.8019    1.8887   -3.0274
  QMMM:    19       19      C       -1.2458    2.1800   -1.7009
  QMMM:    20       20      C       -2.3974    2.9573   -1.5128
  QMMM:    21       21      C       -3.1070    3.4903   -2.6534
  QMMM:    22       22      C       -1.5051    2.4127   -4.1100
  QMMM:    23       23      C       -2.8952    3.2390   -0.2188
  QMMM:    24       24      C       -1.0945    4.7097    4.4286
  QMMM:    25       25      C       -4.2582    4.2688   -2.4469
  QMMM:    26       26      C       -4.0409    4.0061   -0.0481
  QMMM:    27       27      C       -4.7150    4.5209   -1.1517
  QMMM:    28       28      C       -1.0966    4.9132    1.6284
  QMMM:    29       29      C        2.1013    3.0345    2.2087
  QMMM:    30       30      C        2.0719    2.9556    3.5994
  QMMM:    31       31      C        1.0223    3.6732    1.5237
  QMMM:    32       32      C       -0.0272    4.2378    2.2622
  QMMM:    33       33      C       -0.0342    4.1399    3.7040
  QMMM:    34       34      C       -3.2969    3.7403   -5.0893
  QMMM:    35       35      N        4.2943    0.7549   -0.4436
  QMMM:    36       36      N        3.1682    2.5288    1.4421
  QMMM:    37       37      N       -2.6201    3.2100   -3.9364
  QMMM:    38       38      N        0.3237    1.0580   -3.1838
  QMMM:    39       39      N        3.0730    0.4689   -2.9301
  QMMM:    40       40      N        1.0251    3.4760    4.3358
  QMMM:    41       41      O        0.7437    1.2764   -5.4574
  QMMM:    42       42      O        4.3539    1.3301    3.0392
  QMMM:    43       43      H        6.6057    0.5359    2.0401
  QMMM:    44       44      H        7.8747   -0.6713    0.2089
  QMMM:    45       45      H        7.9358   -1.5108   -2.1350
  QMMM:    46       46      H        0.1163    2.8020    6.1106
  QMMM:    47       47      H        1.9433    2.7811    6.1039
  QMMM:    48       48      H        1.0487    4.3687    6.2435
  QMMM:    49       49      H       -2.9475    5.9944    1.8586
  QMMM:    50       50      H        6.8365   -1.7796   -4.3567
  QMMM:    51       51      H        4.8836   -1.3913   -5.8526
  QMMM:    52       52      H        2.5682   -0.4134   -6.1744
  QMMM:    53       53      H       -2.9480    5.8104    4.3479
  QMMM:    54       54      H       -0.7091    1.7901   -0.8263
  QMMM:    55       55      H       -1.1998    2.2244   -5.1570
  QMMM:    56       56      H       -2.3649    2.8290    0.6534
  QMMM:    57       57      H       -1.1272    4.6502    5.5258
  QMMM:    58       58      H       -4.8180    4.6881   -3.2950
  QMMM:    59       59      H       -4.4099    4.2108    0.9682
  QMMM:    60       60      H       -5.6198    5.1297   -1.0122
  QMMM:    61       61      H       -1.0931    4.9989    0.5317
  QMMM:    62       62      H        2.8777    2.4653    4.1784
  QMMM:    63       63      H        1.0106    3.7443    0.4283
  QMMM:    64       64      H       -2.7682    3.4325   -6.0294
  QMMM:    65       65      H       -4.3537    3.3579   -5.1236
  QMMM:    66       66      H       -3.3199    4.8630   -5.0355
  QMMM:    67       67      H        3.0497    2.6652    0.4581
  QMMM:    68       68      H        0.7170    0.7547   -2.3153
 
           --------- Calculation Completed ----------
 
