reduce: version 3.3 06/02/2016, Copyright 1997-2016, J. Michael Word
Processing file: --standard input--
Database of HETATM connections: "/home/dejun/conda_env/rtmscore//dat/reduce_wwPDB_het_dict.txt"
VDW dot density = 16/A^2
Orientation penalty scale = 9999 (999900%)
Eliminate contacts within 3 bonds.
Ignore atoms with |occupancy| <= 0.01 during adjustments.
Waters ignored if B-Factor >= 40 or |occupancy| < 0.66
Aromatic rings in amino acids accept hydrogen bonds.
Building His ring NH Hydrogens.
Flipping Asn, Gln and His groups.
For each flip state, bumps where gap is more than 0.4A are indicated with '!'.
Building or keeping OH & SH Hydrogens.
Rotating existing OH & SH Hydrogens
Rotating NH3 Hydrogens.
Not processing Met methyls.
*WARNING*: Res "DC" not in HETATM Connection Database. Hydrogens not added.
*WARNING*: Res "DG" not in HETATM Connection Database. Hydrogens not added.
*WARNING*: Res "DT" not in HETATM Connection Database. Hydrogens not added.
*WARNING*: Res "DG" not in HETATM Connection Database. Hydrogens not added.
*WARNING*: Res "DA" not in HETATM Connection Database. Hydrogens not added.
*WARNING*: Res "DA" not in HETATM Connection Database. Hydrogens not added.
*WARNING*: Res "DT" not in HETATM Connection Database. Hydrogens not added.
*WARNING*: Res "DT" not in HETATM Connection Database. Hydrogens not added.
*WARNING*: Res "DC" not in HETATM Connection Database. Hydrogens not added.
*WARNING*: Res "DA" not in HETATM Connection Database. Hydrogens not added.
*WARNING*: Res "DC" not in HETATM Connection Database. Hydrogens not added.
*WARNING*: Res "DG" not in HETATM Connection Database. Hydrogens not added.
*WARNING*: Res "DC" not in HETATM Connection Database. Hydrogens not added.
*WARNING*: Res "DG" not in HETATM Connection Database. Hydrogens not added.
*WARNING*: Res "DT" not in HETATM Connection Database. Hydrogens not added.
*WARNING*: Res "DG" not in HETATM Connection Database. Hydrogens not added.
*WARNING*: Res "DA" not in HETATM Connection Database. Hydrogens not added.
*WARNING*: Res "DA" not in HETATM Connection Database. Hydrogens not added.
*WARNING*: Res "DT" not in HETATM Connection Database. Hydrogens not added.
*WARNING*: Res "DT" not in HETATM Connection Database. Hydrogens not added.
*WARNING*: Res "DC" not in HETATM Connection Database. Hydrogens not added.
*WARNING*: Res "DA" not in HETATM Connection Database. Hydrogens not added.
*WARNING*: Res "DC" not in HETATM Connection Database. Hydrogens not added.
*WARNING*: Res "DG" not in HETATM Connection Database. Hydrogens not added.
Found 0 hydrogens (0 hets)
Standardized 0 hydrogens (0 hets)
Added 0 hydrogens (0 hets)
Removed 0 hydrogens (0 hets)
If you publish work which uses reduce, please cite:
Word, et. al. (1999) J. Mol. Biol. 285, 1735-1747.
For more information see http://kinemage.biochem.duke.edu
