            --------------------------------------------------------
                             AMBER SQM VERSION 19
 
                                     By
              Ross C. Walker, Michael F. Crowley, Scott Brozell,
                         Tim Giese, Andreas W. Goetz,
                        Tai-Sung Lee and David A. Case
 
            --------------------------------------------------------
 

--------------------------------------------------------------------------------
  QM CALCULATION INFO
--------------------------------------------------------------------------------

| QMMM: Citation for AMBER QMMM Run:
| QMMM: R.C. Walker, M.F. Crowley and D.A. Case, J. COMP. CHEM. 29:1019, 2008

QMMM: SINGLET STATE CALCULATION
QMMM: RHF CALCULATION, NO. OF DOUBLY OCCUPIED LEVELS = 52

| QMMM: *** Selected Hamiltonian *** 
| QMMM: AM1         

| QMMM: *** Parameter sets in use ***
| QMMM: N : M.J.S.DEWAR et al. JACS, 107, 3902, (1985)
| QMMM: C : M.J.S.DEWAR et al. JACS, 107, 3902, (1985)
| QMMM: H : M.J.S.DEWAR et al. JACS, 107, 3902, (1985)

| QMMM: *** SCF convergence criteria ***
| QMMM: Energy change                :  0.1D-09 kcal/mol
| QMMM: Error matrix |FP-PF|         :  0.1D+00 au
| QMMM: Density matrix change        :  0.5D-06
| QMMM: Maximum number of SCF cycles :     1000
 
| QMMM: *** Diagonalization Routine Information ***
| QMMM: Pseudo diagonalizations are allowed.
| QMMM: Auto diagonalization routine selection is in use.
| QMMM:
| QMMM: Timing diagonalization routines:
| QMMM:                              norbs =      101
| QMMM:    diag iterations used for timing =       10
| QMMM:
| QMMM:              Internal diag routine = 0.051496 seconds
| QMMM:                 Dspev diag routine = 0.857249 seconds
| QMMM:                Dspevd diag routine = 0.512727 seconds
| QMMM:                Dspevx diag routine = 1.135499 seconds
| QMMM:                 Dsyev diag routine = 0.653809 seconds
| QMMM:                Dsyevd diag routine = 0.630955 seconds
| QMMM:                Dsyevr diag routine = 0.567744 seconds
| QMMM:
| QMMM:                Pseudo diag routine = 0.004575 seconds
| QMMM:
| QMMM: Using internal diagonalization routine (diag_routine=1).

  QMMM: QM Region Cartesian Coordinates (*=link atom) 
  QMMM: QM_NO.   MM_NO.  ATOM         X         Y         Z
  QMMM:     1        1      N       45.9020   43.2170    9.5120
  QMMM:     2        2      C       44.9630   43.9340    8.7800
  QMMM:     3        3      C       43.7240   43.7220    9.3310
  QMMM:     4        4      C       43.0940   42.2560   11.4290
  QMMM:     5        5      C       43.6080   41.4460   12.4350
  QMMM:     6        6      C       44.9790   41.1680   12.5170
  QMMM:     7        7      C       45.8160   41.7310   11.5330
  QMMM:     8        8      C       45.2800   42.5550   10.5240
  QMMM:     9        9      C       43.9070   42.8270   10.4620
  QMMM:    10       10      C       45.4720   40.2710   13.5880
  QMMM:    11       11      N       46.7900   40.2260   13.8620
  QMMM:    12       12      N       44.7540   39.5080   14.2970
  QMMM:    13       13      C       45.3860   44.6950    7.5800
  QMMM:    14       14      C       44.5950   45.7110    7.0100
  QMMM:    15       15      C       45.0490   46.3830    5.8650
  QMMM:    16       16      C       46.2830   46.0330    5.2870
  QMMM:    17       17      C       47.0200   45.0250    5.8680
  QMMM:    18       18      C       46.5770   44.3810    6.9810
  QMMM:    19       19      C       46.8240   46.7090    4.0900
  QMMM:    20       20      N       47.8290   46.2040    3.4650
  QMMM:    21       21      N       46.2980   47.8810    3.6940
  QMMM:    22       22      H       46.8770   43.2480    9.2510
  QMMM:    23       23      H       42.8540   44.1970    8.9020
  QMMM:    24       24      H       42.0330   42.4560   11.3860
  QMMM:    25       25      H       42.9470   41.0170   13.1740
  QMMM:    26       26      H       46.8770   41.5320   11.5490
  QMMM:    27       27      H       47.1340   39.6170   14.5910
  QMMM:    28       28      H       47.4340   40.8010   13.3390
  QMMM:    29       29      H       45.1800   38.9290   15.0070
  QMMM:    30       30      H       43.7550   39.4770   14.1530
  QMMM:    31       31      H       43.6450   45.9690    7.4540
  QMMM:    32       32      H       44.4510   47.1690    5.4280
  QMMM:    33       33      H       47.9680   44.7330    5.4400
  QMMM:    34       34      H       47.1980   43.5990    7.3920
  QMMM:    35       35      H       48.1990   46.6660    2.6470
  QMMM:    36       36      H       48.2480   45.3450    3.7930
  QMMM:    37       37      H       46.6630   48.3480    2.8770
  QMMM:    38       38      H       45.5370   48.2940    4.2140

--------------------------------------------------------------------------------
  RESULTS
--------------------------------------------------------------------------------

      iter         sqm energy              rms gradient
      ----    -------------------    -----------------------
xmin    10      413.7962 kcal/mol        0.6359 kcal/(mol*A)
xmin    20      413.5181 kcal/mol        0.0947 kcal/(mol*A)
xmin    30      413.4545 kcal/mol        0.2225 kcal/(mol*A)
xmin    40      413.2486 kcal/mol        0.1146 kcal/(mol*A)
xmin    50      413.1931 kcal/mol        0.0599 kcal/(mol*A)
xmin    60      413.1903 kcal/mol        0.0178 kcal/(mol*A)
xmin    70      413.1901 kcal/mol        0.0025 kcal/(mol*A)
  ... geometry converged !
 
 Final MO eigenvalues (eV):
 -47.0903  -46.5853  -45.7601  -44.3384  -42.2176  -40.4566  -40.2365  -38.6144
 -38.1133  -37.3699  -35.4105  -34.7819  -31.9167  -30.1355  -29.3218  -28.8894
 -28.2297  -27.3362  -26.5537  -25.6365  -25.3915  -25.3017  -25.1611  -24.0220
 -22.9645  -22.7502  -22.7368  -22.3130  -22.0557  -21.8223  -21.3791  -20.8543
 -20.7031  -20.5140  -20.2951  -20.0772  -19.9722  -19.7816  -19.3597  -19.2310
 -18.5068  -18.1124  -17.9432  -17.7008  -17.3749  -17.3210  -17.1135  -16.2907
 -15.8210  -15.5516  -14.3049  -13.7929   -6.6638   -6.2430   -5.6941   -5.2695
  -5.1297   -4.8728   -4.8158   -4.6445   -3.8962   -3.6202   -3.4303   -3.3568
  -3.3265   -2.9632   -2.8154   -2.4892   -1.9921   -1.9422   -1.8486   -1.7785
  -1.5116   -1.4305   -1.3930   -1.2721   -1.2635   -1.1622   -1.1155   -1.0656
  -1.0518   -0.9852   -0.8988   -0.8346   -0.7023   -0.5554   -0.5261   -0.4904
  -0.3382   -0.2918   -0.2793   -0.2633   -0.2060   -0.1328   -0.0478    0.0865
   0.1859    0.3099    0.4691    0.6948    1.0723

 Heat of formation   =        413.19013241 kcal/mol  (       17.91726865 eV)

 Total SCF energy    =     -76156.35813295 kcal/mol  (    -3302.38749980 eV)
 Electronic energy   =    -503103.71329982 kcal/mol  (   -21816.21409739 eV)
 Core-core repulsion =     426947.35516688 kcal/mol  (    18513.82659758 eV)
 
    Atomic Charges for Step       1 :
  Atom    Element       Mulliken Charge
     1      N                 -0.192
     2      C                  0.009
     3      C                 -0.146
     4      C                 -0.050
     5      C                 -0.126
     6      C                 -0.144
     7      C                 -0.088
     8      C                  0.007
     9      C                 -0.046
    10      C                  0.340
    11      N                 -0.313
    12      N                 -0.307
    13      C                  0.032
    14      C                 -0.101
    15      C                 -0.074
    16      C                 -0.165
    17      C                 -0.073
    18      C                 -0.117
    19      C                  0.340
    20      N                 -0.308
    21      N                 -0.307
    22      H                  0.266
    23      H                  0.182
    24      H                  0.174
    25      H                  0.155
    26      H                  0.153
    27      H                  0.273
    28      H                  0.284
    29      H                  0.273
    30      H                  0.288
    31      H                  0.173
    32      H                  0.161
    33      H                  0.159
    34      H                  0.161
    35      H                  0.276
    36      H                  0.286
    37      H                  0.276
    38      H                  0.287
 Total Mulliken Charge =       2.000
 
                  X        Y        Z     TOTAL  
  QM DIPOLE   441.810  417.969   82.969  613.823
 
 Final Structure

  QMMM: QM Region Cartesian Coordinates (*=link atom) 
  QMMM: QM_NO.   MM_NO.  ATOM         X         Y         Z
  QMMM:     1        1      N       46.1124   42.8768    9.3944
  QMMM:     2        2      C       45.3068   43.8621    8.7947
  QMMM:     3        3      C       44.1479   44.0563    9.5616
  QMMM:     4        4      C       43.3759   42.8888   11.7614
  QMMM:     5        5      C       43.7423   41.9158   12.6773
  QMMM:     6        6      C       44.9540   41.2049   12.5294
  QMMM:     7        7      C       45.8319   41.4393   11.4725
  QMMM:     8        8      C       45.4607   42.4158   10.5366
  QMMM:     9        9      C       44.2173   43.1520   10.6777
  QMMM:    10       10      C       45.2955   40.1694   13.5459
  QMMM:    11       11      N       46.5140   40.2117   14.1298
  QMMM:    12       12      N       44.3724   39.2286   13.8415
  QMMM:    13       13      C       45.6680   44.5634    7.5734
  QMMM:    14       14      C       44.6453   45.0625    6.7476
  QMMM:    15       15      C       44.9540   45.7686    5.5890
  QMMM:    16       16      C       46.2949   45.9738    5.2376
  QMMM:    17       17      C       47.3221   45.4732    6.0475
  QMMM:    18       18      C       47.0075   44.7754    7.2112
  QMMM:    19       19      C       46.6274   46.7331    3.9995
  QMMM:    20       20      N       47.5052   46.1927    3.1261
  QMMM:    21       21      N       46.0378   47.9321    3.8008
  QMMM:    22       22      H       46.9384   42.4979    9.0085
  QMMM:    23       23      H       43.3478   44.7674    9.3657
  QMMM:    24       24      H       42.4345   43.4495   11.8832
  QMMM:    25       25      H       43.0869   41.7151   13.5400
  QMMM:    26       26      H       46.7680   40.8735   11.3569
  QMMM:    27       27      H       46.8118   39.5542   14.8185
  QMMM:    28       28      H       47.1345   40.9577   13.8942
  QMMM:    29       29      H       44.5161   38.5192   14.5283
  QMMM:    30       30      H       43.4980   39.2435   13.3575
  QMMM:    31       31      H       43.5889   44.8914    7.0170
  QMMM:    32       32      H       44.1364   46.1418    4.9502
  QMMM:    33       33      H       48.3804   45.6439    5.7899
  QMMM:    34       34      H       47.8277   44.4119    7.8514
  QMMM:    35       35      H       47.7837   46.6468    2.2817
  QMMM:    36       36      H       47.8827   45.2879    3.3172
  QMMM:    37       37      H       46.2013   48.4928    2.9911
  QMMM:    38       38      H       45.4197   48.2892    4.5001
 
           --------- Calculation Completed ----------
 
