            --------------------------------------------------------
                             AMBER SQM VERSION 19
 
                                     By
              Ross C. Walker, Michael F. Crowley, Scott Brozell,
                         Tim Giese, Andreas W. Goetz,
                        Tai-Sung Lee and David A. Case
 
            --------------------------------------------------------
 

--------------------------------------------------------------------------------
  QM CALCULATION INFO
--------------------------------------------------------------------------------

| QMMM: Citation for AMBER QMMM Run:
| QMMM: R.C. Walker, M.F. Crowley and D.A. Case, J. COMP. CHEM. 29:1019, 2008

QMMM: SINGLET STATE CALCULATION
QMMM: RHF CALCULATION, NO. OF DOUBLY OCCUPIED LEVELS =119

| QMMM: *** Selected Hamiltonian *** 
| QMMM: AM1         

| QMMM: *** Parameter sets in use ***
| QMMM: O : M.J.S.DEWAR et al. JACS, 107, 3902, (1985)
| QMMM: C : M.J.S.DEWAR et al. JACS, 107, 3902, (1985)
| QMMM: N : M.J.S.DEWAR et al. JACS, 107, 3902, (1985)
| QMMM: P : M.J.S.DEWAR et al. THEOCHEM, 187,1, (1989)
| QMMM: H : M.J.S.DEWAR et al. JACS, 107, 3902, (1985)

| QMMM: *** SCF convergence criteria ***
| QMMM: Energy change                :  0.1D-09 kcal/mol
| QMMM: Error matrix |FP-PF|         :  0.1D+00 au
| QMMM: Density matrix change        :  0.5D-06
| QMMM: Maximum number of SCF cycles :     1000
 
| QMMM: *** Diagonalization Routine Information ***
| QMMM: Pseudo diagonalizations are allowed.
| QMMM: Auto diagonalization routine selection is in use.
| QMMM:
| QMMM: Timing diagonalization routines:
| QMMM:                              norbs =      202
| QMMM:    diag iterations used for timing =        4
| QMMM:
| QMMM:              Internal diag routine = 0.089732 seconds
| QMMM:                 Dspev diag routine = 1.175126 seconds
| QMMM:                Dspevd diag routine = 0.635830 seconds
| QMMM:                Dspevx diag routine = 2.173329 seconds
| QMMM:                 Dsyev diag routine = 1.019905 seconds
| QMMM:                Dsyevd diag routine = 1.875697 seconds
| QMMM:                Dsyevr diag routine = 0.939723 seconds
| QMMM:
| QMMM:                Pseudo diag routine = 0.089318 seconds
| QMMM:
| QMMM: Using internal diagonalization routine (diag_routine=1).

  QMMM: QM Region Cartesian Coordinates (*=link atom) 
  QMMM: QM_NO.   MM_NO.  ATOM         X         Y         Z
  QMMM:     1        1      O       -0.2220   -4.3490   -0.6990
  QMMM:     2        2      C       -1.3280   -4.7290   -1.0360
  QMMM:     3        3      N       -1.9240   -4.3370   -2.2300
  QMMM:     4        4      C       -3.1920   -4.7610   -2.6190
  QMMM:     5        5      N       -3.6560   -4.2820   -3.8200
  QMMM:     6        6      N       -3.9470   -5.5900   -1.8910
  QMMM:     7        7      C       -3.4100   -6.0370   -0.6780
  QMMM:     8        8      C       -2.1670   -5.6430   -0.2350
  QMMM:     9        9      N       -1.8790   -6.2080    0.9810
  QMMM:    10       10      C       -2.9450   -6.9430    1.2670
  QMMM:    11       11      N       -3.9170   -6.8940    0.2770
  QMMM:    12       12      C       -5.1850   -7.6520    0.3140
  QMMM:    13       13      C       -5.9060   -7.8460   -1.0270
  QMMM:    14       14      O       -7.2470   -8.2420   -0.7460
  QMMM:    15       15      O       -4.8260   -8.9930    0.7190
  QMMM:    16       16      C       -4.9090   -9.9170   -0.3860
  QMMM:    17       17      C       -3.6130  -10.7530   -0.4880
  QMMM:    18       18      O       -2.5730  -10.0300   -1.1610
  QMMM:    19       19      P       -1.3330  -10.8680   -1.7740
  QMMM:    20       20      O       -2.1100  -11.5960   -2.9890
  QMMM:    21       21      O       -0.2580   -9.9750   -2.2800
  QMMM:    22       22      O       -0.7820  -11.8430   -0.7970
  QMMM:    23       23      C       -5.1610   -9.0280   -1.6060
  QMMM:    24       24      O       -5.9670   -9.7130   -2.5740
  QMMM:    25       25      P       -6.2090   -9.0380   -4.0210
  QMMM:    26       26      O       -7.2930   -8.0200   -3.9920
  QMMM:    27       27      O       -6.4640  -10.0590   -5.0710
  QMMM:    28       28      O       -4.7550   -8.3620   -4.2300
  QMMM:    29       29      C       -3.6870   -9.0140   -4.9320
  QMMM:    30       30      C       -3.6160  -10.5070   -4.5550
  QMMM:    31       31      O       -4.0900  -11.3100   -5.6490
  QMMM:    32       32      C       -2.1770  -10.9720   -4.2790
  QMMM:    33       33      C       -1.8420  -11.9870   -5.3760
  QMMM:    34       34      O       -1.8490  -13.3110   -4.8460
  QMMM:    35       35      C       -2.9860  -11.8580   -6.3870
  QMMM:    36       36      N       -2.6820  -10.9510   -7.5010
  QMMM:    37       37      C       -3.2520  -10.9550   -8.7770
  QMMM:    38       38      N       -2.7480  -10.0150   -9.5830
  QMMM:    39       39      C       -1.8410   -9.4060   -8.7920
  QMMM:    40       40      C       -1.7620   -9.9350   -7.5130
  QMMM:    41       41      N       -0.9060   -9.4520   -6.5740
  QMMM:    42       42      C       -0.1110   -8.4100   -6.9400
  QMMM:    43       43      N       -0.1190   -7.8300   -8.1710
  QMMM:    44       44      C       -0.9850   -8.3270   -9.0990
  QMMM:    45       45      N       -0.9880   -7.7340  -10.3520
  QMMM:    46       46      H       -1.4340   -3.7170   -2.8590
  QMMM:    47       47      H       -4.5690   -4.5550   -4.1540
  QMMM:    48       48      H       -3.0840   -3.6570   -4.3690
  QMMM:    49       49      H       -2.9860   -7.4970    2.1930
  QMMM:    50       50      H       -5.8640   -7.2100    1.0430
  QMMM:    51       51      H       -5.8530   -6.9630   -1.6640
  QMMM:    52       52      H       -7.7230   -8.3710   -1.5700
  QMMM:    53       53      H       -5.7600  -10.5820   -0.2400
  QMMM:    54       54      H       -3.8190  -11.6780   -1.0270
  QMMM:    55       55      H       -3.2770  -11.0250    0.5130
  QMMM:    56       56      H       -4.2180   -8.7080   -2.0490
  QMMM:    57       57      H       -2.7420   -8.5320   -4.6840
  QMMM:    58       58      H       -3.8470   -8.9180   -6.0060
  QMMM:    59       59      H       -4.2330  -10.6900   -3.6750
  QMMM:    60       60      H       -1.4910  -10.1260   -4.3250
  QMMM:    61       61      H       -0.8830  -11.7580   -5.8400
  QMMM:    62       62      H       -1.6380  -13.9360   -5.5430
  QMMM:    63       63      H       -3.2510  -12.8420   -6.7730
  QMMM:    64       64      H       -4.0200  -11.6730   -9.0230
  QMMM:    65       65      H        0.5870   -7.9880   -6.2320
  QMMM:    66       66      H       -0.3660   -6.9630  -10.5470
  QMMM:    67       67      H       -1.6130   -8.0730  -11.0700

--------------------------------------------------------------------------------
  RESULTS
--------------------------------------------------------------------------------

      iter         sqm energy              rms gradient
      ----    -------------------    -----------------------
xmin    10      136.1688 kcal/mol        2.8805 kcal/(mol*A)
xmin    20      111.0755 kcal/mol        1.5019 kcal/(mol*A)
xmin    30      102.6824 kcal/mol        2.4692 kcal/(mol*A)
xmin    40       95.3388 kcal/mol        0.7339 kcal/(mol*A)
xmin    50       86.1439 kcal/mol        1.5483 kcal/(mol*A)
xmin    60       82.4687 kcal/mol        0.4972 kcal/(mol*A)
xmin    70       82.1201 kcal/mol        0.1705 kcal/(mol*A)
xmin    80       81.5264 kcal/mol        0.5856 kcal/(mol*A)
xmin    90       77.5126 kcal/mol        1.3264 kcal/(mol*A)
xmin   100       72.7000 kcal/mol        0.5255 kcal/(mol*A)
xmin   110       67.6271 kcal/mol        2.6412 kcal/(mol*A)
xmin   120       65.3503 kcal/mol        0.8976 kcal/(mol*A)
xmin   130       61.0808 kcal/mol        0.8342 kcal/(mol*A)
xmin   140       53.9275 kcal/mol        1.1591 kcal/(mol*A)
xmin   150       48.0830 kcal/mol        0.1720 kcal/(mol*A)
xmin   160       46.7885 kcal/mol        0.5000 kcal/(mol*A)
xmin   170       45.6297 kcal/mol        0.3276 kcal/(mol*A)
xmin   180       45.5585 kcal/mol        0.0947 kcal/(mol*A)
xmin   190       45.0365 kcal/mol        0.1840 kcal/(mol*A)
xmin   200       44.9483 kcal/mol        0.0212 kcal/(mol*A)
xmin   210       44.9469 kcal/mol        0.0020 kcal/(mol*A)
  ... geometry converged !
 
 Final MO eigenvalues (eV):
 -49.1636  -48.9961  -47.1349  -47.0343  -46.3126  -45.9461  -45.1578  -44.4109
 -43.5906  -43.3401  -43.2560  -42.6631  -42.3306  -41.9617  -41.8480  -41.2091
 -41.1215  -40.5175  -40.4570  -39.2489  -38.7446  -38.6778  -38.0475  -36.6408
 -36.4984  -35.9269  -35.7904  -35.4707  -34.8992  -32.3744  -32.2738  -31.9484
 -31.5397  -31.2474  -30.7782  -29.3408  -29.2937  -28.3111  -28.1733  -27.6319
 -27.5056  -26.7263  -26.6651  -26.6230  -26.2184  -25.4024  -25.3159  -24.9946
 -24.7666  -24.6288  -24.4871  -24.3778  -24.1832  -23.7147  -23.6656  -23.4255
 -23.2843  -22.9931  -22.9433  -22.8924  -22.6833  -22.5208  -22.3267  -22.3099
 -21.9644  -21.8126  -21.7328  -21.5656  -21.4987  -21.4206  -21.3310  -21.0897
 -20.9068  -20.8891  -20.7863  -20.7533  -20.6625  -20.5685  -20.3384  -20.1581
 -20.1209  -19.8689  -19.7822  -19.6621  -19.4708  -19.3517  -19.0703  -19.0085
 -18.8299  -18.7651  -18.6284  -18.5572  -18.3549  -18.2928  -18.2672  -18.1137
 -17.9392  -17.8085  -17.7483  -17.6482  -17.6009  -17.4713  -17.4198  -17.2902
 -17.1118  -16.9329  -16.7667  -16.6146  -16.5557  -16.3890  -16.3351  -16.2661
 -16.1533  -16.0106  -15.9476  -15.8387  -15.7833  -15.1708  -15.0945   -9.4162
  -8.8976   -7.3809   -6.8011   -6.6431   -6.5929   -6.3118   -5.9914   -5.9818
  -5.6305   -5.5734   -5.4166   -5.2503   -4.8935   -4.8828   -4.6615   -4.4701
  -4.2973   -4.2179   -4.1193   -3.8752   -3.7394   -3.5234   -3.4838   -3.3789
  -3.3433   -3.2783   -3.0769   -2.9075   -2.8096   -2.7547   -2.7105   -2.5382
  -2.5000   -2.4408   -2.4020   -2.2120   -2.1510   -2.0433   -2.0118   -1.9060
  -1.8366   -1.8022   -1.6886   -1.6629   -1.6215   -1.5589   -1.5358   -1.5093
  -1.4697   -1.3973   -1.3618   -1.3276   -1.2816   -1.2770   -1.2424   -1.1461
  -1.1123   -1.0282   -1.0061   -0.9368   -0.8333   -0.7616   -0.7181   -0.6604
  -0.4465   -0.4326   -0.4265   -0.3506   -0.2275   -0.1208   -0.1102    0.1146
   0.2208    0.3326    1.1296    1.1981    1.3021    1.7414    1.8916    2.2930
   2.5021    3.5385

 Heat of formation   =         44.94685279 kcal/mol  (        1.94904179 eV)

 Total SCF energy    =    -215259.99946244 kcal/mol  (    -9334.37402812 eV)
 Electronic energy   =   -2273071.22772946 kcal/mol  (   -98567.76495943 eV)
 Core-core repulsion =    2057811.22826702 kcal/mol  (    89233.39093131 eV)
 
    Atomic Charges for Step       1 :
  Atom    Element       Mulliken Charge
     1      O                 -0.135
     2      C                  0.395
     3      N                 -0.322
     4      C                  0.406
     5      N                 -0.238
     6      N                 -0.058
     7      C                  0.134
     8      C                  0.116
     9      N                 -0.043
    10      C                  0.221
    11      N                 -0.165
    12      C                  0.094
    13      C                  0.004
    14      O                 -0.275
    15      O                 -0.257
    16      C                 -0.033
    17      C                  0.045
    18      O                 -0.793
    19      P                  2.616
    20      O                 -0.711
    21      O                 -1.224
    22      O                 -1.062
    23      C                  0.008
    24      O                 -0.710
    25      P                  2.644
    26      O                 -1.206
    27      O                 -1.160
    28      O                 -0.805
    29      C                  0.013
    30      C                 -0.036
    31      O                 -0.251
    32      C                  0.032
    33      C                  0.019
    34      O                 -0.297
    35      C                  0.112
    36      N                 -0.129
    37      C                  0.242
    38      N                 -0.024
    39      C                  0.007
    40      C                  0.086
    41      N                 -0.063
    42      C                  0.117
    43      N                 -0.166
    44      C                  0.347
    45      N                 -0.096
    46      H                  0.289
    47      H                  0.345
    48      H                  0.278
    49      H                  0.285
    50      H                  0.201
    51      H                  0.165
    52      H                  0.238
    53      H                  0.158
    54      H                  0.119
    55      H                  0.076
    56      H                  0.148
    57      H                  0.108
    58      H                  0.120
    59      H                  0.178
    60      H                  0.134
    61      H                  0.134
    62      H                  0.257
    63      H                  0.199
    64      H                  0.290
    65      H                  0.260
    66      H                  0.307
    67      H                  0.313
 Total Mulliken Charge =       2.000
 
                  X        Y        Z     TOTAL  
  QM DIPOLE   -30.385  -75.143  -50.532   95.515
 
 Final Structure

  QMMM: QM Region Cartesian Coordinates (*=link atom) 
  QMMM: QM_NO.   MM_NO.  ATOM         X         Y         Z
  QMMM:     1        1      O       -0.3008   -6.5101    1.2939
  QMMM:     2        2      C       -1.1070   -6.4566    0.3754
  QMMM:     3        3      N       -0.6774   -6.1240   -0.9467
  QMMM:     4        4      C       -1.5161   -6.3517   -2.0454
  QMMM:     5        5      N       -1.0582   -6.6485   -3.2698
  QMMM:     6        6      N       -2.9619   -6.1789   -1.9335
  QMMM:     7        7      C       -3.4303   -6.4773   -0.7616
  QMMM:     8        8      C       -2.5730   -6.6880    0.5102
  QMMM:     9        9      N       -3.3412   -6.9922    1.5418
  QMMM:    10       10      C       -4.6729   -7.0417    1.0177
  QMMM:    11       11      N       -4.7880   -6.7063   -0.3001
  QMMM:    12       12      C       -5.9930   -7.0065   -1.1233
  QMMM:    13       13      C       -5.7856   -6.9097   -2.6716
  QMMM:    14       14      O       -7.0275   -6.6612   -3.2655
  QMMM:    15       15      O       -6.3534   -8.3512   -0.8782
  QMMM:    16       16      C       -5.7875   -9.2294   -1.8892
  QMMM:    17       17      C       -4.7938  -10.1641   -1.1658
  QMMM:    18       18      O       -3.5760  -10.1884   -1.8322
  QMMM:    19       19      P       -2.1524  -10.0075   -1.0204
  QMMM:    20       20      O       -1.2229  -10.5349   -2.2851
  QMMM:    21       21      O       -2.0447   -8.5083   -0.9633
  QMMM:    22       22      O       -2.1138  -10.8533    0.1553
  QMMM:    23       23      C       -5.1938   -8.3113   -2.9869
  QMMM:    24       24      O       -5.5371   -8.7359   -4.2758
  QMMM:    25       25      P       -4.3181   -8.7501   -5.3653
  QMMM:    26       26      O       -3.1625   -8.0224   -4.7863
  QMMM:    27       27      O       -4.5584   -8.4793   -6.8137
  QMMM:    28       28      O       -3.9157  -10.3245   -5.5455
  QMMM:    29       29      C       -3.9143  -11.2894   -4.5363
  QMMM:    30       30      C       -2.4902  -11.6345   -4.0751
  QMMM:    31       31      O       -1.7100  -12.1866   -5.1597
  QMMM:    32       32      C       -1.7400  -10.3799   -3.5663
  QMMM:    33       33      C       -0.6198  -10.1279   -4.6103
  QMMM:    34       34      O        0.6824  -10.2788   -4.1293
  QMMM:    35       35      C       -0.8710  -11.2052   -5.7249
  QMMM:    36       36      N       -1.5818  -10.7431   -6.9671
  QMMM:    37       37      C       -2.5949  -11.4675   -7.5105
  QMMM:    38       38      N       -3.4274  -10.7492   -8.4519
  QMMM:    39       39      C       -2.9720   -9.5184   -8.4283
  QMMM:    40       40      C       -1.6899   -9.4141   -7.5389
  QMMM:    41       41      N       -0.9745   -8.3383   -7.4377
  QMMM:    42       42      C       -1.4769   -7.2230   -8.1926
  QMMM:    43       43      N       -2.5766   -7.1142   -8.8879
  QMMM:    44       44      C       -3.4715   -8.2202   -8.9662
  QMMM:    45       45      N       -4.6672   -8.1159   -9.5124
  QMMM:    46       46      H        0.3200   -6.1129   -1.0794
  QMMM:    47       47      H       -1.7164   -6.8472   -4.0228
  QMMM:    48       48      H       -0.0875   -6.8260   -3.4298
  QMMM:    49       49      H       -5.5363   -7.3317    1.6637
  QMMM:    50       50      H       -6.8314   -6.3514   -0.7410
  QMMM:    51       51      H       -5.1386   -6.0540   -2.9943
  QMMM:    52       52      H       -7.4989   -7.5038   -3.3599
  QMMM:    53       53      H       -6.6595   -9.8160   -2.2878
  QMMM:    54       54      H       -5.2352  -11.2023   -1.1645
  QMMM:    55       55      H       -4.6444   -9.8311   -0.1015
  QMMM:    56       56      H       -4.0722   -8.2682   -2.8860
  QMMM:    57       57      H       -4.3917  -12.2169   -4.9621
  QMMM:    58       58      H       -4.5141  -10.9229   -3.6585
  QMMM:    59       59      H       -2.5252  -12.4660   -3.3173
  QMMM:    60       60      H       -2.4336   -9.4860   -3.5845
  QMMM:    61       61      H       -0.6841   -9.0791   -5.0040
  QMMM:    62       62      H        0.6724  -10.9201   -3.3976
  QMMM:    63       63      H        0.0820  -11.7072   -6.0703
  QMMM:    64       64      H       -2.8089  -12.5339   -7.2577
  QMMM:    65       65      H       -0.7992   -6.3299   -8.1528
  QMMM:    66       66      H       -5.0326   -7.2244   -9.8132
  QMMM:    67       67      H       -5.3089   -8.8933   -9.4715
 
           --------- Calculation Completed ----------
 
