            --------------------------------------------------------
                             AMBER SQM VERSION 19
 
                                     By
              Ross C. Walker, Michael F. Crowley, Scott Brozell,
                         Tim Giese, Andreas W. Goetz,
                        Tai-Sung Lee and David A. Case
 
            --------------------------------------------------------
 

--------------------------------------------------------------------------------
  QM CALCULATION INFO
--------------------------------------------------------------------------------

| QMMM: Citation for AMBER QMMM Run:
| QMMM: R.C. Walker, M.F. Crowley and D.A. Case, J. COMP. CHEM. 29:1019, 2008

QMMM: SINGLET STATE CALCULATION
QMMM: RHF CALCULATION, NO. OF DOUBLY OCCUPIED LEVELS =146

| QMMM: *** Selected Hamiltonian *** 
| QMMM: AM1         

| QMMM: *** Parameter sets in use ***
| QMMM: C : M.J.S.DEWAR et al. JACS, 107, 3902, (1985)
| QMMM: N : M.J.S.DEWAR et al. JACS, 107, 3902, (1985)
| QMMM: S : M.J.S.DEWAR et al. INORG. CHEM., 29, 3881, (1990)
| QMMM: H : M.J.S.DEWAR et al. JACS, 107, 3902, (1985)

| QMMM: *** SCF convergence criteria ***
| QMMM: Energy change                :  0.1D-09 kcal/mol
| QMMM: Error matrix |FP-PF|         :  0.1D+00 au
| QMMM: Density matrix change        :  0.5D-06
| QMMM: Maximum number of SCF cycles :     1000
 
| QMMM: *** Diagonalization Routine Information ***
| QMMM: Pseudo diagonalizations are allowed.
| QMMM: Auto diagonalization routine selection is in use.
| QMMM:
| QMMM: Timing diagonalization routines:
| QMMM:                              norbs =      286
| QMMM:    diag iterations used for timing =        3
| QMMM:
| QMMM:              Internal diag routine = 0.744757 seconds
| QMMM:                 Dspev diag routine = 0.739697 seconds
| QMMM:                Dspevd diag routine = 0.266447 seconds
| QMMM:                Dspevx diag routine = 1.407987 seconds
| QMMM:                 Dsyev diag routine = 0.620063 seconds
| QMMM:                Dsyevd diag routine = 0.370897 seconds
| QMMM:                Dsyevr diag routine = 0.469582 seconds
| QMMM:
| QMMM:                Pseudo diag routine = 0.190640 seconds
| QMMM:
| QMMM: Using dspevd routine (diag_routine=3).

  QMMM: QM Region Cartesian Coordinates (*=link atom) 
  QMMM: QM_NO.   MM_NO.  ATOM         X         Y         Z
  QMMM:     1        1      C       -4.5580   -3.6030    4.2390
  QMMM:     2        2      C       -5.9540   -3.7100    4.2910
  QMMM:     3        3      C       -6.6770   -3.8660    3.1020
  QMMM:     4        4      C       -6.0010   -3.8900    1.8710
  QMMM:     5        5      N       -3.7990   -3.8170    0.6670
  QMMM:     6        6      C       -4.3240   -3.6860   -0.7130
  QMMM:     7        7      C       -2.4970   -3.9520    1.0350
  QMMM:     8        8      C       -1.4460   -4.2060    0.0370
  QMMM:     9        9      S       -2.2210   -3.8110    2.6570
  QMMM:    10       10      C       -3.8770   -3.7170    3.0060
  QMMM:    11       11      C       -4.5890   -3.8190    1.8060
  QMMM:    12       12      C        2.2290   -4.6370   -0.8130
  QMMM:    13       13      C        3.0730   -4.8960   -1.9180
  QMMM:    14       14      C        2.5080   -5.1520   -3.1640
  QMMM:    15       15      C        1.1830   -4.8020   -3.4130
  QMMM:    16       16      C        0.3350   -4.4780   -2.3410
  QMMM:    17       17      C        0.8190   -4.5180   -1.0080
  QMMM:    18       18      C       -0.0450   -4.4510    0.1350
  QMMM:    19       19      C        0.5500   -4.6490    1.3940
  QMMM:    20       20      C        1.9270   -4.5830    1.5430
  QMMM:    21       21      N        2.7520   -4.5260    0.4740
  QMMM:    22       22      C        4.1500   -4.4050    0.9250
  QMMM:    23       23      C        5.0840   -3.2850    0.4730
  QMMM:    24       24      C        6.3020   -3.2520    1.4270
  QMMM:    25       25      N        7.1430   -2.0220    1.3820
  QMMM:    26       26      C        6.2950   -0.8280    1.6780
  QMMM:    27       27      C        7.0560    0.4240    2.1490
  QMMM:    28       28      C        7.7880   -1.9010    0.0560
  QMMM:    29       29      C        8.2130   -2.1890    2.4000
  QMMM:    30       30      C       -1.5760    4.7040   -5.8520
  QMMM:    31       31      C       -2.7120    4.7390   -6.6710
  QMMM:    32       32      C       -3.9770    4.8810   -6.0870
  QMMM:    33       33      C       -4.0990    4.9340   -4.6900
  QMMM:    34       34      N       -2.9330    4.9120   -2.4620
  QMMM:    35       35      C       -4.1310    4.7790   -1.5930
  QMMM:    36       36      C       -1.6450    5.0440   -2.0460
  QMMM:    37       37      C       -1.3260    5.1750   -0.6170
  QMMM:    38       38      S       -0.5170    5.0450   -3.2500
  QMMM:    39       39      C       -1.6980    4.8620   -4.4530
  QMMM:    40       40      C       -2.9600    4.9190   -3.8490
  QMMM:    41       41      C        1.1580    5.7840    2.1560
  QMMM:    42       42      C        1.2310    6.4260    3.4040
  QMMM:    43       43      C        0.0860    6.6360    4.1640
  QMMM:    44       44      C       -1.1580    6.3060    3.6230
  QMMM:    45       45      C       -1.2600    5.8950    2.2780
  QMMM:    46       46      C       -0.0930    5.6360    1.5050
  QMMM:    47       47      C       -0.1140    5.2340    0.1300
  QMMM:    48       48      C        1.1180    4.8860   -0.4700
  QMMM:    49       49      C        2.3090    4.8990    0.2650
  QMMM:    50       50      N        2.3190    5.3070    1.5670
  QMMM:    51       51      C        3.6210    5.2150    2.2580
  QMMM:    52       52      C        4.4570    3.9570    1.9810
  QMMM:    53       53      C        5.5460    3.8520    3.0540
  QMMM:    54       54      N        6.6360    2.8740    2.7670
  QMMM:    55       55      C        6.0470    1.5700    2.3410
  QMMM:    56       56      C        7.4110    2.7250    4.0270
  QMMM:    57       57      C        7.5400    3.4170    1.7190
  QMMM:    58       58      H       -3.9950   -3.4320    5.1450
  QMMM:    59       59      H       -6.4630   -3.6720    5.2420
  QMMM:    60       60      H       -7.7520   -3.9670    3.1330
  QMMM:    61       61      H       -6.5590   -3.9640    0.9500
  QMMM:    62       62      H       -5.4100   -3.5940   -0.6820
  QMMM:    63       63      H       -3.8980   -2.7990   -1.1820
  QMMM:    64       64      H       -4.0510   -4.5680   -1.2920
  QMMM:    65       65      H       -1.6940   -4.2300   -1.0140
  QMMM:    66       66      H        4.1450   -4.8940   -1.7900
  QMMM:    67       67      H        3.0970   -5.6220   -3.9380
  QMMM:    68       68      H        0.8110   -4.7800   -4.4270
  QMMM:    69       69      H       -0.6910   -4.1970   -2.5300
  QMMM:    70       70      H       -0.0670   -4.8550    2.2560
  QMMM:    71       71      H        2.3640   -4.5760    2.5310
  QMMM:    72       72      H        4.6500   -5.3600    0.7650
  QMMM:    73       73      H        4.1690   -4.4550    2.0140
  QMMM:    74       74      H        4.5580   -2.3320    0.5230
  QMMM:    75       75      H        5.4240   -3.4840   -0.5430
  QMMM:    76       76      H        6.9290   -4.1230    1.2390
  QMMM:    77       77      H        5.9620   -3.4180    2.4490
  QMMM:    78       78      H        5.5450   -1.0950    2.4220
  QMMM:    79       79      H        5.7030   -0.5800    0.7970
  QMMM:    80       80      H        7.7890    0.7090    1.3940
  QMMM:    81       81      H        7.5500    0.2130    3.0970
  QMMM:    82       82      H        8.4010   -1.0000    0.0300
  QMMM:    83       83      H        8.4170   -2.7730   -0.1240
  QMMM:    84       84      H        7.0220   -1.8410   -0.7170
  QMMM:    85       85      H        8.8550   -1.3080    2.4010
  QMMM:    86       86      H        7.7620   -2.3110    3.3850
  QMMM:    87       87      H        8.8080   -3.0710    2.1610
  QMMM:    88       88      H       -0.6000    4.5560   -6.2890
  QMMM:    89       89      H       -2.6080    4.6570   -7.7430
  QMMM:    90       90      H       -4.8560    4.9490   -6.7120
  QMMM:    91       91      H       -5.0770    4.9880   -4.2350
  QMMM:    92       92      H       -5.0230    4.6900   -2.2140
  QMMM:    93       93      H       -4.0320    3.8900   -0.9710
  QMMM:    94       94      H       -4.2180    5.6590   -0.9560
  QMMM:    95       95      H       -2.1220    5.2500    0.1090
  QMMM:    96       96      H        2.1850    6.7630    3.7830
  QMMM:    97       97      H        0.1660    7.0490    5.1590
  QMMM:    98       98      H       -2.0460    6.3650    4.2350
  QMMM:    99       99      H       -2.2320    5.7730    1.8230
  QMMM:   100      100      H        1.1510    4.6040   -1.5120
  QMMM:   101      101      H        3.2330    4.5840   -0.1980
  QMMM:   102      102      H        3.4650    5.3130    3.3320
  QMMM:   103      103      H        4.2150    6.0990    2.0250
  QMMM:   104      104      H        4.9220    4.0390    0.9990
  QMMM:   105      105      H        3.8150    3.0770    2.0280
  QMMM:   106      106      H        5.0860    3.6080    4.0110
  QMMM:   107      107      H        5.9810    4.8370    3.2230
  QMMM:   108      108      H        5.2880    1.2650    3.0620
  QMMM:   109      109      H        5.4840    1.7130    1.4180
  QMMM:   110      110      H        8.2250    2.0170    3.8720
  QMMM:   111      111      H        7.8220    3.6920    4.3180
  QMMM:   112      112      H        6.7550    2.3570    4.8160
  QMMM:   113      113      H        8.3330    2.6980    1.5140
  QMMM:   114      114      H        6.9720    3.5990    0.8070
  QMMM:   115      115      H        7.9790    4.3520    2.0660

--------------------------------------------------------------------------------
  RESULTS
--------------------------------------------------------------------------------

      iter         sqm energy              rms gradient
      ----    -------------------    -----------------------
xmin    10     1047.0635 kcal/mol        0.8549 kcal/(mol*A)
xmin    20     1044.0102 kcal/mol        0.5524 kcal/(mol*A)
xmin    30     1042.5953 kcal/mol        0.6439 kcal/(mol*A)
xmin    40     1040.6990 kcal/mol        0.3592 kcal/(mol*A)
xmin    50     1039.3009 kcal/mol        0.3856 kcal/(mol*A)
xmin    60     1037.8905 kcal/mol        0.3402 kcal/(mol*A)
xmin    70     1036.4593 kcal/mol        0.6913 kcal/(mol*A)
xmin    80     1035.0143 kcal/mol        0.3745 kcal/(mol*A)
xmin    90     1034.5750 kcal/mol        0.5064 kcal/(mol*A)
xmin   100     1034.0120 kcal/mol        0.5377 kcal/(mol*A)
xmin   110     1033.2977 kcal/mol        0.2191 kcal/(mol*A)
xmin   120     1032.7090 kcal/mol        0.4142 kcal/(mol*A)
xmin   130     1032.5580 kcal/mol        0.1473 kcal/(mol*A)
xmin   140     1032.3963 kcal/mol        0.3863 kcal/(mol*A)
xmin   150     1032.2397 kcal/mol        0.0843 kcal/(mol*A)
xmin   160     1032.0434 kcal/mol        0.4434 kcal/(mol*A)
xmin   170     1031.8234 kcal/mol        0.3518 kcal/(mol*A)
xmin   180     1031.6021 kcal/mol        0.1546 kcal/(mol*A)
xmin   190     1031.4669 kcal/mol        0.0585 kcal/(mol*A)
xmin   200     1031.2981 kcal/mol        0.0800 kcal/(mol*A)
xmin   210     1031.2076 kcal/mol        0.1636 kcal/(mol*A)
xmin   220     1031.1236 kcal/mol        0.1049 kcal/(mol*A)
xmin   230     1031.0270 kcal/mol        0.0724 kcal/(mol*A)
xmin   240     1030.9596 kcal/mol        0.0564 kcal/(mol*A)
xmin   250     1030.9023 kcal/mol        0.1338 kcal/(mol*A)
xmin   260     1030.8826 kcal/mol        0.0521 kcal/(mol*A)
xmin   270     1030.8474 kcal/mol        0.1855 kcal/(mol*A)
xmin   280     1030.8245 kcal/mol        0.1044 kcal/(mol*A)
xmin   290     1030.8058 kcal/mol        0.0532 kcal/(mol*A)
xmin   300     1030.7699 kcal/mol        0.0374 kcal/(mol*A)
xmin   310     1030.7502 kcal/mol        0.0433 kcal/(mol*A)
xmin   320     1030.7367 kcal/mol        0.0193 kcal/(mol*A)
xmin   330     1030.7157 kcal/mol        0.0894 kcal/(mol*A)
xmin   340     1030.6979 kcal/mol        0.0198 kcal/(mol*A)
xmin   350     1030.6885 kcal/mol        0.0453 kcal/(mol*A)
xmin   360     1030.6805 kcal/mol        0.1304 kcal/(mol*A)
xmin   370     1030.6631 kcal/mol        0.0431 kcal/(mol*A)
xmin   380     1030.6374 kcal/mol        0.0510 kcal/(mol*A)
xmin   390     1030.6195 kcal/mol        0.1246 kcal/(mol*A)
xmin   400     1030.6138 kcal/mol        0.0133 kcal/(mol*A)
xmin   410     1030.5961 kcal/mol        0.0467 kcal/(mol*A)
xmin   420     1030.5909 kcal/mol        0.0264 kcal/(mol*A)
xmin   430     1030.5894 kcal/mol        0.0087 kcal/(mol*A)
xmin   440     1030.5849 kcal/mol        0.0168 kcal/(mol*A)
xmin   450     1030.5826 kcal/mol        0.0281 kcal/(mol*A)
xmin   460     1030.5782 kcal/mol        0.0315 kcal/(mol*A)
xmin   470     1030.5727 kcal/mol        0.0472 kcal/(mol*A)
xmin   480     1030.5681 kcal/mol        0.0435 kcal/(mol*A)
xmin   490     1030.5661 kcal/mol        0.0157 kcal/(mol*A)
xmin   500     1030.5645 kcal/mol        0.0117 kcal/(mol*A)
xmin   510     1030.5636 kcal/mol        0.0591 kcal/(mol*A)
xmin   520     1030.5628 kcal/mol        0.0272 kcal/(mol*A)
xmin   530     1030.5617 kcal/mol        0.0148 kcal/(mol*A)
xmin   540     1030.5611 kcal/mol        0.0065 kcal/(mol*A)
xmin   550     1030.5603 kcal/mol        0.0022 kcal/(mol*A)
xmin   560     1030.5600 kcal/mol        0.0059 kcal/(mol*A)
xmin   570     1030.5594 kcal/mol        0.0081 kcal/(mol*A)
xmin   580     1030.5592 kcal/mol        0.0028 kcal/(mol*A)
xmin   590     1030.5574 kcal/mol        0.0050 kcal/(mol*A)
xmin   600     1030.5570 kcal/mol        0.0097 kcal/(mol*A)
xmin   610     1030.5568 kcal/mol        0.0028 kcal/(mol*A)
xmin   620     1030.5567 kcal/mol        0.0064 kcal/(mol*A)
xmin   630     1030.5564 kcal/mol        0.0073 kcal/(mol*A)
xmin   640     1030.5561 kcal/mol        0.0080 kcal/(mol*A)
xmin   650     1030.5560 kcal/mol        0.0047 kcal/(mol*A)
xmin   660     1030.5559 kcal/mol        0.0022 kcal/(mol*A)
xmin   670     1030.5558 kcal/mol        0.0013 kcal/(mol*A)
xmin   680     1030.5558 kcal/mol        0.0066 kcal/(mol*A)
xmin   690     1030.5556 kcal/mol        0.0010 kcal/(mol*A)
xmin   700     1030.5555 kcal/mol        0.0015 kcal/(mol*A)
xmin   710     1030.5555 kcal/mol        0.0016 kcal/(mol*A)
xmin   720     1030.5554 kcal/mol        0.0022 kcal/(mol*A)
xmin   730     1030.5554 kcal/mol        0.0008 kcal/(mol*A)
  ... geometry converged !
 
 Final MO eigenvalues (eV):
 -51.6915  -50.9954  -48.6112  -48.5727  -48.0388  -48.0030  -45.5351  -45.3888
 -44.7975  -44.7618  -44.4349  -43.7926  -43.5779  -42.2876  -42.0315  -39.0807
 -39.0055  -38.9350  -38.8074  -38.7949  -38.7711  -38.5497  -38.4165  -38.2807
 -38.0659  -37.8467  -37.4860  -37.4449  -36.8863  -36.1862  -35.4255  -34.9705
 -34.1456  -33.2403  -32.6124  -32.3409  -32.0893  -31.8407  -31.5461  -31.3116
 -31.0558  -30.9363  -30.7992  -29.8469  -29.6782  -29.1225  -28.9784  -28.4788
 -28.2529  -28.1111  -27.7071  -27.5099  -27.1899  -27.1017  -26.9379  -26.7085
 -26.5852  -25.9846  -25.9750  -25.8096  -25.7945  -25.7143  -25.4063  -25.2076
 -24.9335  -24.7696  -24.1996  -24.1804  -24.1371  -24.1028  -23.9868  -23.9622
 -23.7660  -23.6816  -23.5752  -23.5599  -23.3788  -23.2985  -23.2623  -23.1969
 -23.1679  -23.0544  -22.9923  -22.9114  -22.8664  -22.8317  -22.7625  -22.6508
 -22.6422  -22.3656  -22.3166  -22.2395  -22.1507  -22.1309  -22.0093  -21.9925
 -21.9782  -21.8729  -21.8510  -21.7656  -21.6839  -21.6544  -21.4687  -21.4409
 -21.3816  -21.2875  -21.0754  -20.9352  -20.8549  -20.6910  -20.5610  -20.5495
 -20.5140  -20.4871  -20.1295  -20.0209  -19.7788  -19.6965  -19.6443  -19.5075
 -19.4952  -19.4210  -19.3251  -19.2879  -19.0171  -18.9342  -18.9037  -18.7979
 -18.7975  -18.6624  -18.5139  -18.4246  -18.2765  -18.2624  -17.8206  -17.8141
 -16.9852  -16.8739  -16.6491  -16.4970  -16.1140  -16.0141  -15.6080  -15.5884
 -14.9312  -14.8349   -9.5259   -9.1819   -8.4015   -8.3886   -7.6026   -7.3603
  -7.2596   -7.1771   -7.0802   -7.0388   -7.0050   -6.9872   -6.8785   -6.8317
  -6.7773   -6.7301   -6.6642   -6.6565   -6.5015   -6.3912   -6.3737   -6.3495
  -6.3338   -6.3278   -6.2249   -6.1779   -6.1747   -6.1328   -6.0905   -6.0065
  -5.9991   -5.9159   -5.8590   -5.8233   -5.7775   -5.7684   -5.7612   -5.7329
  -5.7168   -5.6561   -5.5963   -5.5752   -5.5618   -5.5177   -5.5052   -5.4953
  -5.4898   -5.4717   -5.4593   -5.3661   -5.2824   -5.1748   -5.1637   -5.1321
  -5.0312   -5.0202   -4.9903   -4.8911   -4.8773   -4.6678   -4.6611   -4.3979
  -4.2039   -4.1102   -4.0924   -4.0654   -3.9761   -3.8982   -3.7932   -3.7696
  -3.7489   -3.7224   -3.6513   -3.6369   -3.4100   -3.3490   -3.3268   -3.2755
  -3.2616   -3.2038   -3.1727   -3.0789   -2.9772   -2.8693   -2.8511   -2.7903
  -2.7811   -2.6964   -2.6776   -2.5311   -2.5284   -2.4826   -2.4348   -2.4344
  -2.3847   -2.3564   -2.3215   -2.3201   -2.2673   -2.2211   -2.1819   -2.1602
  -2.1417   -2.1137   -2.0659   -2.0444   -2.0435   -1.9527   -1.9357   -1.8990
  -1.8986   -1.8481   -1.8301   -1.8276   -1.7520   -1.6893   -1.6402   -1.6030
  -1.5328   -1.5302   -1.4493   -1.4010   -1.3791   -1.2765   -1.2157   -1.2146
  -1.2021   -1.2010   -1.1945   -1.1777   -1.1567   -0.9772   -0.9300   -0.8759
  -0.8561   -0.7256   -0.6587   -0.6392   -0.4330   -0.4153

 Heat of formation   =       1030.55542454 kcal/mol  (       44.68823661 eV)

 Total SCF energy    =    -199788.86497194 kcal/mol  (    -8663.49529387 eV)
 Electronic energy   =   -2206688.63690685 kcal/mol  (   -95689.19981383 eV)
 Core-core repulsion =    2006899.77193491 kcal/mol  (    87025.70451996 eV)
 
    Atomic Charges for Step       1 :
  Atom    Element       Mulliken Charge
     1      C                 -0.058
     2      C                 -0.090
     3      C                 -0.061
     4      C                 -0.104
     5      N                 -0.080
     6      C                 -0.107
     7      C                 -0.120
     8      C                 -0.245
     9      S                  0.668
    10      C                 -0.366
    11      C                  0.002
    12      C                  0.082
    13      C                 -0.198
    14      C                 -0.058
    15      C                 -0.128
    16      C                 -0.060
    17      C                 -0.091
    18      C                  0.124
    19      C                 -0.243
    20      C                  0.034
    21      N                 -0.208
    22      C                 -0.013
    23      C                 -0.213
    24      C                 -0.124
    25      N                  0.028
    26      C                 -0.122
    27      C                 -0.200
    28      C                 -0.194
    29      C                 -0.195
    30      C                 -0.061
    31      C                 -0.092
    32      C                 -0.062
    33      C                 -0.102
    34      N                 -0.086
    35      C                 -0.106
    36      C                 -0.099
    37      C                 -0.261
    38      S                  0.626
    39      C                 -0.359
    40      C                  0.004
    41      C                  0.079
    42      C                 -0.187
    43      C                 -0.050
    44      C                 -0.125
    45      C                 -0.064
    46      C                 -0.095
    47      C                  0.139
    48      C                 -0.248
    49      C                  0.029
    50      N                 -0.202
    51      C                 -0.016
    52      C                 -0.197
    53      C                 -0.127
    54      N                  0.028
    55      C                 -0.122
    56      C                 -0.194
    57      C                 -0.194
    58      H                  0.165
    59      H                  0.178
    60      H                  0.180
    61      H                  0.170
    62      H                  0.140
    63      H                  0.121
    64      H                  0.128
    65      H                  0.166
    66      H                  0.107
    67      H                  0.157
    68      H                  0.174
    69      H                  0.156
    70      H                  0.163
    71      H                  0.161
    72      H                  0.118
    73      H                  0.116
    74      H                  0.102
    75      H                  0.130
    76      H                  0.156
    77      H                  0.143
    78      H                  0.146
    79      H                  0.147
    80      H                  0.127
    81      H                  0.124
    82      H                  0.137
    83      H                  0.162
    84      H                  0.146
    85      H                  0.136
    86      H                  0.146
    87      H                  0.166
    88      H                  0.160
    89      H                  0.176
    90      H                  0.180
    91      H                  0.171
    92      H                  0.140
    93      H                  0.123
    94      H                  0.126
    95      H                  0.167
    96      H                  0.131
    97      H                  0.166
    98      H                  0.175
    99      H                  0.154
   100      H                  0.159
   101      H                  0.143
   102      H                  0.106
   103      H                  0.115
   104      H                  0.126
   105      H                  0.103
   106      H                  0.144
   107      H                  0.163
   108      H                  0.146
   109      H                  0.148
   110      H                  0.135
   111      H                  0.166
   112      H                  0.150
   113      H                  0.139
   114      H                  0.139
   115      H                  0.163
 Total Mulliken Charge =       4.000
 
                  X        Y        Z     TOTAL  
  QM DIPOLE    39.488    8.536   11.729   42.068
 
 Final Structure

  QMMM: QM Region Cartesian Coordinates (*=link atom) 
  QMMM: QM_NO.   MM_NO.  ATOM         X         Y         Z
  QMMM:     1        1      C       -3.6312   -9.9619    5.8121
  QMMM:     2        2      C       -4.6134  -10.9267    5.9918
  QMMM:     3        3      C       -4.9246  -11.8367    4.9672
  QMMM:     4        4      C       -4.2665  -11.8020    3.7453
  QMMM:     5        5      N       -2.4888  -10.6112    2.3971
  QMMM:     6        6      C       -2.6021  -11.4058    1.2014
  QMMM:     7        7      C       -1.5931   -9.5860    2.5690
  QMMM:     8        8      C       -0.6216   -9.2327    1.5771
  QMMM:     9        9      S       -1.7114   -8.8679    4.0999
  QMMM:    10       10      C       -2.9489   -9.9019    4.5946
  QMMM:    11       11      C       -3.2715  -10.8254    3.5527
  QMMM:    12       12      C        2.0743   -6.8223    0.6164
  QMMM:    13       13      C        3.1295   -6.7230   -0.3206
  QMMM:    14       14      C        3.2196   -7.6108   -1.3828
  QMMM:    15       15      C        2.2540   -8.6058   -1.5541
  QMMM:    16       16      C        1.2229   -8.7293   -0.6344
  QMMM:    17       17      C        1.1231   -7.8783    0.4811
  QMMM:    18       18      C        0.0877   -8.0655    1.4956
  QMMM:    19       19      C       -0.0866   -6.9591    2.4037
  QMMM:    20       20      C        0.8242   -5.9483    2.4769
  QMMM:    21       21      N        1.9395   -5.8789    1.6568
  QMMM:    22       22      C        3.0379   -5.0169    2.0149
  QMMM:    23       23      C        3.1563   -3.7359    1.1556
  QMMM:    24       24      C        4.6078   -3.2797    1.2051
  QMMM:    25       25      N        4.9507   -2.0151    0.4376
  QMMM:    26       26      C        4.3861   -0.8133    1.1487
  QMMM:    27       27      C        4.9480    0.5384    0.6951
  QMMM:    28       28      C        4.4120   -2.0994   -0.9522
  QMMM:    29       29      C        6.4453   -1.9284    0.3746
  QMMM:    30       30      C        1.6909   10.8780   -6.0014
  QMMM:    31       31      C        1.3426   11.9158   -6.8561
  QMMM:    32       32      C        0.4829   12.9412   -6.4290
  QMMM:    33       33      C       -0.0479   12.9514   -5.1457
  QMMM:    34       34      N       -0.1330   11.7151   -2.9413
  QMMM:    35       35      C       -1.0267   12.6155   -2.2595
  QMMM:    36       36      C        0.4194   10.5930   -2.3752
  QMMM:    37       37      C        0.1992   10.2328   -1.0109
  QMMM:    38       38      S        1.4308    9.7547   -3.4532
  QMMM:    39       39      C        1.1753   10.8613   -4.7041
  QMMM:    40       40      C        0.2961   11.9017   -4.2742
  QMMM:    41       41      C        0.6768    7.6581    1.6719
  QMMM:    42       42      C        0.4302    7.4907    3.0553
  QMMM:    43       43      C       -0.2926    8.4395    3.7632
  QMMM:    44       44      C       -0.8058    9.5661    3.1137
  QMMM:    45       45      C       -0.5781    9.7415    1.7580
  QMMM:    46       46      C        0.1778    8.8194    1.0085
  QMMM:    47       47      C        0.4337    9.0201   -0.4147
  QMMM:    48       48      C        0.9459    7.8690   -1.1121
  QMMM:    49       49      C        1.3978    6.7698   -0.4385
  QMMM:    50       50      N        1.3906    6.6829    0.9370
  QMMM:    51       51      C        1.9890    5.5833    1.6572
  QMMM:    52       52      C        3.0141    4.7293    0.8916
  QMMM:    53       53      C        3.9013    4.0554    1.9360
  QMMM:    54       54      N        4.8685    3.0016    1.4267
  QMMM:    55       55      C        4.1696    1.6661    1.3794
  QMMM:    56       56      C        6.0143    2.9411    2.3929
  QMMM:    57       57      C        5.3884    3.3744    0.0806
  QMMM:    58       58      H       -3.3881   -9.2546    6.6214
  QMMM:    59       59      H       -5.1562  -10.9855    6.9514
  QMMM:    60       60      H       -5.7075  -12.5974    5.1389
  QMMM:    61       61      H       -4.5196  -12.5276    2.9566
  QMMM:    62       62      H       -3.6101  -11.9014    1.1714
  QMMM:    63       63      H       -2.4950  -10.7466    0.2978
  QMMM:    64       64      H       -1.7996  -12.1940    1.1921
  QMMM:    65       65      H       -0.4191  -10.0275    0.8327
  QMMM:    66       66      H        3.8990   -5.9446   -0.2179
  QMMM:    67       67      H        4.0546   -7.5304   -2.0982
  QMMM:    68       68      H        2.3165   -9.2940   -2.4136
  QMMM:    69       69      H        0.4653   -9.5134   -0.7989
  QMMM:    70       70      H       -0.9875   -6.9095    3.0382
  QMMM:    71       71      H        0.7121   -5.1235    3.2068
  QMMM:    72       72      H        3.9979   -5.6083    1.9333
  QMMM:    73       73      H        2.9235   -4.7026    3.0925
  QMMM:    74       74      H        2.4693   -2.9501    1.5600
  QMMM:    75       75      H        2.8467   -3.9548    0.0987
  QMMM:    76       76      H        5.2523   -4.1005    0.7661
  QMMM:    77       77      H        4.9233   -3.1160    2.2758
  QMMM:    78       78      H        4.6022   -0.9420    2.2500
  QMMM:    79       79      H        3.2676   -0.8313    1.0004
  QMMM:    80       80      H        4.8600    0.6515   -0.4189
  QMMM:    81       81      H        6.0392    0.5899    0.9583
  QMMM:    82       82      H        4.7953   -1.2373   -1.5598
  QMMM:    83       83      H        4.7549   -3.0617   -1.4229
  QMMM:    84       84      H        3.2898   -2.0758   -0.9300
  QMMM:    85       85      H        6.7492   -1.0653   -0.2743
  QMMM:    86       86      H        6.8571   -1.8025    1.4108
  QMMM:    87       87      H        6.8584   -2.8731   -0.0772
  QMMM:    88       88      H        2.3687   10.0789   -6.3409
  QMMM:    89       89      H        1.7463   11.9403   -7.8832
  QMMM:    90       90      H        0.2249   13.7575   -7.1275
  QMMM:    91       91      H       -0.7158   13.7675   -4.8281
  QMMM:    92       92      H       -1.5831   13.2385   -3.0107
  QMMM:    93       93      H       -1.7699   12.0259   -1.6569
  QMMM:    94       94      H       -0.4387   13.2908   -1.5787
  QMMM:    95       95      H       -0.1852   11.0580   -0.3794
  QMMM:    96       96      H        0.7845    6.6017    3.5971
  QMMM:    97       97      H       -0.4741    8.2977    4.8423
  QMMM:    98       98      H       -1.3946   10.3080    3.6790
  QMMM:    99       99      H       -1.0211   10.6226    1.2657
  QMMM:   100      100      H        0.9417    7.8487   -2.2143
  QMMM:   101      101      H        1.7966    5.8957   -0.9853
  QMMM:   102      102      H        1.1667    4.8987    2.0230
  QMMM:   103      103      H        2.5075    6.0240    2.5632
  QMMM:   104      104      H        3.6407    5.3722    0.2174
  QMMM:   105      105      H        2.4796    3.9745    0.2595
  QMMM:   106      106      H        3.2614    3.5677    2.7270
  QMMM:   107      107      H        4.5246    4.8598    2.4326
  QMMM:   108      108      H        3.9416    1.3771    2.4472
  QMMM:   109      109      H        3.1932    1.8220    0.8341
  QMMM:   110      110      H        6.7296    2.1333    2.0899
  QMMM:   111      111      H        6.5603    3.9254    2.3866
  QMMM:   112      112      H        5.6236    2.7390    3.4262
  QMMM:   113      113      H        6.2243    2.6817   -0.2063
  QMMM:   114      114      H        4.5636    3.3065   -0.6770
  QMMM:   115      115      H        5.7842    4.4270    0.1145
 
           --------- Calculation Completed ----------
 
