            --------------------------------------------------------
                             AMBER SQM VERSION 19
 
                                     By
              Ross C. Walker, Michael F. Crowley, Scott Brozell,
                         Tim Giese, Andreas W. Goetz,
                        Tai-Sung Lee and David A. Case
 
            --------------------------------------------------------
 

--------------------------------------------------------------------------------
  QM CALCULATION INFO
--------------------------------------------------------------------------------

| QMMM: Citation for AMBER QMMM Run:
| QMMM: R.C. Walker, M.F. Crowley and D.A. Case, J. COMP. CHEM. 29:1019, 2008

QMMM: SINGLET STATE CALCULATION
QMMM: RHF CALCULATION, NO. OF DOUBLY OCCUPIED LEVELS = 60

| QMMM: *** Selected Hamiltonian *** 
| QMMM: AM1         

| QMMM: *** Parameter sets in use ***
| QMMM: C : M.J.S.DEWAR et al. JACS, 107, 3902, (1985)
| QMMM: N : M.J.S.DEWAR et al. JACS, 107, 3902, (1985)
| QMMM: O : M.J.S.DEWAR et al. JACS, 107, 3902, (1985)
| QMMM: H : M.J.S.DEWAR et al. JACS, 107, 3902, (1985)

| QMMM: *** SCF convergence criteria ***
| QMMM: Energy change                :  0.1D-09 kcal/mol
| QMMM: Error matrix |FP-PF|         :  0.1D+00 au
| QMMM: Density matrix change        :  0.5D-06
| QMMM: Maximum number of SCF cycles :     1000
 
| QMMM: *** Diagonalization Routine Information ***
| QMMM: Pseudo diagonalizations are allowed.
| QMMM: Auto diagonalization routine selection is in use.
| QMMM:
| QMMM: Timing diagonalization routines:
| QMMM:                              norbs =      114
| QMMM:    diag iterations used for timing =       10
| QMMM:
| QMMM:              Internal diag routine = 0.695471 seconds
| QMMM:                 Dspev diag routine = 3.533820 seconds
| QMMM:                Dspevd diag routine = 1.688366 seconds
| QMMM:                Dspevx diag routine = 3.144567 seconds
| QMMM:                 Dsyev diag routine = 4.027792 seconds
| QMMM:                Dsyevd diag routine = 2.546196 seconds
| QMMM:                Dsyevr diag routine = 1.645717 seconds
| QMMM:
| QMMM:                Pseudo diag routine = 0.007098 seconds
| QMMM:
| QMMM: Using internal diagonalization routine (diag_routine=1).

  QMMM: QM Region Cartesian Coordinates (*=link atom) 
  QMMM: QM_NO.   MM_NO.  ATOM         X         Y         Z
  QMMM:     1        1      C       10.3140   24.9350    5.8720
  QMMM:     2        2      C       11.3540   24.1310    5.4990
  QMMM:     3        3      C       12.1040   24.4320    4.3480
  QMMM:     4        4      C       11.8310   25.5280    3.5350
  QMMM:     5        5      C       10.7650   26.3460    3.9270
  QMMM:     6        6      C       10.0320   26.0390    5.0750
  QMMM:     7        7      C       12.5250   25.7170    2.3120
  QMMM:     8        8      N       13.4920   24.8760    1.9930
  QMMM:     9        9      N       12.1660   26.6910    1.4310
  QMMM:    10       10      C        8.2420   21.3980   11.5770
  QMMM:    11       11      C        9.5270   20.9640   11.7560
  QMMM:    12       12      C        9.8650   20.2340   12.8950
  QMMM:    13       13      C        8.9630   19.8820   13.8900
  QMMM:    14       14      C        7.6400   20.3110   13.7110
  QMMM:    15       15      C        7.2980   21.0710   12.5540
  QMMM:    16       16      C        9.5100   19.1690   15.0100
  QMMM:    17       17      N       10.6490   18.4980   14.8140
  QMMM:    18       18      N        8.8460   18.9780   16.1820
  QMMM:    19       19      C        9.7480   23.6170    7.7580
  QMMM:    20       20      O        9.4980   24.7140    6.9300
  QMMM:    21       21      C        8.5580   23.5120    8.6720
  QMMM:    22       22      C        8.9940   22.5880    9.7390
  QMMM:    23       23      O        7.8880   22.2050   10.5570
  QMMM:    24       24      H       11.6020   23.2610    6.0890
  QMMM:    25       25      H       12.9320   23.8000    4.0620
  QMMM:    26       26      H       10.5080   27.2160    3.3410
  QMMM:    27       27      H        9.2180   26.6990    5.3350
  QMMM:    28       28      H       13.9980   24.9930    1.1270
  QMMM:    29       29      H       13.7260   24.1150    2.6150
  QMMM:    30       30      H       12.6770   26.8040    0.5670
  QMMM:    31       31      H       11.3890   27.3000    1.6410
  QMMM:    32       32      H       10.2800   21.1870   11.0150
  QMMM:    33       33      H       10.8830   19.9060   13.0440
  QMMM:    34       34      H        6.8880   20.0650   14.4470
  QMMM:    35       35      H        6.2740   21.3960   12.4450
  QMMM:    36       36      H       11.0690   17.9830   15.5750
  QMMM:    37       37      H       11.0900   18.5060   13.9050
  QMMM:    38       38      H        9.2860   18.4670   16.9340
  QMMM:    39       39      H        7.9130   19.3470   16.3000
  QMMM:    40       40      H       10.6430   23.8070    8.3500
  QMMM:    41       41      H        9.8190   22.7140    7.1510
  QMMM:    42       42      H        7.7240   23.0680    8.1290
  QMMM:    43       43      H        8.3480   24.4900    9.1050
  QMMM:    44       44      H        9.7490   23.0760   10.3550
  QMMM:    45       45      H        9.4390   21.7000    9.2900

--------------------------------------------------------------------------------
  RESULTS
--------------------------------------------------------------------------------

      iter         sqm energy              rms gradient
      ----    -------------------    -----------------------
xmin    10      294.3480 kcal/mol        2.8663 kcal/(mol*A)
xmin    20      292.1790 kcal/mol        0.6808 kcal/(mol*A)
xmin    30      291.6312 kcal/mol        0.5235 kcal/(mol*A)
xmin    40      291.5066 kcal/mol        0.0966 kcal/(mol*A)
xmin    50      291.4246 kcal/mol        0.3069 kcal/(mol*A)
xmin    60      291.3828 kcal/mol        0.1858 kcal/(mol*A)
xmin    70      291.3677 kcal/mol        0.0711 kcal/(mol*A)
xmin    80      291.3643 kcal/mol        0.0225 kcal/(mol*A)
xmin    90      291.3634 kcal/mol        0.0182 kcal/(mol*A)
xmin   100      291.3630 kcal/mol        0.0181 kcal/(mol*A)
xmin   110      291.3619 kcal/mol        0.0099 kcal/(mol*A)
xmin   120      291.3615 kcal/mol        0.0040 kcal/(mol*A)
xmin   130      291.3615 kcal/mol        0.0016 kcal/(mol*A)
xmin   140      291.3614 kcal/mol        0.0048 kcal/(mol*A)
xmin   150      291.3614 kcal/mol        0.0014 kcal/(mol*A)
  ... geometry converged !
 
 Final MO eigenvalues (eV):
 -46.1701  -46.1346  -45.0714  -44.8150  -42.8173  -42.4737  -39.9106  -39.9103
 -38.7511  -36.8818  -36.7963  -36.1797  -35.6257  -32.1510  -30.3705  -30.0694
 -29.1059  -28.3479  -27.5831  -27.3299  -26.6479  -25.0724  -25.0723  -24.8333
 -24.8310  -23.9635  -23.6843  -22.4314  -22.4311  -22.1299  -21.8651  -21.7665
 -21.6258  -21.6073  -21.1381  -20.6346  -20.5072  -20.2944  -20.0614  -19.5734
 -19.4498  -19.2414  -19.1497  -18.8392  -18.4859  -18.3999  -18.2931  -17.6466
 -17.4773  -17.4189  -16.8790  -16.8049  -16.8039  -16.7782  -16.6912  -16.0446
 -15.0193  -15.0183  -14.1994  -14.1831   -5.9139   -5.9136   -4.7088   -4.7083
  -4.6313   -4.6312   -4.3114   -4.3114   -3.1330   -3.1330   -2.9060   -2.6485
  -2.6017   -2.3451   -2.3447   -2.2500   -1.4358   -1.4317   -1.3125   -1.3033
  -1.0586   -1.0544   -0.9419   -0.8085   -0.7807   -0.7470   -0.7469   -0.7020
  -0.6663   -0.6137   -0.5975   -0.5586   -0.5545   -0.5177   -0.3990   -0.3852
  -0.2089   -0.2008    0.0363    0.0369    0.1376    0.1456    0.2204    0.2553
   0.2790    0.2795    0.3279    0.3306    0.3417    0.4851    0.6142    0.6525
   1.5187    1.5384

 Heat of formation   =        291.36135181 kcal/mol  (       12.63437630 eV)

 Total SCF energy    =     -90727.32005434 kcal/mol  (    -3934.23182231 eV)
 Electronic energy   =    -594388.64630107 kcal/mol  (   -25774.62583154 eV)
 Core-core repulsion =     503661.32624674 kcal/mol  (    21840.39400923 eV)
 
    Atomic Charges for Step       1 :
  Atom    Element       Mulliken Charge
     1      C                  0.157
     2      C                 -0.210
     3      C                 -0.032
     4      C                 -0.220
     5      C                 -0.046
     6      C                 -0.149
     7      C                  0.350
     8      N                 -0.317
     9      N                 -0.315
    10      C                  0.157
    11      C                 -0.211
    12      C                 -0.032
    13      C                 -0.220
    14      C                 -0.046
    15      C                 -0.149
    16      C                  0.350
    17      N                 -0.317
    18      N                 -0.315
    19      C                 -0.021
    20      O                 -0.187
    21      C                 -0.177
    22      C                 -0.021
    23      O                 -0.187
    24      H                  0.163
    25      H                  0.151
    26      H                  0.156
    27      H                  0.185
    28      H                  0.271
    29      H                  0.283
    30      H                  0.271
    31      H                  0.285
    32      H                  0.163
    33      H                  0.151
    34      H                  0.156
    35      H                  0.185
    36      H                  0.271
    37      H                  0.283
    38      H                  0.271
    39      H                  0.285
    40      H                  0.093
    41      H                  0.093
    42      H                  0.129
    43      H                  0.129
    44      H                  0.093
    45      H                  0.093
 Total Mulliken Charge =       2.000
 
                  X        Y        Z     TOTAL  
  QM DIPOLE   102.467  215.787   83.064  252.910
 
 Final Structure

  QMMM: QM Region Cartesian Coordinates (*=link atom) 
  QMMM: QM_NO.   MM_NO.  ATOM         X         Y         Z
  QMMM:     1        1      C       10.3523   24.7920    5.6269
  QMMM:     2        2      C       11.5970   24.2451    5.2738
  QMMM:     3        3      C       12.2230   24.6662    4.1055
  QMMM:     4        4      C       11.6122   25.6214    3.2818
  QMMM:     5        5      C       10.3638   26.1657    3.6366
  QMMM:     6        6      C        9.7352   25.7623    4.8011
  QMMM:     7        7      C       12.2773   26.0629    2.0324
  QMMM:     8        8      N       13.5923   26.3796    2.0712
  QMMM:     9        9      N       11.5461   26.1326    0.8965
  QMMM:    10       10      C        8.7828   21.4587   11.8227
  QMMM:    11       11      C        9.8757   20.5966   12.0098
  QMMM:    12       12      C        9.9149   19.7745   13.1308
  QMMM:    13       13      C        8.8768   19.8130   14.0715
  QMMM:    14       14      C        7.7842   20.6798   13.8829
  QMMM:    15       15      C        7.7287   21.4956   12.7670
  QMMM:    16       16      C        8.9245   18.9419   15.2704
  QMMM:    17       17      N        9.2485   17.6373   15.1152
  QMMM:    18       18      N        8.6433   19.4823   16.4781
  QMMM:    19       19      C       10.2064   23.4842    7.6302
  QMMM:    20       20      O        9.6374   24.4668    6.7450
  QMMM:    21       21      C        9.1903   23.3528    8.7516
  QMMM:    22       22      C        9.6598   22.3259    9.7675
  QMMM:    23       23      O        8.6235   22.3111   10.7667
  QMMM:    24       24      H       12.0823   23.4872    5.9067
  QMMM:    25       25      H       13.1931   24.2206    3.8299
  QMMM:    26       26      H        9.8835   26.9327    3.0065
  QMMM:    27       27      H        8.7614   26.1836    5.1003
  QMMM:    28       28      H       14.1068   26.6692    1.2677
  QMMM:    29       29      H       14.0693   26.3467    2.9474
  QMMM:    30       30      H       11.9195   26.4449    0.0261
  QMMM:    31       31      H       10.5873   25.8545    0.9233
  QMMM:    32       32      H       10.7018   20.5641   11.2839
  QMMM:    33       33      H       10.7839   19.1115   13.2759
  QMMM:    34       34      H        6.9521   20.7038   14.6061
  QMMM:    35       35      H        6.8770   22.1747   12.5974
  QMMM:    36       36      H        9.3142   16.9980   15.8776
  QMMM:    37       37      H        9.4069   17.2873   14.1940
  QMMM:    38       38      H        8.6309   18.9524   17.3228
  QMMM:    39       39      H        8.4429   20.4591   16.5336
  QMMM:    40       40      H       11.1949   23.8535    8.0089
  QMMM:    41       41      H       10.3390   22.5184    7.0766
  QMMM:    42       42      H        8.1958   23.0466    8.3314
  QMMM:    43       43      H        9.0445   24.3462    9.2527
  QMMM:    44       44      H       10.6294   22.6273   10.2429
  QMMM:    45       45      H        9.7514   21.3055    9.3122
 
           --------- Calculation Completed ----------
 
