-I: Adding /opt/amber/22/dat/leap/prep to search path.
-I: Adding /opt/amber/22/dat/leap/lib to search path.
-I: Adding /opt/amber/22/dat/leap/parm to search path.
-I: Adding /opt/amber/22/dat/leap/cmd to search path.
-f: Source /home/dejun/workspace/NLmmgbsa/results/dna/127D/ff99bsc0/leap_ff99bsc0.in.

Welcome to LEaP!
(no leaprc in search path)
Sourcing: /home/dejun/workspace/NLmmgbsa/results/dna/127D/ff99bsc0/leap_ff99bsc0.in
----- Source: /opt/amber/22/dat/leap/cmd/oldff/leaprc.ff99bsc0
----- Source of /opt/amber/22/dat/leap/cmd/oldff/leaprc.ff99bsc0 done
Log file: ./leap.log
Loading parameters: /opt/amber/22/dat/leap/parm/parm99.dat
Reading title:
PARM99 for DNA,RNA,AA, organic molecules, Polariz.& LP incl.02/04/99
Loading parameters: /opt/amber/22/dat/leap/parm/frcmod.ff99SB
Reading force field modification type file (frcmod)
Reading title:
Modification/update of parm99.dat (Hornak & Simmerling)
Loading parameters: /opt/amber/22/dat/leap/parm/frcmod.parmbsc0
Reading force field modification type file (frcmod)
Reading title:
modifies parm99 for nucleic acids: see http://mmb.pcb.ub.es/PARMBSC0/
Loading library: /opt/amber/22/dat/leap/lib/all_nucleic94.lib
Loading library: /opt/amber/22/dat/leap/lib/all_amino94.lib
Loading library: /opt/amber/22/dat/leap/lib/all_aminoct94.lib
Loading library: /opt/amber/22/dat/leap/lib/all_aminont94.lib
Loading library: /opt/amber/22/dat/leap/lib/DNA_CI.lib
Loading library: /opt/amber/22/dat/leap/lib/ions94.lib
Loading library: /opt/amber/22/dat/leap/lib/solvents.lib
----- Source: /opt/amber/22/dat/leap/cmd/leaprc.water.tip3p
----- Source of /opt/amber/22/dat/leap/cmd/leaprc.water.tip3p done
Loading library: /opt/amber/22/dat/leap/lib/atomic_ions.lib
Loading library: /opt/amber/22/dat/leap/lib/solvents.lib
Loading parameters: /opt/amber/22/dat/leap/parm/frcmod.tip3p
Reading force field modification type file (frcmod)
Reading title:
This is the additional/replacement parameter set for TIP3P water
Loading parameters: /opt/amber/22/dat/leap/parm/frcmod.ions1lm_126_tip3p
Reading force field modification type file (frcmod)
Reading title:
Li/Merz ion parameters of monovalent ions for TIP3P water model (12-6 normal usage set)
Loading parameters: /opt/amber/22/dat/leap/parm/frcmod.ionsjc_tip3p
Reading force field modification type file (frcmod)
Reading title:
Monovalent ion parameters for Ewald and TIP3P water from Joung & Cheatham JPCB (2008)
Loading parameters: /opt/amber/22/dat/leap/parm/frcmod.ions234lm_126_tip3p
Reading force field modification type file (frcmod)
Reading title:
Li/Merz ion parameters of divalent to tetravalent ions for TIP3P water model (12-6 normal usage set)
----- Source: /opt/amber/22/dat/leap/cmd/leaprc.gaff2
----- Source of /opt/amber/22/dat/leap/cmd/leaprc.gaff2 done
Log file: ./leap.log
Loading parameters: /opt/amber/22/dat/leap/parm/gaff2.dat
Reading title:
AMBER General Force Field for organic molecules (Version 2.11, May 2016)
Loading parameters: ./127D_ligand.frcmod
Reading force field modification type file (frcmod)
Reading title:
Remark line goes here
Using H(N)-modified Bondi radii
Loading PDB file: ./127D_receptor1.pdb
  total atoms in file: 486
  Leap added 272 missing atoms according to residue templates:
       272 H / lone pairs
Checking Unit.

/opt/amber/22/bin/teLeap: Warning!
The unperturbed charge of the unit (-22.000000) is not zero.

/opt/amber/22/bin/teLeap: Note.
Ignoring the warning from Unit Checking.

Building topology.
Building atom parameters.
Building bond parameters.
Building angle parameters.
Building proper torsion parameters.
Building improper torsion parameters.
 total 140 improper torsions applied
Building H-Bond parameters.
Incorporating Non-Bonded adjustments.
Not Marking per-residue atom chain types.
Marking per-residue atom chain types.
 (no restraints)
Writing pdb file: /home/dejun/workspace/NLmmgbsa/results/dna/127D/ff99bsc0/127D_receptor_leap_ff99bsc0.pdb
Loading Mol2 file: ./127D_ligand.mol2
Reading MOLECULE named MOL
Checking Unit.

/opt/amber/22/bin/teLeap: Warning!
The unperturbed charge of the unit (0.999001) is not zero.

/opt/amber/22/bin/teLeap: Note.
Ignoring the warning from Unit Checking.

Building topology.
Building atom parameters.
Building bond parameters.
Building angle parameters.
Building proper torsion parameters.
Building improper torsion parameters.
 total 23 improper torsions applied
Building H-Bond parameters.
Incorporating Non-Bonded adjustments.
Not Marking per-residue atom chain types.
Marking per-residue atom chain types.
  (Residues lacking connect0/connect1 - 
   these don't have chain types marked:

	res	total affected

	MOL	1
  )
 (no restraints)
Writing pdb file: /home/dejun/workspace/NLmmgbsa/results/dna/127D/ff99bsc0/127D_ligand_leap_ff99bsc0.pdb
Checking Unit.

/opt/amber/22/bin/teLeap: Warning!
The unperturbed charge of the unit (-21.000999) is not zero.

/opt/amber/22/bin/teLeap: Note.
Ignoring the warning from Unit Checking.

Building topology.
Building atom parameters.
Building bond parameters.
Building angle parameters.
Building proper torsion parameters.
Building improper torsion parameters.
 total 163 improper torsions applied
Building H-Bond parameters.
Incorporating Non-Bonded adjustments.
Not Marking per-residue atom chain types.
Marking per-residue atom chain types.
  (Residues lacking connect0/connect1 - 
   these don't have chain types marked:

	res	total affected

	MOL	1
  )
 (no restraints)
Writing pdb file: /home/dejun/workspace/NLmmgbsa/results/dna/127D/ff99bsc0/127D_complex_leap_ff99bsc0.pdb
  Solute vdw bounding box:              25.721 28.693 47.031
  Total bounding box for atom centers:  41.721 44.693 63.031
  Solvent unit box:                     18.774 18.774 18.774
  Total vdw box size:                   44.537 47.921 65.734 angstroms.
  Volume: 140295.817 A^3 
  Total mass 64374.602 amu,  Density 0.762 g/cc
  Added 3146 residues.

/opt/amber/22/bin/teLeap: Warning!
addIons: 1st Ion & target unit have charges of the same sign:
     unit charge = -21.001; ion1 charge = -1;
     can't neutralize.
21 Na+ ions required to neutralize.
Adding 21 counter ions to "complex" using 1A grid
Grid extends from solute vdw + 3.84  to  9.94
Resolution:      1.00 Angstrom.
Solvent present: replacing closest with ion
	 when steric overlaps occur
Calculating grid charges
(Replacing solvent molecule)
Placed Na+ in complex at (6.10, -5.98, -0.86).
(Replacing solvent molecule)
Placed Na+ in complex at (-11.74, -2.87, 4.74).
(Replacing solvent molecule)
Placed Na+ in complex at (8.33, 1.42, 3.35).
(Replacing solvent molecule)
Placed Na+ in complex at (-12.64, 4.71, 1.21).
(Replacing solvent molecule)
Placed Na+ in complex at (-15.45, 3.14, -10.26).
(Replacing solvent molecule)
Placed Na+ in complex at (6.37, 8.41, -11.64).
(Replacing solvent molecule)
Placed Na+ in complex at (-1.73, -6.91, 10.58).
(Replacing solvent molecule)
Placed Na+ in complex at (4.63, -11.34, -8.16).
(Replacing solvent molecule)
Placed Na+ in complex at (-6.40, 13.76, -3.50).
(Replacing solvent molecule)
Placed Na+ in complex at (-11.11, -1.20, 15.14).
(Replacing solvent molecule)
Placed Na+ in complex at (7.73, 11.10, 7.60).
(Replacing solvent molecule)
Placed Na+ in complex at (-12.05, -10.37, -0.62).
(Replacing solvent molecule)
Placed Na+ in complex at (-2.75, 8.00, -22.63).
(Replacing solvent molecule)
Placed Na+ in complex at (-2.46, -14.78, -8.77).
(Replacing solvent molecule)
Placed Na+ in complex at (-4.97, -7.17, 21.38).
(Replacing solvent molecule)
Placed Na+ in complex at (-7.35, 11.08, 4.07).
(Replacing solvent molecule)
Placed Na+ in complex at (13.78, 1.37, 10.57).
(Replacing solvent molecule)
Placed Na+ in complex at (4.15, -12.75, 2.45).
(Replacing solvent molecule)
Placed Na+ in complex at (6.34, 10.55, -2.35).
(Replacing solvent molecule)
Placed Na+ in complex at (0.10, -9.54, -22.37).
(Replacing solvent molecule)
Placed Na+ in complex at (-4.49, 2.89, 23.02).

Done adding ions.
Checking Unit.
Building topology.
Building atom parameters.
Building bond parameters.
Building angle parameters.
Building proper torsion parameters.
Building improper torsion parameters.
 total 163 improper torsions applied
Building H-Bond parameters.
Incorporating Non-Bonded adjustments.
Not Marking per-residue atom chain types.
Marking per-residue atom chain types.
  (Residues lacking connect0/connect1 - 
   these don't have chain types marked:

	res	total affected

	MOL	1
	WAT	3125
  )
 (no restraints)
Writing pdb file: /home/dejun/workspace/NLmmgbsa/results/dna/127D/ff99bsc0/127D_complex_solv_leap_ff99bsc0.pdb
   printing CRYST1 record to PDB file with box info
	Quit

Exiting LEaP: Errors = 0; Warnings = 4; Notes = 3.
