            --------------------------------------------------------
                             AMBER SQM VERSION 19
 
                                     By
              Ross C. Walker, Michael F. Crowley, Scott Brozell,
                         Tim Giese, Andreas W. Goetz,
                        Tai-Sung Lee and David A. Case
 
            --------------------------------------------------------
 

--------------------------------------------------------------------------------
  QM CALCULATION INFO
--------------------------------------------------------------------------------

| QMMM: Citation for AMBER QMMM Run:
| QMMM: R.C. Walker, M.F. Crowley and D.A. Case, J. COMP. CHEM. 29:1019, 2008

QMMM: SINGLET STATE CALCULATION
QMMM: RHF CALCULATION, NO. OF DOUBLY OCCUPIED LEVELS = 80

| QMMM: *** Selected Hamiltonian *** 
| QMMM: AM1         

| QMMM: *** Parameter sets in use ***
| QMMM: O : M.J.S.DEWAR et al. JACS, 107, 3902, (1985)
| QMMM: C : M.J.S.DEWAR et al. JACS, 107, 3902, (1985)
| QMMM: N : M.J.S.DEWAR et al. JACS, 107, 3902, (1985)
| QMMM: H : M.J.S.DEWAR et al. JACS, 107, 3902, (1985)

| QMMM: *** SCF convergence criteria ***
| QMMM: Energy change                :  0.1D-09 kcal/mol
| QMMM: Error matrix |FP-PF|         :  0.1D+00 au
| QMMM: Density matrix change        :  0.5D-06
| QMMM: Maximum number of SCF cycles :     1000
 
| QMMM: *** Diagonalization Routine Information ***
| QMMM: Pseudo diagonalizations are allowed.
| QMMM: Auto diagonalization routine selection is in use.
| QMMM:
| QMMM: Timing diagonalization routines:
| QMMM:                              norbs =      153
| QMMM:    diag iterations used for timing =        5
| QMMM:
| QMMM:              Internal diag routine = 0.046112 seconds
| QMMM:                 Dspev diag routine = 2.701960 seconds
| QMMM:                Dspevd diag routine = 0.565794 seconds
| QMMM:                Dspevx diag routine = 2.046246 seconds
| QMMM:                 Dsyev diag routine = 1.268459 seconds
| QMMM:                Dsyevd diag routine = 0.788225 seconds
| QMMM:                Dsyevr diag routine = 0.954701 seconds
| QMMM:
| QMMM:                Pseudo diag routine = 0.008918 seconds
| QMMM:
| QMMM: Using internal diagonalization routine (diag_routine=1).

  QMMM: QM Region Cartesian Coordinates (*=link atom) 
  QMMM: QM_NO.   MM_NO.  ATOM         X         Y         Z
  QMMM:     1        1      O       11.1520   17.4330   17.0220
  QMMM:     2        2      C       10.6820   18.1960   16.1500
  QMMM:     3        3      C        9.6130   19.8840   14.1740
  QMMM:     4        4      C       11.5450   18.9590   15.3440
  QMMM:     5        5      C       11.0050   19.8070   14.3530
  QMMM:     6        6      C        9.2850   18.2730   15.9720
  QMMM:     7        7      C        8.7470   19.1170   14.9940
  QMMM:     8        8      C        9.0880   20.5380   13.0710
  QMMM:     9        9      N        9.8450   21.1830   12.0530
  QMMM:    10       10      C        8.9010   21.7020   11.1340
  QMMM:    11       11      C        7.5110   21.4220   11.5310
  QMMM:    12       12      N        7.7380   20.6710   12.7600
  QMMM:    13       13      C        6.5170   21.9210   10.6650
  QMMM:    14       14      C        6.8500   22.6560    9.5090
  QMMM:    15       15      C        8.1870   22.8790    9.1650
  QMMM:    16       16      C        9.2190   22.3800   10.0310
  QMMM:    17       17      C        8.5930   23.6220    8.0950
  QMMM:    18       18      N        9.8090   23.5000    7.3680
  QMMM:    19       19      C        9.8900   24.4980    6.4300
  QMMM:    20       20      C        8.7040   25.3260    6.5750
  QMMM:    21       21      N        7.9520   24.7900    7.5860
  QMMM:    22       22      C        8.5150   26.3890    5.7890
  QMMM:    23       23      C        9.4940   26.7060    4.7840
  QMMM:    24       24      C       10.6290   25.9140    4.6320
  QMMM:    25       25      C       10.8140   24.7820    5.5040
  QMMM:    26       26      N       11.5650   26.1500    3.6940
  QMMM:    27       27      C       11.4190   27.2900    2.8610
  QMMM:    28       28      C       12.5770   27.6030    2.1080
  QMMM:    29       29      N       13.2940   26.5070    1.6450
  QMMM:    30       30      C       13.2840   25.2890    2.3000
  QMMM:    31       31      C       12.1460   25.0050    3.0660
  QMMM:    32       32      C       13.1020   26.3490    0.3040
  QMMM:    33       33      H       10.4340   16.9890   17.4800
  QMMM:    34       34      H       12.6140   18.8940   15.4850
  QMMM:    35       35      H       11.6630   20.3970   13.7320
  QMMM:    36       36      H        8.6280   17.6800   16.5910
  QMMM:    37       37      H        7.6770   19.1860   14.8620
  QMMM:    38       38      H       10.8540   21.1920   12.1030
  QMMM:    39       39      H        5.4740   21.7430   10.8810
  QMMM:    40       40      H        6.0690   23.0540    8.8780
  QMMM:    41       41      H       10.2560   22.5560    9.7860
  QMMM:    42       42      H       10.4540   22.7540    7.5850
  QMMM:    43       43      H        7.6340   27.0010    5.9110
  QMMM:    44       44      H        9.3510   27.5630    4.1420
  QMMM:    45       45      H       11.6950   24.1630    5.4120
  QMMM:    46       46      H       11.1410   28.1500    3.4700
  QMMM:    47       47      H       10.5780   27.1380    2.1840
  QMMM:    48       48      H       13.2330   28.2380    2.7030
  QMMM:    49       49      H       12.2990   28.2340    1.2640
  QMMM:    50       50      H       14.2560   26.8060    1.7140
  QMMM:    51       51      H       14.1700   25.2130    2.9310
  QMMM:    52       52      H       13.4380   24.4900    1.5750
  QMMM:    53       53      H       11.3990   24.5200    2.4380
  QMMM:    54       54      H       12.3970   24.2650    3.8260
  QMMM:    55       55      H       13.6690   25.4870   -0.0460
  QMMM:    56       56      H       12.0420   26.1910    0.1040
  QMMM:    57       57      H       13.4410   27.2430   -0.2200

--------------------------------------------------------------------------------
  RESULTS
--------------------------------------------------------------------------------

      iter         sqm energy              rms gradient
      ----    -------------------    -----------------------
xmin    10      289.1065 kcal/mol        0.9855 kcal/(mol*A)
xmin    20      288.5551 kcal/mol        0.7157 kcal/(mol*A)
xmin    30      288.5522 kcal/mol        0.4785 kcal/(mol*A)
xmin    40      288.3923 kcal/mol        0.1433 kcal/(mol*A)
xmin    50      288.3758 kcal/mol        0.0832 kcal/(mol*A)
xmin    60      288.3271 kcal/mol        0.1433 kcal/(mol*A)
xmin    70      288.1081 kcal/mol        0.2405 kcal/(mol*A)
xmin    80      287.9228 kcal/mol        0.0740 kcal/(mol*A)
xmin    90      287.8500 kcal/mol        0.0639 kcal/(mol*A)
xmin   100      287.7434 kcal/mol        0.3148 kcal/(mol*A)
xmin   110      287.6892 kcal/mol        0.1175 kcal/(mol*A)
xmin   120      287.5682 kcal/mol        0.3459 kcal/(mol*A)
xmin   130      287.5453 kcal/mol        0.0282 kcal/(mol*A)
xmin   140      287.5437 kcal/mol        0.0070 kcal/(mol*A)
xmin   150      287.5433 kcal/mol        0.0127 kcal/(mol*A)
xmin   160      287.5432 kcal/mol        0.0036 kcal/(mol*A)
xmin   170      287.5432 kcal/mol        0.0017 kcal/(mol*A)
xmin   180      287.5432 kcal/mol        0.0006 kcal/(mol*A)
  ... geometry converged !
 
 Final MO eigenvalues (eV):
 -45.8503  -43.7969  -43.1122  -41.7701  -41.5903  -39.7178  -38.8503  -38.1648
 -36.2957  -35.8641  -35.3126  -34.0944  -33.4238  -33.1661  -32.9363  -32.3721
 -31.6554  -30.7479  -29.3710  -29.1691  -26.5815  -25.9884  -25.4690  -25.2455
 -24.7760  -24.5511  -24.1557  -24.0265  -23.0951  -22.8205  -21.8788  -21.5879
 -20.9848  -20.5663  -20.4062  -20.2452  -20.2173  -19.7621  -19.2936  -18.7938
 -18.4454  -18.2365  -18.1667  -18.0326  -17.9423  -17.9096  -17.6895  -17.3050
 -17.1173  -17.1106  -17.0325  -16.8987  -16.7323  -16.6136  -16.5484  -16.4447
 -16.2909  -16.1960  -15.8741  -15.7794  -15.6511  -15.0639  -14.9329  -14.8400
 -14.4376  -14.3907  -14.0968  -13.8764  -13.5450  -13.3940  -13.3253  -13.0127
 -12.9728  -12.6698  -11.5130  -11.3747  -11.3333  -10.8382  -10.6598   -9.9734
  -3.8141   -2.6220   -1.9696   -1.8778   -1.7945   -1.7182   -1.6616   -1.2132
  -1.1494   -1.0851   -1.0042   -0.8265   -0.7815   -0.6579   -0.5090   -0.4775
  -0.4530   -0.3791   -0.2986   -0.2543   -0.2430   -0.0465    0.1900    0.2621
   0.3354    0.5099    0.5497    0.7240    0.7961    1.0684    1.2648    1.3097
   1.3798    1.4915    1.6012    1.6140    1.7033    1.8797    1.9455    2.0958
   2.1540    2.2062    2.3177    2.3540    2.4281    2.4634    2.5922    2.6764
   2.7165    2.7596    2.8230    2.9579    2.9715    3.0094    3.1387    3.1998
   3.2541    3.3749    3.5280    3.6091    3.6981    3.7376    3.8070    3.8469
   3.9267    4.0043    4.1634    4.2993    4.3170    4.5751    4.7066    4.9309
   5.1436

 Heat of formation   =        287.54319559 kcal/mol  (       12.46880862 eV)

 Total SCF energy    =    -117544.38731510 kcal/mol  (    -5097.10712090 eV)
 Electronic energy   =    -926385.15140371 kcal/mol  (   -40171.07460230 eV)
 Core-core repulsion =     808840.76408861 kcal/mol  (    35073.96748140 eV)
 
    Atomic Charges for Step       1 :
  Atom    Element       Mulliken Charge
     1      O                 -0.242
     2      C                  0.107
     3      C                 -0.089
     4      C                 -0.162
     5      C                 -0.079
     6      C                 -0.220
     7      C                 -0.036
     8      C                  0.095
     9      N                 -0.239
    10      C                 -0.037
    11      C                 -0.039
    12      N                 -0.137
    13      C                 -0.075
    14      C                 -0.105
    15      C                 -0.045
    16      C                 -0.114
    17      C                  0.100
    18      N                 -0.234
    19      C                 -0.036
    20      C                 -0.047
    21      N                 -0.127
    22      C                 -0.054
    23      C                 -0.178
    24      C                 -0.036
    25      C                 -0.089
    26      N                 -0.218
    27      C                 -0.086
    28      C                 -0.130
    29      N                 -0.002
    30      C                 -0.130
    31      C                 -0.086
    32      C                 -0.197
    33      H                  0.227
    34      H                  0.159
    35      H                  0.132
    36      H                  0.146
    37      H                  0.161
    38      H                  0.260
    39      H                  0.161
    40      H                  0.157
    41      H                  0.132
    42      H                  0.264
    43      H                  0.163
    44      H                  0.122
    45      H                  0.149
    46      H                  0.153
    47      H                  0.084
    48      H                  0.150
    49      H                  0.142
    50      H                  0.244
    51      H                  0.150
    52      H                  0.142
    53      H                  0.084
    54      H                  0.153
    55      H                  0.142
    56      H                  0.147
    57      H                  0.142
 Total Mulliken Charge =       1.000
 
                  X        Y        Z     TOTAL  
  QM DIPOLE    63.792  124.220   11.098  140.083
 
 Final Structure

  QMMM: QM Region Cartesian Coordinates (*=link atom) 
  QMMM: QM_NO.   MM_NO.  ATOM         X         Y         Z
  QMMM:     1        1      O       10.4868   17.9609   18.0651
  QMMM:     2        2      C       10.0856   18.5282   16.8825
  QMMM:     3        3      C        9.3913   19.7819   14.4919
  QMMM:     4        4      C       10.7761   19.6862   16.4794
  QMMM:     5        5      C       10.4217   20.3051   15.2883
  QMMM:     6        6      C        9.0475   18.0029   16.0990
  QMMM:     7        7      C        8.7028   18.6335   14.9075
  QMMM:     8        8      C        9.0117   20.4307   13.2365
  QMMM:     9        9      N        9.9569   21.1206   12.4367
  QMMM:    10       10      C        9.2641   21.6044   11.3251
  QMMM:    11       11      C        7.8836   21.1729   11.5004
  QMMM:    12       12      N        7.7685   20.4457   12.6964
  QMMM:    13       13      C        6.9295   21.5223   10.5355
  QMMM:    14       14      C        7.3370   22.2649    9.4379
  QMMM:    15       15      C        8.6799   22.6679    9.2737
  QMMM:    16       16      C        9.6618   22.3498   10.2141
  QMMM:    17       17      C        9.0354   23.4484    8.0852
  QMMM:    18       18      N       10.2816   23.2780    7.4294
  QMMM:    19       19      C       10.2841   24.1499    6.3404
  QMMM:    20       20      C        9.0051   24.8434    6.3874
  QMMM:    21       21      N        8.2585   24.3818    7.4827
  QMMM:    22       22      C        8.7132   25.8052    5.4107
  QMMM:    23       23      C        9.6547   26.0595    4.4292
  QMMM:    24       24      C       10.9005   25.3781    4.3863
  QMMM:    25       25      C       11.2306   24.4127    5.3467
  QMMM:    26       26      N       11.8691   25.6519    3.3560
  QMMM:    27       27      C       12.3760   27.0158    3.4021
  QMMM:    28       28      C       13.5029   27.2328    2.3769
  QMMM:    29       29      N       13.1139   26.8428    0.9797
  QMMM:    30       30      C       12.5022   25.4712    0.9697
  QMMM:    31       31      C       11.3975   25.2933    2.0261
  QMMM:    32       32      C       12.2126   27.8473    0.3632
  QMMM:    33       33      H        9.9212   17.1937   18.2415
  QMMM:    34       34      H       11.5791   20.0864   17.1148
  QMMM:    35       35      H       10.9499   21.2237   14.9907
  QMMM:    36       36      H        8.5070   17.1025   16.4249
  QMMM:    37       37      H        7.8828   18.2272   14.2933
  QMMM:    38       38      H       10.9134   21.2402   12.6345
  QMMM:    39       39      H        5.8799   21.2143   10.6545
  QMMM:    40       40      H        6.5940   22.5529    8.6766
  QMMM:    41       41      H       10.7011   22.6866   10.1050
  QMMM:    42       42      H       10.9809   22.6263    7.6671
  QMMM:    43       43      H        7.7524   26.3424    5.4315
  QMMM:    44       44      H        9.4240   26.8141    3.6614
  QMMM:    45       45      H       12.1920   23.8802    5.3242
  QMMM:    46       46      H       12.8170   27.1896    4.4261
  QMMM:    47       47      H       11.5696   27.7890    3.2374
  QMMM:    48       48      H       14.3974   26.6059    2.6595
  QMMM:    49       49      H       13.7960   28.3200    2.3748
  QMMM:    50       50      H       13.9738   26.8047    0.4159
  QMMM:    51       51      H       13.3347   24.7351    1.1651
  QMMM:    52       52      H       12.0698   25.2813   -0.0525
  QMMM:    53       53      H       10.4848   25.8794    1.7122
  QMMM:    54       54      H       11.1187   24.1999    2.0380
  QMMM:    55       55      H       11.9750   27.5395   -0.6906
  QMMM:    56       56      H       11.2615   27.9136    0.9565
  QMMM:    57       57      H       12.7193   28.8497    0.3559
 
           --------- Calculation Completed ----------
 
