            --------------------------------------------------------
                             AMBER SQM VERSION 19
 
                                     By
              Ross C. Walker, Michael F. Crowley, Scott Brozell,
                         Tim Giese, Andreas W. Goetz,
                        Tai-Sung Lee and David A. Case
 
            --------------------------------------------------------
 

--------------------------------------------------------------------------------
  QM CALCULATION INFO
--------------------------------------------------------------------------------

| QMMM: Citation for AMBER QMMM Run:
| QMMM: R.C. Walker, M.F. Crowley and D.A. Case, J. COMP. CHEM. 29:1019, 2008

QMMM: SINGLET STATE CALCULATION
QMMM: RHF CALCULATION, NO. OF DOUBLY OCCUPIED LEVELS = 92

| QMMM: *** Selected Hamiltonian *** 
| QMMM: AM1         

| QMMM: *** Parameter sets in use ***
| QMMM: C : M.J.S.DEWAR et al. JACS, 107, 3902, (1985)
| QMMM: O : M.J.S.DEWAR et al. JACS, 107, 3902, (1985)
| QMMM: N : M.J.S.DEWAR et al. JACS, 107, 3902, (1985)
| QMMM: H : M.J.S.DEWAR et al. JACS, 107, 3902, (1985)

| QMMM: *** SCF convergence criteria ***
| QMMM: Energy change                :  0.1D-09 kcal/mol
| QMMM: Error matrix |FP-PF|         :  0.1D+00 au
| QMMM: Density matrix change        :  0.5D-06
| QMMM: Maximum number of SCF cycles :     1000
 
| QMMM: *** Diagonalization Routine Information ***
| QMMM: Pseudo diagonalizations are allowed.
| QMMM: Auto diagonalization routine selection is in use.
| QMMM:
| QMMM: Timing diagonalization routines:
| QMMM:                              norbs =      168
| QMMM:    diag iterations used for timing =        5
| QMMM:
| QMMM:              Internal diag routine = 0.209814 seconds
| QMMM:                 Dspev diag routine = 2.371052 seconds
| QMMM:                Dspevd diag routine = 0.708722 seconds
| QMMM:                Dspevx diag routine = 2.787462 seconds
| QMMM:                 Dsyev diag routine = 2.343757 seconds
| QMMM:                Dsyevd diag routine = 1.168997 seconds
| QMMM:                Dsyevr diag routine = 1.588673 seconds
| QMMM:
| QMMM:                Pseudo diag routine = 0.008724 seconds
| QMMM:
| QMMM: Using internal diagonalization routine (diag_routine=1).

  QMMM: QM Region Cartesian Coordinates (*=link atom) 
  QMMM: QM_NO.   MM_NO.  ATOM         X         Y         Z
  QMMM:     1        1      C       11.7230   25.9930   66.9190
  QMMM:     2        2      O       10.8910   26.9010   66.6280
  QMMM:     3        3      N       11.4910   25.1470   67.9860
  QMMM:     4        4      C       10.2310   25.3730   68.6710
  QMMM:     5        5      C        9.9040   24.8350   69.8800
  QMMM:     6        6      C        8.6610   25.3200   70.1650
  QMMM:     7        7      N        8.2100   26.1000   69.1370
  QMMM:     8        8      C        9.1880   26.1530   68.1930
  QMMM:     9        9      C        6.9270   26.8350   68.9690
  QMMM:    10       10      C        7.7770   24.9620   71.2960
  QMMM:    11       11      O        6.6500   25.4350   71.4960
  QMMM:    12       12      N        8.3290   23.9400   71.9810
  QMMM:    13       13      C        7.7090   23.3440   73.1000
  QMMM:    14       14      C        8.4240   22.6090   74.0370
  QMMM:    15       15      C        7.5070   22.1530   74.9550
  QMMM:    16       16      N        6.2800   22.6420   74.6250
  QMMM:    17       17      C        6.4130   23.4140   73.4680
  QMMM:    18       18      C        4.9670   22.4780   75.2720
  QMMM:    19       19      C        7.5830   21.3240   76.1770
  QMMM:    20       20      O        6.5090   20.9830   76.6880
  QMMM:    21       21      N        8.8070   21.0280   76.6810
  QMMM:    22       22      C        8.8800   20.2020   77.8970
  QMMM:    23       23      C       10.1430   19.8160   78.4330
  QMMM:    24       24      C        9.8880   19.0520   79.5780
  QMMM:    25       25      N        8.5380   18.9740   79.6810
  QMMM:    26       26      C        7.9510   19.6890   78.6600
  QMMM:    27       27      C        7.5350   18.3580   80.5280
  QMMM:    28       28      C       10.9440   18.3990   80.3470
  QMMM:    29       29      O       10.7200   17.3930   81.0130
  QMMM:    30       30      N       12.2170   18.7610   80.1850
  QMMM:    31       31      C       13.3890   18.1650   80.9030
  QMMM:    32       32      C       13.2070   18.0500   82.4090
  QMMM:    33       33      C       14.3920   18.3460   83.2950
  QMMM:    34       34      N       14.0590   18.5550   84.6070
  QMMM:    35       35      N       15.6470   18.4530   82.9780
  QMMM:    36       36      H       12.6220   25.8760   66.3320
  QMMM:    37       37      H       12.1740   24.4440   68.2310
  QMMM:    38       38      H       10.5970   24.1760   70.3830
  QMMM:    39       39      H        9.2780   26.6480   67.2370
  QMMM:    40       40      H        6.9270   27.3520   68.0090
  QMMM:    41       41      H        6.0970   26.1300   69.0010
  QMMM:    42       42      H        6.8170   27.5630   69.7730
  QMMM:    43       43      H        9.2250   23.5690   71.6990
  QMMM:    44       44      H        9.4940   22.5010   73.9360
  QMMM:    45       45      H        5.7160   23.9960   72.8830
  QMMM:    46       46      H        4.2130   23.0270   74.7080
  QMMM:    47       47      H        4.7030   21.4210   75.2970
  QMMM:    48       48      H        5.0120   22.8650   76.2900
  QMMM:    49       49      H        9.6390   21.3720   76.2230
  QMMM:    50       50      H       11.0550   20.1260   77.9440
  QMMM:    51       51      H        6.9090   19.8620   78.4330
  QMMM:    52       52      H        6.5410   18.6190   80.1640
  QMMM:    53       53      H        7.6560   17.2750   80.5070
  QMMM:    54       54      H        7.6530   18.7160   81.5510
  QMMM:    55       55      H       12.4540   19.4950   79.5330
  QMMM:    56       56      H       14.2810   18.7550   80.6910
  QMMM:    57       57      H       13.6030   17.1800   80.4890
  QMMM:    58       58      H       12.8220   17.0580   82.6470
  QMMM:    59       59      H       12.3670   18.6740   82.7160
  QMMM:    60       60      H       14.7790   18.7610   85.2840
  QMMM:    61       61      H       13.0930   18.5030   84.8970
  QMMM:    62       62      H       16.3320   18.6570   83.6910
  QMMM:    63       63      H       15.9380   18.3320   82.0180

--------------------------------------------------------------------------------
  RESULTS
--------------------------------------------------------------------------------

      iter         sqm energy              rms gradient
      ----    -------------------    -----------------------
xmin    10      151.6903 kcal/mol        0.4300 kcal/(mol*A)
xmin    20      150.5045 kcal/mol        0.5251 kcal/(mol*A)
xmin    30      149.8410 kcal/mol        0.3876 kcal/(mol*A)
xmin    40      149.0625 kcal/mol        1.2178 kcal/(mol*A)
xmin    50      148.3066 kcal/mol        0.3511 kcal/(mol*A)
xmin    60      143.4635 kcal/mol        0.2164 kcal/(mol*A)
xmin    70      143.3228 kcal/mol        0.1388 kcal/(mol*A)
xmin    80      143.2729 kcal/mol        0.1386 kcal/(mol*A)
xmin    90      143.2433 kcal/mol        0.0433 kcal/(mol*A)
xmin   100      143.2193 kcal/mol        0.0531 kcal/(mol*A)
xmin   110      143.2030 kcal/mol        0.0437 kcal/(mol*A)
xmin   120      143.1902 kcal/mol        0.0238 kcal/(mol*A)
xmin   130      143.1816 kcal/mol        0.0539 kcal/(mol*A)
xmin   140      143.1802 kcal/mol        0.0157 kcal/(mol*A)
xmin   150      143.1790 kcal/mol        0.0108 kcal/(mol*A)
xmin   160      143.1783 kcal/mol        0.0061 kcal/(mol*A)
xmin   170      143.1776 kcal/mol        0.0540 kcal/(mol*A)
xmin   180      143.1763 kcal/mol        0.0095 kcal/(mol*A)
xmin   190      143.1759 kcal/mol        0.0082 kcal/(mol*A)
xmin   200      143.1755 kcal/mol        0.0016 kcal/(mol*A)
xmin   210      143.1755 kcal/mol        0.0033 kcal/(mol*A)
xmin   220      143.1755 kcal/mol        0.0017 kcal/(mol*A)
xmin   230      143.1755 kcal/mol        0.0040 kcal/(mol*A)
xmin   240      143.1754 kcal/mol        0.0037 kcal/(mol*A)
xmin   250      143.1754 kcal/mol        0.0017 kcal/(mol*A)
xmin   260      143.1754 kcal/mol        0.0013 kcal/(mol*A)
xmin   270      143.1754 kcal/mol        0.0009 kcal/(mol*A)
xmin   280      143.1753 kcal/mol        0.0009 kcal/(mol*A)
xmin   290      143.1753 kcal/mol        0.0014 kcal/(mol*A)
  ... geometry converged !
 
 Final MO eigenvalues (eV):
 -44.4968  -43.8228  -42.9779  -42.5444  -42.1443  -40.8529  -40.3762  -39.7921
 -39.1913  -38.6137  -37.7142  -37.1237  -36.7069  -35.8153  -34.8669  -34.2570
 -33.5519  -32.3381  -31.3137  -30.4328  -29.4447  -28.9616  -28.3401  -28.1756
 -26.9324  -26.0476  -25.6805  -25.3797  -24.8976  -23.9660  -23.6698  -23.5364
 -23.3487  -22.9007  -22.4120  -21.7160  -21.3986  -21.2097  -21.0913  -20.5446
 -20.2607  -19.8556  -19.6170  -19.5451  -19.4003  -19.3126  -18.7950  -18.6935
 -18.3276  -18.0819  -17.9291  -17.8773  -17.6068  -17.5083  -17.4468  -17.3341
 -17.1853  -16.9069  -16.8501  -16.7098  -16.5870  -16.3438  -16.2366  -16.2234
 -16.0551  -15.9940  -15.8948  -15.6627  -15.5905  -15.5605  -15.3142  -15.2596
 -14.8508  -14.5809  -14.4924  -14.4611  -14.1804  -14.1410  -14.1192  -13.6944
 -13.5436  -12.8673  -12.7072  -12.6215  -12.2028  -11.9886  -11.7012  -10.8549
 -10.5157  -10.4621   -9.7733   -9.4446   -4.4763   -3.1715   -2.5382   -2.0668
  -1.7322   -1.4621   -1.3175   -0.9926   -0.8045   -0.5674   -0.4664   -0.4059
  -0.2211   -0.1260   -0.0468   -0.0189    0.1604    0.2383    0.2992    0.4046
   0.5864    0.6409    0.6643    0.6941    0.8218    0.9208    1.0217    1.2125
   1.2339    1.3776    1.3822    1.4838    1.7435    1.8338    1.9051    1.9156
   2.0331    2.1239    2.1518    2.2132    2.3766    2.3977    2.4673    2.6117
   2.6600    2.7987    2.8188    2.8260    2.9295    2.9559    2.9830    3.0712
   3.1065    3.1683    3.2572    3.3434    3.4112    3.4250    3.5571    3.6411
   3.7241    3.8541    3.9217    4.0144    4.2056    4.4404    4.4686    4.5822
   4.7628    4.8250    5.0026    5.0851    5.1934    5.3039    5.8274    5.9217


 Heat of formation   =        143.17534234 kcal/mol  (        6.20854873 eV)

 Total SCF energy    =    -146151.99607731 kcal/mol  (    -6337.62612538 eV)
 Electronic energy   =   -1144438.06513994 kcal/mol  (   -49626.55848142 eV)
 Core-core repulsion =     998286.06906263 kcal/mol  (    43288.93235604 eV)
 
    Atomic Charges for Step       1 :
  Atom    Element       Mulliken Charge
     1      C                  0.264
     2      O                 -0.353
     3      N                 -0.312
     4      C                 -0.034
     5      C                 -0.186
     6      C                 -0.144
     7      N                 -0.071
     8      C                 -0.108
     9      C                 -0.083
    10      C                  0.386
    11      O                 -0.381
    12      N                 -0.294
    13      C                 -0.016
    14      C                 -0.183
    15      C                 -0.155
    16      N                 -0.070
    17      C                 -0.102
    18      C                 -0.083
    19      C                  0.391
    20      O                 -0.382
    21      N                 -0.300
    22      C                 -0.002
    23      C                 -0.167
    24      C                 -0.185
    25      N                 -0.065
    26      C                 -0.084
    27      C                 -0.083
    28      C                  0.405
    29      O                 -0.451
    30      N                 -0.388
    31      C                 -0.016
    32      C                 -0.197
    33      C                  0.277
    34      N                 -0.332
    35      N                 -0.297
    36      H                  0.128
    37      H                  0.232
    38      H                  0.144
    39      H                  0.210
    40      H                  0.101
    41      H                  0.112
    42      H                  0.110
    43      H                  0.237
    44      H                  0.144
    45      H                  0.214
    46      H                  0.104
    47      H                  0.111
    48      H                  0.109
    49      H                  0.241
    50      H                  0.149
    51      H                  0.222
    52      H                  0.112
    53      H                  0.111
    54      H                  0.101
    55      H                  0.247
    56      H                  0.118
    57      H                  0.119
    58      H                  0.161
    59      H                  0.132
    60      H                  0.266
    61      H                  0.278
    62      H                  0.264
    63      H                  0.321
 Total Mulliken Charge =       1.000
 
                  X        Y        Z     TOTAL  
  QM DIPOLE    67.006   89.886  395.683  411.259
 
 Final Structure

  QMMM: QM Region Cartesian Coordinates (*=link atom) 
  QMMM: QM_NO.   MM_NO.  ATOM         X         Y         Z
  QMMM:     1        1      C       11.9767   26.8432   67.1674
  QMMM:     2        2      O       11.1499   27.4953   66.5116
  QMMM:     3        3      N       11.6539   26.0661   68.2604
  QMMM:     4        4      C       10.3693   25.9008   68.7672
  QMMM:     5        5      C       10.0093   25.1067   69.9092
  QMMM:     6        6      C        8.6111   25.2209   70.0660
  QMMM:     7        7      N        8.1174   26.0570   69.0563
  QMMM:     8        8      C        9.1701   26.4757   68.2643
  QMMM:     9        9      C        6.7446   26.4146   68.8659
  QMMM:    10       10      C        7.7370   24.6001   71.0786
  QMMM:    11       11      O        6.4931   24.7178   71.0492
  QMMM:    12       12      N        8.3725   23.8734   72.0767
  QMMM:    13       13      C        7.7114   23.2135   73.1043
  QMMM:    14       14      C        8.3424   22.4880   74.1716
  QMMM:    15       15      C        7.3104   21.9753   74.9887
  QMMM:    16       16      N        6.0789   22.3683   74.4478
  QMMM:    17       17      C        6.3065   23.1177   73.3097
  QMMM:    18       18      C        4.7912   22.0423   74.9808
  QMMM:    19       19      C        7.4137   21.1588   76.2077
  QMMM:    20       20      O        6.4138   20.7042   76.8031
  QMMM:    21       21      N        8.7012   20.9123   76.6788
  QMMM:    22       22      C        8.9845   20.1612   77.8090
  QMMM:    23       23      C       10.2874   19.9284   78.3559
  QMMM:    24       24      C       10.1177   19.1152   79.5044
  QMMM:    25       25      N        8.7473   18.8535   79.6625
  QMMM:    26       26      C        8.0535   19.4751   78.6473
  QMMM:    27       27      C        8.1643   18.0539   80.6964
  QMMM:    28       28      C       11.1360   18.6028   80.4134
  QMMM:    29       29      O       10.8671   17.9307   81.4431
  QMMM:    30       30      N       12.4642   18.8988   80.1288
  QMMM:    31       31      C       13.5493   18.2704   80.8135
  QMMM:    32       32      C       14.1416   19.1021   81.9711
  QMMM:    33       33      C       13.9258   18.4506   83.3336
  QMMM:    34       34      N       15.0022   18.2524   84.1332
  QMMM:    35       35      N       12.6781   18.1278   83.7121
  QMMM:    36       36      H       13.0665   26.8298   66.9293
  QMMM:    37       37      H       12.3728   25.5664   68.7292
  QMMM:    38       38      H       10.6908   24.5275   70.5232
  QMMM:    39       39      H        9.0411   27.1417   67.4055
  QMMM:    40       40      H        6.6575   27.1160   67.9954
  QMMM:    41       41      H        6.1357   25.4889   68.6755
  QMMM:    42       42      H        6.3494   26.9064   69.7962
  QMMM:    43       43      H        9.3636   23.8091   72.0747
  QMMM:    44       44      H        9.4108   22.3596   74.3099
  QMMM:    45       45      H        5.4982   23.5448   72.7073
  QMMM:    46       46      H        3.9938   22.5123   74.3477
  QMMM:    47       47      H        4.6598   20.9258   74.9963
  QMMM:    48       48      H        4.7126   22.4180   76.0372
  QMMM:    49       49      H        9.4778   21.2955   76.1916
  QMMM:    50       50      H       11.2238   20.3091   77.9599
  QMMM:    51       51      H        6.9629   19.4210   78.5485
  QMMM:    52       52      H        7.0586   17.9685   80.5262
  QMMM:    53       53      H        8.6313   17.0315   80.6940
  QMMM:    54       54      H        8.3596   18.5282   81.6962
  QMMM:    55       55      H       12.6756   19.4094   79.3031
  QMMM:    56       56      H       14.3842   18.0958   80.0723
  QMMM:    57       57      H       13.2169   17.2613   81.1952
  QMMM:    58       58      H       13.6840   20.1304   82.0178
  QMMM:    59       59      H       15.2395   19.2409   81.7789
  QMMM:    60       60      H       14.9343   17.8500   85.0425
  QMMM:    61       61      H       15.9051   18.5327   83.8175
  QMMM:    62       62      H       12.4719   17.6952   84.5868
  QMMM:    63       63      H       11.9163   18.2439   83.0571
 
           --------- Calculation Completed ----------
 
