            --------------------------------------------------------
                             AMBER SQM VERSION 19
 
                                     By
              Ross C. Walker, Michael F. Crowley, Scott Brozell,
                         Tim Giese, Andreas W. Goetz,
                        Tai-Sung Lee and David A. Case
 
            --------------------------------------------------------
 

--------------------------------------------------------------------------------
  QM CALCULATION INFO
--------------------------------------------------------------------------------

| QMMM: Citation for AMBER QMMM Run:
| QMMM: R.C. Walker, M.F. Crowley and D.A. Case, J. COMP. CHEM. 29:1019, 2008

QMMM: SINGLET STATE CALCULATION
QMMM: RHF CALCULATION, NO. OF DOUBLY OCCUPIED LEVELS = 83

| QMMM: *** Selected Hamiltonian *** 
| QMMM: AM1         

| QMMM: *** Parameter sets in use ***
| QMMM: C : M.J.S.DEWAR et al. JACS, 107, 3902, (1985)
| QMMM: N : M.J.S.DEWAR et al. JACS, 107, 3902, (1985)
| QMMM: O : M.J.S.DEWAR et al. JACS, 107, 3902, (1985)
| QMMM: H : M.J.S.DEWAR et al. JACS, 107, 3902, (1985)

| QMMM: *** SCF convergence criteria ***
| QMMM: Energy change                :  0.1D-09 kcal/mol
| QMMM: Error matrix |FP-PF|         :  0.1D+00 au
| QMMM: Density matrix change        :  0.5D-06
| QMMM: Maximum number of SCF cycles :     1000
 
| QMMM: *** Diagonalization Routine Information ***
| QMMM: Pseudo diagonalizations are allowed.
| QMMM: Auto diagonalization routine selection is in use.
| QMMM:
| QMMM: Timing diagonalization routines:
| QMMM:                              norbs =      152
| QMMM:    diag iterations used for timing =        5
| QMMM:
| QMMM:              Internal diag routine = 0.620797 seconds
| QMMM:                 Dspev diag routine = 1.659146 seconds
| QMMM:                Dspevd diag routine = 0.574208 seconds
| QMMM:                Dspevx diag routine = 3.117805 seconds
| QMMM:                 Dsyev diag routine = 1.612410 seconds
| QMMM:                Dsyevd diag routine = 1.090211 seconds
| QMMM:                Dsyevr diag routine = 1.068028 seconds
| QMMM:
| QMMM:                Pseudo diag routine = 0.006409 seconds
| QMMM:
| QMMM: Using dspevd routine (diag_routine=3).

  QMMM: QM Region Cartesian Coordinates (*=link atom) 
  QMMM: QM_NO.   MM_NO.  ATOM         X         Y         Z
  QMMM:     1        1      C       27.6620   24.1640   20.9890
  QMMM:     2        2      N       26.6870   25.0190   21.1410
  QMMM:     3        3      N       27.4640   23.2020   20.1360
  QMMM:     4        4      N       28.7920   24.1870   21.6840
  QMMM:     5        5      C       29.1910   25.1750   22.7090
  QMMM:     6        6      C       30.6760   25.1250   23.0270
  QMMM:     7        7      O       31.4360   24.3550   22.4670
  QMMM:     8        8      N       31.0760   26.0120   23.9590
  QMMM:     9        9      C       32.3490   26.3220   24.4080
  QMMM:    10       10      C       32.6190   27.3440   25.3370
  QMMM:    11       11      C       33.9880   27.3770   25.4810
  QMMM:    12       12      N       34.5450   26.4640   24.5940
  QMMM:    13       13      C       35.9490   26.2980   24.2100
  QMMM:    14       14      C       33.5250   25.7380   24.0250
  QMMM:    15       15      C       34.8440   28.2030   26.3690
  QMMM:    16       16      O       36.0560   28.2670   26.2570
  QMMM:    17       17      N       34.2010   28.8330   27.3800
  QMMM:    18       18      C       34.7910   29.6460   28.3440
  QMMM:    19       19      C       34.2680   30.0060   29.6110
  QMMM:    20       20      C       35.2220   30.8070   30.2060
  QMMM:    21       21      N       36.2960   30.9440   29.3380
  QMMM:    22       22      C       37.5300   31.7010   29.5400
  QMMM:    23       23      C       36.0260   30.2190   28.2010
  QMMM:    24       24      C       35.2270   31.4470   31.5400
  QMMM:    25       25      O       36.0930   32.1700   31.9920
  QMMM:    26       26      N       34.1510   31.1700   32.2870
  QMMM:    27       27      C       33.9920   31.6320   33.6710
  QMMM:    28       28      C       32.5170   31.6270   34.0850
  QMMM:    29       29      C       32.1760   32.3470   35.3570
  QMMM:    30       30      N       32.8430   33.3930   35.7870
  QMMM:    31       31      N       31.1400   31.9800   36.0620
  QMMM:    32       32      H       26.7850   25.7870   21.7900
  QMMM:    33       33      H       25.8350   24.9130   20.6100
  QMMM:    34       34      H       28.1840   22.5110   19.9780
  QMMM:    35       35      H       26.5900   23.1460   19.6320
  QMMM:    36       36      H       29.4910   23.4740   21.5350
  QMMM:    37       37      H       28.6190   25.0020   23.6210
  QMMM:    38       38      H       28.9270   26.1760   22.3690
  QMMM:    39       39      H       30.3930   26.5740   24.4470
  QMMM:    40       40      H       31.8060   27.9090   25.7700
  QMMM:    41       41      H       36.0350   25.4850   23.4900
  QMMM:    42       42      H       36.3150   27.2210   23.7600
  QMMM:    43       43      H       36.5430   26.0650   25.0940
  QMMM:    44       44      H       33.5130   24.8660   23.3870
  QMMM:    45       45      H       33.2010   28.7320   27.4830
  QMMM:    46       46      H       33.2960   29.6470   29.9160
  QMMM:    47       47      H       38.1670   31.6000   28.6610
  QMMM:    48       48      H       37.2900   32.7530   29.6950
  QMMM:    49       49      H       38.0540   31.3150   30.4140
  QMMM:    50       50      H       36.5960   30.0540   27.2990
  QMMM:    51       51      H       33.3980   30.6180   31.9020
  QMMM:    52       52      H       34.3920   32.6420   33.7650
  QMMM:    53       53      H       34.5580   30.9820   34.3380
  QMMM:    54       54      H       32.1660   30.5970   34.1500
  QMMM:    55       55      H       31.9140   32.0310   33.2710
  QMMM:    56       56      H       32.5740   33.8430   36.6500
  QMMM:    57       57      H       33.6250   33.7470   35.2550
  QMMM:    58       58      H       30.9130   32.4670   36.9170
  QMMM:    59       59      H       30.5650   31.2090   35.7520

--------------------------------------------------------------------------------
  RESULTS
--------------------------------------------------------------------------------

      iter         sqm energy              rms gradient
      ----    -------------------    -----------------------
xmin    10      318.9013 kcal/mol        0.6540 kcal/(mol*A)
xmin    20      315.5360 kcal/mol        0.6561 kcal/(mol*A)
xmin    30      310.3952 kcal/mol        0.7237 kcal/(mol*A)
xmin    40      309.6651 kcal/mol        0.1978 kcal/(mol*A)
xmin    50      309.4187 kcal/mol        0.1790 kcal/(mol*A)
xmin    60      309.3057 kcal/mol        0.1121 kcal/(mol*A)
xmin    70      309.2268 kcal/mol        0.0810 kcal/(mol*A)
xmin    80      309.1115 kcal/mol        0.4252 kcal/(mol*A)
xmin    90      309.0694 kcal/mol        0.0427 kcal/(mol*A)
xmin   100      309.0242 kcal/mol        0.0896 kcal/(mol*A)
xmin   110      309.0127 kcal/mol        0.0693 kcal/(mol*A)
xmin   120      309.0011 kcal/mol        0.0404 kcal/(mol*A)
xmin   130      308.9947 kcal/mol        0.0368 kcal/(mol*A)
xmin   140      308.9911 kcal/mol        0.1010 kcal/(mol*A)
xmin   150      308.9868 kcal/mol        0.0594 kcal/(mol*A)
xmin   160      308.9841 kcal/mol        0.0536 kcal/(mol*A)
xmin   170      308.9799 kcal/mol        0.0722 kcal/(mol*A)
xmin   180      308.9704 kcal/mol        0.0656 kcal/(mol*A)
xmin   190      308.9571 kcal/mol        0.0740 kcal/(mol*A)
xmin   200      308.9472 kcal/mol        0.0762 kcal/(mol*A)
xmin   210      308.9315 kcal/mol        0.0183 kcal/(mol*A)
xmin   220      308.9281 kcal/mol        0.0452 kcal/(mol*A)
xmin   230      308.9251 kcal/mol        0.0322 kcal/(mol*A)
xmin   240      308.9240 kcal/mol        0.0085 kcal/(mol*A)
xmin   250      308.9238 kcal/mol        0.0021 kcal/(mol*A)
xmin   260      308.9238 kcal/mol        0.0025 kcal/(mol*A)
xmin   270      308.9238 kcal/mol        0.0009 kcal/(mol*A)
  ... geometry converged !
 
 Final MO eigenvalues (eV):
 -45.9486  -45.4700  -45.1621  -44.9208  -43.8500  -43.3225  -42.2825  -40.6142
 -40.2193  -39.9295  -39.5335  -39.5034  -39.1140  -36.9707  -36.5219  -35.7983
 -34.2306  -33.4638  -32.6390  -30.6381  -30.4450  -30.1463  -28.7074  -27.9928
 -27.6096  -27.0956  -26.8577  -25.7968  -25.4225  -25.0092  -24.7412  -24.6706
 -24.3454  -24.2910  -23.6604  -22.8352  -22.4952  -22.4341  -22.3489  -22.1783
 -22.0415  -21.7197  -21.4999  -21.2596  -20.7311  -20.5771  -20.4192  -20.4095
 -20.2145  -19.9554  -19.7553  -19.6592  -19.5094  -19.2646  -19.0376  -18.8288
 -18.7471  -18.5081  -18.3891  -18.2717  -18.0687  -17.9914  -17.8572  -17.2190
 -17.1061  -16.9552  -16.7502  -16.7300  -16.5873  -16.5322  -16.4853  -16.4640
 -16.0240  -15.4694  -15.3757  -15.2095  -14.9949  -14.6518  -14.3666  -12.9508
 -12.9329  -12.2335  -11.8204   -5.3829   -5.2652   -4.9327   -4.0647   -3.6581
  -3.6036   -3.4323   -3.2288   -3.1762   -2.9585   -2.7071   -2.7007   -2.3119
  -2.1197   -2.0056   -1.9255   -1.7310   -1.6658   -1.5736   -1.4497   -1.3683
  -1.3364   -1.2623   -1.0830   -1.0531   -0.9934   -0.8218   -0.6855   -0.6591
  -0.4799   -0.4710   -0.3870   -0.2850   -0.1506   -0.1347   -0.0901    0.1709
   0.2326    0.4694    0.4964    0.5090    0.5231    0.5546    0.5901    0.6126
   0.6879    0.7835    0.8652    0.9235    0.9327    0.9391    1.0409    1.0558
   1.0632    1.1887    1.3157    1.4908    1.8159    1.9162    1.9982    2.2099
   2.2960    2.3883    2.5794    2.6845    2.7189    2.8189    2.9198    3.6343


 Heat of formation   =        308.92375588 kcal/mol  (       13.39593929 eV)

 Total SCF energy    =    -131589.75049264 kcal/mol  (    -5706.15977159 eV)
 Electronic energy   =    -986158.65310377 kcal/mol  (   -42763.04813771 eV)
 Core-core repulsion =     854568.90261113 kcal/mol  (    37056.88836612 eV)
 
    Atomic Charges for Step       1 :
  Atom    Element       Mulliken Charge
     1      C                  0.398
     2      N                 -0.368
     3      N                 -0.363
     4      N                 -0.312
     5      C                 -0.070
     6      C                  0.298
     7      O                 -0.355
     8      N                 -0.259
     9      C                 -0.068
    10      C                 -0.169
    11      C                 -0.127
    12      N                 -0.064
    13      C                 -0.089
    14      C                 -0.088
    15      C                  0.382
    16      O                 -0.366
    17      N                 -0.291
    18      C                 -0.022
    19      C                 -0.161
    20      C                 -0.172
    21      N                 -0.063
    22      C                 -0.085
    23      C                 -0.081
    24      C                  0.407
    25      O                 -0.452
    26      N                 -0.384
    27      C                 -0.006
    28      C                 -0.197
    29      C                  0.280
    30      N                 -0.300
    31      N                 -0.326
    32      H                  0.274
    33      H                  0.281
    34      H                  0.284
    35      H                  0.281
    36      H                  0.304
    37      H                  0.123
    38      H                  0.124
    39      H                  0.243
    40      H                  0.153
    41      H                  0.106
    42      H                  0.118
    43      H                  0.124
    44      H                  0.209
    45      H                  0.240
    46      H                  0.150
    47      H                  0.114
    48      H                  0.106
    49      H                  0.113
    50      H                  0.220
    51      H                  0.250
    52      H                  0.106
    53      H                  0.119
    54      H                  0.133
    55      H                  0.163
    56      H                  0.266
    57      H                  0.321
    58      H                  0.269
    59      H                  0.280
 Total Mulliken Charge =       2.000
 
                  X        Y        Z     TOTAL  
  QM DIPOLE   297.039  270.532  267.624  482.745
 
 Final Structure

  QMMM: QM Region Cartesian Coordinates (*=link atom) 
  QMMM: QM_NO.   MM_NO.  ATOM         X         Y         Z
  QMMM:     1        1      C       28.4899   23.2393   20.3482
  QMMM:     2        2      N       27.4211   22.8818   21.1398
  QMMM:     3        3      N       28.5448   22.8101   19.0409
  QMMM:     4        4      N       29.5060   24.0261   20.8413
  QMMM:     5        5      C       29.5639   24.5067   22.2009
  QMMM:     6        6      C       30.8668   25.3139   22.4404
  QMMM:     7        7      O       31.6920   25.4553   21.5159
  QMMM:     8        8      N       31.0168   25.8379   23.6967
  QMMM:     9        9      C       32.1438   26.5535   24.1094
  QMMM:    10       10      C       32.3609   27.0740   25.4326
  QMMM:    11       11      C       33.6178   27.7113   25.4147
  QMMM:    12       12      N       34.1617   27.5955   24.1281
  QMMM:    13       13      C       35.4412   28.0925   23.7132
  QMMM:    14       14      C       33.2793   26.8987   23.3280
  QMMM:    15       15      C       34.3445   28.3791   26.5163
  QMMM:    16       16      O       35.5587   28.6549   26.4270
  QMMM:    17       17      N       33.6109   28.6785   27.6549
  QMMM:    18       18      C       34.1514   29.2944   28.7785
  QMMM:    19       19      C       33.4187   29.7544   29.9212
  QMMM:    20       20      C       34.3616   30.3032   30.8237
  QMMM:    21       21      N       35.6396   30.1869   30.2554
  QMMM:    22       22      C       36.8659   30.6148   30.8588
  QMMM:    23       23      C       35.5276   29.5812   29.0229
  QMMM:    24       24      C       34.1301   30.8983   32.1393
  QMMM:    25       25      O       35.0604   31.3149   32.8757
  QMMM:    26       26      N       32.8200   31.0119   32.5799
  QMMM:    27       27      C       32.5099   31.4614   33.9009
  QMMM:    28       28      C       32.6715   32.9829   34.1106
  QMMM:    29       29      C       33.5217   33.2876   35.3410
  QMMM:    30       30      N       34.8175   32.9281   35.3302
  QMMM:    31       31      N       32.9483   33.9221   36.3903
  QMMM:    32       32      H       27.3625   23.1840   22.0847
  QMMM:    33       33      H       26.6853   22.3166   20.7790
  QMMM:    34       34      H       29.3101   23.0562   18.4526
  QMMM:    35       35      H       27.8175   22.2504   18.6551
  QMMM:    36       36      H       30.2873   24.2733   20.2530
  QMMM:    37       37      H       29.5480   23.6351   22.9181
  QMMM:    38       38      H       28.6797   25.1785   22.4040
  QMMM:    39       39      H       30.3235   25.6748   24.3906
  QMMM:    40       40      H       31.6909   26.9784   26.2812
  QMMM:    41       41      H       35.5692   27.9260   22.6117
  QMMM:    42       42      H       35.5124   29.1897   23.9468
  QMMM:    43       43      H       36.2535   27.5599   24.2804
  QMMM:    44       44      H       33.4827   26.6825   22.2745
  QMMM:    45       45      H       32.6363   28.4886   27.6738
  QMMM:    46       46      H       32.3447   29.6865   30.0645
  QMMM:    47       47      H       37.7227   30.3836   30.1723
  QMMM:    48       48      H       36.8238   31.7202   31.0563
  QMMM:    49       49      H       37.0088   30.0854   31.8400
  QMMM:    50       50      H       36.3910   29.3864   28.3762
  QMMM:    51       51      H       32.0739   30.7363   31.9869
  QMMM:    52       52      H       33.1651   30.9066   34.6343
  QMMM:    53       53      H       31.4372   31.1914   34.1230
  QMMM:    54       54      H       31.6567   33.4522   34.2055
  QMMM:    55       55      H       33.1753   33.4644   33.2249
  QMMM:    56       56      H       35.4355   33.0994   36.0941
  QMMM:    57       57      H       35.1815   32.4323   34.5293
  QMMM:    58       58      H       33.4509   34.1688   37.2156
  QMMM:    59       59      H       31.9867   34.1817   36.3401
 
           --------- Calculation Completed ----------
 
