            --------------------------------------------------------
                             AMBER SQM VERSION 19
 
                                     By
              Ross C. Walker, Michael F. Crowley, Scott Brozell,
                         Tim Giese, Andreas W. Goetz,
                        Tai-Sung Lee and David A. Case
 
            --------------------------------------------------------
 

--------------------------------------------------------------------------------
  QM CALCULATION INFO
--------------------------------------------------------------------------------

| QMMM: Citation for AMBER QMMM Run:
| QMMM: R.C. Walker, M.F. Crowley and D.A. Case, J. COMP. CHEM. 29:1019, 2008

QMMM: SINGLET STATE CALCULATION
QMMM: RHF CALCULATION, NO. OF DOUBLY OCCUPIED LEVELS = 80

| QMMM: *** Selected Hamiltonian *** 
| QMMM: AM1         

| QMMM: *** Parameter sets in use ***
| QMMM: C : M.J.S.DEWAR et al. JACS, 107, 3902, (1985)
| QMMM: N : M.J.S.DEWAR et al. JACS, 107, 3902, (1985)
| QMMM: I : M.J.S.DEWAR et al. THEOCHEM, 180, 1, (1988)
| QMMM: H : M.J.S.DEWAR et al. JACS, 107, 3902, (1985)

| QMMM: *** SCF convergence criteria ***
| QMMM: Energy change                :  0.1D-09 kcal/mol
| QMMM: Error matrix |FP-PF|         :  0.1D+00 au
| QMMM: Density matrix change        :  0.5D-06
| QMMM: Maximum number of SCF cycles :     1000
 
| QMMM: *** Diagonalization Routine Information ***
| QMMM: Pseudo diagonalizations are allowed.
| QMMM: Auto diagonalization routine selection is in use.
| QMMM:
| QMMM: Timing diagonalization routines:
| QMMM:                              norbs =      152
| QMMM:    diag iterations used for timing =        5
| QMMM:
| QMMM:              Internal diag routine = 0.356577 seconds
| QMMM:                 Dspev diag routine = 7.649462 seconds
| QMMM:                Dspevd diag routine = 0.644426 seconds
| QMMM:                Dspevx diag routine = 3.335858 seconds
| QMMM:                 Dsyev diag routine = 1.525902 seconds
| QMMM:                Dsyevd diag routine = 2.541720 seconds
| QMMM:                Dsyevr diag routine = 1.315941 seconds
| QMMM:
| QMMM:                Pseudo diag routine = 0.006729 seconds
| QMMM:
| QMMM: Using internal diagonalization routine (diag_routine=1).

  QMMM: QM Region Cartesian Coordinates (*=link atom) 
  QMMM: QM_NO.   MM_NO.  ATOM         X         Y         Z
  QMMM:     1        1      C       10.3930   18.6180   15.7940
  QMMM:     2        2      C        9.1930   19.9490   13.3910
  QMMM:     3        3      C       11.1340   19.3700   14.8210
  QMMM:     4        4      C       10.5420   20.0170   13.6600
  QMMM:     5        5      C        8.9580   18.6250   15.3860
  QMMM:     6        6      C        8.3900   19.2650   14.2430
  QMMM:     7        7      C        8.6410   20.6170   12.2420
  QMMM:     8        8      C        8.5090   21.6960   10.3010
  QMMM:     9        9      C        7.1990   21.5340   10.8550
  QMMM:    10       10      C        5.9990   22.0460   10.1680
  QMMM:    11       11      C        6.2600   22.7250    8.8910
  QMMM:    12       12      C        7.6020   22.8590    8.3760
  QMMM:    13       13      C        8.7010   22.3620    9.0600
  QMMM:    14       14      N        9.3690   21.0980   11.2220
  QMMM:    15       15      N        7.3330   20.8750   12.0240
  QMMM:    16       16      C        7.8340   23.4830    7.0840
  QMMM:    17       17      C        8.6670   24.0750    5.0680
  QMMM:    18       18      C        7.4940   24.8580    5.3100
  QMMM:    19       19      C        6.9910   25.8660    4.3400
  QMMM:    20       20      C        7.7610   26.0100    3.1190
  QMMM:    21       21      C        8.9770   25.1840    2.8860
  QMMM:    22       22      C        9.4260   24.2290    3.8410
  QMMM:    23       23      N        8.7780   23.2720    6.2120
  QMMM:    24       24      N        7.0170   24.4880    6.5200
  QMMM:    25       25      N        9.7160   25.3800    1.6340
  QMMM:    26       26      N       11.5500   26.1410   -0.5840
  QMMM:    27       27      C        9.2600   26.5530    0.5970
  QMMM:    28       28      C       10.0960   26.2570   -0.7400
  QMMM:    29       29      C       11.8990   24.9710    0.4080
  QMMM:    30       30      C       11.2600   25.2260    1.7450
  QMMM:    31       31      C       11.6880   25.3560   -1.7300
  QMMM:    32       32      I        7.5430   17.6140   16.5670
  QMMM:    33       33      H       10.9030   18.1720   16.6350
  QMMM:    34       34      H       12.2030   19.4840   14.9260
  QMMM:    35       35      H       11.1980   20.5640   12.9990
  QMMM:    36       36      H        7.3280   19.2070   14.0550
  QMMM:    37       37      H        5.0230   21.9080   10.6100
  QMMM:    38       38      H        5.4400   23.1350    8.3200
  QMMM:    39       39      H        9.6970   22.4770    8.6570
  QMMM:    40       40      H       10.3730   20.9890   11.2230
  QMMM:    41       41      H        6.1030   26.4370    4.5660
  QMMM:    42       42      H        7.4540   26.7220    2.3680
  QMMM:    43       43      H       10.3070   23.6270    3.6720
  QMMM:    44       44      H        9.4930   22.5840    6.3990
  QMMM:    45       45      H       12.0910   26.9920   -0.5230
  QMMM:    46       46      H        9.5520   27.5230    0.9980
  QMMM:    47       47      H        8.1950   26.4550    0.3860
  QMMM:    48       48      H        9.7120   25.3520   -1.2110
  QMMM:    49       49      H        9.8740   27.0260   -1.4800
  QMMM:    50       50      H       12.9800   24.9080    0.5290
  QMMM:    51       51      H       11.5300   24.0290    0.0030
  QMMM:    52       52      H       11.4950   24.4040    2.4220
  QMMM:    53       53      H       11.6840   26.1300    2.1830
  QMMM:    54       54      H       12.7380   25.1020   -1.8730
  QMMM:    55       55      H       11.1060   24.4420   -1.6170
  QMMM:    56       56      H       11.3280   25.9110   -2.5960

--------------------------------------------------------------------------------
  RESULTS
--------------------------------------------------------------------------------

      iter         sqm energy              rms gradient
      ----    -------------------    -----------------------
xmin    10      349.6753 kcal/mol        1.4648 kcal/(mol*A)
xmin    20      348.6724 kcal/mol        0.3071 kcal/(mol*A)
xmin    30      348.4858 kcal/mol        0.2136 kcal/(mol*A)
xmin    40      348.3626 kcal/mol        0.1390 kcal/(mol*A)
xmin    50      348.2159 kcal/mol        0.3458 kcal/(mol*A)
xmin    60      348.1335 kcal/mol        0.3414 kcal/(mol*A)
xmin    70      348.0469 kcal/mol        0.2212 kcal/(mol*A)
xmin    80      347.9364 kcal/mol        0.0677 kcal/(mol*A)
xmin    90      347.9340 kcal/mol        0.0941 kcal/(mol*A)
xmin   100      347.9311 kcal/mol        0.0133 kcal/(mol*A)
xmin   110      347.9308 kcal/mol        0.0036 kcal/(mol*A)
xmin   120      347.9307 kcal/mol        0.0016 kcal/(mol*A)
  ... geometry converged !
 
 Final MO eigenvalues (eV):
 -45.8599  -43.8412  -43.2165  -41.8402  -41.2598  -39.5444  -38.3883  -36.2972
 -35.9186  -35.4287  -35.1342  -34.2737  -33.8520  -33.0392  -32.3825  -31.7608
 -30.6648  -29.9428  -29.4779  -29.1965  -26.8826  -26.5951  -25.8668  -25.1224
 -24.8871  -24.4504  -24.2952  -23.1617  -22.7081  -22.6524  -22.2165  -21.5463
 -21.0788  -20.5188  -20.2374  -20.1697  -19.7679  -19.2991  -18.9715  -18.6639
 -18.3932  -18.3082  -18.0552  -17.9673  -17.8899  -17.6780  -17.5895  -17.2732
 -17.1992  -17.0400  -16.9983  -16.8500  -16.7189  -16.6014  -16.5608  -16.2533
 -15.8815  -15.7476  -15.5604  -15.4217  -15.0904  -14.9120  -14.8765  -14.1895
 -14.1795  -13.8658  -13.6134  -13.3828  -13.3654  -13.1442  -13.0124  -12.7834
 -12.6266  -11.9506  -11.7185  -11.4341  -11.2026  -10.9693  -10.7502  -10.2420
  -3.8344   -2.6649   -2.0522   -1.9221   -1.8161   -1.7478   -1.6454   -1.3858
  -1.2204   -1.1975   -1.1619   -0.8135   -0.7938   -0.7548   -0.6760   -0.5584
  -0.5106   -0.5000   -0.4099   -0.3572   -0.3156   -0.2521   -0.0786    0.1013
   0.1502    0.3153    0.4751    0.5109    0.6965    0.7679    1.0161    1.1510
   1.2404    1.2821    1.4595    1.5489    1.5874    1.8077    1.9090    2.0566
   2.1155    2.1761    2.2309    2.3365    2.3770    2.4207    2.4694    2.5956
   2.6137    2.7275    2.7844    2.8706    2.9132    2.9732    3.0594    3.1447
   3.2188    3.2985    3.3632    3.5001    3.6415    3.6640    3.7310    3.7924
   3.8082    3.8824    4.1177    4.2230    4.2584    4.5317    4.6000    5.0292


 Heat of formation   =        347.93070532 kcal/mol  (       15.08740754 eV)

 Total SCF energy    =    -117844.50905720 kcal/mol  (    -5110.12137623 eV)
 Electronic energy   =    -918967.11580963 kcal/mol  (   -39849.40444081 eV)
 Core-core repulsion =     801122.60675243 kcal/mol  (    34739.28306459 eV)
 
    Atomic Charges for Step       1 :
  Atom    Element       Mulliken Charge
     1      C                 -0.074
     2      C                 -0.049
     3      C                 -0.135
     4      C                 -0.099
     5      C                 -0.271
     6      C                 -0.048
     7      C                  0.082
     8      C                 -0.035
     9      C                 -0.043
    10      C                 -0.071
    11      C                 -0.106
    12      C                 -0.040
    13      C                 -0.115
    14      N                 -0.237
    15      N                 -0.126
    16      C                  0.097
    17      C                 -0.035
    18      C                 -0.047
    19      C                 -0.054
    20      C                 -0.178
    21      C                 -0.035
    22      C                 -0.089
    23      N                 -0.233
    24      N                 -0.126
    25      N                 -0.218
    26      N                 -0.004
    27      C                 -0.091
    28      C                 -0.131
    29      C                 -0.131
    30      C                 -0.091
    31      C                 -0.192
    32      I                  0.168
    33      H                  0.153
    34      H                  0.145
    35      H                  0.133
    36      H                  0.169
    37      H                  0.163
    38      H                  0.158
    39      H                  0.133
    40      H                  0.260
    41      H                  0.164
    42      H                  0.124
    43      H                  0.149
    44      H                  0.264
    45      H                  0.241
    46      H                  0.086
    47      H                  0.155
    48      H                  0.153
    49      H                  0.141
    50      H                  0.141
    51      H                  0.153
    52      H                  0.154
    53      H                  0.085
    54      H                  0.143
    55      H                  0.146
    56      H                  0.143
 Total Mulliken Charge =       1.000
 
                  X        Y        Z     TOTAL  
  QM DIPOLE    55.438  119.764    0.281  131.973
 
 Final Structure

  QMMM: QM Region Cartesian Coordinates (*=link atom) 
  QMMM: QM_NO.   MM_NO.  ATOM         X         Y         Z
  QMMM:     1        1      C        9.8233   18.2861   15.5848
  QMMM:     2        2      C        8.9775   19.8608   13.4400
  QMMM:     3        3      C       10.7083   19.1819   14.9835
  QMMM:     4        4      C       10.2912   19.9708   13.9139
  QMMM:     5        5      C        8.5123   18.1806   15.1185
  QMMM:     6        6      C        8.0847   18.9679   14.0491
  QMMM:     7        7      C        8.5156   20.6824   12.3182
  QMMM:     8        8      C        8.6173   21.7999   10.3613
  QMMM:     9        9      C        7.2899   21.8942   10.9538
  QMMM:    10       10      C        6.2952   22.6290   10.2944
  QMMM:    11       11      C        6.6098   23.2369    9.0891
  QMMM:    12       12      C        7.8966   23.1278    8.5182
  QMMM:    13       13      C        8.9200   22.4147    9.1445
  QMMM:    14       14      N        9.3744   21.0292   11.2455
  QMMM:    15       15      N        7.2669   21.1846   12.1662
  QMMM:    16       16      C        8.1513   23.7941    7.2376
  QMMM:    17       17      C        8.9901   24.0857    5.1626
  QMMM:    18       18      C        8.1478   25.2063    5.5541
  QMMM:    19       19      C        7.9651   26.2695    4.6592
  QMMM:    20       20      C        8.5914   26.2127    3.4268
  QMMM:    21       21      C        9.4099   25.1150    3.0481
  QMMM:    22       22      C        9.6206   24.0359    3.9165
  QMMM:    23       23      N        8.9831   23.2097    6.2483
  QMMM:    24       24      N        7.6458   24.9895    6.8470
  QMMM:    25       25      N       10.0514   25.0687    1.7593
  QMMM:    26       26      N       10.8380   25.9005   -0.9277
  QMMM:    27       27      C        9.1017   24.9991    0.6573
  QMMM:    28       28      C        9.8186   24.8232   -0.6939
  QMMM:    29       29      C       11.7800   25.9806    0.2386
  QMMM:    30       30      C       11.0260   26.1346    1.5723
  QMMM:    31       31      C       11.5719   25.6786   -2.1960
  QMMM:    32       32      I        7.2296   16.8891   15.9930
  QMMM:    33       33      H       10.1684   17.6692   16.4304
  QMMM:    34       34      H       11.7386   19.2691   15.3605
  QMMM:    35       35      H       10.9936   20.6881   13.4638
  QMMM:    36       36      H        7.0471   18.8979   13.6806
  QMMM:    37       37      H        5.2895   22.7202   10.7318
  QMMM:    38       38      H        5.8390   23.8247    8.5645
  QMMM:    39       39      H        9.9297   22.3527    8.7178
  QMMM:    40       40      H       10.3190   20.7716   11.1465
  QMMM:    41       41      H        7.3345   27.1274    4.9390
  QMMM:    42       42      H        8.4458   27.0474    2.7236
  QMMM:    43       43      H       10.2531   23.1821    3.6347
  QMMM:    44       44      H        9.4159   22.3263    6.2985
  QMMM:    45       45      H       10.3372   26.7971   -0.9874
  QMMM:    46       46      H        8.4262   25.9025    0.6036
  QMMM:    47       47      H        8.4519   24.0902    0.8139
  QMMM:    48       48      H       10.3519   23.8308   -0.7244
  QMMM:    49       49      H        9.0624   24.8640   -1.5269
  QMMM:    50       50      H       12.4570   26.8672    0.0870
  QMMM:    51       51      H       12.3981   25.0383    0.2485
  QMMM:    52       52      H       11.7885   26.0591    2.4004
  QMMM:    53       53      H       10.5642   27.1641    1.6199
  QMMM:    54       54      H       12.3047   26.5152   -2.3527
  QMMM:    55       55      H       12.1246   24.7024   -2.1471
  QMMM:    56       56      H       10.8410   25.6516   -3.0485
 
           --------- Calculation Completed ----------
 
