            --------------------------------------------------------
                             AMBER SQM VERSION 19
 
                                     By
              Ross C. Walker, Michael F. Crowley, Scott Brozell,
                         Tim Giese, Andreas W. Goetz,
                        Tai-Sung Lee and David A. Case
 
            --------------------------------------------------------
 

--------------------------------------------------------------------------------
  QM CALCULATION INFO
--------------------------------------------------------------------------------

| QMMM: Citation for AMBER QMMM Run:
| QMMM: R.C. Walker, M.F. Crowley and D.A. Case, J. COMP. CHEM. 29:1019, 2008

QMMM: SINGLET STATE CALCULATION
QMMM: RHF CALCULATION, NO. OF DOUBLY OCCUPIED LEVELS = 92

| QMMM: *** Selected Hamiltonian *** 
| QMMM: AM1         

| QMMM: *** Parameter sets in use ***
| QMMM: C : M.J.S.DEWAR et al. JACS, 107, 3902, (1985)
| QMMM: N : M.J.S.DEWAR et al. JACS, 107, 3902, (1985)
| QMMM: O : M.J.S.DEWAR et al. JACS, 107, 3902, (1985)
| QMMM: H : M.J.S.DEWAR et al. JACS, 107, 3902, (1985)

| QMMM: *** SCF convergence criteria ***
| QMMM: Energy change                :  0.1D-09 kcal/mol
| QMMM: Error matrix |FP-PF|         :  0.1D+00 au
| QMMM: Density matrix change        :  0.5D-06
| QMMM: Maximum number of SCF cycles :     1000
 
| QMMM: *** Diagonalization Routine Information ***
| QMMM: Pseudo diagonalizations are allowed.
| QMMM: Auto diagonalization routine selection is in use.
| QMMM:
| QMMM: Timing diagonalization routines:
| QMMM:                              norbs =      177
| QMMM:    diag iterations used for timing =        5
| QMMM:
| QMMM:              Internal diag routine = 0.213868 seconds
| QMMM:                 Dspev diag routine = 2.029496 seconds
| QMMM:                Dspevd diag routine = 1.184039 seconds
| QMMM:                Dspevx diag routine = 1.220014 seconds
| QMMM:                 Dsyev diag routine = 0.732902 seconds
| QMMM:                Dsyevd diag routine = 1.023002 seconds
| QMMM:                Dsyevr diag routine = 0.558712 seconds
| QMMM:
| QMMM:                Pseudo diag routine = 0.027918 seconds
| QMMM:
| QMMM: Using internal diagonalization routine (diag_routine=1).

  QMMM: QM Region Cartesian Coordinates (*=link atom) 
  QMMM: QM_NO.   MM_NO.  ATOM         X         Y         Z
  QMMM:     1        1      C        7.4600   17.7100   17.5880
  QMMM:     2        2      C        8.8640   17.7940   17.3060
  QMMM:     3        3      C        9.3660   18.4890   16.1970
  QMMM:     4        4      C        8.4350   19.1100   15.3460
  QMMM:     5        5      C        7.0570   19.0150   15.6550
  QMMM:     6        6      C        6.5190   18.3380   16.7440
  QMMM:     7        7      N       10.7270   18.5770   15.8840
  QMMM:     8        8      C       11.1370   19.2760   14.7480
  QMMM:     9        9      C       10.2110   19.9000   13.9050
  QMMM:    10       10      C        8.8500   19.8190   14.1760
  QMMM:    11       11      N        7.9200   20.3830   13.3250
  QMMM:    12       12      C        7.9720   20.9990   12.1060
  QMMM:    13       13      C        9.0620   21.1040   11.2580
  QMMM:    14       14      C        8.9290   21.7870   10.0550
  QMMM:    15       15      C        7.6870   22.3820    9.7090
  QMMM:    16       16      C        6.5640   22.2690   10.5800
  QMMM:    17       17      C        6.7600   21.5740   11.7530
  QMMM:    18       18      C        7.6060   23.0700    8.4780
  QMMM:    19       19      O        6.5270   23.4360    7.9560
  QMMM:    20       20      N        8.7400   23.3300    7.8730
  QMMM:    21       21      C        8.8340   23.9720    6.7300
  QMMM:    22       22      C        9.9560   23.6160    6.0000
  QMMM:    23       23      C       10.1750   24.2520    4.7830
  QMMM:    24       24      C        9.2980   25.2630    4.2600
  QMMM:    25       25      C        8.1570   25.6010    5.0120
  QMMM:    26       26      C        7.9350   24.9520    6.2380
  QMMM:    27       27      N        9.4530   25.9430    3.0870
  QMMM:    28       28      C       10.5120   25.9020    2.2560
  QMMM:    29       29      C       10.4610   26.7190    1.1420
  QMMM:    30       30      C       11.5320   26.7230    0.2250
  QMMM:    31       31      N       12.6410   25.9170    0.4120
  QMMM:    32       32      C       12.6930   25.1000    1.5150
  QMMM:    33       33      C       11.6490   25.1000    2.4100
  QMMM:    34       34      C       13.7900   25.8810   -0.5130
  QMMM:    35       35      C       11.8330   17.9470   16.6400
  QMMM:    36       36      N        5.0730   18.3730   16.8740
  QMMM:    37       37      N        5.1960   22.7940   10.3830
  QMMM:    38       38      H        7.1150   17.1630   18.4530
  QMMM:    39       39      H        9.5760   17.3110   17.9590
  QMMM:    40       40      H        6.3270   19.4930   15.0190
  QMMM:    41       41      H       12.1870   19.3430   14.5050
  QMMM:    42       42      H       10.5530   20.4480   13.0390
  QMMM:    43       43      H        6.9420   20.3890   13.5780
  QMMM:    44       44      H       10.0060   20.6570   11.5340
  QMMM:    45       45      H        9.7710   21.8660    9.3830
  QMMM:    46       46      H        5.9090   21.4880   12.4130
  QMMM:    47       47      H        9.6120   23.0320    8.2850
  QMMM:    48       48      H       10.6310   22.8640    6.3800
  QMMM:    49       49      H       11.0360   23.9920    4.1850
  QMMM:    50       50      H        7.4700   26.3480    4.6440
  QMMM:    51       51      H        7.0570   25.2140    6.8090
  QMMM:    52       52      H        8.7220   26.5590    2.7600
  QMMM:    53       53      H        9.6020   27.3520    0.9760
  QMMM:    54       54      H       11.4970   27.3640   -0.6440
  QMMM:    55       55      H       13.5500   24.4630    1.6750
  QMMM:    56       56      H       11.7350   24.4420    3.2620
  QMMM:    57       57      H       14.5300   25.1700   -0.1460
  QMMM:    58       58      H       13.4510   25.5740   -1.5020
  QMMM:    59       59      H       14.2390   26.8720   -0.5750
  QMMM:    60       60      H       12.7830   18.1880   16.1630
  QMMM:    61       61      H       11.8350   18.3230   17.6630
  QMMM:    62       62      H       11.6960   16.8660   16.6510
  QMMM:    63       63      H        4.5160   18.8650   16.1900
  QMMM:    64       64      H        4.6240   17.9050   17.6480
  QMMM:    65       65      H        4.4900   22.6400   11.0880
  QMMM:    66       66      H        4.9680   23.3070    9.5430

--------------------------------------------------------------------------------
  RESULTS
--------------------------------------------------------------------------------

      iter         sqm energy              rms gradient
      ----    -------------------    -----------------------
xmin    10      430.1475 kcal/mol        2.3218 kcal/(mol*A)
xmin    20      425.9393 kcal/mol        0.9075 kcal/(mol*A)
xmin    30      424.8280 kcal/mol        0.2443 kcal/(mol*A)
xmin    40      424.2398 kcal/mol        0.1783 kcal/(mol*A)
xmin    50      424.0590 kcal/mol        0.3562 kcal/(mol*A)
xmin    60      423.8134 kcal/mol        0.2112 kcal/(mol*A)
xmin    70      423.7427 kcal/mol        0.0657 kcal/(mol*A)
xmin    80      423.6648 kcal/mol        0.2594 kcal/(mol*A)
xmin    90      423.5794 kcal/mol        0.1375 kcal/(mol*A)
xmin   100      423.4999 kcal/mol        0.1086 kcal/(mol*A)
xmin   110      423.4490 kcal/mol        0.0359 kcal/(mol*A)
xmin   120      423.4397 kcal/mol        0.0295 kcal/(mol*A)
xmin   130      423.4386 kcal/mol        0.0252 kcal/(mol*A)
xmin   140      423.4380 kcal/mol        0.0072 kcal/(mol*A)
xmin   150      423.4369 kcal/mol        0.0200 kcal/(mol*A)
xmin   160      423.4360 kcal/mol        0.0170 kcal/(mol*A)
xmin   170      423.4357 kcal/mol        0.0147 kcal/(mol*A)
xmin   180      423.4352 kcal/mol        0.0117 kcal/(mol*A)
xmin   190      423.4349 kcal/mol        0.0066 kcal/(mol*A)
xmin   200      423.4347 kcal/mol        0.0067 kcal/(mol*A)
xmin   210      423.4345 kcal/mol        0.0050 kcal/(mol*A)
xmin   220      423.4344 kcal/mol        0.0088 kcal/(mol*A)
xmin   230      423.4343 kcal/mol        0.0038 kcal/(mol*A)
xmin   240      423.4343 kcal/mol        0.0016 kcal/(mol*A)
xmin   250      423.4343 kcal/mol        0.0017 kcal/(mol*A)
xmin   260      423.4343 kcal/mol        0.0010 kcal/(mol*A)
  ... geometry converged !
 
 Final MO eigenvalues (eV):
 -46.5070  -46.4568  -45.0742  -44.5013  -43.6994  -43.3247  -42.5968  -41.7397
 -39.9003  -39.5003  -39.2611  -38.4230  -37.9538  -37.3508  -36.1415  -35.8286
 -35.3648  -34.1199  -34.0308  -33.4561  -32.4827  -32.1733  -30.0939  -29.8679
 -29.3552  -29.1064  -28.3900  -27.8313  -27.6212  -27.2489  -26.4276  -25.3348
 -24.6404  -24.0727  -23.9919  -23.6330  -23.3924  -23.1396  -22.8782  -22.4800
 -22.3085  -22.0973  -21.7435  -21.5150  -21.4986  -21.4003  -21.2042  -20.9403
 -20.9089  -20.5101  -20.2346  -19.9569  -19.8521  -19.8107  -19.6939  -19.3835
 -19.2374  -19.1547  -19.0292  -18.9028  -18.8114  -18.7859  -18.6914  -18.6260
 -18.3781  -18.3159  -18.3000  -18.0315  -17.9910  -17.9644  -17.8070  -17.6218
 -17.5346  -17.4653  -17.2952  -17.1919  -16.6109  -16.5750  -16.2295  -16.0130
 -15.9334  -15.6910  -15.6323  -14.9406  -14.8546  -14.2880  -14.1890  -14.0581
 -13.7574  -12.8789  -12.6830  -12.5331   -5.7165   -5.5944   -5.0034   -4.7612
  -4.3868   -4.0380   -3.8822   -3.7336   -3.7121   -3.6937   -3.4143   -3.0560
  -3.0416   -2.9635   -2.9039   -2.5745   -2.2891   -1.8094   -1.7987   -1.7546
  -1.7145   -1.6019   -1.5677   -1.5290   -1.4216   -1.4025   -1.3239   -1.2944
  -1.2166   -1.0305   -0.9138   -0.8073   -0.7491   -0.7148   -0.6781   -0.6582
  -0.5419   -0.5270   -0.5006   -0.4770   -0.3982   -0.3966   -0.3865   -0.3257
  -0.3076   -0.2656   -0.2179   -0.2106   -0.2020   -0.0739   -0.0150   -0.0089
   0.1053    0.1245    0.1922    0.2433    0.2711    0.3844    0.4302    0.4615
   0.5540    0.6055    0.6171    0.6645    0.7449    0.7632    0.8388    0.9326
   0.9466    0.9915    1.1042    1.1100    1.1504    1.2381    1.3057    1.3500
   1.3909    1.5669    1.8575    2.0558    2.0787    2.2264    2.2312    2.4332
   2.9008

 Heat of formation   =        423.43425127 kcal/mol  (       18.36148698 eV)

 Total SCF energy    =    -135276.97333466 kcal/mol  (    -5866.04975216 eV)
 Electronic energy   =   -1138413.59804027 kcal/mol  (   -49365.31798449 eV)
 Core-core repulsion =    1003136.62470561 kcal/mol  (    43499.26823232 eV)
 
    Atomic Charges for Step       1 :
  Atom    Element       Mulliken Charge
     1      C                 -0.124
     2      C                 -0.103
     3      C                  0.008
     4      C                 -0.049
     5      C                 -0.224
     6      C                  0.152
     7      N                 -0.090
     8      C                  0.071
     9      C                 -0.290
    10      C                  0.233
    11      N                 -0.233
    12      C                  0.094
    13      C                 -0.212
    14      C                 -0.032
    15      C                 -0.219
    16      C                  0.188
    17      C                 -0.235
    18      C                  0.371
    19      O                 -0.347
    20      N                 -0.322
    21      C                  0.109
    22      C                 -0.175
    23      C                 -0.094
    24      C                 -0.050
    25      C                 -0.088
    26      C                 -0.141
    27      N                 -0.204
    28      C                  0.218
    29      C                 -0.246
    30      C                  0.043
    31      N                 -0.112
    32      C                  0.038
    33      C                 -0.235
    34      C                 -0.115
    35      C                 -0.115
    36      N                 -0.365
    37      N                 -0.346
    38      H                  0.169
    39      H                  0.162
    40      H                  0.142
    41      H                  0.191
    42      H                  0.187
    43      H                  0.263
    44      H                  0.153
    45      H                  0.149
    46      H                  0.153
    47      H                  0.241
    48      H                  0.148
    49      H                  0.147
    50      H                  0.156
    51      H                  0.190
    52      H                  0.267
    53      H                  0.188
    54      H                  0.203
    55      H                  0.199
    56      H                  0.193
    57      H                  0.130
    58      H                  0.132
    59      H                  0.129
    60      H                  0.124
    61      H                  0.127
    62      H                  0.126
    63      H                  0.243
    64      H                  0.249
    65      H                  0.228
    66      H                  0.249
 Total Mulliken Charge =       2.000
 
                  X        Y        Z     TOTAL  
  QM DIPOLE    95.973  215.548   83.779  250.381
 
 Final Structure

  QMMM: QM Region Cartesian Coordinates (*=link atom) 
  QMMM: QM_NO.   MM_NO.  ATOM         X         Y         Z
  QMMM:     1        1      C        7.4770   17.7655   17.8862
  QMMM:     2        2      C        8.7192   17.6392   17.3262
  QMMM:     3        3      C        9.0519   18.2957   16.1042
  QMMM:     4        4      C        8.0649   19.1066   15.4712
  QMMM:     5        5      C        6.7880   19.2124   16.0527
  QMMM:     6        6      C        6.4614   18.5608   17.2569
  QMMM:     7        7      N       10.3255   18.1415   15.5367
  QMMM:     8        8      C       10.6183   18.7673   14.3718
  QMMM:     9        9      C        9.7085   19.5796   13.7059
  QMMM:    10       10      C        8.4105   19.7959   14.2290
  QMMM:    11       11      N        7.5203   20.6229   13.6183
  QMMM:    12       12      C        7.7091   21.2554   12.3612
  QMMM:    13       13      C        8.1059   20.5193   11.2237
  QMMM:    14       14      C        8.1838   21.1598    9.9951
  QMMM:    15       15      C        7.8844   22.5154    9.8524
  QMMM:    16       16      C        7.4940   23.2807   10.9899
  QMMM:    17       17      C        7.4151   22.6188   12.2481
  QMMM:    18       18      C        7.8850   23.1451    8.5024
  QMMM:    19       19      O        6.9715   23.9070    8.1341
  QMMM:    20       20      N        8.9650   22.8374    7.6755
  QMMM:    21       21      C        9.1363   23.2386    6.3455
  QMMM:    22       22      C       10.4143   23.0957    5.7478
  QMMM:    23       23      C       10.6262   23.4424    4.4218
  QMMM:    24       24      C        9.5701   23.9504    3.6412
  QMMM:    25       25      C        8.2987   24.1045    4.2290
  QMMM:    26       26      C        8.0844   23.7549    5.5546
  QMMM:    27       27      N        9.7451   24.2483    2.2631
  QMMM:    28       28      C       10.6055   25.1698    1.7749
  QMMM:    29       29      C       10.6999   25.4057    0.3594
  QMMM:    30       30      C       11.5841   26.3426   -0.1352
  QMMM:    31       31      N       12.4025   27.0804    0.6872
  QMMM:    32       32      C       12.3298   26.8793    2.0460
  QMMM:    33       33      C       11.4711   25.9564    2.6069
  QMMM:    34       34      C       13.2992   28.0784    0.1344
  QMMM:    35       35      C       11.3178   17.3137   16.1961
  QMMM:    36       36      N        5.2268   18.6823   17.8285
  QMMM:    37       37      N        7.2622   24.6308   10.9142
  QMMM:    38       38      H        7.2527   17.2461   18.8344
  QMMM:    39       39      H        9.4681   17.0132   17.8419
  QMMM:    40       40      H        5.9990   19.8051   15.5656
  QMMM:    41       41      H       11.6373   18.6155   13.9564
  QMMM:    42       42      H       10.0314   20.0690   12.7724
  QMMM:    43       43      H        6.6759   20.8663   14.0935
  QMMM:    44       44      H        8.3181   19.4422   11.2937
  QMMM:    45       45      H        8.4592   20.5618    9.1095
  QMMM:    46       46      H        7.1076   23.1972   13.1350
  QMMM:    47       47      H        9.7211   22.3301    8.0814
  QMMM:    48       48      H       11.2614   22.6965    6.3290
  QMMM:    49       49      H       11.6291   23.3037    3.9862
  QMMM:    50       50      H        7.4514   24.4978    3.6423
  QMMM:    51       51      H        7.0733   23.8893    5.9798
  QMMM:    52       52      H        9.1290   23.7782    1.6304
  QMMM:    53       53      H       10.0691   24.8441   -0.3493
  QMMM:    54       54      H       11.6670   26.5360   -1.2256
  QMMM:    55       55      H       12.9993   27.5001    2.6770
  QMMM:    56       56      H       11.4475   25.8341    3.7030
  QMMM:    57       57      H       14.2056   28.1793    0.7895
  QMMM:    58       58      H       13.6245   27.7686   -0.8950
  QMMM:    59       59      H       12.7676   29.0673    0.0763
  QMMM:    60       60      H       12.2710   17.3073   15.6028
  QMMM:    61       61      H       11.5287   17.7241   17.2210
  QMMM:    62       62      H       10.9334   16.2610   16.2813
  QMMM:    63       63      H        4.5114   19.1904   17.3722
  QMMM:    64       64      H        5.0086   18.1795   18.6528
  QMMM:    65       65      H        6.8487   25.0778   11.6981
  QMMM:    66       66      H        7.0807   25.0330   10.0214
 
           --------- Calculation Completed ----------
 
