            --------------------------------------------------------
                             AMBER SQM VERSION 19
 
                                     By
              Ross C. Walker, Michael F. Crowley, Scott Brozell,
                         Tim Giese, Andreas W. Goetz,
                        Tai-Sung Lee and David A. Case
 
            --------------------------------------------------------
 

--------------------------------------------------------------------------------
  QM CALCULATION INFO
--------------------------------------------------------------------------------

| QMMM: Citation for AMBER QMMM Run:
| QMMM: R.C. Walker, M.F. Crowley and D.A. Case, J. COMP. CHEM. 29:1019, 2008

QMMM: SINGLET STATE CALCULATION
QMMM: RHF CALCULATION, NO. OF DOUBLY OCCUPIED LEVELS = 86

| QMMM: *** Selected Hamiltonian *** 
| QMMM: AM1         

| QMMM: *** Parameter sets in use ***
| QMMM: C : M.J.S.DEWAR et al. JACS, 107, 3902, (1985)
| QMMM: O : M.J.S.DEWAR et al. JACS, 107, 3902, (1985)
| QMMM: N : M.J.S.DEWAR et al. JACS, 107, 3902, (1985)
| QMMM: I : M.J.S.DEWAR et al. THEOCHEM, 180, 1, (1988)
| QMMM: H : M.J.S.DEWAR et al. JACS, 107, 3902, (1985)

| QMMM: *** SCF convergence criteria ***
| QMMM: Energy change                :  0.1D-09 kcal/mol
| QMMM: Error matrix |FP-PF|         :  0.1D+00 au
| QMMM: Density matrix change        :  0.5D-06
| QMMM: Maximum number of SCF cycles :     1000
 
| QMMM: *** Diagonalization Routine Information ***
| QMMM: Pseudo diagonalizations are allowed.
| QMMM: Auto diagonalization routine selection is in use.
| QMMM:
| QMMM: Timing diagonalization routines:
| QMMM:                              norbs =      162
| QMMM:    diag iterations used for timing =        5
| QMMM:
| QMMM:              Internal diag routine = 0.739681 seconds
| QMMM:                 Dspev diag routine = 4.128846 seconds
| QMMM:                Dspevd diag routine = 0.411524 seconds
| QMMM:                Dspevx diag routine = 4.523363 seconds
| QMMM:                 Dsyev diag routine = 2.189716 seconds
| QMMM:                Dsyevd diag routine = 1.241347 seconds
| QMMM:                Dsyevr diag routine = 1.034878 seconds
| QMMM:
| QMMM:                Pseudo diag routine = 0.008739 seconds
| QMMM:
| QMMM: Using dspevd routine (diag_routine=3).

  QMMM: QM Region Cartesian Coordinates (*=link atom) 
  QMMM: QM_NO.   MM_NO.  ATOM         X         Y         Z
  QMMM:     1        1      C       10.3910   18.8520   15.8050
  QMMM:     2        2      C        9.1990   20.0510   13.3070
  QMMM:     3        3      C       11.1030   19.6600   14.8540
  QMMM:     4        4      C       10.5190   20.2420   13.6390
  QMMM:     5        5      C        8.9950   18.7320   15.3130
  QMMM:     6        6      C        8.4170   19.2980   14.1280
  QMMM:     7        7      O       10.9970   18.2450   17.0810
  QMMM:     8        8      C        8.6650   20.6590   12.1470
  QMMM:     9        9      C        8.5270   21.6550   10.1830
  QMMM:    10       10      C        7.2240   21.5460   10.7720
  QMMM:    11       11      C        6.0210   22.0550   10.1060
  QMMM:    12       12      C        6.2710   22.6800    8.8070
  QMMM:    13       13      C        7.6030   22.7710    8.2570
  QMMM:    14       14      C        8.7050   22.2670    8.9240
  QMMM:    15       15      N        9.3870   21.0750   11.0970
  QMMM:    16       16      N        7.3760   20.9350   11.9560
  QMMM:    17       17      C        7.8360   23.4190    6.9730
  QMMM:    18       18      C        8.7120   24.0760    5.0060
  QMMM:    19       19      C        7.4620   24.7390    5.1750
  QMMM:    20       20      C        6.9190   25.6820    4.1700
  QMMM:    21       21      C        7.7390   25.8870    2.9910
  QMMM:    22       22      C        9.0390   25.1820    2.8360
  QMMM:    23       23      C        9.5210   24.2890    3.8270
  QMMM:    24       24      N        8.8370   23.3030    6.1530
  QMMM:    25       25      N        6.9540   24.3370    6.3560
  QMMM:    26       26      N        9.8350   25.4080    1.6390
  QMMM:    27       27      N       11.5550   26.1980   -0.7390
  QMMM:    28       28      C        9.3940   26.4790    0.5870
  QMMM:    29       29      C       10.0730   26.3200   -0.7640
  QMMM:    30       30      C       11.9930   25.1430    0.2880
  QMMM:    31       31      C       11.3970   25.5990    1.7090
  QMMM:    32       32      C       11.8530   25.4850   -1.9990
  QMMM:    33       33      I        7.6430   17.6110   16.4250
  QMMM:    34       34      C       12.0250   18.5750   18.1550
  QMMM:    35       35      H       12.1490   19.8790   15.0080
  QMMM:    36       36      H       11.1570   20.8340   12.9990
  QMMM:    37       37      H        7.3780   19.1340   13.8830
  QMMM:    38       38      H        5.0560   21.9510   10.5800
  QMMM:    39       39      H        5.4490   23.0870    8.2360
  QMMM:    40       40      H        9.6930   22.3370    8.4930
  QMMM:    41       41      H       10.3870   20.9350   11.0850
  QMMM:    42       42      H        5.9690   26.1660    4.3420
  QMMM:    43       43      H        7.4070   26.5580    2.2130
  QMMM:    44       44      H       10.4640   23.7740    3.7190
  QMMM:    45       45      H        9.6080   22.6920    6.3810
  QMMM:    46       46      H       12.0360   27.0810   -0.6470
  QMMM:    47       47      H        9.5970   27.4760    0.9790
  QMMM:    48       48      H        8.3130   26.4340    0.4560
  QMMM:    49       49      H        9.6500   25.4580   -1.2800
  QMMM:    50       50      H        9.7920   27.1530   -1.4080
  QMMM:    51       51      H       13.0810   25.1200    0.3420
  QMMM:    52       52      H       11.5750   24.1740    0.0130
  QMMM:    53       53      H       11.8050   24.9630    2.4940
  QMMM:    54       54      H       11.6260   26.6510    1.8780
  QMMM:    55       55      H       12.9290   25.3380   -2.0880
  QMMM:    56       56      H       11.3540   24.5160   -1.9960
  QMMM:    57       57      H       11.4960   26.0740   -2.8440
  QMMM:    58       58      H       12.0740   17.7580   18.8750
  QMMM:    59       59      H       13.0030   18.7110   17.6930
  QMMM:    60       60      H       11.7350   19.4920   18.6670

--------------------------------------------------------------------------------
  RESULTS
--------------------------------------------------------------------------------

      iter         sqm energy              rms gradient
      ----    -------------------    -----------------------
xmin    10      315.3339 kcal/mol        1.5138 kcal/(mol*A)
xmin    20      313.3761 kcal/mol        0.5096 kcal/(mol*A)
xmin    30      313.2440 kcal/mol        0.1497 kcal/(mol*A)
xmin    40      313.0775 kcal/mol        0.2052 kcal/(mol*A)
xmin    50      312.9089 kcal/mol        0.0970 kcal/(mol*A)
xmin    60      312.7673 kcal/mol        0.3892 kcal/(mol*A)
xmin    70      312.5804 kcal/mol        0.2688 kcal/(mol*A)
xmin    80      312.5129 kcal/mol        0.1769 kcal/(mol*A)
xmin    90      312.4806 kcal/mol        0.0615 kcal/(mol*A)
xmin   100      312.4780 kcal/mol        0.0447 kcal/(mol*A)
xmin   110      312.4764 kcal/mol        0.0039 kcal/(mol*A)
xmin   120      312.4763 kcal/mol        0.0017 kcal/(mol*A)
xmin   130      312.4763 kcal/mol        0.0008 kcal/(mol*A)
  ... geometry converged !
 
 Final MO eigenvalues (eV):
 -45.8497  -43.8127  -43.1679  -42.0624  -41.7929  -39.9823  -39.2190  -38.2983
 -36.2861  -35.8913  -35.3805  -34.9941  -34.2328  -33.5250  -32.9303  -32.3086
 -31.6467  -30.6188  -30.0652  -29.5652  -29.1849  -29.0196  -26.6482  -26.4932
 -25.6570  -25.0419  -24.8295  -24.3763  -24.3167  -23.1176  -22.6907  -22.6353
 -22.2061  -21.5359  -21.0570  -20.5058  -20.3689  -20.1578  -20.0831  -19.7068
 -19.3069  -18.7997  -18.4012  -18.3844  -18.3289  -18.0948  -17.9522  -17.9183
 -17.9032  -17.6613  -17.2726  -17.1918  -17.0831  -17.0189  -16.8409  -16.7755
 -16.7184  -16.5681  -16.4005  -16.2399  -16.0150  -15.7939  -15.5372  -15.2708
 -15.0676  -14.8931  -14.8455  -14.5486  -14.1862  -14.1286  -14.0822  -13.6106
 -13.4133  -13.3412  -13.2306  -13.0232  -12.9879  -12.7099  -12.5180  -11.7157
 -11.5190  -11.3840  -11.0840  -10.7482  -10.6708  -10.0325   -3.8250   -2.6323
  -1.9937   -1.8920   -1.8064   -1.7384   -1.6353   -1.3332   -1.2076   -1.1832
  -1.1172   -0.7846   -0.7450   -0.6678   -0.6480   -0.5452   -0.5000   -0.4798
  -0.3956   -0.3470   -0.2860   -0.2432   -0.0652    0.1570    0.1920    0.3278
   0.4980    0.5234    0.7096    0.7809    0.9806    1.0463    1.1633    1.2677
   1.3198    1.4845    1.6020    1.6294    1.8538    1.9344    2.0839    2.1421
   2.1902    2.1928    2.2575    2.3296    2.4540    2.5201    2.5549    2.6619
   2.7109    2.7630    2.8095    2.8155    2.9455    2.9964    3.0234    3.0435
   3.1304    3.2399    3.2620    3.3404    3.4250    3.5442    3.6125    3.7008
   3.7775    3.8504    3.8813    4.1183    4.1488    4.2782    4.5612    4.6555
   4.8775    5.0991

 Heat of formation   =        312.47629353 kcal/mol  (       13.54998888 eV)

 Total SCF energy    =    -128815.94653125 kcal/mol  (    -5585.87860593 eV)
 Electronic energy   =   -1019083.68443082 kcal/mol  (   -44190.78463340 eV)
 Core-core repulsion =     890267.73789957 kcal/mol  (    38604.90602747 eV)
 
    Atomic Charges for Step       1 :
  Atom    Element       Mulliken Charge
     1      C                  0.141
     2      C                 -0.092
     3      C                 -0.215
     4      C                 -0.060
     5      C                 -0.303
     6      C                 -0.018
     7      O                 -0.191
     8      C                  0.092
     9      C                 -0.036
    10      C                 -0.041
    11      C                 -0.072
    12      C                 -0.106
    13      C                 -0.043
    14      C                 -0.115
    15      N                 -0.240
    16      N                 -0.131
    17      C                  0.098
    18      C                 -0.036
    19      C                 -0.047
    20      C                 -0.054
    21      C                 -0.178
    22      C                 -0.035
    23      C                 -0.089
    24      N                 -0.234
    25      N                 -0.126
    26      N                 -0.218
    27      N                 -0.004
    28      C                 -0.091
    29      C                 -0.131
    30      C                 -0.131
    31      C                 -0.091
    32      C                 -0.192
    33      I                  0.186
    34      C                 -0.080
    35      H                  0.148
    36      H                  0.133
    37      H                  0.171
    38      H                  0.163
    39      H                  0.157
    40      H                  0.133
    41      H                  0.259
    42      H                  0.164
    43      H                  0.123
    44      H                  0.149
    45      H                  0.264
    46      H                  0.241
    47      H                  0.086
    48      H                  0.155
    49      H                  0.153
    50      H                  0.141
    51      H                  0.141
    52      H                  0.153
    53      H                  0.154
    54      H                  0.085
    55      H                  0.143
    56      H                  0.146
    57      H                  0.143
    58      H                  0.121
    59      H                  0.076
    60      H                  0.080
 Total Mulliken Charge =       1.000
 
                  X        Y        Z     TOTAL  
  QM DIPOLE    57.384  120.768    1.086  133.713
 
 Final Structure

  QMMM: QM Region Cartesian Coordinates (*=link atom) 
  QMMM: QM_NO.   MM_NO.  ATOM         X         Y         Z
  QMMM:     1        1      C       10.0031   18.6612   15.7062
  QMMM:     2        2      C        9.1002   20.1042   13.4902
  QMMM:     3        3      C       10.8244   19.6395   15.1206
  QMMM:     4        4      C       10.3716   20.3559   14.0197
  QMMM:     5        5      C        8.7178   18.4044   15.1862
  QMMM:     6        6      C        8.2795   19.1350   14.0840
  QMMM:     7        7      O       10.3852   17.9077   16.7904
  QMMM:     8        8      C        8.6059   20.8530   12.3344
  QMMM:     9        9      C        8.6765   21.9337   10.3546
  QMMM:    10       10      C        7.3232   21.9079   10.8936
  QMMM:    11       11      C        6.2887   22.5258   10.1784
  QMMM:    12       12      C        6.5902   23.1359    8.9705
  QMMM:    13       13      C        7.9032   23.1426    8.4519
  QMMM:    14       14      C        8.9660   22.5488    9.1354
  QMMM:    15       15      N        9.4695   21.2620   11.2873
  QMMM:    16       16      N        7.3209   21.2259   12.1219
  QMMM:    17       17      C        8.1422   23.8006    7.1642
  QMMM:    18       18      C        9.0273   24.1218    5.1129
  QMMM:    19       19      C        8.0670   25.1647    5.4431
  QMMM:    20       20      C        7.8168   26.1827    4.5128
  QMMM:    21       21      C        8.4911   26.1565    3.3050
  QMMM:    22       22      C        9.4248   25.1344    2.9860
  QMMM:    23       23      C        9.7058   24.1027    3.8914
  QMMM:    24       24      N        9.0635   23.2761    6.2218
  QMMM:    25       25      N        7.5396   24.9317    6.7230
  QMMM:    26       26      N       10.1148   25.1183    1.7217
  QMMM:    27       27      N       10.9135   25.9544   -0.9603
  QMMM:    28       28      C        9.2172   24.9268    0.5907
  QMMM:    29       29      C        9.9966   24.7880   -0.7298
  QMMM:    30       30      C       11.8001   26.1570    0.2343
  QMMM:    31       31      C       10.9866   26.2700    1.5367
  QMMM:    32       32      C       11.7112   25.7737   -2.1962
  QMMM:    33       33      I        7.4606   17.0231   15.9616
  QMMM:    34       34      C       11.6610   18.1934   17.3581
  QMMM:    35       35      H       11.8229   19.8507   15.5292
  QMMM:    36       36      H       11.0182   21.1332   13.5843
  QMMM:    37       37      H        7.2712   18.9551   13.6703
  QMMM:    38       38      H        5.2621   22.5262   10.5746
  QMMM:    39       39      H        5.7871   23.6326    8.4023
  QMMM:    40       40      H        9.9931   22.5785    8.7488
  QMMM:    41       41      H       10.4367   21.0919   11.2274
  QMMM:    42       42      H        7.0967   26.9821    4.7462
  QMMM:    43       43      H        8.2922   26.9554    2.5738
  QMMM:    44       44      H       10.4275   23.3077    3.6560
  QMMM:    45       45      H        9.5766   22.4402    6.3119
  QMMM:    46       46      H       10.3299   26.7953   -1.0628
  QMMM:    47       47      H        8.4589   25.7574    0.4880
  QMMM:    48       48      H        8.6542   23.9625    0.7519
  QMMM:    49       49      H       10.6252   23.8527   -0.7134
  QMMM:    50       50      H        9.2709   24.7326   -1.5887
  QMMM:    51       51      H       12.3923   27.1019    0.0798
  QMMM:    52       52      H       12.5065   25.2808    0.2924
  QMMM:    53       53      H       11.7221   26.2915    2.3919
  QMMM:    54       54      H       10.4249   27.2498    1.5386
  QMMM:    55       55      H       12.3639   26.6744   -2.3523
  QMMM:    56       56      H       12.3547   24.8585   -2.1004
  QMMM:    57       57      H       11.0181   25.6529   -3.0717
  QMMM:    58       58      H       11.7185   17.4794   18.2196
  QMMM:    59       59      H       12.4739   17.9884   16.6203
  QMMM:    60       60      H       11.7061   19.2501   17.7166
 
           --------- Calculation Completed ----------
 
