            --------------------------------------------------------
                             AMBER SQM VERSION 19
 
                                     By
              Ross C. Walker, Michael F. Crowley, Scott Brozell,
                         Tim Giese, Andreas W. Goetz,
                        Tai-Sung Lee and David A. Case
 
            --------------------------------------------------------
 

--------------------------------------------------------------------------------
  QM CALCULATION INFO
--------------------------------------------------------------------------------

| QMMM: Citation for AMBER QMMM Run:
| QMMM: R.C. Walker, M.F. Crowley and D.A. Case, J. COMP. CHEM. 29:1019, 2008

QMMM: SINGLET STATE CALCULATION
QMMM: RHF CALCULATION, NO. OF DOUBLY OCCUPIED LEVELS = 77

| QMMM: *** Selected Hamiltonian *** 
| QMMM: AM1         

| QMMM: *** Parameter sets in use ***
| QMMM: O : M.J.S.DEWAR et al. JACS, 107, 3902, (1985)
| QMMM: C : M.J.S.DEWAR et al. JACS, 107, 3902, (1985)
| QMMM: N : M.J.S.DEWAR et al. JACS, 107, 3902, (1985)
| QMMM: H : M.J.S.DEWAR et al. JACS, 107, 3902, (1985)

| QMMM: *** SCF convergence criteria ***
| QMMM: Energy change                :  0.1D-09 kcal/mol
| QMMM: Error matrix |FP-PF|         :  0.1D+00 au
| QMMM: Density matrix change        :  0.5D-06
| QMMM: Maximum number of SCF cycles :     1000
 
| QMMM: *** Diagonalization Routine Information ***
| QMMM: Pseudo diagonalizations are allowed.
| QMMM: Auto diagonalization routine selection is in use.
| QMMM:
| QMMM: Timing diagonalization routines:
| QMMM:                              norbs =      146
| QMMM:    diag iterations used for timing =       10
| QMMM:
| QMMM:              Internal diag routine = 0.052573 seconds
| QMMM:                 Dspev diag routine = 0.452593 seconds
| QMMM:                Dspevd diag routine = 0.281075 seconds
| QMMM:                Dspevx diag routine = 0.704145 seconds
| QMMM:                 Dsyev diag routine = 0.507737 seconds
| QMMM:                Dsyevd diag routine = 0.386451 seconds
| QMMM:                Dsyevr diag routine = 0.089310 seconds
| QMMM:
| QMMM:                Pseudo diag routine = 0.013581 seconds
| QMMM:
| QMMM: Using internal diagonalization routine (diag_routine=1).

  QMMM: QM Region Cartesian Coordinates (*=link atom) 
  QMMM: QM_NO.   MM_NO.  ATOM         X         Y         Z
  QMMM:     1        1      O       14.0620   26.7330    0.9740
  QMMM:     2        2      C       13.2480   26.2960    1.9710
  QMMM:     3        3      C       12.1810   27.0820    2.4350
  QMMM:     4        4      C       11.3770   26.6130    3.4820
  QMMM:     5        5      C       13.4740   25.0490    2.5700
  QMMM:     6        6      C       12.6560   24.5800    3.6050
  QMMM:     7        7      C       11.6220   25.3820    4.1250
  QMMM:     8        8      C       10.7560   24.9150    5.1810
  QMMM:     9        9      N       11.0920   24.0020    6.1370
  QMMM:    10       10      N        9.4910   25.3450    5.3460
  QMMM:    11       11      C        8.9940   24.6460    6.4260
  QMMM:    12       12      C        9.9770   23.8700    6.9460
  QMMM:    13       13      C        9.7660   23.0700    8.0770
  QMMM:    14       14      C        7.7590   24.7740    7.0750
  QMMM:    15       15      C        7.4750   23.9410    8.1680
  QMMM:    16       16      C        8.4780   23.0710    8.6640
  QMMM:    17       17      C        8.1660   22.1330    9.8020
  QMMM:    18       18      C        6.8170   21.8910   10.1680
  QMMM:    19       19      C        6.5160   21.0030   11.2080
  QMMM:    20       20      C        9.2100   21.4850   10.5080
  QMMM:    21       21      C        8.8690   20.6330   11.5650
  QMMM:    22       22      C        7.5750   20.4020   11.9070
  QMMM:    23       23      N        7.5380   19.5290   12.9700
  QMMM:    24       24      N        9.6710   19.9310   12.4480
  QMMM:    25       25      C        8.8180   19.2740   13.2820
  QMMM:    26       26      C        9.2140   18.3950   14.3550
  QMMM:    27       27      C       10.5300   18.4050   14.8560
  QMMM:    28       28      C       10.8780   17.6010   15.9490
  QMMM:    29       29      C        8.2480   17.6520   15.0580
  QMMM:    30       30      C        8.5910   16.8600   16.1540
  QMMM:    31       31      C        9.9160   16.8270   16.6150
  QMMM:    32       32      O       10.2400   16.0510   17.6840
  QMMM:    33       33      H       14.7300   26.0680    0.7910
  QMMM:    34       34      H       11.9830   28.0440    1.9850
  QMMM:    35       35      H       10.5370   27.2000    3.8220
  QMMM:    36       36      H       14.2920   24.4290    2.2350
  QMMM:    37       37      H       12.8150   23.5930    4.0140
  QMMM:    38       38      H        9.1110   26.0460    4.7260
  QMMM:    39       39      H       10.5740   22.4760    8.4760
  QMMM:    40       40      H        7.0420   25.5060    6.7320
  QMMM:    41       41      H        6.4970   23.9650    8.6260
  QMMM:    42       42      H        6.0170   22.3930    9.6440
  QMMM:    43       43      H        5.4870   20.7930   11.4580
  QMMM:    44       44      H       10.2390   21.6540   10.2260
  QMMM:    45       45      H       10.6770   19.9880   12.3710
  QMMM:    46       46      H       11.2780   19.0350   14.3970
  QMMM:    47       47      H       11.9020   17.5700   16.2920
  QMMM:    48       48      H        7.2130   17.6860   14.7520
  QMMM:    49       49      H        7.8360   16.2690   16.6510
  QMMM:    50       50      H        9.4550   15.6000   18.0020

--------------------------------------------------------------------------------
  RESULTS
--------------------------------------------------------------------------------

      iter         sqm energy              rms gradient
      ----    -------------------    -----------------------
xmin    10      101.0404 kcal/mol        0.4013 kcal/(mol*A)
xmin    20      100.7532 kcal/mol        0.3192 kcal/(mol*A)
xmin    30      100.5384 kcal/mol        0.2863 kcal/(mol*A)
xmin    40      100.2924 kcal/mol        0.4377 kcal/(mol*A)
xmin    50      100.2667 kcal/mol        0.1406 kcal/(mol*A)
xmin    60      100.2446 kcal/mol        0.0365 kcal/(mol*A)
xmin    70      100.2425 kcal/mol        0.0135 kcal/(mol*A)
xmin    80      100.2422 kcal/mol        0.0044 kcal/(mol*A)
xmin    90      100.2421 kcal/mol        0.0015 kcal/(mol*A)
xmin   100      100.2421 kcal/mol        0.0012 kcal/(mol*A)
  ... geometry converged !
 
 Final MO eigenvalues (eV):
 -41.7269  -41.5192  -40.4983  -40.3959  -38.8750  -37.9705  -37.5948  -36.2908
 -33.8461  -33.5672  -32.3224  -32.0158  -31.9402  -31.5696  -31.1410  -29.9299
 -29.5231  -27.5739  -25.0227  -24.4941  -24.0600  -24.0066  -23.3913  -23.1351
 -22.3393  -21.8342  -21.3930  -21.1467  -19.3679  -19.3033  -18.9629  -18.5722
 -18.1910  -17.6761  -17.1929  -16.9966  -16.9236  -16.3366  -15.8043  -15.7295
 -15.6221  -15.3743  -15.3094  -15.2687  -15.2131  -15.1322  -15.0242  -14.8698
 -14.6993  -14.6585  -14.6232  -14.4368  -14.4115  -13.7757  -13.2927  -13.2162
 -13.1395  -13.0947  -12.8452  -12.6288  -12.4533  -12.3176  -12.2266  -12.1611
 -11.9442  -11.4616  -11.3457  -11.1730  -11.0807  -10.2020  -10.1406   -9.8497
  -9.6529   -9.1268   -8.9623   -8.6902   -8.2570   -0.4985   -0.4320    0.1016
   0.1183    0.1921    0.3816    0.5541    0.8503    1.6149    1.7221    1.7643
   1.8263    2.5387    2.6033    2.6933    2.7500    2.8138    3.0267    3.0896
   3.1563    3.4769    3.5324    3.5425    3.5733    3.5960    3.6451    3.7995
   3.8776    3.9346    3.9644    4.0583    4.0666    4.1336    4.2244    4.2643
   4.3141    4.3585    4.3690    4.4060    4.4598    4.4943    4.5633    4.7412
   4.7909    4.8340    4.8697    4.9267    4.9799    5.0147    5.0641    5.1488
   5.1820    5.2230    5.3466    5.4260    5.4325    5.4930    5.4944    5.5502
   5.6036    5.8192    5.9046    5.9916    6.0164    6.0485    6.2117    6.3022
   6.6306    6.7202

 Heat of formation   =        100.24209054 kcal/mol  (        4.34682323 eV)

 Total SCF energy    =    -116271.98653233 kcal/mol  (    -5041.93168260 eV)
 Electronic energy   =    -859053.45986004 kcal/mol  (   -37251.35336109 eV)
 Core-core repulsion =     742781.47332772 kcal/mol  (    32209.42167849 eV)
 
    Atomic Charges for Step       1 :
  Atom    Element       Mulliken Charge
     1      O                 -0.247
     2      C                  0.095
     3      C                 -0.162
     4      C                 -0.083
     5      C                 -0.220
     6      C                 -0.044
     7      C                 -0.070
     8      C                  0.064
     9      N                 -0.135
    10      N                 -0.237
    11      C                 -0.023
    12      C                 -0.074
    13      C                 -0.059
    14      C                 -0.137
    15      C                 -0.100
    16      C                 -0.061
    17      C                 -0.016
    18      C                 -0.144
    19      C                 -0.071
    20      C                 -0.127
    21      C                 -0.026
    22      C                 -0.070
    23      N                 -0.136
    24      N                 -0.237
    25      C                  0.064
    26      C                 -0.069
    27      C                 -0.083
    28      C                 -0.162
    29      C                 -0.044
    30      C                 -0.220
    31      C                  0.095
    32      O                 -0.247
    33      H                  0.222
    34      H                  0.155
    35      H                  0.135
    36      H                  0.140
    37      H                  0.159
    38      H                  0.257
    39      H                  0.151
    40      H                  0.137
    41      H                  0.139
    42      H                  0.136
    43      H                  0.148
    44      H                  0.141
    45      H                  0.257
    46      H                  0.135
    47      H                  0.155
    48      H                  0.159
    49      H                  0.140
    50      H                  0.222
 Total Mulliken Charge =      -0.000
 
                  X        Y        Z     TOTAL  
  QM DIPOLE     1.174    0.642   -1.652    2.126
 
 Final Structure

  QMMM: QM Region Cartesian Coordinates (*=link atom) 
  QMMM: QM_NO.   MM_NO.  ATOM         X         Y         Z
  QMMM:     1        1      O       13.9869   26.6612    0.9073
  QMMM:     2        2      C       13.2196   26.1720    1.9367
  QMMM:     3        3      C       12.5364   27.1231    2.7147
  QMMM:     4        4      C       11.7408   26.6901    3.7679
  QMMM:     5        5      C       13.1087   24.8024    2.2162
  QMMM:     6        6      C       12.3074   24.3828    3.2741
  QMMM:     7        7      C       11.6150   25.3218    4.0508
  QMMM:     8        8      C       10.7778   24.8598    5.1591
  QMMM:     9        9      N       11.0084   23.7670    5.9236
  QMMM:    10       10      N        9.5984   25.5491    5.5410
  QMMM:    11       11      C        9.0469   24.8364    6.6056
  QMMM:    12       12      C        9.9440   23.7182    6.8435
  QMMM:    13       13      C        9.6597   22.8118    7.8728
  QMMM:    14       14      C        7.9001   25.0247    7.3863
  QMMM:    15       15      C        7.6520   24.1053    8.3920
  QMMM:    16       16      C        8.5137   23.0115    8.6409
  QMMM:    17       17      C        8.1933   22.0810    9.7254
  QMMM:    18       18      C        6.8580   21.6479    9.9003
  QMMM:    19       19      C        6.4920   20.7688   10.9050
  QMMM:    20       20      C        9.2074   21.6326   10.5711
  QMMM:    21       21      C        8.8553   20.7454   11.5930
  QMMM:    22       22      C        7.4850   20.2972   11.7761
  QMMM:    23       23      N        7.4204   19.4171   12.8707
  QMMM:    24       24      N        9.5967   20.1242   12.5997
  QMMM:    25       25      C        8.6878   19.3275   13.3400
  QMMM:    26       26      C        9.1236   18.5143   14.4763
  QMMM:    27       27      C       10.1825   18.9336   15.2955
  QMMM:    28       28      C       10.5923   18.1575   16.3725
  QMMM:    29       29      C        8.4635   17.3092   14.7531
  QMMM:    30       30      C        8.8628   16.5220   15.8292
  QMMM:    31       31      C        9.9286   16.9465   16.6355
  QMMM:    32       32      O       10.3820   16.2216   17.7112
  QMMM:    33       33      H       14.4116   25.9105    0.4661
  QMMM:    34       34      H       12.6449   28.1920    2.4832
  QMMM:    35       35      H       11.2244   27.4391    4.3874
  QMMM:    36       36      H       13.6516   24.0657    1.6073
  QMMM:    37       37      H       12.2215   23.3079    3.5015
  QMMM:    38       38      H        9.2128   26.3367    5.0955
  QMMM:    39       39      H       10.3272   21.9579    8.0606
  QMMM:    40       40      H        7.2229   25.8706    7.2098
  QMMM:    41       41      H        6.7607   24.2302    9.0271
  QMMM:    42       42      H        6.0904   22.0190    9.2033
  QMMM:    43       43      H        5.4492   20.4415   11.0242
  QMMM:    44       44      H       10.2440   21.9717   10.4409
  QMMM:    45       45      H       10.5699   20.1765   12.7323
  QMMM:    46       46      H       10.6912   19.8911   15.1060
  QMMM:    47       47      H       11.4194   18.4752   17.0227
  QMMM:    48       48      H        7.6226   16.9828   14.1199
  QMMM:    49       49      H        8.3448   15.5771   16.0459
  QMMM:    50       50      H        9.8337   15.4268   17.7901
 
           --------- Calculation Completed ----------
 
