            --------------------------------------------------------
                             AMBER SQM VERSION 19
 
                                     By
              Ross C. Walker, Michael F. Crowley, Scott Brozell,
                         Tim Giese, Andreas W. Goetz,
                        Tai-Sung Lee and David A. Case
 
            --------------------------------------------------------
 

--------------------------------------------------------------------------------
  QM CALCULATION INFO
--------------------------------------------------------------------------------

| QMMM: Citation for AMBER QMMM Run:
| QMMM: R.C. Walker, M.F. Crowley and D.A. Case, J. COMP. CHEM. 29:1019, 2008

QMMM: SINGLET STATE CALCULATION
QMMM: RHF CALCULATION, NO. OF DOUBLY OCCUPIED LEVELS = 35

| QMMM: *** Selected Hamiltonian *** 
| QMMM: AM1         

| QMMM: *** Parameter sets in use ***
| QMMM: N : M.J.S.DEWAR et al. JACS, 107, 3902, (1985)
| QMMM: C : M.J.S.DEWAR et al. JACS, 107, 3902, (1985)
| QMMM: O : M.J.S.DEWAR et al. JACS, 107, 3902, (1985)
| QMMM: H : M.J.S.DEWAR et al. JACS, 107, 3902, (1985)

| QMMM: *** SCF convergence criteria ***
| QMMM: Energy change                :  0.1D-09 kcal/mol
| QMMM: Error matrix |FP-PF|         :  0.1D+00 au
| QMMM: Density matrix change        :  0.5D-06
| QMMM: Maximum number of SCF cycles :     1000
 
| QMMM: *** Diagonalization Routine Information ***
| QMMM: Pseudo diagonalizations are allowed.
| QMMM: Auto diagonalization routine selection is in use.
| QMMM:
| QMMM: Timing diagonalization routines:
| QMMM:                              norbs =       65
| QMMM:    diag iterations used for timing =       15
| QMMM:
| QMMM:              Internal diag routine = 0.009237 seconds
| QMMM:                 Dspev diag routine = 1.022785 seconds
| QMMM:                Dspevd diag routine = 0.302935 seconds
| QMMM:                Dspevx diag routine = 0.482043 seconds
| QMMM:                 Dsyev diag routine = 0.692888 seconds
| QMMM:                Dsyevd diag routine = 0.320355 seconds
| QMMM:                Dsyevr diag routine = 0.251396 seconds
| QMMM:
| QMMM:                Pseudo diag routine = 0.002228 seconds
| QMMM:
| QMMM: Using internal diagonalization routine (diag_routine=1).

  QMMM: QM Region Cartesian Coordinates (*=link atom) 
  QMMM: QM_NO.   MM_NO.  ATOM         X         Y         Z
  QMMM:     1        1      N        0.7540    6.4340   -6.2200
  QMMM:     2        2      C        0.6640    6.5250   -4.7790
  QMMM:     3        3      C       -0.8440    6.3920   -4.4220
  QMMM:     4        4      C       -1.2270    6.4560   -2.9750
  QMMM:     5        5      C       -2.5410    6.5860   -2.3680
  QMMM:     6        6      N       -2.3160    6.4400   -0.9420
  QMMM:     7        7      C       -3.2530    6.2520   -0.0350
  QMMM:     8        8      N       -2.8670    6.1440    1.2190
  QMMM:     9        9      N       -4.5330    6.1420   -0.3430
  QMMM:    10       10      C        1.5950    5.5020   -4.1290
  QMMM:    11       11      O        1.7420    4.3610   -4.5500
  QMMM:    12       12      N        2.2440    5.8600   -3.0420
  QMMM:    13       13      H        1.7200    6.5150   -6.5030
  QMMM:    14       14      H        0.3880    5.5430   -6.5250
  QMMM:    15       15      H        0.2170    7.1800   -6.6390
  QMMM:    16       16      H        0.9950    7.5200   -4.4820
  QMMM:    17       17      H       -1.2340    5.4710   -4.8540
  QMMM:    18       18      H       -1.4100    7.1420   -4.9750
  QMMM:    19       19      H       -0.5680    7.1760   -2.4910
  QMMM:    20       20      H       -0.7040    5.6500   -2.4600
  QMMM:    21       21      H       -3.1820    5.7770   -2.7170
  QMMM:    22       22      H       -2.9360    7.5810   -2.5720
  QMMM:    23       23      H       -1.3470    6.4930   -0.6630
  QMMM:    24       24      H       -3.5510    5.9990    1.9470
  QMMM:    25       25      H       -1.8860    6.2060    1.4530
  QMMM:    26       26      H       -5.2170    5.9980    0.3860
  QMMM:    27       27      H       -4.8270    6.2020   -1.3070
  QMMM:    28       28      H        2.8670    5.2080   -2.5880
  QMMM:    29       29      H        2.1190    6.7870   -2.6620

--------------------------------------------------------------------------------
  RESULTS
--------------------------------------------------------------------------------

      iter         sqm energy              rms gradient
      ----    -------------------    -----------------------
xmin    10      304.9551 kcal/mol        0.8914 kcal/(mol*A)
xmin    20      303.0437 kcal/mol        0.2571 kcal/(mol*A)
xmin    30      302.9098 kcal/mol        0.1875 kcal/(mol*A)
xmin    40      302.8693 kcal/mol        0.1245 kcal/(mol*A)
xmin    50      302.8455 kcal/mol        0.0696 kcal/(mol*A)
xmin    60      302.8235 kcal/mol        0.0910 kcal/(mol*A)
xmin    70      302.8125 kcal/mol        0.0293 kcal/(mol*A)
xmin    80      302.7990 kcal/mol        0.0499 kcal/(mol*A)
xmin    90      302.7965 kcal/mol        0.0094 kcal/(mol*A)
xmin   100      302.7955 kcal/mol        0.0190 kcal/(mol*A)
xmin   110      302.7942 kcal/mol        0.0195 kcal/(mol*A)
xmin   120      302.7937 kcal/mol        0.0068 kcal/(mol*A)
xmin   130      302.7935 kcal/mol        0.0101 kcal/(mol*A)
xmin   140      302.7933 kcal/mol        0.0048 kcal/(mol*A)
xmin   150      302.7933 kcal/mol        0.0053 kcal/(mol*A)
xmin   160      302.7932 kcal/mol        0.0027 kcal/(mol*A)
xmin   170      302.7932 kcal/mol        0.0014 kcal/(mol*A)
xmin   180      302.7932 kcal/mol        0.0027 kcal/(mol*A)
  ... geometry converged !
 
 Final MO eigenvalues (eV):
 -47.8321  -47.0914  -44.5636  -43.4997  -41.1555  -40.7373  -40.5763  -36.2398
 -32.5753  -30.2217  -29.8103  -28.4648  -26.9620  -26.7404  -26.1817  -26.0376
 -25.2154  -24.1254  -23.9086  -23.6278  -23.5483  -23.4958  -22.8181  -22.4957
 -21.6452  -21.2981  -20.6642  -20.5334  -20.2469  -19.6118  -18.9612  -17.9178
 -17.6670  -17.3827  -17.0787   -6.6249   -6.5349   -6.2371   -5.3968   -5.0385
  -4.8810   -4.5224   -4.4147   -4.3099   -4.0427   -3.7235   -3.6443   -3.4376
  -3.3498   -3.2568   -3.1707   -2.9530   -2.8010   -2.7139   -2.3299   -2.3179
  -2.0741   -1.8843   -1.7542   -1.4564   -0.9096   -0.7475   -0.6775   -0.3771
   0.3801

 Heat of formation   =        302.79318378 kcal/mol  (       13.13009773 eV)

 Total SCF energy    =     -54045.65485796 kcal/mol  (    -2343.59545804 eV)
 Electronic energy   =    -286731.42100950 kcal/mol  (   -12433.60743287 eV)
 Core-core repulsion =     232685.76615154 kcal/mol  (    10090.01197483 eV)
 
    Atomic Charges for Step       1 :
  Atom    Element       Mulliken Charge
     1      N                 -0.065
     2      C                 -0.109
     3      C                 -0.182
     4      C                 -0.175
     5      C                 -0.028
     6      N                 -0.337
     7      C                  0.402
     8      N                 -0.354
     9      N                 -0.354
    10      C                  0.275
    11      O                 -0.328
    12      N                 -0.383
    13      H                  0.271
    14      H                  0.286
    15      H                  0.264
    16      H                  0.160
    17      H                  0.140
    18      H                  0.115
    19      H                  0.114
    20      H                  0.119
    21      H                  0.115
    22      H                  0.110
    23      H                  0.275
    24      H                  0.290
    25      H                  0.283
    26      H                  0.290
    27      H                  0.277
    28      H                  0.281
    29      H                  0.247
 Total Mulliken Charge =       2.000
 
                  X        Y        Z     TOTAL  
  QM DIPOLE   -11.565   64.105  -26.702   70.400
 
 Final Structure

  QMMM: QM Region Cartesian Coordinates (*=link atom) 
  QMMM: QM_NO.   MM_NO.  ATOM         X         Y         Z
  QMMM:     1        1      N        0.5835    6.6421   -6.2904
  QMMM:     2        2      C        0.6247    6.6015   -4.7879
  QMMM:     3        3      C       -0.7854    6.4533   -4.1986
  QMMM:     4        4      C       -0.7713    6.6452   -2.6939
  QMMM:     5        5      C       -2.1728    6.3567   -2.1390
  QMMM:     6        6      N       -2.2460    6.5331   -0.7059
  QMMM:     7        7      C       -3.3960    6.2927    0.0315
  QMMM:     8        8      N       -3.3725    6.4764    1.3935
  QMMM:     9        9      N       -4.5539    5.8791   -0.5806
  QMMM:    10       10      C        1.4653    5.3517   -4.3833
  QMMM:    11       11      O        1.1761    4.2751   -4.9406
  QMMM:    12       12      N        2.4393    5.4905   -3.4532
  QMMM:    13       13      H        1.4959    6.9334   -6.6588
  QMMM:    14       14      H        0.3739    5.6925   -6.6449
  QMMM:    15       15      H       -0.1386    7.2935   -6.6124
  QMMM:    16       16      H        1.0915    7.5688   -4.4388
  QMMM:    17       17      H       -1.1785    5.4278   -4.4472
  QMMM:    18       18      H       -1.4758    7.2128   -4.6570
  QMMM:    19       19      H       -0.4653    7.6964   -2.4458
  QMMM:    20       20      H       -0.0274    5.9468   -2.2251
  QMMM:    21       21      H       -2.4497    5.2917   -2.3986
  QMMM:    22       22      H       -2.9117    7.0527   -2.6357
  QMMM:    23       23      H       -1.4208    6.8325   -0.2302
  QMMM:    24       24      H       -4.1867    6.3144    1.9474
  QMMM:    25       25      H       -2.5465    6.7787    1.8614
  QMMM:    26       26      H       -5.3799    5.7044   -0.0485
  QMMM:    27       27      H       -4.5935    5.7336   -1.5637
  QMMM:    28       28      H        2.9874    4.6925   -3.2084
  QMMM:    29       29      H        2.6966    6.3720   -3.0833
 
           --------- Calculation Completed ----------
 
