            --------------------------------------------------------
                             AMBER SQM VERSION 19
 
                                     By
              Ross C. Walker, Michael F. Crowley, Scott Brozell,
                         Tim Giese, Andreas W. Goetz,
                        Tai-Sung Lee and David A. Case
 
            --------------------------------------------------------
 

--------------------------------------------------------------------------------
  QM CALCULATION INFO
--------------------------------------------------------------------------------

| QMMM: Citation for AMBER QMMM Run:
| QMMM: R.C. Walker, M.F. Crowley and D.A. Case, J. COMP. CHEM. 29:1019, 2008

QMMM: SINGLET STATE CALCULATION
QMMM: RHF CALCULATION, NO. OF DOUBLY OCCUPIED LEVELS = 80

| QMMM: *** Selected Hamiltonian *** 
| QMMM: AM1         

| QMMM: *** Parameter sets in use ***
| QMMM: O : M.J.S.DEWAR et al. JACS, 107, 3902, (1985)
| QMMM: C : M.J.S.DEWAR et al. JACS, 107, 3902, (1985)
| QMMM: N : M.J.S.DEWAR et al. JACS, 107, 3902, (1985)
| QMMM: H : M.J.S.DEWAR et al. JACS, 107, 3902, (1985)

| QMMM: *** SCF convergence criteria ***
| QMMM: Energy change                :  0.1D-09 kcal/mol
| QMMM: Error matrix |FP-PF|         :  0.1D+00 au
| QMMM: Density matrix change        :  0.5D-06
| QMMM: Maximum number of SCF cycles :     1000
 
| QMMM: *** Diagonalization Routine Information ***
| QMMM: Pseudo diagonalizations are allowed.
| QMMM: Auto diagonalization routine selection is in use.
| QMMM:
| QMMM: Timing diagonalization routines:
| QMMM:                              norbs =      153
| QMMM:    diag iterations used for timing =        5
| QMMM:
| QMMM:              Internal diag routine = 0.074213 seconds
| QMMM:                 Dspev diag routine = 5.714445 seconds
| QMMM:                Dspevd diag routine = 0.650958 seconds
| QMMM:                Dspevx diag routine = 5.648300 seconds
| QMMM:                 Dsyev diag routine = 4.270592 seconds
| QMMM:                Dsyevd diag routine = 2.754744 seconds
| QMMM:                Dsyevr diag routine = 1.746267 seconds
| QMMM:
| QMMM:                Pseudo diag routine = 0.008789 seconds
| QMMM:
| QMMM: Using internal diagonalization routine (diag_routine=1).

  QMMM: QM Region Cartesian Coordinates (*=link atom) 
  QMMM: QM_NO.   MM_NO.  ATOM         X         Y         Z
  QMMM:     1        1      O        7.1940   20.2920   13.0420
  QMMM:     2        2      C        7.4100   21.1830   12.0110
  QMMM:     3        3      C        7.7800   22.5880    9.5960
  QMMM:     4        4      C        6.3450   21.9030   11.4240
  QMMM:     5        5      C        6.5270   22.5860   10.2040
  QMMM:     6        6      C        8.6760   21.2540   11.4240
  QMMM:     7        7      C        8.8570   21.9460   10.2150
  QMMM:     8        8      C        8.0140   23.4010    8.5130
  QMMM:     9        9      N        9.2110   23.4430    7.8730
  QMMM:    10       10      C        9.1370   24.1440    6.6650
  QMMM:    11       11      C        7.8120   24.6580    6.8520
  QMMM:    12       12      N        7.0660   24.1400    7.9100
  QMMM:    13       13      C        7.5050   25.7430    5.9860
  QMMM:    14       14      C        8.3810   26.2100    4.9880
  QMMM:    15       15      C        9.6280   25.6040    4.8010
  QMMM:    16       16      C       10.0350   24.5760    5.6760
  QMMM:    17       17      C       10.3270   25.8590    3.6230
  QMMM:    18       18      N       11.4430   25.1860    3.2370
  QMMM:    19       19      C       12.1070   25.7940    2.1740
  QMMM:    20       20      C       11.2310   26.8960    2.0140
  QMMM:    21       21      N       10.1790   26.9900    2.9110
  QMMM:    22       22      C       11.5340   27.7290    0.9130
  QMMM:    23       23      C       12.5280   27.4360   -0.0290
  QMMM:    24       24      C       13.2620   26.2700    0.1140
  QMMM:    25       25      C       13.1060   25.4750    1.2500
  QMMM:    26       26      N       14.0220   25.8600   -0.9000
  QMMM:    27       27      C       13.4760   25.8440   -2.2410
  QMMM:    28       28      C       14.1690   24.9220   -3.1170
  QMMM:    29       29      N       15.6080   25.2720   -3.2260
  QMMM:    30       30      C       16.1750   25.2900   -1.8540
  QMMM:    31       31      C       15.4270   26.1770   -0.9850
  QMMM:    32       32      C       16.3930   24.4170   -4.1500
  QMMM:    33       33      H        8.0300   19.9020   13.3090
  QMMM:    34       34      H        5.3810   21.9330   11.9100
  QMMM:    35       35      H        5.7010   23.1060    9.7410
  QMMM:    36       36      H        9.5190   20.7760   11.9000
  QMMM:    37       37      H        9.8380   21.9800    9.7640
  QMMM:    38       38      H       10.0190   22.9970    8.2830
  QMMM:    39       39      H        6.5580   26.2540    6.0760
  QMMM:    40       40      H        8.0920   27.0410    4.3610
  QMMM:    41       41      H       11.0120   24.1220    5.5980
  QMMM:    42       42      H       11.7100   24.3360    3.7130
  QMMM:    43       43      H       10.9860   28.6480    0.7640
  QMMM:    44       44      H       12.7110   28.1140   -0.8490
  QMMM:    45       45      H       13.7460   24.6220    1.4200
  QMMM:    46       46      H       13.5220   26.8480   -2.6630
  QMMM:    47       47      H       12.4200   25.5790   -2.1990
  QMMM:    48       48      H       13.7130   24.9490   -4.1070
  QMMM:    49       49      H       14.0700   23.9090   -2.7280
  QMMM:    50       50      H       15.6580   26.2160   -3.5800
  QMMM:    51       51      H       17.2150   25.6140   -1.8950
  QMMM:    52       52      H       16.1600   24.2810   -1.4420
  QMMM:    53       53      H       15.8630   26.1570    0.0140
  QMMM:    54       54      H       15.5460   27.2050   -1.3290
  QMMM:    55       55      H       17.4310   24.7510   -4.1610
  QMMM:    56       56      H       16.3490   23.3810   -3.8130
  QMMM:    57       57      H       15.9770   24.4900   -5.1550

--------------------------------------------------------------------------------
  RESULTS
--------------------------------------------------------------------------------

      iter         sqm energy              rms gradient
      ----    -------------------    -----------------------
xmin    10      287.4109 kcal/mol        0.5038 kcal/(mol*A)
xmin    20      286.4949 kcal/mol        0.4100 kcal/(mol*A)
xmin    30      286.3190 kcal/mol        0.1705 kcal/(mol*A)
xmin    40      286.2781 kcal/mol        0.1426 kcal/(mol*A)
xmin    50      286.2719 kcal/mol        0.0374 kcal/(mol*A)
xmin    60      286.2701 kcal/mol        0.0058 kcal/(mol*A)
xmin    70      286.2695 kcal/mol        0.0070 kcal/(mol*A)
xmin    80      286.2694 kcal/mol        0.0018 kcal/(mol*A)
  ... geometry converged !
 
 Final MO eigenvalues (eV):
 -45.8431  -43.7954  -43.1111  -41.8223  -41.5993  -39.7301  -38.8725  -38.1945
 -36.2790  -35.8760  -35.3096  -34.2245  -33.3945  -33.2050  -32.8528  -32.2485
 -31.4376  -30.4823  -29.3764  -29.1776  -26.6544  -26.5017  -25.7835  -25.2501
 -24.8570  -24.7738  -24.3351  -23.1224  -22.8277  -22.6507  -22.2001  -21.5291
 -21.0441  -20.5030  -20.4639  -20.1722  -20.1501  -19.6954  -19.2273  -18.8724
 -18.4802  -18.3788  -18.2264  -18.0927  -17.9521  -17.9031  -17.6574  -17.3101
 -17.1874  -17.0926  -17.0305  -16.8343  -16.7369  -16.6931  -16.5275  -16.4363
 -16.2466  -16.2291  -15.8533  -15.7660  -15.6442  -15.0624  -14.9250  -14.8628
 -14.4078  -14.3662  -14.0986  -13.8785  -13.5436  -13.3948  -13.3249  -13.0112
 -12.9768  -12.6668  -11.5060  -11.3698  -11.3147  -10.8330  -10.6585   -9.9842
  -3.8189   -2.6163   -1.9626   -1.8696   -1.8001   -1.7324   -1.6289   -1.2087
  -1.1722   -1.0790   -1.0196   -0.7754   -0.7387   -0.6611   -0.5370   -0.4933
  -0.4636   -0.3850   -0.3403   -0.2628   -0.2373   -0.0563    0.1902    0.2633
   0.3363    0.5138    0.5313    0.7178    0.7889    1.0744    1.2692    1.3146
   1.3793    1.5008    1.6142    1.6177    1.7134    1.8822    1.9494    2.1004
   2.1580    2.1991    2.2616    2.3286    2.4249    2.4695    2.5949    2.6798
   2.7283    2.7620    2.8242    2.9650    2.9883    3.0157    3.1461    3.2572
   3.3237    3.3777    3.5023    3.5367    3.6729    3.7832    3.8107    3.8427
   3.9092    4.0307    4.1667    4.3174    4.3474    4.5790    4.7055    4.9315
   5.1464

 Heat of formation   =        286.26943173 kcal/mol  (       12.41357407 eV)

 Total SCF energy    =    -117545.66107895 kcal/mol  (    -5097.16235545 eV)
 Electronic energy   =    -923207.66253317 kcal/mol  (   -40033.28834540 eV)
 Core-core repulsion =     805662.00145422 kcal/mol  (    34936.12598995 eV)
 
    Atomic Charges for Step       1 :
  Atom    Element       Mulliken Charge
     1      O                 -0.240
     2      C                  0.107
     3      C                 -0.088
     4      C                 -0.162
     5      C                 -0.044
     6      C                 -0.220
     7      C                 -0.072
     8      C                  0.095
     9      N                 -0.240
    10      C                 -0.037
    11      C                 -0.040
    12      N                 -0.135
    13      C                 -0.074
    14      C                 -0.105
    15      C                 -0.044
    16      C                 -0.115
    17      C                  0.099
    18      N                 -0.234
    19      C                 -0.036
    20      C                 -0.047
    21      N                 -0.127
    22      C                 -0.054
    23      C                 -0.178
    24      C                 -0.036
    25      C                 -0.089
    26      N                 -0.218
    27      C                 -0.091
    28      C                 -0.131
    29      N                 -0.004
    30      C                 -0.131
    31      C                 -0.091
    32      C                 -0.192
    33      H                  0.225
    34      H                  0.163
    35      H                  0.162
    36      H                  0.142
    37      H                  0.131
    38      H                  0.259
    39      H                  0.162
    40      H                  0.157
    41      H                  0.132
    42      H                  0.264
    43      H                  0.164
    44      H                  0.123
    45      H                  0.149
    46      H                  0.085
    47      H                  0.155
    48      H                  0.141
    49      H                  0.153
    50      H                  0.241
    51      H                  0.141
    52      H                  0.153
    53      H                  0.154
    54      H                  0.085
    55      H                  0.143
    56      H                  0.146
    57      H                  0.143
 Total Mulliken Charge =       1.000
 
                  X        Y        Z     TOTAL  
  QM DIPOLE    75.162  117.371  -10.030  139.735
 
 Final Structure

  QMMM: QM Region Cartesian Coordinates (*=link atom) 
  QMMM: QM_NO.   MM_NO.  ATOM         X         Y         Z
  QMMM:     1        1      O        6.9672   20.4584   13.2665
  QMMM:     2        2      C        7.2913   21.1985   12.1580
  QMMM:     3        3      C        7.8027   22.6973    9.8653
  QMMM:     4        4      C        6.2188   21.6246   11.3539
  QMMM:     5        5      C        6.4812   22.3736   10.2144
  QMMM:     6        6      C        8.6143   21.5252   11.8227
  QMMM:     7        7      C        8.8626   22.2755   10.6778
  QMMM:     8        8      C        8.0511   23.4905    8.6610
  QMMM:     9        9      N        9.2159   23.3075    7.8740
  QMMM:    10       10      C        9.1270   24.2090    6.8114
  QMMM:    11       11      C        7.8730   24.9254    7.0040
  QMMM:    12       12      N        7.2339   24.4488    8.1605
  QMMM:    13       13      C        7.5061   25.9217    6.0896
  QMMM:    14       14      C        8.3508   26.1865    5.0226
  QMMM:    15       15      C        9.5574   25.4769    4.8397
  QMMM:    16       16      C        9.9672   24.4834    5.7311
  QMMM:    17       17      C       10.3951   25.8091    3.6839
  QMMM:    18       18      N       11.1121   24.8115    2.9748
  QMMM:    19       19      C       11.7774   25.4597    1.9339
  QMMM:    20       20      C       11.4373   26.8690    2.0654
  QMMM:    21       21      N       10.5788   27.0464    3.1616
  QMMM:    22       22      C       11.9710   27.7887    1.1524
  QMMM:    23       23      C       12.8026   27.3209    0.1504
  QMMM:    24       24      C       13.1289   25.9440    0.0246
  QMMM:    25       25      C       12.6192   24.9947    0.9202
  QMMM:    26       26      N       13.9927   25.4721   -1.0270
  QMMM:    27       27      C       13.4243   25.6644   -2.3542
  QMMM:    28       28      C       14.3128   25.0369   -3.4438
  QMMM:    29       29      N       15.7209   25.5541   -3.3801
  QMMM:    30       30      C       16.2708   25.3826   -1.9936
  QMMM:    31       31      C       15.3452   26.0036   -0.9313
  QMMM:    32       32      C       16.5830   24.8888   -4.3854
  QMMM:    33       33      H        7.7846   20.2524   13.7447
  QMMM:    34       34      H        5.1895   21.3632   11.6399
  QMMM:    35       35      H        5.6448   22.7185    9.5845
  QMMM:    36       36      H        9.4456   21.1978   12.4629
  QMMM:    37       37      H        9.9008   22.5465   10.4338
  QMMM:    38       38      H        9.9431   22.6677    8.0468
  QMMM:    39       39      H        6.5679   26.4810    6.2236
  QMMM:    40       40      H        8.0773   26.9736    4.3013
  QMMM:    41       41      H       10.9191   23.9505    5.6082
  QMMM:    42       42      H       11.0898   23.8425    3.1501
  QMMM:    43       43      H       11.7281   28.8591    1.2378
  QMMM:    44       44      H       13.2199   28.0440   -0.5676
  QMMM:    45       45      H       12.8661   23.9271    0.8333
  QMMM:    46       46      H       13.2471   26.7521   -2.6013
  QMMM:    47       47      H       12.4282   25.1357   -2.3867
  QMMM:    48       48      H       13.8908   25.2823   -4.4582
  QMMM:    49       49      H       14.3502   23.9175   -3.3176
  QMMM:    50       50      H       15.6931   26.5622   -3.5829
  QMMM:    51       51      H       17.2794   25.8807   -1.9483
  QMMM:    52       52      H       16.3927   24.2783   -1.8047
  QMMM:    53       53      H       15.7589   25.7238    0.0803
  QMMM:    54       54      H       15.3813   27.1289   -1.0208
  QMMM:    55       55      H       17.6193   25.3181   -4.3288
  QMMM:    56       56      H       16.6238   23.7860   -4.1777
  QMMM:    57       57      H       16.1583   25.0602   -5.4109
 
           --------- Calculation Completed ----------
 
