            --------------------------------------------------------
                             AMBER SQM VERSION 19
 
                                     By
              Ross C. Walker, Michael F. Crowley, Scott Brozell,
                         Tim Giese, Andreas W. Goetz,
                        Tai-Sung Lee and David A. Case
 
            --------------------------------------------------------
 

--------------------------------------------------------------------------------
  QM CALCULATION INFO
--------------------------------------------------------------------------------

| QMMM: Citation for AMBER QMMM Run:
| QMMM: R.C. Walker, M.F. Crowley and D.A. Case, J. COMP. CHEM. 29:1019, 2008

QMMM: SINGLET STATE CALCULATION
QMMM: RHF CALCULATION, NO. OF DOUBLY OCCUPIED LEVELS =111

| QMMM: *** Selected Hamiltonian *** 
| QMMM: AM1         

| QMMM: *** Parameter sets in use ***
| QMMM: C : M.J.S.DEWAR et al. JACS, 107, 3902, (1985)
| QMMM: N : M.J.S.DEWAR et al. JACS, 107, 3902, (1985)
| QMMM: O : M.J.S.DEWAR et al. JACS, 107, 3902, (1985)
| QMMM: H : M.J.S.DEWAR et al. JACS, 107, 3902, (1985)

| QMMM: *** SCF convergence criteria ***
| QMMM: Energy change                :  0.1D-09 kcal/mol
| QMMM: Error matrix |FP-PF|         :  0.1D+00 au
| QMMM: Density matrix change        :  0.5D-06
| QMMM: Maximum number of SCF cycles :     1000
 
| QMMM: *** Diagonalization Routine Information ***
| QMMM: Pseudo diagonalizations are allowed.
| QMMM: Auto diagonalization routine selection is in use.
| QMMM:
| QMMM: Timing diagonalization routines:
| QMMM:                              norbs =      211
| QMMM:    diag iterations used for timing =        4
| QMMM:
| QMMM:              Internal diag routine = 0.437812 seconds
| QMMM:                 Dspev diag routine = 1.417298 seconds
| QMMM:                Dspevd diag routine = 0.594605 seconds
| QMMM:                Dspevx diag routine = 0.381552 seconds
| QMMM:                 Dsyev diag routine = 1.012110 seconds
| QMMM:                Dsyevd diag routine = 1.167445 seconds
| QMMM:                Dsyevr diag routine = 0.842587 seconds
| QMMM:
| QMMM:                Pseudo diag routine = 0.153491 seconds
| QMMM:
| QMMM: Using dspevx routine (diag_routine=4).

  QMMM: QM Region Cartesian Coordinates (*=link atom) 
  QMMM: QM_NO.   MM_NO.  ATOM         X         Y         Z
  QMMM:     1        1      C       29.0390   31.4820   35.8180
  QMMM:     2        2      C       28.0940   30.4570   35.7080
  QMMM:     3        3      C       26.9650   30.6020   34.9090
  QMMM:     4        4      C       26.7840   31.7590   34.1680
  QMMM:     5        5      C       27.7090   32.7940   34.2380
  QMMM:     6        6      C       28.8390   32.6770   35.0870
  QMMM:     7        7      N       27.4850   33.8820   33.4620
  QMMM:     8        8      N       29.7210   33.7080   35.1700
  QMMM:     9        9      C       28.3850   34.8900   33.5460
  QMMM:    10       10      C       29.4940   34.8200   34.4200
  QMMM:    11       11      C       28.1870   36.0260   32.7710
  QMMM:    12       12      C       29.0540   37.1120   32.8710
  QMMM:    13       13      C       30.1300   37.0600   33.7510
  QMMM:    14       14      C       30.3590   35.9170   34.5210
  QMMM:    15       15      C       31.5270   35.9040   35.5000
  QMMM:    16       16      C       30.2240   31.2050   36.7110
  QMMM:    17       17      O       30.3650   30.1620   37.3230
  QMMM:    18       18      N       31.1760   32.1400   36.8210
  QMMM:    19       19      C       32.3810   32.0510   37.6550
  QMMM:    20       20      C       33.4950   31.2620   36.9380
  QMMM:    21       21      N       33.9060   31.8240   35.5870
  QMMM:    22       22      C       34.8830   30.9020   34.8820
  QMMM:    23       23      N       35.9680   28.5030   30.2510
  QMMM:    24       24      C       36.2190   29.6420   29.5990
  QMMM:    25       25      O       36.9800   30.4290   30.1280
  QMMM:    26       26      C       35.4990   29.9300   28.3090
  QMMM:    27       27      C       35.7710   31.1660   27.7110
  QMMM:    28       28      C       35.0870   31.5770   26.5740
  QMMM:    29       29      C       34.0800   30.7810   26.0500
  QMMM:    30       30      C       33.8000   29.5370   26.6040
  QMMM:    31       31      N       32.8130   28.8060   26.0320
  QMMM:    32       32      C       32.6010   27.5660   26.5310
  QMMM:    33       33      C       33.3940   27.0440   27.5790
  QMMM:    34       34      N       34.3430   27.8100   28.1820
  QMMM:    35       35      C       34.5490   29.0710   27.7140
  QMMM:    36       36      C       33.2090   25.7120   27.9820
  QMMM:    37       37      C       32.2220   24.9300   27.3740
  QMMM:    38       38      C       31.4160   25.4630   26.3740
  QMMM:    39       39      C       31.6080   26.7770   25.9580
  QMMM:    40       40      C       34.1100   25.0770   29.0350
  QMMM:    41       41      C       36.5070   28.1330   31.5670
  QMMM:    42       42      C       35.7880   28.9130   32.6860
  QMMM:    43       43      N       36.2020   30.3670   32.7440
  QMMM:    44       44      C       35.1730   31.2640   33.4040
  QMMM:    45       45      H       28.2340   29.5330   36.2490
  QMMM:    46       46      H       26.2290   29.8130   34.8660
  QMMM:    47       47      H       25.9190   31.8620   33.5300
  QMMM:    48       48      H       27.3550   36.0720   32.0840
  QMMM:    49       49      H       28.8900   37.9920   32.2660
  QMMM:    50       50      H       30.7940   37.9070   33.8420
  QMMM:    51       51      H       32.0750   36.8440   35.4260
  QMMM:    52       52      H       31.1490   35.7830   36.5150
  QMMM:    53       53      H       32.1940   35.0760   35.2600
  QMMM:    54       54      H       31.1000   33.0020   36.3000
  QMMM:    55       55      H       32.1360   31.5580   38.5960
  QMMM:    56       56      H       32.7380   33.0550   37.8850
  QMMM:    57       57      H       33.1820   30.2250   36.8170
  QMMM:    58       58      H       34.3700   31.2040   37.5860
  QMMM:    59       59      H       33.0880   31.9320   35.0040
  QMMM:    60       60      H       34.5160   29.8770   34.9370
  QMMM:    61       61      H       35.8200   30.8770   35.4380
  QMMM:    62       62      H       35.3610   27.8090   29.8400
  QMMM:    63       63      H       36.5230   31.8170   28.1330
  QMMM:    64       64      H       35.3400   32.5140   26.1010
  QMMM:    65       65      H       33.5050   31.1260   25.2030
  QMMM:    66       66      H       32.0810   23.9040   27.6800
  QMMM:    67       67      H       30.6440   24.8580   25.9230
  QMMM:    68       68      H       30.9760   27.1830   25.1820
  QMMM:    69       69      H       33.8020   24.0450   29.2030
  QMMM:    70       70      H       35.1430   25.0950   28.6880
  QMMM:    71       71      H       34.0300   25.6360   29.9670
  QMMM:    72       72      H       37.5740   28.3550   31.5980
  QMMM:    73       73      H       36.3730   27.0630   31.7260
  QMMM:    74       74      H       35.9920   28.4400   33.6460
  QMMM:    75       75      H       34.7100   28.8490   32.5370
  QMMM:    76       76      H       36.3870   30.7010   31.8090
  QMMM:    77       77      H       37.0800   30.4460   33.2360
  QMMM:    78       78      H       35.5050   32.3000   33.3440
  QMMM:    79       79      H       34.2440   31.2290   32.8340

--------------------------------------------------------------------------------
  RESULTS
--------------------------------------------------------------------------------

      iter         sqm energy              rms gradient
      ----    -------------------    -----------------------
xmin    10      245.9937 kcal/mol        1.2775 kcal/(mol*A)
xmin    20      241.9409 kcal/mol        0.3921 kcal/(mol*A)
xmin    30      240.6400 kcal/mol        0.1837 kcal/(mol*A)
xmin    40      238.4426 kcal/mol        1.4217 kcal/(mol*A)
xmin    50      235.9546 kcal/mol        1.4394 kcal/(mol*A)
xmin    60      234.6152 kcal/mol        0.5846 kcal/(mol*A)
xmin    70      233.7020 kcal/mol        0.1652 kcal/(mol*A)
xmin    80      233.3210 kcal/mol        0.1423 kcal/(mol*A)
xmin    90      233.0418 kcal/mol        0.1523 kcal/(mol*A)
xmin   100      232.9612 kcal/mol        0.0976 kcal/(mol*A)
xmin   110      232.8837 kcal/mol        0.1398 kcal/(mol*A)
xmin   120      232.7748 kcal/mol        0.1180 kcal/(mol*A)
xmin   130      232.5802 kcal/mol        0.2818 kcal/(mol*A)
xmin   140      232.3973 kcal/mol        0.2054 kcal/(mol*A)
xmin   150      232.3174 kcal/mol        0.1231 kcal/(mol*A)
xmin   160      232.2083 kcal/mol        0.1071 kcal/(mol*A)
xmin   170      232.1661 kcal/mol        0.0455 kcal/(mol*A)
xmin   180      232.1325 kcal/mol        0.0454 kcal/(mol*A)
xmin   190      232.0705 kcal/mol        0.0709 kcal/(mol*A)
xmin   200      232.0045 kcal/mol        0.1296 kcal/(mol*A)
xmin   210      231.9815 kcal/mol        0.0251 kcal/(mol*A)
xmin   220      231.9756 kcal/mol        0.0151 kcal/(mol*A)
xmin   230      231.9712 kcal/mol        0.0255 kcal/(mol*A)
xmin   240      231.9705 kcal/mol        0.0194 kcal/(mol*A)
xmin   250      231.9670 kcal/mol        0.0490 kcal/(mol*A)
xmin   260      231.9622 kcal/mol        0.0529 kcal/(mol*A)
xmin   270      231.9605 kcal/mol        0.0219 kcal/(mol*A)
xmin   280      231.9598 kcal/mol        0.0031 kcal/(mol*A)
xmin   290      231.9593 kcal/mol        0.0196 kcal/(mol*A)
xmin   300      231.9590 kcal/mol        0.0192 kcal/(mol*A)
xmin   310      231.9582 kcal/mol        0.0114 kcal/(mol*A)
xmin   320      231.9580 kcal/mol        0.0179 kcal/(mol*A)
xmin   330      231.9574 kcal/mol        0.0100 kcal/(mol*A)
xmin   340      231.9570 kcal/mol        0.0229 kcal/(mol*A)
xmin   350      231.9532 kcal/mol        0.0477 kcal/(mol*A)
xmin   360      231.9336 kcal/mol        0.1138 kcal/(mol*A)
xmin   370      231.8822 kcal/mol        0.0988 kcal/(mol*A)
xmin   380      231.8367 kcal/mol        0.0771 kcal/(mol*A)
xmin   390      231.8130 kcal/mol        0.0300 kcal/(mol*A)
xmin   400      231.7930 kcal/mol        0.0413 kcal/(mol*A)
xmin   410      231.7833 kcal/mol        0.0162 kcal/(mol*A)
xmin   420      231.7769 kcal/mol        0.0183 kcal/(mol*A)
xmin   430      231.7749 kcal/mol        0.0103 kcal/(mol*A)
xmin   440      231.7744 kcal/mol        0.0181 kcal/(mol*A)
xmin   450      231.7742 kcal/mol        0.0030 kcal/(mol*A)
xmin   460      231.7741 kcal/mol        0.0027 kcal/(mol*A)
xmin   470      231.7741 kcal/mol        0.0027 kcal/(mol*A)
  ... geometry converged !
 
 Final MO eigenvalues (eV):
 -44.3900  -44.0244  -43.8122  -42.7016  -42.3597  -41.3235  -41.1245  -40.1194
 -39.0758  -38.9404  -38.6873  -38.2463  -38.1641  -37.8934  -35.8716  -35.6621
 -34.6684  -34.0329  -33.4936  -33.3510  -33.2752  -32.5347  -30.7281  -30.2463
 -30.0376  -29.0214  -28.8381  -28.1254  -27.6850  -27.3665  -27.2919  -26.4996
 -26.0498  -25.3392  -24.3195  -24.1506  -24.1256  -23.5750  -23.2785  -23.1593
 -22.8631  -21.9320  -21.7104  -21.5556  -21.0894  -20.7867  -20.6141  -20.1271
 -19.9234  -19.8100  -19.6762  -19.5531  -19.4372  -19.2036  -18.7734  -18.6613
 -18.5496  -18.5082  -18.4457  -18.3656  -18.2932  -18.1292  -18.0278  -17.7786
 -17.6922  -17.5712  -17.4371  -17.3091  -17.1689  -17.0304  -16.9831  -16.8247
 -16.7869  -16.7390  -16.3775  -16.1684  -16.0249  -15.9994  -15.8033  -15.7873
 -15.7448  -15.6777  -15.6611  -15.5713  -15.5083  -15.4609  -15.1967  -15.1214
 -15.0315  -15.0251  -15.0085  -14.9642  -14.9296  -14.8661  -14.7987  -14.6443
 -14.2258  -14.1040  -14.0912  -13.6628  -13.3810  -12.8287  -12.6875  -12.5713
 -12.5110  -12.4274  -12.2356  -11.9448  -11.8930  -11.3514  -11.2464   -3.8265
  -3.7497   -3.0101   -2.9675   -2.5805   -2.3901   -2.2854   -1.7896   -1.4307
  -1.3543   -1.1806   -1.1434   -1.0685   -1.0238   -0.5772   -0.5681   -0.4541
  -0.4075   -0.1476   -0.0761    0.0438    0.1277    0.1805    0.2038    0.2827
   0.2933    0.4603    0.5072    0.5157    0.5324    0.5677    0.6085    0.6361
   0.6774    0.7277    0.7826    0.8707    0.9415    1.0018    1.0556    1.1366
   1.1479    1.1959    1.2403    1.3040    1.3115    1.3596    1.4143    1.4430
   1.4838    1.5078    1.5511    1.5759    1.5915    1.6406    1.6872    1.7006
   1.7107    1.8227    1.8408    1.8856    1.9504    1.9830    2.0015    2.0556
   2.0724    2.1119    2.1607    2.1714    2.2147    2.3422    2.3654    2.4062
   2.4203    2.4664    2.5280    2.6819    2.7154    2.7244    2.7454    2.7784
   2.8189    2.8293    2.8989    2.9831    3.0321    3.0528    3.1029    3.1571
   3.2278    3.3166    3.4062    3.5076    3.6252    3.6372    3.7283    3.8736
   4.1664    4.2296    4.3332

 Heat of formation   =        231.77406966 kcal/mol  (       10.05047785 eV)

 Total SCF energy    =    -164273.09365376 kcal/mol  (    -7123.41588196 eV)
 Electronic energy   =   -1737295.72305475 kcal/mol  (   -75334.79567472 eV)
 Core-core repulsion =    1573022.62940098 kcal/mol  (    68211.37979277 eV)
 
    Atomic Charges for Step       1 :
  Atom    Element       Mulliken Charge
     1      C                 -0.130
     2      C                 -0.045
     3      C                 -0.138
     4      C                 -0.063
     5      C                 -0.034
     6      C                 -0.015
     7      N                 -0.072
     8      N                 -0.147
     9      C                 -0.021
    10      C                 -0.006
    11      C                 -0.096
    12      C                 -0.110
    13      C                 -0.098
    14      C                 -0.064
    15      C                 -0.169
    16      C                  0.371
    17      O                 -0.441
    18      N                 -0.357
    19      C                 -0.035
    20      C                 -0.089
    21      N                 -0.308
    22      C                 -0.066
    23      N                 -0.380
    24      C                  0.369
    25      O                 -0.404
    26      C                 -0.132
    27      C                 -0.028
    28      C                 -0.138
    29      C                 -0.054
    30      C                 -0.030
    31      N                 -0.063
    32      C                 -0.021
    33      C                  0.002
    34      N                 -0.170
    35      C                 -0.004
    36      C                 -0.074
    37      C                 -0.088
    38      C                 -0.116
    39      C                 -0.085
    40      C                 -0.165
    41      C                 -0.043
    42      C                 -0.162
    43      N                 -0.030
    44      C                 -0.193
    45      H                  0.158
    46      H                  0.159
    47      H                  0.169
    48      H                  0.166
    49      H                  0.155
    50      H                  0.151
    51      H                  0.093
    52      H                  0.097
    53      H                  0.069
    54      H                  0.248
    55      H                  0.104
    56      H                  0.111
    57      H                  0.076
    58      H                  0.111
    59      H                  0.187
    60      H                  0.106
    61      H                  0.121
    62      H                  0.254
    63      H                  0.161
    64      H                  0.162
    65      H                  0.172
    66      H                  0.148
    67      H                  0.156
    68      H                  0.169
    69      H                  0.094
    70      H                  0.081
    71      H                  0.062
    72      H                  0.125
    73      H                  0.137
    74      H                  0.165
    75      H                  0.155
    76      H                  0.255
    77      H                  0.266
    78      H                  0.130
    79      H                  0.167
 Total Mulliken Charge =       1.000
 
                  X        Y        Z     TOTAL  
  QM DIPOLE   158.789  145.789  155.231  265.641
 
 Final Structure

  QMMM: QM Region Cartesian Coordinates (*=link atom) 
  QMMM: QM_NO.   MM_NO.  ATOM         X         Y         Z
  QMMM:     1        1      C       30.4718   29.9282   35.2654
  QMMM:     2        2      C       29.9337   28.6869   35.4600
  QMMM:     3        3      C       28.5925   28.4046   35.0724
  QMMM:     4        4      C       27.8127   29.3589   34.4912
  QMMM:     5        5      C       28.3360   30.6822   34.2479
  QMMM:     6        6      C       29.7012   30.9794   34.6440
  QMMM:     7        7      N       27.5605   31.6239   33.6574
  QMMM:     8        8      N       30.2472   32.2024   34.4282
  QMMM:     9        9      C       28.0988   32.8486   33.4540
  QMMM:    10       10      C       29.4715   33.1474   33.8458
  QMMM:    11       11      C       27.3083   33.8874   32.8370
  QMMM:    12       12      C       27.8435   35.1210   32.6286
  QMMM:    13       13      C       29.1837   35.4166   33.0103
  QMMM:    14       14      C       29.9880   34.4802   33.5992
  QMMM:    15       15      C       31.3739   34.8125   34.0039
  QMMM:    16       16      C       31.8799   30.2072   35.6795
  QMMM:    17       17      O       32.8442   29.6116   35.1397
  QMMM:    18       18      N       32.0607   31.1460   36.6626
  QMMM:    19       19      C       33.3314   31.4794   37.2420
  QMMM:    20       20      C       34.4551   31.8433   36.2513
  QMMM:    21       21      N       34.1529   32.9046   35.3173
  QMMM:    22       22      C       34.6621   32.7411   33.9882
  QMMM:    23       23      N       35.9360   28.3902   31.1117
  QMMM:    24       24      C       36.4661   29.3351   30.2531
  QMMM:    25       25      O       36.9494   30.3952   30.7107
  QMMM:    26       26      C       36.3807   29.0487   28.7968
  QMMM:    27       27      C       37.5004   28.8194   28.0485
  QMMM:    28       28      C       37.3965   28.5621   26.6508
  QMMM:    29       29      C       36.1859   28.5457   26.0250
  QMMM:    30       30      C       34.9736   28.7995   26.7675
  QMMM:    31       31      N       33.7726   28.7943   26.1405
  QMMM:    32       32      C       32.6712   29.0531   26.8832
  QMMM:    33       33      C       32.7679   29.3373   28.3101
  QMMM:    34       34      N       33.9689   29.3378   28.9369
  QMMM:    35       35      C       35.0693   29.0654   28.1914
  QMMM:    36       36      C       31.5497   29.6194   29.0433
  QMMM:    37       37      C       30.3482   29.6019   28.3898
  QMMM:    38       38      C       30.2567   29.3171   26.9972
  QMMM:    39       39      C       31.3689   29.0523   26.2592
  QMMM:    40       40      C       31.6230   29.9262   30.4909
  QMMM:    41       41      C       35.9289   28.5854   32.5284
  QMMM:    42       42      C       34.7886   29.4817   33.0587
  QMMM:    43       43      N       34.7013   30.7863   32.3426
  QMMM:    44       44      C       33.8644   31.7935   33.0506
  QMMM:    45       45      H       30.5315   27.8849   35.9249
  QMMM:    46       46      H       28.1970   27.3929   35.2597
  QMMM:    47       47      H       26.7705   29.1456   34.1976
  QMMM:    48       48      H       26.2695   33.6551   32.5486
  QMMM:    49       49      H       27.2453   35.9207   32.1617
  QMMM:    50       50      H       29.5630   36.4351   32.8226
  QMMM:    51       51      H       31.6331   35.8645   33.7267
  QMMM:    52       52      H       31.4910   34.7025   35.1118
  QMMM:    53       53      H       32.1049   34.1271   33.5035
  QMMM:    54       54      H       31.2632   31.6297   37.0077
  QMMM:    55       55      H       33.7083   30.5987   37.8407
  QMMM:    56       56      H       33.1691   32.3436   37.9480
  QMMM:    57       57      H       34.7668   30.8977   35.7203
  QMMM:    58       58      H       35.3325   32.1940   36.8699
  QMMM:    59       59      H       33.1853   33.1673   35.3180
  QMMM:    60       60      H       35.7388   32.4138   34.0598
  QMMM:    61       61      H       34.6482   33.7624   33.5058
  QMMM:    62       62      H       35.4989   27.5797   30.7393
  QMMM:    63       63      H       38.5008   28.8307   28.5131
  QMMM:    64       64      H       38.3242   28.3768   26.0848
  QMMM:    65       65      H       36.1042   28.3435   24.9428
  QMMM:    66       66      H       29.4143   29.8115   28.9377
  QMMM:    67       67      H       29.2589   29.3169   26.5285
  QMMM:    68       68      H       31.3044   28.8332   25.1800
  QMMM:    69       69      H       30.6003   30.0479   30.9271
  QMMM:    70       70      H       32.1444   29.1049   31.0439
  QMMM:    71       71      H       32.1881   30.8790   30.6554
  QMMM:    72       72      H       36.9163   29.0377   32.8415
  QMMM:    73       73      H       35.8127   27.5877   33.0418
  QMMM:    74       74      H       34.9684   29.6771   34.1558
  QMMM:    75       75      H       33.7877   28.9685   32.9694
  QMMM:    76       76      H       34.3021   30.6138   31.4082
  QMMM:    77       77      H       35.6585   31.1551   32.2017
  QMMM:    78       78      H       33.3566   32.4156   32.2584
  QMMM:    79       79      H       33.0640   31.2399   33.6266
 
           --------- Calculation Completed ----------
 
