            --------------------------------------------------------
                             AMBER SQM VERSION 19
 
                                     By
              Ross C. Walker, Michael F. Crowley, Scott Brozell,
                         Tim Giese, Andreas W. Goetz,
                        Tai-Sung Lee and David A. Case
 
            --------------------------------------------------------
 

--------------------------------------------------------------------------------
  QM CALCULATION INFO
--------------------------------------------------------------------------------

| QMMM: Citation for AMBER QMMM Run:
| QMMM: R.C. Walker, M.F. Crowley and D.A. Case, J. COMP. CHEM. 29:1019, 2008

QMMM: SINGLET STATE CALCULATION
QMMM: RHF CALCULATION, NO. OF DOUBLY OCCUPIED LEVELS = 80

| QMMM: *** Selected Hamiltonian *** 
| QMMM: AM1         

| QMMM: *** Parameter sets in use ***
| QMMM: O : M.J.S.DEWAR et al. JACS, 107, 3902, (1985)
| QMMM: C : M.J.S.DEWAR et al. JACS, 107, 3902, (1985)
| QMMM: N : M.J.S.DEWAR et al. JACS, 107, 3902, (1985)
| QMMM: H : M.J.S.DEWAR et al. JACS, 107, 3902, (1985)

| QMMM: *** SCF convergence criteria ***
| QMMM: Energy change                :  0.1D-09 kcal/mol
| QMMM: Error matrix |FP-PF|         :  0.1D+00 au
| QMMM: Density matrix change        :  0.5D-06
| QMMM: Maximum number of SCF cycles :     1000
 
| QMMM: *** Diagonalization Routine Information ***
| QMMM: Pseudo diagonalizations are allowed.
| QMMM: Auto diagonalization routine selection is in use.
| QMMM:
| QMMM: Timing diagonalization routines:
| QMMM:                              norbs =      153
| QMMM:    diag iterations used for timing =        5
| QMMM:
| QMMM:              Internal diag routine = 0.945883 seconds
| QMMM:                 Dspev diag routine = 4.222078 seconds
| QMMM:                Dspevd diag routine = 0.469484 seconds
| QMMM:                Dspevx diag routine = 1.097800 seconds
| QMMM:                 Dsyev diag routine = 0.455426 seconds
| QMMM:                Dsyevd diag routine = 0.726913 seconds
| QMMM:                Dsyevr diag routine = 0.817883 seconds
| QMMM:
| QMMM:                Pseudo diag routine = 0.008824 seconds
| QMMM:
| QMMM: Using dsyev routine (diag_routine=5).

  QMMM: QM Region Cartesian Coordinates (*=link atom) 
  QMMM: QM_NO.   MM_NO.  ATOM         X         Y         Z
  QMMM:     1        1      O       11.1420   17.4130   16.7450
  QMMM:     2        2      C       10.6070   18.1310   15.8660
  QMMM:     3        3      C        9.5650   19.7420   13.8500
  QMMM:     4        4      C       11.5000   18.8450   15.0330
  QMMM:     5        5      C       10.9350   19.6040   14.0160
  QMMM:     6        6      C        9.2270   18.2120   15.6940
  QMMM:     7        7      C        8.6790   19.0080   14.6830
  QMMM:     8        8      C        9.0600   20.4360   12.7600
  QMMM:     9        9      N        9.8090   21.0650   11.7290
  QMMM:    10       10      C        8.8710   21.6090   10.8170
  QMMM:    11       11      C        7.5110   21.3410   11.2600
  QMMM:    12       12      N        7.7180   20.5980   12.4690
  QMMM:    13       13      C        6.4660   21.8120   10.4600
  QMMM:    14       14      C        6.7410   22.5420    9.2840
  QMMM:    15       15      C        8.0480   22.7450    8.8810
  QMMM:    16       16      C        9.1530   22.2870    9.7070
  QMMM:    17       17      C        8.4070   23.5000    7.8170
  QMMM:    18       18      N        9.6710   23.3780    7.1630
  QMMM:    19       19      C        9.7740   24.3720    6.2380
  QMMM:    20       20      C        8.5830   25.1920    6.3300
  QMMM:    21       21      N        7.7910   24.6650    7.3020
  QMMM:    22       22      C        8.4290   26.2350    5.5240
  QMMM:    23       23      C        9.4610   26.5430    4.5660
  QMMM:    24       24      C       10.6020   25.7440    4.4740
  QMMM:    25       25      C       10.7450   24.6320    5.3460
  QMMM:    26       26      N       11.5430   25.9590    3.5550
  QMMM:    27       27      C       11.2120   26.9000    2.5040
  QMMM:    28       28      C       12.4510   27.4600    1.9960
  QMMM:    29       29      N       13.2990   26.4340    1.5400
  QMMM:    30       30      C       13.2740   25.1720    2.0950
  QMMM:    31       31      C       12.3730   24.8920    3.1320
  QMMM:    32       32      C       13.2210   26.4260    0.1590
  QMMM:    33       33      H       10.4600   16.9710   17.2570
  QMMM:    34       34      H       12.5650   18.7830   15.2040
  QMMM:    35       35      H       11.6140   20.0990   13.3370
  QMMM:    36       36      H        8.5680   17.6570   16.3450
  QMMM:    37       37      H        7.6120   19.0730   14.5270
  QMMM:    38       38      H       10.8190   21.0540   11.7600
  QMMM:    39       39      H        5.4410   21.6180   10.7410
  QMMM:    40       40      H        5.9290   22.9440    8.6960
  QMMM:    41       41      H       10.1810   22.4840    9.4410
  QMMM:    42       42      H       10.3060   22.6370    7.4250
  QMMM:    43       43      H        7.5380   26.8420    5.5900
  QMMM:    44       44      H        9.3540   27.3970    3.9130
  QMMM:    45       45      H       11.6190   23.9990    5.2990
  QMMM:    46       46      H       10.5940   27.6990    2.9140
  QMMM:    47       47      H       10.6930   26.3780    1.7000
  QMMM:    48       48      H       12.9500   28.0170    2.7890
  QMMM:    49       49      H       12.2310   28.1420    1.1740
  QMMM:    50       50      H       14.2300   26.7740    1.7350
  QMMM:    51       51      H       14.2810   24.9070    2.4180
  QMMM:    52       52      H       13.1400   24.4380    1.3010
  QMMM:    53       53      H       11.7500   24.0440    2.8470
  QMMM:    54       54      H       12.9220   24.5030    3.9890
  QMMM:    55       55      H       13.8660   25.6420   -0.2370
  QMMM:    56       56      H       12.1920   26.2380   -0.1460
  QMMM:    57       57      H       13.5440   27.3920   -0.2290

--------------------------------------------------------------------------------
  RESULTS
--------------------------------------------------------------------------------

      iter         sqm energy              rms gradient
      ----    -------------------    -----------------------
xmin    10      295.8022 kcal/mol        0.8928 kcal/(mol*A)
xmin    20      289.7782 kcal/mol        0.9565 kcal/(mol*A)
xmin    30      289.0662 kcal/mol        0.2880 kcal/(mol*A)
xmin    40      288.4276 kcal/mol        0.2787 kcal/(mol*A)
xmin    50      288.2438 kcal/mol        0.1551 kcal/(mol*A)
xmin    60      288.2136 kcal/mol        0.0930 kcal/(mol*A)
xmin    70      288.0506 kcal/mol        0.3294 kcal/(mol*A)
xmin    80      287.8886 kcal/mol        0.1181 kcal/(mol*A)
xmin    90      287.8206 kcal/mol        0.1319 kcal/(mol*A)
xmin   100      287.7998 kcal/mol        0.0212 kcal/(mol*A)
xmin   110      287.7968 kcal/mol        0.0126 kcal/(mol*A)
xmin   120      287.7966 kcal/mol        0.0034 kcal/(mol*A)
xmin   130      287.7966 kcal/mol        0.0007 kcal/(mol*A)
xmin   130      287.7966 kcal/mol        0.0004 kcal/(mol*A)
  ... geometry converged !
 
 Final MO eigenvalues (eV):
 -45.8125  -43.8052  -43.1172  -41.8030  -41.6017  -39.7337  -38.8729  -38.1958
 -36.1693  -35.8920  -35.3191  -34.2507  -33.4332  -33.1656  -32.8768  -32.2619
 -31.4269  -30.5808  -29.5544  -29.2378  -26.6331  -26.1226  -25.6664  -25.2782
 -24.8783  -24.6765  -24.2967  -23.1556  -23.0338  -22.8233  -22.2204  -21.9738
 -20.9822  -20.4853  -20.2701  -20.2179  -19.9078  -19.5201  -18.9441  -18.9156
 -18.4805  -18.4343  -18.2417  -18.1893  -18.0909  -17.8830  -17.7016  -17.3400
 -17.2751  -17.1224  -17.0936  -16.8665  -16.7452  -16.6235  -16.5443  -16.4439
 -16.3078  -16.0822  -15.8711  -15.7778  -15.6330  -15.0549  -14.9459  -14.8442
 -14.4324  -14.4033  -14.1069  -13.8688  -13.5601  -13.3978  -13.3336  -13.0204
 -12.9823  -12.6795  -11.5197  -11.3825  -11.3380  -10.8447  -10.6678   -9.9818
  -3.8052   -2.6318   -1.9784   -1.8858   -1.8108   -1.6521   -1.5837   -1.2244
  -1.1736   -1.0909   -1.0086   -0.8493   -0.7680   -0.7089   -0.5632   -0.4884
  -0.4405   -0.4019   -0.2936   -0.2864   -0.2452   -0.0467    0.0747    0.3280
   0.3698    0.5177    0.6180    0.7585    0.8183    1.0711    1.2534    1.2991
   1.3817    1.4948    1.5932    1.6042    1.6955    1.8714    1.9315    2.0838
   2.1429    2.1751    2.3098    2.3488    2.4244    2.4584    2.5857    2.6668
   2.7113    2.7534    2.8136    2.9472    2.9631    3.0072    3.1327    3.1959
   3.2411    3.3665    3.5206    3.6043    3.6909    3.7307    3.7998    3.8396
   3.9209    3.9998    4.1537    4.2950    4.3092    4.5683    4.6961    4.9264
   5.1346

 Heat of formation   =        287.79656437 kcal/mol  (       12.47979551 eV)

 Total SCF energy    =    -117544.13394632 kcal/mol  (    -5097.09613401 eV)
 Electronic energy   =    -923745.27685561 kcal/mol  (   -40056.60105180 eV)
 Core-core repulsion =     806201.14290930 kcal/mol  (    34959.50491780 eV)
 
    Atomic Charges for Step       1 :
  Atom    Element       Mulliken Charge
     1      O                 -0.242
     2      C                  0.107
     3      C                 -0.089
     4      C                 -0.163
     5      C                 -0.079
     6      C                 -0.220
     7      C                 -0.035
     8      C                  0.095
     9      N                 -0.239
    10      C                 -0.037
    11      C                 -0.039
    12      N                 -0.137
    13      C                 -0.075
    14      C                 -0.105
    15      C                 -0.045
    16      C                 -0.114
    17      C                  0.100
    18      N                 -0.234
    19      C                 -0.035
    20      C                 -0.046
    21      N                 -0.127
    22      C                 -0.053
    23      C                 -0.178
    24      C                 -0.035
    25      C                 -0.090
    26      N                 -0.224
    27      C                 -0.089
    28      C                 -0.128
    29      N                  0.003
    30      C                 -0.136
    31      C                 -0.097
    32      C                 -0.193
    33      H                  0.227
    34      H                  0.158
    35      H                  0.131
    36      H                  0.146
    37      H                  0.161
    38      H                  0.260
    39      H                  0.161
    40      H                  0.157
    41      H                  0.132
    42      H                  0.264
    43      H                  0.164
    44      H                  0.126
    45      H                  0.146
    46      H                  0.150
    47      H                  0.091
    48      H                  0.143
    49      H                  0.140
    50      H                  0.254
    51      H                  0.145
    52      H                  0.140
    53      H                  0.122
    54      H                  0.129
    55      H                  0.143
    56      H                  0.143
    57      H                  0.144
 Total Mulliken Charge =       1.000
 
                  X        Y        Z     TOTAL  
  QM DIPOLE    63.904  125.597   12.004  141.430
 
 Final Structure

  QMMM: QM Region Cartesian Coordinates (*=link atom) 
  QMMM: QM_NO.   MM_NO.  ATOM         X         Y         Z
  QMMM:     1        1      O       10.6062   18.0389   17.9254
  QMMM:     2        2      C       10.1705   18.5582   16.7329
  QMMM:     3        3      C        9.4361   19.6234   14.2642
  QMMM:     4        4      C       11.1550   18.7837   15.7532
  QMMM:     5        5      C       10.7794   19.3127   14.5258
  QMMM:     6        6      C        8.8237   18.8565   16.4785
  QMMM:     7        7      C        8.4614   19.3860   15.2438
  QMMM:     8        8      C        9.0333   20.1801   12.9724
  QMMM:     9        9      N        9.8998   21.0057   12.2120
  QMMM:    10       10      C        9.1969   21.3708   11.0617
  QMMM:    11       11      C        7.8986   20.7181   11.1666
  QMMM:    12       12      N        7.8373   19.9872   12.3647
  QMMM:    13       13      C        6.9583   20.8954   10.1432
  QMMM:    14       14      C        7.2999   21.6887    9.0586
  QMMM:    15       15      C        8.5645   22.3085    8.9638
  QMMM:    16       16      C        9.5298   22.1635    9.9623
  QMMM:    17       17      C        8.8543   23.1292    7.7846
  QMMM:    18       18      N       10.1447   23.1540    7.1959
  QMMM:    19       19      C       10.0667   24.0073    6.0951
  QMMM:    20       20      C        8.6938   24.4907    6.0672
  QMMM:    21       21      N        7.9730   23.9244    7.1302
  QMMM:    22       22      C        8.3055   25.3876    5.0627
  QMMM:    23       23      C        9.2446   25.7794    4.1251
  QMMM:    24       24      C       10.5824   25.3024    4.1552
  QMMM:    25       25      C       11.0102   24.4088    5.1459
  QMMM:    26       26      N       11.5472   25.7170    3.1688
  QMMM:    27       27      C       11.8088   27.1489    3.1968
  QMMM:    28       28      C       13.0199   27.5396    2.3208
  QMMM:    29       29      N       13.2330   26.6108    1.1585
  QMMM:    30       30      C       11.9193   26.0443    0.7113
  QMMM:    31       31      C       11.2209   25.2420    1.8275
  QMMM:    32       32      C       13.9426   27.2840    0.0462
  QMMM:    33       33      H        9.8368   17.9138   18.5017
  QMMM:    34       34      H       12.2030   18.5332   15.9712
  QMMM:    35       35      H       11.5508   19.4662   13.7560
  QMMM:    36       36      H        8.0591   18.6707   17.2465
  QMMM:    37       37      H        7.4030   19.6154   15.0387
  QMMM:    38       38      H       10.7809   21.3409   12.4950
  QMMM:    39       39      H        5.9704   20.4148   10.2063
  QMMM:    40       40      H        6.5652   21.8438    8.2519
  QMMM:    41       41      H       10.5042   22.6662    9.9048
  QMMM:    42       42      H       10.9232   22.6198    7.4766
  QMMM:    43       43      H        7.2728   25.7677    5.0277
  QMMM:    44       44      H        8.9389   26.4840    3.3359
  QMMM:    45       45      H       12.0428   24.0339    5.1804
  QMMM:    46       46      H       12.0466   27.4429    4.2591
  QMMM:    47       47      H       10.9192   27.7574    2.8609
  QMMM:    48       48      H       13.9632   27.5280    2.9362
  QMMM:    49       49      H       12.8560   28.5806    1.9241
  QMMM:    50       50      H       13.8086   25.8238    1.4919
  QMMM:    51       51      H       12.1007   25.3720   -0.1735
  QMMM:    52       52      H       11.2711   26.9070    0.3879
  QMMM:    53       53      H       10.1141   25.2724    1.6030
  QMMM:    54       54      H       11.5499   24.1646    1.7847
  QMMM:    55       55      H       14.1676   26.5343   -0.7594
  QMMM:    56       56      H       13.2993   28.1019   -0.3755
  QMMM:    57       57      H       14.9019   27.7230    0.4320
 
           --------- Calculation Completed ----------
 
