            --------------------------------------------------------
                             AMBER SQM VERSION 19
 
                                     By
              Ross C. Walker, Michael F. Crowley, Scott Brozell,
                         Tim Giese, Andreas W. Goetz,
                        Tai-Sung Lee and David A. Case
 
            --------------------------------------------------------
 

--------------------------------------------------------------------------------
  QM CALCULATION INFO
--------------------------------------------------------------------------------

| QMMM: Citation for AMBER QMMM Run:
| QMMM: R.C. Walker, M.F. Crowley and D.A. Case, J. COMP. CHEM. 29:1019, 2008

QMMM: SINGLET STATE CALCULATION
QMMM: RHF CALCULATION, NO. OF DOUBLY OCCUPIED LEVELS =111

| QMMM: *** Selected Hamiltonian *** 
| QMMM: AM1         

| QMMM: *** Parameter sets in use ***
| QMMM: C : M.J.S.DEWAR et al. JACS, 107, 3902, (1985)
| QMMM: N : M.J.S.DEWAR et al. JACS, 107, 3902, (1985)
| QMMM: O : M.J.S.DEWAR et al. JACS, 107, 3902, (1985)
| QMMM: H : M.J.S.DEWAR et al. JACS, 107, 3902, (1985)

| QMMM: *** SCF convergence criteria ***
| QMMM: Energy change                :  0.1D-09 kcal/mol
| QMMM: Error matrix |FP-PF|         :  0.1D+00 au
| QMMM: Density matrix change        :  0.5D-06
| QMMM: Maximum number of SCF cycles :     1000
 
| QMMM: *** Diagonalization Routine Information ***
| QMMM: Pseudo diagonalizations are allowed.
| QMMM: Auto diagonalization routine selection is in use.
| QMMM:
| QMMM: Timing diagonalization routines:
| QMMM:                              norbs =      211
| QMMM:    diag iterations used for timing =        4
| QMMM:
| QMMM:              Internal diag routine = 0.990402 seconds
| QMMM:                 Dspev diag routine = 4.621200 seconds
| QMMM:                Dspevd diag routine = 3.996089 seconds
| QMMM:                Dspevx diag routine = 5.982954 seconds
| QMMM:                 Dsyev diag routine = 5.923156 seconds
| QMMM:                Dsyevd diag routine = 2.743019 seconds
| QMMM:                Dsyevr diag routine = 4.849041 seconds
| QMMM:
| QMMM:                Pseudo diag routine = 0.081996 seconds
| QMMM:
| QMMM: Using internal diagonalization routine (diag_routine=1).

  QMMM: QM Region Cartesian Coordinates (*=link atom) 
  QMMM: QM_NO.   MM_NO.  ATOM         X         Y         Z
  QMMM:     1        1      C       34.0130   35.4420   34.0650
  QMMM:     2        2      C       32.8960   36.2850   34.0200
  QMMM:     3        3      C       32.3620   36.7010   32.8070
  QMMM:     4        4      C       32.9470   36.2830   31.6180
  QMMM:     5        5      C       34.0680   35.4580   31.6250
  QMMM:     6        6      C       34.6230   35.0350   32.8600
  QMMM:     7        7      N       34.5790   35.0750   30.4290
  QMMM:     8        8      N       35.7290   34.2420   32.8660
  QMMM:     9        9      C       35.6800   34.2870   30.4570
  QMMM:    10       10      C       36.2720   33.8810   31.6750
  QMMM:    11       11      C       36.2460   33.8790   29.2510
  QMMM:    12       12      C       37.3960   33.0940   29.2340
  QMMM:    13       13      C       37.9910   32.7090   30.4300
  QMMM:    14       14      C       37.4340   33.0930   31.6520
  QMMM:    15       15      C       38.1200   32.6670   32.9450
  QMMM:    16       16      C       34.4410   34.9860   35.4320
  QMMM:    17       17      O       33.9170   35.3830   36.4490
  QMMM:    18       18      N       35.3870   34.0490   35.5430
  QMMM:    19       19      C       35.8030   33.4270   36.8020
  QMMM:    20       20      C       34.6670   32.5580   37.3800
  QMMM:    21       21      N       34.1210   31.5210   36.4110
  QMMM:    22       22      C       33.1950   30.5360   37.0960
  QMMM:    23       23      N       29.2330   27.3170   35.7670
  QMMM:    24       24      C       30.0310   26.6120   34.9590
  QMMM:    25       25      O       31.0530   26.1580   35.4450
  QMMM:    26       26      C       29.7000   26.5100   33.4940
  QMMM:    27       27      C       30.6280   25.8330   32.6920
  QMMM:    28       28      C       30.4880   25.7910   31.3110
  QMMM:    29       29      C       29.4160   26.4350   30.7080
  QMMM:    30       30      C       28.4660   27.1040   31.4710
  QMMM:    31       31      N       27.4670   27.7430   30.8130
  QMMM:    32       32      C       26.5300   28.3600   31.5710
  QMMM:    33       33      C       26.5890   28.3420   32.9820
  QMMM:    34       34      N       27.6250   27.7430   33.6280
  QMMM:    35       35      C       28.5790   27.1190   32.8860
  QMMM:    36       36      C       25.5630   28.9480   33.7250
  QMMM:    37       37      C       24.5030   29.5760   33.0660
  QMMM:    38       38      C       24.4600   29.6120   31.6750
  QMMM:    39       39      C       25.4730   29.0070   30.9350
  QMMM:    40       40      C       25.5780   28.9140   35.2500
  QMMM:    41       41      C       29.4920   27.6610   37.1710
  QMMM:    42       42      C       30.5520   28.7780   37.2610
  QMMM:    43       43      N       31.9430   28.2810   36.9090
  QMMM:    44       44      C       32.8050   29.3280   36.2180
  QMMM:    45       45      H       32.4360   36.6220   34.9370
  QMMM:    46       46      H       31.4960   37.3460   32.7910
  QMMM:    47       47      H       32.5320   36.5980   30.6720
  QMMM:    48       48      H       35.7930   34.1720   28.3150
  QMMM:    49       49      H       37.8250   32.7850   28.2920
  QMMM:    50       50      H       38.8890   32.1090   30.4180
  QMMM:    51       51      H       38.9980   32.0650   32.7100
  QMMM:    52       52      H       38.4260   33.5520   33.5030
  QMMM:    53       53      H       37.4280   32.0790   33.5470
  QMMM:    54       54      H       35.8720   33.7210   34.7200
  QMMM:    55       55      H       36.0680   34.2030   37.5200
  QMMM:    56       56      H       36.6820   32.8060   36.6270
  QMMM:    57       57      H       33.8540   33.2020   37.7150
  QMMM:    58       58      H       35.0180   32.0590   38.2830
  QMMM:    59       59      H       33.6020   31.9840   35.6790
  QMMM:    60       60      H       32.2920   31.0540   37.4200
  QMMM:    61       61      H       33.6620   30.1800   38.0140
  QMMM:    62       62      H       28.3520   27.6710   35.4230
  QMMM:    63       63      H       31.4700   25.3320   33.1460
  QMMM:    64       64      H       31.2110   25.2590   30.7110
  QMMM:    65       65      H       29.3120   26.4200   29.6330
  QMMM:    66       66      H       23.7100   30.0380   33.6360
  QMMM:    67       67      H       23.6430   30.1080   31.1730
  QMMM:    68       68      H       25.4330   29.0430   29.8560
  QMMM:    69       69      H       24.7010   29.4360   35.6340
  QMMM:    70       70      H       25.5620   27.8790   35.5910
  QMMM:    71       71      H       26.4810   29.4030   35.6160
  QMMM:    72       72      H       29.8490   26.7780   37.7010
  QMMM:    73       73      H       28.5670   28.0000   37.6380
  QMMM:    74       74      H       30.5590   29.1910   38.2700
  QMMM:    75       75      H       30.2780   29.5930   36.5910
  QMMM:    76       76      H       31.8680   27.4650   36.3180
  QMMM:    77       77      H       32.4080   27.9640   37.7480
  QMMM:    78       78      H       33.7090   28.8550   35.8340
  QMMM:    79       79      H       32.2930   29.6830   35.3230

--------------------------------------------------------------------------------
  RESULTS
--------------------------------------------------------------------------------

      iter         sqm energy              rms gradient
      ----    -------------------    -----------------------
xmin    10      246.3663 kcal/mol        0.6074 kcal/(mol*A)
xmin    20      243.2078 kcal/mol        0.8732 kcal/(mol*A)
xmin    30      241.1573 kcal/mol        0.6843 kcal/(mol*A)
xmin    40      240.1959 kcal/mol        0.2086 kcal/(mol*A)
xmin    50      238.7561 kcal/mol        0.3095 kcal/(mol*A)
xmin    60      237.6098 kcal/mol        0.7936 kcal/(mol*A)
xmin    70      235.7279 kcal/mol        0.6255 kcal/(mol*A)
xmin    80      234.3047 kcal/mol        0.3811 kcal/(mol*A)
xmin    90      233.3606 kcal/mol        0.3180 kcal/(mol*A)
xmin   100      233.1199 kcal/mol        0.3057 kcal/(mol*A)
xmin   110      233.0529 kcal/mol        0.1211 kcal/(mol*A)
xmin   120      233.0194 kcal/mol        0.1830 kcal/(mol*A)
xmin   130      232.8990 kcal/mol        0.2252 kcal/(mol*A)
xmin   140      232.6717 kcal/mol        0.1988 kcal/(mol*A)
xmin   150      232.3686 kcal/mol        0.3433 kcal/(mol*A)
xmin   160      232.3038 kcal/mol        0.0709 kcal/(mol*A)
xmin   170      232.2519 kcal/mol        0.0426 kcal/(mol*A)
xmin   180      232.1405 kcal/mol        0.1122 kcal/(mol*A)
xmin   190      232.0580 kcal/mol        0.1219 kcal/(mol*A)
xmin   200      232.0287 kcal/mol        0.0507 kcal/(mol*A)
xmin   210      231.9963 kcal/mol        0.0761 kcal/(mol*A)
xmin   220      231.9875 kcal/mol        0.0539 kcal/(mol*A)
xmin   230      231.9706 kcal/mol        0.0341 kcal/(mol*A)
xmin   240      231.9692 kcal/mol        0.0121 kcal/(mol*A)
xmin   250      231.9651 kcal/mol        0.0183 kcal/(mol*A)
xmin   260      231.9616 kcal/mol        0.0105 kcal/(mol*A)
xmin   270      231.9604 kcal/mol        0.0384 kcal/(mol*A)
xmin   280      231.9591 kcal/mol        0.0104 kcal/(mol*A)
xmin   290      231.9587 kcal/mol        0.0112 kcal/(mol*A)
xmin   300      231.9579 kcal/mol        0.0068 kcal/(mol*A)
xmin   310      231.9576 kcal/mol        0.0054 kcal/(mol*A)
xmin   320      231.9574 kcal/mol        0.0043 kcal/(mol*A)
xmin   330      231.9572 kcal/mol        0.0047 kcal/(mol*A)
xmin   340      231.9572 kcal/mol        0.0038 kcal/(mol*A)
xmin   350      231.9568 kcal/mol        0.0070 kcal/(mol*A)
xmin   360      231.9564 kcal/mol        0.0224 kcal/(mol*A)
xmin   370      231.9559 kcal/mol        0.0122 kcal/(mol*A)
xmin   380      231.9517 kcal/mol        0.0477 kcal/(mol*A)
xmin   390      231.9360 kcal/mol        0.0717 kcal/(mol*A)
xmin   400      231.8907 kcal/mol        0.1753 kcal/(mol*A)
xmin   410      231.8424 kcal/mol        0.1447 kcal/(mol*A)
xmin   420      231.7966 kcal/mol        0.0932 kcal/(mol*A)
xmin   430      231.7888 kcal/mol        0.0298 kcal/(mol*A)
xmin   440      231.7761 kcal/mol        0.0228 kcal/(mol*A)
xmin   450      231.7745 kcal/mol        0.0077 kcal/(mol*A)
xmin   460      231.7741 kcal/mol        0.0016 kcal/(mol*A)
xmin   470      231.7741 kcal/mol        0.0012 kcal/(mol*A)
  ... geometry converged !
 
 Final MO eigenvalues (eV):
 -44.3899  -44.0241  -43.8120  -42.7016  -42.3596  -41.3234  -41.1244  -40.1194
 -39.0758  -38.9401  -38.6872  -38.2464  -38.1638  -37.8932  -35.8717  -35.6618
 -34.6685  -34.0328  -33.4935  -33.3510  -33.2749  -32.5345  -30.7282  -30.2465
 -30.0372  -29.0215  -28.8379  -28.1252  -27.6849  -27.3665  -27.2916  -26.4998
 -26.0497  -25.3390  -24.3196  -24.1503  -24.1256  -23.5749  -23.2786  -23.1590
 -22.8631  -21.9320  -21.7101  -21.5553  -21.0895  -20.7865  -20.6141  -20.1271
 -19.9233  -19.8101  -19.6758  -19.5531  -19.4372  -19.2035  -18.7734  -18.6612
 -18.5496  -18.5081  -18.4457  -18.3657  -18.2928  -18.1289  -18.0279  -17.7784
 -17.6921  -17.5713  -17.4371  -17.3088  -17.1687  -17.0307  -16.9832  -16.8245
 -16.7866  -16.7386  -16.3772  -16.1684  -16.0248  -15.9995  -15.8030  -15.7874
 -15.7448  -15.6777  -15.6610  -15.5713  -15.5080  -15.4605  -15.1968  -15.1215
 -15.0315  -15.0248  -15.0086  -14.9640  -14.9293  -14.8659  -14.7988  -14.6439
 -14.2258  -14.1037  -14.0912  -13.6628  -13.3810  -12.8285  -12.6876  -12.5709
 -12.5111  -12.4271  -12.2357  -11.9449  -11.8927  -11.3515  -11.2460   -3.8265
  -3.7494   -3.0102   -2.9671   -2.5804   -2.3900   -2.2851   -1.7897   -1.4305
  -1.3545   -1.1802   -1.1435   -1.0681   -1.0238   -0.5770   -0.5680   -0.4541
  -0.4074   -0.1477   -0.0758    0.0439    0.1276    0.1805    0.2038    0.2828
   0.2935    0.4603    0.5072    0.5158    0.5325    0.5680    0.6085    0.6363
   0.6778    0.7278    0.7826    0.8710    0.9416    1.0019    1.0555    1.1367
   1.1482    1.1960    1.2402    1.3039    1.3116    1.3599    1.4144    1.4432
   1.4837    1.5077    1.5514    1.5758    1.5918    1.6403    1.6875    1.7003
   1.7108    1.8225    1.8408    1.8859    1.9508    1.9828    2.0015    2.0561
   2.0722    2.1119    2.1610    2.1713    2.2151    2.3422    2.3657    2.4062
   2.4206    2.4667    2.5278    2.6823    2.7155    2.7243    2.7454    2.7787
   2.8188    2.8296    2.8993    2.9831    3.0325    3.0527    3.1029    3.1574
   3.2278    3.3166    3.4065    3.5077    3.6251    3.6373    3.7286    3.8736
   4.1664    4.2300    4.3334

 Heat of formation   =        231.77407385 kcal/mol  (       10.05047803 eV)

 Total SCF energy    =    -164273.09364957 kcal/mol  (    -7123.41588177 eV)
 Electronic energy   =   -1737182.54023430 kcal/mol  (   -75329.88769933 eV)
 Core-core repulsion =    1572909.44658473 kcal/mol  (    68206.47181756 eV)
 
    Atomic Charges for Step       1 :
  Atom    Element       Mulliken Charge
     1      C                 -0.130
     2      C                 -0.045
     3      C                 -0.138
     4      C                 -0.063
     5      C                 -0.034
     6      C                 -0.015
     7      N                 -0.072
     8      N                 -0.147
     9      C                 -0.021
    10      C                 -0.006
    11      C                 -0.096
    12      C                 -0.110
    13      C                 -0.098
    14      C                 -0.064
    15      C                 -0.169
    16      C                  0.371
    17      O                 -0.441
    18      N                 -0.357
    19      C                 -0.035
    20      C                 -0.089
    21      N                 -0.308
    22      C                 -0.066
    23      N                 -0.380
    24      C                  0.369
    25      O                 -0.404
    26      C                 -0.132
    27      C                 -0.028
    28      C                 -0.138
    29      C                 -0.054
    30      C                 -0.030
    31      N                 -0.063
    32      C                 -0.021
    33      C                  0.002
    34      N                 -0.170
    35      C                 -0.004
    36      C                 -0.074
    37      C                 -0.088
    38      C                 -0.116
    39      C                 -0.085
    40      C                 -0.165
    41      C                 -0.043
    42      C                 -0.162
    43      N                 -0.030
    44      C                 -0.193
    45      H                  0.158
    46      H                  0.159
    47      H                  0.169
    48      H                  0.166
    49      H                  0.155
    50      H                  0.151
    51      H                  0.093
    52      H                  0.097
    53      H                  0.069
    54      H                  0.248
    55      H                  0.104
    56      H                  0.111
    57      H                  0.076
    58      H                  0.111
    59      H                  0.187
    60      H                  0.106
    61      H                  0.121
    62      H                  0.254
    63      H                  0.161
    64      H                  0.162
    65      H                  0.172
    66      H                  0.148
    67      H                  0.156
    68      H                  0.169
    69      H                  0.094
    70      H                  0.081
    71      H                  0.062
    72      H                  0.125
    73      H                  0.137
    74      H                  0.165
    75      H                  0.155
    76      H                  0.255
    77      H                  0.266
    78      H                  0.130
    79      H                  0.167
 Total Mulliken Charge =       1.000
 
                  X        Y        Z     TOTAL  
  QM DIPOLE   152.058  146.923  165.725  268.650
 
 Final Structure

  QMMM: QM Region Cartesian Coordinates (*=link atom) 
  QMMM: QM_NO.   MM_NO.  ATOM         X         Y         Z
  QMMM:     1        1      C       32.3709   34.3940   35.2629
  QMMM:     2        2      C       31.3161   35.1669   35.6607
  QMMM:     3        3      C       30.7186   36.1012   34.7667
  QMMM:     4        4      C       31.1753   36.2447   33.4910
  QMMM:     5        5      C       32.2764   35.4421   33.0139
  QMMM:     6        6      C       32.8938   34.4902   33.9204
  QMMM:     7        7      N       32.7182   35.5794   31.7400
  QMMM:     8        8      N       33.9234   33.7024   33.5208
  QMMM:     9        9      C       33.7543   34.8045   31.3439
  QMMM:    10       10      C       34.3718   33.8437   32.2509
  QMMM:    11       11      C       34.2663   34.9219   29.9990
  QMMM:    12       12      C       35.3074   34.1450   29.5936
  QMMM:    13       13      C       35.9132   33.2057   30.4767
  QMMM:    14       14      C       35.4787   33.0429   31.7633
  QMMM:    15       15      C       36.1330   32.0721   32.6712
  QMMM:    16       16      C       32.9864   33.4204   36.2144
  QMMM:    17       17      O       32.3309   32.4468   36.6596
  QMMM:    18       18      N       34.2944   33.6394   36.5630
  QMMM:    19       19      C       35.0190   32.8584   37.5257
  QMMM:    20       20      C       35.0035   31.3318   37.3118
  QMMM:    21       21      N       35.4441   30.8724   36.0138
  QMMM:    22       22      C       34.7318   29.7584   35.4622
  QMMM:    23       23      N       29.7333   27.9398   36.1956
  QMMM:    24       24      C       30.2129   26.8628   35.4735
  QMMM:    25       25      O       31.4138   26.5253   35.5767
  QMMM:    26       26      C       29.2593   26.1858   34.5557
  QMMM:    27       27      C       28.8425   24.9042   34.7794
  QMMM:    28       28      C       27.9400   24.2691   33.8780
  QMMM:    29       29      C       27.4770   24.9157   32.7713
  QMMM:    30       30      C       27.9007   26.2653   32.4802
  QMMM:    31       31      N       27.4481   26.9015   31.3729
  QMMM:    32       32      C       27.8901   28.1597   31.1424
  QMMM:    33       33      C       28.8293   28.8117   32.0474
  QMMM:    34       34      N       29.2777   28.1763   33.1566
  QMMM:    35       35      C       28.8223   26.9198   33.3909
  QMMM:    36       36      C       29.2725   30.1557   31.7335
  QMMM:    37       37      C       28.7966   30.7800   30.6134
  QMMM:    38       38      C       27.8739   30.1427   29.7351
  QMMM:    39       39      C       27.4302   28.8793   29.9779
  QMMM:    40       40      C       30.2383   30.8340   32.6291
  QMMM:    41       41      C       30.5771   28.6872   37.0756
  QMMM:    42       42      C       31.4678   29.7437   36.3862
  QMMM:    43       43      N       32.2511   29.1826   35.2486
  QMMM:    44       44      C       33.3605   30.0690   34.8016
  QMMM:    45       45      H       30.9140   35.0805   36.6841
  QMMM:    46       46      H       29.8780   36.7117   35.1349
  QMMM:    47       47      H       30.7199   36.9737   32.7988
  QMMM:    48       48      H       33.7975   35.6545   29.3210
  QMMM:    49       49      H       35.7066   34.2314   28.5696
  QMMM:    50       50      H       36.7575   32.6069   30.0959
  QMMM:    51       51      H       36.9489   31.5162   32.1459
  QMMM:    52       52      H       36.5795   32.6032   33.5496
  QMMM:    53       53      H       35.3889   31.3267   33.0522
  QMMM:    54       54      H       34.7806   34.3907   36.1291
  QMMM:    55       55      H       34.5849   33.0400   38.5525
  QMMM:    56       56      H       36.0874   33.2193   37.5244
  QMMM:    57       57      H       33.9664   30.9596   37.5551
  QMMM:    58       58      H       35.7130   30.8901   38.0715
  QMMM:    59       59      H       35.5521   31.6145   35.3482
  QMMM:    60       60      H       34.6161   28.9785   36.2684
  QMMM:    61       61      H       35.3887   29.3187   34.6552
  QMMM:    62       62      H       28.7960   28.2406   36.0631
  QMMM:    63       63      H       29.1981   24.3413   35.6589
  QMMM:    64       64      H       27.6244   23.2359   34.0983
  QMMM:    65       65      H       26.7754   24.4257   32.0741
  QMMM:    66       66      H       29.1238   31.8037   30.3660
  QMMM:    67       67      H       27.5263   30.6991   28.8492
  QMMM:    68       68      H       26.7174   28.3799   29.3002
  QMMM:    69       69      H       30.4248   31.8850   32.2951
  QMMM:    70       70      H       29.8518   30.8633   33.6789
  QMMM:    71       71      H       31.2163   30.2883   32.6263
  QMMM:    72       72      H       31.2430   27.9707   37.6420
  QMMM:    73       73      H       29.9388   29.2468   37.8186
  QMMM:    74       74      H       32.1829   30.1630   37.1522
  QMMM:    75       75      H       30.8538   30.6053   35.9940
  QMMM:    76       76      H       31.6060   29.0270   34.4601
  QMMM:    77       77      H       32.6245   28.2570   35.5241
  QMMM:    78       78      H       33.4603   29.9351   33.6861
  QMMM:    79       79      H       33.0536   31.1394   34.9991
 
           --------- Calculation Completed ----------
 
