            --------------------------------------------------------
                             AMBER SQM VERSION 19
 
                                     By
              Ross C. Walker, Michael F. Crowley, Scott Brozell,
                         Tim Giese, Andreas W. Goetz,
                        Tai-Sung Lee and David A. Case
 
            --------------------------------------------------------
 

--------------------------------------------------------------------------------
  QM CALCULATION INFO
--------------------------------------------------------------------------------

| QMMM: Citation for AMBER QMMM Run:
| QMMM: R.C. Walker, M.F. Crowley and D.A. Case, J. COMP. CHEM. 29:1019, 2008

QMMM: SINGLET STATE CALCULATION
QMMM: RHF CALCULATION, NO. OF DOUBLY OCCUPIED LEVELS = 83

| QMMM: *** Selected Hamiltonian *** 
| QMMM: AM1         

| QMMM: *** Parameter sets in use ***
| QMMM: C : M.J.S.DEWAR et al. JACS, 107, 3902, (1985)
| QMMM: N : M.J.S.DEWAR et al. JACS, 107, 3902, (1985)
| QMMM: O : M.J.S.DEWAR et al. JACS, 107, 3902, (1985)
| QMMM: H : M.J.S.DEWAR et al. JACS, 107, 3902, (1985)

| QMMM: *** SCF convergence criteria ***
| QMMM: Energy change                :  0.1D-09 kcal/mol
| QMMM: Error matrix |FP-PF|         :  0.1D+00 au
| QMMM: Density matrix change        :  0.5D-06
| QMMM: Maximum number of SCF cycles :     1000
 
| QMMM: *** Diagonalization Routine Information ***
| QMMM: Pseudo diagonalizations are allowed.
| QMMM: Auto diagonalization routine selection is in use.
| QMMM:
| QMMM: Timing diagonalization routines:
| QMMM:                              norbs =      152
| QMMM:    diag iterations used for timing =        5
| QMMM:
| QMMM:              Internal diag routine = 1.354421 seconds
| QMMM:                 Dspev diag routine = 2.945785 seconds
| QMMM:                Dspevd diag routine = 1.192167 seconds
| QMMM:                Dspevx diag routine = 3.146787 seconds
| QMMM:                 Dsyev diag routine = 3.747100 seconds
| QMMM:                Dsyevd diag routine = 1.052278 seconds
| QMMM:                Dsyevr diag routine = 1.150388 seconds
| QMMM:
| QMMM:                Pseudo diag routine = 0.006429 seconds
| QMMM:
| QMMM: Using dsyevd routine (diag_routine=6).

  QMMM: QM Region Cartesian Coordinates (*=link atom) 
  QMMM: QM_NO.   MM_NO.  ATOM         X         Y         Z
  QMMM:     1        1      C       12.3260   18.0910   18.8110
  QMMM:     2        2      N       13.5280   18.1040   19.3760
  QMMM:     3        3      N       11.2910   18.2950   19.7170
  QMMM:     4        4      N       12.1380   18.5520   17.6050
  QMMM:     5        5      C       12.3610   18.2010   16.2530
  QMMM:     6        6      C       10.9570   18.4500   15.6430
  QMMM:     7        7      O       10.0750   17.7160   16.1420
  QMMM:     8        8      N       10.7590   19.4130   14.7780
  QMMM:     9        9      C        9.4890   19.7060   14.1740
  QMMM:    10       10      C        9.3110   20.4980   13.1310
  QMMM:    11       11      C        7.9310   20.4730   12.7840
  QMMM:    12       12      N        7.3490   19.6780   13.6760
  QMMM:    13       13      C        5.9610   19.1920   13.9120
  QMMM:    14       14      C        8.3110   19.1560   14.5420
  QMMM:    15       15      C        7.3690   21.3130   11.7010
  QMMM:    16       16      O        6.2870   21.9090   11.6360
  QMMM:    17       17      N        8.2010   21.6030   10.6850
  QMMM:    18       18      C        7.8730   22.5490    9.6420
  QMMM:    19       19      C        8.8630   22.9810    8.7170
  QMMM:    20       20      C        8.3140   23.9440    7.9170
  QMMM:    21       21      N        6.9880   24.0820    8.3890
  QMMM:    22       22      C        6.0390   25.0160    7.8050
  QMMM:    23       23      C        6.7580   23.2870    9.4450
  QMMM:    24       24      C        8.6900   24.7230    6.7820
  QMMM:    25       25      O        8.0860   25.7220    6.3490
  QMMM:    26       26      N        9.7770   24.2990    6.0740
  QMMM:    27       27      C       10.0700   25.1750    4.8540
  QMMM:    28       28      C       10.8400   24.4620    3.7850
  QMMM:    29       29      C       11.5440   25.4400    2.8470
  QMMM:    30       30      N       11.1400   26.7210    2.8530
  QMMM:    31       31      N       12.3630   24.9670    1.9610
  QMMM:    32       32      H       14.3530   17.9660   18.8110
  QMMM:    33       33      H       13.6170   18.2520   20.3710
  QMMM:    34       34      H       10.3330   18.3050   19.3960
  QMMM:    35       35      H       11.4970   18.4340   20.6960
  QMMM:    36       36      H       11.6940   19.4490   17.4710
  QMMM:    37       37      H       12.5930   17.1380   16.1940
  QMMM:    38       38      H       13.0710   18.9020   15.8140
  QMMM:    39       39      H       11.5270   20.0050   14.4970
  QMMM:    40       40      H       10.1520   21.0230   12.7020
  QMMM:    41       41      H        5.9480   18.5390   14.7840
  QMMM:    42       42      H        5.3020   20.0430   14.0860
  QMMM:    43       43      H        5.6160   18.6380   13.0390
  QMMM:    44       44      H        8.2740   18.4610   15.3680
  QMMM:    45       45      H        9.1030   21.1520   10.6260
  QMMM:    46       46      H        9.8510   22.5450    8.7410
  QMMM:    47       47      H        5.0870   24.9450    8.3320
  QMMM:    48       48      H        6.4270   26.0310    7.8920
  QMMM:    49       49      H        5.8900   24.7730    6.7530
  QMMM:    50       50      H        5.9050   23.1600   10.0950
  QMMM:    51       51      H       10.2910   23.4840    6.3780
  QMMM:    52       52      H       10.6230   26.0600    5.1680
  QMMM:    53       53      H        9.1320   25.5440    4.4390
  QMMM:    54       54      H       10.1620   23.8310    3.2090
  QMMM:    55       55      H       11.5790   23.8060    4.2460
  QMMM:    56       56      H       11.5850   27.3940    2.2450
  QMMM:    57       57      H       10.3920   27.0120    3.4660
  QMMM:    58       58      H       12.8410   25.5940    1.3290
  QMMM:    59       59      H       12.5240   23.9720    1.9020

--------------------------------------------------------------------------------
  RESULTS
--------------------------------------------------------------------------------

      iter         sqm energy              rms gradient
      ----    -------------------    -----------------------
xmin    10      324.2356 kcal/mol        3.3439 kcal/(mol*A)
xmin    20      317.3976 kcal/mol        0.4270 kcal/(mol*A)
xmin    30      314.9291 kcal/mol        1.0269 kcal/(mol*A)
xmin    40      310.7736 kcal/mol        1.0769 kcal/(mol*A)
xmin    50      306.5991 kcal/mol        1.2603 kcal/(mol*A)
xmin    60      305.0767 kcal/mol        0.0938 kcal/(mol*A)
xmin    70      305.0166 kcal/mol        0.0930 kcal/(mol*A)
xmin    80      305.0020 kcal/mol        0.0497 kcal/(mol*A)
xmin    90      304.9989 kcal/mol        0.0142 kcal/(mol*A)
xmin   100      304.9976 kcal/mol        0.0106 kcal/(mol*A)
xmin   110      304.9973 kcal/mol        0.0133 kcal/(mol*A)
xmin   120      304.9969 kcal/mol        0.0069 kcal/(mol*A)
xmin   130      304.9967 kcal/mol        0.0018 kcal/(mol*A)
xmin   140      304.9967 kcal/mol        0.0030 kcal/(mol*A)
xmin   150      304.9966 kcal/mol        0.0024 kcal/(mol*A)
xmin   160      304.9965 kcal/mol        0.0012 kcal/(mol*A)
xmin   170      304.9965 kcal/mol        0.0012 kcal/(mol*A)
xmin   180      304.9965 kcal/mol        0.0006 kcal/(mol*A)
xmin   180      304.9965 kcal/mol        0.0004 kcal/(mol*A)
  ... geometry converged !
 
 Final MO eigenvalues (eV):
 -45.8737  -45.4995  -45.2306  -44.9708  -43.8038  -43.3585  -42.3559  -40.6613
 -40.2672  -40.1103  -39.5533  -39.2499  -39.1778  -37.0270  -36.5941  -35.8472
 -34.2045  -33.4795  -32.7239  -30.7110  -30.5461  -30.2036  -28.8003  -28.0267
 -27.6893  -27.0355  -26.9002  -25.6226  -25.5306  -25.0502  -24.7357  -24.6485
 -24.4193  -24.3614  -23.7685  -22.8654  -22.5712  -22.5038  -22.3139  -22.1922
 -22.0627  -21.6005  -21.5309  -20.9095  -20.7968  -20.6211  -20.5452  -20.2715
 -20.1310  -20.0055  -19.8921  -19.6104  -19.5371  -19.3333  -19.2853  -18.8707
 -18.6294  -18.4820  -18.3814  -18.3195  -18.1172  -18.0219  -17.9549  -17.2815
 -17.2430  -17.0091  -16.8558  -16.7031  -16.6374  -16.6099  -16.5783  -16.5389
 -16.5045  -15.5196  -15.2651  -15.2461  -15.0628  -14.6858  -14.4580  -13.0699
 -12.9966  -12.3785  -11.8921   -5.4030   -5.2263   -4.7889   -4.0851   -3.7009
  -3.6361   -3.3437   -3.2467   -3.0348   -2.9778   -2.7316   -2.7266   -2.3467
  -2.2007   -2.1016   -2.0163   -1.8158   -1.7754   -1.6466   -1.5173   -1.4098
  -1.2975   -1.1651   -1.1584   -1.1190   -1.0180   -0.7081   -0.6383   -0.5151
  -0.4986   -0.4288   -0.4162   -0.3101   -0.2095   -0.1553   -0.0225    0.0690
   0.1605    0.3785    0.4419    0.4576    0.4808    0.5172    0.6103    0.6220
   0.6896    0.7415    0.7849    0.8071    0.8468    0.8917    0.9210    0.9283
   1.0212    1.1251    1.1922    1.4229    1.7324    1.8127    1.8686    2.1336
   2.1956    2.3108    2.4280    2.5758    2.6290    2.7496    2.8710    3.5453


 Heat of formation   =        304.99653508 kcal/mol  (       13.22564221 eV)

 Total SCF energy    =    -131593.67771343 kcal/mol  (    -5706.33006866 eV)
 Electronic energy   =    -994069.61613956 kcal/mol  (   -43106.09323705 eV)
 Core-core repulsion =     862475.93842612 kcal/mol  (    37399.76316838 eV)
 
    Atomic Charges for Step       1 :
  Atom    Element       Mulliken Charge
     1      C                  0.393
     2      N                 -0.334
     3      N                 -0.363
     4      N                 -0.310
     5      C                 -0.063
     6      C                  0.269
     7      O                 -0.399
     8      N                 -0.244
     9      C                 -0.074
    10      C                 -0.167
    11      C                 -0.124
    12      N                 -0.065
    13      C                 -0.089
    14      C                 -0.088
    15      C                  0.382
    16      O                 -0.365
    17      N                 -0.289
    18      C                 -0.024
    19      C                 -0.161
    20      C                 -0.170
    21      N                 -0.063
    22      C                 -0.085
    23      C                 -0.082
    24      C                  0.407
    25      O                 -0.451
    26      N                 -0.383
    27      C                 -0.006
    28      C                 -0.197
    29      C                  0.280
    30      N                 -0.300
    31      N                 -0.326
    32      H                  0.298
    33      H                  0.271
    34      H                  0.276
    35      H                  0.279
    36      H                  0.272
    37      H                  0.147
    38      H                  0.142
    39      H                  0.247
    40      H                  0.155
    41      H                  0.105
    42      H                  0.125
    43      H                  0.120
    44      H                  0.206
    45      H                  0.240
    46      H                  0.150
    47      H                  0.114
    48      H                  0.113
    49      H                  0.106
    50      H                  0.219
    51      H                  0.250
    52      H                  0.119
    53      H                  0.106
    54      H                  0.163
    55      H                  0.134
    56      H                  0.266
    57      H                  0.320
    58      H                  0.269
    59      H                  0.280
 Total Mulliken Charge =       2.000
 
                  X        Y        Z     TOTAL  
  QM DIPOLE   105.647  209.208  105.833  257.157
 
 Final Structure

  QMMM: QM Region Cartesian Coordinates (*=link atom) 
  QMMM: QM_NO.   MM_NO.  ATOM         X         Y         Z
  QMMM:     1        1      C       11.6139   17.8444   19.3775
  QMMM:     2        2      N       11.0635   16.6886   18.8834
  QMMM:     3        3      N       11.6310   18.0757   20.7354
  QMMM:     4        4      N       12.2386   18.7633   18.5383
  QMMM:     5        5      C       12.3459   18.6132   17.1122
  QMMM:     6        6      C       11.0178   18.8251   16.3510
  QMMM:     7        7      O       10.0038   18.1983   16.7350
  QMMM:     8        8      N       11.0292   19.6740   15.2817
  QMMM:     9        9      C        9.9262   19.9202   14.4601
  QMMM:    10       10      C        9.9368   20.7458   13.2816
  QMMM:    11       11      C        8.6236   20.7386   12.7717
  QMMM:    12       12      N        7.8251   19.9360   13.5983
  QMMM:    13       13      C        6.4221   19.6948   13.4258
  QMMM:    14       14      C        8.6014   19.4338   14.6230
  QMMM:    15       15      C        8.0722   21.4495   11.5968
  QMMM:    16       16      O        6.8417   21.5640   11.4203
  QMMM:    17       17      N        8.9910   21.9840   10.7066
  QMMM:    18       18      C        8.6350   22.6887    9.5615
  QMMM:    19       19      C        9.5350   23.1558    8.5482
  QMMM:    20       20      C        8.7525   23.8266    7.5778
  QMMM:    21       21      N        7.4084   23.7751    7.9783
  QMMM:    22       22      C        6.3022   24.3485    7.2723
  QMMM:    23       23      C        7.3233   23.0919    9.1721
  QMMM:    24       24      C        9.1896   24.4917    6.3504
  QMMM:    25       25      O        8.3994   25.0932    5.5792
  QMMM:    26       26      N       10.5377   24.4412    6.0290
  QMMM:    27       27      C       11.0728   25.1726    4.9234
  QMMM:    28       28      C       10.7693   24.5523    3.5422
  QMMM:    29       29      C       10.1786   25.5850    2.5861
  QMMM:    30       30      N        8.9692   26.1015    2.8675
  QMMM:    31       31      N       10.8824   25.9315    1.4830
  QMMM:    32       32      H       10.7901   16.6441   17.9178
  QMMM:    33       33      H       10.6524   16.0257   19.5044
  QMMM:    34       34      H       12.1437   18.8365   21.1214
  QMMM:    35       35      H       11.2308   17.4185   21.3680
  QMMM:    36       36      H       12.4276   19.6746   18.9044
  QMMM:    37       37      H       12.7047   17.5726   16.8557
  QMMM:    38       38      H       13.1411   19.3428   16.7792
  QMMM:    39       39      H       11.8767   20.1234   15.0143
  QMMM:    40       40      H       10.7905   21.2812   12.8779
  QMMM:    41       41      H        6.0726   18.9506   14.1882
  QMMM:    42       42      H        5.8573   20.6606   13.5426
  QMMM:    43       43      H        6.2325   19.3015   12.3899
  QMMM:    44       44      H        8.2016   18.7712   15.3963
  QMMM:    45       45      H        9.9616   21.8349   10.8556
  QMMM:    46       46      H       10.6123   23.0220    8.5360
  QMMM:    47       47      H        5.3539   24.1558    7.8400
  QMMM:    48       48      H        6.4605   25.4555    7.1574
  QMMM:    49       49      H        6.2318   23.8932    6.2474
  QMMM:    50       50      H        6.3724   22.9122    9.6870
  QMMM:    51       51      H       11.1631   23.9269    6.6023
  QMMM:    52       52      H       12.1934   25.2237    5.0434
  QMMM:    53       53      H       10.6727   26.2279    4.9608
  QMMM:    54       54      H       10.0266   23.7091    3.6288
  QMMM:    55       55      H       11.7124   24.1157    3.1188
  QMMM:    56       56      H        8.5177   26.7755    2.2873
  QMMM:    57       57      H        8.5050   25.8249    3.7205
  QMMM:    58       58      H       10.5463   26.5842    0.8080
  QMMM:    59       59      H       11.7680   25.5058    1.3128
 
           --------- Calculation Completed ----------
 
