            --------------------------------------------------------
                             AMBER SQM VERSION 19
 
                                     By
              Ross C. Walker, Michael F. Crowley, Scott Brozell,
                         Tim Giese, Andreas W. Goetz,
                        Tai-Sung Lee and David A. Case
 
            --------------------------------------------------------
 

--------------------------------------------------------------------------------
  QM CALCULATION INFO
--------------------------------------------------------------------------------

| QMMM: Citation for AMBER QMMM Run:
| QMMM: R.C. Walker, M.F. Crowley and D.A. Case, J. COMP. CHEM. 29:1019, 2008

QMMM: SINGLET STATE CALCULATION
QMMM: RHF CALCULATION, NO. OF DOUBLY OCCUPIED LEVELS = 43

| QMMM: *** Selected Hamiltonian *** 
| QMMM: AM1         

| QMMM: *** Parameter sets in use ***
| QMMM: N : M.J.S.DEWAR et al. JACS, 107, 3902, (1985)
| QMMM: C : M.J.S.DEWAR et al. JACS, 107, 3902, (1985)
| QMMM: H : M.J.S.DEWAR et al. JACS, 107, 3902, (1985)

| QMMM: *** SCF convergence criteria ***
| QMMM: Energy change                :  0.1D-09 kcal/mol
| QMMM: Error matrix |FP-PF|         :  0.1D+00 au
| QMMM: Density matrix change        :  0.5D-06
| QMMM: Maximum number of SCF cycles :     1000
 
| QMMM: *** Diagonalization Routine Information ***
| QMMM: Pseudo diagonalizations are allowed.
| QMMM: Auto diagonalization routine selection is in use.
| QMMM:
| QMMM: Timing diagonalization routines:
| QMMM:                              norbs =       86
| QMMM:    diag iterations used for timing =       15
| QMMM:
| QMMM:              Internal diag routine = 0.226444 seconds
| QMMM:                 Dspev diag routine = 1.924186 seconds
| QMMM:                Dspevd diag routine = 0.751752 seconds
| QMMM:                Dspevx diag routine = 0.485315 seconds
| QMMM:                 Dsyev diag routine = 2.588585 seconds
| QMMM:                Dsyevd diag routine = 0.558503 seconds
| QMMM:                Dsyevr diag routine = 0.338159 seconds
| QMMM:
| QMMM:                Pseudo diag routine = 0.004358 seconds
| QMMM:
| QMMM: Using internal diagonalization routine (diag_routine=1).

  QMMM: QM Region Cartesian Coordinates (*=link atom) 
  QMMM: QM_NO.   MM_NO.  ATOM         X         Y         Z
  QMMM:     1        1      N       30.3590   23.7140    3.0920
  QMMM:     2        2      C       28.9960   24.1790    3.1870
  QMMM:     3        3      C       28.1350   23.4280    2.1980
  QMMM:     4        4      C       26.6720   23.8160    2.2220
  QMMM:     5        5      N       25.7360   22.7340    1.7260
  QMMM:     6        6      C       24.5520   22.4670    2.6290
  QMMM:     7        7      C       23.2490   23.1470    2.2570
  QMMM:     8        8      C       23.3120   24.0900    1.0810
  QMMM:     9        9      C       23.9810   25.4520    1.3900
  QMMM:    10       10      N       24.0610   25.6840    2.9430
  QMMM:    11       11      C       24.2430   27.1690    3.2680
  QMMM:    12       12      C       23.9820   28.0600    2.0590
  QMMM:    13       13      C       25.2470   28.4710    1.2790
  QMMM:    14       14      N       25.0510   29.8550    0.8330
  QMMM:    15       15      H       30.9340   24.2170    3.7530
  QMMM:    16       16      H       30.3930   22.7260    3.2990
  QMMM:    17       17      H       30.7050   23.8730    2.1570
  QMMM:    18       18      H       28.9600   25.2450    2.9640
  QMMM:    19       19      H       28.6230   24.0070    4.1970
  QMMM:    20       20      H       28.2280   22.3570    2.3790
  QMMM:    21       21      H       28.5300   23.5720    1.1920
  QMMM:    22       22      H       26.5280   24.7190    1.6280
  QMMM:    23       23      H       26.3900   24.1010    3.2360
  QMMM:    24       24      H       26.2550   21.8780    1.5930
  QMMM:    25       25      H       25.4050   22.9750    0.8030
  QMMM:    26       26      H       24.8150   22.7310    3.6530
  QMMM:    27       27      H       24.3890   21.3920    2.6980
  QMMM:    28       28      H       22.8610   23.6800    3.1250
  QMMM:    29       29      H       22.4880   22.3890    2.0700
  QMMM:    30       30      H       22.3050   24.2600    0.7000
  QMMM:    31       31      H       23.8400   23.6070    0.2590
  QMMM:    32       32      H       23.4010   26.2530    0.9330
  QMMM:    33       33      H       24.9860   25.4670    0.9690
  QMMM:    34       34      H       24.8370   25.1590    3.3220
  QMMM:    35       35      H       23.2140   25.3460    3.3770
  QMMM:    36       36      H       25.2560   27.3390    3.6310
  QMMM:    37       37      H       23.5680   27.4480    4.0770
  QMMM:    38       38      H       23.4480   28.9550    2.3790
  QMMM:    39       39      H       23.2890   27.5580    1.3840
  QMMM:    40       40      H       25.3640   27.8230    0.4100
  QMMM:    41       41      H       26.1120   28.4220    1.9400
  QMMM:    42       42      H       25.8630   30.1610    0.3160
  QMMM:    43       43      H       24.2360   29.9060    0.2390
  QMMM:    44       44      H       24.9190   30.4530    1.6370

--------------------------------------------------------------------------------
  RESULTS
--------------------------------------------------------------------------------

      iter         sqm energy              rms gradient
      ----    -------------------    -----------------------
xmin    10      895.1511 kcal/mol        1.4112 kcal/(mol*A)
xmin    20      868.4956 kcal/mol        1.2016 kcal/(mol*A)
xmin    30      853.0727 kcal/mol        0.6488 kcal/(mol*A)
xmin    40      847.9623 kcal/mol        0.7109 kcal/(mol*A)
xmin    50      845.6911 kcal/mol        0.4891 kcal/(mol*A)
xmin    60      843.5671 kcal/mol        0.4481 kcal/(mol*A)
xmin    70      842.1048 kcal/mol        0.2711 kcal/(mol*A)
xmin    80      841.3610 kcal/mol        0.1811 kcal/(mol*A)
xmin    90      840.7833 kcal/mol        0.1362 kcal/(mol*A)
xmin   100      840.5308 kcal/mol        0.0522 kcal/(mol*A)
xmin   110      840.4375 kcal/mol        0.1243 kcal/(mol*A)
xmin   120      840.4160 kcal/mol        0.0195 kcal/(mol*A)
xmin   130      840.4096 kcal/mol        0.0125 kcal/(mol*A)
xmin   140      840.4084 kcal/mol        0.0100 kcal/(mol*A)
xmin   150      840.4082 kcal/mol        0.0018 kcal/(mol*A)
xmin   160      840.4082 kcal/mol        0.0007 kcal/(mol*A)
  ... geometry converged !
 
 Final MO eigenvalues (eV):
 -52.0290  -51.6672  -49.9008  -49.7811  -46.9128  -44.6553  -43.7546  -40.5240
 -37.7047  -37.2527  -35.9827  -34.8597  -34.3363  -33.4533  -31.5943  -31.4745
 -30.1580  -30.1504  -29.8876  -29.7979  -29.2521  -29.1384  -29.0158  -28.1612
 -27.7430  -27.5602  -27.3789  -27.0228  -26.8526  -25.5380  -25.5318  -25.2915
 -25.1714  -24.6120  -24.5855  -24.5802  -24.4400  -24.4309  -23.9843  -23.9741
 -23.3608  -23.3504  -23.0393  -11.0830  -10.8459   -9.8830   -9.8760   -8.9218
  -8.7448   -8.7384   -8.6604   -8.6287   -8.6065   -8.2399   -8.1246   -8.1160
  -8.0922   -8.0773   -7.9499   -7.8902   -7.8512   -7.8136   -7.6385   -7.5891
  -7.5431   -7.5410   -7.5344   -7.5106   -7.5068   -7.4778   -7.3985   -7.2573
  -7.2457   -7.2445   -7.1992   -7.1621   -7.1316   -6.9958   -6.9947   -6.8626
  -6.8252   -6.8244   -6.7208   -6.7201   -6.6553   -6.4896

 Heat of formation   =        840.40815629 kcal/mol  (       36.44283233 eV)

 Total SCF energy    =     -57300.17203475 kcal/mol  (    -2484.72191296 eV)
 Electronic energy   =    -355173.08542945 kcal/mol  (   -15401.46070983 eV)
 Core-core repulsion =     297872.91339470 kcal/mol  (    12916.73879687 eV)
 
    Atomic Charges for Step       1 :
  Atom    Element       Mulliken Charge
     1      N                 -0.065
     2      C                 -0.131
     3      C                 -0.217
     4      C                 -0.128
     5      N                 -0.038
     6      C                 -0.129
     7      C                 -0.185
     8      C                 -0.185
     9      C                 -0.129
    10      N                 -0.038
    11      C                 -0.128
    12      C                 -0.217
    13      C                 -0.131
    14      N                 -0.065
    15      H                  0.296
    16      H                  0.273
    17      H                  0.273
    18      H                  0.171
    19      H                  0.171
    20      H                  0.138
    21      H                  0.138
    22      H                  0.167
    23      H                  0.167
    24      H                  0.260
    25      H                  0.260
    26      H                  0.162
    27      H                  0.162
    28      H                  0.127
    29      H                  0.127
    30      H                  0.127
    31      H                  0.127
    32      H                  0.162
    33      H                  0.162
    34      H                  0.260
    35      H                  0.260
    36      H                  0.167
    37      H                  0.167
    38      H                  0.138
    39      H                  0.138
    40      H                  0.171
    41      H                  0.171
    42      H                  0.296
    43      H                  0.273
    44      H                  0.273
 Total Mulliken Charge =       4.000
 
                  X        Y        Z     TOTAL  
  QM DIPOLE   492.422  484.810   41.256  692.259
 
 Final Structure

  QMMM: QM Region Cartesian Coordinates (*=link atom) 
  QMMM: QM_NO.   MM_NO.  ATOM         X         Y         Z
  QMMM:     1        1      N       31.3817   19.4172    2.3925
  QMMM:     2        2      C       30.6206   20.5168    1.7372
  QMMM:     3        3      C       29.5297   21.1262    2.6232
  QMMM:     4        4      C       28.8269   22.2372    1.8370
  QMMM:     5        5      N       27.7335   22.9069    2.6146
  QMMM:     6        6      C       27.0645   23.9895    1.8176
  QMMM:     7        7      C       25.9418   24.6941    2.5851
  QMMM:     8        8      C       25.3178   25.7732    1.7097
  QMMM:     9        9      C       24.1954   26.4780    2.4773
  QMMM:    10       10      N       23.5261   27.5602    1.6800
  QMMM:    11       11      C       22.4335   28.2307    2.4580
  QMMM:    12       12      C       21.7297   29.3408    1.6712
  QMMM:    13       13      C       20.6401   29.9515    2.5578
  QMMM:    14       14      N       19.8780   31.0501    1.9019
  QMMM:    15       15      H       32.0957   19.0587    1.7363
  QMMM:    16       16      H       31.8601   19.7508    3.2398
  QMMM:    17       17      H       30.7606   18.6389    2.6509
  QMMM:    18       18      H       30.1589   20.0936    0.7943
  QMMM:    19       19      H       31.3666   21.3150    1.4412
  QMMM:    20       20      H       29.9864   21.5439    3.5624
  QMMM:    21       21      H       28.7897   20.3334    2.9216
  QMMM:    22       22      H       28.3669   21.8106    0.8966
  QMMM:    23       23      H       29.5749   23.0322    1.5431
  QMMM:    24       24      H       28.1265   23.3125    3.4752
  QMMM:    25       25      H       27.0322   22.2055    2.8899
  QMMM:    26       26      H       26.6503   23.5164    0.8791
  QMMM:    27       27      H       27.8583   24.7381    1.5247
  QMMM:    28       28      H       26.3481   25.1617    3.5230
  QMMM:    29       29      H       25.1523   23.9521    2.8843
  QMMM:    30       30      H       24.9114   25.3055    0.7719
  QMMM:    31       31      H       26.1074   26.5150    1.4103
  QMMM:    32       32      H       24.6100   26.9516    3.4153
  QMMM:    33       33      H       23.4019   25.7296    2.7709
  QMMM:    34       34      H       23.1323   27.1540    0.8200
  QMMM:    35       35      H       24.2273   28.2613    1.4036
  QMMM:    36       36      H       22.8944   28.6585    3.3974
  QMMM:    37       37      H       21.6858   27.4360    2.7536
  QMMM:    38       38      H       21.2717   28.9218    0.7332
  QMMM:    39       39      H       22.4694   30.1331    1.3707
  QMMM:    40       40      H       21.1032   30.3763    3.4994
  QMMM:    41       41      H       19.8945   29.1538    2.8562
  QMMM:    42       42      H       19.1650   31.4096    2.5586
  QMMM:    43       43      H       20.4987   31.8279    1.6413
  QMMM:    44       44      H       19.3984   30.7151    1.0558
 
           --------- Calculation Completed ----------
 
