            --------------------------------------------------------
                             AMBER SQM VERSION 19
 
                                     By
              Ross C. Walker, Michael F. Crowley, Scott Brozell,
                         Tim Giese, Andreas W. Goetz,
                        Tai-Sung Lee and David A. Case
 
            --------------------------------------------------------
 

--------------------------------------------------------------------------------
  QM CALCULATION INFO
--------------------------------------------------------------------------------

| QMMM: Citation for AMBER QMMM Run:
| QMMM: R.C. Walker, M.F. Crowley and D.A. Case, J. COMP. CHEM. 29:1019, 2008

QMMM: SINGLET STATE CALCULATION
QMMM: RHF CALCULATION, NO. OF DOUBLY OCCUPIED LEVELS = 77

| QMMM: *** Selected Hamiltonian *** 
| QMMM: AM1         

| QMMM: *** Parameter sets in use ***
| QMMM: C : M.J.S.DEWAR et al. JACS, 107, 3902, (1985)
| QMMM: N : M.J.S.DEWAR et al. JACS, 107, 3902, (1985)
| QMMM: O : M.J.S.DEWAR et al. JACS, 107, 3902, (1985)
| QMMM: H : M.J.S.DEWAR et al. JACS, 107, 3902, (1985)

| QMMM: *** SCF convergence criteria ***
| QMMM: Energy change                :  0.1D-09 kcal/mol
| QMMM: Error matrix |FP-PF|         :  0.1D+00 au
| QMMM: Density matrix change        :  0.5D-06
| QMMM: Maximum number of SCF cycles :     1000
 
| QMMM: *** Diagonalization Routine Information ***
| QMMM: Pseudo diagonalizations are allowed.
| QMMM: Auto diagonalization routine selection is in use.
| QMMM:
| QMMM: Timing diagonalization routines:
| QMMM:                              norbs =      150
| QMMM:    diag iterations used for timing =       10
| QMMM:
| QMMM:              Internal diag routine = 1.052738 seconds
| QMMM:                 Dspev diag routine = 2.079666 seconds
| QMMM:                Dspevd diag routine = 1.289410 seconds
| QMMM:                Dspevx diag routine = 4.141114 seconds
| QMMM:                 Dsyev diag routine = 2.027450 seconds
| QMMM:                Dsyevd diag routine = 1.355061 seconds
| QMMM:                Dsyevr diag routine = 1.661443 seconds
| QMMM:
| QMMM:                Pseudo diag routine = 0.248234 seconds
| QMMM:
| QMMM: Using internal diagonalization routine (diag_routine=1).

  QMMM: QM Region Cartesian Coordinates (*=link atom) 
  QMMM: QM_NO.   MM_NO.  ATOM         X         Y         Z
  QMMM:     1        1      C        7.5590   16.2250   15.3070
  QMMM:     2        2      C        7.7330   17.9450   16.9890
  QMMM:     3        3      C        8.3390   17.4730   15.6880
  QMMM:     4        4      N        8.0240   18.3590   14.7430
  QMMM:     5        5      C        8.8040   19.2380   14.0810
  QMMM:     6        6      N       10.0980   19.4020   14.3900
  QMMM:     7        7      C        7.3210   21.5470   10.8440
  QMMM:     8        8      C        8.6670   21.1740   10.9140
  QMMM:     9        9      C        9.1600   20.4440   11.9900
  QMMM:    10       10      C        8.2580   20.0890   13.0020
  QMMM:    11       11      C        6.8850   20.4570   12.9250
  QMMM:    12       12      C        6.4040   21.1930   11.8320
  QMMM:    13       13      C        6.9700   22.3320    9.7180
  QMMM:    14       14      C        5.7920   22.8980    9.3050
  QMMM:    15       15      C        6.0830   23.6030    8.0750
  QMMM:    16       16      C        7.4260   23.4050    7.8180
  QMMM:    17       17      O        8.0030   22.6120    8.8190
  QMMM:    18       18      C        8.2590   23.8700    6.7300
  QMMM:    19       19      C        9.5970   23.5260    6.6880
  QMMM:    20       20      C       10.4030   23.9390    5.6350
  QMMM:    21       21      C        9.8250   24.7040    4.6410
  QMMM:    22       22      C        8.4750   25.0720    4.6650
  QMMM:    23       23      C        7.6930   24.6570    5.7120
  QMMM:    24       24      C       10.5890   25.1230    3.4640
  QMMM:    25       25      N       11.6570   24.4280    3.0210
  QMMM:    26       26      N       10.1230   26.2580    2.9310
  QMMM:    27       27      C       10.4500   26.8590    1.8140
  QMMM:    28       28      C       11.9040   27.3000    1.8860
  QMMM:    29       29      C        9.4180   27.9860    1.7020
  QMMM:    30       30      H        7.9460   15.8260   14.3690
  QMMM:    31       31      H        7.6660   15.4760   16.0910
  QMMM:    32       32      H        6.5050   16.4770   15.1870
  QMMM:    33       33      H        8.2480   18.8450   17.3250
  QMMM:    34       34      H        6.6760   18.1660   16.8390
  QMMM:    35       35      H        7.8370   17.1650   17.7430
  QMMM:    36       36      H        9.4120   17.2960   15.7610
  QMMM:    37       37      H        7.6360   17.8770   13.9450
  QMMM:    38       38      H        9.0660   18.4700   13.3540
  QMMM:    39       39      H       10.5040   20.1000   13.7830
  QMMM:    40       40      H       10.1800   19.7030   15.3510
  QMMM:    41       41      H       10.5870   18.5270   14.2690
  QMMM:    42       42      H        9.3470   21.4530   10.1220
  QMMM:    43       43      H       10.2040   20.1710   12.0240
  QMMM:    44       44      H        6.2040   20.1690   13.7120
  QMMM:    45       45      H        5.3690   21.4850   11.7380
  QMMM:    46       46      H        4.8930   22.7600    9.8880
  QMMM:    47       47      H        5.2990   24.1410    7.5620
  QMMM:    48       48      H       10.0260   22.9300    7.4790
  QMMM:    49       49      H       11.4460   23.6610    5.6120
  QMMM:    50       50      H        8.0650   25.6730    3.8670
  QMMM:    51       51      H        6.6490   24.9300    5.7580
  QMMM:    52       52      H        9.9310   24.5400    2.8190
  QMMM:    53       53      H       12.0390   24.8820    2.2030
  QMMM:    54       54      H       12.3600   24.3930    3.7450
  QMMM:    55       55      H       11.3730   23.4890    2.7820
  QMMM:    56       56      H        9.1300   26.1710    2.7680
  QMMM:    57       57      H       10.3230   26.1680    0.9810
  QMMM:    58       58      H       12.1790   27.8000    0.9580
  QMMM:    59       59      H       12.0350   27.9880    2.7210
  QMMM:    60       60      H       12.5420   26.4280    2.0310
  QMMM:    61       61      H        9.6010   28.5580    0.7930
  QMMM:    62       62      H        8.4160   27.5590    1.6660
  QMMM:    63       63      H        9.5020   28.6430    2.5670

--------------------------------------------------------------------------------
  RESULTS
--------------------------------------------------------------------------------

      iter         sqm energy              rms gradient
      ----    -------------------    -----------------------
xmin    10      366.1815 kcal/mol        2.4059 kcal/(mol*A)
xmin    20      360.6903 kcal/mol        1.5599 kcal/(mol*A)
xmin    30      358.4809 kcal/mol        0.9103 kcal/(mol*A)
xmin    40      357.9326 kcal/mol        0.1452 kcal/(mol*A)
xmin    50      357.5210 kcal/mol        0.2267 kcal/(mol*A)
xmin    60      357.1656 kcal/mol        0.3814 kcal/(mol*A)
xmin    70      357.0592 kcal/mol        0.5623 kcal/(mol*A)
xmin    80      356.9121 kcal/mol        0.2277 kcal/(mol*A)
xmin    90      356.8371 kcal/mol        0.1999 kcal/(mol*A)
xmin   100      356.7740 kcal/mol        0.3335 kcal/(mol*A)
xmin   110      356.6868 kcal/mol        0.2210 kcal/(mol*A)
xmin   120      356.6174 kcal/mol        0.1001 kcal/(mol*A)
xmin   130      356.5686 kcal/mol        0.0823 kcal/(mol*A)
xmin   140      356.5615 kcal/mol        0.0229 kcal/(mol*A)
xmin   150      356.5605 kcal/mol        0.0218 kcal/(mol*A)
xmin   160      356.5596 kcal/mol        0.0066 kcal/(mol*A)
xmin   170      356.5594 kcal/mol        0.0030 kcal/(mol*A)
xmin   180      356.5592 kcal/mol        0.0042 kcal/(mol*A)
xmin   190      356.5591 kcal/mol        0.0028 kcal/(mol*A)
xmin   200      356.5591 kcal/mol        0.0021 kcal/(mol*A)
xmin   210      356.5591 kcal/mol        0.0010 kcal/(mol*A)
xmin   220      356.5591 kcal/mol        0.0019 kcal/(mol*A)
xmin   220      356.5591 kcal/mol        0.0005 kcal/(mol*A)
  ... geometry converged !
 
 Final MO eigenvalues (eV):
 -46.4588  -45.7967  -45.5890  -43.7682  -43.3830  -41.4408  -41.4177  -38.8860
 -38.3896  -37.8177  -36.8199  -36.6382  -36.4148  -35.9860  -33.3016  -32.4118
 -32.3332  -31.2948  -29.9920  -28.9580  -28.4655  -28.0505  -27.2061  -26.5405
 -26.4611  -25.7126  -25.5745  -24.4672  -24.4466  -24.2598  -24.2307  -23.3960
 -22.7338  -22.6756  -22.4566  -22.1391  -21.7509  -21.5309  -21.3127  -20.8010
 -20.7625  -20.6721  -20.2950  -20.1549  -20.0216  -19.7052  -19.3149  -19.2465
 -19.1540  -18.9086  -18.6798  -18.5256  -18.3801  -18.3233  -18.1972  -18.1612
 -18.1517  -17.6162  -17.5441  -17.3241  -17.2745  -17.1462  -17.1183  -16.8476
 -16.8322  -16.7352  -16.7243  -16.5580  -16.5469  -15.8200  -15.4631  -14.9775
 -14.9156  -14.7400  -14.7296  -14.4972  -12.9320   -5.6503   -5.1345   -4.5021
  -4.4525   -4.4411   -4.3683   -3.5467   -2.9221   -2.8378   -2.8087   -2.4305
  -2.4077   -2.3800   -2.3359   -2.3230   -2.1636   -2.1353   -1.8947   -1.8664
  -1.7685   -1.7532   -1.6515   -1.6412   -1.2230   -1.1622   -1.1169   -1.0496
  -1.0021   -0.8043   -0.7921   -0.7521   -0.6021   -0.5936   -0.5912   -0.5510
  -0.5148   -0.4917   -0.4647   -0.4435   -0.3848   -0.1765   -0.1602    0.0108
   0.0359    0.0532    0.0553    0.0752    0.0967    0.1621    0.1955    0.3068
   0.3165    0.3795    0.4101    0.4239    0.4854    0.4956    0.5365    0.5662
   0.6280    0.6363    0.7056    0.8056    0.9046    0.9112    0.9510    0.9624
   0.9860    0.9959    1.1705    1.2289    1.2570    1.4751

 Heat of formation   =        356.55906868 kcal/mol  (       15.46156145 eV)

 Total SCF energy    =    -107791.13352135 kcal/mol  (    -4674.17429953 eV)
 Electronic energy   =    -871219.81108664 kcal/mol  (   -37778.92593932 eV)
 Core-core repulsion =     763428.67756529 kcal/mol  (    33104.75163979 eV)
 
    Atomic Charges for Step       1 :
  Atom    Element       Mulliken Charge
     1      C                 -0.228
     2      C                 -0.240
     3      C                  0.017
     4      N                 -0.394
     5      C                  0.158
     6      N                 -0.136
     7      C                  0.033
     8      C                 -0.102
     9      C                 -0.089
    10      C                 -0.181
    11      C                 -0.112
    12      C                 -0.103
    13      C                 -0.012
    14      C                 -0.142
    15      C                 -0.141
    16      C                 -0.012
    17      O                 -0.098
    18      C                  0.033
    19      C                 -0.101
    20      C                 -0.113
    21      C                 -0.183
    22      C                 -0.087
    23      C                 -0.104
    24      C                  0.149
    25      N                 -0.130
    26      N                 -0.389
    27      C                  0.012
    28      C                 -0.237
    29      C                 -0.227
    30      H                  0.094
    31      H                  0.116
    32      H                  0.098
    33      H                  0.056
    34      H                  0.091
    35      H                  0.125
    36      H                  0.092
    37      H                  0.248
    38      H                  0.144
    39      H                  0.240
    40      H                  0.235
    41      H                  0.242
    42      H                  0.165
    43      H                  0.150
    44      H                  0.142
    45      H                  0.162
    46      H                  0.180
    47      H                  0.180
    48      H                  0.164
    49      H                  0.141
    50      H                  0.153
    51      H                  0.164
    52      H                  0.145
    53      H                  0.244
    54      H                  0.235
    55      H                  0.242
    56      H                  0.244
    57      H                  0.092
    58      H                  0.125
    59      H                  0.091
    60      H                  0.056
    61      H                  0.116
    62      H                  0.093
    63      H                  0.097
 Total Mulliken Charge =       2.000
 
                  X        Y        Z     TOTAL  
  QM DIPOLE    86.501  214.821   84.643  246.567
 
 Final Structure

  QMMM: QM Region Cartesian Coordinates (*=link atom) 
  QMMM: QM_NO.   MM_NO.  ATOM         X         Y         Z
  QMMM:     1        1      C        8.5067   16.0260   15.2079
  QMMM:     2        2      C        9.3667   17.8340   16.6919
  QMMM:     3        3      C        9.0472   17.4556   15.2450
  QMMM:     4        4      N        8.1210   18.3839   14.6125
  QMMM:     5        5      C        8.4927   19.7229   14.4072
  QMMM:     6        6      N        7.9198   20.6304   15.5774
  QMMM:     7        7      C        7.1546   21.4307   10.6823
  QMMM:     8        8      C        8.5094   21.4791   11.0475
  QMMM:     9        9      C        8.9317   20.9391   12.2600
  QMMM:    10       10      C        8.0049   20.3412   13.1198
  QMMM:    11       11      C        6.6531   20.2857   12.7617
  QMMM:    12       12      C        6.2287   20.8282   11.5533
  QMMM:    13       13      C        6.6930   21.9871    9.4357
  QMMM:    14       14      C        5.4230   22.1707    8.9037
  QMMM:    15       15      C        5.5932   22.7881    7.6168
  QMMM:    16       16      C        6.9591   22.9497    7.4228
  QMMM:    17       17      O        7.6624   22.4612    8.5363
  QMMM:    18       18      C        7.7281   23.4979    6.3343
  QMMM:    19       19      C        9.1311   23.4196    6.3173
  QMMM:    20       20      C        9.8512   23.9553    5.2538
  QMMM:    21       21      C        9.1803   24.5751    4.1933
  QMMM:    22       22      C        7.7839   24.6563    4.2022
  QMMM:    23       23      C        7.0618   24.1221    5.2657
  QMMM:    24       24      C        9.9364   25.2023    3.0479
  QMMM:    25       25      N       10.5201   24.0052    2.1925
  QMMM:    26       26      N       10.9790   26.0776    3.4121
  QMMM:    27       27      C       11.1906   27.2986    2.6446
  QMMM:    28       28      C       11.6187   27.0181    1.2037
  QMMM:    29       29      C       12.2332   28.1953    3.3125
  QMMM:    30       30      H        8.2945   15.7006   14.1609
  QMMM:    31       31      H        9.2796   15.3427   15.6377
  QMMM:    32       32      H        7.5735   15.9318   15.8133
  QMMM:    33       33      H        9.8902   18.8188   16.7469
  QMMM:    34       34      H        8.4433   17.8707   17.3180
  QMMM:    35       35      H       10.0481   17.0583   17.1219
  QMMM:    36       36      H       10.0214   17.4744   14.6619
  QMMM:    37       37      H        7.4158   17.9977   14.0276
  QMMM:    38       38      H        9.6151   19.8649   14.5309
  QMMM:    39       39      H        8.2912   21.5722   15.4684
  QMMM:    40       40      H        6.9018   20.6662   15.5290
  QMMM:    41       41      H        8.1949   20.2497   16.4852
  QMMM:    42       42      H        9.2401   21.9461   10.3669
  QMMM:    43       43      H       10.0001   20.9779   12.5268
  QMMM:    44       44      H        5.9147   19.8044   13.4227
  QMMM:    45       45      H        5.1633   20.7794   11.2743
  QMMM:    46       46      H        4.4693   21.9073    9.3577
  QMMM:    47       47      H        4.7894   23.0663    6.9371
  QMMM:    48       48      H        9.6581   22.9336    7.1546
  QMMM:    49       49      H       10.9509   23.8927    5.2632
  QMMM:    50       50      H        7.2448   25.1530    3.3791
  QMMM:    51       51      H        5.9618   24.1954    5.2703
  QMMM:    52       52      H        9.2215   25.6923    2.3092
  QMMM:    53       53      H       11.0610   24.3678    1.4042
  QMMM:    54       54      H       11.1266   23.4228    2.7696
  QMMM:    55       55      H        9.7427   23.4421    1.8516
  QMMM:    56       56      H       11.2411   26.1030    4.3717
  QMMM:    57       57      H       10.2120   27.8734    2.6069
  QMMM:    58       58      H       11.7953   27.9943    0.6871
  QMMM:    59       59      H       12.5658   26.4285    1.1669
  QMMM:    60       60      H       10.8221   26.4723    0.6431
  QMMM:    61       61      H       12.3138   29.1435    2.7265
  QMMM:    62       62      H       11.9350   28.4534    4.3573
  QMMM:    63       63      H       13.2351   27.7036    3.3318
 
           --------- Calculation Completed ----------
 
