            --------------------------------------------------------
                             AMBER SQM VERSION 19
 
                                     By
              Ross C. Walker, Michael F. Crowley, Scott Brozell,
                         Tim Giese, Andreas W. Goetz,
                        Tai-Sung Lee and David A. Case
 
            --------------------------------------------------------
 

--------------------------------------------------------------------------------
  QM CALCULATION INFO
--------------------------------------------------------------------------------

| QMMM: Citation for AMBER QMMM Run:
| QMMM: R.C. Walker, M.F. Crowley and D.A. Case, J. COMP. CHEM. 29:1019, 2008

QMMM: SINGLET STATE CALCULATION
QMMM: RHF CALCULATION, NO. OF DOUBLY OCCUPIED LEVELS = 86

| QMMM: *** Selected Hamiltonian *** 
| QMMM: AM1         

| QMMM: *** Parameter sets in use ***
| QMMM: C : M.J.S.DEWAR et al. JACS, 107, 3902, (1985)
| QMMM: N : M.J.S.DEWAR et al. JACS, 107, 3902, (1985)
| QMMM: H : M.J.S.DEWAR et al. JACS, 107, 3902, (1985)

| QMMM: *** SCF convergence criteria ***
| QMMM: Energy change                :  0.1D-09 kcal/mol
| QMMM: Error matrix |FP-PF|         :  0.1D+00 au
| QMMM: Density matrix change        :  0.5D-06
| QMMM: Maximum number of SCF cycles :     1000
 
| QMMM: *** Diagonalization Routine Information ***
| QMMM: Pseudo diagonalizations are allowed.
| QMMM: Auto diagonalization routine selection is in use.
| QMMM:
| QMMM: Timing diagonalization routines:
| QMMM:                              norbs =      166
| QMMM:    diag iterations used for timing =        5
| QMMM:
| QMMM:              Internal diag routine = 0.491475 seconds
| QMMM:                 Dspev diag routine = 2.370599 seconds
| QMMM:                Dspevd diag routine = 0.478983 seconds
| QMMM:                Dspevx diag routine = 1.770200 seconds
| QMMM:                 Dsyev diag routine = 1.195229 seconds
| QMMM:                Dsyevd diag routine = 1.163618 seconds
| QMMM:                Dsyevr diag routine = 1.492305 seconds
| QMMM:
| QMMM:                Pseudo diag routine = 0.009370 seconds
| QMMM:
| QMMM: Using dspevd routine (diag_routine=3).

  QMMM: QM Region Cartesian Coordinates (*=link atom) 
  QMMM: QM_NO.   MM_NO.  ATOM         X         Y         Z
  QMMM:     1        1      C        8.5470   19.4690   13.6830
  QMMM:     2        2      C        8.5600   21.2150   11.2010
  QMMM:     3        3      C        9.7420   19.9640   13.0300
  QMMM:     4        4      C        9.7390   20.8090   11.8310
  QMMM:     5        5      C        7.3400   19.9480   12.9530
  QMMM:     6        6      C        7.3420   20.7960   11.7510
  QMMM:     7        7      N        8.5800   18.5930   14.9140
  QMMM:     8        8      C        8.6320   22.0600    9.9900
  QMMM:     9        9      C        9.5360   22.9910    8.1290
  QMMM:    10       10      C        8.2180   23.4500    8.3280
  QMMM:    11       11      C        7.5930   24.3960    7.4120
  QMMM:    12       12      C        8.3930   24.8370    6.2850
  QMMM:    13       13      C        9.7380   24.3610    6.0900
  QMMM:    14       14      C       10.3260   23.4410    7.0000
  QMMM:    15       15      N        9.7530   22.1090    9.2140
  QMMM:    16       16      N        7.7180   22.8690    9.4480
  QMMM:    17       17      C       10.4730   24.8550    4.9090
  QMMM:    18       18      C       12.0100   25.0360    3.1980
  QMMM:    19       19      C       11.0710   26.1020    3.1760
  QMMM:    20       20      C       11.1110   27.1560    2.1710
  QMMM:    21       21      C       12.1810   27.0610    1.1840
  QMMM:    22       22      C       13.1650   25.9590    1.2000
  QMMM:    23       23      N       11.6020   24.2550    4.3210
  QMMM:    24       24      N       10.2190   25.9190    4.1960
  QMMM:    25       25      C       13.0860   24.9490    2.2010
  QMMM:    26       26      N       14.2540   25.8380    0.2130
  QMMM:    27       27      N       16.3010   25.6720   -1.8960
  QMMM:    28       28      C       15.4690   24.9130    0.4060
  QMMM:    29       29      C       16.0870   24.4390   -0.9100
  QMMM:    30       30      C       14.9740   26.4150   -2.1850
  QMMM:    31       31      C       14.4160   26.9440   -0.8420
  QMMM:    32       32      C       16.8790   25.4300   -3.2010
  QMMM:    33       33      C        7.6300   17.8690   15.8870
  QMMM:    34       34      C        9.6340   17.9670   15.8400
  QMMM:    35       35      H       10.7160   19.7140   13.4250
  QMMM:    36       36      H       10.6960   21.1180   11.4370
  QMMM:    37       37      H        6.3550   19.6740   13.3000
  QMMM:    38       38      H        6.4110   21.0960   11.2930
  QMMM:    39       39      H        6.5830   24.7330    7.5900
  QMMM:    40       40      H        7.9820   25.5360    5.5720
  QMMM:    41       41      H       11.3340   23.0770    6.8670
  QMMM:    42       42      H       10.5640   21.5600    9.4630
  QMMM:    43       43      H       10.3740   27.9460    2.1870
  QMMM:    44       44      H       12.2710   27.8100    0.4110
  QMMM:    45       45      H       11.9840   23.4060    4.7120
  QMMM:    46       46      H       13.7930   24.1330    2.2390
  QMMM:    47       47      H       16.9070   26.3260   -1.4220
  QMMM:    48       48      H       15.1740   24.0480    1.0000
  QMMM:    49       49      H       16.2260   25.4290    0.9960
  QMMM:    50       50      H       17.0470   23.9630   -0.7100
  QMMM:    51       51      H       15.4270   23.7090   -1.3790
  QMMM:    52       52      H       14.2590   25.7220   -2.6270
  QMMM:    53       53      H       15.1660   27.2540   -2.8540
  QMMM:    54       54      H       15.0770   27.7190   -0.4550
  QMMM:    55       55      H       13.4530   27.4240   -1.0140
  QMMM:    56       56      H       16.9560   26.3710   -3.7450
  QMMM:    57       57      H       17.8720   24.9960   -3.0840
  QMMM:    58       58      H       16.2450   24.7400   -3.7580
  QMMM:    59       59      H        8.2140   17.3480   16.6450
  QMMM:    60       60      H        6.9780   18.5980   16.3690
  QMMM:    61       61      H        7.0250   17.1490   15.3360
  QMMM:    62       62      H        9.1370   17.3940   16.6220
  QMMM:    63       63      H       10.2800   17.3070   15.2620
  QMMM:    64       64      H       10.2340   18.7560   16.2940

--------------------------------------------------------------------------------
  RESULTS
--------------------------------------------------------------------------------

      iter         sqm energy              rms gradient
      ----    -------------------    -----------------------
xmin    10      340.8216 kcal/mol        0.8983 kcal/(mol*A)
xmin    20      338.6409 kcal/mol        0.2612 kcal/(mol*A)
xmin    30      338.4902 kcal/mol        0.1762 kcal/(mol*A)
xmin    40      338.4197 kcal/mol        0.0918 kcal/(mol*A)
xmin    50      338.3787 kcal/mol        0.2335 kcal/(mol*A)
xmin    60      338.3025 kcal/mol        0.2777 kcal/(mol*A)
xmin    70      338.2296 kcal/mol        0.3505 kcal/(mol*A)
xmin    80      338.0237 kcal/mol        0.1031 kcal/(mol*A)
xmin    90      337.9167 kcal/mol        0.2740 kcal/(mol*A)
xmin   100      337.8498 kcal/mol        0.1013 kcal/(mol*A)
xmin   110      337.8297 kcal/mol        0.0647 kcal/(mol*A)
xmin   120      337.8280 kcal/mol        0.0196 kcal/(mol*A)
xmin   130      337.8276 kcal/mol        0.0071 kcal/(mol*A)
xmin   140      337.8275 kcal/mol        0.0024 kcal/(mol*A)
xmin   150      337.8275 kcal/mol        0.0070 kcal/(mol*A)
  ... geometry converged !
 
 Final MO eigenvalues (eV):
 -45.8047  -43.7125  -42.9368  -41.7492  -41.3174  -39.5669  -38.6461  -38.0266
 -36.2379  -35.8006  -35.1513  -34.1633  -33.3003  -33.0385  -32.7831  -32.1520
 -31.4041  -30.4809  -29.9247  -29.3725  -29.1354  -27.4417  -26.5478  -25.9777
 -25.1450  -24.8705  -24.4546  -24.1459  -23.8638  -22.9377  -22.6081  -22.2379
 -22.1547  -21.4900  -20.9757  -20.3825  -20.1524  -20.1071  -19.6866  -19.2840
 -19.1022  -18.6545  -18.3448  -18.2805  -18.0126  -17.8907  -17.8452  -17.8184
 -17.5653  -17.2554  -17.1855  -17.1158  -16.9499  -16.8960  -16.7904  -16.6054
 -16.5590  -16.4291  -16.1918  -16.1749  -15.8413  -15.7114  -15.4949  -14.9927
 -14.8928  -14.7503  -14.5984  -14.5530  -14.4329  -14.0904  -13.9626  -13.8973
 -13.8657  -13.4760  -13.2486  -12.9808  -12.9337  -12.8726  -12.4895  -12.0409
 -11.3552  -11.2125  -11.0318  -10.5437  -10.3008   -9.3598   -3.7828   -2.5330
  -1.8643   -1.7674   -1.7516   -1.6965   -1.5911   -1.1427   -1.0273   -0.9082
  -0.7309   -0.7017   -0.6679   -0.6263   -0.4952   -0.4552   -0.3993   -0.3245
  -0.3022   -0.2029   -0.1636   -0.0065    0.3533    0.3798    0.4409    0.5753
   0.5939    0.7644    0.8348    1.0875    1.1717    1.3526    1.4436    1.5696
   1.6477    1.6819    1.9040    2.0091    2.0279    2.1841    2.2381    2.2486
   2.4630    2.5010    2.5480    2.5804    2.7098    2.7480    2.8082    2.8587
   2.9256    2.9349    2.9707    3.0457    3.0795    3.1067    3.2217    3.2446
   3.2870    3.3298    3.3539    3.4175    3.4655    3.5126    3.6391    3.7916
   3.8287    3.9302    3.9769    4.0379    4.1455    4.2582    4.3097    4.4892
   4.5512    4.6651    4.8880    5.0067    5.2093    5.3319

 Heat of formation   =        337.82748076 kcal/mol  (       14.64929885 eV)

 Total SCF energy    =    -122414.31902663 kcal/mol  (    -5308.28320657 eV)
 Electronic energy   =   -1014510.48493527 kcal/mol  (   -43992.47582218 eV)
 Core-core repulsion =     892096.16590864 kcal/mol  (    38684.19261561 eV)
 
    Atomic Charges for Step       1 :
  Atom    Element       Mulliken Charge
     1      C                  0.123
     2      C                 -0.110
     3      C                 -0.205
     4      C                 -0.070
     5      C                 -0.206
     6      C                 -0.035
     7      N                 -0.267
     8      C                  0.107
     9      C                 -0.040
    10      C                 -0.036
    11      C                 -0.078
    12      C                 -0.104
    13      C                 -0.050
    14      C                 -0.114
    15      N                 -0.242
    16      N                 -0.144
    17      C                  0.103
    18      C                 -0.036
    19      C                 -0.046
    20      C                 -0.055
    21      C                 -0.178
    22      C                 -0.037
    23      N                 -0.234
    24      N                 -0.129
    25      C                 -0.089
    26      N                 -0.217
    27      N                 -0.004
    28      C                 -0.091
    29      C                 -0.131
    30      C                 -0.131
    31      C                 -0.091
    32      C                 -0.192
    33      C                 -0.085
    34      C                 -0.085
    35      H                  0.139
    36      H                  0.124
    37      H                  0.143
    38      H                  0.155
    39      H                  0.160
    40      H                  0.156
    41      H                  0.131
    42      H                  0.259
    43      H                  0.163
    44      H                  0.123
    45      H                  0.264
    46      H                  0.149
    47      H                  0.241
    48      H                  0.154
    49      H                  0.085
    50      H                  0.141
    51      H                  0.153
    52      H                  0.153
    53      H                  0.141
    54      H                  0.085
    55      H                  0.155
    56      H                  0.143
    57      H                  0.143
    58      H                  0.146
    59      H                  0.092
    60      H                  0.069
    61      H                  0.088
    62      H                  0.093
    63      H                  0.084
    64      H                  0.068
 Total Mulliken Charge =       1.000
 
                  X        Y        Z     TOTAL  
  QM DIPOLE    74.539  116.788   -1.653  138.558
 
 Final Structure

  QMMM: QM Region Cartesian Coordinates (*=link atom) 
  QMMM: QM_NO.   MM_NO.  ATOM         X         Y         Z
  QMMM:     1        1      C        8.5170   19.3443   13.3993
  QMMM:     2        2      C        8.7777   21.1192   11.2041
  QMMM:     3        3      C        9.7899   19.8137   12.9783
  QMMM:     4        4      C        9.9094   20.6791   11.9018
  QMMM:     5        5      C        7.3785   19.8171   12.6953
  QMMM:     6        6      C        7.5121   20.6839   11.6212
  QMMM:     7        7      N        8.3962   18.4075   14.4280
  QMMM:     8        8      C        8.8925   22.0330   10.0702
  QMMM:     9        9      C        9.8056   23.0042    8.2472
  QMMM:    10       10      C        8.5051   23.5841    8.5586
  QMMM:    11       11      C        8.0072   24.6176    7.7545
  QMMM:    12       12      C        8.7698   25.0493    6.6799
  QMMM:    13       13      C       10.0222   24.4713    6.3812
  QMMM:    14       14      C       10.5619   23.4460    7.1613
  QMMM:    15       15      N       10.0261   22.0256    9.2185
  QMMM:    16       16      N        7.9706   22.9539    9.6938
  QMMM:    17       17      C       10.7672   24.9752    5.2244
  QMMM:    18       18      C       12.0895   24.9019    3.3960
  QMMM:    19       19      C       11.6259   26.2568    3.6591
  QMMM:    20       20      C       12.0267   27.2936    2.8056
  QMMM:    21       21      C       12.8491   26.9900    1.7350
  QMMM:    22       22      C       13.2961   25.6658    1.4810
  QMMM:    23       23      N       11.5383   24.1115    4.4046
  QMMM:    24       24      N       10.8092   26.2623    4.8005
  QMMM:    25       25      C       12.9209   24.6031    2.3137
  QMMM:    26       26      N       14.1486   25.3652    0.3597
  QMMM:    27       27      N       15.7477   25.8018   -2.0448
  QMMM:    28       28      C       15.4490   26.0151    0.4461
  QMMM:    29       29      C       16.3766   25.5732   -0.7007
  QMMM:    30       30      C       14.3922   25.1582   -2.0959
  QMMM:    31       31      C       13.5023   25.6080   -0.9227
  QMMM:    32       32      C       16.6188   25.3055   -3.1362
  QMMM:    33       33      C        7.0907   18.1604   14.9804
  QMMM:    34       34      C        9.5295   18.1796   15.2844
  QMMM:    35       35      H       10.7047   19.4995   13.5025
  QMMM:    36       36      H       10.9134   21.0314   11.6189
  QMMM:    37       37      H        6.3658   19.5035   12.9903
  QMMM:    38       38      H        6.6090   21.0361   11.0957
  QMMM:    39       39      H        7.0323   25.0756    7.9786
  QMMM:    40       40      H        8.3918   25.8671    6.0453
  QMMM:    41       41      H       11.5492   23.0147    6.9501
  QMMM:    42       42      H       10.8150   21.4438    9.3023
  QMMM:    43       43      H       11.6893   28.3251    2.9901
  QMMM:    44       44      H       13.1618   27.8050    1.0640
  QMMM:    45       45      H       11.6172   23.1344    4.5005
  QMMM:    46       46      H       13.2620   23.5748    2.1276
  QMMM:    47       47      H       15.6169   26.8156   -2.1604
  QMMM:    48       48      H       15.9344   25.6962    1.4133
  QMMM:    49       49      H       15.3765   27.1421    0.4504
  QMMM:    50       50      H       17.3357   26.1607   -0.6539
  QMMM:    51       51      H       16.6089   24.4741   -0.6107
  QMMM:    52       52      H       14.5389   24.0412   -2.0661
  QMMM:    53       53      H       13.9015   25.4425   -3.0684
  QMMM:    54       54      H       13.2138   26.6899   -1.0700
  QMMM:    55       55      H       12.5589   24.9903   -0.9599
  QMMM:    56       56      H       16.1317   25.5169   -4.1259
  QMMM:    57       57      H       17.6124   25.8267   -3.0849
  QMMM:    58       58      H       16.7716   24.1987   -3.0242
  QMMM:    59       59      H        7.1662   17.4334   15.8313
  QMMM:    60       60      H        6.6052   19.1029   15.3545
  QMMM:    61       61      H        6.4352   17.7071   14.1884
  QMMM:    62       62      H        9.2533   17.4673   16.1056
  QMMM:    63       63      H       10.3589   17.7178   14.6833
  QMMM:    64       64      H        9.9074   19.1321   15.7472
 
           --------- Calculation Completed ----------
 
