            --------------------------------------------------------
                             AMBER SQM VERSION 19
 
                                     By
              Ross C. Walker, Michael F. Crowley, Scott Brozell,
                         Tim Giese, Andreas W. Goetz,
                        Tai-Sung Lee and David A. Case
 
            --------------------------------------------------------
 

--------------------------------------------------------------------------------
  QM CALCULATION INFO
--------------------------------------------------------------------------------

| QMMM: Citation for AMBER QMMM Run:
| QMMM: R.C. Walker, M.F. Crowley and D.A. Case, J. COMP. CHEM. 29:1019, 2008

QMMM: SINGLET STATE CALCULATION
QMMM: RHF CALCULATION, NO. OF DOUBLY OCCUPIED LEVELS =103

| QMMM: *** Selected Hamiltonian *** 
| QMMM: AM1         

| QMMM: *** Parameter sets in use ***
| QMMM: C : M.J.S.DEWAR et al. JACS, 107, 3902, (1985)
| QMMM: O : M.J.S.DEWAR et al. JACS, 107, 3902, (1985)
| QMMM: N : M.J.S.DEWAR et al. JACS, 107, 3902, (1985)
| QMMM: H : M.J.S.DEWAR et al. JACS, 107, 3902, (1985)

| QMMM: *** SCF convergence criteria ***
| QMMM: Energy change                :  0.1D-09 kcal/mol
| QMMM: Error matrix |FP-PF|         :  0.1D+00 au
| QMMM: Density matrix change        :  0.5D-06
| QMMM: Maximum number of SCF cycles :     1000
 
| QMMM: *** Diagonalization Routine Information ***
| QMMM: Pseudo diagonalizations are allowed.
| QMMM: Auto diagonalization routine selection is in use.
| QMMM:
| QMMM: Timing diagonalization routines:
| QMMM:                              norbs =      194
| QMMM:    diag iterations used for timing =        5
| QMMM:
| QMMM:              Internal diag routine = 1.549476 seconds
| QMMM:                 Dspev diag routine = 5.319728 seconds
| QMMM:                Dspevd diag routine = 0.824218 seconds
| QMMM:                Dspevx diag routine = 2.387716 seconds
| QMMM:                 Dsyev diag routine = 2.834314 seconds
| QMMM:                Dsyevd diag routine = 4.560365 seconds
| QMMM:                Dsyevr diag routine = 4.810444 seconds
| QMMM:
| QMMM:                Pseudo diag routine = 0.014852 seconds
| QMMM:
| QMMM: Using dspevd routine (diag_routine=3).

  QMMM: QM Region Cartesian Coordinates (*=link atom) 
  QMMM: QM_NO.   MM_NO.  ATOM         X         Y         Z
  QMMM:     1        1      C       -5.9520   -0.8670    1.7990
  QMMM:     2        2      C       -4.3100    1.1410    1.0480
  QMMM:     3        3      C       -4.4770   -0.3920    1.4360
  QMMM:     4        4      C       -6.1340    2.6280    2.3040
  QMMM:     5        5      C       -3.9700   -1.0970    0.1410
  QMMM:     6        6      C       -3.9940    1.1860   -0.4890
  QMMM:     7        7      C       -5.4970    2.1340    1.1520
  QMMM:     8        8      C       -6.2820   -1.2710    3.1010
  QMMM:     9        9      C       -3.7310   -0.2310   -0.8740
  QMMM:    10       10      C       -3.4430   -0.6600    2.5820
  QMMM:    11       11      C       -5.9650    2.4990   -0.1120
  QMMM:    12       12      C       -6.9430   -0.8390    0.8080
  QMMM:    13       13      C       -8.2580   -1.1920    1.1010
  QMMM:    14       14      C       -7.6960    3.8400    0.8630
  QMMM:    15       15      C       -8.5820   -1.5990    2.4030
  QMMM:    16       16      C       -7.5990   -1.6400    3.3960
  QMMM:    17       17      C       -7.2320    3.4880    2.1630
  QMMM:    18       18      C       -3.9140   -1.0560    3.9570
  QMMM:    19       19      C       -7.0630    3.3320   -0.2570
  QMMM:    20       20      C       -7.8800    3.9990    3.2860
  QMMM:    21       21      C       -5.1700    1.8690   -1.2290
  QMMM:    22       22      C       -5.2270   -1.3280    4.2060
  QMMM:    23       23      C       -9.4230    5.2070    1.8420
  QMMM:    24       24      C       -8.7840    4.6950    0.7170
  QMMM:    25       25      C       -8.9790    4.8610    3.1240
  QMMM:    26       26      C       -4.8270    2.9410   -3.5770
  QMMM:    27       27      O       -5.8790    2.0770   -4.1540
  QMMM:    28       28      C       -7.2640    2.3640   -3.7800
  QMMM:    29       29      C       -7.5780    3.8190   -4.1680
  QMMM:    30       30      O       -7.4920    3.9810   -5.5570
  QMMM:    31       31      C       -6.5910    4.7670   -3.5420
  QMMM:    32       32      O       -6.8990    6.0890   -3.9540
  QMMM:    33       33      C       -5.1460    4.4040   -3.9270
  QMMM:    34       34      N       -4.2190    5.2830   -3.2340
  QMMM:    35       35      C       -8.2190    1.3770   -4.4670
  QMMM:    36       36      O       -4.7070    2.8870   -2.1240
  QMMM:    37       37      C       -3.5060    6.4610   -3.7850
  QMMM:    38       38      O       -9.1960   -1.1080    0.0720
  QMMM:    39       39      C       -9.2780    0.0280   -0.8190
  QMMM:    40       40      O       -2.2420   -0.4940    2.3620
  QMMM:    41       41      H       -3.4600    1.5510    1.5940
  QMMM:    42       42      H       -5.7760    2.3440    3.2830
  QMMM:    43       43      H       -3.8050   -2.1550   -0.0010
  QMMM:    44       44      H       -3.0880    1.7710   -0.6480
  QMMM:    45       45      H       -3.3890   -0.6000   -1.8300
  QMMM:    46       46      H       -6.6910   -0.5410   -0.1990
  QMMM:    47       47      H       -9.5960   -1.8830    2.6430
  QMMM:    48       48      H       -7.8600   -1.9580    4.3940
  QMMM:    49       49      H       -3.2070   -1.1290    4.7700
  QMMM:    50       50      H       -7.4230    3.5840   -1.2440
  QMMM:    51       51      H       -7.5370    3.7320    4.2750
  QMMM:    52       52      H       -5.7710    1.1320   -1.7620
  QMMM:    53       53      H       -5.5140   -1.5890    5.2140
  QMMM:    54       54      H      -10.2650    5.8740    1.7280
  QMMM:    55       55      H       -9.1330    4.9620   -0.2700
  QMMM:    56       56      H       -9.4850    5.2600    3.9910
  QMMM:    57       57      H       -3.8680    2.6730   -4.0200
  QMMM:    58       58      H       -7.3660    2.2580   -2.7000
  QMMM:    59       59      H       -8.5850    4.0730   -3.8360
  QMMM:    60       60      H       -7.6900    4.8920   -5.7860
  QMMM:    61       61      H       -6.6890    4.7070   -2.4580
  QMMM:    62       62      H       -6.2740    6.7020   -3.5590
  QMMM:    63       63      H       -5.0240    4.5420   -5.0010
  QMMM:    64       64      H       -3.5430    4.7060   -2.7540
  QMMM:    65       65      H       -4.6440    5.5570   -2.3600
  QMMM:    66       66      H       -9.2450    1.6030   -4.1790
  QMMM:    67       67      H       -8.1180    1.4660   -5.5490
  QMMM:    68       68      H       -7.9730    0.3600   -4.1620
  QMMM:    69       69      H       -2.8840    6.9060   -3.0080
  QMMM:    70       70      H       -2.8770    6.1490   -4.6190
  QMMM:    71       71      H       -4.2320    7.1950   -4.1340
  QMMM:    72       72      H      -10.0820   -0.1310   -1.5380
  QMMM:    73       73      H       -9.4800    0.9300   -0.2410
  QMMM:    74       74      H       -8.3330    0.1420   -1.3510

--------------------------------------------------------------------------------
  RESULTS
--------------------------------------------------------------------------------

      iter         sqm energy              rms gradient
      ----    -------------------    -----------------------
xmin    10       21.7514 kcal/mol        3.4189 kcal/(mol*A)
xmin    20       16.7947 kcal/mol        0.8329 kcal/(mol*A)
xmin    30       15.8262 kcal/mol        1.7694 kcal/(mol*A)
xmin    40       13.2255 kcal/mol        1.5600 kcal/(mol*A)
xmin    50       11.7108 kcal/mol        0.4820 kcal/(mol*A)
xmin    60       11.2418 kcal/mol        0.2542 kcal/(mol*A)
xmin    70       10.7492 kcal/mol        1.0546 kcal/(mol*A)
xmin    80       10.3134 kcal/mol        0.5459 kcal/(mol*A)
xmin    90       10.1935 kcal/mol        0.0941 kcal/(mol*A)
xmin   100        9.9309 kcal/mol        0.1196 kcal/(mol*A)
xmin   110        9.8334 kcal/mol        0.2052 kcal/(mol*A)
xmin   120        9.7821 kcal/mol        0.0818 kcal/(mol*A)
xmin   130        9.7712 kcal/mol        0.0607 kcal/(mol*A)
xmin   140        9.7680 kcal/mol        0.0174 kcal/(mol*A)
xmin   150        9.7689 kcal/mol        0.0920 kcal/(mol*A)
xmin   160        9.8576 kcal/mol        0.7871 kcal/(mol*A)
xmin   170        9.7658 kcal/mol        0.0105 kcal/(mol*A)
xmin   180        9.7653 kcal/mol        0.0096 kcal/(mol*A)
xmin   190        9.7649 kcal/mol        0.0071 kcal/(mol*A)
xmin   200        9.7648 kcal/mol        0.0021 kcal/(mol*A)
xmin   210        9.7644 kcal/mol        0.0063 kcal/(mol*A)
xmin   220        9.7643 kcal/mol        0.0076 kcal/(mol*A)
xmin   230        9.7642 kcal/mol        0.0056 kcal/(mol*A)
xmin   240        9.7642 kcal/mol        0.0020 kcal/(mol*A)
xmin   250        9.7641 kcal/mol        0.0034 kcal/(mol*A)
xmin   260        9.7641 kcal/mol        0.0025 kcal/(mol*A)
xmin   270        9.7641 kcal/mol        0.0014 kcal/(mol*A)
  ... geometry converged !
 
 Final MO eigenvalues (eV):
 -45.8827  -44.6295  -43.1978  -42.9095  -42.4778  -42.0236  -41.3035  -40.5244
 -40.2120  -39.8608  -38.6634  -36.8187  -36.1717  -35.7456  -35.4337  -35.1341
 -34.2711  -32.8116  -32.0785  -31.9576  -31.6099  -30.8331  -30.4335  -29.5520
 -29.1643  -28.4962  -26.9570  -26.6988  -25.9433  -25.2308  -25.1500  -24.8918
 -24.7921  -24.5180  -23.8084  -23.2915  -22.8180  -22.6104  -22.5221  -21.8605
 -21.5940  -21.1498  -21.1302  -20.9880  -20.4906  -20.2443  -19.7804  -19.7209
 -19.5271  -19.2750  -19.0060  -18.9406  -18.8229  -18.4456  -18.3215  -18.2963
 -17.9890  -17.9527  -17.8857  -17.8626  -17.6817  -17.5605  -17.3399  -17.1744
 -17.0586  -17.0098  -16.7985  -16.6449  -16.4987  -16.4232  -16.3266  -16.2115
 -16.0761  -15.9450  -15.8563  -15.7623  -15.7372  -15.6876  -15.5651  -15.3901
 -15.2540  -15.1470  -14.9274  -14.7431  -14.7109  -14.5992  -14.4714  -14.4087
 -14.3473  -14.1749  -14.1225  -14.0690  -13.8080  -13.7333  -13.6805  -12.8920
 -12.8196  -12.6520  -12.1447  -11.6745  -11.4289  -10.8743  -10.6320   -3.5494
  -2.5985   -2.5084   -2.2050   -1.6493   -1.6235   -1.5842   -1.4942   -1.4409
  -1.1230   -1.0829   -0.9699   -0.9037   -0.7509   -0.5809   -0.4132   -0.3280
  -0.2384   -0.1699   -0.1236   -0.0819    0.0083    0.0381    0.1708    0.1935
   0.4251    0.4649    0.6137    0.6342    0.6922    0.7093    0.7409    0.9333
   1.0026    1.0645    1.1490    1.1810    1.2930    1.4102    1.4236    1.4455
   1.5349    1.5813    1.6513    1.7967    1.8292    1.8735    1.9222    1.9643
   1.9721    2.0386    2.0552    2.1127    2.1334    2.1602    2.1967    2.2250
   2.2416    2.3365    2.3437    2.3548    2.3637    2.4159    2.4298    2.5419
   2.5728    2.6297    2.6970    2.7789    2.8635    2.8801    2.8873    2.9363
   2.9436    2.9638    3.0451    3.1151    3.1770    3.2018    3.2389    3.3148
   3.3584    3.5102    3.5579    3.6207    3.6701    3.7259    3.8013    3.9922
   4.5006    4.5643

 Heat of formation   =          9.76410026 kcal/mol  (        0.42340316 eV)

 Total SCF energy    =    -157154.61098830 kcal/mol  (    -6814.73531019 eV)
 Electronic energy   =   -1597072.17730476 kcal/mol  (   -69254.24644659 eV)
 Core-core repulsion =    1439917.56631646 kcal/mol  (    62439.51113640 eV)
 
    Atomic Charges for Step       1 :
  Atom    Element       Mulliken Charge
     1      C                 -0.005
     2      C                 -0.041
     3      C                 -0.032
     4      C                 -0.082
     5      C                 -0.104
     6      C                 -0.103
     7      C                 -0.076
     8      C                 -0.114
     9      C                 -0.190
    10      C                  0.276
    11      C                 -0.107
    12      C                 -0.200
    13      C                  0.107
    14      C                 -0.046
    15      C                 -0.151
    16      C                 -0.070
    17      C                 -0.028
    18      C                 -0.248
    19      C                 -0.077
    20      C                 -0.116
    21      C                  0.081
    22      C                 -0.019
    23      C                 -0.113
    24      C                 -0.122
    25      C                 -0.111
    26      C                  0.138
    27      O                 -0.250
    28      C                  0.041
    29      C                 -0.024
    30      O                 -0.299
    31      C                 -0.022
    32      O                 -0.352
    33      C                 -0.107
    34      N                 -0.014
    35      C                 -0.212
    36      O                 -0.331
    37      C                 -0.196
    38      O                 -0.198
    39      C                 -0.080
    40      O                 -0.313
    41      H                  0.116
    42      H                  0.151
    43      H                  0.165
    44      H                  0.073
    45      H                  0.148
    46      H                  0.146
    47      H                  0.163
    48      H                  0.146
    49      H                  0.162
    50      H                  0.135
    51      H                  0.143
    52      H                  0.125
    53      H                  0.146
    54      H                  0.144
    55      H                  0.134
    56      H                  0.146
    57      H                  0.145
    58      H                  0.105
    59      H                  0.110
    60      H                  0.217
    61      H                  0.124
    62      H                  0.240
    63      H                  0.186
    64      H                  0.250
    65      H                  0.257
    66      H                  0.096
    67      H                  0.117
    68      H                  0.105
    69      H                  0.142
    70      H                  0.143
    71      H                  0.169
    72      H                  0.117
    73      H                  0.075
    74      H                  0.075
 Total Mulliken Charge =       1.000
 
                  X        Y        Z     TOTAL  
  QM DIPOLE   -24.594   20.455  -11.292   33.923
 
 Final Structure

  QMMM: QM Region Cartesian Coordinates (*=link atom) 
  QMMM: QM_NO.   MM_NO.  ATOM         X         Y         Z
  QMMM:     1        1      C       -5.6591   -0.5613    2.1215
  QMMM:     2        2      C       -4.9672    1.4437    0.6465
  QMMM:     3        3      C       -4.6453    0.0073    1.1753
  QMMM:     4        4      C       -6.8095    2.4000    2.1738
  QMMM:     5        5      C       -4.6203   -0.8479   -0.0822
  QMMM:     6        6      C       -4.9256    1.3328   -0.9153
  QMMM:     7        7      C       -6.2873    2.0653    0.9548
  QMMM:     8        8      C       -5.3186   -0.9344    3.4333
  QMMM:     9        9      C       -4.7901   -0.1281   -1.2016
  QMMM:    10       10      C       -3.2160    0.0716    1.7308
  QMMM:    11       11      C       -6.9913    2.4048   -0.2488
  QMMM:    12       12      C       -6.9641   -0.7819    1.6602
  QMMM:    13       13      C       -7.9210   -1.3434    2.5110
  QMMM:    14       14      C       -8.7666    3.3895    1.0499
  QMMM:    15       15      C       -7.5916   -1.6894    3.8386
  QMMM:    16       16      C       -6.2975   -1.4830    4.2822
  QMMM:    17       17      C       -8.0693    3.0676    2.2437
  QMMM:    18       18      C       -2.9724   -0.3532    3.1074
  QMMM:    19       19      C       -8.1961    3.0469   -0.2120
  QMMM:    20       20      C       -8.6437    3.4173    3.4948
  QMMM:    21       21      C       -6.2256    1.9593   -1.4593
  QMMM:    22       22      C       -3.9569   -0.8017    3.9033
  QMMM:    23       23      C      -10.5545    4.3760    2.3602
  QMMM:    24       24      C      -10.0206    4.0501    1.1359
  QMMM:    25       25      C       -9.8594    4.0571    3.5501
  QMMM:    26       26      C       -5.3889    2.8620   -3.5150
  QMMM:    27       27      O       -6.4465    2.6084   -4.3946
  QMMM:    28       28      C       -7.3638    3.6907   -4.6088
  QMMM:    29       29      C       -6.6259    4.9536   -5.0849
  QMMM:    30       30      O       -6.0314    4.6859   -6.3388
  QMMM:    31       31      C       -5.5438    5.3221   -4.0500
  QMMM:    32       32      O       -4.7689    6.4308   -4.4759
  QMMM:    33       33      C       -4.5741    4.1259   -3.9280
  QMMM:    34       34      N       -3.4749    4.3918   -2.9392
  QMMM:    35       35      C       -8.3576    3.1934   -5.6384
  QMMM:    36       36      O       -5.9239    3.1355   -2.2381
  QMMM:    37       37      C       -2.2858    5.0183   -3.5583
  QMMM:    38       38      O       -9.2254   -1.6045    2.1569
  QMMM:    39       39      C       -9.5903   -1.3224    0.8099
  QMMM:    40       40      O       -2.3039    0.5185    1.0192
  QMMM:    41       41      H       -4.1606    2.1436    0.9972
  QMMM:    42       42      H       -6.2840    2.1560    3.1100
  QMMM:    43       43      H       -4.4779   -1.9283    0.0012
  QMMM:    44       44      H       -4.0350    1.8854   -1.3119
  QMMM:    45       45      H       -4.8205   -0.5045   -2.2261
  QMMM:    46       46      H       -7.2220   -0.5026    0.6279
  QMMM:    47       47      H       -8.3629   -2.1231    4.4920
  QMMM:    48       48      H       -6.0228   -1.7615    5.3124
  QMMM:    49       49      H       -1.9288   -0.2752    3.4532
  QMMM:    50       50      H       -8.7351    3.3095   -1.1343
  QMMM:    51       51      H       -8.0990    3.1621    4.4169
  QMMM:    52       52      H       -6.8097    1.2432   -2.0969
  QMMM:    53       53      H       -3.7534   -1.1039    4.9454
  QMMM:    54       54      H      -11.5279    4.8855    2.4292
  QMMM:    55       55      H      -10.5573    4.2918    0.2062
  QMMM:    56       56      H      -10.3068    4.3258    4.5196
  QMMM:    57       57      H       -4.7571    1.9270   -3.5446
  QMMM:    58       58      H       -7.8680    3.9281   -3.6292
  QMMM:    59       59      H       -7.3601    5.8030   -5.1683
  QMMM:    60       60      H       -5.7066    5.5296   -6.6828
  QMMM:    61       61      H       -6.0285    5.5411   -3.0564
  QMMM:    62       62      H       -5.3749    7.1693   -4.6255
  QMMM:    63       63      H       -4.1142    3.9314   -4.9444
  QMMM:    64       64      H       -3.2092    3.5032   -2.4943
  QMMM:    65       65      H       -3.8499    5.0081   -2.2058
  QMMM:    66       66      H       -9.1598    3.9571   -5.7721
  QMMM:    67       67      H       -7.8454    3.0200   -6.6161
  QMMM:    68       68      H       -8.8123    2.2332   -5.2954
  QMMM:    69       69      H       -1.5317    5.2406   -2.7559
  QMMM:    70       70      H       -1.8402    4.3162   -4.3127
  QMMM:    71       71      H       -2.5932    5.9725   -4.0713
  QMMM:    72       72      H      -10.6628   -1.6420    0.7626
  QMMM:    73       73      H       -9.4938   -0.2302    0.5976
  QMMM:    74       74      H       -8.9685   -1.9190    0.0994
 
           --------- Calculation Completed ----------
 
