            --------------------------------------------------------
                             AMBER SQM VERSION 19
 
                                     By
              Ross C. Walker, Michael F. Crowley, Scott Brozell,
                         Tim Giese, Andreas W. Goetz,
                        Tai-Sung Lee and David A. Case
 
            --------------------------------------------------------
 

--------------------------------------------------------------------------------
  QM CALCULATION INFO
--------------------------------------------------------------------------------

| QMMM: Citation for AMBER QMMM Run:
| QMMM: R.C. Walker, M.F. Crowley and D.A. Case, J. COMP. CHEM. 29:1019, 2008

QMMM: SINGLET STATE CALCULATION
QMMM: RHF CALCULATION, NO. OF DOUBLY OCCUPIED LEVELS = 89

| QMMM: *** Selected Hamiltonian *** 
| QMMM: AM1         

| QMMM: *** Parameter sets in use ***
| QMMM: C : M.J.S.DEWAR et al. JACS, 107, 3902, (1985)
| QMMM: N : M.J.S.DEWAR et al. JACS, 107, 3902, (1985)
| QMMM: H : M.J.S.DEWAR et al. JACS, 107, 3902, (1985)

| QMMM: *** SCF convergence criteria ***
| QMMM: Energy change                :  0.1D-09 kcal/mol
| QMMM: Error matrix |FP-PF|         :  0.1D+00 au
| QMMM: Density matrix change        :  0.5D-06
| QMMM: Maximum number of SCF cycles :     1000
 
| QMMM: *** Diagonalization Routine Information ***
| QMMM: Pseudo diagonalizations are allowed.
| QMMM: Auto diagonalization routine selection is in use.
| QMMM:
| QMMM: Timing diagonalization routines:
| QMMM:                              norbs =      172
| QMMM:    diag iterations used for timing =        5
| QMMM:
| QMMM:              Internal diag routine = 0.767996 seconds
| QMMM:                 Dspev diag routine = 2.776769 seconds
| QMMM:                Dspevd diag routine = 0.815887 seconds
| QMMM:                Dspevx diag routine = 3.205811 seconds
| QMMM:                 Dsyev diag routine = 2.290374 seconds
| QMMM:                Dsyevd diag routine = 2.413741 seconds
| QMMM:                Dsyevr diag routine = 1.550091 seconds
| QMMM:
| QMMM:                Pseudo diag routine = 0.283387 seconds
| QMMM:
| QMMM: Using internal diagonalization routine (diag_routine=1).

  QMMM: QM Region Cartesian Coordinates (*=link atom) 
  QMMM: QM_NO.   MM_NO.  ATOM         X         Y         Z
  QMMM:     1        1      C        8.6410   19.7810   13.5070
  QMMM:     2        2      C        8.6490   21.5550   10.9890
  QMMM:     3        3      C        9.8130   20.2380   12.8160
  QMMM:     4        4      C        9.8120   21.0870   11.6110
  QMMM:     5        5      C        7.4380   20.3100   12.8060
  QMMM:     6        6      C        7.4240   21.1590   11.6000
  QMMM:     7        7      N        8.6400   18.8920   14.7550
  QMMM:     8        8      C        8.7800   22.4150    9.7540
  QMMM:     9        9      C        9.6800   23.3220    7.8570
  QMMM:    10       10      C        8.4210   23.8690    8.1350
  QMMM:    11       11      C        7.8120   24.8950    7.2730
  QMMM:    12       12      C        8.5850   25.3090    6.1160
  QMMM:    13       13      C        9.8630   24.7370    5.8520
  QMMM:    14       14      C       10.4130   23.7570    6.7040
  QMMM:    15       15      N        9.8870   22.3810    8.9250
  QMMM:    16       16      N        7.9360   23.2970    9.2680
  QMMM:    17       17      C       10.5980   25.1720    4.6820
  QMMM:    18       18      C       12.1460   25.2370    3.0450
  QMMM:    19       19      C       11.2230   26.3030    2.9550
  QMMM:    20       20      C       11.2950   27.3040    1.9150
  QMMM:    21       21      C       12.3950   27.1610    0.9410
  QMMM:    22       22      C       13.3640   26.0450    1.0410
  QMMM:    23       23      N       11.7190   24.5250    4.1620
  QMMM:    24       24      N       10.3560   26.1950    3.9390
  QMMM:    25       25      C       13.2310   25.0970    2.0860
  QMMM:    26       26      N       14.4590   25.9380    0.0430
  QMMM:    27       27      N       16.7400   25.7450   -1.9400
  QMMM:    28       28      C       15.6800   24.9980    0.2470
  QMMM:    29       29      C       16.3020   24.5750   -1.1300
  QMMM:    30       30      C       15.5070   26.6710   -2.2230
  QMMM:    31       31      C       14.8740   27.1370   -0.8910
  QMMM:    32       32      C       17.2510   25.3750   -3.1930
  QMMM:    33       33      C        7.6300   18.2350   15.7080
  QMMM:    34       34      C        9.6370   18.1980   15.6900
  QMMM:    35       35      C        6.0480   21.5860   11.0430
  QMMM:    36       36      H       10.7930   19.9610   13.1740
  QMMM:    37       37      H       10.7810   21.3450   11.2090
  QMMM:    38       38      H        6.4510   20.0780   13.1780
  QMMM:    39       39      H        6.8400   25.2980    7.5170
  QMMM:    40       40      H        8.1930   26.0580    5.4440
  QMMM:    41       41      H       11.3830   23.3340    6.4900
  QMMM:    42       42      H       10.6550   21.7590    9.1330
  QMMM:    43       43      H       10.5670   28.1010    1.8810
  QMMM:    44       44      H       12.5030   27.8770    0.1390
  QMMM:    45       45      H       12.0710   23.6890    4.6060
  QMMM:    46       46      H       13.9270   24.2760    2.1740
  QMMM:    47       47      H       17.4410   26.2640   -1.4300
  QMMM:    48       48      H       15.3660   24.1080    0.7920
  QMMM:    49       49      H       16.4350   25.5090    0.8450
  QMMM:    50       50      H       17.1520   23.9160   -0.9560
  QMMM:    51       51      H       15.5710   23.9960   -1.6950
  QMMM:    52       52      H       14.7660   26.1220   -2.8040
  QMMM:    53       53      H       15.8300   27.5410   -2.7950
  QMMM:    54       54      H       15.5760   27.7820   -0.3620
  QMMM:    55       55      H       13.9990   27.7520   -1.1010
  QMMM:    56       56      H       17.5550   26.2670   -3.7400
  QMMM:    57       57      H       18.1130   24.7230   -3.0560
  QMMM:    58       58      H       16.4830   24.8470   -3.7580
  QMMM:    59       59      H        8.1650   17.6760   16.4760
  QMMM:    60       60      H        7.0190   19.0060   16.1790
  QMMM:    61       61      H        6.9880   17.5560   15.1460
  QMMM:    62       62      H        9.0940   17.6600   16.4670
  QMMM:    63       63      H       10.2430   17.4950   15.1180
  QMMM:    64       64      H       10.2840   18.9450   16.1510
  QMMM:    65       65      H        5.2580   21.1690   11.6670
  QMMM:    66       66      H        5.9760   22.6740   11.0450
  QMMM:    67       67      H        5.9380   21.2170   10.0230

--------------------------------------------------------------------------------
  RESULTS
--------------------------------------------------------------------------------

      iter         sqm energy              rms gradient
      ----    -------------------    -----------------------
xmin    10      337.2776 kcal/mol        0.6870 kcal/(mol*A)
xmin    20      336.0555 kcal/mol        0.6993 kcal/(mol*A)
xmin    30      335.6707 kcal/mol        0.1477 kcal/(mol*A)
xmin    40      335.1285 kcal/mol        0.8357 kcal/(mol*A)
xmin    50      334.3831 kcal/mol        0.3279 kcal/(mol*A)
xmin    60      333.8449 kcal/mol        0.3519 kcal/(mol*A)
xmin    70      333.0875 kcal/mol        0.4429 kcal/(mol*A)
xmin    80      332.8727 kcal/mol        0.1268 kcal/(mol*A)
xmin    90      332.7605 kcal/mol        0.2400 kcal/(mol*A)
xmin   100      332.6889 kcal/mol        0.1321 kcal/(mol*A)
xmin   110      332.4729 kcal/mol        0.1665 kcal/(mol*A)
xmin   120      332.2475 kcal/mol        0.2730 kcal/(mol*A)
xmin   130      332.1431 kcal/mol        0.0404 kcal/(mol*A)
xmin   140      332.1183 kcal/mol        0.0720 kcal/(mol*A)
xmin   150      332.1136 kcal/mol        0.0276 kcal/(mol*A)
xmin   160      332.1113 kcal/mol        0.0189 kcal/(mol*A)
xmin   170      332.1109 kcal/mol        0.0073 kcal/(mol*A)
xmin   180      332.1107 kcal/mol        0.0028 kcal/(mol*A)
xmin   190      332.1106 kcal/mol        0.0039 kcal/(mol*A)
xmin   200      332.1106 kcal/mol        0.0006 kcal/(mol*A)
  ... geometry converged !
 
 Final MO eigenvalues (eV):
 -45.8076  -43.7196  -42.9607  -41.7590  -41.3732  -39.5931  -38.7606  -38.0874
 -36.2410  -35.8071  -35.2029  -34.4363  -34.1484  -33.2299  -32.8436  -32.2019
 -31.4382  -30.5967  -30.2552  -29.4065  -29.1387  -28.3389  -27.2449  -26.5511
 -25.9689  -25.1433  -24.8125  -24.4335  -23.8910  -23.4985  -22.9456  -22.6120
 -22.1666  -21.8388  -21.4928  -20.9782  -20.3783  -20.1107  -20.0170  -19.6203
 -19.1472  -19.0465  -18.6513  -18.3473  -18.2788  -18.0231  -17.9949  -17.8806
 -17.8400  -17.5653  -17.2130  -17.1761  -17.1124  -16.9397  -16.8691  -16.7931
 -16.5786  -16.5184  -16.4258  -16.1920  -16.1518  -15.9659  -15.7082  -15.4440
 -15.2082  -14.9933  -14.7850  -14.7656  -14.5521  -14.3900  -14.2764  -14.0342
 -13.9782  -13.8224  -13.7880  -13.5283  -13.4771  -13.2542  -13.0170  -12.9363
 -12.8198  -12.5057  -11.8909  -11.3619  -11.2207  -10.7019  -10.5362  -10.2637
  -9.3996   -3.7854   -2.5352   -1.8616   -1.7675   -1.7146   -1.6985   -1.5938
  -1.1455   -1.0157   -0.9013   -0.7348   -0.7044   -0.6653   -0.6291   -0.4987
  -0.4580   -0.4063   -0.3305   -0.3060   -0.2056   -0.1848   -0.0116    0.3596
   0.3870    0.4182    0.5717    0.5852    0.7607    0.8310    1.1361    1.1670
   1.3470    1.4377    1.5612    1.5874    1.6746    1.9377    2.0073    2.0243
   2.1812    2.2322    2.2447    2.4666    2.5397    2.5462    2.6203    2.7306
   2.7474    2.8278    2.8672    2.9319    2.9623    3.0136    3.0408    3.0730
   3.1006    3.2227    3.2397    3.2859    3.3078    3.3317    3.4063    3.4531
   3.5102    3.6272    3.6416    3.6742    3.7930    3.8413    3.9319    3.9663
   3.9855    4.1016    4.2181    4.2525    4.4169    4.4914    4.6190    4.6580
   4.9043    5.0554    5.2594    5.3348

 Heat of formation   =        332.11060866 kcal/mol  (       14.40139667 eV)

 Total SCF energy    =    -126006.88893026 kcal/mol  (    -5464.06872773 eV)
 Electronic energy   =   -1074493.18561622 kcal/mol  (   -46593.52090613 eV)
 Core-core repulsion =     948486.29668596 kcal/mol  (    41129.45217839 eV)
 
    Atomic Charges for Step       1 :
  Atom    Element       Mulliken Charge
     1      C                  0.123
     2      C                 -0.115
     3      C                 -0.207
     4      C                 -0.068
     5      C                 -0.210
     6      C                  0.030
     7      N                 -0.265
     8      C                  0.108
     9      C                 -0.039
    10      C                 -0.040
    11      C                 -0.077
    12      C                 -0.106
    13      C                 -0.048
    14      C                 -0.115
    15      N                 -0.242
    16      N                 -0.138
    17      C                  0.102
    18      C                 -0.036
    19      C                 -0.046
    20      C                 -0.055
    21      C                 -0.178
    22      C                 -0.037
    23      N                 -0.234
    24      N                 -0.129
    25      C                 -0.089
    26      N                 -0.217
    27      N                 -0.004
    28      C                 -0.091
    29      C                 -0.131
    30      C                 -0.131
    31      C                 -0.091
    32      C                 -0.192
    33      C                 -0.087
    34      C                 -0.086
    35      C                 -0.189
    36      H                  0.139
    37      H                  0.129
    38      H                  0.142
    39      H                  0.160
    40      H                  0.156
    41      H                  0.131
    42      H                  0.260
    43      H                  0.163
    44      H                  0.123
    45      H                  0.264
    46      H                  0.149
    47      H                  0.241
    48      H                  0.154
    49      H                  0.085
    50      H                  0.141
    51      H                  0.153
    52      H                  0.153
    53      H                  0.141
    54      H                  0.085
    55      H                  0.155
    56      H                  0.143
    57      H                  0.143
    58      H                  0.146
    59      H                  0.091
    60      H                  0.068
    61      H                  0.087
    62      H                  0.092
    63      H                  0.084
    64      H                  0.068
    65      H                  0.082
    66      H                  0.113
    67      H                  0.091
 Total Mulliken Charge =       1.000
 
                  X        Y        Z     TOTAL  
  QM DIPOLE    74.876  116.975   -2.851  138.916
 
 Final Structure

  QMMM: QM Region Cartesian Coordinates (*=link atom) 
  QMMM: QM_NO.   MM_NO.  ATOM         X         Y         Z
  QMMM:     1        1      C        8.5358   19.7387   13.2381
  QMMM:     2        2      C        8.7632   21.5146   11.0428
  QMMM:     3        3      C        9.7606   20.3993   12.9547
  QMMM:     4        4      C        9.8607   21.2619   11.8761
  QMMM:     5        5      C        7.4313   20.0146   12.3953
  QMMM:     6        6      C        7.5351   20.8870   11.3112
  QMMM:     7        7      N        8.4436   18.8020   14.2726
  QMMM:     8        8      C        8.9238   22.4429    9.9223
  QMMM:     9        9      C        9.9154   23.3610    8.1123
  QMMM:    10       10      C        8.6947   24.0746    8.4658
  QMMM:    11       11      C        8.3050   25.1829    7.7030
  QMMM:    12       12      C        9.0950   25.5600    6.6275
  QMMM:    13       13      C       10.2687   24.8539    6.2877
  QMMM:    14       14      C       10.7000   23.7493    7.0258
  QMMM:    15       15      N       10.0361   22.3322    9.0478
  QMMM:    16       16      N        8.1092   23.4727    9.5929
  QMMM:    17       17      C       11.0489   25.3075    5.1333
  QMMM:    18       18      C       12.3295   25.1449    3.2812
  QMMM:    19       19      C       12.0243   26.5340    3.5924
  QMMM:    20       20      C       12.5273   27.5460    2.7634
  QMMM:    21       21      C       13.2963   27.1864    1.6707
  QMMM:    22       22      C       13.5887   25.8292    1.3700
  QMMM:    23       23      N       11.7067   24.3895    4.2748
  QMMM:    24       24      N       11.2290   26.5947    4.7471
  QMMM:    25       25      C       13.1077   24.7893    2.1767
  QMMM:    26       26      N       14.3877   25.4708    0.2264
  QMMM:    27       27      N       15.9953   25.8009   -2.1894
  QMMM:    28       28      C       15.7539   25.9676    0.3114
  QMMM:    29       29      C       16.6112   25.4608   -0.8630
  QMMM:    30       30      C       14.5752   25.3156   -2.2379
  QMMM:    31       31      C       13.7566   25.8251   -1.0375
  QMMM:    32       32      C       16.7910   25.2445   -3.3090
  QMMM:    33       33      C        7.1350   18.3660   14.6839
  QMMM:    34       34      C        9.4830   18.7839   15.2680
  QMMM:    35       35      C        6.3382   21.1330   10.4712
  QMMM:    36       36      H       10.6466   20.2395   13.5865
  QMMM:    37       37      H       10.8199   21.7705   11.6894
  QMMM:    38       38      H        6.4558   19.5395   12.5828
  QMMM:    39       39      H        7.3922   25.7411    7.9595
  QMMM:    40       40      H        8.8027   26.4355    6.0254
  QMMM:    41       41      H       11.6282   23.2157    6.7829
  QMMM:    42       42      H       10.7632   21.6722    9.1126
  QMMM:    43       43      H       12.3101   28.6023    2.9843
  QMMM:    44       44      H       13.6895   27.9821    1.0192
  QMMM:    45       45      H       11.6781   23.4071    4.3410
  QMMM:    46       46      H       13.3289   23.7358    1.9544
  QMMM:    47       47      H       15.9782   26.8261   -2.2724
  QMMM:    48       48      H       16.2125   25.5659    1.2606
  QMMM:    49       49      H       15.8089   27.0950    0.3505
  QMMM:    50       50      H       17.6310   25.9351   -0.8140
  QMMM:    51       51      H       16.7193   24.3403   -0.8097
  QMMM:    52       52      H       14.5954   24.1888   -2.2439
  QMMM:    53       53      H       14.1075   25.6838   -3.1933
  QMMM:    54       54      H       13.5901   26.9367   -1.1475
  QMMM:    55       55      H       12.7492   25.3188   -1.0780
  QMMM:    56       56      H       16.3184   25.5405   -4.2839
  QMMM:    57       57      H       17.8376   25.6487   -3.2581
  QMMM:    58       58      H       16.8191   24.1246   -3.2327
  QMMM:    59       59      H        7.2207   17.6730   15.5617
  QMMM:    60       60      H        6.4712   19.2273   14.9692
  QMMM:    61       61      H        6.6527   17.8036   13.8392
  QMMM:    62       62      H        9.2276   18.0496   16.0766
  QMMM:    63       63      H       10.4452   18.4569   14.7888
  QMMM:    64       64      H        9.6391   19.7939   15.7365
  QMMM:    65       65      H        5.5456   20.3679   10.6618
  QMMM:    66       66      H        5.9147   22.1441   10.7007
  QMMM:    67       67      H        6.6023   21.1029    9.3853
 
           --------- Calculation Completed ----------
 
