            --------------------------------------------------------
                             AMBER SQM VERSION 19
 
                                     By
              Ross C. Walker, Michael F. Crowley, Scott Brozell,
                         Tim Giese, Andreas W. Goetz,
                        Tai-Sung Lee and David A. Case
 
            --------------------------------------------------------
 

--------------------------------------------------------------------------------
  QM CALCULATION INFO
--------------------------------------------------------------------------------

| QMMM: Citation for AMBER QMMM Run:
| QMMM: R.C. Walker, M.F. Crowley and D.A. Case, J. COMP. CHEM. 29:1019, 2008

QMMM: SINGLET STATE CALCULATION
QMMM: RHF CALCULATION, NO. OF DOUBLY OCCUPIED LEVELS =111

| QMMM: *** Selected Hamiltonian *** 
| QMMM: AM1         

| QMMM: *** Parameter sets in use ***
| QMMM: C : M.J.S.DEWAR et al. JACS, 107, 3902, (1985)
| QMMM: N : M.J.S.DEWAR et al. JACS, 107, 3902, (1985)
| QMMM: O : M.J.S.DEWAR et al. JACS, 107, 3902, (1985)
| QMMM: H : M.J.S.DEWAR et al. JACS, 107, 3902, (1985)

| QMMM: *** SCF convergence criteria ***
| QMMM: Energy change                :  0.1D-09 kcal/mol
| QMMM: Error matrix |FP-PF|         :  0.1D+00 au
| QMMM: Density matrix change        :  0.5D-06
| QMMM: Maximum number of SCF cycles :     1000
 
| QMMM: *** Diagonalization Routine Information ***
| QMMM: Pseudo diagonalizations are allowed.
| QMMM: Auto diagonalization routine selection is in use.
| QMMM:
| QMMM: Timing diagonalization routines:
| QMMM:                              norbs =      211
| QMMM:    diag iterations used for timing =        4
| QMMM:
| QMMM:              Internal diag routine = 0.046673 seconds
| QMMM:                 Dspev diag routine = 0.162537 seconds
| QMMM:                Dspevd diag routine = 0.025700 seconds
| QMMM:                Dspevx diag routine = 0.233390 seconds
| QMMM:                 Dsyev diag routine = 0.053706 seconds
| QMMM:                Dsyevd diag routine = 0.025462 seconds
| QMMM:                Dsyevr diag routine = 0.044245 seconds
| QMMM:
| QMMM:                Pseudo diag routine = 0.026823 seconds
| QMMM: Pseudo diagonalization appears to be slower than regular
| QMMM: diagonalization. Setting pseudo_diag=0 for optimum performance.
| QMMM:
| QMMM: Using dsyevd routine (diag_routine=6).

  QMMM: QM Region Cartesian Coordinates (*=link atom) 
  QMMM: QM_NO.   MM_NO.  ATOM         X         Y         Z
  QMMM:     1        1      C       -1.7680    8.4280   -2.0370
  QMMM:     2        2      C       -3.1170    8.4060   -1.7290
  QMMM:     3        3      C       -3.5390    8.2950   -0.4120
  QMMM:     4        4      C       -2.5860    8.2060    0.5980
  QMMM:     5        5      C       -1.2250    8.2290    0.2860
  QMMM:     6        6      C       -0.8200    8.3410   -1.0380
  QMMM:     7        7      N       -0.3630    8.1380    1.3190
  QMMM:     8        8      N        0.5250    8.3610   -1.3020
  QMMM:     9        9      C        0.9490    8.1610    1.0140
  QMMM:    10       10      C        1.4290    8.2710   -0.2780
  QMMM:    11       11      C        1.8470    8.0670    2.0750
  QMMM:    12       12      C        3.2210    8.0840    1.8390
  QMMM:    13       13      C        3.6910    8.1980    0.5350
  QMMM:    14       14      C        2.8270    8.2890   -0.5060
  QMMM:    15       15      C        3.3620    8.4210   -1.9300
  QMMM:    16       16      C       -1.3890    8.5370   -3.4950
  QMMM:    17       17      O       -0.5100    7.8300   -3.9830
  QMMM:    18       18      N       -2.0410    9.4140   -4.2100
  QMMM:    19       19      C       -1.4880    9.8650   -5.5190
  QMMM:    20       20      C       -0.0650   10.3390   -5.2080
  QMMM:    21       21      N       -0.2250   11.5240   -4.3130
  QMMM:    22       22      C       -0.7760   12.6200   -5.1810
  QMMM:    23       23      N       -3.2610   16.7020   -5.6210
  QMMM:    24       24      C       -2.9840   17.7900   -4.9530
  QMMM:    25       25      O       -3.8090   18.6900   -4.8120
  QMMM:    26       26      C       -1.5990   17.8920   -4.3610
  QMMM:    27       27      C       -0.5300   17.9170   -5.2390
  QMMM:    28       28      C        0.7700   17.9970   -4.7650
  QMMM:    29       29      C        0.9870   18.0530   -3.3900
  QMMM:    30       30      C       -0.0940   18.0280   -2.5050
  QMMM:    31       31      N        0.1950   18.0850   -1.1880
  QMMM:    32       32      C       -0.8540   18.0600   -0.3380
  QMMM:    33       33      C       -2.1700   17.9820   -0.7570
  QMMM:    34       34      N       -2.4230   17.9260   -2.1010
  QMMM:    35       35      C       -1.3890   17.9480   -3.0000
  QMMM:    36       36      C       -3.2110   17.9610    0.2020
  QMMM:    37       37      C       -2.9220   18.0170    1.5260
  QMMM:    38       38      C       -1.6040   18.0950    1.9620
  QMMM:    39       39      C       -0.5700   18.1170    1.0260
  QMMM:    40       40      C       -4.6640   17.8760   -0.2540
  QMMM:    41       41      C       -3.5140   15.4250   -4.8940
  QMMM:    42       42      C       -2.1600   15.0480   -4.2830
  QMMM:    43       43      N       -2.3480   13.6880   -3.6930
  QMMM:    44       44      C       -2.2710   12.7320   -4.8380
  QMMM:    45       45      H       -3.8520    8.4760   -2.5170
  QMMM:    46       46      H       -4.5940    8.2790   -0.1830
  QMMM:    47       47      H       -2.8980    8.1190    1.6280
  QMMM:    48       48      H        1.4800    7.9800    3.0870
  QMMM:    49       49      H        3.9120    8.0090    2.6660
  QMMM:    50       50      H        4.7540    8.2150    0.3440
  QMMM:    51       51      H        4.4520    8.4170   -1.9110
  QMMM:    52       52      H        3.0060    7.5840   -2.5310
  QMMM:    53       53      H        3.0100    9.3560   -2.3650
  QMMM:    54       54      H       -2.9190    9.7860   -3.8760
  QMMM:    55       55      H       -2.0760   10.7050   -5.8900
  QMMM:    56       56      H       -1.4450    9.0180   -6.2040
  QMMM:    57       57      H        0.4240   10.6470   -6.1320
  QMMM:    58       58      H        0.4700    9.5530   -4.6750
  QMMM:    59       59      H        0.6790   11.8000   -3.9580
  QMMM:    60       60      H       -0.8900   11.3070   -3.5850
  QMMM:    61       61      H       -0.6650   12.3420   -6.2290
  QMMM:    62       62      H       -0.2780   13.5590   -4.9390
  QMMM:    63       63      H       -3.3040   16.7260   -6.6300
  QMMM:    64       64      H       -0.7050   17.8740   -6.3040
  QMMM:    65       65      H        1.5980   18.0150   -5.4590
  QMMM:    66       66      H        1.9940   18.1160   -3.0040
  QMMM:    67       67      H       -3.7200   18.0010    2.2540
  QMMM:    68       68      H       -1.3870   18.1380    3.0190
  QMMM:    69       69      H        0.4550   18.1780    1.3620
  QMMM:    70       70      H       -5.3190   17.8710    0.6170
  QMMM:    71       71      H       -4.9000   18.7360   -0.8800
  QMMM:    72       72      H       -4.8130   16.9600   -0.8250
  QMMM:    73       73      H       -3.8150   14.6570   -5.6070
  QMMM:    74       74      H       -4.2340   15.6010   -4.0950
  QMMM:    75       75      H       -1.9110   15.7550   -3.4910
  QMMM:    76       76      H       -1.4080   15.0000   -5.0710
  QMMM:    77       77      H       -1.6180   13.5100   -3.0180
  QMMM:    78       78      H       -2.6430   11.7580   -4.5210
  QMMM:    79       79      H       -2.8080   13.1460   -5.6910

--------------------------------------------------------------------------------
  RESULTS
--------------------------------------------------------------------------------

      iter         sqm energy              rms gradient
      ----    -------------------    -----------------------
xmin    10      268.8087 kcal/mol        0.8850 kcal/(mol*A)
xmin    20      265.6148 kcal/mol        1.4606 kcal/(mol*A)
xmin    30      263.7992 kcal/mol        0.7544 kcal/(mol*A)
xmin    40      263.3747 kcal/mol        0.2057 kcal/(mol*A)
xmin    50      263.0016 kcal/mol        0.2584 kcal/(mol*A)
xmin    60      262.1624 kcal/mol        0.5564 kcal/(mol*A)
xmin    70      261.1161 kcal/mol        0.7477 kcal/(mol*A)
xmin    80      260.8271 kcal/mol        0.6585 kcal/(mol*A)
xmin    90      260.3352 kcal/mol        0.2655 kcal/(mol*A)
xmin   100      259.6842 kcal/mol        0.4747 kcal/(mol*A)
xmin   110      259.4262 kcal/mol        0.1996 kcal/(mol*A)
xmin   120      259.2235 kcal/mol        0.2883 kcal/(mol*A)
xmin   130      258.9592 kcal/mol        0.3524 kcal/(mol*A)
xmin   140      257.5357 kcal/mol        1.3542 kcal/(mol*A)
xmin   150      255.6199 kcal/mol        0.7231 kcal/(mol*A)
xmin   160      255.1337 kcal/mol        0.4944 kcal/(mol*A)
xmin   170      254.5589 kcal/mol        0.3494 kcal/(mol*A)
xmin   180      254.1792 kcal/mol        0.1079 kcal/(mol*A)
xmin   190      253.9929 kcal/mol        0.2051 kcal/(mol*A)
xmin   200      253.8003 kcal/mol        0.4703 kcal/(mol*A)
xmin   210      253.5445 kcal/mol        0.3277 kcal/(mol*A)
xmin   220      253.3655 kcal/mol        0.1428 kcal/(mol*A)
xmin   230      253.2845 kcal/mol        0.1094 kcal/(mol*A)
xmin   240      253.2255 kcal/mol        0.0433 kcal/(mol*A)
xmin   250      253.1946 kcal/mol        0.1011 kcal/(mol*A)
xmin   260      253.0895 kcal/mol        0.1687 kcal/(mol*A)
xmin   270      252.9484 kcal/mol        0.4324 kcal/(mol*A)
xmin   280      252.8907 kcal/mol        0.1896 kcal/(mol*A)
xmin   290      252.4696 kcal/mol        0.7401 kcal/(mol*A)
xmin   300      251.7311 kcal/mol        0.9939 kcal/(mol*A)
xmin   310      251.0055 kcal/mol        0.1926 kcal/(mol*A)
xmin   320      251.1989 kcal/mol        1.5554 kcal/(mol*A)
xmin   330      250.7071 kcal/mol        0.1405 kcal/(mol*A)
xmin   340      250.6105 kcal/mol        0.0964 kcal/(mol*A)
xmin   350      250.5358 kcal/mol        0.1258 kcal/(mol*A)
xmin   360      250.3828 kcal/mol        0.1545 kcal/(mol*A)
xmin   370      249.8887 kcal/mol        0.1443 kcal/(mol*A)
xmin   380      249.7965 kcal/mol        0.2565 kcal/(mol*A)
xmin   390      249.6173 kcal/mol        0.2301 kcal/(mol*A)
xmin   400      249.5749 kcal/mol        0.6074 kcal/(mol*A)
xmin   410      249.5184 kcal/mol        0.0796 kcal/(mol*A)
xmin   420      249.4987 kcal/mol        0.0407 kcal/(mol*A)
xmin   430      249.4203 kcal/mol        0.0840 kcal/(mol*A)
xmin   440      249.3486 kcal/mol        0.0716 kcal/(mol*A)
xmin   450      249.3404 kcal/mol        0.0290 kcal/(mol*A)
xmin   460      249.3373 kcal/mol        0.0362 kcal/(mol*A)
xmin   470      249.3351 kcal/mol        0.0217 kcal/(mol*A)
xmin   480      249.3276 kcal/mol        0.0200 kcal/(mol*A)
xmin   490      249.3227 kcal/mol        0.0833 kcal/(mol*A)
xmin   500      249.3241 kcal/mol        0.0353 kcal/(mol*A)
xmin   510      249.3223 kcal/mol        0.0206 kcal/(mol*A)
xmin   520      249.3220 kcal/mol        0.0134 kcal/(mol*A)
xmin   530      249.3200 kcal/mol        0.0062 kcal/(mol*A)
xmin   540      249.3199 kcal/mol        0.0045 kcal/(mol*A)
xmin   550      249.3196 kcal/mol        0.0048 kcal/(mol*A)
xmin   560      249.3194 kcal/mol        0.0065 kcal/(mol*A)
xmin   570      249.3192 kcal/mol        0.0079 kcal/(mol*A)
xmin   580      249.3191 kcal/mol        0.0014 kcal/(mol*A)
xmin   590      249.3191 kcal/mol        0.0027 kcal/(mol*A)
xmin   600      249.3190 kcal/mol        0.0036 kcal/(mol*A)
xmin   610      249.3190 kcal/mol        0.0018 kcal/(mol*A)
xmin   620      249.3190 kcal/mol        0.0026 kcal/(mol*A)
xmin   630      249.3190 kcal/mol        0.0036 kcal/(mol*A)
xmin   640      249.3189 kcal/mol        0.0008 kcal/(mol*A)
xmin   650      249.3189 kcal/mol        0.0014 kcal/(mol*A)
xmin   660      249.3191 kcal/mol        0.0075 kcal/(mol*A)
xmin   670      249.3191 kcal/mol        0.0023 kcal/(mol*A)
xmin   680      249.3189 kcal/mol        0.0031 kcal/(mol*A)
xmin   690      249.3189 kcal/mol        0.0009 kcal/(mol*A)
xmin   700      249.3189 kcal/mol        0.0018 kcal/(mol*A)
xmin   710      249.3189 kcal/mol        0.0013 kcal/(mol*A)
xmin   720      249.3189 kcal/mol        0.0021 kcal/(mol*A)
xmin   730      249.3189 kcal/mol        0.0026 kcal/(mol*A)
xmin   740      249.3189 kcal/mol        0.0008 kcal/(mol*A)
  ... geometry converged !
 
 Final MO eigenvalues (eV):
 -44.9285  -44.2060  -43.2790  -42.9200  -41.7762  -41.5182  -40.8320  -40.2116
 -39.3851  -39.0863  -38.5321  -38.2269  -37.7312  -37.3287  -36.1887  -35.0365
 -34.8564  -33.9063  -33.6364  -33.0935  -32.7910  -32.5551  -30.6823  -30.5754
 -29.4041  -29.2651  -28.6425  -28.1057  -27.6525  -27.3591  -26.5797  -26.5150
 -26.1894  -25.7461  -24.6622  -24.3985  -23.6124  -23.5245  -23.3912  -22.8902
 -22.2827  -22.2117  -22.0552  -21.6268  -21.2078  -20.6628  -20.4343  -20.1495
 -19.9614  -19.8166  -19.7783  -19.6867  -19.3277  -19.0262  -19.0105  -18.9519
 -18.7049  -18.6146  -18.4854  -18.3401  -18.1545  -17.8466  -17.8092  -17.7679
 -17.6812  -17.6247  -17.4425  -17.4375  -17.3126  -17.2255  -16.9733  -16.7650
 -16.5240  -16.4954  -16.4487  -16.3406  -16.0713  -16.0408  -15.9437  -15.8717
 -15.8540  -15.8118  -15.4186  -15.4089  -15.3233  -15.2861  -15.1089  -15.0858
 -14.9629  -14.7770  -14.6861  -14.6517  -14.5130  -14.3938  -14.2581  -14.1804
 -14.1198  -13.9012  -13.7434  -13.4149  -12.9758  -12.8277  -12.7967  -12.7326
 -12.2162  -11.8729  -11.7929  -11.6852  -11.6386  -11.1889  -10.5194   -4.1158
  -3.3097   -3.2831   -3.0118   -2.6989   -2.2585   -2.1271   -1.6848   -1.5398
  -1.4850   -1.3879   -1.2770   -1.2556   -1.0789   -0.7278   -0.5877   -0.4913
  -0.4431   -0.4233   -0.4050   -0.2708   -0.2415   -0.1908   -0.1346   -0.1092
  -0.0530    0.1660    0.2383    0.3112    0.3242    0.3426    0.4353    0.4656
   0.5899    0.6124    0.6588    0.7270    0.9062    0.9406    1.0373    1.0786
   1.1417    1.2033    1.2153    1.2275    1.2733    1.2923    1.3023    1.3469
   1.4173    1.5127    1.5882    1.5975    1.6561    1.6875    1.7694    1.8747
   1.8905    1.9471    2.0523    2.0642    2.1294    2.1413    2.2210    2.2247
   2.2607    2.2977    2.4010    2.4465    2.4699    2.5540    2.5872    2.6883
   2.7234    2.7253    2.7893    2.8017    2.8792    2.9329    3.0023    3.0355
   3.0467    3.0899    3.1199    3.2391    3.3237    3.4217    3.4752    3.4931
   3.5277    3.6120    3.7120    3.7857    3.8510    3.8889    4.1103    4.3330
   4.4944    4.9710    5.2968

 Heat of formation   =        249.31884869 kcal/mol  (       10.81127656 eV)

 Total SCF energy    =    -164255.54887473 kcal/mol  (    -7122.65508325 eV)
 Electronic energy   =   -1592998.57863412 kcal/mol  (   -69077.60195283 eV)
 Core-core repulsion =    1428743.02975938 kcal/mol  (    61954.94686958 eV)
 
    Atomic Charges for Step       1 :
  Atom    Element       Mulliken Charge
     1      C                 -0.141
     2      C                 -0.022
     3      C                 -0.139
     4      C                 -0.049
     5      C                 -0.031
     6      C                 -0.000
     7      N                 -0.058
     8      N                 -0.180
     9      C                 -0.022
    10      C                  0.005
    11      C                 -0.080
    12      C                 -0.117
    13      C                 -0.078
    14      C                 -0.084
    15      C                 -0.166
    16      C                  0.367
    17      O                 -0.397
    18      N                 -0.389
    19      C                 -0.033
    20      C                 -0.147
    21      N                 -0.029
    22      C                 -0.197
    23      N                 -0.379
    24      C                  0.361
    25      O                 -0.335
    26      C                 -0.099
    27      C                 -0.067
    28      C                 -0.137
    29      C                 -0.073
    30      C                 -0.033
    31      N                 -0.084
    32      C                 -0.019
    33      C                 -0.012
    34      N                 -0.111
    35      C                 -0.016
    36      C                 -0.043
    37      C                 -0.116
    38      C                 -0.108
    39      C                 -0.106
    40      C                 -0.176
    41      C                 -0.014
    42      C                 -0.096
    43      N                 -0.302
    44      C                 -0.064
    45      H                  0.163
    46      H                  0.165
    47      H                  0.175
    48      H                  0.172
    49      H                  0.159
    50      H                  0.150
    51      H                  0.099
    52      H                  0.057
    53      H                  0.073
    54      H                  0.260
    55      H                  0.114
    56      H                  0.129
    57      H                  0.138
    58      H                  0.165
    59      H                  0.277
    60      H                  0.253
    61      H                  0.146
    62      H                  0.139
    63      H                  0.233
    64      H                  0.153
    65      H                  0.150
    66      H                  0.163
    67      H                  0.146
    68      H                  0.148
    69      H                  0.160
    70      H                  0.084
    71      H                  0.106
    72      H                  0.086
    73      H                  0.102
    74      H                  0.099
    75      H                  0.054
    76      H                  0.101
    77      H                  0.183
    78      H                  0.107
    79      H                  0.107
 Total Mulliken Charge =       1.000
 
                  X        Y        Z     TOTAL  
  QM DIPOLE    -7.205   46.081  -10.838   47.884
 
 Final Structure

  QMMM: QM Region Cartesian Coordinates (*=link atom) 
  QMMM: QM_NO.   MM_NO.  ATOM         X         Y         Z
  QMMM:     1        1      C       -0.0758    6.4517   -3.4725
  QMMM:     2        2      C        0.5227    5.3728   -4.0607
  QMMM:     3        3      C        1.1955    4.3972   -3.2707
  QMMM:     4        4      C        1.2659    4.5177   -1.9150
  QMMM:     5        5      C        0.6653    5.6489   -1.2474
  QMMM:     6        6      C       -0.0186    6.6530   -2.0428
  QMMM:     7        7      N        0.7490    5.7669    0.0994
  QMMM:     8        8      N       -0.5735    7.7526   -1.4710
  QMMM:     9        9      C        0.1815    6.8515    0.6755
  QMMM:    10       10      C       -0.4901    7.8706   -0.1229
  QMMM:    11       11      C        0.2404    7.0103    2.1098
  QMMM:    12       12      C       -0.3237    8.0983    2.7013
  QMMM:    13       13      C       -0.9772    9.0981    1.9259
  QMMM:    14       14      C       -1.0666    9.0096    0.5635
  QMMM:    15       15      C       -1.7467   10.0701   -0.2160
  QMMM:    16       16      C       -0.7680    7.4829   -4.2887
  QMMM:    17       17      O       -0.1650    8.2467   -5.0753
  QMMM:    18       18      N       -2.1254    7.6367   -4.0749
  QMMM:    19       19      C       -2.9222    8.6114   -4.7558
  QMMM:    20       20      C       -2.3076   10.0260   -4.8666
  QMMM:    21       21      N       -1.4300   10.4124   -3.7246
  QMMM:    22       22      C       -1.2339   11.8827   -3.6162
  QMMM:    23       23      N       -2.3608   17.0875   -4.8426
  QMMM:    24       24      C       -1.5116   18.0795   -5.3053
  QMMM:    25       25      O       -1.8627   18.7359   -6.3031
  QMMM:    26       26      C       -0.1904   18.3036   -4.6501
  QMMM:    27       27      C        0.9614   18.0528   -5.3420
  QMMM:    28       28      C        2.2352   18.3352   -4.7703
  QMMM:    29       29      C        2.3431   18.8842   -3.5284
  QMMM:    30       30      C        1.1602   19.1884   -2.7592
  QMMM:    31       31      N        1.2721   19.7514   -1.5312
  QMMM:    32       32      C        0.1307   20.0334   -0.8606
  QMMM:    33       33      C       -1.1763   19.7280   -1.4297
  QMMM:    34       34      N       -1.2847   19.1530   -2.6502
  QMMM:    35       35      C       -0.1414   18.8856   -3.3284
  QMMM:    36       36      C       -2.3639   20.0536   -0.6613
  QMMM:    37       37      C       -2.2297   20.6363    0.5684
  QMMM:    38       38      C       -0.9512   20.9340    1.1211
  QMMM:    39       39      C        0.1941   20.6482    0.4439
  QMMM:    40       40      C       -3.6994   19.7602   -1.2311
  QMMM:    41       41      C       -2.1531   16.3076   -3.6631
  QMMM:    42       42      C       -2.4321   14.8025   -3.9228
  QMMM:    43       43      N       -2.2575   14.0100   -2.7241
  QMMM:    44       44      C       -2.4006   12.5979   -2.8809
  QMMM:    45       45      H        0.4944    5.2413   -5.1560
  QMMM:    46       46      H        1.6603    3.5393   -3.7844
  QMMM:    47       47      H        1.7831    3.7608   -1.2994
  QMMM:    48       48      H        0.7497    6.2321    2.7035
  QMMM:    49       49      H       -0.2851    8.2268    3.7957
  QMMM:    50       50      H       -1.4170    9.9590    2.4575
  QMMM:    51       51      H       -2.1982   10.8398    0.4595
  QMMM:    52       52      H       -1.0099   10.5852   -0.8840
  QMMM:    53       53      H       -2.5661    9.6341   -0.8410
  QMMM:    54       54      H       -2.5980    6.9923   -3.4825
  QMMM:    55       55      H       -3.9134    8.6843   -4.2220
  QMMM:    56       56      H       -3.1193    8.2860   -5.8214
  QMMM:    57       57      H       -3.1489   10.7705   -4.9464
  QMMM:    58       58      H       -1.6735   10.0774   -5.8008
  QMMM:    59       59      H       -0.5084    9.9591   -3.8650
  QMMM:    60       60      H       -1.8218   10.0533   -2.8418
  QMMM:    61       61      H       -1.1107   12.3016   -4.6549
  QMMM:    62       62      H       -0.2746   12.0513   -3.0465
  QMMM:    63       63      H       -3.2819   17.0843   -5.2228
  QMMM:    64       64      H        0.9192   17.6459   -6.3658
  QMMM:    65       65      H        3.1347   18.1147   -5.3668
  QMMM:    66       66      H        3.3275   19.1194   -3.0901
  QMMM:    67       67      H       -3.1233   20.8952    1.1597
  QMMM:    68       68      H       -0.9106   21.4088    2.1147
  QMMM:    69       69      H        1.1848   20.8825    0.8658
  QMMM:    70       70      H       -4.5124   20.0440   -0.5183
  QMMM:    71       71      H       -3.8469   20.3307   -2.1830
  QMMM:    72       72      H       -3.7946   18.6695   -1.4622
  QMMM:    73       73      H       -2.8357   16.6636   -2.8360
  QMMM:    74       74      H       -1.0894   16.4257   -3.3113
  QMMM:    75       75      H       -1.7655   14.4472   -4.7625
  QMMM:    76       76      H       -3.5002   14.6756   -4.2597
  QMMM:    77       77      H       -1.4330   14.2624   -2.2153
  QMMM:    78       78      H       -2.4877   12.1500   -1.8462
  QMMM:    79       79      H       -3.3593   12.3963   -3.4387
 
           --------- Calculation Completed ----------
 
