            --------------------------------------------------------
                             AMBER SQM VERSION 19
 
                                     By
              Ross C. Walker, Michael F. Crowley, Scott Brozell,
                         Tim Giese, Andreas W. Goetz,
                        Tai-Sung Lee and David A. Case
 
            --------------------------------------------------------
 

--------------------------------------------------------------------------------
  QM CALCULATION INFO
--------------------------------------------------------------------------------

| QMMM: Citation for AMBER QMMM Run:
| QMMM: R.C. Walker, M.F. Crowley and D.A. Case, J. COMP. CHEM. 29:1019, 2008

QMMM: SINGLET STATE CALCULATION
QMMM: RHF CALCULATION, NO. OF DOUBLY OCCUPIED LEVELS = 77

| QMMM: *** Selected Hamiltonian *** 
| QMMM: AM1         

| QMMM: *** Parameter sets in use ***
| QMMM: C : M.J.S.DEWAR et al. JACS, 107, 3902, (1985)
| QMMM: O : M.J.S.DEWAR et al. JACS, 107, 3902, (1985)
| QMMM: S : M.J.S.DEWAR et al. INORG. CHEM., 29, 3881, (1990)
| QMMM: N : M.J.S.DEWAR et al. JACS, 107, 3902, (1985)
| QMMM: H : M.J.S.DEWAR et al. JACS, 107, 3902, (1985)

| QMMM: *** SCF convergence criteria ***
| QMMM: Energy change                :  0.1D-09 kcal/mol
| QMMM: Error matrix |FP-PF|         :  0.1D+00 au
| QMMM: Density matrix change        :  0.5D-06
| QMMM: Maximum number of SCF cycles :     1000
 
| QMMM: *** Diagonalization Routine Information ***
| QMMM: Pseudo diagonalizations are allowed.
| QMMM: Auto diagonalization routine selection is in use.
| QMMM:
| QMMM: Timing diagonalization routines:
| QMMM:                              norbs =      146
| QMMM:    diag iterations used for timing =       10
| QMMM:
| QMMM:              Internal diag routine = 0.818177 seconds
| QMMM:                 Dspev diag routine = 1.920563 seconds
| QMMM:                Dspevd diag routine = 2.130135 seconds
| QMMM:                Dspevx diag routine = 5.536478 seconds
| QMMM:                 Dsyev diag routine = 1.942305 seconds
| QMMM:                Dsyevd diag routine = 1.298405 seconds
| QMMM:                Dsyevr diag routine = 1.020190 seconds
| QMMM:
| QMMM:                Pseudo diag routine = 0.161692 seconds
| QMMM:
| QMMM: Using internal diagonalization routine (diag_routine=1).

  QMMM: QM Region Cartesian Coordinates (*=link atom) 
  QMMM: QM_NO.   MM_NO.  ATOM         X         Y         Z
  QMMM:     1        1      C       30.8000   26.5500   33.5700
  QMMM:     2        2      C       31.8400   27.3200   32.9700
  QMMM:     3        3      C       32.3900   27.0100   31.7300
  QMMM:     4        4      C       31.8700   25.9300   30.9500
  QMMM:     5        5      C       30.7800   25.2100   31.5200
  QMMM:     6        6      C       30.3300   25.4200   32.8500
  QMMM:     7        7      C       31.7200   28.1700   35.0500
  QMMM:     8        8      C       32.0800   28.5900   36.3200
  QMMM:     9        9      C       32.6400   29.8500   36.7300
  QMMM:    10       10      C       35.9700   36.9400   42.7700
  QMMM:    11       11      C       35.6500   37.2700   41.4700
  QMMM:    12       12      C       35.8700   38.5900   40.9600
  QMMM:    13       13      C       36.5300   39.5000   41.8300
  QMMM:    14       14      C       36.9500   39.0900   43.1100
  QMMM:    15       15      C       36.7700   37.7500   43.5600
  QMMM:    16       16      C       35.0800   35.0200   41.5200
  QMMM:    17       17      C       34.3800   33.8400   41.2000
  QMMM:    18       18      C       34.1400   33.2700   39.9000
  QMMM:    19       19      C       33.3900   31.0500   40.7900
  QMMM:    20       20      C       33.6200   31.9200   39.6700
  QMMM:    21       21      C       33.4300   31.4600   38.3600
  QMMM:    22       22      C       32.9400   30.2100   38.0600
  QMMM:    23       23      C       32.9100   29.3000   39.1300
  QMMM:    24       24      C       33.0300   29.7600   40.4700
  QMMM:    25       25      O       32.6400   28.0600   39.0500
  QMMM:    26       26      S       35.6900   35.2800   43.1600
  QMMM:    27       27      S       30.3600   26.9900   35.1900
  QMMM:    28       28      N       35.0200   36.2000   40.7600
  QMMM:    29       29      N       32.3500   28.3000   33.8100
  QMMM:    30       30      C       34.8100   36.4200   39.3200
  QMMM:    31       31      C       33.6600   29.0100   33.4600
  QMMM:    32       32      H       33.2180   27.5870   31.3470
  QMMM:    33       33      H       32.3030   25.7010   29.9880
  QMMM:    34       34      H       30.2580   24.4680   30.9340
  QMMM:    35       35      H       29.6390   24.7330   33.3150
  QMMM:    36       36      H       31.9490   27.9300   37.1650
  QMMM:    37       37      H       32.8630   30.6070   35.9930
  QMMM:    38       38      H       35.5390   38.8460   39.9640
  QMMM:    39       39      H       36.7130   40.5160   41.5110
  QMMM:    40       40      H       37.4210   39.7980   43.7760
  QMMM:    41       41      H       37.2170   37.3550   44.4600
  QMMM:    42       42      H       33.9440   33.2410   41.9860
  QMMM:    43       43      H       34.3460   33.8470   39.0110
  QMMM:    44       44      H       33.5030   31.4240   41.7970
  QMMM:    45       45      H       33.6720   32.0980   37.5230
  QMMM:    46       46      H       32.8240   29.0470   41.2540
  QMMM:    47       47      H       32.6880   27.6650   39.9230
  QMMM:    48       48      H       34.3260   35.5450   38.8850
  QMMM:    49       49      H       34.1770   37.2950   39.1740
  QMMM:    50       50      H       35.7710   36.5830   38.8330
  QMMM:    51       51      H       33.8960   29.7410   34.2340
  QMMM:    52       52      H       34.4650   28.2780   33.3950
  QMMM:    53       53      H       33.5540   29.5180   32.5010

--------------------------------------------------------------------------------
  RESULTS
--------------------------------------------------------------------------------

      iter         sqm energy              rms gradient
      ----    -------------------    -----------------------
xmin    10      176.6639 kcal/mol        1.9277 kcal/(mol*A)
xmin    20      174.2828 kcal/mol        1.3350 kcal/(mol*A)
xmin    30      173.4179 kcal/mol        0.2847 kcal/(mol*A)
xmin    40      173.0816 kcal/mol        0.2261 kcal/(mol*A)
xmin    50      172.9810 kcal/mol        0.2739 kcal/(mol*A)
xmin    60      172.9421 kcal/mol        0.1862 kcal/(mol*A)
xmin    70      172.9285 kcal/mol        0.0728 kcal/(mol*A)
xmin    80      172.9248 kcal/mol        0.0352 kcal/(mol*A)
xmin    90      172.9230 kcal/mol        0.0426 kcal/(mol*A)
xmin   100      172.9219 kcal/mol        0.0121 kcal/(mol*A)
xmin   110      172.9216 kcal/mol        0.0229 kcal/(mol*A)
xmin   120      172.9211 kcal/mol        0.0064 kcal/(mol*A)
xmin   130      172.9210 kcal/mol        0.0047 kcal/(mol*A)
xmin   140      172.9210 kcal/mol        0.0037 kcal/(mol*A)
xmin   150      172.9209 kcal/mol        0.0100 kcal/(mol*A)
xmin   160      172.9209 kcal/mol        0.0165 kcal/(mol*A)
xmin   170      172.9209 kcal/mol        0.0018 kcal/(mol*A)
xmin   180      172.9209 kcal/mol        0.0019 kcal/(mol*A)
  ... geometry converged !
 
 Final MO eigenvalues (eV):
 -41.6805  -40.6252  -39.9057  -38.7288  -37.9115  -37.0025  -35.4681  -33.5115
 -32.9977  -32.0959  -31.5224  -31.5152  -30.7231  -29.9009  -28.9270  -27.1584
 -26.2035  -25.1778  -24.7815  -23.6268  -23.4667  -23.2028  -22.2610  -21.8474
 -20.6046  -20.3029  -19.2375  -19.1929  -18.6985  -18.1904  -17.8867  -17.3209
 -17.1003  -16.7717  -16.5002  -16.3637  -15.9755  -15.7330  -15.6998  -15.6234
 -15.5047  -15.2191  -14.9502  -14.8629  -14.6242  -14.5410  -14.4573  -14.3534
 -14.0822  -13.8497  -13.5139  -13.3810  -13.3060  -13.2201  -13.1214  -12.8378
 -12.7272  -12.6212  -12.4434  -12.3734  -12.0989  -11.9164  -11.8665  -11.7839
 -11.6587  -11.4253  -11.0142  -10.8679  -10.3698  -10.2370  -10.1244   -9.7758
  -9.2464   -8.6184   -8.4455   -7.3576   -5.2385   -2.3919   -0.5808   -0.3945
  -0.2761    0.1585    0.3628    0.6424    0.7614    0.9267    0.9816    1.4735
   1.5723    1.8895    1.9362    2.4068    2.4994    2.6838    2.9029    3.0097
   3.1995    3.2290    3.3662    3.4430    3.4924    3.5331    3.5725    3.6217
   3.6635    3.7048    3.7180    3.9382    4.0816    4.1123    4.1169    4.3065
   4.4302    4.4482    4.4600    4.5521    4.5776    4.6658    4.6863    4.8060
   4.8349    4.8437    4.8792    5.0027    5.0446    5.0915    5.1131    5.1329
   5.2421    5.2696    5.3122    5.3571    5.4082    5.5248    5.7304    5.7648
   5.9281    6.0073    6.0451    6.1513    6.1980    6.4091    6.7063    6.7643
   6.9323    7.0075

 Heat of formation   =        172.92086264 kcal/mol  (        7.49841129 eV)

 Total SCF energy    =    -109524.26002459 kcal/mol  (    -4749.32830426 eV)
 Electronic energy   =    -854826.22340078 kcal/mol  (   -37068.04663288 eV)
 Core-core repulsion =     745301.96337619 kcal/mol  (    32318.71832861 eV)
 
    Atomic Charges for Step       1 :
  Atom    Element       Mulliken Charge
     1      C                 -0.329
     2      C                  0.040
     3      C                 -0.141
     4      C                 -0.091
     5      C                 -0.142
     6      C                 -0.064
     7      C                 -0.119
     8      C                 -0.223
     9      C                 -0.017
    10      C                 -0.281
    11      C                  0.034
    12      C                 -0.152
    13      C                 -0.111
    14      C                 -0.155
    15      C                 -0.087
    16      C                 -0.247
    17      C                 -0.082
    18      C                 -0.287
    19      C                  0.008
    20      C                  0.023
    21      C                 -0.301
    22      C                 -0.051
    23      C                  0.151
    24      C                 -0.264
    25      O                 -0.241
    26      S                  0.324
    27      S                  0.481
    28      N                 -0.153
    29      N                 -0.169
    30      C                 -0.095
    31      C                 -0.081
    32      H                  0.147
    33      H                  0.143
    34      H                  0.144
    35      H                  0.147
    36      H                  0.168
    37      H                  0.125
    38      H                  0.136
    39      H                  0.127
    40      H                  0.129
    41      H                  0.136
    42      H                  0.112
    43      H                  0.123
    44      H                  0.137
    45      H                  0.126
    46      H                  0.131
    47      H                  0.229
    48      H                  0.101
    49      H                  0.072
    50      H                  0.080
    51      H                  0.113
    52      H                  0.099
    53      H                  0.097
 Total Mulliken Charge =      -0.000
 
                  X        Y        Z     TOTAL  
  QM DIPOLE    -4.017   -8.391   -7.660   12.051
 
 Final Structure

  QMMM: QM Region Cartesian Coordinates (*=link atom) 
  QMMM: QM_NO.   MM_NO.  ATOM         X         Y         Z
  QMMM:     1        1      C       31.0684   26.5948   33.3926
  QMMM:     2        2      C       32.0986   27.5336   33.0799
  QMMM:     3        3      C       32.5423   27.6760   31.7557
  QMMM:     4        4      C       31.9679   26.8769   30.7712
  QMMM:     5        5      C       30.9673   25.9508   31.0799
  QMMM:     6        6      C       30.5137   25.8085   32.3891
  QMMM:     7        7      C       31.8705   27.8775   35.3624
  QMMM:     8        8      C       31.9959   28.3592   36.6570
  QMMM:     9        9      C       32.6974   29.4847   37.0632
  QMMM:    10       10      C       36.0985   36.9613   42.4074
  QMMM:    11       11      C       35.7651   37.0980   41.0242
  QMMM:    12       12      C       36.0120   38.3092   40.3665
  QMMM:    13       13      C       36.5832   39.3629   41.0828
  QMMM:    14       14      C       36.9046   39.2262   42.4309
  QMMM:    15       15      C       36.6634   38.0218   43.0978
  QMMM:    16       16      C       35.1251   34.8908   41.4000
  QMMM:    17       17      C       34.7191   33.6045   41.2174
  QMMM:    18       18      C       34.3371   32.9982   40.0002
  QMMM:    19       19      C       33.4511   30.9089   40.9924
  QMMM:    20       20      C       33.7782   31.7329   39.8696
  QMMM:    21       21      C       33.4895   31.1976   38.5874
  QMMM:    22       22      C       32.9182   29.9298   38.3883
  QMMM:    23       23      C       32.6193   29.1535   39.5482
  QMMM:    24       24      C       32.8934   29.6612   40.8380
  QMMM:    25       25      O       32.0908   27.9048   39.3953
  QMMM:    26       26      S       35.7109   35.4032   42.9667
  QMMM:    27       27      S       30.6979   26.6475   35.0479
  QMMM:    28       28      N       35.2538   35.9199   40.4240
  QMMM:    29       29      N       32.5461   28.2552   34.2057
  QMMM:    30       30      C       34.2176   36.0716   39.4315
  QMMM:    31       31      C       33.7571   29.0213   34.1862
  QMMM:    32       32      H       33.3201   28.4070   31.4928
  QMMM:    33       33      H       32.3096   26.9804   29.7293
  QMMM:    34       34      H       30.5316   25.3314   30.2817
  QMMM:    35       35      H       29.7216   25.0828   32.6287
  QMMM:    36       36      H       31.4276   27.7840   37.4145
  QMMM:    37       37      H       33.1020   30.1608   36.2848
  QMMM:    38       38      H       35.7701   38.4289   39.3013
  QMMM:    39       39      H       36.7812   40.3146   40.5676
  QMMM:    40       40      H       37.3527   40.0681   42.9774
  QMMM:    41       41      H       36.9201   37.9180   44.1621
  QMMM:    42       42      H       34.7152   32.9768   42.1282
  QMMM:    43       43      H       34.5281   33.5561   39.0699
  QMMM:    44       44      H       33.6486   31.2841   42.0100
  QMMM:    45       45      H       33.7263   31.8124   37.7092
  QMMM:    46       46      H       32.6541   29.0448   41.7177
  QMMM:    47       47      H       31.9713   27.5094   40.2738
  QMMM:    48       48      H       33.3586   35.3772   39.6339
  QMMM:    49       49      H       33.8298   37.1251   39.3966
  QMMM:    50       50      H       34.6595   35.8198   38.4296
  QMMM:    51       51      H       34.3326   28.8574   35.1386
  QMMM:    52       52      H       34.3990   28.7077   33.3199
  QMMM:    53       53      H       33.5123   30.1138   34.0820
 
           --------- Calculation Completed ----------
 
