            --------------------------------------------------------
                             AMBER SQM VERSION 19
 
                                     By
              Ross C. Walker, Michael F. Crowley, Scott Brozell,
                         Tim Giese, Andreas W. Goetz,
                        Tai-Sung Lee and David A. Case
 
            --------------------------------------------------------
 

--------------------------------------------------------------------------------
  QM CALCULATION INFO
--------------------------------------------------------------------------------

| QMMM: Citation for AMBER QMMM Run:
| QMMM: R.C. Walker, M.F. Crowley and D.A. Case, J. COMP. CHEM. 29:1019, 2008

QMMM: SINGLET STATE CALCULATION
QMMM: RHF CALCULATION, NO. OF DOUBLY OCCUPIED LEVELS = 86

| QMMM: *** Selected Hamiltonian *** 
| QMMM: AM1         

| QMMM: *** Parameter sets in use ***
| QMMM: C : M.J.S.DEWAR et al. JACS, 107, 3902, (1985)
| QMMM: O : M.J.S.DEWAR et al. JACS, 107, 3902, (1985)
| QMMM: N : M.J.S.DEWAR et al. JACS, 107, 3902, (1985)
| QMMM: H : M.J.S.DEWAR et al. JACS, 107, 3902, (1985)

| QMMM: *** SCF convergence criteria ***
| QMMM: Energy change                :  0.1D-09 kcal/mol
| QMMM: Error matrix |FP-PF|         :  0.1D+00 au
| QMMM: Density matrix change        :  0.5D-06
| QMMM: Maximum number of SCF cycles :     1000
 
| QMMM: *** Diagonalization Routine Information ***
| QMMM: Pseudo diagonalizations are allowed.
| QMMM: Auto diagonalization routine selection is in use.
| QMMM:
| QMMM: Timing diagonalization routines:
| QMMM:                              norbs =      165
| QMMM:    diag iterations used for timing =        5
| QMMM:
| QMMM:              Internal diag routine = 0.403270 seconds
| QMMM:                 Dspev diag routine = 1.023038 seconds
| QMMM:                Dspevd diag routine = 1.033347 seconds
| QMMM:                Dspevx diag routine = 2.053120 seconds
| QMMM:                 Dsyev diag routine = 1.302449 seconds
| QMMM:                Dsyevd diag routine = 0.986526 seconds
| QMMM:                Dsyevr diag routine = 0.863969 seconds
| QMMM:
| QMMM:                Pseudo diag routine = 0.160787 seconds
| QMMM:
| QMMM: Using internal diagonalization routine (diag_routine=1).

  QMMM: QM Region Cartesian Coordinates (*=link atom) 
  QMMM: QM_NO.   MM_NO.  ATOM         X         Y         Z
  QMMM:     1        1      C       10.6570   18.0600   16.8560
  QMMM:     2        2      O       11.1220   17.6870   17.9920
  QMMM:     3        3      C       11.6360   18.3720   15.8540
  QMMM:     4        4      C       11.1430   18.7950   14.6120
  QMMM:     5        5      C        9.7680   18.9270   14.3060
  QMMM:     6        6      C        8.7820   18.5820   15.3220
  QMMM:     7        7      C        9.2550   18.1630   16.5910
  QMMM:     8        8      C        9.3860   19.7850   13.2630
  QMMM:     9        9      N       10.2230   20.5280   12.3730
  QMMM:    10       10      C        9.3390   21.2350   11.4900
  QMMM:    11       11      C        7.9290   20.9470   11.8150
  QMMM:    12       12      N        8.0370   20.0480   12.9180
  QMMM:    13       13      C        6.9120   21.5630   11.0780
  QMMM:    14       14      C        7.2510   22.4300   10.0420
  QMMM:    15       15      C        8.6180   22.7460    9.7700
  QMMM:    16       16      C        9.6860   22.0770   10.4870
  QMMM:    17       17      C        9.0130   23.5180    8.7270
  QMMM:    18       18      N       10.2690   23.4110    7.9960
  QMMM:    19       19      C       10.2260   24.3020    6.9270
  QMMM:    20       20      C        8.9100   24.9720    6.9870
  QMMM:    21       21      N        8.2170   24.4790    8.0630
  QMMM:    22       22      C        8.5560   25.9200    6.1040
  QMMM:    23       23      C        9.4940   26.2900    5.0610
  QMMM:    24       24      C       10.7440   25.6330    4.9940
  QMMM:    25       25      C       11.1190   24.6100    5.9440
  QMMM:    26       26      N       11.6280   25.9200    4.0250
  QMMM:    27       27      C       11.3580   27.0660    3.1810
  QMMM:    28       28      C       12.6710   27.5460    2.7160
  QMMM:    29       29      N       13.4620   26.4990    2.1390
  QMMM:    30       30      C       13.0410   25.1320    2.2050
  QMMM:    31       31      C       12.2570   24.8110    3.3340
  QMMM:    32       32      C       13.6030   26.8650    0.8240
  QMMM:    33       33      C       12.4290   17.9210   18.6030
  QMMM:    34       34      C       12.4420   17.2390   19.9780
  QMMM:    35       35      H       12.6880   18.2750   16.0780
  QMMM:    36       36      H       11.8280   19.0440   13.8150
  QMMM:    37       37      H        7.7280   18.6500   15.0970
  QMMM:    38       38      H        8.5400   17.9200   17.3630
  QMMM:    39       39      H       11.2280   20.4740   12.4610
  QMMM:    40       40      H        5.8770   21.3640   11.3150
  QMMM:    41       41      H        6.4770   22.8720    9.4330
  QMMM:    42       42      H       10.7280   22.2300   10.2460
  QMMM:    43       43      H       10.9800   22.7640    8.3060
  QMMM:    44       44      H        7.5880   26.3920    6.1780
  QMMM:    45       45      H        9.2340   27.0590    4.3480
  QMMM:    46       46      H       12.0670   24.0960    5.8950
  QMMM:    47       47      H       10.8760   27.8450    3.7720
  QMMM:    48       48      H       10.7630   26.7520    2.3240
  QMMM:    49       49      H       13.2110   27.9900    3.5520
  QMMM:    50       50      H       12.5280   28.3390    1.9820
  QMMM:    51       51      H       14.3780   26.5500    2.5620
  QMMM:    52       52      H       13.9160   24.4830    2.1770
  QMMM:    53       53      H       12.4890   24.8800    1.2990
  QMMM:    54       54      H       11.4940   24.0880    3.0470
  QMMM:    55       55      H       12.8620   24.2440    4.0420
  QMMM:    56       56      H       14.1990   26.1170    0.3000
  QMMM:    57       57      H       12.6200   26.9370    0.3590
  QMMM:    58       58      H       14.1030   27.8320    0.7670
  QMMM:    59       59      H       12.5850   18.9930   18.7280
  QMMM:    60       60      H       13.2060   17.4860   17.9750
  QMMM:    61       61      H       13.4090   17.4000   20.4550
  QMMM:    62       62      H       11.6550   17.6630   20.6020
  QMMM:    63       63      H       12.2710   16.1690   19.8550

--------------------------------------------------------------------------------
  RESULTS
--------------------------------------------------------------------------------

      iter         sqm energy              rms gradient
      ----    -------------------    -----------------------
xmin    10      290.7079 kcal/mol        1.1626 kcal/(mol*A)
xmin    20      289.0585 kcal/mol        0.2779 kcal/(mol*A)
xmin    30      288.8823 kcal/mol        0.2273 kcal/(mol*A)
xmin    40      288.8139 kcal/mol        0.1147 kcal/(mol*A)
xmin    50      288.5531 kcal/mol        0.2392 kcal/(mol*A)
xmin    60      288.4583 kcal/mol        0.2129 kcal/(mol*A)
xmin    70      288.3993 kcal/mol        0.0263 kcal/(mol*A)
xmin    80      288.3936 kcal/mol        0.0085 kcal/(mol*A)
xmin    90      288.3927 kcal/mol        0.0078 kcal/(mol*A)
xmin   100      288.3926 kcal/mol        0.0012 kcal/(mol*A)
  ... geometry converged !
 
 Final MO eigenvalues (eV):
 -45.8066  -43.7840  -43.0657  -41.8033  -41.6701  -39.8774  -39.0990  -38.2311
 -36.1625  -35.8741  -35.2707  -34.3188  -34.0485  -33.3045  -32.8629  -32.5998
 -32.2030  -31.3224  -30.5340  -29.5190  -29.2273  -26.5752  -26.1179  -26.0057
 -25.4377  -24.9018  -24.6970  -24.2860  -23.8489  -23.1135  -22.9852  -22.6390
 -22.2109  -21.9666  -20.9596  -20.4140  -20.2208  -20.0394  -19.8650  -19.4167
 -18.9369  -18.9091  -18.4595  -18.3109  -18.2347  -18.0879  -18.0571  -17.8883
 -17.8502  -17.6850  -17.3018  -17.2644  -17.0889  -16.9862  -16.8457  -16.7069
 -16.6822  -16.4894  -16.3083  -16.0514  -15.7556  -15.7255  -15.5581  -15.3804
 -15.0402  -14.9000  -14.8283  -14.6585  -14.3052  -14.1470  -14.0428  -13.8750
 -13.8591  -13.5429  -13.3141  -13.1125  -13.0084  -12.9759  -12.7663  -12.6193
 -11.4731  -11.3539  -11.2051  -10.7429  -10.6176   -9.8934   -3.7999   -2.6096
  -1.9430   -1.8553   -1.8038   -1.6466   -1.5781   -1.1772   -1.1420   -1.0291
  -0.9018   -0.8442   -0.7609   -0.7019   -0.5561   -0.4753   -0.4329   -0.3906
  -0.2884   -0.2804   -0.2190   -0.0382    0.1198    0.3541    0.4124    0.5412
   0.6266    0.7672    0.8269    1.0967    1.1240    1.2755    1.3437    1.4791
   1.5138    1.6164    1.7499    1.9071    1.9495    2.1049    2.1622    2.1846
   2.3173    2.3609    2.4757    2.5289    2.6295    2.6315    2.6919    2.7439
   2.7799    2.8354    2.8931    2.9700    3.0089    3.0280    3.0898    3.1745
   3.2568    3.2899    3.4044    3.5191    3.5613    3.6122    3.6368    3.7178
   3.8227    3.8491    3.8797    3.9674    4.0038    4.1188    4.1771    4.3575
   4.4281    4.5905    4.7477    5.1670    5.1913

 Heat of formation   =        288.39256706 kcal/mol  (       12.50564013 eV)

 Total SCF energy    =    -124717.24400668 kcal/mol  (    -5408.14552737 eV)
 Electronic energy   =   -1013282.16010526 kcal/mol  (   -43939.21166061 eV)
 Core-core repulsion =     888564.91609859 kcal/mol  (    38531.06613324 eV)
 
    Atomic Charges for Step       1 :
  Atom    Element       Mulliken Charge
     1      C                  0.114
     2      O                 -0.206
     3      C                 -0.215
     4      C                 -0.074
     5      C                 -0.091
     6      C                 -0.045
     7      C                 -0.164
     8      C                  0.098
     9      N                 -0.241
    10      C                 -0.038
    11      C                 -0.038
    12      N                 -0.137
    13      C                 -0.075
    14      C                 -0.105
    15      C                 -0.046
    16      C                 -0.114
    17      C                  0.101
    18      N                 -0.234
    19      C                 -0.036
    20      C                 -0.046
    21      N                 -0.127
    22      C                 -0.054
    23      C                 -0.178
    24      C                 -0.035
    25      C                 -0.090
    26      N                 -0.224
    27      C                 -0.089
    28      C                 -0.128
    29      N                  0.003
    30      C                 -0.136
    31      C                 -0.097
    32      C                 -0.193
    33      C                 -0.023
    34      C                 -0.220
    35      H                  0.143
    36      H                  0.128
    37      H                  0.161
    38      H                  0.161
    39      H                  0.259
    40      H                  0.162
    41      H                  0.157
    42      H                  0.132
    43      H                  0.264
    44      H                  0.164
    45      H                  0.126
    46      H                  0.146
    47      H                  0.150
    48      H                  0.091
    49      H                  0.143
    50      H                  0.140
    51      H                  0.254
    52      H                  0.145
    53      H                  0.140
    54      H                  0.122
    55      H                  0.129
    56      H                  0.143
    57      H                  0.143
    58      H                  0.144
    59      H                  0.078
    60      H                  0.081
    61      H                  0.089
    62      H                  0.094
    63      H                  0.095
 Total Mulliken Charge =       1.000
 
                  X        Y        Z     TOTAL  
  QM DIPOLE    67.209  125.018   15.046  142.734
 
 Final Structure

  QMMM: QM Region Cartesian Coordinates (*=link atom) 
  QMMM: QM_NO.   MM_NO.  ATOM         X         Y         Z
  QMMM:     1        1      C       10.5884   18.3881   17.3143
  QMMM:     2        2      O       10.8541   17.8658   18.5575
  QMMM:     3        3      C       11.5477   18.6049   16.3156
  QMMM:     4        4      C       11.1533   19.1476   15.0951
  QMMM:     5        5      C        9.8138   19.4786   14.8636
  QMMM:     6        6      C        8.8559   19.2498   15.8665
  QMMM:     7        7      C        9.2344   18.7107   17.0870
  QMMM:     8        8      C        9.3885   20.0473   13.5845
  QMMM:     9        9      N       10.2438   20.8772   12.8155
  QMMM:    10       10      C        9.5195   21.2579   11.6835
  QMMM:    11       11      C        8.2216   20.6071   11.8062
  QMMM:    12       12      N        8.1811   19.8635   12.9973
  QMMM:    13       13      C        7.2621   20.7982   10.8034
  QMMM:    14       14      C        7.5843   21.6037    9.7217
  QMMM:    15       15      C        8.8480   22.2221    9.6098
  QMMM:    16       16      C        9.8327   22.0625   10.5872
  QMMM:    17       17      C        9.1155   23.0576    8.4358
  QMMM:    18       18      N       10.3936   23.0883    7.8211
  QMMM:    19       19      C       10.2945   23.9558    6.7332
  QMMM:    20       20      C        8.9221   24.4415    6.7397
  QMMM:    21       21      N        8.2224   23.8626    7.8099
  QMMM:    22       22      C        8.5147   25.3517    5.7550
  QMMM:    23       23      C        9.4349   25.7540    4.8032
  QMMM:    24       24      C       10.7721   25.2747    4.7995
  QMMM:    25       25      C       11.2189   24.3680    5.7698
  QMMM:    26       26      N       11.7167   25.7001    3.7982
  QMMM:    27       27      C       11.9808   27.1313    3.8387
  QMMM:    28       28      C       13.1728   27.5320    2.9414
  QMMM:    29       29      N       13.3586   26.6185    1.7623
  QMMM:    30       30      C       12.0345   26.0592    1.3374
  QMMM:    31       31      C       11.3608   25.2425    2.4583
  QMMM:    32       32      C       14.0438   27.3058    0.6433
  QMMM:    33       33      C       12.2168   17.4907   18.8131
  QMMM:    34       34      C       12.2342   16.9318   20.2167
  QMMM:    35       35      H       12.6035   18.3482   16.4781
  QMMM:    36       36      H       11.9120   19.2939   14.3115
  QMMM:    37       37      H        7.7971   19.4961   15.6838
  QMMM:    38       38      H        8.4959   18.5272   17.8812
  QMMM:    39       39      H       11.1278   21.2123   13.0886
  QMMM:    40       40      H        6.2746   20.3189   10.8802
  QMMM:    41       41      H        6.8341   21.7700    8.9317
  QMMM:    42       42      H       10.8069   22.5638   10.5162
  QMMM:    43       43      H       11.1768   22.5497    8.0791
  QMMM:    44       44      H        7.4821   25.7337    5.7462
  QMMM:    45       45      H        9.1140   26.4691    4.0295
  QMMM:    46       46      H       12.2513   23.9912    5.7781
  QMMM:    47       47      H       12.2423   27.4113    4.8992
  QMMM:    48       48      H       11.0849   27.7450    3.5303
  QMMM:    49       49      H       14.1295   27.5108    3.5356
  QMMM:    50       50      H       13.0019   28.5784    2.5623
  QMMM:    51       51      H       13.9407   25.8266    2.0723
  QMMM:    52       52      H       12.1952   25.3986    0.4398
  QMMM:    53       53      H       11.3802   26.9266    1.0404
  QMMM:    54       54      H       10.2493   25.2757    2.2588
  QMMM:    55       55      H       11.6885   24.1658    2.3944
  QMMM:    56       56      H       14.2496   26.5667   -0.1771
  QMMM:    57       57      H       13.3921   28.1299    0.2472
  QMMM:    58       58      H       15.0120   27.7387    1.0131
  QMMM:    59       59      H       12.8717   18.3974   18.7269
  QMMM:    60       60      H       12.5365   16.7205   18.0630
  QMMM:    61       61      H       13.2756   16.6229   20.4724
  QMMM:    62       62      H       11.8888   17.7007   20.9484
  QMMM:    63       63      H       11.5591   16.0461   20.2932
 
           --------- Calculation Completed ----------
 
