            --------------------------------------------------------
                             AMBER SQM VERSION 19
 
                                     By
              Ross C. Walker, Michael F. Crowley, Scott Brozell,
                         Tim Giese, Andreas W. Goetz,
                        Tai-Sung Lee and David A. Case
 
            --------------------------------------------------------
 

--------------------------------------------------------------------------------
  QM CALCULATION INFO
--------------------------------------------------------------------------------

| QMMM: Citation for AMBER QMMM Run:
| QMMM: R.C. Walker, M.F. Crowley and D.A. Case, J. COMP. CHEM. 29:1019, 2008

QMMM: SINGLET STATE CALCULATION
QMMM: RHF CALCULATION, NO. OF DOUBLY OCCUPIED LEVELS = 83

| QMMM: *** Selected Hamiltonian *** 
| QMMM: AM1         

| QMMM: *** Parameter sets in use ***
| QMMM: C : M.J.S.DEWAR et al. JACS, 107, 3902, (1985)
| QMMM: N : M.J.S.DEWAR et al. JACS, 107, 3902, (1985)
| QMMM: O : M.J.S.DEWAR et al. JACS, 107, 3902, (1985)
| QMMM: H : M.J.S.DEWAR et al. JACS, 107, 3902, (1985)

| QMMM: *** SCF convergence criteria ***
| QMMM: Energy change                :  0.1D-09 kcal/mol
| QMMM: Error matrix |FP-PF|         :  0.1D+00 au
| QMMM: Density matrix change        :  0.5D-06
| QMMM: Maximum number of SCF cycles :     1000
 
| QMMM: *** Diagonalization Routine Information ***
| QMMM: Pseudo diagonalizations are allowed.
| QMMM: Auto diagonalization routine selection is in use.
| QMMM:
| QMMM: Timing diagonalization routines:
| QMMM:                              norbs =      152
| QMMM:    diag iterations used for timing =        5
| QMMM:
| QMMM:              Internal diag routine = 0.940248 seconds
| QMMM:                 Dspev diag routine = 2.633676 seconds
| QMMM:                Dspevd diag routine = 0.574244 seconds
| QMMM:                Dspevx diag routine = 2.183989 seconds
| QMMM:                 Dsyev diag routine = 1.712705 seconds
| QMMM:                Dsyevd diag routine = 1.036899 seconds
| QMMM:                Dsyevr diag routine = 1.203309 seconds
| QMMM:
| QMMM:                Pseudo diag routine = 0.006509 seconds
| QMMM:
| QMMM: Using dspevd routine (diag_routine=3).

  QMMM: QM Region Cartesian Coordinates (*=link atom) 
  QMMM: QM_NO.   MM_NO.  ATOM         X         Y         Z
  QMMM:     1        1      C       10.4360   24.6040    9.6670
  QMMM:     2        2      N       11.0170   23.4340    9.4340
  QMMM:     3        3      N       10.9300   25.7240    9.1270
  QMMM:     4        4      N        9.3570   24.7430   10.4200
  QMMM:     5        5      C        8.4340   23.6410   10.6560
  QMMM:     6        6      C        7.2910   24.1920   11.4270
  QMMM:     7        7      O        7.2320   25.5500   11.6770
  QMMM:     8        8      N        6.4150   23.3520   11.8630
  QMMM:     9        9      C        5.3250   23.7710   12.5540
  QMMM:    10       10      C        4.6180   22.9280   13.3320
  QMMM:    11       11      C        3.5790   23.6160   13.8810
  QMMM:    12       12      N        3.6590   24.8800   13.4240
  QMMM:    13       13      C        2.7530   26.0400   13.7160
  QMMM:    14       14      C        4.7150   25.0100   12.6130
  QMMM:    15       15      C        2.4870   23.0080   14.6060
  QMMM:    16       16      O        1.3150   23.7510   14.6380
  QMMM:    17       17      N        2.6000   21.8480   15.1930
  QMMM:    18       18      C        1.5770   21.2120   15.8950
  QMMM:    19       19      C        1.8160   20.2260   16.8010
  QMMM:    20       20      C        0.5900   19.8160   17.3060
  QMMM:    21       21      N       -0.3920   20.5170   16.6940
  QMMM:    22       22      C       -1.8820   20.3740   16.9010
  QMMM:    23       23      C        0.1840   21.3850   15.8270
  QMMM:    24       24      C        0.4600   18.6470   18.1830
  QMMM:    25       25      O       -0.7050   17.9490   18.1590
  QMMM:    26       26      N        1.4360   18.2420   18.9820
  QMMM:    27       27      C        1.2810   17.0750   19.8470
  QMMM:    28       28      C        1.4670   15.8030   19.0560
  QMMM:    29       29      C        1.3790   14.5800   19.9390
  QMMM:    30       30      N        0.1580   14.0710   20.1330
  QMMM:    31       31      N        2.4210   14.0170   20.4920
  QMMM:    32       32      H       10.6390   22.5920    9.8450
  QMMM:    33       33      H       11.8370   23.3860    8.8460
  QMMM:    34       34      H       10.4830   26.6120    9.3080
  QMMM:    35       35      H       11.7500   25.6820    8.5380
  QMMM:    36       36      H        9.1530   25.6330   10.8510
  QMMM:    37       37      H        8.9320   22.8710   11.2460
  QMMM:    38       38      H        8.0760   23.2570    9.7010
  QMMM:    39       39      H        6.5340   22.3640   11.6920
  QMMM:    40       40      H        4.9230   21.8960   13.4270
  QMMM:    41       41      H        3.1070   26.9210   13.1810
  QMMM:    42       42      H        1.7400   25.8010   13.3920
  QMMM:    43       43      H        2.7530   26.2410   14.7870
  QMMM:    44       44      H        5.1240   25.8400   12.0560
  QMMM:    45       45      H        3.4760   21.3470   15.1570
  QMMM:    46       46      H        2.8290   19.9100   17.0010
  QMMM:    47       47      H       -2.4080   21.0820   16.2600
  QMMM:    48       48      H       -2.1890   19.3590   16.6480
  QMMM:    49       49      H       -2.1260   20.5780   17.9440
  QMMM:    50       50      H       -0.2370   22.1200   15.1560
  QMMM:    51       51      H        2.3120   18.7430   19.0030
  QMMM:    52       52      H        0.2860   17.0830   20.2930
  QMMM:    53       53      H        2.0200   17.1160   20.6480
  QMMM:    54       54      H        2.4370   15.8230   18.5600
  QMMM:    55       55      H        0.7050   15.7450   18.2790
  QMMM:    56       56      H        0.0380   13.2540   20.7140
  QMMM:    57       57      H       -0.6440   14.5040   19.6980
  QMMM:    58       58      H        2.3040   13.2000   21.0740
  QMMM:    59       59      H        3.3430   14.3990   20.3370

--------------------------------------------------------------------------------
  RESULTS
--------------------------------------------------------------------------------

      iter         sqm energy              rms gradient
      ----    -------------------    -----------------------
xmin    10      315.9545 kcal/mol        0.3990 kcal/(mol*A)
xmin    20      312.6532 kcal/mol        0.8042 kcal/(mol*A)
xmin    30      309.9422 kcal/mol        0.3065 kcal/(mol*A)
xmin    40      309.4142 kcal/mol        0.7100 kcal/(mol*A)
xmin    50      309.2024 kcal/mol        0.3874 kcal/(mol*A)
xmin    60      309.1069 kcal/mol        0.0789 kcal/(mol*A)
xmin    70      309.0694 kcal/mol        0.0825 kcal/(mol*A)
xmin    80      309.0341 kcal/mol        0.1088 kcal/(mol*A)
xmin    90      309.0160 kcal/mol        0.0367 kcal/(mol*A)
xmin   100      309.0019 kcal/mol        0.0537 kcal/(mol*A)
xmin   110      308.9959 kcal/mol        0.0306 kcal/(mol*A)
xmin   120      308.9925 kcal/mol        0.0209 kcal/(mol*A)
xmin   130      308.9888 kcal/mol        0.0374 kcal/(mol*A)
xmin   140      308.9853 kcal/mol        0.0611 kcal/(mol*A)
xmin   150      308.9809 kcal/mol        0.0172 kcal/(mol*A)
xmin   160      308.9790 kcal/mol        0.0125 kcal/(mol*A)
xmin   170      308.9781 kcal/mol        0.0111 kcal/(mol*A)
xmin   180      308.9773 kcal/mol        0.0158 kcal/(mol*A)
xmin   190      308.9769 kcal/mol        0.0086 kcal/(mol*A)
xmin   200      308.9754 kcal/mol        0.0184 kcal/(mol*A)
xmin   210      308.9727 kcal/mol        0.0142 kcal/(mol*A)
xmin   220      308.9716 kcal/mol        0.0112 kcal/(mol*A)
xmin   230      308.9701 kcal/mol        0.0259 kcal/(mol*A)
xmin   240      308.9647 kcal/mol        0.0539 kcal/(mol*A)
xmin   250      308.9568 kcal/mol        0.0210 kcal/(mol*A)
xmin   260      308.9495 kcal/mol        0.1197 kcal/(mol*A)
xmin   270      308.9422 kcal/mol        0.0191 kcal/(mol*A)
xmin   280      308.9389 kcal/mol        0.0176 kcal/(mol*A)
xmin   290      308.9338 kcal/mol        0.0168 kcal/(mol*A)
xmin   300      308.9280 kcal/mol        0.0610 kcal/(mol*A)
xmin   310      308.9257 kcal/mol        0.0076 kcal/(mol*A)
xmin   320      308.9252 kcal/mol        0.0064 kcal/(mol*A)
xmin   330      308.9247 kcal/mol        0.0033 kcal/(mol*A)
xmin   340      308.9239 kcal/mol        0.0076 kcal/(mol*A)
xmin   350      308.9238 kcal/mol        0.0018 kcal/(mol*A)
xmin   360      308.9238 kcal/mol        0.0021 kcal/(mol*A)
xmin   370      308.9238 kcal/mol        0.0016 kcal/(mol*A)
xmin   380      308.9238 kcal/mol        0.0006 kcal/(mol*A)
  ... geometry converged !
 
 Final MO eigenvalues (eV):
 -45.9485  -45.4700  -45.1621  -44.9208  -43.8499  -43.3225  -42.2825  -40.6140
 -40.2193  -39.9294  -39.5335  -39.5032  -39.1140  -36.9707  -36.5219  -35.7984
 -34.2305  -33.4638  -32.6390  -30.6381  -30.4450  -30.1462  -28.7073  -27.9928
 -27.6096  -27.0955  -26.8577  -25.7967  -25.4222  -25.0092  -24.7411  -24.6706
 -24.3455  -24.2910  -23.6603  -22.8351  -22.4953  -22.4339  -22.3488  -22.1783
 -22.0414  -21.7196  -21.4999  -21.2595  -20.7313  -20.5771  -20.4192  -20.4093
 -20.2145  -19.9555  -19.7555  -19.6587  -19.5095  -19.2646  -19.0375  -18.8291
 -18.7470  -18.5081  -18.3895  -18.2711  -18.0687  -17.9913  -17.8570  -17.2189
 -17.1061  -16.9555  -16.7501  -16.7299  -16.5876  -16.5318  -16.4852  -16.4640
 -16.0239  -15.4693  -15.3756  -15.2096  -14.9945  -14.6518  -14.3669  -12.9508
 -12.9329  -12.2334  -11.8206   -5.3829   -5.2651   -4.9325   -4.0647   -3.6581
  -3.6035   -3.4322   -3.2286   -3.1761   -2.9584   -2.7070   -2.7007   -2.3119
  -2.1198   -2.0057   -1.9253   -1.7311   -1.6657   -1.5736   -1.4496   -1.3683
  -1.3362   -1.2623   -1.0835   -1.0530   -0.9934   -0.8216   -0.6855   -0.6589
  -0.4799   -0.4708   -0.3870   -0.2849   -0.1505   -0.1347   -0.0899    0.1711
   0.2327    0.4694    0.4964    0.5091    0.5231    0.5545    0.5902    0.6127
   0.6878    0.7835    0.8652    0.9235    0.9327    0.9393    1.0411    1.0555
   1.0632    1.1887    1.3155    1.4908    1.8160    1.9162    1.9984    2.2098
   2.2961    2.3883    2.5795    2.6844    2.7190    2.8189    2.9197    3.6342


 Heat of formation   =        308.92375788 kcal/mol  (       13.39593937 eV)

 Total SCF energy    =    -131589.75049064 kcal/mol  (    -5706.15977150 eV)
 Electronic energy   =    -986157.63557407 kcal/mol  (   -42763.00401431 eV)
 Core-core repulsion =     854567.88508343 kcal/mol  (    37056.84424281 eV)
 
    Atomic Charges for Step       1 :
  Atom    Element       Mulliken Charge
     1      C                  0.398
     2      N                 -0.368
     3      N                 -0.363
     4      N                 -0.312
     5      C                 -0.070
     6      C                  0.298
     7      O                 -0.355
     8      N                 -0.259
     9      C                 -0.068
    10      C                 -0.169
    11      C                 -0.127
    12      N                 -0.064
    13      C                 -0.089
    14      C                 -0.088
    15      C                  0.382
    16      O                 -0.366
    17      N                 -0.291
    18      C                 -0.023
    19      C                 -0.161
    20      C                 -0.172
    21      N                 -0.063
    22      C                 -0.085
    23      C                 -0.081
    24      C                  0.407
    25      O                 -0.452
    26      N                 -0.384
    27      C                 -0.006
    28      C                 -0.197
    29      C                  0.280
    30      N                 -0.300
    31      N                 -0.326
    32      H                  0.274
    33      H                  0.281
    34      H                  0.284
    35      H                  0.281
    36      H                  0.304
    37      H                  0.123
    38      H                  0.124
    39      H                  0.243
    40      H                  0.153
    41      H                  0.106
    42      H                  0.118
    43      H                  0.124
    44      H                  0.209
    45      H                  0.240
    46      H                  0.150
    47      H                  0.114
    48      H                  0.106
    49      H                  0.113
    50      H                  0.220
    51      H                  0.250
    52      H                  0.106
    53      H                  0.119
    54      H                  0.133
    55      H                  0.163
    56      H                  0.266
    57      H                  0.321
    58      H                  0.269
    59      H                  0.280
 Total Mulliken Charge =       2.000
 
                  X        Y        Z     TOTAL  
  QM DIPOLE    51.278  194.089  142.176  245.995
 
 Final Structure

  QMMM: QM Region Cartesian Coordinates (*=link atom) 
  QMMM: QM_NO.   MM_NO.  ATOM         X         Y         Z
  QMMM:     1        1      C       10.5806   25.6075    9.3333
  QMMM:     2        2      N       11.6043   24.8458    9.8516
  QMMM:     3        3      N       10.8517   26.5445    8.3612
  QMMM:     4        4      N        9.2847   25.4444    9.7678
  QMMM:     5        5      C        8.8932   24.5140   10.7993
  QMMM:     6        6      C        7.3728   24.6246   11.0869
  QMMM:     7        7      O        6.6778   25.4498   10.4609
  QMMM:     8        8      N        6.8861   23.7692   12.0391
  QMMM:     9        9      C        5.5545   23.7560   12.4623
  QMMM:    10       10      C        5.0176   22.9114   13.4954
  QMMM:    11       11      C        3.6493   23.2297   13.6069
  QMMM:    12       12      N        3.3440   24.2321   12.6761
  QMMM:    13       13      C        2.0598   24.8444   12.4972
  QMMM:    14       14      C        4.4875   24.5586   11.9757
  QMMM:    15       15      C        2.6354   22.6892   14.5384
  QMMM:    16       16      O        1.5372   23.2569   14.7118
  QMMM:    17       17      N        2.9681   21.5238   15.2131
  QMMM:    18       18      C        2.1287   20.8988   16.1290
  QMMM:    19       19      C        2.3547   19.6250   16.7458
  QMMM:    20       20      C        1.2599   19.3842   17.6107
  QMMM:    21       21      N        0.3823   20.4764   17.5305
  QMMM:    22       22      C       -0.8408   20.6228   18.2611
  QMMM:    23       23      C        0.8933   21.3963   16.6409
  QMMM:    24       24      C        1.0137   18.2313   18.4762
  QMMM:    25       25      O        0.0189   18.1492   19.2409
  QMMM:    26       26      N        1.9205   17.1827   18.4355
  QMMM:    27       27      C        1.8287   16.0772   19.3371
  QMMM:    28       28      C        0.7082   15.0700   18.9981
  QMMM:    29       29      C       -0.1658   14.7796   20.2153
  QMMM:    30       30      N       -0.9122   15.7771   20.7215
  QMMM:    31       31      N       -0.1721   13.5281   20.7311
  QMMM:    32       32      H       11.4279   24.1628   10.5516
  QMMM:    33       33      H       12.5398   24.9628    9.5320
  QMMM:    34       34      H       10.1257   27.1067    7.9749
  QMMM:    35       35      H       11.7778   26.6746    8.0200
  QMMM:    36       36      H        8.5459   26.0150    9.3856
  QMMM:    37       37      H        9.4535   24.7391   11.7532
  QMMM:    38       38      H        9.1227   23.4600   10.4668
  QMMM:    39       39      H        7.5009   23.1447   12.5088
  QMMM:    40       40      H        5.5671   22.1829   14.0832
  QMMM:    41       41      H        2.0986   25.5503   11.6269
  QMMM:    42       42      H        1.2865   24.0497   12.3132
  QMMM:    43       43      H        1.7750   25.4009   13.4324
  QMMM:    44       44      H        4.5003   25.3189   11.1885
  QMMM:    45       45      H        3.8302   21.0722   15.0153
  QMMM:    46       46      H        3.2087   18.9752   16.5815
  QMMM:    47       47      H       -1.3214   21.6013   17.9962
  QMMM:    48       48      H       -1.5352   19.7765   18.0079
  QMMM:    49       49      H       -0.6280   20.5878   19.3643
  QMMM:    50       50      H        0.3827   22.3357   16.3992
  QMMM:    51       51      H        2.6802   17.2112   17.7981
  QMMM:    52       52      H        1.6759   16.4755   20.3826
  QMMM:    53       53      H        2.8116   15.5238   19.3183
  QMMM:    54       54      H        1.1681   14.1240   18.6072
  QMMM:    55       55      H        0.0348   15.4682   18.1868
  QMMM:    56       56      H       -1.5114   15.6611   21.5104
  QMMM:    57       57      H       -0.8441   16.6969   20.3104
  QMMM:    58       58      H       -0.7346   13.2660   21.5118
  QMMM:    59       59      H        0.3880   12.8203   20.3070
 
           --------- Calculation Completed ----------
 
