            --------------------------------------------------------
                             AMBER SQM VERSION 19
 
                                     By
              Ross C. Walker, Michael F. Crowley, Scott Brozell,
                         Tim Giese, Andreas W. Goetz,
                        Tai-Sung Lee and David A. Case
 
            --------------------------------------------------------
 

--------------------------------------------------------------------------------
  QM CALCULATION INFO
--------------------------------------------------------------------------------

| QMMM: Citation for AMBER QMMM Run:
| QMMM: R.C. Walker, M.F. Crowley and D.A. Case, J. COMP. CHEM. 29:1019, 2008

QMMM: SINGLET STATE CALCULATION
QMMM: RHF CALCULATION, NO. OF DOUBLY OCCUPIED LEVELS = 84

| QMMM: *** Selected Hamiltonian *** 
| QMMM: AM1         

| QMMM: *** Parameter sets in use ***
| QMMM: N : M.J.S.DEWAR et al. JACS, 107, 3902, (1985)
| QMMM: C : M.J.S.DEWAR et al. JACS, 107, 3902, (1985)
| QMMM: O : M.J.S.DEWAR et al. JACS, 107, 3902, (1985)
| QMMM: H : M.J.S.DEWAR et al. JACS, 107, 3902, (1985)

| QMMM: *** SCF convergence criteria ***
| QMMM: Energy change                :  0.1D-09 kcal/mol
| QMMM: Error matrix |FP-PF|         :  0.1D+00 au
| QMMM: Density matrix change        :  0.5D-06
| QMMM: Maximum number of SCF cycles :     1000
 
| QMMM: *** Diagonalization Routine Information ***
| QMMM: Pseudo diagonalizations are allowed.
| QMMM: Auto diagonalization routine selection is in use.
| QMMM:
| QMMM: Timing diagonalization routines:
| QMMM:                              norbs =      159
| QMMM:    diag iterations used for timing =        5
| QMMM:
| QMMM:              Internal diag routine = 0.033643 seconds
| QMMM:                 Dspev diag routine = 1.115764 seconds
| QMMM:                Dspevd diag routine = 0.270127 seconds
| QMMM:                Dspevx diag routine = 0.693283 seconds
| QMMM:                 Dsyev diag routine = 0.578202 seconds
| QMMM:                Dsyevd diag routine = 0.338067 seconds
| QMMM:                Dsyevr diag routine = 0.392566 seconds
| QMMM:
| QMMM:                Pseudo diag routine = 0.052686 seconds
| QMMM: Pseudo diagonalization appears to be slower than regular
| QMMM: diagonalization. Setting pseudo_diag=0 for optimum performance.
| QMMM:
| QMMM: Using internal diagonalization routine (diag_routine=1).

  QMMM: QM Region Cartesian Coordinates (*=link atom) 
  QMMM: QM_NO.   MM_NO.  ATOM         X         Y         Z
  QMMM:     1        1      N        0.4910    5.0680   -2.2700
  QMMM:     2        2      N       -1.8390    4.9830   -0.8590
  QMMM:     3        3      C        2.8560    5.4480   -2.5250
  QMMM:     4        4      C        2.9600    5.7910   -1.1650
  QMMM:     5        5      C       -0.7090    5.3180   -0.1290
  QMMM:     6        6      C        1.4540    4.6510   -4.5110
  QMMM:     7        7      C       -3.1880    4.7920   -0.4630
  QMMM:     8        8      C       -3.7380    5.4130    0.6710
  QMMM:     9        9      C       -4.0020    3.9810   -1.2650
  QMMM:    10       10      C       -8.0490    3.3600   -0.2740
  QMMM:    11       11      C       -6.1570    2.9780   -1.7480
  QMMM:    12       12      C       -1.7930    2.8720   -8.3210
  QMMM:    13       13      C        0.2390    3.6260   -7.2390
  QMMM:    14       14      C       -3.8760    2.8050   -7.0370
  QMMM:    15       15      C       -3.8680    2.0890   -9.3570
  QMMM:    16       16      C       -5.6100    5.9190    2.2190
  QMMM:    17       17      C        1.8010    5.7500   -0.3700
  QMMM:    18       18      C        0.5720    5.3800   -0.9520
  QMMM:    19       19      C        1.6030    5.0820   -3.0540
  QMMM:    20       20      O       -0.7530    5.5320    1.0740
  QMMM:    21       21      N        0.1460    4.3450   -4.8540
  QMMM:    22       22      O        2.3900    4.5700   -5.2950
  QMMM:    23       23      C       -0.4600    3.8500   -6.0390
  QMMM:    24       24      N       -5.0780    5.2220    1.0330
  QMMM:    25       25      C       -5.8870    4.3900    0.2330
  QMMM:    26       26      C       -5.3460    3.7790   -0.9220
  QMMM:    27       27      C       -7.2470    4.1690    0.5490
  QMMM:    28       28      C       -7.5060    2.7660   -1.4240
  QMMM:    29       29      C       -1.8350    3.5800   -5.9870
  QMMM:    30       30      C       -2.5000    3.0870   -7.1170
  QMMM:    31       31      N       -0.4150    3.1590   -8.3890
  QMMM:    32       32      C       -4.5600    2.3050   -8.1550
  QMMM:    33       33      C       -2.4930    2.3700   -9.4420
  QMMM:    34       34      C        0.3400    3.0280   -9.6500
  QMMM:    35       35      H       -1.7700    4.8320   -1.8550
  QMMM:    36       36      H        3.7330    5.4660   -3.1550
  QMMM:    37       37      H        3.9160    6.0780   -0.7520
  QMMM:    38       38      H       -3.1250    6.0550    1.2860
  QMMM:    39       39      H       -3.5940    3.5110   -2.1480
  QMMM:    40       40      H       -9.0860    3.1940   -0.0220
  QMMM:    41       41      H       -5.7420    2.5240   -2.6350
  QMMM:    42       42      H        1.3010    3.8140   -7.2880
  QMMM:    43       43      H       -4.4090    2.9730   -6.1130
  QMMM:    44       44      H       -4.3920    1.7060  -10.2200
  QMMM:    45       45      H       -6.6600    5.6590    2.3530
  QMMM:    46       46      H       -5.0460    5.6180    3.1020
  QMMM:    47       47      H       -5.5180    6.9960    2.0800
  QMMM:    48       48      H        1.8570    6.0010    0.6790
  QMMM:    49       49      H       -0.5960    4.4710   -4.1800
  QMMM:    50       50      H       -7.6690    4.6280    1.4310
  QMMM:    51       51      H       -8.1260    2.1480   -2.0570
  QMMM:    52       52      H       -2.3850    3.7520   -5.0740
  QMMM:    53       53      H       -5.6160    2.0870   -8.0890
  QMMM:    54       54      H       -1.9720    2.2000  -10.3720
  QMMM:    55       55      H        1.3820    3.2970   -9.4800
  QMMM:    56       56      H        0.2840    1.9980  -10.0020
  QMMM:    57       57      H       -0.0880    3.6920  -10.4010

--------------------------------------------------------------------------------
  RESULTS
--------------------------------------------------------------------------------

      iter         sqm energy              rms gradient
      ----    -------------------    -----------------------
xmin    10      169.3827 kcal/mol        1.1260 kcal/(mol*A)
xmin    20      165.6076 kcal/mol        1.4349 kcal/(mol*A)
xmin    30      164.3544 kcal/mol        0.7423 kcal/(mol*A)
xmin    40      164.1548 kcal/mol        0.6770 kcal/(mol*A)
xmin    50      163.8778 kcal/mol        0.1370 kcal/(mol*A)
xmin    60      163.8580 kcal/mol        0.0749 kcal/(mol*A)
xmin    70      163.8475 kcal/mol        0.1013 kcal/(mol*A)
xmin    80      163.8381 kcal/mol        0.1212 kcal/(mol*A)
xmin    90      163.8339 kcal/mol        0.0261 kcal/(mol*A)
xmin   100      163.8320 kcal/mol        0.0240 kcal/(mol*A)
xmin   110      163.8315 kcal/mol        0.0265 kcal/(mol*A)
xmin   120      163.8313 kcal/mol        0.0044 kcal/(mol*A)
xmin   130      163.8312 kcal/mol        0.0018 kcal/(mol*A)
xmin   140      163.8312 kcal/mol        0.0063 kcal/(mol*A)
xmin   150      163.8311 kcal/mol        0.0040 kcal/(mol*A)
xmin   160      163.8311 kcal/mol        0.0022 kcal/(mol*A)
xmin   170      163.8311 kcal/mol        0.0018 kcal/(mol*A)
xmin   180      163.8311 kcal/mol        0.0015 kcal/(mol*A)
xmin   190      163.8311 kcal/mol        0.0010 kcal/(mol*A)
  ... geometry converged !
 
 Final MO eigenvalues (eV):
 -41.4975  -41.1525  -40.9451  -39.8132  -38.9775  -37.5534  -37.5181  -36.5399
 -36.5263  -34.2191  -33.8029  -33.3079  -32.5173  -30.8587  -30.8475  -30.2889
 -30.1731  -28.1359  -28.1246  -26.2267  -25.9926  -25.0472  -25.0437  -24.2439
 -23.7382  -22.5409  -22.4332  -21.9443  -21.4498  -19.8009  -19.5267  -19.1348
 -18.9314  -18.2845  -18.1270  -17.5930  -17.4695  -17.1190  -16.6455  -16.6143
 -16.5857  -16.2428  -16.2288  -16.0047  -15.9590  -15.7815  -15.6498  -15.4848
 -15.1625  -15.1003  -15.0198  -14.6918  -14.6535  -14.5210  -14.5148  -14.1144
 -14.0708  -13.6492  -13.6291  -13.5847  -13.3789  -13.3773  -13.0000  -12.9737
 -12.6238  -12.5793  -12.3729  -12.2973  -11.9252  -11.7447  -11.7436  -11.6020
 -11.6007  -11.3627  -11.1308  -11.0892  -10.5508  -10.3986  -10.3982   -9.3637
  -9.3520   -8.6541   -8.6404   -4.3587   -2.7239   -0.9232   -0.6372    0.2160
   0.2420    0.8108    0.8248    0.9598    1.1888    1.3712    1.3988    1.7995
   1.8327    2.0115    2.0823    2.3458    2.4885    3.0863    3.1618    3.1666
   3.2529    3.3302    3.3978    3.4806    3.5029    3.7217    3.7279    3.8166
   3.9112    3.9112    3.9253    3.9387    3.9931    4.0028    4.0054    4.1146
   4.1147    4.1276    4.1425    4.3434    4.3450    4.3650    4.4305    4.4563
   4.5181    4.5189    4.5559    4.6933    4.6978    4.9123    4.9635    4.9653
   5.0173    5.0359    5.1880    5.1887    5.3479    5.3592    5.5243    5.5394
   5.6361    5.6473    5.8274    5.8753    5.8953    5.9529    5.9536    6.1015
   6.1171    6.2117    6.2327    6.3636    6.3638    6.7154    6.7353

 Heat of formation   =        163.83109668 kcal/mol  (        7.10424946 eV)

 Total SCF energy    =    -125520.72052817 kcal/mol  (    -5442.98688384 eV)
 Electronic energy   =   -1032773.91048489 kcal/mol  (   -44784.43738281 eV)
 Core-core repulsion =     907253.18995672 kcal/mol  (    39341.45049897 eV)
 
    Atomic Charges for Step       1 :
  Atom    Element       Mulliken Charge
     1      N                 -0.132
     2      N                 -0.285
     3      C                 -0.104
     4      C                 -0.109
     5      C                  0.356
     6      C                  0.356
     7      C                  0.045
     8      C                 -0.086
     9      C                 -0.250
    10      C                 -0.130
    11      C                 -0.159
    12      C                  0.047
    13      C                 -0.086
    14      C                 -0.159
    15      C                 -0.130
    16      C                 -0.080
    17      C                 -0.104
    18      C                 -0.065
    19      C                 -0.065
    20      O                 -0.360
    21      N                 -0.285
    22      O                 -0.360
    23      C                  0.045
    24      N                 -0.152
    25      C                  0.047
    26      C                  0.017
    27      C                 -0.181
    28      C                 -0.123
    29      C                 -0.250
    30      C                  0.017
    31      N                 -0.152
    32      C                 -0.123
    33      C                 -0.181
    34      C                 -0.080
    35      H                  0.249
    36      H                  0.173
    37      H                  0.153
    38      H                  0.190
    39      H                  0.139
    40      H                  0.130
    41      H                  0.134
    42      H                  0.190
    43      H                  0.134
    44      H                  0.130
    45      H                  0.088
    46      H                  0.101
    47      H                  0.088
    48      H                  0.173
    49      H                  0.249
    50      H                  0.130
    51      H                  0.130
    52      H                  0.139
    53      H                  0.130
    54      H                  0.130
    55      H                  0.101
    56      H                  0.088
    57      H                  0.088
 Total Mulliken Charge =      -0.000
 
                  X        Y        Z     TOTAL  
  QM DIPOLE     2.011    0.724    0.829    2.293
 
 Final Structure

  QMMM: QM Region Cartesian Coordinates (*=link atom) 
  QMMM: QM_NO.   MM_NO.  ATOM         X         Y         Z
  QMMM:     1        1      N        0.1434    5.0145   -2.4000
  QMMM:     2        2      N       -1.9271    4.4141   -0.5295
  QMMM:     3        3      C        2.4926    5.5230   -2.7239
  QMMM:     4        4      C        2.6069    5.9010   -1.3848
  QMMM:     5        5      C       -0.9557    5.3461   -0.2177
  QMMM:     6        6      C        1.1185    4.6383   -4.6333
  QMMM:     7        7      C       -3.2615    4.4310   -0.0804
  QMMM:     8        8      C       -3.6454    5.0860    1.0930
  QMMM:     9        9      C       -4.2402    3.7368   -0.8429
  QMMM:    10       10      C       -8.2536    3.7156    0.4759
  QMMM:    11       11      C       -6.5832    3.0457   -1.1299
  QMMM:    12       12      C       -1.4432    2.8519   -8.7680
  QMMM:    13       13      C        0.3553    3.6557   -7.3668
  QMMM:    14       14      C       -3.7693    3.1539   -8.0537
  QMMM:    15       15      C       -3.2804    2.0587  -10.1463
  QMMM:    16       16      C       -5.3029    5.7944    2.7307
  QMMM:    17       17      C        1.4865    5.8347   -0.5545
  QMMM:    18       18      C        0.2700    5.3785   -1.1059
  QMMM:    19       19      C        1.2342    5.0886   -3.1925
  QMMM:    20       20      O       -1.0209    6.1149    0.7610
  QMMM:    21       21      N       -0.1193    4.7752   -5.2319
  QMMM:    22       22      O        2.1300    4.2100   -5.2221
  QMMM:    23       23      C       -0.5447    4.1249   -6.4061
  QMMM:    24       24      N       -4.9557    5.0862    1.5284
  QMMM:    25       25      C       -5.9492    4.4131    0.8040
  QMMM:    26       26      C       -5.5776    3.7224   -0.4036
  QMMM:    27       27      C       -7.2947    4.3943    1.2225
  QMMM:    28       28      C       -7.8988    3.0436   -0.6957
  QMMM:    29       29      C       -1.9408    3.9643   -6.6220
  QMMM:    30       30      C       -2.3914    3.3351   -7.7980
  QMMM:    31       31      N       -0.0751    3.0290   -8.5194
  QMMM:    32       32      C       -4.2044    2.5258   -9.2092
  QMMM:    33       33      C       -1.9138    2.2170   -9.9347
  QMMM:    34       34      C        0.8925    2.5441   -9.4661
  QMMM:    35       35      H       -1.7804    3.8407   -1.3343
  QMMM:    36       36      H        3.3519    5.5453   -3.4115
  QMMM:    37       37      H        3.5725    6.2485   -0.9870
  QMMM:    38       38      H       -2.9237    5.6442    1.7187
  QMMM:    39       39      H       -3.9728    3.2067   -1.7652
  QMMM:    40       40      H       -9.2989    3.7115    0.8169
  QMMM:    41       41      H       -6.2999    2.5170   -2.0514
  QMMM:    42       42      H        1.4506    3.7515   -7.2440
  QMMM:    43       43      H       -4.4938    3.5238   -7.3140
  QMMM:    44       44      H       -3.6301    1.5606  -11.0621
  QMMM:    45       45      H       -5.7388    5.0812    3.4827
  QMMM:    46       46      H       -4.3945    6.2802    3.1746
  QMMM:    47       47      H       -6.0648    6.5889    2.5014
  QMMM:    48       48      H        1.5261    6.1359    0.5035
  QMMM:    49       49      H       -0.8684    5.1319   -4.6753
  QMMM:    50       50      H       -7.6065    4.9130    2.1406
  QMMM:    51       51      H       -8.6676    2.5112   -1.2748
  QMMM:    52       52      H       -2.6752    4.3263   -5.8921
  QMMM:    53       53      H       -5.2813    2.3938   -9.3906
  QMMM:    54       54      H       -1.2122    1.8386  -10.6923
  QMMM:    55       55      H        1.9331    2.7598   -9.1070
  QMMM:    56       56      H        0.7765    1.4335   -9.5984
  QMMM:    57       57      H        0.7392    3.0451  -10.4608
 
           --------- Calculation Completed ----------
 
