            --------------------------------------------------------
                             AMBER SQM VERSION 19
 
                                     By
              Ross C. Walker, Michael F. Crowley, Scott Brozell,
                         Tim Giese, Andreas W. Goetz,
                        Tai-Sung Lee and David A. Case
 
            --------------------------------------------------------
 

--------------------------------------------------------------------------------
  QM CALCULATION INFO
--------------------------------------------------------------------------------

| QMMM: Citation for AMBER QMMM Run:
| QMMM: R.C. Walker, M.F. Crowley and D.A. Case, J. COMP. CHEM. 29:1019, 2008

QMMM: SINGLET STATE CALCULATION
QMMM: RHF CALCULATION, NO. OF DOUBLY OCCUPIED LEVELS = 53

| QMMM: *** Selected Hamiltonian *** 
| QMMM: AM1         

| QMMM: *** Parameter sets in use ***
| QMMM: C : M.J.S.DEWAR et al. JACS, 107, 3902, (1985)
| QMMM: N : M.J.S.DEWAR et al. JACS, 107, 3902, (1985)
| QMMM: H : M.J.S.DEWAR et al. JACS, 107, 3902, (1985)

| QMMM: *** SCF convergence criteria ***
| QMMM: Energy change                :  0.1D-09 kcal/mol
| QMMM: Error matrix |FP-PF|         :  0.1D+00 au
| QMMM: Density matrix change        :  0.5D-06
| QMMM: Maximum number of SCF cycles :     1000
 
| QMMM: *** Diagonalization Routine Information ***
| QMMM: Pseudo diagonalizations are allowed.
| QMMM: Auto diagonalization routine selection is in use.
| QMMM:
| QMMM: Timing diagonalization routines:
| QMMM:                              norbs =      101
| QMMM:    diag iterations used for timing =       10
| QMMM:
| QMMM:              Internal diag routine = 0.095074 seconds
| QMMM:                 Dspev diag routine = 1.283131 seconds
| QMMM:                Dspevd diag routine = 0.647171 seconds
| QMMM:                Dspevx diag routine = 1.158378 seconds
| QMMM:                 Dsyev diag routine = 0.914828 seconds
| QMMM:                Dsyevd diag routine = 0.672146 seconds
| QMMM:                Dsyevr diag routine = 0.448233 seconds
| QMMM:
| QMMM:                Pseudo diag routine = 0.004590 seconds
| QMMM:
| QMMM: Using internal diagonalization routine (diag_routine=1).

  QMMM: QM Region Cartesian Coordinates (*=link atom) 
  QMMM: QM_NO.   MM_NO.  ATOM         X         Y         Z
  QMMM:     1        1      C        7.9900   23.6560    7.3780
  QMMM:     2        2      C        7.5470   24.6440    6.5040
  QMMM:     3        3      C        8.3430   25.0390    5.4640
  QMMM:     4        4      C        9.5910   24.4760    5.2450
  QMMM:     5        5      C        9.9930   23.4800    6.1400
  QMMM:     6        6      C        9.2280   23.0680    7.1930
  QMMM:     7        7      C       10.4000   24.8680    4.2060
  QMMM:     8        8      N       11.6640   24.3120    4.0930
  QMMM:     9        9      N       10.1590   26.0950    3.6100
  QMMM:    10       10      N        7.1450   23.2680    8.4310
  QMMM:    11       11      N        7.4950   22.2370    9.2260
  QMMM:    12       12      N        6.7110   22.1010   10.2060
  QMMM:    13       13      C        7.2820   21.2130   11.1930
  QMMM:    14       14      C        8.6030   20.8180   11.2330
  QMMM:    15       15      C        9.0340   19.9740   12.2190
  QMMM:    16       16      C        8.1400   19.5020   13.1860
  QMMM:    17       17      C        6.8210   19.8940   13.1400
  QMMM:    18       18      C        6.3900   20.7580   12.1330
  QMMM:    19       19      C        8.5760   18.6510   14.1670
  QMMM:    20       20      N        9.9220   18.5990   14.4710
  QMMM:    21       21      N        7.6540   17.8790   14.8490
  QMMM:    22       22      H        6.5770   25.0970    6.6480
  QMMM:    23       23      H        8.0040   25.8090    4.7870
  QMMM:    24       24      H       10.9510   22.9970    6.0150
  QMMM:    25       25      H        9.5690   22.3020    7.8730
  QMMM:    26       26      H       12.2720   24.5890    3.3350
  QMMM:    27       27      H       11.9780   23.6300    4.7680
  QMMM:    28       28      H       10.7390   26.4070    2.8440
  QMMM:    29       29      H        9.4030   26.6780    3.9410
  QMMM:    30       30      H        6.2780   23.7610    8.5910
  QMMM:    31       31      H        9.2960   21.1750   10.4860
  QMMM:    32       32      H       10.0690   19.6690   12.2540
  QMMM:    33       33      H        6.1240   19.5330   13.8820
  QMMM:    34       34      H        5.3570   21.0690   12.0920
  QMMM:    35       35      H       10.2530   17.9750   15.1930
  QMMM:    36       36      H       10.5750   19.1850   13.9720
  QMMM:    37       37      H        7.9620   17.2470   15.5750
  QMMM:    38       38      H        6.6720   17.9470   14.6220

--------------------------------------------------------------------------------
  RESULTS
--------------------------------------------------------------------------------

      iter         sqm energy              rms gradient
      ----    -------------------    -----------------------
xmin    10      450.4956 kcal/mol        0.9887 kcal/(mol*A)
xmin    20      449.9679 kcal/mol        0.2375 kcal/(mol*A)
xmin    30      449.8619 kcal/mol        0.2726 kcal/(mol*A)
xmin    40      449.8010 kcal/mol        0.0946 kcal/(mol*A)
xmin    50      449.7828 kcal/mol        0.0437 kcal/(mol*A)
xmin    60      449.7696 kcal/mol        0.1251 kcal/(mol*A)
xmin    70      449.7583 kcal/mol        0.0785 kcal/(mol*A)
xmin    80      449.7529 kcal/mol        0.0508 kcal/(mol*A)
xmin    90      449.7241 kcal/mol        0.0465 kcal/(mol*A)
xmin   100      449.7169 kcal/mol        0.0434 kcal/(mol*A)
xmin   110      449.6955 kcal/mol        0.0964 kcal/(mol*A)
xmin   120      449.6898 kcal/mol        0.0494 kcal/(mol*A)
xmin   130      449.6854 kcal/mol        0.0529 kcal/(mol*A)
xmin   140      449.6804 kcal/mol        0.0395 kcal/(mol*A)
xmin   150      449.6759 kcal/mol        0.1084 kcal/(mol*A)
xmin   160      449.6738 kcal/mol        0.0109 kcal/(mol*A)
xmin   170      449.6731 kcal/mol        0.0079 kcal/(mol*A)
xmin   180      449.6726 kcal/mol        0.0062 kcal/(mol*A)
xmin   190      449.6724 kcal/mol        0.0073 kcal/(mol*A)
xmin   200      449.6723 kcal/mol        0.0068 kcal/(mol*A)
xmin   210      449.6723 kcal/mol        0.0030 kcal/(mol*A)
xmin   220      449.6721 kcal/mol        0.0031 kcal/(mol*A)
xmin   230      449.6721 kcal/mol        0.0039 kcal/(mol*A)
xmin   240      449.6720 kcal/mol        0.0123 kcal/(mol*A)
xmin   250      449.6720 kcal/mol        0.0025 kcal/(mol*A)
xmin   260      449.6720 kcal/mol        0.0009 kcal/(mol*A)
  ... geometry converged !
 
 Final MO eigenvalues (eV):
 -46.4673  -46.3836  -45.4662  -44.2704  -43.4700  -40.4996  -40.2537  -40.1814
 -37.4880  -37.1304  -37.0649  -35.4636  -32.2459  -30.4719  -29.6223  -29.0134
 -28.6594  -27.7758  -26.9816  -25.4205  -25.3988  -25.1962  -25.1207  -24.3998
 -23.6452  -22.7630  -22.6994  -22.2041  -21.9936  -21.8542  -21.6170  -21.2158
 -20.8956  -20.5505  -20.4448  -20.3027  -19.9473  -19.7312  -19.6887  -19.2188
 -18.7466  -18.6905  -18.4996  -17.5681  -17.4622  -17.1269  -17.0655  -16.8906
 -15.8505  -15.3701  -15.2797  -14.9825  -13.9602   -6.4549   -6.2071   -5.5018
  -5.0722   -4.9838   -4.9616   -4.6623   -4.5900   -4.0571   -3.9109   -3.4320
  -3.3700   -3.0720   -2.9520   -2.7120   -2.5761   -1.9817   -1.7216   -1.7101
  -1.6169   -1.5673   -1.3191   -1.2301   -1.1299   -1.0877   -1.0666   -1.0078
  -0.9442   -0.8992   -0.8823   -0.7526   -0.5760   -0.5122   -0.3891   -0.3216
  -0.2007   -0.1992   -0.1646   -0.0686   -0.0483   -0.0472    0.0093    0.0126
   0.1056    0.3199    0.5913    1.1310    2.1170

 Heat of formation   =        449.67199336 kcal/mol  (       19.49924086 eV)

 Total SCF energy    =     -79767.28014378 kcal/mol  (    -3458.96882805 eV)
 Electronic energy   =    -504317.58280644 kcal/mol  (   -21868.85142910 eV)
 Core-core repulsion =     424550.30266266 kcal/mol  (    18409.88260104 eV)
 
    Atomic Charges for Step       1 :
  Atom    Element       Mulliken Charge
     1      C                  0.163
     2      C                 -0.175
     3      C                 -0.040
     4      C                 -0.210
     5      C                 -0.045
     6      C                 -0.157
     7      C                  0.348
     8      N                 -0.314
     9      N                 -0.312
    10      N                 -0.249
    11      N                  0.098
    12      N                 -0.180
    13      C                  0.070
    14      C                 -0.130
    15      C                 -0.071
    16      C                 -0.173
    17      C                 -0.077
    18      C                 -0.092
    19      C                  0.342
    20      N                 -0.311
    21      N                 -0.308
    22      H                  0.171
    23      H                  0.158
    24      H                  0.155
    25      H                  0.175
    26      H                  0.273
    27      H                  0.284
    28      H                  0.273
    29      H                  0.285
    30      H                  0.259
    31      H                  0.170
    32      H                  0.156
    33      H                  0.160
    34      H                  0.183
    35      H                  0.274
    36      H                  0.285
    37      H                  0.274
    38      H                  0.288
 Total Mulliken Charge =       2.000
 
                  X        Y        Z     TOTAL  
  QM DIPOLE    88.615  211.514   89.525  246.182
 
 Final Structure

  QMMM: QM Region Cartesian Coordinates (*=link atom) 
  QMMM: QM_NO.   MM_NO.  ATOM         X         Y         Z
  QMMM:     1        1      C        8.1679   23.4390    7.1811
  QMMM:     2        2      C        7.5087   24.1309    6.1294
  QMMM:     3        3      C        8.2422   24.7703    5.1432
  QMMM:     4        4      C        9.6445   24.7342    5.1678
  QMMM:     5        5      C       10.3049   24.0503    6.1981
  QMMM:     6        6      C        9.5830   23.4133    7.1979
  QMMM:     7        7      C       10.4223   25.4191    4.1055
  QMMM:     8        8      N       11.4381   24.7520    3.5119
  QMMM:     9        9      N       10.0875   26.6855    3.7700
  QMMM:    10       10      N        7.3693   22.8038    8.1480
  QMMM:    11       11      N        7.8971   22.1582    9.1877
  QMMM:    12       12      N        7.0855   21.7408   10.0334
  QMMM:    13       13      C        7.5225   20.9831   11.1579
  QMMM:    14       14      C        8.5538   20.0216   11.1140
  QMMM:    15       15      C        8.8299   19.2348   12.2283
  QMMM:    16       16      C        8.0821   19.3958   13.4006
  QMMM:    17       17      C        7.0642   20.3576   13.4619
  QMMM:    18       18      C        6.7860   21.1498   12.3553
  QMMM:    19       19      C        8.3589   18.5378   14.5849
  QMMM:    20       20      N        9.6360   18.4116   15.0093
  QMMM:    21       21      N        7.3213   17.9177   15.1884
  QMMM:    22       22      H        6.4065   24.1666    6.0816
  QMMM:    23       23      H        7.7041   25.2881    4.3310
  QMMM:    24       24      H       11.4069   24.0264    6.2416
  QMMM:    25       25      H       10.1322   22.8932    7.9999
  QMMM:    26       26      H       12.0116   25.1534    2.8011
  QMMM:    27       27      H       11.6120   23.8049    3.7755
  QMMM:    28       28      H       10.5511   27.1997    3.0516
  QMMM:    29       29      H        9.3496   27.1379    4.2683
  QMMM:    30       30      H        6.3704   22.9316    8.0505
  QMMM:    31       31      H        9.1433   19.8705   10.1941
  QMMM:    32       32      H        9.6263   18.4751   12.1645
  QMMM:    33       33      H        6.4842   20.5094   14.3876
  QMMM:    34       34      H        5.9813   21.9040   12.4163
  QMMM:    35       35      H        9.8982   17.8449   15.7876
  QMMM:    36       36      H       10.3535   18.9215   14.5377
  QMMM:    37       37      H        7.4259   17.3383   15.9943
  QMMM:    38       38      H        6.4041   18.0292   14.8074
 
           --------- Calculation Completed ----------
 
