
Working on structure 1
Fixing common structure mistakes...
  No mistakes were found
Pre-treating metals...
Done treating metals
Assigning bond orders...
  Using CCD: False
  Assigned the following bonds (format: atom1, atom2, order): {(2, 3, 2), (9, 10, 2), (1, 6, 2), (15, 27, 2), (19, 26, 2), (13, 14, 2), (24, 25, 2), (4, 5, 2), (16, 17, 2)}
Removing and re-adding hydrogens...
Treating metals...
Finding het groups...
Coloring atoms by element (green carbons in hets)...
Finding het groups (for Epik)...
Processing 1 het groups...
  Using Epik with pH: 7.0
        and pH Range: 2.0
  Max states per het: 1
Running Epik on 1 het groups...
  Waiting for epik...
  Het A:97U (101): keeping 1 of 2 states:
    State penalty: 0.17 kcal/mol; H-Bond count: 1; Q: -1
Deleting far waters...
done deleting waters
Idealizing hydrogen temperature factor...
done with preparation
Writing to file...
DONE. Output file: 7W9N_mae_ligand.mae
