
Working on structure 1
Fixing common structure mistakes...
  No mistakes were found
Pre-treating metals...
Done treating metals
Assigning bond orders...
  Using CCD: False
  Assigned the following bonds (format: atom1, atom2, order): {(13, 22, 2), (15, 16, 2), (14, 19, 2), (17, 18, 2), (2, 26, 2), (3, 4, 2), (39, 41, 2), (38, 44, 2), (35, 40, 2), (32, 33, 2), (20, 21, 2), (24, 25, 2), (1, 27, 2), (42, 43, 2), (36, 37, 2)}
Removing and re-adding hydrogens...
Treating metals...
Finding het groups...
Coloring atoms by element (green carbons in hets)...
Finding het groups (for Epik)...
Processing 1 het groups...
  Using Epik with pH: 7.0
        and pH Range: 2.0
  Max states per het: 1
Running Epik on 1 het groups...
  Waiting for epik...
  Het A:7U0 (101): keeping 1 of 6 states:
    State penalty: 0.50 kcal/mol; H-Bond count: 0; Q: +3
Deleting far waters...
done deleting waters
Idealizing hydrogen temperature factor...
done with preparation
Writing to file...
DONE. Output file: 7X2Z_mae_ligand.mae
