            --------------------------------------------------------
                             AMBER SQM VERSION 19
 
                                     By
              Ross C. Walker, Michael F. Crowley, Scott Brozell,
                         Tim Giese, Andreas W. Goetz,
                        Tai-Sung Lee and David A. Case
 
            --------------------------------------------------------
 

--------------------------------------------------------------------------------
  QM CALCULATION INFO
--------------------------------------------------------------------------------

| QMMM: Citation for AMBER QMMM Run:
| QMMM: R.C. Walker, M.F. Crowley and D.A. Case, J. COMP. CHEM. 29:1019, 2008

QMMM: SINGLET STATE CALCULATION
QMMM: RHF CALCULATION, NO. OF DOUBLY OCCUPIED LEVELS =245

| QMMM: *** Selected Hamiltonian *** 
| QMMM: AM1         

| QMMM: *** Parameter sets in use ***
| QMMM: N : M.J.S.DEWAR et al. JACS, 107, 3902, (1985)
| QMMM: C : M.J.S.DEWAR et al. JACS, 107, 3902, (1985)
| QMMM: O : M.J.S.DEWAR et al. JACS, 107, 3902, (1985)
| QMMM: H : M.J.S.DEWAR et al. JACS, 107, 3902, (1985)

| QMMM: *** SCF convergence criteria ***
| QMMM: Energy change                :  0.1D-09 kcal/mol
| QMMM: Error matrix |FP-PF|         :  0.1D+00 au
| QMMM: Density matrix change        :  0.5D-06
| QMMM: Maximum number of SCF cycles :     1000
 
| QMMM: *** Diagonalization Routine Information ***
| QMMM: Pseudo diagonalizations are allowed.
| QMMM: Auto diagonalization routine selection is in use.
| QMMM:
| QMMM: Timing diagonalization routines:
| QMMM:                              norbs =      445
| QMMM:    diag iterations used for timing =        1
| QMMM:
| QMMM:              Internal diag routine = 0.102834 seconds
| QMMM:                 Dspev diag routine = 0.198894 seconds
| QMMM:                Dspevd diag routine = 0.070324 seconds
| QMMM:                Dspevx diag routine = 0.293492 seconds
| QMMM:                 Dsyev diag routine = 0.043405 seconds
| QMMM:                Dsyevd diag routine = 0.027204 seconds
| QMMM:                Dsyevr diag routine = 0.040535 seconds
| QMMM:
| QMMM:                Pseudo diag routine = 0.035376 seconds
| QMMM: Pseudo diagonalization appears to be slower than regular
| QMMM: diagonalization. Setting pseudo_diag=0 for optimum performance.
| QMMM:
| QMMM: Using dsyevd routine (diag_routine=6).

  QMMM: QM Region Cartesian Coordinates (*=link atom) 
  QMMM: QM_NO.   MM_NO.  ATOM         X         Y         Z
  QMMM:     1        1      N        4.2520   21.3760   10.4470
  QMMM:     2        2      C        4.1140   19.9940   10.0220
  QMMM:     3        3      C        5.1970   19.2130   10.6650
  QMMM:     4        4      O        6.3840   19.5620   10.6940
  QMMM:     5        5      C        4.1740   19.6430    8.5310
  QMMM:     6        6      O        5.4920   19.9590    8.0170
  QMMM:     7        7      C        3.0880   20.3890    7.7600
  QMMM:     8        8      H        4.9200   21.4850   11.1610
  QMMM:     9        9      N        4.5880   18.2040   11.2740
  QMMM:    10       10      C        5.2870   16.9930   11.6300
  QMMM:    11       11      C        4.3430   15.7950   11.3330
  QMMM:    12       12      C        4.3450   14.6230   12.3190
  QMMM:    13       13      C        4.4720   15.2850    9.8900
  QMMM:    14       14      C        5.7660   16.9890   13.0640
  QMMM:    15       15      O        4.9570   17.3630   13.9080
  QMMM:    16       16      H        3.6680   18.3270   11.5820
  QMMM:    17       17      N        6.9940   16.5950   13.4090
  QMMM:    18       18      C        8.1090   16.3430   12.4800
  QMMM:    19       19      C        7.8260   15.2740   11.4090
  QMMM:    20       20      O        7.3180   14.2110   11.7870
  QMMM:    21       21      C        9.2650   15.8790   13.3880
  QMMM:    22       22      C        8.8210   16.1950   14.7930
  QMMM:    23       23      C        7.3030   16.0500   14.7290
  QMMM:    24       24      N        8.0410   15.5040   10.1000
  QMMM:    25       25      C        8.5450   16.7500    9.5300
  QMMM:    26       26      C        7.6720   17.3860    8.4440
  QMMM:    27       27      O        6.5660   16.9080    8.1890
  QMMM:    28       28      C        7.9790   14.3620    9.1940
  QMMM:    29       29      N        8.0860   18.4730    7.7790
  QMMM:    30       30      C        9.0970   19.3030    8.4220
  QMMM:    31       31      C        7.4400   19.1390    6.6450
  QMMM:    32       32      C        7.8900   18.4780    5.2890
  QMMM:    33       33      C        7.1680   17.2030    4.9680
  QMMM:    34       34      C        7.8280   19.3980    4.0800
  QMMM:    35       35      C        5.9310   19.3950    6.8040
  QMMM:    36       36      O        5.2650   19.6210    5.7810
  QMMM:    37       37      C        3.1100   23.4800   10.9080
  QMMM:    38       38      C        3.1450   22.0680   10.7220
  QMMM:    39       39      O        2.0910   21.4380   10.8180
  QMMM:    40       40      C        2.8720   24.3190    9.7980
  QMMM:    41       41      N        2.6940   23.7930    8.5920
  QMMM:    42       42      C        2.8120   25.7330    9.9350
  QMMM:    43       43      O        2.5910   26.4360    8.9430
  QMMM:    44       44      C        2.9960   26.3340   11.1990
  QMMM:    45       45      O        3.4030   26.0630   13.5580
  QMMM:    46       46      C        3.7680   25.7850   15.9720
  QMMM:    47       47      C        3.9610   24.8520   17.0070
  QMMM:    48       48      N        3.9840   23.5510   16.7530
  QMMM:    49       49      C        3.8350   23.0240   15.5520
  QMMM:    50       50      C        3.8590   21.6390   15.3470
  QMMM:    51       51      O        4.9290   21.1070   15.0780
  QMMM:    52       52      N        3.4900   23.3400   13.2400
  QMMM:    53       53      C        3.2870   24.0810   12.1760
  QMMM:    54       54      C        3.2360   25.5120   12.3250
  QMMM:    55       55      C        3.6040   25.2730   14.6420
  QMMM:    56       56      C        3.6440   23.8590   14.4410
  QMMM:    57       57      C        2.9160   27.8490   11.3450
  QMMM:    58       58      C        3.7380   27.2750   16.3250
  QMMM:    59       59      H        2.5200   24.4020    7.8020
  QMMM:    60       60      H        2.7220   22.7960    8.4500
  QMMM:    61       61      N        2.7320   20.9310   15.4090
  QMMM:    62       62      C        2.7980   19.4770   15.2090
  QMMM:    63       63      C        1.6750   18.9450   14.3560
  QMMM:    64       64      O        0.5800   19.5240   14.3250
  QMMM:    65       65      C        2.7320   18.6400   16.4840
  QMMM:    66       66      O        1.5810   19.1100   17.2180
  QMMM:    67       67      C        4.0170   18.6680   17.2830
  QMMM:    68       68      H        2.0620   21.3440   14.8230
  QMMM:    69       69      N        1.9630   17.8290   13.6820
  QMMM:    70       70      C        0.8970   17.1950   12.9400
  QMMM:    71       71      C        1.0370   15.6780   12.9410
  QMMM:    72       72      C       -0.1060   14.9860   12.2170
  QMMM:    73       73      C        1.1280   15.1890   14.3660
  QMMM:    74       74      C        0.8310   17.7510   11.5260
  QMMM:    75       75      O        1.7220   17.3960   10.7510
  QMMM:    76       76      H        2.8540   17.4280   13.6950
  QMMM:    77       77      N       -0.1050   18.6310   11.1190
  QMMM:    78       78      C       -1.1820   19.1990   11.9480
  QMMM:    79       79      C       -2.2150   18.1900   12.4180
  QMMM:    80       80      O       -2.4780   17.2750   11.6330
  QMMM:    81       81      C       -1.7840   20.2090   11.0040
  QMMM:    82       82      C       -1.5670   19.6580    9.6250
  QMMM:    83       83      C       -0.1430   19.1980    9.7690
  QMMM:    84       84      N       -2.7930   18.2260   13.6220
  QMMM:    85       85      C       -2.5560   19.1250   14.7250
  QMMM:    86       86      C       -1.8920   18.4400   15.9250
  QMMM:    87       87      O       -1.7480   17.2160   15.9270
  QMMM:    88       88      C       -3.9530   17.3790   13.8470
  QMMM:    89       89      N       -1.4650   19.1540   16.9820
  QMMM:    90       90      C       -1.4910   20.5910   16.9170
  QMMM:    91       91      C       -0.6830   18.7230   18.1290
  QMMM:    92       92      C       -1.4650   17.7890   19.1050
  QMMM:    93       93      C       -0.6060   17.4800   20.3210
  QMMM:    94       94      C       -2.7350   18.4480   19.6310
  QMMM:    95       95      C        0.6390   18.1600   17.6090
  QMMM:    96       96      O        0.7310   16.9820   17.2260
  QMMM:    97       97      H        3.1650   19.6230   10.4100
  QMMM:    98       98      H        4.0050   18.5720    8.4190
  QMMM:    99       99      H        3.1470   20.1270    6.7040
  QMMM:   100      100      H        2.1090   20.1100    8.1490
  QMMM:   101      101      H        3.2320   21.4630    7.8760
  QMMM:   102      102      H        6.1590   16.9040   10.9820
  QMMM:   103      103      H        3.3370   16.2100   11.3940
  QMMM:   104      104      H        3.6390   13.8630   11.9830
  QMMM:   105      105      H        5.3450   14.1920   12.3700
  QMMM:   106      106      H        4.0520   14.9780   13.3070
  QMMM:   107      107      H        3.7900   14.4480    9.7380
  QMMM:   108      108      H        4.2220   16.0880    9.1970
  QMMM:   109      109      H        5.4960   14.9570    9.7100
  QMMM:   110      110      H        8.3880   17.2770   11.9910
  QMMM:   111      111      H       10.1610   16.4530   13.1540
  QMMM:   112      112      H        9.3970   14.8020   13.2840
  QMMM:   113      113      H        9.0750   17.2290   15.0270
  QMMM:   114      114      H        9.2260   15.4470   15.4750
  QMMM:   115      115      H        7.0430   14.9920   14.7500
  QMMM:   116      116      H        6.8500   16.6820   15.4930
  QMMM:   117      117      H        9.5480   16.5850    9.1350
  QMMM:   118      118      H        8.7070   17.4720   10.3300
  QMMM:   119      119      H        8.1710   14.6960    8.1740
  QMMM:   120      120      H        8.7300   13.6270    9.4830
  QMMM:   121      121      H        6.9890   13.9090    9.2470
  QMMM:   122      122      H        9.3400   20.1470    7.7760
  QMMM:   123      123      H        8.7130   19.6730    9.3730
  QMMM:   124      124      H        9.9950   18.7110    8.5990
  QMMM:   125      125      H        7.8850   20.1340    6.6240
  QMMM:   126      126      H        8.9390   18.2100    5.4140
  QMMM:   127      127      H        7.5320   16.8080    4.0200
  QMMM:   128      128      H        7.3480   16.4740    5.7580
  QMMM:   129      129      H        6.0980   17.4000    4.8920
  QMMM:   130      130      H        8.1560   18.8560    3.1930
  QMMM:   131      131      H        6.8040   19.7420    3.9370
  QMMM:   132      132      H        8.4800   20.2560    4.2420
  QMMM:   133      133      H        4.0930   25.1930   18.0230
  QMMM:   134      134      H        3.0830   28.1230   12.3870
  QMMM:   135      135      H        3.6780   28.3160   10.7200
  QMMM:   136      136      H        1.9300   28.1930   11.0330
  QMMM:   137      137      H        3.5810   27.8600   15.4190
  QMMM:   138      138      H        2.9250   27.4670   17.0260
  QMMM:   139      139      H        4.6860   27.5600   16.7820
  QMMM:   140      140      H        3.7380   19.2500   14.7060
  QMMM:   141      141      H        2.5430   17.6060   16.1940
  QMMM:   142      142      H        3.9040   18.0540   18.1760
  QMMM:   143      143      H        4.8320   18.2770   16.6750
  QMMM:   144      144      H        4.2420   19.6940   17.5750
  QMMM:   145      145      H       -0.0420   17.4410   13.4360
  QMMM:   146      146      H        1.9670   15.4220   12.4330
  QMMM:   147      147      H        0.0440   13.9070   12.2480
  QMMM:   148      148      H       -1.0490   15.2350   12.7040
  QMMM:   149      149      H       -0.1340   15.3190   11.1790
  QMMM:   150      150      H        1.2280   14.1040   14.3730
  QMMM:   151      151      H        1.9960   15.6370   14.8500
  QMMM:   152      152      H        0.2250   15.4730   14.9060
  QMMM:   153      153      H       -0.7520   19.7120   12.8080
  QMMM:   154      154      H       -1.2550   21.1570   11.1020
  QMMM:   155      155      H       -2.8540   20.2920   11.1970
  QMMM:   156      156      H       -1.6040   20.4770    8.9060
  QMMM:   157      157      H       -2.2080   18.7880    9.4860
  QMMM:   158      158      H        0.0560   18.4110    9.0420
  QMMM:   159      159      H        0.5210   20.0610    9.7220
  QMMM:   160      160      H       -3.5000   19.5700   15.0390
  QMMM:   161      161      H       -1.9310   19.9530   14.3890
  QMMM:   162      162      H       -4.3110   17.5160   14.8670
  QMMM:   163      163      H       -4.7420   17.6490   13.1460
  QMMM:   164      164      H       -3.6760   16.3350   13.6970
  QMMM:   165      165      H       -1.1130   21.0040   17.8520
  QMMM:   166      166      H       -0.8650   20.9290   16.0920
  QMMM:   167      167      H       -2.5150   20.9300   16.7580
  QMMM:   168      168      H       -0.4360   19.6230   18.6920
  QMMM:   169      169      H       -1.7210   16.8610   18.5940
  QMMM:   170      170      H       -1.1560   16.8280   20.9990
  QMMM:   171      171      H        0.3100   16.9820   20.0030
  QMMM:   172      172      H       -0.3550   18.4080   20.8340
  QMMM:   173      173      H       -3.2480   17.7630   20.3060
  QMMM:   174      174      H       -2.4760   19.3600   20.1680
  QMMM:   175      175      H       -3.3910   18.6920   18.7960

--------------------------------------------------------------------------------
  RESULTS
--------------------------------------------------------------------------------

      iter         sqm energy              rms gradient
      ----    -------------------    -----------------------
xmin    10     -479.2783 kcal/mol        1.7970 kcal/(mol*A)
xmin    20     -486.8010 kcal/mol        0.7114 kcal/(mol*A)
xmin    30     -491.3799 kcal/mol        0.7648 kcal/(mol*A)
xmin    40     -494.2026 kcal/mol        0.2692 kcal/(mol*A)
xmin    50     -495.0425 kcal/mol        0.2008 kcal/(mol*A)
xmin    60     -495.3043 kcal/mol        0.3922 kcal/(mol*A)
xmin    70     -495.4783 kcal/mol        0.1670 kcal/(mol*A)
xmin    80     -495.5804 kcal/mol        0.0368 kcal/(mol*A)
xmin    90     -495.6003 kcal/mol        0.0129 kcal/(mol*A)
xmin   100     -495.6013 kcal/mol        0.0069 kcal/(mol*A)
xmin   110     -495.6016 kcal/mol        0.0075 kcal/(mol*A)
xmin   120     -495.6018 kcal/mol        0.0041 kcal/(mol*A)
xmin   130     -495.6019 kcal/mol        0.0008 kcal/(mol*A)
xmin   140     -495.6019 kcal/mol        0.0014 kcal/(mol*A)
  ... geometry converged !
 
 Final MO eigenvalues (eV):
 -42.8688  -41.6212  -41.5709  -41.3287  -41.0447  -41.0318  -40.6957  -40.5155
 -40.1694  -39.8075  -39.5170  -39.4015  -39.2970  -39.0278  -38.7846  -38.0013
 -37.7348  -37.6801  -37.5361  -37.4817  -37.0452  -36.8840  -36.7968  -36.3682
 -36.3028  -36.0319  -36.0156  -35.9719  -35.5908  -35.3844  -35.2300  -35.1139
 -34.6956  -34.0497  -33.9518  -32.9850  -32.5767  -32.5015  -32.4283  -32.2064
 -30.9185  -30.9086  -30.8003  -29.9623  -29.8956  -29.4882  -29.2750  -28.5541
 -28.4792  -28.4468  -28.4080  -27.8952  -27.8360  -27.5847  -27.4652  -27.2093
 -27.0573  -27.0271  -26.6562  -26.5540  -26.3079  -26.2760  -25.9948  -24.6145
 -24.4108  -24.2719  -24.0996  -23.6413  -23.4895  -22.5405  -22.4784  -22.3346
 -22.2379  -22.1459  -22.0326  -21.9210  -21.7918  -21.6279  -21.3218  -21.2732
 -20.9760  -20.9440  -20.6711  -20.5872  -20.3082  -20.1193  -20.1000  -19.8301
 -19.4489  -19.3482  -19.0699  -18.8884  -18.8447  -18.7698  -18.5558  -18.4983
 -18.2729  -18.2399  -18.1489  -18.0903  -18.0155  -17.8807  -17.7917  -17.6589
 -17.5176  -17.4808  -17.4368  -17.4135  -17.1960  -17.1092  -17.0545  -17.0132
 -16.9519  -16.8175  -16.7443  -16.5241  -16.4874  -16.3810  -16.2936  -16.2378
 -16.1808  -16.1103  -16.0614  -16.0532  -15.9415  -15.8907  -15.8527  -15.7270
 -15.5947  -15.5509  -15.4723  -15.4126  -15.3136  -15.1807  -15.1624  -15.1516
 -15.0528  -15.0041  -14.9977  -14.9112  -14.7921  -14.7706  -14.7047  -14.6843
 -14.6336  -14.5919  -14.5411  -14.4877  -14.3632  -14.3218  -14.2558  -14.2229
 -14.1842  -14.1761  -14.1291  -14.0960  -14.0660  -14.0161  -13.9553  -13.9293
 -13.9163  -13.8798  -13.8389  -13.7908  -13.7533  -13.7284  -13.6765  -13.6472
 -13.6311  -13.5796  -13.5096  -13.4624  -13.4340  -13.3451  -13.3185  -13.3028
 -13.2855  -13.2552  -13.2135  -13.1597  -13.1275  -13.0669  -13.0124  -12.9981
 -12.9375  -12.9303  -12.8703  -12.8365  -12.8058  -12.7445  -12.6833  -12.6386
 -12.5678  -12.4389  -12.4109  -12.3025  -12.2443  -12.2015  -12.1766  -12.1389
 -12.0417  -12.0108  -11.9878  -11.8862  -11.8792  -11.8578  -11.8161  -11.8114
 -11.7400  -11.7198  -11.6706  -11.6596  -11.6278  -11.6032  -11.5779  -11.5138
 -11.4676  -11.4661  -11.4120  -11.3374  -11.2501  -11.1593  -11.1440  -11.1115
 -11.0674  -11.0535  -10.9753  -10.9119  -10.8903  -10.8043  -10.7340  -10.6758
 -10.4125  -10.0211  -10.0142   -9.8591   -9.8562   -9.7914   -9.7570   -9.7498
  -9.6074   -9.5371   -9.3865   -9.3301   -8.9727   -2.1067   -0.8657   -0.7094
  -0.0530    0.6994    0.7781    0.8752    0.9419    1.0158    1.0717    1.1309
   1.1671    1.2229    1.2614    1.2879    1.3140    1.3284    1.3602    1.5134
   1.5701    1.5856    1.6608    1.6958    1.7666    1.7826    1.8362    1.9055
   1.9290    1.9970    2.0402    2.1301    2.1990    2.2647    2.3759    2.4641
   2.5772    2.7501    2.8922    2.9849    3.0798    3.1346    3.1934    3.2481
   3.2615    3.2847    3.3220    3.3566    3.3617    3.3700    3.3903    3.4396
   3.4543    3.4794    3.5007    3.5214    3.5416    3.5458    3.5737    3.5818
   3.5915    3.6213    3.6385    3.6684    3.6904    3.6973    3.7102    3.7200
   3.7437    3.7549    3.7652    3.7720    3.8311    3.8652    3.8663    3.8970
   3.9270    3.9421    3.9548    4.0003    4.0121    4.0269    4.0576    4.0691
   4.0989    4.1124    4.1207    4.1252    4.1278    4.1420    4.1522    4.1679
   4.2068    4.2174    4.2373    4.2479    4.2684    4.2793    4.2991    4.3004
   4.3085    4.3199    4.3357    4.3708    4.3897    4.4507    4.4553    4.4702
   4.4860    4.4967    4.5125    4.5355    4.5599    4.5665    4.5893    4.5981
   4.6185    4.6367    4.6491    4.6611    4.6859    4.6912    4.7288    4.7317
   4.7324    4.7379    4.7536    4.7785    4.7999    4.8071    4.8087    4.8260
   4.8645    4.8916    4.9126    4.9228    4.9298    4.9540    4.9861    5.0133
   5.0163    5.0250    5.0387    5.0503    5.0611    5.0730    5.0878    5.0950
   5.1560    5.1620    5.1955    5.2292    5.2467    5.2525    5.2849    5.2907
   5.2951    5.3088    5.3108    5.3409    5.3466    5.3756    5.4010    5.4081
   5.4418    5.4579    5.5000    5.5175    5.5363    5.5633    5.5808    5.6449
   5.6653    5.6799    5.7074    5.7302    5.8113    5.8163    5.8215    5.8906
   6.0380    6.0678    6.0822    6.1209    6.2941    6.3040    6.3585    6.3941
   6.5063    6.7844    6.7967    6.8185    6.8541    6.9179    6.9415    6.9680
   7.0140    7.0398    7.0489    7.1668    7.2127

 Heat of formation   =       -495.60190213 kcal/mol  (      -21.49091115 eV)

 Total SCF energy    =    -387377.28670132 kcal/mol  (   -16797.93966876 eV)
 Electronic energy   =   -6656601.89911938 kcal/mol  (  -288651.91878580 eV)
 Core-core repulsion =    6269224.61241805 kcal/mol  (   271853.97911704 eV)
 
    Atomic Charges for Step       1 :
  Atom    Element       Mulliken Charge
     1      N                 -0.334
     2      C                  0.008
     3      C                  0.315
     4      O                 -0.409
     5      C                  0.024
     6      O                 -0.287
     7      C                 -0.229
     8      H                  0.257
     9      N                 -0.360
    10      C                  0.021
    11      C                 -0.105
    12      C                 -0.221
    13      C                 -0.220
    14      C                  0.315
    15      O                 -0.422
    16      H                  0.268
    17      N                 -0.293
    18      C                  0.000
    19      C                  0.286
    20      O                 -0.338
    21      C                 -0.158
    22      C                 -0.169
    23      C                 -0.026
    24      N                 -0.312
    25      C                 -0.042
    26      C                  0.280
    27      O                 -0.344
    28      C                 -0.099
    29      N                 -0.311
    30      C                 -0.091
    31      C                  0.046
    32      C                 -0.093
    33      C                 -0.214
    34      C                 -0.223
    35      C                  0.298
    36      O                 -0.331
    37      C                 -0.264
    38      C                  0.380
    39      O                 -0.413
    40      C                  0.112
    41      N                 -0.338
    42      C                  0.292
    43      O                 -0.276
    44      C                 -0.185
    45      O                 -0.113
    46      C                 -0.103
    47      C                 -0.051
    48      N                 -0.122
    49      C                  0.001
    50      C                  0.375
    51      O                 -0.339
    52      N                 -0.087
    53      C                  0.080
    54      C                  0.068
    55      C                  0.058
    56      C                 -0.080
    57      C                 -0.169
    58      C                 -0.174
    59      H                  0.248
    60      H                  0.257
    61      N                 -0.340
    62      C                 -0.002
    63      C                  0.298
    64      O                 -0.429
    65      C                  0.024
    66      O                 -0.289
    67      C                 -0.219
    68      H                  0.246
    69      N                 -0.354
    70      C                  0.021
    71      C                 -0.102
    72      C                 -0.222
    73      C                 -0.223
    74      C                  0.309
    75      O                 -0.421
    76      H                  0.270
    77      N                 -0.293
    78      C                  0.000
    79      C                  0.283
    80      O                 -0.332
    81      C                 -0.156
    82      C                 -0.173
    83      C                 -0.029
    84      N                 -0.309
    85      C                 -0.044
    86      C                  0.274
    87      O                 -0.352
    88      C                 -0.101
    89      N                 -0.310
    90      C                 -0.089
    91      C                  0.055
    92      C                 -0.111
    93      C                 -0.218
    94      C                 -0.200
    95      C                  0.282
    96      O                 -0.327
    97      H                  0.161
    98      H                  0.134
    99      H                  0.091
   100      H                  0.107
   101      H                  0.074
   102      H                  0.135
   103      H                  0.100
   104      H                  0.080
   105      H                  0.098
   106      H                  0.086
   107      H                  0.078
   108      H                  0.079
   109      H                  0.100
   110      H                  0.151
   111      H                  0.100
   112      H                  0.100
   113      H                  0.096
   114      H                  0.095
   115      H                  0.099
   116      H                  0.098
   117      H                  0.114
   118      H                  0.131
   119      H                  0.084
   120      H                  0.073
   121      H                  0.121
   122      H                  0.087
   123      H                  0.099
   124      H                  0.078
   125      H                  0.117
   126      H                  0.091
   127      H                  0.072
   128      H                  0.075
   129      H                  0.115
   130      H                  0.082
   131      H                  0.101
   132      H                  0.065
   133      H                  0.174
   134      H                  0.093
   135      H                  0.108
   136      H                  0.093
   137      H                  0.101
   138      H                  0.098
   139      H                  0.091
   140      H                  0.171
   141      H                  0.145
   142      H                  0.086
   143      H                  0.093
   144      H                  0.094
   145      H                  0.129
   146      H                  0.098
   147      H                  0.080
   148      H                  0.099
   149      H                  0.085
   150      H                  0.076
   151      H                  0.087
   152      H                  0.103
   153      H                  0.143
   154      H                  0.094
   155      H                  0.100
   156      H                  0.112
   157      H                  0.091
   158      H                  0.095
   159      H                  0.115
   160      H                  0.112
   161      H                  0.135
   162      H                  0.073
   163      H                  0.115
   164      H                  0.090
   165      H                  0.088
   166      H                  0.102
   167      H                  0.077
   168      H                  0.120
   169      H                  0.140
   170      H                  0.084
   171      H                  0.091
   172      H                  0.066
   173      H                  0.078
   174      H                  0.068
   175      H                  0.079
 Total Mulliken Charge =      -0.000
 
                  X        Y        Z     TOTAL  
  QM DIPOLE     2.798   12.547    3.030   13.207
 
 Final Structure

  QMMM: QM Region Cartesian Coordinates (*=link atom) 
  QMMM: QM_NO.   MM_NO.  ATOM         X         Y         Z
  QMMM:     1        1      N        3.8502   21.0464   10.1429
  QMMM:     2        2      C        3.6196   19.6559    9.8538
  QMMM:     3        3      C        4.6482   18.7616   10.5917
  QMMM:     4        4      O        5.8409   19.1184   10.7143
  QMMM:     5        5      C        3.7200   19.2602    8.3520
  QMMM:     6        6      O        5.0695   19.5225    7.9315
  QMMM:     7        7      C        2.7652   20.0448    7.4795
  QMMM:     8        8      H        4.7707   21.3058   10.4186
  QMMM:     9        9      N        4.1856   17.5554   11.0524
  QMMM:    10       10      C        5.0679   16.4921   11.4660
  QMMM:    11       11      C        4.4912   15.0878   11.1589
  QMMM:    12       12      C        5.4038   14.0213   11.7265
  QMMM:    13       13      C        4.3324   14.9112    9.6633
  QMMM:    14       14      C        5.3271   16.5755   12.9920
  QMMM:    15       15      O        4.3836   16.4429   13.8049
  QMMM:    16       16      H        3.2148   17.3327   10.9695
  QMMM:    17       17      N        6.6149   16.7473   13.4540
  QMMM:    18       18      C        7.6916   17.3160   12.6582
  QMMM:    19       19      C        8.4646   16.2620   11.8358
  QMMM:    20       20      O        8.5205   15.0701   12.1873
  QMMM:    21       21      C        8.6827   17.9880   13.6413
  QMMM:    22       22      C        8.1808   17.6746   15.0462
  QMMM:    23       23      C        6.8992   16.8460   14.8775
  QMMM:    24       24      N        9.2205   16.6889   10.7349
  QMMM:    25       25      C        8.9881   17.9398   10.0692
  QMMM:    26       26      C        7.9580   17.8991    8.9211
  QMMM:    27       27      O        7.2180   16.9175    8.7358
  QMMM:    28       28      C        9.8867   15.6896    9.9310
  QMMM:    29       29      N        7.9484   19.0097    8.0587
  QMMM:    30       30      C        8.1909   20.3036    8.6528
  QMMM:    31       31      C        7.1353   19.0033    6.8531
  QMMM:    32       32      C        7.7629   18.1923    5.6931
  QMMM:    33       33      C        7.8187   16.7031    5.9412
  QMMM:    34       34      C        7.0159   18.4905    4.4080
  QMMM:    35       35      C        5.6733   18.6232    7.0904
  QMMM:    36       36      O        4.9926   17.7227    6.6056
  QMMM:    37       37      C        3.2041   23.3981   10.3813
  QMMM:    38       38      C        2.8395   21.9740   10.1153
  QMMM:    39       39      O        1.6685   21.6631    9.7924
  QMMM:    40       40      C        3.0039   24.3247    9.3761
  QMMM:    41       41      N        2.4951   23.9914    8.1584
  QMMM:    42       42      C        3.3961   25.7713    9.5785
  QMMM:    43       43      O        3.3634   26.5693    8.6324
  QMMM:    44       44      C        3.7962   26.1611   10.9311
  QMMM:    45       45      O        4.2658   25.6911   13.1627
  QMMM:    46       46      C        4.7745   25.2200   15.4362
  QMMM:    47       47      C        4.9198   24.2469   16.4426
  QMMM:    48       48      N        4.7498   22.9241   16.2542
  QMMM:    49       49      C        4.4235   22.4863   15.0247
  QMMM:    50       50      C        4.3278   20.9911   14.8152
  QMMM:    51       51      O        5.1980   20.3911   14.1621
  QMMM:    52       52      N        3.8335   22.8819   12.6578
  QMMM:    53       53      C        3.6698   23.7724   11.7035
  QMMM:    54       54      C        3.9050   25.2199   11.9048
  QMMM:    55       55      C        4.4180   24.7444   14.1613
  QMMM:    56       56      C        4.2221   23.3609   13.9135
  QMMM:    57       57      C        4.0560   27.5960   11.1851
  QMMM:    58       58      C        4.9746   26.6568   15.7043
  QMMM:    59       59      H        2.3537   24.7051    7.4836
  QMMM:    60       60      H        2.0884   23.0946    8.0175
  QMMM:    61       61      N        3.2784   20.3582   15.4460
  QMMM:    62       62      C        2.9928   18.9668   15.2255
  QMMM:    63       63      C        1.6753   18.7821   14.4271
  QMMM:    64       64      O        0.7358   19.6048   14.5345
  QMMM:    65       65      C        2.8479   18.1352   16.5290
  QMMM:    66       66      O        1.6285   18.5334   17.1816
  QMMM:    67       67      C        3.9870   18.3662   17.4995
  QMMM:    68       68      H        2.5537   20.8946   15.8658
  QMMM:    69       69      N        1.5860   17.6717   13.6316
  QMMM:    70       70      C        0.3627   17.2825   12.9716
  QMMM:    71       71      C        0.2406   15.7491   12.7981
  QMMM:    72       72      C       -0.9654   15.4239   11.9417
  QMMM:    73       73      C        0.1225   15.0826   14.1524
  QMMM:    74       74      C        0.2951   17.9345   11.5662
  QMMM:    75       75      O        1.1475   17.6438   10.6954
  QMMM:    76       76      H        2.3646   17.0490   13.5566
  QMMM:    77       77      N       -0.7254   18.8090   11.2629
  QMMM:    78       78      C       -1.5245   19.5074   12.2579
  QMMM:    79       79      C       -2.7499   18.7024   12.7395
  QMMM:    80       80      O       -3.3071   17.8655   12.0080
  QMMM:    81       81      C       -2.0407   20.8131   11.6007
  QMMM:    82       82      C       -1.5054   20.8220   10.1741
  QMMM:    83       83      C       -0.7734   19.4875    9.9747
  QMMM:    84       84      N       -3.3349   19.0363   13.9736
  QMMM:    85       85      C       -2.5801   19.5924   15.0623
  QMMM:    86       86      C       -1.8941   18.5697   15.9914
  QMMM:    87       87      O       -1.9351   17.3470   15.7626
  QMMM:    88       88      C       -4.5181   18.3025   14.3673
  QMMM:    89       89      N       -1.2729   19.0723   17.1415
  QMMM:    90       90      C       -0.8626   20.4540   17.1679
  QMMM:    91       91      C       -0.5849   18.1804   18.0566
  QMMM:    92       92      C       -1.4530   17.0321   18.6253
  QMMM:    93       93      C       -0.7375   16.4030   19.8048
  QMMM:    94       94      C       -2.8176   17.5250   19.0558
  QMMM:    95       95      C        0.6847   17.5749   17.4437
  QMMM:    96       96      O        0.9449   16.3989   17.2009
  QMMM:    97       97      H        2.5559   19.3979   10.1662
  QMMM:    98       98      H        3.4984   18.1563    8.2755
  QMMM:    99       99      H        2.7323   19.5914    6.4597
  QMMM:   100      100      H        1.7430   20.0258    7.9311
  QMMM:   101      101      H        3.0955   21.1073    7.3882
  QMMM:   102      102      H        6.0418   16.5957   10.8924
  QMMM:   103      103      H        3.4832   14.9979   11.6563
  QMMM:   104      104      H        5.0418   13.0108   11.4187
  QMMM:   105      105      H        6.4517   14.1521   11.3592
  QMMM:   106      106      H        5.4143   14.0667   12.8431
  QMMM:   107      107      H        4.0606   13.8527    9.4322
  QMMM:   108      108      H        3.5251   15.5720    9.2647
  QMMM:   109      109      H        5.2863   15.1586    9.1340
  QMMM:   110      110      H        7.2400   18.0896   11.9664
  QMMM:   111      111      H        8.6916   19.0905   13.4567
  QMMM:   112      112      H        9.7191   17.5992   13.4906
  QMMM:   113      113      H        7.9625   18.6158   15.6080
  QMMM:   114      114      H        8.9420   17.0943   15.6225
  QMMM:   115      115      H        7.0340   15.8084   15.2900
  QMMM:   116      116      H        6.0294   17.3261   15.4066
  QMMM:   117      117      H        9.9778   18.2716    9.6341
  QMMM:   118      118      H        8.6464   18.7245   10.8030
  QMMM:   119      119      H        9.2867   15.4533    9.0099
  QMMM:   120      120      H       10.8907   16.0867    9.6238
  QMMM:   121      121      H       10.0309   14.7485   10.5247
  QMMM:   122      122      H        8.2154   21.0968    7.8602
  QMMM:   123      123      H        7.3904   20.5600    9.4020
  QMMM:   124      124      H        9.1901   20.2973    9.1643
  QMMM:   125      125      H        7.0805   20.0770    6.4788
  QMMM:   126      126      H        8.8203   18.5706    5.5749
  QMMM:   127      127      H        8.1445   16.1748    5.0125
  QMMM:   128      128      H        8.5442   16.4655    6.7568
  QMMM:   129      129      H        6.8148   16.3147    6.2448
  QMMM:   130      130      H        7.5325   17.9958    3.5501
  QMMM:   131      131      H        5.9700   18.1003    4.4625
  QMMM:   132      132      H        6.9819   19.5891    4.2119
  QMMM:   133      133      H        5.1947   24.5465   17.4716
  QMMM:   134      134      H        4.9085   27.7192   11.8992
  QMMM:   135      135      H        4.2977   28.1289   10.2318
  QMMM:   136      136      H        3.1500   28.0724   11.6385
  QMMM:   137      137      H        5.5514   27.1316   14.8708
  QMMM:   138      138      H        3.9838   27.1740   15.7754
  QMMM:   139      139      H        5.5282   26.8141   16.6622
  QMMM:   140      140      H        3.8624   18.5078   14.6524
  QMMM:   141      141      H        2.8036   17.0495   16.2224
  QMMM:   142      142      H        3.9588   17.5908   18.3023
  QMMM:   143      143      H        4.9606   18.2970   16.9582
  QMMM:   144      144      H        3.9067   19.3722   17.9765
  QMMM:   145      145      H       -0.5109   17.6248   13.6091
  QMMM:   146      146      H        1.1645   15.3725   12.2729
  QMMM:   147      147      H       -1.1261   14.3191   11.9203
  QMMM:   148      148      H       -1.8877   15.9101   12.3460
  QMMM:   149      149      H       -0.8103   15.7787   10.8934
  QMMM:   150      150      H       -0.0105   13.9816   14.0210
  QMMM:   151      151      H        1.0353   15.2537   14.7737
  QMMM:   152      152      H       -0.7586   15.4843   14.7132
  QMMM:   153      153      H       -0.8509   19.7546   13.1309
  QMMM:   154      154      H       -1.6627   21.6912   12.1788
  QMMM:   155      155      H       -3.1578   20.8454   11.6079
  QMMM:   156      156      H       -0.7892   21.6692   10.0226
  QMMM:   157      157      H       -2.3351   20.9244    9.4340
  QMMM:   158      158      H       -1.3197   18.8312    9.2436
  QMMM:   159      159      H        0.2733   19.6598    9.5928
  QMMM:   160      160      H       -3.3010   20.1925   15.6938
  QMMM:   161      161      H       -1.7829   20.2912   14.6783
  QMMM:   162      162      H       -5.1516   18.9646   15.0149
  QMMM:   163      163      H       -5.1035   18.0120   13.4551
  QMMM:   164      164      H       -4.2490   17.3729   14.9382
  QMMM:   165      165      H       -0.5024   20.7297   18.1942
  QMMM:   166      166      H       -0.0307   20.6419   16.4325
  QMMM:   167      167      H       -1.7375   21.1113   16.9188
  QMMM:   168      168      H       -0.2341   18.8050   18.9367
  QMMM:   169      169      H       -1.5770   16.2574   17.8143
  QMMM:   170      170      H       -1.3361   15.5426   20.1906
  QMMM:   171      171      H        0.2668   16.0217   19.4985
  QMMM:   172      172      H       -0.6077   17.1411   20.6327
  QMMM:   173      173      H       -3.3491   16.7193   19.6188
  QMMM:   174      174      H       -2.7279   18.4194   19.7177
  QMMM:   175      175      H       -3.4382   17.7951   18.1676
 
           --------- Calculation Completed ----------
 
