            --------------------------------------------------------
                             AMBER SQM VERSION 19
 
                                     By
              Ross C. Walker, Michael F. Crowley, Scott Brozell,
                         Tim Giese, Andreas W. Goetz,
                        Tai-Sung Lee and David A. Case
 
            --------------------------------------------------------
 

--------------------------------------------------------------------------------
  QM CALCULATION INFO
--------------------------------------------------------------------------------

| QMMM: Citation for AMBER QMMM Run:
| QMMM: R.C. Walker, M.F. Crowley and D.A. Case, J. COMP. CHEM. 29:1019, 2008

QMMM: SINGLET STATE CALCULATION
QMMM: RHF CALCULATION, NO. OF DOUBLY OCCUPIED LEVELS = 52

| QMMM: *** Selected Hamiltonian *** 
| QMMM: AM1         

| QMMM: *** Parameter sets in use ***
| QMMM: N : M.J.S.DEWAR et al. JACS, 107, 3902, (1985)
| QMMM: C : M.J.S.DEWAR et al. JACS, 107, 3902, (1985)
| QMMM: H : M.J.S.DEWAR et al. JACS, 107, 3902, (1985)

| QMMM: *** SCF convergence criteria ***
| QMMM: Energy change                :  0.1D-09 kcal/mol
| QMMM: Error matrix |FP-PF|         :  0.1D+00 au
| QMMM: Density matrix change        :  0.5D-06
| QMMM: Maximum number of SCF cycles :     1000
 
| QMMM: *** Diagonalization Routine Information ***
| QMMM: Pseudo diagonalizations are allowed.
| QMMM: Auto diagonalization routine selection is in use.
| QMMM:
| QMMM: Timing diagonalization routines:
| QMMM:                              norbs =      101
| QMMM:    diag iterations used for timing =       10
| QMMM:
| QMMM:              Internal diag routine = 0.193462 seconds
| QMMM:                 Dspev diag routine = 4.044543 seconds
| QMMM:                Dspevd diag routine = 1.907361 seconds
| QMMM:                Dspevx diag routine = 1.325893 seconds
| QMMM:                 Dsyev diag routine = 3.837078 seconds
| QMMM:                Dsyevd diag routine = 1.655594 seconds
| QMMM:                Dsyevr diag routine = 1.021899 seconds
| QMMM:
| QMMM:                Pseudo diag routine = 0.004536 seconds
| QMMM:
| QMMM: Using internal diagonalization routine (diag_routine=1).

  QMMM: QM Region Cartesian Coordinates (*=link atom) 
  QMMM: QM_NO.   MM_NO.  ATOM         X         Y         Z
  QMMM:     1        1      N        9.9650   22.8990    8.1030
  QMMM:     2        2      C        9.2350   23.8640    7.3720
  QMMM:     3        3      C        8.1170   24.1740    7.9840
  QMMM:     4        4      C        7.0950   23.2580   10.1860
  QMMM:     5        5      C        7.2960   22.3860   11.2570
  QMMM:     6        6      C        8.5020   21.6290   11.3030
  QMMM:     7        7      C        9.4530   21.7470   10.2990
  QMMM:     8        8      C        9.2070   22.6310    9.2140
  QMMM:     9        9      C        8.0710   23.3720    9.1550
  QMMM:    10       10      C        8.7530   20.8150   12.3550
  QMMM:    11       11      N        7.9040   20.6810   13.3660
  QMMM:    12       12      N        9.8710   20.0860   12.4010
  QMMM:    13       13      C        9.8260   24.3730    6.1010
  QMMM:    14       14      C        9.2000   25.3130    5.2560
  QMMM:    15       15      C        9.8460   25.6880    4.0780
  QMMM:    16       16      C       11.1160   25.1380    3.7190
  QMMM:    17       17      C       11.7170   24.2020    4.5840
  QMMM:    18       18      C       11.0960   23.8110    5.7550
  QMMM:    19       19      C       11.7070   25.5410    2.5810
  QMMM:    20       20      N       12.8960   25.1510    2.0820
  QMMM:    21       21      N       11.0600   26.4290    1.7830
  QMMM:    22       22      H       10.8520   22.5660    7.7540
  QMMM:    23       23      H        7.4570   24.9160    7.5590
  QMMM:    24       24      H        6.1940   23.8520   10.1350
  QMMM:    25       25      H        6.5450   22.2960   12.0280
  QMMM:    26       26      H       10.3650   21.1710   10.3490
  QMMM:    27       27      H        8.1260   20.0640   14.1340
  QMMM:    28       28      H        7.0350   21.1960   13.3680
  QMMM:    29       29      H       10.0480   19.4820   13.1910
  QMMM:    30       30      H       10.5400   20.1390   11.6460
  QMMM:    31       31      H        8.2400   25.7270    5.5260
  QMMM:    32       32      H        9.3870   26.4070    3.4160
  QMMM:    33       33      H       12.6790   23.7780    4.3360
  QMMM:    34       34      H       11.5620   23.0870    6.4070
  QMMM:    35       35      H       13.2270   25.5350    1.2080
  QMMM:    36       36      H       13.4560   24.4750    2.5810
  QMMM:    37       37      H       11.4890   26.7420    0.9240
  QMMM:    38       38      H       10.1490   26.7760    2.0480

--------------------------------------------------------------------------------
  RESULTS
--------------------------------------------------------------------------------

      iter         sqm energy              rms gradient
      ----    -------------------    -----------------------
xmin    10      420.6247 kcal/mol        0.4462 kcal/(mol*A)
xmin    20      413.3601 kcal/mol        0.4512 kcal/(mol*A)
xmin    30      413.2120 kcal/mol        0.0624 kcal/(mol*A)
xmin    40      413.1912 kcal/mol        0.0185 kcal/(mol*A)
xmin    50      413.1902 kcal/mol        0.0073 kcal/(mol*A)
xmin    60      413.1901 kcal/mol        0.0018 kcal/(mol*A)
  ... geometry converged !
 
 Final MO eigenvalues (eV):
 -47.0903  -46.5854  -45.7601  -44.3384  -42.2176  -40.4566  -40.2365  -38.6144
 -38.1133  -37.3699  -35.4105  -34.7819  -31.9168  -30.1356  -29.3218  -28.8894
 -28.2297  -27.3362  -26.5537  -25.6365  -25.3915  -25.3017  -25.1610  -24.0219
 -22.9645  -22.7502  -22.7368  -22.3130  -22.0557  -21.8223  -21.3791  -20.8544
 -20.7031  -20.5140  -20.2951  -20.0773  -19.9722  -19.7816  -19.3598  -19.2311
 -18.5068  -18.1124  -17.9432  -17.7008  -17.3749  -17.3210  -17.1135  -16.2907
 -15.8210  -15.5516  -14.3049  -13.7929   -6.6638   -6.2431   -5.6941   -5.2695
  -5.1296   -4.8728   -4.8158   -4.6445   -3.8963   -3.6202   -3.4303   -3.3568
  -3.3265   -2.9632   -2.8154   -2.4893   -1.9921   -1.9423   -1.8486   -1.7786
  -1.5117   -1.4306   -1.3931   -1.2722   -1.2635   -1.1622   -1.1156   -1.0656
  -1.0518   -0.9852   -0.8988   -0.8346   -0.7023   -0.5554   -0.5261   -0.4904
  -0.3383   -0.2918   -0.2793   -0.2633   -0.2060   -0.1328   -0.0478    0.0864
   0.1859    0.3099    0.4691    0.6948    1.0722

 Heat of formation   =        413.19013250 kcal/mol  (       17.91726866 eV)

 Total SCF energy    =     -76156.35813286 kcal/mol  (    -3302.38749980 eV)
 Electronic energy   =    -503103.72326981 kcal/mol  (   -21816.21452972 eV)
 Core-core repulsion =     426947.36513695 kcal/mol  (    18513.82702992 eV)
 
    Atomic Charges for Step       1 :
  Atom    Element       Mulliken Charge
     1      N                 -0.192
     2      C                  0.009
     3      C                 -0.146
     4      C                 -0.050
     5      C                 -0.126
     6      C                 -0.144
     7      C                 -0.088
     8      C                  0.007
     9      C                 -0.046
    10      C                  0.340
    11      N                 -0.307
    12      N                 -0.313
    13      C                  0.032
    14      C                 -0.101
    15      C                 -0.074
    16      C                 -0.165
    17      C                 -0.073
    18      C                 -0.117
    19      C                  0.340
    20      N                 -0.308
    21      N                 -0.307
    22      H                  0.266
    23      H                  0.182
    24      H                  0.174
    25      H                  0.155
    26      H                  0.153
    27      H                  0.273
    28      H                  0.288
    29      H                  0.273
    30      H                  0.284
    31      H                  0.173
    32      H                  0.161
    33      H                  0.159
    34      H                  0.161
    35      H                  0.276
    36      H                  0.286
    37      H                  0.276
    38      H                  0.287
 Total Mulliken Charge =       2.000
 
                  X        Y        Z     TOTAL  
  QM DIPOLE    98.180  224.678   70.865  255.228
 
 Final Structure

  QMMM: QM Region Cartesian Coordinates (*=link atom) 
  QMMM: QM_NO.   MM_NO.  ATOM         X         Y         Z
  QMMM:     1        1      N       10.1967   22.8635    8.2211
  QMMM:     2        2      C        9.4888   23.6676    7.3090
  QMMM:     3        3      C        8.1716   23.8451    7.7588
  QMMM:     4        4      C        6.9978   22.9535    9.9095
  QMMM:     5        5      C        7.2215   22.2086   11.0562
  QMMM:     6        6      C        8.4867   21.6328   11.3077
  QMMM:     7        7      C        9.5605   21.7802   10.4314
  QMMM:     8        8      C        9.3425   22.5423    9.2743
  QMMM:     9        9      C        8.0468   23.1397    9.0059
  QMMM:    10       10      C        8.6682   20.8417   12.5580
  QMMM:    11       11      N        8.2983   21.3988   13.7316
  QMMM:    12       12      N        9.1964   19.6005   12.4684
  QMMM:    13       13      C       10.0680   24.1983    6.0857
  QMMM:    14       14      C        9.5545   25.3938    5.5527
  QMMM:    15       15      C       10.0612   25.9129    4.3651
  QMMM:    16       16      C       11.0986   25.2442    3.7019
  QMMM:    17       17      C       11.6245   24.0576    4.2284
  QMMM:    18       18      C       11.1073   23.5372    5.4124
  QMMM:    19       19      C       11.6395   25.7962    2.4281
  QMMM:    20       20      N       12.9769   25.9418    2.3032
  QMMM:    21       21      N       10.7702   26.1283    1.4490
  QMMM:    22       22      H       11.1620   22.6608    8.1783
  QMMM:    23       23      H        7.3800   24.3981    7.2569
  QMMM:    24       24      H        6.0073   23.3944    9.7098
  QMMM:    25       25      H        6.3924   22.0493   11.7644
  QMMM:    26       26      H       10.5464   21.3392   10.6395
  QMMM:    27       27      H        8.3641   20.9237   14.6065
  QMMM:    28       28      H        7.9329   22.3292   13.7287
  QMMM:    29       29      H        9.3456   19.0129   13.2608
  QMMM:    30       30      H        9.4116   19.2336   11.5651
  QMMM:    31       31      H        8.7455   25.9277    6.0801
  QMMM:    32       32      H        9.6512   26.8574    3.9705
  QMMM:    33       33      H       12.4289   23.5139    3.7059
  QMMM:    34       34      H       11.5137   22.5884    5.7984
  QMMM:    35       35      H       13.4120   26.2949    1.4769
  QMMM:    36       36      H       13.5634   25.7060    3.0766
  QMMM:    37       37      H       11.0560   26.5144    0.5738
  QMMM:    38       38      H        9.7945   25.9684    1.5935
 
           --------- Calculation Completed ----------
 
