            --------------------------------------------------------
                             AMBER SQM VERSION 19
 
                                     By
              Ross C. Walker, Michael F. Crowley, Scott Brozell,
                         Tim Giese, Andreas W. Goetz,
                        Tai-Sung Lee and David A. Case
 
            --------------------------------------------------------
 

--------------------------------------------------------------------------------
  QM CALCULATION INFO
--------------------------------------------------------------------------------

| QMMM: Citation for AMBER QMMM Run:
| QMMM: R.C. Walker, M.F. Crowley and D.A. Case, J. COMP. CHEM. 29:1019, 2008

QMMM: SINGLET STATE CALCULATION
QMMM: RHF CALCULATION, NO. OF DOUBLY OCCUPIED LEVELS = 86

| QMMM: *** Selected Hamiltonian *** 
| QMMM: AM1         

| QMMM: *** Parameter sets in use ***
| QMMM: C : M.J.S.DEWAR et al. JACS, 107, 3902, (1985)
| QMMM: O : M.J.S.DEWAR et al. JACS, 107, 3902, (1985)
| QMMM: N : M.J.S.DEWAR et al. JACS, 107, 3902, (1985)
| QMMM: I : M.J.S.DEWAR et al. THEOCHEM, 180, 1, (1988)
| QMMM: H : M.J.S.DEWAR et al. JACS, 107, 3902, (1985)

| QMMM: *** SCF convergence criteria ***
| QMMM: Energy change                :  0.1D-09 kcal/mol
| QMMM: Error matrix |FP-PF|         :  0.1D+00 au
| QMMM: Density matrix change        :  0.5D-06
| QMMM: Maximum number of SCF cycles :     1000
 
| QMMM: *** Diagonalization Routine Information ***
| QMMM: Pseudo diagonalizations are allowed.
| QMMM: Auto diagonalization routine selection is in use.
| QMMM:
| QMMM: Timing diagonalization routines:
| QMMM:                              norbs =      162
| QMMM:    diag iterations used for timing =        5
| QMMM:
| QMMM:              Internal diag routine = 0.880170 seconds
| QMMM:                 Dspev diag routine = 2.969153 seconds
| QMMM:                Dspevd diag routine = 1.395162 seconds
| QMMM:                Dspevx diag routine = 4.893837 seconds
| QMMM:                 Dsyev diag routine = 4.103610 seconds
| QMMM:                Dsyevd diag routine = 1.277287 seconds
| QMMM:                Dsyevr diag routine = 1.326080 seconds
| QMMM:
| QMMM:                Pseudo diag routine = 0.008590 seconds
| QMMM:
| QMMM: Using internal diagonalization routine (diag_routine=1).

  QMMM: QM Region Cartesian Coordinates (*=link atom) 
  QMMM: QM_NO.   MM_NO.  ATOM         X         Y         Z
  QMMM:     1        1      C        8.4670   19.9540   13.2940
  QMMM:     2        2      C        8.7150   21.6280   10.8190
  QMMM:     3        3      C        9.7190   20.3140   12.6620
  QMMM:     4        4      C        9.8290   21.1300   11.4580
  QMMM:     5        5      C        7.3560   20.5620   12.4950
  QMMM:     6        6      C        7.4880   21.3490   11.3290
  QMMM:     7        7      O        8.3540   19.1040   14.5530
  QMMM:     8        8      C        8.8090   22.4290    9.6370
  QMMM:     9        9      C        9.5530   23.3950    7.7720
  QMMM:    10       10      C        8.2290   23.8340    8.0690
  QMMM:    11       11      C        7.5220   24.7840    7.2210
  QMMM:    12       12      C        8.2630   25.2480    6.0600
  QMMM:    13       13      C        9.5870   24.7940    5.7830
  QMMM:    14       14      C       10.2360   23.8790    6.6220
  QMMM:    15       15      N        9.8700   22.5060    8.8010
  QMMM:    16       16      N        7.8350   23.2270    9.1920
  QMMM:    17       17      C       10.3530   25.2650    4.6080
  QMMM:    18       18      C       11.9540   25.3390    3.0140
  QMMM:    19       19      C       11.0890   26.4640    2.8290
  QMMM:    20       20      C       11.2940   27.4560    1.7470
  QMMM:    21       21      C       12.4370   27.2170    0.8790
  QMMM:    22       22      C       13.3200   26.0420    1.0900
  QMMM:    23       23      C       13.0830   25.1170    2.1390
  QMMM:    24       24      N       11.4190   24.6740    4.1180
  QMMM:    25       25      N       10.1420   26.4090    3.7820
  QMMM:    26       26      N       14.3130   25.8080    0.0440
  QMMM:    27       27      N       16.3180   25.4890   -1.9770
  QMMM:    28       28      C       15.2820   24.5780    0.0600
  QMMM:    29       29      C       16.5590   25.2980   -0.4530
  QMMM:    30       30      C       15.1280   26.5000   -2.0520
  QMMM:    31       31      C       13.9170   25.7100   -1.4680
  QMMM:    32       32      C       17.4420   26.4950   -2.2020
  QMMM:    33       33      I        5.3300   20.3400   12.9930
  QMMM:    34       34      C        9.2570   18.3810   15.5440
  QMMM:    35       35      H       10.6540   19.9730   13.0820
  QMMM:    36       36      H       10.8140   21.3410   11.0690
  QMMM:    37       37      H        6.6020   21.7300   10.8430
  QMMM:    38       38      H        6.5190   25.0930    7.4760
  QMMM:    39       39      H        7.8130   25.9550    5.3790
  QMMM:    40       40      H       11.2390   23.5410    6.4070
  QMMM:    41       41      H       10.7020   21.9650    8.9890
  QMMM:    42       42      H       10.6150   28.2900    1.6430
  QMMM:    43       43      H       12.6520   27.8980    0.0690
  QMMM:    44       44      H       13.7240   24.2620    2.2920
  QMMM:    45       45      H       11.7670   23.8260    4.5430
  QMMM:    46       46      H       16.2860   24.6670   -2.5630
  QMMM:    47       47      H       14.9550   23.8620   -0.6940
  QMMM:    48       48      H       15.4430   24.2690    1.0930
  QMMM:    49       49      H       16.6400   26.2740    0.0250
  QMMM:    50       50      H       17.4230   24.6510   -0.3020
  QMMM:    51       51      H       14.9290   26.7460   -3.0950
  QMMM:    52       52      H       15.3420   27.3570   -1.4130
  QMMM:    53       53      H       13.0080   26.2890   -1.6310
  QMMM:    54       54      H       13.9910   24.6690   -1.7840
  QMMM:    55       55      H       17.4650   26.7860   -3.2520
  QMMM:    56       56      H       17.2700   27.3770   -1.5850
  QMMM:    57       57      H       18.3950   26.0420   -1.9300
  QMMM:    58       58      H        8.6460   17.8960   16.3060
  QMMM:    59       59      H        9.8460   17.6290   15.0180
  QMMM:    60       60      H        9.9260   19.0990   16.0180

--------------------------------------------------------------------------------
  RESULTS
--------------------------------------------------------------------------------

      iter         sqm energy              rms gradient
      ----    -------------------    -----------------------
xmin    10      314.6978 kcal/mol        1.1220 kcal/(mol*A)
xmin    20      313.5271 kcal/mol        0.1921 kcal/(mol*A)
xmin    30      313.3883 kcal/mol        0.4275 kcal/(mol*A)
xmin    40      313.3081 kcal/mol        0.1514 kcal/(mol*A)
xmin    50      313.2580 kcal/mol        0.0412 kcal/(mol*A)
xmin    60      313.2513 kcal/mol        0.0607 kcal/(mol*A)
xmin    70      313.2491 kcal/mol        0.0212 kcal/(mol*A)
xmin    80      313.2483 kcal/mol        0.0020 kcal/(mol*A)
xmin    90      313.2483 kcal/mol        0.0008 kcal/(mol*A)
xmin    90      313.2483 kcal/mol        0.0005 kcal/(mol*A)
  ... geometry converged !
 
 Final MO eigenvalues (eV):
 -45.8993  -43.7982  -43.1697  -42.0752  -41.8537  -39.9904  -39.2369  -38.3302
 -36.4227  -35.8281  -35.3821  -35.0018  -34.2750  -33.5266  -32.8998  -32.2830
 -31.6861  -30.7126  -30.0748  -29.6371  -29.3062  -29.0257  -26.8806  -26.2056
 -25.6779  -25.0631  -24.8290  -24.3863  -24.3183  -23.1349  -22.7539  -22.5885
 -22.2632  -21.5883  -21.1713  -20.4981  -20.3707  -20.2169  -20.0643  -19.6621
 -19.4156  -19.0115  -18.4388  -18.3772  -18.3075  -18.1160  -17.9802  -17.9260
 -17.8873  -17.6240  -17.4258  -17.2010  -17.0842  -16.9857  -16.8652  -16.7678
 -16.6993  -16.5686  -16.4415  -16.3226  -16.0226  -15.8600  -15.5462  -15.2810
 -15.0553  -14.8958  -14.7852  -14.5565  -14.2210  -14.1310  -14.0925  -13.7030
 -13.4433  -13.2727  -13.2392  -13.1476  -12.9369  -12.7087  -12.5236  -11.7257
 -11.4236  -11.3597  -11.0494  -10.7364  -10.6568  -10.0316   -3.8702   -2.6162
  -1.9735   -1.8517   -1.8382   -1.7860   -1.6932   -1.3401   -1.2853   -1.2004
  -1.1188   -0.8445   -0.7859   -0.7095   -0.6586   -0.5941   -0.5531   -0.5122
  -0.4248   -0.3833   -0.3053   -0.2686   -0.1545    0.1532    0.1855    0.2203
   0.4454    0.5553    0.5755    0.6763    0.9712    1.0700    1.1602    1.1720
   1.3185    1.4854    1.6214    1.7804    1.8398    1.9027    1.9475    2.0761
   2.1842    2.2514    2.2940    2.3295    2.5120    2.5438    2.5795    2.6636
   2.6809    2.7354    2.7621    2.8059    2.9586    3.0135    3.0339    3.0997
   3.1593    3.2520    3.2675    3.3425    3.4221    3.5684    3.6045    3.7124
   3.7844    3.8525    3.8789    4.1096    4.1596    4.2800    4.5907    4.6533
   4.8682    5.0978

 Heat of formation   =        313.24828865 kcal/mol  (       13.58346510 eV)

 Total SCF energy    =    -128815.17453613 kcal/mol  (    -5585.84512970 eV)
 Electronic energy   =   -1020601.85088762 kcal/mol  (   -44256.61727105 eV)
 Core-core repulsion =     891786.67635150 kcal/mol  (    38670.77214134 eV)
 
    Atomic Charges for Step       1 :
  Atom    Element       Mulliken Charge
     1      C                  0.141
     2      C                 -0.092
     3      C                 -0.215
     4      C                 -0.061
     5      C                 -0.303
     6      C                 -0.018
     7      O                 -0.191
     8      C                  0.091
     9      C                 -0.036
    10      C                 -0.042
    11      C                 -0.072
    12      C                 -0.106
    13      C                 -0.041
    14      C                 -0.116
    15      N                 -0.240
    16      N                 -0.130
    17      C                  0.094
    18      C                 -0.017
    19      C                 -0.057
    20      C                 -0.049
    21      C                 -0.151
    22      C                  0.008
    23      C                 -0.164
    24      N                 -0.239
    25      N                 -0.121
    26      N                 -0.240
    27      N                 -0.003
    28      C                 -0.075
    29      C                 -0.132
    30      C                 -0.133
    31      C                 -0.078
    32      C                 -0.192
    33      I                  0.186
    34      C                 -0.080
    35      H                  0.148
    36      H                  0.133
    37      H                  0.171
    38      H                  0.162
    39      H                  0.157
    40      H                  0.132
    41      H                  0.259
    42      H                  0.166
    43      H                  0.139
    44      H                  0.130
    45      H                  0.262
    46      H                  0.240
    47      H                  0.078
    48      H                  0.155
    49      H                  0.156
    50      H                  0.140
    51      H                  0.142
    52      H                  0.154
    53      H                  0.155
    54      H                  0.086
    55      H                  0.143
    56      H                  0.147
    57      H                  0.143
    58      H                  0.121
    59      H                  0.076
    60      H                  0.080
 Total Mulliken Charge =       1.000
 
                  X        Y        Z     TOTAL  
  QM DIPOLE    79.350  117.738   -3.022  142.013
 
 Final Structure

  QMMM: QM Region Cartesian Coordinates (*=link atom) 
  QMMM: QM_NO.   MM_NO.  ATOM         X         Y         Z
  QMMM:     1        1      C        8.3956   19.8499   13.0661
  QMMM:     2        2      C        8.5880   21.4646   10.7938
  QMMM:     3        3      C        9.5595   20.6019   12.8330
  QMMM:     4        4      C        9.6511   21.4047   11.7028
  QMMM:     5        5      C        7.3156   19.9082   12.1613
  QMMM:     6        6      C        7.4241   20.7214   11.0355
  QMMM:     7        7      O        8.2358   19.0277   14.1560
  QMMM:     8        8      C        8.6658   22.3094    9.6016
  QMMM:     9        9      C        9.5981   23.3368    7.8219
  QMMM:    10       10      C        8.1778   23.6443    7.9242
  QMMM:    11       11      C        7.5911   24.4970    6.9797
  QMMM:    12       12      C        8.3867   25.0137    5.9687
  QMMM:    13       13      C        9.7587   24.6966    5.8715
  QMMM:    14       14      C       10.3871   23.8606    6.7960
  QMMM:    15       15      N        9.8820   22.4913    8.8963
  QMMM:    16       16      N        7.6349   22.9849    9.0398
  QMMM:    17       17      C       10.5329   25.2748    4.7692
  QMMM:    18       18      C       12.0455   25.3535    3.0950
  QMMM:    19       19      C       11.3290   26.6142    3.2202
  QMMM:    20       20      C       11.6416   27.6644    2.3491
  QMMM:    21       21      C       12.6203   27.4684    1.3896
  QMMM:    22       22      C       13.3127   26.2328    1.2646
  QMMM:    23       23      C       13.0259   25.1583    2.1199
  QMMM:    24       24      N       11.5335   24.5261    4.0938
  QMMM:    25       25      N       10.3986   26.5255    4.2695
  QMMM:    26       26      N       14.3344   26.1526    0.2652
  QMMM:    27       27      N       16.1198   25.4170   -1.9106
  QMMM:    28       28      C       15.3783   25.1730    0.4865
  QMMM:    29       29      C       16.5613   25.4096   -0.4753
  QMMM:    30       30      C       14.9874   26.3845   -2.1032
  QMMM:    31       31      C       13.8426   26.1328   -1.1019
  QMMM:    32       32      C       17.2505   25.7298   -2.8166
  QMMM:    33       33      I        5.5986   18.8695   12.4116
  QMMM:    34       34      C        9.2961   19.0045   15.1082
  QMMM:    35       35      H       10.3997   20.5681   13.5412
  QMMM:    36       36      H       10.5608   22.0038   11.5440
  QMMM:    37       37      H        6.5835   20.7887   10.3221
  QMMM:    38       38      H        6.5223   24.7503    7.0474
  QMMM:    39       39      H        7.9402   25.6934    5.2248
  QMMM:    40       40      H       11.4605   23.6374    6.7391
  QMMM:    41       41      H       10.7543   22.0978    9.1244
  QMMM:    42       42      H       11.1179   28.6296    2.4328
  QMMM:    43       43      H       12.8732   28.3020    0.7154
  QMMM:    44       44      H       13.5460   24.1942    2.0446
  QMMM:    45       45      H       11.7595   23.5815    4.2552
  QMMM:    46       46      H       15.7674   24.4767   -2.1335
  QMMM:    47       47      H       15.0205   24.1084    0.3635
  QMMM:    48       48      H       15.7680   25.2943    1.5381
  QMMM:    49       49      H       17.0451   26.4039   -0.2563
  QMMM:    50       50      H       17.3204   24.5892   -0.3429
  QMMM:    51       51      H       14.5982   26.2691   -3.1532
  QMMM:    52       52      H       15.3966   27.4262   -1.9700
  QMMM:    53       53      H       13.0945   26.9681   -1.2271
  QMMM:    54       54      H       13.3288   25.1624   -1.3658
  QMMM:    55       55      H       16.8931   25.6995   -3.8810
  QMMM:    56       56      H       17.6479   26.7544   -2.5853
  QMMM:    57       57      H       18.0655   24.9713   -2.6695
  QMMM:    58       58      H        8.9152   18.2998   15.8916
  QMMM:    59       59      H       10.2322   18.6101   14.6439
  QMMM:    60       60      H        9.4631   20.0213   15.5385
 
           --------- Calculation Completed ----------
 
