            --------------------------------------------------------
                             AMBER SQM VERSION 19
 
                                     By
              Ross C. Walker, Michael F. Crowley, Scott Brozell,
                         Tim Giese, Andreas W. Goetz,
                        Tai-Sung Lee and David A. Case
 
            --------------------------------------------------------
 

--------------------------------------------------------------------------------
  QM CALCULATION INFO
--------------------------------------------------------------------------------

| QMMM: Citation for AMBER QMMM Run:
| QMMM: R.C. Walker, M.F. Crowley and D.A. Case, J. COMP. CHEM. 29:1019, 2008

QMMM: SINGLET STATE CALCULATION
QMMM: RHF CALCULATION, NO. OF DOUBLY OCCUPIED LEVELS = 35

| QMMM: *** Selected Hamiltonian *** 
| QMMM: AM1         

| QMMM: *** Parameter sets in use ***
| QMMM: N : M.J.S.DEWAR et al. JACS, 107, 3902, (1985)
| QMMM: C : M.J.S.DEWAR et al. JACS, 107, 3902, (1985)
| QMMM: O : M.J.S.DEWAR et al. JACS, 107, 3902, (1985)
| QMMM: H : M.J.S.DEWAR et al. JACS, 107, 3902, (1985)

| QMMM: *** SCF convergence criteria ***
| QMMM: Energy change                :  0.1D-09 kcal/mol
| QMMM: Error matrix |FP-PF|         :  0.1D+00 au
| QMMM: Density matrix change        :  0.5D-06
| QMMM: Maximum number of SCF cycles :     1000
 
| QMMM: *** Diagonalization Routine Information ***
| QMMM: Pseudo diagonalizations are allowed.
| QMMM: Auto diagonalization routine selection is in use.
| QMMM:
| QMMM: Timing diagonalization routines:
| QMMM:                              norbs =       65
| QMMM:    diag iterations used for timing =       15
| QMMM:
| QMMM:              Internal diag routine = 0.009246 seconds
| QMMM:                 Dspev diag routine = 1.254693 seconds
| QMMM:                Dspevd diag routine = 0.211751 seconds
| QMMM:                Dspevx diag routine = 0.234127 seconds
| QMMM:                 Dsyev diag routine = 0.785298 seconds
| QMMM:                Dsyevd diag routine = 0.225545 seconds
| QMMM:                Dsyevr diag routine = 0.298548 seconds
| QMMM:
| QMMM:                Pseudo diag routine = 0.002247 seconds
| QMMM:
| QMMM: Using internal diagonalization routine (diag_routine=1).

  QMMM: QM Region Cartesian Coordinates (*=link atom) 
  QMMM: QM_NO.   MM_NO.  ATOM         X         Y         Z
  QMMM:     1        1      N      -15.6630    5.2600   12.7250
  QMMM:     2        2      C      -16.1450    3.8940   12.4810
  QMMM:     3        3      C      -15.0010    2.8800   12.5360
  QMMM:     4        4      C      -13.8370    3.2510   11.6130
  QMMM:     5        5      C      -12.8860    4.2590   12.2580
  QMMM:     6        6      N      -12.4030    3.7800   13.5550
  QMMM:     7        7      C      -11.2240    4.1300   14.0920
  QMMM:     8        8      N      -10.8940    3.6820   15.3110
  QMMM:     9        9      N      -10.3790    4.9200   13.4160
  QMMM:    10       10      C      -17.2280    3.5100   13.4800
  QMMM:    11       11      O      -17.2810    2.3690   13.9330
  QMMM:    12       12      N      -18.0870    4.4700   13.8330
  QMMM:    13       13      H      -16.4400    5.9040   12.6820
  QMMM:    14       14      H      -15.2360    5.3090   13.6390
  QMMM:    15       15      H      -14.9820    5.5080   12.0220
  QMMM:    16       16      H      -16.5790    3.8610   11.4820
  QMMM:    17       17      H      -15.3780    1.8940   12.2650
  QMMM:    18       18      H      -14.6390    2.7980   13.5610
  QMMM:    19       19      H      -14.2290    3.6650   10.6840
  QMMM:    20       20      H      -13.2840    2.3500   11.3470
  QMMM:    21       21      H      -13.4020    5.2100   12.3920
  QMMM:    22       22      H      -12.0370    4.4320   11.5960
  QMMM:    23       23      H      -13.0170    3.1500   14.0510
  QMMM:    24       24      H      -10.0080    3.9410   15.7220
  QMMM:    25       25      H      -11.5310    3.0850   15.8190
  QMMM:    26       26      H       -9.4930    5.1800   13.8260
  QMMM:    27       27      H      -10.6280    5.2560   12.4960
  QMMM:    28       28      H      -18.8250    4.2700   14.4930
  QMMM:    29       29      H      -17.9980    5.3960   13.4400

--------------------------------------------------------------------------------
  RESULTS
--------------------------------------------------------------------------------

      iter         sqm energy              rms gradient
      ----    -------------------    -----------------------
xmin    10      316.4328 kcal/mol        1.3638 kcal/(mol*A)
xmin    20      312.1343 kcal/mol        2.9016 kcal/(mol*A)
xmin    30      309.3533 kcal/mol        2.4801 kcal/(mol*A)
xmin    40      307.0034 kcal/mol        2.0092 kcal/(mol*A)
xmin    50      306.1960 kcal/mol        0.5715 kcal/(mol*A)
xmin    60      304.9241 kcal/mol        0.8242 kcal/(mol*A)
xmin    70      304.5662 kcal/mol        0.1284 kcal/(mol*A)
xmin    80      304.4728 kcal/mol        0.3479 kcal/(mol*A)
xmin    90      304.4196 kcal/mol        0.1500 kcal/(mol*A)
xmin   100      304.4039 kcal/mol        0.0299 kcal/(mol*A)
xmin   110      304.4019 kcal/mol        0.0280 kcal/(mol*A)
xmin   120      304.4008 kcal/mol        0.0102 kcal/(mol*A)
xmin   130      304.4002 kcal/mol        0.0139 kcal/(mol*A)
xmin   140      304.3998 kcal/mol        0.0233 kcal/(mol*A)
xmin   150      304.3996 kcal/mol        0.0096 kcal/(mol*A)
xmin   160      304.3996 kcal/mol        0.0013 kcal/(mol*A)
xmin   170      304.3996 kcal/mol        0.0009 kcal/(mol*A)
xmin   180      304.3996 kcal/mol        0.0026 kcal/(mol*A)
xmin   190      304.3996 kcal/mol        0.0010 kcal/(mol*A)
  ... geometry converged !
 
 Final MO eigenvalues (eV):
 -47.8692  -47.2330  -44.6331  -43.5674  -41.1577  -40.9144  -40.4232  -36.6633
 -32.8190  -30.4366  -29.5162  -28.6292  -27.1894  -26.7147  -26.5286  -26.0833
 -25.3072  -24.0276  -23.9101  -23.7453  -23.7091  -23.3438  -23.0289  -22.1866
 -22.0022  -21.3773  -21.3126  -20.4585  -19.9917  -19.8824  -19.2272  -18.0848
 -17.6895  -17.5536  -17.0081   -6.7527   -6.5706   -6.4026   -5.4081   -5.0166
  -5.0105   -4.6223   -4.5584   -4.3259   -4.1850   -3.8033   -3.7445   -3.5945
  -3.5039   -3.3917   -3.2068   -3.0101   -2.9563   -2.8037   -2.7289   -2.4204
  -2.2912   -2.0957   -1.9338   -1.6527   -0.9378   -0.8713   -0.8316   -0.3005
   0.4524

 Heat of formation   =        304.39957276 kcal/mol  (       13.19975598 eV)

 Total SCF energy    =     -54044.04846898 kcal/mol  (    -2343.52579979 eV)
 Electronic energy   =    -286725.55714982 kcal/mol  (   -12433.35315684 eV)
 Core-core repulsion =     232681.50868085 kcal/mol  (    10089.82735705 eV)
 
    Atomic Charges for Step       1 :
  Atom    Element       Mulliken Charge
     1      N                 -0.066
     2      C                 -0.114
     3      C                 -0.194
     4      C                 -0.182
     5      C                 -0.035
     6      N                 -0.334
     7      C                  0.396
     8      N                 -0.351
     9      N                 -0.349
    10      C                  0.284
    11      O                 -0.332
    12      N                 -0.378
    13      H                  0.272
    14      H                  0.289
    15      H                  0.256
    16      H                  0.160
    17      H                  0.140
    18      H                  0.136
    19      H                  0.107
    20      H                  0.119
    21      H                  0.117
    22      H                  0.120
    23      H                  0.265
    24      H                  0.291
    25      H                  0.282
    26      H                  0.291
    27      H                  0.279
    28      H                  0.284
    29      H                  0.247
 Total Mulliken Charge =       2.000
 
                  X        Y        Z     TOTAL  
  QM DIPOLE  -131.757   38.467  123.139  184.399
 
 Final Structure

  QMMM: QM Region Cartesian Coordinates (*=link atom) 
  QMMM: QM_NO.   MM_NO.  ATOM         X         Y         Z
  QMMM:     1        1      N      -16.7933    5.8765   12.0298
  QMMM:     2        2      C      -16.4239    4.5111   12.5348
  QMMM:     3        3      C      -15.0175    4.4616   13.1407
  QMMM:     4        4      C      -13.9176    4.4825   12.1021
  QMMM:     5        5      C      -12.5230    4.5331   12.7351
  QMMM:     6        6      N      -12.0822    3.2664   13.2784
  QMMM:     7        7      C      -10.8107    3.0881   13.8181
  QMMM:     8        8      N      -10.4042    1.8262   14.1784
  QMMM:     9        9      N       -9.9746    4.1566   14.0227
  QMMM:    10       10      C      -17.4323    4.1347   13.6687
  QMMM:    11       11      O      -17.8280    5.0569   14.4081
  QMMM:    12       12      N      -17.7884    2.8371   13.8076
  QMMM:    13       13      H      -17.6044    5.8105   11.4042
  QMMM:    14       14      H      -17.0561    6.4709   12.8388
  QMMM:    15       15      H      -16.0089    6.3024   11.5315
  QMMM:    16       16      H      -16.4964    3.8026   11.6578
  QMMM:    17       17      H      -14.9520    3.5082   13.7359
  QMMM:    18       18      H      -14.8858    5.3043   13.8744
  QMMM:    19       19      H      -13.9978    5.4017   11.4605
  QMMM:    20       20      H      -14.0119    3.5965   11.4181
  QMMM:    21       21      H      -12.5291    5.2975   13.5677
  QMMM:    22       22      H      -11.7973    4.8762   11.9372
  QMMM:    23       23      H      -12.6048    2.4534   13.0267
  QMMM:    24       24      H       -9.5209    1.6772   14.6195
  QMMM:    25       25      H      -10.9918    1.0335   14.0419
  QMMM:    26       26      H       -9.0846    4.0353   14.4591
  QMMM:    27       27      H      -10.2432    5.0799   13.7655
  QMMM:    28       28      H      -18.4327    2.5914   14.5305
  QMMM:    29       29      H      -17.5206    2.1415   13.1564
 
           --------- Calculation Completed ----------
 
