-I: Adding /opt/amber/22/dat/leap/prep to search path.
-I: Adding /opt/amber/22/dat/leap/lib to search path.
-I: Adding /opt/amber/22/dat/leap/parm to search path.
-I: Adding /opt/amber/22/dat/leap/cmd to search path.
-f: Source /home/dejun/workspace/NLmmgbsa/results/dna/2D55/ff99bsc0/leap_ff99bsc0.in.

Welcome to LEaP!
(no leaprc in search path)
Sourcing: /home/dejun/workspace/NLmmgbsa/results/dna/2D55/ff99bsc0/leap_ff99bsc0.in
----- Source: /opt/amber/22/dat/leap/cmd/oldff/leaprc.ff99bsc0
----- Source of /opt/amber/22/dat/leap/cmd/oldff/leaprc.ff99bsc0 done
Log file: ./leap.log
Loading parameters: /opt/amber/22/dat/leap/parm/parm99.dat
Reading title:
PARM99 for DNA,RNA,AA, organic molecules, Polariz.& LP incl.02/04/99
Loading parameters: /opt/amber/22/dat/leap/parm/frcmod.ff99SB
Reading force field modification type file (frcmod)
Reading title:
Modification/update of parm99.dat (Hornak & Simmerling)
Loading parameters: /opt/amber/22/dat/leap/parm/frcmod.parmbsc0
Reading force field modification type file (frcmod)
Reading title:
modifies parm99 for nucleic acids: see http://mmb.pcb.ub.es/PARMBSC0/
Loading library: /opt/amber/22/dat/leap/lib/all_nucleic94.lib
Loading library: /opt/amber/22/dat/leap/lib/all_amino94.lib
Loading library: /opt/amber/22/dat/leap/lib/all_aminoct94.lib
Loading library: /opt/amber/22/dat/leap/lib/all_aminont94.lib
Loading library: /opt/amber/22/dat/leap/lib/DNA_CI.lib
Loading library: /opt/amber/22/dat/leap/lib/ions94.lib
Loading library: /opt/amber/22/dat/leap/lib/solvents.lib
----- Source: /opt/amber/22/dat/leap/cmd/leaprc.water.tip3p
----- Source of /opt/amber/22/dat/leap/cmd/leaprc.water.tip3p done
Loading library: /opt/amber/22/dat/leap/lib/atomic_ions.lib
Loading library: /opt/amber/22/dat/leap/lib/solvents.lib
Loading parameters: /opt/amber/22/dat/leap/parm/frcmod.tip3p
Reading force field modification type file (frcmod)
Reading title:
This is the additional/replacement parameter set for TIP3P water
Loading parameters: /opt/amber/22/dat/leap/parm/frcmod.ions1lm_126_tip3p
Reading force field modification type file (frcmod)
Reading title:
Li/Merz ion parameters of monovalent ions for TIP3P water model (12-6 normal usage set)
Loading parameters: /opt/amber/22/dat/leap/parm/frcmod.ionsjc_tip3p
Reading force field modification type file (frcmod)
Reading title:
Monovalent ion parameters for Ewald and TIP3P water from Joung & Cheatham JPCB (2008)
Loading parameters: /opt/amber/22/dat/leap/parm/frcmod.ions234lm_126_tip3p
Reading force field modification type file (frcmod)
Reading title:
Li/Merz ion parameters of divalent to tetravalent ions for TIP3P water model (12-6 normal usage set)
----- Source: /opt/amber/22/dat/leap/cmd/leaprc.gaff2
----- Source of /opt/amber/22/dat/leap/cmd/leaprc.gaff2 done
Log file: ./leap.log
Loading parameters: /opt/amber/22/dat/leap/parm/gaff2.dat
Reading title:
AMBER General Force Field for organic molecules (Version 2.11, May 2016)
Loading parameters: /home/dejun/workspace/NLmmgbsa/results/dna/2D55/ff99bsc0/2D55_ligand.frcmod
Reading force field modification type file (frcmod)
Reading title:
Remark line goes here
Using H(N)-modified Bondi radii
Loading PDB file: /home/dejun/workspace/NLmmgbsa/results/dna/2D55/ff99bsc0/2D55_receptor1.pdb
  Added missing heavy atom: .R<DG5 9>.A<O5' 2>
  total atoms in file: 357
  Leap added 149 missing atoms according to residue templates:
       1 Heavy
       148 H / lone pairs
Checking Unit.

/opt/amber/22/bin/teLeap: Warning!
There is a bond of 0.492 angstroms between H5T and O5' atoms:
-------  .R<DG5 9>.A<H5T 1> and .R<DG5 9>.A<O5' 2>

/opt/amber/22/bin/teLeap: Warning!
The unperturbed charge of the unit (-14.000000) is not zero.

/opt/amber/22/bin/teLeap: Note.
Ignoring the warnings from Unit Checking.

Building topology.
Building atom parameters.
Building bond parameters.
Building angle parameters.
Building proper torsion parameters.
Building improper torsion parameters.
 total 92 improper torsions applied
Building H-Bond parameters.
Incorporating Non-Bonded adjustments.
Not Marking per-residue atom chain types.
Marking per-residue atom chain types.
 (no restraints)
Writing pdb file: /home/dejun/workspace/NLmmgbsa/results/dna/2D55/ff99bsc0/2D55_receptor_leap_ff99bsc0.pdb
Loading Mol2 file: /home/dejun/workspace/NLmmgbsa/results/dna/2D55/ff99bsc0/2D55_ligand.mol2
Reading MOLECULE named MOL
Checking Unit.
Building topology.
Building atom parameters.
Building bond parameters.
Building angle parameters.
Building proper torsion parameters.
Building improper torsion parameters.
 total 35 improper torsions applied
Building H-Bond parameters.
Incorporating Non-Bonded adjustments.
Not Marking per-residue atom chain types.
Marking per-residue atom chain types.
  (Residues lacking connect0/connect1 - 
   these don't have chain types marked:

	res	total affected

	MOL	1
  )
 (no restraints)
Writing pdb file: /home/dejun/workspace/NLmmgbsa/results/dna/2D55/ff99bsc0/2D55_ligand_leap_ff99bsc0.pdb
Checking Unit.

/opt/amber/22/bin/teLeap: Warning!
There is a bond of 0.492 angstroms between O5' and H5T atoms:
-------  .R<DG5 9>.A<O5' 2> and .R<DG5 9>.A<H5T 1>

/opt/amber/22/bin/teLeap: Warning!
The unperturbed charge of the unit (-14.002997) is not zero.

/opt/amber/22/bin/teLeap: Note.
Ignoring the warnings from Unit Checking.

Building topology.
Building atom parameters.
Building bond parameters.
Building angle parameters.
Building proper torsion parameters.
Building improper torsion parameters.
 total 127 improper torsions applied
Building H-Bond parameters.
Incorporating Non-Bonded adjustments.
Not Marking per-residue atom chain types.
Marking per-residue atom chain types.
  (Residues lacking connect0/connect1 - 
   these don't have chain types marked:

	res	total affected

	MOL	1
  )
 (no restraints)
Writing pdb file: /home/dejun/workspace/NLmmgbsa/results/dna/2D55/ff99bsc0/2D55_complex_leap_ff99bsc0.pdb
  Solute vdw bounding box:              24.089 37.044 26.957
  Total bounding box for atom centers:  40.089 53.044 42.957
  Solvent unit box:                     18.774 18.774 18.774
  Total vdw box size:                   43.508 56.323 46.255 angstroms.
  Volume: 113348.950 A^3 
  Total mass 49010.784 amu,  Density 0.718 g/cc
  Added 2384 residues.

/opt/amber/22/bin/teLeap: Warning!
addIons: 1st Ion & target unit have charges of the same sign:
     unit charge = -14.003; ion1 charge = -1;
     can't neutralize.
14 Na+ ions required to neutralize.
Adding 14 counter ions to "complex" using 1A grid
Grid extends from solute vdw + 3.38  to  9.48
Resolution:      1.00 Angstrom.
Solvent present: replacing closest with ion
	 when steric overlaps occur
Calculating grid charges
(Replacing solvent molecule)
Placed Na+ in complex at (10.50, -0.23, -1.86).
(Replacing solvent molecule)
Placed Na+ in complex at (-13.01, 11.31, 0.15).
(Replacing solvent molecule)
Placed Na+ in complex at (-3.86, -0.19, 8.23).
(Replacing solvent molecule)
Placed Na+ in complex at (-2.88, 11.17, 14.99).
(Replacing solvent molecule)
Placed Na+ in complex at (9.11, 7.16, -9.49).
(Replacing solvent molecule)
Placed Na+ in complex at (-2.85, 7.83, -13.30).
(Replacing solvent molecule)
Placed Na+ in complex at (4.84, -2.64, 3.53).
(Replacing solvent molecule)
Placed Na+ in complex at (-10.26, -14.42, -12.33).
(Replacing solvent molecule)
Placed Na+ in complex at (-11.83, -3.04, -4.70).
(Replacing solvent molecule)
Placed Na+ in complex at (12.26, -3.96, -8.01).
(Replacing solvent molecule)
Placed Na+ in complex at (-9.52, 12.21, -8.93).
(Replacing solvent molecule)
Placed Na+ in complex at (-8.19, 8.57, 11.31).
(Replacing solvent molecule)
Placed Na+ in complex at (3.97, -0.19, -14.45).
(Replacing solvent molecule)
Placed Na+ in complex at (11.59, -8.65, 0.93).

Done adding ions.
Checking Unit.

/opt/amber/22/bin/teLeap: Warning!
There is a bond of 0.492 angstroms between O5' and H5T atoms:
-------  .R<DG5 9>.A<O5' 2> and .R<DG5 9>.A<H5T 1>

/opt/amber/22/bin/teLeap: Note.
Ignoring the warning from Unit Checking.

Building topology.
Building atom parameters.
Building bond parameters.
Building angle parameters.
Building proper torsion parameters.
Building improper torsion parameters.
 total 127 improper torsions applied
Building H-Bond parameters.
Incorporating Non-Bonded adjustments.
Not Marking per-residue atom chain types.
Marking per-residue atom chain types.
  (Residues lacking connect0/connect1 - 
   these don't have chain types marked:

	res	total affected

	MOL	1
	WAT	2370
  )
 (no restraints)
Writing pdb file: /home/dejun/workspace/NLmmgbsa/results/dna/2D55/ff99bsc0/2D55_complex_solv_leap_ff99bsc0.pdb
   printing CRYST1 record to PDB file with box info
	Quit

Exiting LEaP: Errors = 0; Warnings = 6; Notes = 3.
