            --------------------------------------------------------
                             AMBER SQM VERSION 19
 
                                     By
              Ross C. Walker, Michael F. Crowley, Scott Brozell,
                         Tim Giese, Andreas W. Goetz,
                        Tai-Sung Lee and David A. Case
 
            --------------------------------------------------------
 

--------------------------------------------------------------------------------
  QM CALCULATION INFO
--------------------------------------------------------------------------------

| QMMM: Citation for AMBER QMMM Run:
| QMMM: R.C. Walker, M.F. Crowley and D.A. Case, J. COMP. CHEM. 29:1019, 2008

QMMM: SINGLET STATE CALCULATION
QMMM: RHF CALCULATION, NO. OF DOUBLY OCCUPIED LEVELS =245

| QMMM: *** Selected Hamiltonian *** 
| QMMM: AM1         

| QMMM: *** Parameter sets in use ***
| QMMM: N : M.J.S.DEWAR et al. JACS, 107, 3902, (1985)
| QMMM: C : M.J.S.DEWAR et al. JACS, 107, 3902, (1985)
| QMMM: O : M.J.S.DEWAR et al. JACS, 107, 3902, (1985)
| QMMM: H : M.J.S.DEWAR et al. JACS, 107, 3902, (1985)

| QMMM: *** SCF convergence criteria ***
| QMMM: Energy change                :  0.1D-09 kcal/mol
| QMMM: Error matrix |FP-PF|         :  0.1D+00 au
| QMMM: Density matrix change        :  0.5D-06
| QMMM: Maximum number of SCF cycles :     1000
 
| QMMM: *** Diagonalization Routine Information ***
| QMMM: Pseudo diagonalizations are allowed.
| QMMM: Auto diagonalization routine selection is in use.
| QMMM:
| QMMM: Timing diagonalization routines:
| QMMM:                              norbs =      446
| QMMM:    diag iterations used for timing =        1
| QMMM:
| QMMM:              Internal diag routine = 0.106221 seconds
| QMMM:                 Dspev diag routine = 0.158702 seconds
| QMMM:                Dspevd diag routine = 0.021102 seconds
| QMMM:                Dspevx diag routine = 0.151027 seconds
| QMMM:                 Dsyev diag routine = 0.034777 seconds
| QMMM:                Dsyevd diag routine = 0.011396 seconds
| QMMM:                Dsyevr diag routine = 0.028288 seconds
| QMMM:
| QMMM:                Pseudo diag routine = 0.040418 seconds
| QMMM: Pseudo diagonalization appears to be slower than regular
| QMMM: diagonalization. Setting pseudo_diag=0 for optimum performance.
| QMMM:
| QMMM: Using dsyevd routine (diag_routine=6).

  QMMM: QM Region Cartesian Coordinates (*=link atom) 
  QMMM: QM_NO.   MM_NO.  ATOM         X         Y         Z
  QMMM:     1        1      N        7.7860    0.8640   -2.4310
  QMMM:     2        2      C        6.5970    0.6920   -3.2740
  QMMM:     3        3      C        6.6790    1.6470   -4.4320
  QMMM:     4        4      O        7.4770    2.5850   -4.3310
  QMMM:     5        5      C        5.2750    0.9340   -2.5250
  QMMM:     6        6      O        5.3780    2.2160   -1.8620
  QMMM:     7        7      C        4.9850   -0.1180   -1.4920
  QMMM:     8        8      H        8.4210    1.4550   -2.8990
  QMMM:     9        9      N        5.9070    1.3810   -5.5030
  QMMM:    10       10      C        5.7420    2.3930   -6.5250
  QMMM:    11       11      C        4.3430    2.2320   -7.1470
  QMMM:    12       12      C        3.1970    2.4190   -6.1840
  QMMM:    13       13      C        4.0020    2.9870   -8.4250
  QMMM:    14       14      C        6.8990    2.2690   -7.5180
  QMMM:    15       15      O        7.5680    1.2210   -7.5290
  QMMM:    16       16      H        5.5400    0.4860   -5.6310
  QMMM:    17       17      N        7.3320    3.2890   -8.2770
  QMMM:    18       18      C        7.2770    4.7230   -7.9550
  QMMM:    19       19      C        6.0140    5.5780   -8.1650
  QMMM:    20       20      O        5.4690    5.6450   -9.2750
  QMMM:    21       21      C        8.4480    5.1930   -8.7930
  QMMM:    22       22      C        8.3970    4.4160  -10.0990
  QMMM:    23       23      C        7.8340    3.0610   -9.6450
  QMMM:    24       24      N        5.5000    6.2240   -7.1070
  QMMM:    25       25      C        6.0280    6.1540   -5.7590
  QMMM:    26       26      C        5.2020    5.4070   -4.7140
  QMMM:    27       27      O        4.0520    5.0380   -4.9840
  QMMM:    28       28      C        4.4610    7.2350   -7.3020
  QMMM:    29       29      N        5.7820    5.1820   -3.5160
  QMMM:    30       30      C        7.1610    5.6000   -3.3050
  QMMM:    31       31      C        5.1770    4.6570   -2.3020
  QMMM:    32       32      C        4.1620    5.7080   -1.6990
  QMMM:    33       33      C        2.7130    5.6580   -2.2310
  QMMM:    34       34      C        4.2330    5.7350   -0.1620
  QMMM:    35       35      C        4.6360    3.2450   -2.4230
  QMMM:    36       36      O        3.8010    2.9760   -3.2780
  QMMM:    37       37      C        9.4570   -0.2090   -1.0580
  QMMM:    38       38      C        8.4590   -0.2360   -2.0780
  QMMM:    39       39      O        8.2180   -1.2960   -2.6790
  QMMM:    40       40      C        9.1950   -0.4630    0.3140
  QMMM:    41       41      N        7.9780   -0.7390    0.7770
  QMMM:    42       42      C       10.2410   -0.4380    1.2600
  QMMM:    43       43      O       10.0060   -0.6670    2.4460
  QMMM:    44       44      C       11.5510   -0.1670    0.8840
  QMMM:    45       45      O       13.0770    0.3720   -0.8650
  QMMM:    46       46      C       14.6690    0.9010   -2.5470
  QMMM:    47       47      C       14.9440    1.1380   -3.9140
  QMMM:    48       48      C       13.9200    1.0820   -4.8690
  QMMM:    49       49      C       12.5880    0.8030   -4.5060
  QMMM:    50       50      C       11.6030    0.7470   -5.5290
  QMMM:    51       51      O       10.9500    1.7290   -5.9190
  QMMM:    52       52      N       11.0770    0.3070   -2.7130
  QMMM:    53       53      C       10.7820    0.0680   -1.4380
  QMMM:    54       54      C       11.8250    0.0940   -0.4630
  QMMM:    55       55      C       13.3510    0.6180   -2.1610
  QMMM:    56       56      C       12.3010    0.5750   -3.1300
  QMMM:    57       57      C       12.6510   -0.1650    1.9370
  QMMM:    58       58      C       15.7760    0.9460   -1.4980
  QMMM:    59       59      H        7.8470   -0.9150    1.7710
  QMMM:    60       60      H        7.1830   -0.7800    0.1560
  QMMM:    61       61      N       11.4380   -0.4710   -6.0710
  QMMM:    62       62      C       10.7160   -0.6140   -7.3360
  QMMM:    63       63      C        9.5800   -1.5920   -7.2110
  QMMM:    64       64      O        9.6560   -2.4600   -6.3560
  QMMM:    65       65      C       11.5570   -1.1080   -8.5100
  QMMM:    66       66      O       12.4730   -2.1150   -8.0400
  QMMM:    67       67      C       12.3080    0.0360   -9.1480
  QMMM:    68       68      H       10.9800   -1.0110   -5.3880
  QMMM:    69       69      N        8.5310   -1.3890   -8.0110
  QMMM:    70       70      C        7.4370   -2.3260   -8.1220
  QMMM:    71       71      C        6.9140   -2.3750   -9.5670
  QMMM:    72       72      C        5.6390   -3.2000   -9.7320
  QMMM:    73       73      C        8.0050   -2.8910  -10.5080
  QMMM:    74       74      C        6.3240   -2.0550   -7.1120
  QMMM:    75       75      O        5.7060   -0.9680   -7.1110
  QMMM:    76       76      H        8.4800   -0.5590   -8.5250
  QMMM:    77       77      N        6.1730   -2.9730   -6.1360
  QMMM:    78       78      C        7.1740   -3.9590   -5.7100
  QMMM:    79       79      C        7.4170   -5.1860   -6.6190
  QMMM:    80       80      O        6.4960   -5.4580   -7.4050
  QMMM:    81       81      C        6.6740   -4.3170   -4.3120
  QMMM:    82       82      C        5.4950   -3.4390   -4.0470
  QMMM:    83       83      C        4.9350   -3.2420   -5.4290
  QMMM:    84       84      N        8.5840   -5.8950   -6.7050
  QMMM:    85       85      C        9.9710   -5.5590   -6.3090
  QMMM:    86       86      C       10.8580   -4.9550   -7.4310
  QMMM:    87       87      O       10.2620   -4.3240   -8.3160
  QMMM:    88       88      C        8.3910   -7.3240   -6.7570
  QMMM:    89       89      N       12.2230   -5.0420   -7.5230
  QMMM:    90       90      C       12.9450   -5.4160   -6.3190
  QMMM:    91       91      C       13.1350   -4.4890   -8.5670
  QMMM:    92       92      C       13.3970   -5.3420   -9.8790
  QMMM:    93       93      C       14.2620   -6.5500   -9.6350
  QMMM:    94       94      C       12.1450   -5.6990  -10.6790
  QMMM:    95       95      C       12.8790   -3.0410   -9.0060
  QMMM:    96       96      O       13.2660   -2.6470  -10.1250
  QMMM:    97       97      H        6.5930   -0.3260   -3.6640
  QMMM:    98       98      H        4.4560    0.9670   -3.2440
  QMMM:    99       99      H        4.0400    0.1080   -0.9980
  QMMM:   100      100      H        4.9180   -1.0930   -1.9740
  QMMM:   101      101      H        5.7860   -0.1330   -0.7530
  QMMM:   102      102      H        5.7980    3.3730   -6.0510
  QMMM:   103      103      H        4.2910    1.1810   -7.4300
  QMMM:   104      104      H        2.2530    2.2870   -6.7120
  QMMM:   105      105      H        3.2710    1.6830   -5.3830
  QMMM:   106      106      H        3.2380    3.4220   -5.7600
  QMMM:   107      107      H        2.9780    2.7570   -8.7210
  QMMM:   108      108      H        4.0970    4.0590   -8.2510
  QMMM:   109      109      H        4.6860    2.6860   -9.2190
  QMMM:   110      110      H        7.5670    4.8290   -6.9100
  QMMM:   111      111      H        9.3790    4.9680   -8.2730
  QMMM:   112      112      H        8.3410    6.2580   -9.0000
  QMMM:   113      113      H        9.4110    4.2760  -10.4730
  QMMM:   114      114      H        7.6850    4.8930  -10.7720
  QMMM:   115      115      H        7.0040    2.7790  -10.2930
  QMMM:   116      116      H        8.6390    2.3260   -9.6170
  QMMM:   117      117      H        6.2290    7.1640   -5.4010
  QMMM:   118      118      H        7.0320    5.7320   -5.7900
  QMMM:   119      119      H        4.1690    7.6480   -6.3360
  QMMM:   120      120      H        4.8450    8.0340   -7.9370
  QMMM:   121      121      H        3.5940    6.7780   -7.7780
  QMMM:   122      122      H        7.4680    5.3440   -2.2910
  QMMM:   123      123      H        7.8090    5.0920   -4.0190
  QMMM:   124      124      H        7.2400    6.6780   -3.4460
  QMMM:   125      125      H        5.9900    4.5930   -1.5790
  QMMM:   126      126      H        4.5430    6.6790   -2.0140
  QMMM:   127      127      H        2.1180    6.4280   -1.7390
  QMMM:   128      128      H        2.7140    5.8320   -3.3070
  QMMM:   129      129      H        2.2830    4.6780   -2.0230
  QMMM:   130      130      H        3.5230    6.4680    0.2220
  QMMM:   131      131      H        3.9850    4.7490    0.2310
  QMMM:   132      132      H        5.2410    6.0080    0.1510
  QMMM:   133      133      H       15.9510    1.3650   -4.2310
  QMMM:   134      134      H       14.1440    1.2550   -5.9110
  QMMM:   135      135      H       13.6060    0.0650    1.4650
  QMMM:   136      136      H       12.4290    0.5880    2.6930
  QMMM:   137      137      H       12.7060   -1.1470    2.4080
  QMMM:   138      138      H       15.3540    0.7370   -0.5150
  QMMM:   139      139      H       16.5320    0.1980   -1.7350
  QMMM:   140      140      H       16.2330    1.9350   -1.4940
  QMMM:   141      141      H       10.3000    0.3580   -7.6010
  QMMM:   142      142      H       10.8960   -1.5530   -9.2540
  QMMM:   143      143      H       12.9010   -0.3380   -9.9820
  QMMM:   144      144      H       11.5980    0.7790   -9.5120
  QMMM:   145      145      H       12.9670    0.4940   -8.4110
  QMMM:   146      146      H        7.8390   -3.3130   -7.8950
  QMMM:   147      147      H        6.6820   -1.3530   -9.8650
  QMMM:   148      148      H        5.3310   -3.1880  -10.7770
  QMMM:   149      149      H        5.8280   -4.2280   -9.4210
  QMMM:   150      150      H        4.8480   -2.7740   -9.1160
  QMMM:   151      151      H        7.6220   -2.9210  -11.5280
  QMMM:   152      152      H        8.8680   -2.2260  -10.4640
  QMMM:   153      153      H        8.3040   -3.8940  -10.2030
  QMMM:   154      154      H        8.1250   -3.4380   -5.5980
  QMMM:   155      155      H        7.4550   -4.1040   -3.5820
  QMMM:   156      156      H        6.3590   -5.3610   -4.2960
  QMMM:   157      157      H        5.8420   -2.4810   -3.6610
  QMMM:   158      158      H        4.7710   -3.9840   -3.4410
  QMMM:   159      159      H        4.5240   -4.1880   -5.7820
  QMMM:   160      160      H        4.3210   -2.3420   -5.4370
  QMMM:   161      161      H       10.4560   -6.4480   -5.9060
  QMMM:   162      162      H        9.9480   -4.8750   -5.4610
  QMMM:   163      163      H        9.3590   -7.8200   -6.8240
  QMMM:   164      164      H        7.8760   -7.6550   -5.8550
  QMMM:   165      165      H        7.7920   -7.5790   -7.6310
  QMMM:   166      166      H       14.0140   -5.4480   -6.5310
  QMMM:   167      167      H       12.7520   -4.6830   -5.5360
  QMMM:   168      168      H       12.6120   -6.3990   -5.9860
  QMMM:   169      169      H       14.1080   -4.4500   -8.0770
  QMMM:   170      170      H       13.9820   -4.6950  -10.5320
  QMMM:   171      171      H       14.4040   -7.0910  -10.5710
  QMMM:   172      172      H       15.2310   -6.2320   -9.2490
  QMMM:   173      173      H       13.7790   -7.2030   -8.9080
  QMMM:   174      174      H       12.4270   -6.2820  -11.5560
  QMMM:   175      175      H       11.4700   -6.2850  -10.0560
  QMMM:   176      176      H       11.6430   -4.7850  -10.9970

--------------------------------------------------------------------------------
  RESULTS
--------------------------------------------------------------------------------

      iter         sqm energy              rms gradient
      ----    -------------------    -----------------------
xmin    10     -482.0296 kcal/mol        1.9700 kcal/(mol*A)
xmin    20     -495.7117 kcal/mol        1.4031 kcal/(mol*A)
xmin    30     -499.0071 kcal/mol        0.2677 kcal/(mol*A)
xmin    40     -501.8126 kcal/mol        0.5567 kcal/(mol*A)
xmin    50     -504.2377 kcal/mol        1.0425 kcal/(mol*A)
xmin    60     -505.1830 kcal/mol        0.2847 kcal/(mol*A)
xmin    70     -505.4905 kcal/mol        0.2743 kcal/(mol*A)
xmin    80     -505.5969 kcal/mol        0.0537 kcal/(mol*A)
xmin    90     -505.6281 kcal/mol        0.0470 kcal/(mol*A)
xmin   100     -505.6429 kcal/mol        0.0131 kcal/(mol*A)
xmin   110     -505.6458 kcal/mol        0.0068 kcal/(mol*A)
xmin   120     -505.6463 kcal/mol        0.0044 kcal/(mol*A)
xmin   130     -505.6467 kcal/mol        0.0014 kcal/(mol*A)
xmin   140     -505.6468 kcal/mol        0.0009 kcal/(mol*A)
xmin   150     -505.6469 kcal/mol        0.0007 kcal/(mol*A)
  ... geometry converged !
 
 Final MO eigenvalues (eV):
 -42.6859  -41.5721  -41.5123  -41.1921  -41.0049  -40.9676  -40.6924  -40.4823
 -39.9707  -39.7514  -39.4050  -39.3036  -39.1941  -38.9591  -38.5418  -37.9024
 -37.6727  -37.6041  -37.5387  -37.4584  -36.9471  -36.8781  -36.7591  -36.3254
 -36.2753  -36.0686  -36.0079  -35.6540  -35.3480  -35.3467  -35.1020  -35.0884
 -34.1819  -33.9863  -33.8417  -32.6700  -32.4447  -32.3814  -32.3499  -31.9343
 -30.8684  -30.8161  -30.5364  -30.0899  -29.8823  -29.3134  -29.2050  -28.8026
 -28.4319  -28.3783  -28.2954  -27.9655  -27.8310  -27.5160  -27.4987  -27.1300
 -27.0512  -26.9809  -26.5851  -26.5037  -26.4661  -26.2619  -25.5475  -24.3643
 -24.3049  -24.0869  -24.0387  -23.4999  -23.3731  -22.5513  -22.4344  -22.2041
 -22.1508  -22.0178  -21.8650  -21.7632  -21.6364  -21.5358  -21.3110  -21.2263
 -20.9166  -20.8549  -20.6093  -20.5429  -20.1144  -20.0581  -19.9612  -19.5908
 -19.3782  -19.3700  -18.9402  -18.8413  -18.7750  -18.6848  -18.5076  -18.4347
 -18.2167  -18.1086  -18.0395  -18.0289  -17.8996  -17.7077  -17.6945  -17.5683
 -17.4732  -17.4318  -17.3231  -17.2075  -17.1472  -17.0077  -16.9570  -16.9124
 -16.8369  -16.8070  -16.6024  -16.5291  -16.3361  -16.3139  -16.2484  -16.1671
 -16.1059  -16.0416  -15.9491  -15.9332  -15.9205  -15.8886  -15.7727  -15.7045
 -15.5264  -15.4880  -15.4277  -15.3962  -15.2311  -15.2131  -15.1176  -15.0715
 -15.0326  -14.9877  -14.9063  -14.8096  -14.7664  -14.7262  -14.6699  -14.6034
 -14.5664  -14.5617  -14.4838  -14.4160  -14.3586  -14.2782  -14.2301  -14.1963
 -14.1822  -14.1308  -14.0711  -14.0475  -14.0162  -13.9839  -13.9428  -13.9242
 -13.8714  -13.8369  -13.8154  -13.7277  -13.7054  -13.6804  -13.6598  -13.6409
 -13.5858  -13.5457  -13.4521  -13.4490  -13.3371  -13.3041  -13.2447  -13.2301
 -13.2117  -13.1985  -13.1453  -13.1069  -13.0712  -13.0287  -12.9909  -12.9721
 -12.9332  -12.8906  -12.8655  -12.8349  -12.8191  -12.7610  -12.7375  -12.7026
 -12.6183  -12.4890  -12.4383  -12.3745  -12.3387  -12.2436  -12.1932  -12.1425
 -12.1188  -12.0544  -12.0064  -11.9923  -11.8773  -11.8276  -11.8243  -11.8061
 -11.7581  -11.7434  -11.6416  -11.5642  -11.5509  -11.5120  -11.4608  -11.4344
 -11.4160  -11.3282  -11.2925  -11.2207  -11.1174  -11.1123  -11.0882  -11.0178
 -11.0055  -10.9777  -10.8856  -10.8711  -10.8192  -10.7797  -10.6893  -10.6283
 -10.1968   -9.9717   -9.9408   -9.8006   -9.7698   -9.6974   -9.6678   -9.6394
  -9.5910   -9.5616   -9.2870   -9.2683   -8.8759   -1.9751   -0.6694   -0.5054
   0.0096    0.7987    0.9309    0.9595    1.0261    1.1038    1.1092    1.2082
   1.2267    1.3111    1.3186    1.3510    1.3698    1.4130    1.4439    1.6267
   1.6749    1.7100    1.7243    1.7601    1.8242    1.8496    1.8585    1.8979
   1.9576    2.0764    2.1497    2.2550    2.2940    2.3670    2.4564    2.5682
   2.7016    2.9446    3.0393    3.1416    3.1438    3.2281    3.3026    3.3103
   3.3487    3.3675    3.3754    3.3982    3.4269    3.4497    3.4618    3.4671
   3.4890    3.5036    3.5125    3.5229    3.5345    3.5429    3.5514    3.5735
   3.5909    3.6401    3.6500    3.6731    3.7052    3.7329    3.7409    3.7604
   3.7754    3.7998    3.8214    3.8296    3.8524    3.8669    3.8862    3.8994
   3.9592    4.0155    4.0196    4.0263    4.0390    4.0599    4.0683    4.0734
   4.0841    4.1059    4.1300    4.1404    4.1669    4.1753    4.1938    4.2077
   4.2222    4.2335    4.2410    4.2635    4.2954    4.3022    4.3100    4.3244
   4.3403    4.3570    4.3725    4.3993    4.4251    4.4493    4.4726    4.4771
   4.5006    4.5085    4.5182    4.5397    4.5513    4.5899    4.6072    4.6176
   4.6572    4.6759    4.6972    4.7029    4.7064    4.7205    4.7325    4.7360
   4.7380    4.7397    4.7607    4.7789    4.7810    4.8095    4.8158    4.8283
   4.8395    4.8456    4.9140    4.9230    4.9283    4.9594    4.9792    4.9953
   5.0049    5.0175    5.0356    5.0690    5.0863    5.0920    5.1115    5.1212
   5.1685    5.1948    5.2022    5.2289    5.2455    5.2593    5.2708    5.2891
   5.2969    5.3045    5.3164    5.3479    5.3603    5.3691    5.3859    5.3878
   5.4197    5.4258    5.4561    5.4919    5.5142    5.5475    5.5795    5.6314
   5.6436    5.6652    5.6831    5.7111    5.7180    5.7501    5.7742    5.8406
   5.8641    5.9926    6.0652    6.1155    6.3185    6.3272    6.3898    6.4301
   6.4783    6.5848    6.7895    6.8026    6.9353    6.9448    6.9651    6.9730
   7.0216    7.0537    7.0921    7.1379    7.2587    7.2903

 Heat of formation   =       -505.64686371 kcal/mol  (      -21.92649337 eV)

 Total SCF energy    =    -385878.54473006 kcal/mol  (   -16732.94934001 eV)
 Electronic energy   =   -6671188.45622800 kcal/mol  (  -289284.43936638 eV)
 Core-core repulsion =    6285309.91149794 kcal/mol  (   272551.49002636 eV)
 
    Atomic Charges for Step       1 :
  Atom    Element       Mulliken Charge
     1      N                 -0.337
     2      C                  0.004
     3      C                  0.312
     4      O                 -0.414
     5      C                  0.024
     6      O                 -0.286
     7      C                 -0.232
     8      H                  0.254
     9      N                 -0.359
    10      C                  0.021
    11      C                 -0.104
    12      C                 -0.220
    13      C                 -0.220
    14      C                  0.309
    15      O                 -0.420
    16      H                  0.270
    17      N                 -0.287
    18      C                 -0.002
    19      C                  0.288
    20      O                 -0.337
    21      C                 -0.155
    22      C                 -0.171
    23      C                 -0.026
    24      N                 -0.314
    25      C                 -0.040
    26      C                  0.280
    27      O                 -0.343
    28      C                 -0.098
    29      N                 -0.315
    30      C                 -0.088
    31      C                  0.049
    32      C                 -0.094
    33      C                 -0.215
    34      C                 -0.223
    35      C                  0.299
    36      O                 -0.330
    37      C                 -0.257
    38      C                  0.381
    39      O                 -0.415
    40      C                  0.107
    41      N                 -0.332
    42      C                  0.293
    43      O                 -0.280
    44      C                 -0.195
    45      O                 -0.117
    46      C                 -0.053
    47      C                 -0.108
    48      C                 -0.103
    49      C                 -0.057
    50      C                  0.362
    51      O                 -0.382
    52      N                 -0.103
    53      C                  0.077
    54      C                  0.073
    55      C                  0.026
    56      C                 -0.038
    57      C                 -0.166
    58      C                 -0.179
    59      H                  0.243
    60      H                  0.252
    61      N                 -0.341
    62      C                  0.004
    63      C                  0.309
    64      O                 -0.402
    65      C                  0.025
    66      O                 -0.273
    67      C                 -0.233
    68      H                  0.257
    69      N                 -0.363
    70      C                  0.022
    71      C                 -0.104
    72      C                 -0.220
    73      C                 -0.220
    74      C                  0.310
    75      O                 -0.420
    76      H                  0.268
    77      N                 -0.287
    78      C                 -0.003
    79      C                  0.290
    80      O                 -0.336
    81      C                 -0.156
    82      C                 -0.171
    83      C                 -0.028
    84      N                 -0.315
    85      C                 -0.040
    86      C                  0.288
    87      O                 -0.357
    88      C                 -0.097
    89      N                 -0.327
    90      C                 -0.069
    91      C                  0.060
    92      C                 -0.114
    93      C                 -0.212
    94      C                 -0.211
    95      C                  0.309
    96      O                 -0.335
    97      H                  0.167
    98      H                  0.136
    99      H                  0.091
   100      H                  0.102
   101      H                  0.079
   102      H                  0.132
   103      H                  0.100
   104      H                  0.078
   105      H                  0.080
   106      H                  0.099
   107      H                  0.078
   108      H                  0.097
   109      H                  0.088
   110      H                  0.146
   111      H                  0.094
   112      H                  0.098
   113      H                  0.111
   114      H                  0.090
   115      H                  0.095
   116      H                  0.110
   117      H                  0.114
   118      H                  0.127
   119      H                  0.084
   120      H                  0.072
   121      H                  0.122
   122      H                  0.088
   123      H                  0.098
   124      H                  0.076
   125      H                  0.116
   126      H                  0.091
   127      H                  0.072
   128      H                  0.074
   129      H                  0.115
   130      H                  0.082
   131      H                  0.101
   132      H                  0.065
   133      H                  0.148
   134      H                  0.157
   135      H                  0.091
   136      H                  0.091
   137      H                  0.106
   138      H                  0.098
   139      H                  0.098
   140      H                  0.088
   141      H                  0.165
   142      H                  0.135
   143      H                  0.091
   144      H                  0.104
   145      H                  0.082
   146      H                  0.135
   147      H                  0.100
   148      H                  0.078
   149      H                  0.096
   150      H                  0.088
   151      H                  0.077
   152      H                  0.081
   153      H                  0.097
   154      H                  0.150
   155      H                  0.094
   156      H                  0.097
   157      H                  0.107
   158      H                  0.090
   159      H                  0.095
   160      H                  0.112
   161      H                  0.108
   162      H                  0.128
   163      H                  0.071
   164      H                  0.124
   165      H                  0.080
   166      H                  0.092
   167      H                  0.084
   168      H                  0.066
   169      H                  0.116
   170      H                  0.110
   171      H                  0.084
   172      H                  0.068
   173      H                  0.073
   174      H                  0.075
   175      H                  0.066
   176      H                  0.116
 Total Mulliken Charge =      -0.000
 
                  X        Y        Z     TOTAL  
  QM DIPOLE    10.464    0.288    7.861   13.091
 
 Final Structure

  QMMM: QM Region Cartesian Coordinates (*=link atom) 
  QMMM: QM_NO.   MM_NO.  ATOM         X         Y         Z
  QMMM:     1        1      N        7.9349    0.7783   -2.8762
  QMMM:     2        2      C        6.7794    0.7508   -3.7324
  QMMM:     3        3      C        6.9259    1.7675   -4.8919
  QMMM:     4        4      O        7.4729    2.8782   -4.7093
  QMMM:     5        5      C        5.4309    1.0840   -3.0332
  QMMM:     6        6      O        5.5019    2.4509   -2.5933
  QMMM:     7        7      C        5.1660    0.1918   -1.8397
  QMMM:     8        8      H        8.4150    1.6445   -2.7887
  QMMM:     9        9      N        6.3949    1.3925   -6.0985
  QMMM:    10       10      C        6.2048    2.3169   -7.1903
  QMMM:    11       11      C        5.0209    1.9152   -8.1040
  QMMM:    12       12      C        3.7274    1.9420   -7.3168
  QMMM:    13       13      C        4.9412    2.8541   -9.2888
  QMMM:    14       14      C        7.4852    2.3778   -8.0622
  QMMM:    15       15      O        7.8857    1.3551   -8.6648
  QMMM:    16       16      H        6.0167    0.4734   -6.2093
  QMMM:    17       17      N        8.1617    3.5702   -8.2085
  QMMM:    18       18      C        8.0240    4.6967   -7.2981
  QMMM:    19       19      C        6.8477    5.6319   -7.6496
  QMMM:    20       20      O        6.4074    5.7280   -8.8087
  QMMM:    21       21      C        9.3355    5.5179   -7.3750
  QMMM:    22       22      C       10.2545    4.7758   -8.3376
  QMMM:    23       23      C        9.4277    3.6248   -8.9275
  QMMM:    24       24      N        6.3429    6.4780   -6.6523
  QMMM:    25       25      C        6.5985    6.2718   -5.2551
  QMMM:    26       26      C        5.5929    5.3599   -4.5207
  QMMM:    27       27      O        4.7117    4.7265   -5.1268
  QMMM:    28       28      C        5.1758    7.2762   -6.9476
  QMMM:    29       29      N        5.6884    5.3411   -3.1193
  QMMM:    30       30      C        7.0092    5.4443   -2.5466
  QMMM:    31       31      C        4.6812    4.6758   -2.3105
  QMMM:    32       32      C        3.3827    5.5034   -2.1446
  QMMM:    33       33      C        2.5932    5.6727   -3.4215
  QMMM:    34       34      C        2.5215    4.8799   -1.0641
  QMMM:    35       35      C        4.3876    3.2371   -2.7376
  QMMM:    36       36      O        3.3380    2.7103   -3.0983
  QMMM:    37       37      C        9.5586   -0.2159   -1.3255
  QMMM:    38       38      C        8.3954   -0.3539   -2.2503
  QMMM:    39       39      O        7.8013   -1.4519   -2.3744
  QMMM:    40       40      C        9.4067   -0.6463   -0.0208
  QMMM:    41       41      N        8.2214   -1.1035    0.4771
  QMMM:    42       42      C       10.5614   -0.5740    0.9540
  QMMM:    43       43      O       10.4643   -1.0847    2.0783
  QMMM:    44       44      C       11.7700    0.1044    0.4920
  QMMM:    45       45      O       13.0526    1.1366   -1.1519
  QMMM:    46       46      C       14.5076    1.9399   -2.8313
  QMMM:    47       47      C       14.7604    2.2174   -4.1736
  QMMM:    48       48      C       13.7975    1.9562   -5.1494
  QMMM:    49       49      C       12.5611    1.4059   -4.8174
  QMMM:    50       50      C       11.5922    1.1973   -5.9375
  QMMM:    51       51      O       11.2323    2.1595   -6.6496
  QMMM:    52       52      N       11.0042    0.5884   -3.0977
  QMMM:    53       53      C       10.8162    0.3140   -1.8258
  QMMM:    54       54      C       11.8681    0.5077   -0.8024
  QMMM:    55       55      C       13.2543    1.3888   -2.5034
  QMMM:    56       56      C       12.2537    1.1098   -3.4680
  QMMM:    57       57      C       12.8560    0.3218    1.4738
  QMMM:    58       58      C       15.5070    2.2198   -1.7774
  QMMM:    59       59      H        8.2200   -1.5099    1.3842
  QMMM:    60       60      H        7.4852   -1.3388   -0.1508
  QMMM:    61       61      N       11.2062   -0.0936   -6.2087
  QMMM:    62       62      C       10.3058   -0.3993   -7.2884
  QMMM:    63       63      C        9.3091   -1.5133   -6.8828
  QMMM:    64       64      O        9.6502   -2.4324   -6.1076
  QMMM:    65       65      C       10.9903   -0.8788   -8.5981
  QMMM:    66       66      O       11.6150   -2.1467   -8.3201
  QMMM:    67       67      C       12.0387    0.0963   -9.0885
  QMMM:    68       68      H       11.4411   -0.8377   -5.5913
  QMMM:    69       69      N        8.0583   -1.4400   -7.4411
  QMMM:    70       70      C        7.1202   -2.5355   -7.4019
  QMMM:    71       71      C        6.0777   -2.4580   -8.5444
  QMMM:    72       72      C        5.0635   -3.5719   -8.3956
  QMMM:    73       73      C        6.7726   -2.5482   -9.8871
  QMMM:    74       74      C        6.3552   -2.5335   -6.0540
  QMMM:    75       75      O        5.6293   -1.5607   -5.7437
  QMMM:    76       76      H        7.8117   -0.6498   -8.0011
  QMMM:    77       77      N        6.4378   -3.6248   -5.2134
  QMMM:    78       78      C        7.5072   -4.6103   -5.2675
  QMMM:    79       79      C        7.2417   -5.7540   -6.2683
  QMMM:    80       80      O        6.0917   -6.0795   -6.6108
  QMMM:    81       81      C        7.6453   -5.2234   -3.8514
  QMMM:    82       82      C        6.6391   -4.4983   -2.9665
  QMMM:    83       83      C        5.8185   -3.5924   -3.8951
  QMMM:    84       84      N        8.3305   -6.5149   -6.7192
  QMMM:    85       85      C        9.6935   -6.0936   -6.5618
  QMMM:    86       86      C       10.2497   -5.2127   -7.7000
  QMMM:    87       87      O        9.5055   -4.6677   -8.5365
  QMMM:    88       88      C        8.1116   -7.4859   -7.7655
  QMMM:    89       89      N       11.6309   -5.0480   -7.7561
  QMMM:    90       90      C       12.4604   -5.5493   -6.6967
  QMMM:    91       91      C       12.2815   -4.3903   -8.8699
  QMMM:    92       92      C       12.5040   -5.2806  -10.1183
  QMMM:    93       93      C       13.5686   -6.3178   -9.8358
  QMMM:    94       94      C       11.2349   -5.9290  -10.6204
  QMMM:    95       95      C       11.5988   -3.0931   -9.3067
  QMMM:    96       96      O       11.1579   -2.7988  -10.4159
  QMMM:    97       97      H        6.6599   -0.3080   -4.1350
  QMMM:    98       98      H        4.6119    0.9649   -3.8001
  QMMM:    99       99      H        4.1061    0.3119   -1.5103
  QMMM:   100      100      H        5.3509   -0.8738   -2.1221
  QMMM:   101      101      H        5.8371    0.4582   -0.9882
  QMMM:   102      102      H        5.9725    3.3378   -6.7535
  QMMM:   103      103      H        5.2047    0.8709   -8.4879
  QMMM:   104      104      H        2.8591    1.8160   -8.0080
  QMMM:   105      105      H        3.6968    1.1154   -6.5666
  QMMM:   106      106      H        3.6153    2.9152   -6.7768
  QMMM:   107      107      H        4.0461    2.6052   -9.9083
  QMMM:   108      108      H        4.8585    3.9173   -8.9536
  QMMM:   109      109      H        5.8517    2.7580   -9.9296
  QMMM:   110      110      H        7.8835    4.2834   -6.2538
  QMMM:   111      111      H        9.7900    5.5856   -6.3565
  QMMM:   112      112      H        9.1322    6.5552   -7.7380
  QMMM:   113      113      H       11.1405    4.3605   -7.7936
  QMMM:   114      114      H       10.6192    5.4505   -9.1488
  QMMM:   115      115      H        9.2140    3.7949  -10.0178
  QMMM:   116      116      H        9.9720    2.6444   -8.8140
  QMMM:   117      117      H        6.5621    7.2859   -4.7557
  QMMM:   118      118      H        7.6306    5.8446   -5.1031
  QMMM:   119      119      H        4.2534    6.8105   -6.5043
  QMMM:   120      120      H        5.3184    8.2994   -6.5081
  QMMM:   121      121      H        5.0411    7.3704   -8.0576
  QMMM:   122      122      H        6.9531    5.4373   -1.4265
  QMMM:   123      123      H        7.6619    4.5908   -2.8828
  QMMM:   124      124      H        7.4753    6.4160   -2.8622
  QMMM:   125      125      H        5.1090    4.5668   -1.2612
  QMMM:   126      126      H        3.7000    6.5265   -1.7872
  QMMM:   127      127      H        1.6097    6.1533   -3.1995
  QMMM:   128      128      H        3.1472    6.3178   -4.1459
  QMMM:   129      129      H        2.4101    4.6822   -3.9077
  QMMM:   130      130      H        1.6398    5.5351   -0.8621
  QMMM:   131      131      H        2.1490    3.8775   -1.3888
  QMMM:   132      132      H        3.0966    4.7612   -0.1144
  QMMM:   133      133      H       15.7303    2.6496   -4.4656
  QMMM:   134      134      H       14.0080    2.1985   -6.2043
  QMMM:   135      135      H       13.8557    0.2470    0.9765
  QMMM:   136      136      H       12.7651    1.3435    1.9222
  QMMM:   137      137      H       12.7993   -0.4329    2.2975
  QMMM:   138      138      H       15.2128    3.1391   -1.2100
  QMMM:   139      139      H       15.5563    1.3692   -1.0514
  QMMM:   140      140      H       16.5216    2.3802   -2.2163
  QMMM:   141      141      H        9.7472    0.5532   -7.5696
  QMMM:   142      142      H       10.1829   -1.0111   -9.3749
  QMMM:   143      143      H       12.3047   -0.1410  -10.1467
  QMMM:   144      144      H       11.6383    1.1382   -9.0299
  QMMM:   145      145      H       12.9625    0.0308   -8.4656
  QMMM:   146      146      H        7.7003   -3.5027   -7.5262
  QMMM:   147      147      H        5.5374   -1.4711   -8.4675
  QMMM:   148      148      H        4.3497   -3.5501   -9.2540
  QMMM:   149      149      H        5.5650   -4.5707   -8.3738
  QMMM:   150      150      H        4.4812   -3.4512   -7.4495
  QMMM:   151      151      H        6.0167   -2.6812  -10.6986
  QMMM:   152      152      H        7.3526   -1.6185  -10.1026
  QMMM:   153      153      H        7.4758   -3.4175   -9.9080
  QMMM:   154      154      H        8.4623   -4.0750   -5.5556
  QMMM:   155      155      H        8.6887   -5.0710   -3.4819
  QMMM:   156      156      H        7.4378   -6.3213   -3.8734
  QMMM:   157      157      H        7.1664   -3.8723   -2.2027
  QMMM:   158      158      H        5.9733   -5.2205   -2.4362
  QMMM:   159      159      H        4.7598   -3.9583   -3.9873
  QMMM:   160      160      H        5.8033   -2.5340   -3.5073
  QMMM:   161      161      H       10.3240   -7.0304   -6.5023
  QMMM:   162      162      H        9.8217   -5.5267   -5.5956
  QMMM:   163      163      H        8.6716   -8.4249   -7.5101
  QMMM:   164      164      H        7.0185   -7.7246   -7.8521
  QMMM:   165      165      H        8.4810   -7.0946   -8.7527
  QMMM:   166      166      H       13.5029   -5.1427   -6.7792
  QMMM:   167      167      H       12.0436   -5.2444   -5.6986
  QMMM:   168      168      H       12.5179   -6.6723   -6.7394
  QMMM:   169      169      H       13.3109   -4.0605   -8.5171
  QMMM:   170      170      H       12.8824   -4.5877  -10.9257
  QMMM:   171      171      H       13.7590   -6.9237  -10.7547
  QMMM:   172      172      H       14.5256   -5.8303   -9.5294
  QMMM:   173      173      H       13.2468   -7.0095   -9.0200
  QMMM:   174      174      H       11.4292   -6.4389  -11.5947
  QMMM:   175      175      H       10.8531   -6.6877   -9.8953
  QMMM:   176      176      H       10.4428   -5.1516  -10.7669
 
           --------- Calculation Completed ----------
 
