            --------------------------------------------------------
                             AMBER SQM VERSION 19
 
                                     By
              Ross C. Walker, Michael F. Crowley, Scott Brozell,
                         Tim Giese, Andreas W. Goetz,
                        Tai-Sung Lee and David A. Case
 
            --------------------------------------------------------
 

--------------------------------------------------------------------------------
  QM CALCULATION INFO
--------------------------------------------------------------------------------

| QMMM: Citation for AMBER QMMM Run:
| QMMM: R.C. Walker, M.F. Crowley and D.A. Case, J. COMP. CHEM. 29:1019, 2008

QMMM: SINGLET STATE CALCULATION
QMMM: RHF CALCULATION, NO. OF DOUBLY OCCUPIED LEVELS = 75

| QMMM: *** Selected Hamiltonian *** 
| QMMM: AM1         

| QMMM: *** Parameter sets in use ***
| QMMM: C : M.J.S.DEWAR et al. JACS, 107, 3902, (1985)
| QMMM: N : M.J.S.DEWAR et al. JACS, 107, 3902, (1985)
| QMMM: O : M.J.S.DEWAR et al. JACS, 107, 3902, (1985)
| QMMM: H : M.J.S.DEWAR et al. JACS, 107, 3902, (1985)

| QMMM: *** SCF convergence criteria ***
| QMMM: Energy change                :  0.1D-09 kcal/mol
| QMMM: Error matrix |FP-PF|         :  0.1D+00 au
| QMMM: Density matrix change        :  0.5D-06
| QMMM: Maximum number of SCF cycles :     1000
 
| QMMM: *** Diagonalization Routine Information ***
| QMMM: Pseudo diagonalizations are allowed.
| QMMM: Auto diagonalization routine selection is in use.
| QMMM:
| QMMM: Timing diagonalization routines:
| QMMM:                              norbs =      146
| QMMM:    diag iterations used for timing =       10
| QMMM:
| QMMM:              Internal diag routine = 0.924572 seconds
| QMMM:                 Dspev diag routine = 2.336638 seconds
| QMMM:                Dspevd diag routine = 0.828761 seconds
| QMMM:                Dspevx diag routine = 3.621888 seconds
| QMMM:                 Dsyev diag routine = 1.912196 seconds
| QMMM:                Dsyevd diag routine = 1.265879 seconds
| QMMM:                Dsyevr diag routine = 1.557614 seconds
| QMMM:
| QMMM:                Pseudo diag routine = 0.202005 seconds
| QMMM:
| QMMM: Using dspevd routine (diag_routine=3).

  QMMM: QM Region Cartesian Coordinates (*=link atom) 
  QMMM: QM_NO.   MM_NO.  ATOM         X         Y         Z
  QMMM:     1        1      C       12.8240   28.3930    1.9450
  QMMM:     2        2      C       11.7740   27.7240    1.0770
  QMMM:     3        3      C       12.5340   26.9150    2.1140
  QMMM:     4        4      N       11.6300   26.4860    2.9840
  QMMM:     5        5      C       11.6640   25.2700    3.5330
  QMMM:     6        6      N       12.3260   24.2750    2.9690
  QMMM:     7        7      C        9.1530   24.2350    6.8300
  QMMM:     8        8      C       10.4640   23.7470    6.7550
  QMMM:     9        9      C       11.2920   24.1270    5.6890
  QMMM:    10       10      C       10.8430   25.0000    4.7050
  QMMM:    11       11      C        9.5350   25.5160    4.7700
  QMMM:    12       12      C        8.6870   25.1280    5.8350
  QMMM:    13       13      C        8.2940   23.7940    7.9070
  QMMM:    14       14      C        6.9900   24.0790    8.2070
  QMMM:    15       15      C        6.6290   23.3230    9.4040
  QMMM:    16       16      C        7.7730   22.6790    9.7770
  QMMM:    17       17      O        8.8230   22.9040    8.8660
  QMMM:    18       18      C        8.0780   21.8840   10.8970
  QMMM:    19       19      C        9.3910   21.4310   10.9610
  QMMM:    20       20      C        9.8620   20.6820   12.0380
  QMMM:    21       21      C        8.9850   20.3720   13.0670
  QMMM:    22       22      C        7.6370   20.8330   12.9760
  QMMM:    23       23      C        7.1610   21.5960   11.8930
  QMMM:    24       24      C        9.4750   19.5040   14.1900
  QMMM:    25       25      N       10.7990   19.3060   14.3860
  QMMM:    26       26      N        8.5490   18.8320   14.9200
  QMMM:    27       27      C        8.7780   17.6520   15.5310
  QMMM:    28       28      C        7.6710   16.6210   15.5230
  QMMM:    29       29      C        7.8980   17.5070   16.7700
  QMMM:    30       30      H       12.1760   28.7870    2.7280
  QMMM:    31       31      H       13.6760   28.3260    1.2680
  QMMM:    32       32      H       12.3890   27.5040    0.2040
  QMMM:    33       33      H       10.8880   27.9650    1.6640
  QMMM:    34       34      H       13.2810   26.2040    1.7610
  QMMM:    35       35      H       11.6310   27.0870    3.7960
  QMMM:    36       36      H       12.5210   25.5350    4.1520
  QMMM:    37       37      H       12.2300   23.4430    3.5340
  QMMM:    38       38      H       11.9510   24.1000    2.0480
  QMMM:    39       39      H       13.3030   24.5200    2.8940
  QMMM:    40       40      H       10.8360   23.0790    7.5180
  QMMM:    41       41      H       12.2980   23.7400    5.6220
  QMMM:    42       42      H        9.1870   26.2010    4.0120
  QMMM:    43       43      H        7.6810   25.5160    5.8860
  QMMM:    44       44      H        6.4300   24.7630    7.5860
  QMMM:    45       45      H        5.6210   23.3700    9.7890
  QMMM:    46       46      H       10.0800   21.6570   10.1610
  QMMM:    47       47      H       10.8910   20.3550   12.0600
  QMMM:    48       48      H        6.9320   20.5990   13.7600
  QMMM:    49       49      H        6.1450   21.9530   11.8110
  QMMM:    50       50      H        9.4640   20.3420   14.8870
  QMMM:    51       51      H       10.9350   18.6990   15.1820
  QMMM:    52       52      H       11.2010   18.8780   13.5640
  QMMM:    53       53      H       11.2510   20.1930   14.5590
  QMMM:    54       54      H        8.2460   19.4070   15.6930
  QMMM:    55       55      H        9.8070   17.2970   15.5900
  QMMM:    56       56      H        8.2480   15.7480   15.8260
  QMMM:    57       57      H        6.8940   17.2090   15.0350
  QMMM:    58       58      H        7.1730   18.2900   16.5490
  QMMM:    59       59      H        8.5300   16.8270   17.3420

--------------------------------------------------------------------------------
  RESULTS
--------------------------------------------------------------------------------

      iter         sqm energy              rms gradient
      ----    -------------------    -----------------------
xmin    10      452.9501 kcal/mol        2.0093 kcal/(mol*A)
xmin    20      438.0611 kcal/mol        1.4254 kcal/(mol*A)
xmin    30      435.4445 kcal/mol        0.4239 kcal/(mol*A)
xmin    40      435.0284 kcal/mol        0.5583 kcal/(mol*A)
xmin    50      434.6932 kcal/mol        0.3092 kcal/(mol*A)
xmin    60      434.4249 kcal/mol        0.3078 kcal/(mol*A)
xmin    70      434.1474 kcal/mol        0.3431 kcal/(mol*A)
xmin    80      433.9690 kcal/mol        0.1715 kcal/(mol*A)
xmin    90      433.7227 kcal/mol        0.3554 kcal/(mol*A)
xmin   100      433.2949 kcal/mol        0.1821 kcal/(mol*A)
xmin   110      433.1792 kcal/mol        0.0926 kcal/(mol*A)
xmin   120      433.1384 kcal/mol        0.0426 kcal/(mol*A)
xmin   130      433.1205 kcal/mol        0.0638 kcal/(mol*A)
xmin   140      433.1036 kcal/mol        0.0643 kcal/(mol*A)
xmin   150      433.1004 kcal/mol        0.0337 kcal/(mol*A)
xmin   160      433.0944 kcal/mol        0.0090 kcal/(mol*A)
xmin   170      433.0923 kcal/mol        0.0087 kcal/(mol*A)
xmin   180      433.0921 kcal/mol        0.0123 kcal/(mol*A)
xmin   190      433.0920 kcal/mol        0.0013 kcal/(mol*A)
  ... geometry converged !
 
 Final MO eigenvalues (eV):
 -46.5002  -45.9746  -45.7675  -44.1032  -43.7213  -42.6156  -42.4227  -39.4153
 -39.0323  -38.1668  -37.9484  -36.8469  -36.5955  -36.4213  -33.6010  -31.7572
 -30.2962  -29.0657  -28.6269  -28.3069  -27.8142  -27.5619  -27.3672  -27.0895
 -27.0466  -25.7899  -25.6072  -24.6485  -24.5194  -24.4082  -24.3835  -23.4362
 -23.2363  -22.6590  -22.4374  -22.1928  -21.8572  -21.7141  -21.6205  -20.8861
 -20.8063  -20.6485  -20.5139  -20.4769  -20.1321  -19.7943  -19.4285  -19.2988
 -19.1927  -18.9701  -18.7227  -18.6225  -18.4262  -18.3936  -18.2682  -18.0060
 -17.7644  -17.4736  -17.3659  -17.2795  -17.1093  -16.8656  -16.8458  -16.7384
 -16.3820  -16.1703  -15.8947  -15.8094  -15.4673  -14.8830  -14.7700  -14.7588
 -14.7363  -14.4834  -12.9639   -5.7005   -5.2120   -4.6237   -4.4843   -4.4787
  -4.4572   -3.5893   -3.0121   -2.8939   -2.8667   -2.6380   -2.4838   -2.4455
  -2.4367   -2.3951   -2.2748   -2.2067   -1.9811   -1.9224   -1.8721   -1.8489
  -1.8295   -1.7510   -1.7393   -1.4574   -1.2535   -1.2138   -1.1526   -1.0814
  -1.0288   -0.9481   -0.8328   -0.7947   -0.6396   -0.6201   -0.6104   -0.5777
  -0.5533   -0.5348   -0.5161   -0.4200   -0.2275   -0.2106   -0.1824   -0.0559
  -0.0228    0.0209    0.1056    0.1328    0.1481    0.1720    0.3281    0.3566
   0.3801    0.5033    0.5374    0.5602    0.5936    0.6367    0.6795    0.7566
   0.7743    0.8551    0.8657    0.9235    0.9307    0.9379    1.0113    1.1395
   1.1480    1.4477

 Heat of formation   =        433.09197918 kcal/mol  (       18.78027749 eV)

 Total SCF energy    =    -106454.94059866 kcal/mol  (    -4616.23262645 eV)
 Electronic energy   =    -839581.64555584 kcal/mol  (   -36406.99213199 eV)
 Core-core repulsion =     733126.70495718 kcal/mol  (    31790.75950554 eV)
 
    Atomic Charges for Step       1 :
  Atom    Element       Mulliken Charge
     1      C                 -0.164
     2      C                 -0.261
     3      C                 -0.106
     4      N                 -0.304
     5      C                  0.146
     6      N                 -0.154
     7      C                  0.034
     8      C                 -0.101
     9      C                 -0.082
    10      C                 -0.169
    11      C                 -0.113
    12      C                 -0.102
    13      C                 -0.011
    14      C                 -0.142
    15      C                 -0.140
    16      C                 -0.013
    17      O                 -0.097
    18      C                  0.035
    19      C                 -0.101
    20      C                 -0.112
    21      C                 -0.189
    22      C                 -0.087
    23      C                 -0.105
    24      C                  0.124
    25      N                 -0.111
    26      N                 -0.328
    27      C                 -0.106
    28      C                 -0.177
    29      C                 -0.226
    30      H                  0.132
    31      H                  0.150
    32      H                  0.141
    33      H                  0.106
    34      H                  0.153
    35      H                  0.231
    36      H                  0.154
    37      H                  0.243
    38      H                  0.231
    39      H                  0.242
    40      H                  0.166
    41      H                  0.152
    42      H                  0.135
    43      H                  0.162
    44      H                  0.179
    45      H                  0.180
    46      H                  0.165
    47      H                  0.143
    48      H                  0.153
    49      H                  0.164
    50      H                  0.150
    51      H                  0.247
    52      H                  0.241
    53      H                  0.247
    54      H                  0.229
    55      H                  0.133
    56      H                  0.144
    57      H                  0.127
    58      H                  0.123
    59      H                  0.139
 Total Mulliken Charge =       2.000
 
                  X        Y        Z     TOTAL  
  QM DIPOLE    96.408  217.358   84.975  252.507
 
 Final Structure

  QMMM: QM Region Cartesian Coordinates (*=link atom) 
  QMMM: QM_NO.   MM_NO.  ATOM         X         Y         Z
  QMMM:     1        1      C       13.2363   27.9066    1.8233
  QMMM:     2        2      C       12.4878   26.9904    0.9037
  QMMM:     3        3      C       12.9471   26.4865    2.2644
  QMMM:     4        4      N       12.0514   26.2179    3.3401
  QMMM:     5        5      C       11.4619   24.9400    3.4248
  QMMM:     6        6      N       10.4962   24.6015    2.2082
  QMMM:     7        7      C        9.2553   24.3190    7.0733
  QMMM:     8        8      C       10.3352   23.4872    6.7381
  QMMM:     9        9      C       11.0334   23.6840    5.5488
  QMMM:    10       10      C       10.6603   24.7163    4.6824
  QMMM:    11       11      C        9.5876   25.5532    5.0114
  QMMM:    12       12      C        8.8863   25.3551    6.1959
  QMMM:    13       13      C        8.5178   24.1336    8.2975
  QMMM:    14       14      C        7.3529   24.7093    8.7883
  QMMM:    15       15      C        7.1017   24.1162   10.0736
  QMMM:    16       16      C        8.1270   23.2087   10.3078
  QMMM:    17       17      O        9.0168   23.2000    9.2209
  QMMM:    18       18      C        8.4172   22.3329   11.4147
  QMMM:    19       19      C        9.6128   21.5963   11.4700
  QMMM:    20       20      C        9.8725   20.7594   12.5508
  QMMM:    21       21      C        8.9428   20.6479   13.5915
  QMMM:    22       22      C        7.7507   21.3782   13.5443
  QMMM:    23       23      C        7.4884   22.2146   12.4629
  QMMM:    24       24      C        9.1808   19.7182   14.7553
  QMMM:    25       25      N       10.3153   20.3650   15.6248
  QMMM:    26       26      N        9.5660   18.3871   14.4104
  QMMM:    27       27      C        8.9319   17.3215   15.1210
  QMMM:    28       28      C        8.8155   15.9404   14.5062
  QMMM:    29       29      C        7.5766   16.7465   14.7451
  QMMM:    30       30      H       12.6996   28.7508    2.2946
  QMMM:    31       31      H       14.2874   28.1683    1.5961
  QMMM:    32       32      H       12.9956   26.5993    0.0026
  QMMM:    33       33      H       11.4186   27.1956    0.7169
  QMMM:    34       34      H       13.8060   25.7745    2.2866
  QMMM:    35       35      H       11.5297   26.9906    3.6954
  QMMM:    36       36      H       12.2715   24.1486    3.3056
  QMMM:    37       37      H       10.2798   23.6061    2.2297
  QMMM:    38       38      H        9.6267   25.1274    2.2867
  QMMM:    39       39      H       10.9490   24.8348    1.3227
  QMMM:    40       40      H       10.6324   22.6776    7.4248
  QMMM:    41       41      H       11.8874   23.0308    5.3071
  QMMM:    42       42      H        9.2958   26.3831    4.3490
  QMMM:    43       43      H        8.0445   26.0187    6.4531
  QMMM:    44       44      H        6.7327   25.4640    8.3079
  QMMM:    45       45      H        6.2618   24.3505   10.7253
  QMMM:    46       46      H       10.3432   21.6838   10.6489
  QMMM:    47       47      H       10.8109   20.1824   12.5710
  QMMM:    48       48      H        7.0052   21.2894   14.3514
  QMMM:    49       49      H        6.5440   22.7825   12.4284
  QMMM:    50       50      H        8.2889   19.7241   15.4630
  QMMM:    51       51      H       10.5170   19.7814   16.4386
  QMMM:    52       52      H       11.1685   20.4649   15.0723
  QMMM:    53       53      H       10.0020   21.2871   15.9272
  QMMM:    54       54      H        9.7002   18.2285   13.4330
  QMMM:    55       55      H        9.1815   17.3802   16.2052
  QMMM:    56       56      H        9.0367   15.0714   15.1541
  QMMM:    57       57      H        9.1536   15.7710   13.4673
  QMMM:    58       58      H        7.0297   17.1503   13.8740
  QMMM:    59       59      H        6.8898   16.4575   15.5619
 
           --------- Calculation Completed ----------
 
