            --------------------------------------------------------
                             AMBER SQM VERSION 19
 
                                     By
              Ross C. Walker, Michael F. Crowley, Scott Brozell,
                         Tim Giese, Andreas W. Goetz,
                        Tai-Sung Lee and David A. Case
 
            --------------------------------------------------------
 

--------------------------------------------------------------------------------
  QM CALCULATION INFO
--------------------------------------------------------------------------------

| QMMM: Citation for AMBER QMMM Run:
| QMMM: R.C. Walker, M.F. Crowley and D.A. Case, J. COMP. CHEM. 29:1019, 2008

QMMM: SINGLET STATE CALCULATION
QMMM: RHF CALCULATION, NO. OF DOUBLY OCCUPIED LEVELS = 83

| QMMM: *** Selected Hamiltonian *** 
| QMMM: AM1         

| QMMM: *** Parameter sets in use ***
| QMMM: C : M.J.S.DEWAR et al. JACS, 107, 3902, (1985)
| QMMM: N : M.J.S.DEWAR et al. JACS, 107, 3902, (1985)
| QMMM: O : M.J.S.DEWAR et al. JACS, 107, 3902, (1985)
| QMMM: H : M.J.S.DEWAR et al. JACS, 107, 3902, (1985)

| QMMM: *** SCF convergence criteria ***
| QMMM: Energy change                :  0.1D-09 kcal/mol
| QMMM: Error matrix |FP-PF|         :  0.1D+00 au
| QMMM: Density matrix change        :  0.5D-06
| QMMM: Maximum number of SCF cycles :     1000
 
| QMMM: *** Diagonalization Routine Information ***
| QMMM: Pseudo diagonalizations are allowed.
| QMMM: Auto diagonalization routine selection is in use.
| QMMM:
| QMMM: Timing diagonalization routines:
| QMMM:                              norbs =      152
| QMMM:    diag iterations used for timing =        5
| QMMM:
| QMMM:              Internal diag routine = 0.473031 seconds
| QMMM:                 Dspev diag routine = 2.072598 seconds
| QMMM:                Dspevd diag routine = 0.460260 seconds
| QMMM:                Dspevx diag routine = 2.909591 seconds
| QMMM:                 Dsyev diag routine = 1.068440 seconds
| QMMM:                Dsyevd diag routine = 0.851614 seconds
| QMMM:                Dsyevr diag routine = 0.885266 seconds
| QMMM:
| QMMM:                Pseudo diag routine = 0.006407 seconds
| QMMM:
| QMMM: Using dspevd routine (diag_routine=3).

  QMMM: QM Region Cartesian Coordinates (*=link atom) 
  QMMM: QM_NO.   MM_NO.  ATOM         X         Y         Z
  QMMM:     1        1      C       14.5500   25.7210   64.1510
  QMMM:     2        2      N       14.3250   24.4740   63.6240
  QMMM:     3        3      N       15.0670   26.7230   63.3770
  QMMM:     4        4      N       14.2660   26.0350   65.4700
  QMMM:     5        5      C       13.7080   25.1880   66.5310
  QMMM:     6        6      C       12.4780   25.7920   67.2700
  QMMM:     7        7      O       11.8040   26.6290   66.6750
  QMMM:     8        8      N       12.2250   25.2810   68.5070
  QMMM:     9        9      C       11.1340   25.5520   69.4060
  QMMM:    10       10      C       10.9320   24.7790   70.5550
  QMMM:    11       11      C        9.7500   25.2650   71.1120
  QMMM:    12       12      N        9.3370   26.3020   70.2610
  QMMM:    13       13      C        8.2200   27.2740   70.5010
  QMMM:    14       14      C       10.1610   26.4980   69.1930
  QMMM:    15       15      C        8.9490   24.7680   72.1870
  QMMM:    16       16      O        7.7620   25.0400   72.2980
  QMMM:    17       17      N        9.6170   23.9960   73.0640
  QMMM:    18       18      C        8.9780   23.3800   74.1970
  QMMM:    19       19      C        9.6450   22.4500   75.0000
  QMMM:    20       20      C        8.7670   22.1340   76.0240
  QMMM:    21       21      N        7.6240   22.9080   75.7880
  QMMM:    22       22      C        6.4440   23.0060   76.7030
  QMMM:    23       23      C        7.7140   23.6730   74.6610
  QMMM:    24       24      C        8.8230   21.1320   77.0240
  QMMM:    25       25      O        7.8830   20.4020   77.3320
  QMMM:    26       26      N        9.9680   21.0310   77.7020
  QMMM:    27       27      C       10.2620   20.0860   78.7640
  QMMM:    28       28      C        9.4220   20.3450   79.9950
  QMMM:    29       29      C        9.2350   19.2070   80.9810
  QMMM:    30       30      N        8.4840   19.5220   82.0670
  QMMM:    31       31      N        9.8120   18.0080   80.7440
  QMMM:    32       32      H       13.9430   23.7420   64.2050
  QMMM:    33       33      H       14.5420   24.2890   62.6550
  QMMM:    34       34      H       15.2280   27.6370   63.7760
  QMMM:    35       35      H       15.2870   26.5490   62.4070
  QMMM:    36       36      H       14.4450   26.9660   65.8170
  QMMM:    37       37      H       14.4880   24.9580   67.2570
  QMMM:    38       38      H       13.4380   24.2180   66.1140
  QMMM:    39       39      H       12.8570   24.6060   68.9140
  QMMM:    40       40      H       11.6390   24.0050   70.8170
  QMMM:    41       41      H        8.1460   27.9590   69.6560
  QMMM:    42       42      H        7.2820   26.7300   70.6110
  QMMM:    43       43      H        8.4190   27.8400   71.4110
  QMMM:    44       44      H       10.2160   27.1440   68.3290
  QMMM:    45       45      H       10.6050   23.8300   72.9400
  QMMM:    46       46      H       10.6460   22.1350   74.7440
  QMMM:    47       47      H        5.7030   23.6770   76.2700
  QMMM:    48       48      H        6.0040   22.0180   76.8370
  QMMM:    49       49      H        6.7640   23.3940   77.6700
  QMMM:    50       50      H        7.0890   24.3700   74.1220
  QMMM:    51       51      H       10.7360   21.6520   77.4910
  QMMM:    52       52      H       11.3180   20.1510   79.0250
  QMMM:    53       53      H       10.0800   19.0720   78.4080
  QMMM:    54       54      H        8.4440   20.7160   79.6880
  QMMM:    55       55      H        9.8190   21.2130   80.5220
  QMMM:    56       56      H        8.3060   18.8260   82.7770
  QMMM:    57       57      H        8.1030   20.4520   82.1650
  QMMM:    58       58      H        9.6880   17.2500   81.4000
  QMMM:    59       59      H       10.3670   17.8700   79.9110

--------------------------------------------------------------------------------
  RESULTS
--------------------------------------------------------------------------------

      iter         sqm energy              rms gradient
      ----    -------------------    -----------------------
xmin    10      316.2828 kcal/mol        0.6191 kcal/(mol*A)
xmin    20      314.1449 kcal/mol        1.2750 kcal/(mol*A)
xmin    30      309.1349 kcal/mol        0.2959 kcal/(mol*A)
xmin    40      308.9404 kcal/mol        0.0411 kcal/(mol*A)
xmin    50      308.9295 kcal/mol        0.0272 kcal/(mol*A)
xmin    60      308.9245 kcal/mol        0.0070 kcal/(mol*A)
xmin    70      308.9239 kcal/mol        0.0055 kcal/(mol*A)
xmin    80      308.9238 kcal/mol        0.0062 kcal/(mol*A)
xmin    90      308.9238 kcal/mol        0.0012 kcal/(mol*A)
xmin   100      308.9238 kcal/mol        0.0008 kcal/(mol*A)
  ... geometry converged !
 
 Final MO eigenvalues (eV):
 -45.9486  -45.4700  -45.1621  -44.9208  -43.8499  -43.3225  -42.2825  -40.6141
 -40.2192  -39.9295  -39.5335  -39.5033  -39.1140  -36.9707  -36.5219  -35.7983
 -34.2305  -33.4638  -32.6389  -30.6381  -30.4450  -30.1462  -28.7074  -27.9929
 -27.6096  -27.0956  -26.8577  -25.7968  -25.4224  -25.0091  -24.7412  -24.6706
 -24.3453  -24.2911  -23.6604  -22.8352  -22.4952  -22.4340  -22.3489  -22.1783
 -22.0414  -21.7197  -21.4998  -21.2596  -20.7312  -20.5771  -20.4192  -20.4094
 -20.2145  -19.9554  -19.7553  -19.6591  -19.5094  -19.2644  -19.0376  -18.8288
 -18.7471  -18.5081  -18.3891  -18.2716  -18.0687  -17.9915  -17.8571  -17.2190
 -17.1061  -16.9552  -16.7502  -16.7300  -16.5873  -16.5322  -16.4853  -16.4640
 -16.0240  -15.4694  -15.3756  -15.2095  -14.9948  -14.6517  -14.3667  -12.9507
 -12.9329  -12.2335  -11.8204   -5.3829   -5.2652   -4.9326   -4.0647   -3.6581
  -3.6036   -3.4323   -3.2288   -3.1762   -2.9585   -2.7071   -2.7007   -2.3118
  -2.1197   -2.0056   -1.9255   -1.7310   -1.6658   -1.5736   -1.4497   -1.3683
  -1.3364   -1.2623   -1.0831   -1.0530   -0.9933   -0.8217   -0.6855   -0.6590
  -0.4799   -0.4709   -0.3870   -0.2850   -0.1506   -0.1347   -0.0901    0.1710
   0.2326    0.4693    0.4964    0.5090    0.5231    0.5546    0.5901    0.6126
   0.6879    0.7835    0.8652    0.9235    0.9327    0.9392    1.0409    1.0557
   1.0632    1.1887    1.3157    1.4908    1.8160    1.9162    1.9983    2.2099
   2.2961    2.3883    2.5794    2.6845    2.7189    2.8189    2.9198    3.6343


 Heat of formation   =        308.92375460 kcal/mol  (       13.39593923 eV)

 Total SCF energy    =    -131589.75049392 kcal/mol  (    -5706.15977165 eV)
 Electronic energy   =    -986158.39457432 kcal/mol  (   -42763.03692703 eV)
 Core-core repulsion =     854568.64408040 kcal/mol  (    37056.87715539 eV)
 
    Atomic Charges for Step       1 :
  Atom    Element       Mulliken Charge
     1      C                  0.398
     2      N                 -0.368
     3      N                 -0.363
     4      N                 -0.312
     5      C                 -0.070
     6      C                  0.298
     7      O                 -0.355
     8      N                 -0.259
     9      C                 -0.068
    10      C                 -0.169
    11      C                 -0.127
    12      N                 -0.064
    13      C                 -0.089
    14      C                 -0.088
    15      C                  0.382
    16      O                 -0.366
    17      N                 -0.291
    18      C                 -0.022
    19      C                 -0.161
    20      C                 -0.172
    21      N                 -0.063
    22      C                 -0.085
    23      C                 -0.081
    24      C                  0.407
    25      O                 -0.452
    26      N                 -0.384
    27      C                 -0.006
    28      C                 -0.197
    29      C                  0.280
    30      N                 -0.300
    31      N                 -0.326
    32      H                  0.274
    33      H                  0.281
    34      H                  0.284
    35      H                  0.281
    36      H                  0.304
    37      H                  0.124
    38      H                  0.123
    39      H                  0.243
    40      H                  0.153
    41      H                  0.106
    42      H                  0.124
    43      H                  0.118
    44      H                  0.209
    45      H                  0.240
    46      H                  0.150
    47      H                  0.114
    48      H                  0.113
    49      H                  0.106
    50      H                  0.220
    51      H                  0.250
    52      H                  0.119
    53      H                  0.106
    54      H                  0.163
    55      H                  0.133
    56      H                  0.266
    57      H                  0.321
    58      H                  0.269
    59      H                  0.280
 Total Mulliken Charge =       2.000
 
                  X        Y        Z     TOTAL  
  QM DIPOLE   114.948  217.053  695.663  737.748
 
 Final Structure

  QMMM: QM Region Cartesian Coordinates (*=link atom) 
  QMMM: QM_NO.   MM_NO.  ATOM         X         Y         Z
  QMMM:     1        1      C       14.5087   25.8603   64.0846
  QMMM:     2        2      N       15.2712   24.7138   64.0583
  QMMM:     3        3      N       14.6076   26.7696   63.0550
  QMMM:     4        4      N       13.6496   26.1173   65.1289
  QMMM:     5        5      C       13.4466   25.2219   66.2424
  QMMM:     6        6      C       12.3716   25.7857   67.2084
  QMMM:     7        7      O       11.8111   26.8704   66.9534
  QMMM:     8        8      N       12.1129   25.0241   68.3167
  QMMM:     9        9      C       11.1466   25.3484   69.2726
  QMMM:    10       10      C       10.8100   24.5494   70.4203
  QMMM:    11       11      C        9.7866   25.2358   71.1041
  QMMM:    12       12      N        9.4988   26.4195   70.4109
  QMMM:    13       13      C        8.4974   27.3793   70.7744
  QMMM:    14       14      C       10.3157   26.5008   69.3016
  QMMM:    15       15      C        9.0496   24.8427   72.3247
  QMMM:    16       16      O        7.9885   25.4088   72.6595
  QMMM:    17       17      N        9.5933   23.8107   73.0754
  QMMM:    18       18      C        9.0148   23.3195   74.2407
  QMMM:    19       19      C        9.5977   22.3585   75.1301
  QMMM:    20       20      C        8.6654   22.1415   76.1733
  QMMM:    21       21      N        7.5394   22.9452   75.9365
  QMMM:    22       22      C        6.3676   23.0069   76.7576
  QMMM:    23       23      C        7.7367   23.6605   74.7755
  QMMM:    24       24      C        8.7739   21.2489   77.3266
  QMMM:    25       25      O        7.8529   21.1055   78.1707
  QMMM:    26       26      N        9.9552   20.5412   77.4918
  QMMM:    27       27      C       10.1000   19.5532   78.5148
  QMMM:    28       28      C       10.2916   20.1296   79.9346
  QMMM:    29       29      C        9.3196   19.4977   80.9273
  QMMM:    30       30      N        8.0039   19.7286   80.7720
  QMMM:    31       31      N        9.8149   18.7430   81.9360
  QMMM:    32       32      H       15.2157   24.0473   64.7934
  QMMM:    33       33      H       15.8951   24.5330   63.3040
  QMMM:    34       34      H       14.0633   27.6039   63.0543
  QMMM:    35       35      H       15.2300   26.6148   62.2937
  QMMM:    36       36      H       13.0904   26.9569   65.1311
  QMMM:    37       37      H       14.4140   25.0975   66.8107
  QMMM:    38       38      H       13.0967   24.2159   65.8684
  QMMM:    39       39      H       12.5890   24.1616   68.4507
  QMMM:    40       40      H       11.2505   23.5959   70.6939
  QMMM:    41       41      H        8.5536   28.2603   70.0831
  QMMM:    42       42      H        7.4800   26.9038   70.7108
  QMMM:    43       43      H        8.6628   27.7121   71.8352
  QMMM:    44       44      H       10.2781   27.3414   68.6016
  QMMM:    45       45      H       10.4635   23.4150   72.8064
  QMMM:    46       46      H       10.5683   21.8856   75.0167
  QMMM:    47       47      H        5.6346   23.7300   76.3119
  QMMM:    48       48      H        5.9023   21.9861   76.8288
  QMMM:    49       49      H        6.6495   23.3401   77.7931
  QMMM:    50       50      H        6.9987   24.3691   74.3819
  QMMM:    51       51      H       10.7092   20.6853   76.8634
  QMMM:    52       52      H       11.0026   18.9219   78.2705
  QMMM:    53       53      H        9.1930   18.8808   78.4985
  QMMM:    54       54      H       10.1131   21.2423   79.9496
  QMMM:    55       55      H       11.3526   19.9636   80.2603
  QMMM:    56       56      H        7.3106   19.3550   81.3840
  QMMM:    57       57      H        7.6928   20.2772   79.9835
  QMMM:    58       58      H        9.2377   18.3183   82.6296
  QMMM:    59       59      H       10.8010   18.6169   82.0153
 
           --------- Calculation Completed ----------
 
