            --------------------------------------------------------
                             AMBER SQM VERSION 19
 
                                     By
              Ross C. Walker, Michael F. Crowley, Scott Brozell,
                         Tim Giese, Andreas W. Goetz,
                        Tai-Sung Lee and David A. Case
 
            --------------------------------------------------------
 

--------------------------------------------------------------------------------
  QM CALCULATION INFO
--------------------------------------------------------------------------------

| QMMM: Citation for AMBER QMMM Run:
| QMMM: R.C. Walker, M.F. Crowley and D.A. Case, J. COMP. CHEM. 29:1019, 2008

QMMM: SINGLET STATE CALCULATION
QMMM: RHF CALCULATION, NO. OF DOUBLY OCCUPIED LEVELS = 77

| QMMM: *** Selected Hamiltonian *** 
| QMMM: AM1         

| QMMM: *** Parameter sets in use ***
| QMMM: C : M.J.S.DEWAR et al. JACS, 107, 3902, (1985)
| QMMM: O : M.J.S.DEWAR et al. JACS, 107, 3902, (1985)
| QMMM: S : M.J.S.DEWAR et al. INORG. CHEM., 29, 3881, (1990)
| QMMM: N : M.J.S.DEWAR et al. JACS, 107, 3902, (1985)
| QMMM: H : M.J.S.DEWAR et al. JACS, 107, 3902, (1985)

| QMMM: *** SCF convergence criteria ***
| QMMM: Energy change                :  0.1D-09 kcal/mol
| QMMM: Error matrix |FP-PF|         :  0.1D+00 au
| QMMM: Density matrix change        :  0.5D-06
| QMMM: Maximum number of SCF cycles :     1000
 
| QMMM: *** Diagonalization Routine Information ***
| QMMM: Pseudo diagonalizations are allowed.
| QMMM: Auto diagonalization routine selection is in use.
| QMMM:
| QMMM: Timing diagonalization routines:
| QMMM:                              norbs =      146
| QMMM:    diag iterations used for timing =       10
| QMMM:
| QMMM:              Internal diag routine = 0.364120 seconds
| QMMM:                 Dspev diag routine = 1.033984 seconds
| QMMM:                Dspevd diag routine = 0.516704 seconds
| QMMM:                Dspevx diag routine = 3.779727 seconds
| QMMM:                 Dsyev diag routine = 1.394389 seconds
| QMMM:                Dsyevd diag routine = 1.826075 seconds
| QMMM:                Dsyevr diag routine = 2.276636 seconds
| QMMM:
| QMMM:                Pseudo diag routine = 0.280431 seconds
| QMMM:
| QMMM: Using internal diagonalization routine (diag_routine=1).

  QMMM: QM Region Cartesian Coordinates (*=link atom) 
  QMMM: QM_NO.   MM_NO.  ATOM         X         Y         Z
  QMMM:     1        1      C       28.2400   22.8700   39.0800
  QMMM:     2        2      C       29.2300   23.5700   38.3600
  QMMM:     3        3      C       29.8300   22.9400   37.2700
  QMMM:     4        4      C       29.5200   21.5700   37.0400
  QMMM:     5        5      C       28.6600   20.8500   37.8900
  QMMM:     6        6      C       27.9600   21.5500   38.8500
  QMMM:     7        7      C       28.8400   24.9900   40.0400
  QMMM:     8        8      C       29.2500   25.9000   41.0100
  QMMM:     9        9      C       29.1100   27.3000   41.0100
  QMMM:    10       10      C       30.6600   36.4700   44.1800
  QMMM:    11       11      C       30.0500   36.3800   42.9700
  QMMM:    12       12      C       29.7000   37.6300   42.3000
  QMMM:    13       13      C       30.1200   38.8400   42.8200
  QMMM:    14       14      C       30.8500   38.8700   44.0300
  QMMM:    15       15      C       31.1900   37.6600   44.6900
  QMMM:    16       16      C       30.6500   34.1500   43.4300
  QMMM:    17       17      C       30.5000   32.7400   43.5700
  QMMM:    18       18      C       30.3500   31.7300   42.6200
  QMMM:    19       19      C       29.8300   30.0300   44.3100
  QMMM:    20       20      C       29.9700   30.3700   42.9600
  QMMM:    21       21      C       29.6400   29.4600   41.8700
  QMMM:    22       22      C       29.3600   28.1100   42.1200
  QMMM:    23       23      C       29.4000   27.7100   43.5400
  QMMM:    24       24      C       29.6500   28.6800   44.5300
  QMMM:    25       25      O       29.1100   26.5700   43.8800
  QMMM:    26       26      S       31.2500   34.9400   44.8300
  QMMM:    27       27      S       27.6800   23.7700   40.4600
  QMMM:    28       28      N       29.9700   35.0400   42.5200
  QMMM:    29       29      N       29.5000   24.7600   38.8700
  QMMM:    30       30      C       29.6600   34.6700   41.1600
  QMMM:    31       31      C       30.6200   25.6100   38.4400
  QMMM:    32       32      H       30.5060   23.4910   36.6320
  QMMM:    33       33      H       29.9490   21.0540   36.1940
  QMMM:    34       34      H       28.5630   19.7800   37.7800
  QMMM:    35       35      H       27.1890   21.0540   39.4210
  QMMM:    36       36      H       29.7460   25.5500   41.9030
  QMMM:    37       37      H       28.7910   27.8110   40.1130
  QMMM:    38       38      H       29.1110   37.6110   41.3950
  QMMM:    39       39      H       29.8900   39.7590   42.3020
  QMMM:    40       40      H       31.1510   39.8160   44.4560
  QMMM:    41       41      H       31.8340   37.6370   45.5570
  QMMM:    42       42      H       30.4910   32.2930   44.5530
  QMMM:    43       43      H       30.5180   31.9430   41.5750
  QMMM:    44       44      H       29.8680   30.7990   45.0670
  QMMM:    45       45      H       29.6090   29.8240   40.8540
  QMMM:    46       46      H       29.6960   28.2860   45.5340
  QMMM:    47       47      H       29.1910   26.4890   44.8330
  QMMM:    48       48      H       29.6590   33.5840   41.0700
  QMMM:    49       49      H       28.6770   35.0570   40.8930
  QMMM:    50       50      H       30.4100   35.0890   40.4890
  QMMM:    51       51      H       30.6180   26.5340   39.0180
  QMMM:    52       52      H       31.5600   25.0830   38.6020
  QMMM:    53       53      H       30.5140   25.8440   37.3810

--------------------------------------------------------------------------------
  RESULTS
--------------------------------------------------------------------------------

      iter         sqm energy              rms gradient
      ----    -------------------    -----------------------
xmin    10      179.1141 kcal/mol        1.5490 kcal/(mol*A)
xmin    20      175.3497 kcal/mol        0.7336 kcal/(mol*A)
xmin    30      175.1081 kcal/mol        0.2826 kcal/(mol*A)
xmin    40      174.7280 kcal/mol        0.8617 kcal/(mol*A)
xmin    50      174.5105 kcal/mol        0.3696 kcal/(mol*A)
xmin    60      173.8330 kcal/mol        0.8155 kcal/(mol*A)
xmin    70      173.4742 kcal/mol        0.3796 kcal/(mol*A)
xmin    80      173.3002 kcal/mol        0.2126 kcal/(mol*A)
xmin    90      173.1458 kcal/mol        0.1356 kcal/(mol*A)
xmin   100      173.0375 kcal/mol        0.3383 kcal/(mol*A)
xmin   110      173.0139 kcal/mol        0.0720 kcal/(mol*A)
xmin   120      173.0101 kcal/mol        0.0772 kcal/(mol*A)
xmin   130      173.0041 kcal/mol        0.0945 kcal/(mol*A)
xmin   140      172.9971 kcal/mol        0.1627 kcal/(mol*A)
xmin   150      172.9938 kcal/mol        0.0320 kcal/(mol*A)
xmin   160      172.9934 kcal/mol        0.0140 kcal/(mol*A)
xmin   170      172.9933 kcal/mol        0.0016 kcal/(mol*A)
xmin   180      172.9933 kcal/mol        0.0032 kcal/(mol*A)
xmin   190      172.9933 kcal/mol        0.0022 kcal/(mol*A)
xmin   200      172.9933 kcal/mol        0.0029 kcal/(mol*A)
xmin   210      172.9933 kcal/mol        0.0012 kcal/(mol*A)
  ... geometry converged !
 
 Final MO eigenvalues (eV):
 -41.6878  -40.6236  -39.9049  -38.7350  -37.9097  -37.0019  -35.4718  -33.5104
 -33.0051  -32.0980  -31.5314  -31.5162  -30.7212  -29.9032  -28.9348  -27.1598
 -26.2096  -25.1801  -24.7855  -23.6282  -23.4721  -23.2019  -22.2620  -21.8483
 -20.6090  -20.3089  -19.2356  -19.1930  -18.6977  -18.1974  -17.8920  -17.3243
 -17.1102  -16.7725  -16.5035  -16.3660  -15.9825  -15.7367  -15.7032  -15.6225
 -15.5037  -15.2133  -14.9516  -14.8665  -14.6345  -14.5432  -14.4610  -14.3538
 -14.0918  -13.8483  -13.5142  -13.3966  -13.3015  -13.2264  -13.1252  -12.8575
 -12.6880  -12.6185  -12.4438  -12.3944  -12.1245  -11.9442  -11.8625  -11.7684
 -11.6246  -11.4434  -11.0133  -10.8649  -10.3703  -10.2365  -10.1248   -9.7803
  -9.2454   -8.6205   -8.4438   -7.3555   -5.2380   -2.3927   -0.5855   -0.3983
  -0.2822    0.1537    0.3625    0.6446    0.7630    0.9163    0.9819    1.4765
   1.5730    1.8923    1.9311    2.4065    2.5015    2.6757    2.9016    2.9964
   3.1924    3.2297    3.3575    3.4303    3.4873    3.5294    3.5677    3.6217
   3.6561    3.6909    3.7173    3.9346    4.0765    4.1103    4.1136    4.3053
   4.4241    4.4482    4.4565    4.5495    4.5784    4.6664    4.6816    4.7997
   4.8309    4.8411    4.8766    5.0022    5.0428    5.0810    5.1124    5.1306
   5.2378    5.2665    5.3118    5.3587    5.4087    5.5256    5.7321    5.7661
   5.9294    6.0084    6.0464    6.1527    6.1989    6.4108    6.7077    6.7660
   6.9347    7.0096

 Heat of formation   =        172.99327569 kcal/mol  (        7.50155135 eV)

 Total SCF energy    =    -109524.18761154 kcal/mol  (    -4749.32516420 eV)
 Electronic energy   =    -854909.14051804 kcal/mol  (   -37071.64218889 eV)
 Core-core repulsion =     745384.95290649 kcal/mol  (    32322.31702470 eV)
 
    Atomic Charges for Step       1 :
  Atom    Element       Mulliken Charge
     1      C                 -0.329
     2      C                  0.040
     3      C                 -0.141
     4      C                 -0.091
     5      C                 -0.142
     6      C                 -0.064
     7      C                 -0.119
     8      C                 -0.224
     9      C                 -0.016
    10      C                 -0.281
    11      C                  0.035
    12      C                 -0.152
    13      C                 -0.112
    14      C                 -0.155
    15      C                 -0.087
    16      C                 -0.247
    17      C                 -0.082
    18      C                 -0.287
    19      C                  0.007
    20      C                  0.023
    21      C                 -0.301
    22      C                 -0.051
    23      C                  0.151
    24      C                 -0.264
    25      O                 -0.242
    26      S                  0.324
    27      S                  0.482
    28      N                 -0.153
    29      N                 -0.169
    30      C                 -0.095
    31      C                 -0.080
    32      H                  0.147
    33      H                  0.143
    34      H                  0.144
    35      H                  0.147
    36      H                  0.168
    37      H                  0.125
    38      H                  0.136
    39      H                  0.127
    40      H                  0.129
    41      H                  0.136
    42      H                  0.112
    43      H                  0.123
    44      H                  0.137
    45      H                  0.126
    46      H                  0.131
    47      H                  0.229
    48      H                  0.080
    49      H                  0.071
    50      H                  0.101
    51      H                  0.112
    52      H                  0.099
    53      H                  0.098
 Total Mulliken Charge =      -0.000
 
                  X        Y        Z     TOTAL  
  QM DIPOLE     1.247  -11.345   -4.686   12.338
 
 Final Structure

  QMMM: QM Region Cartesian Coordinates (*=link atom) 
  QMMM: QM_NO.   MM_NO.  ATOM         X         Y         Z
  QMMM:     1        1      C       28.6593   22.7908   39.1601
  QMMM:     2        2      C       29.1137   23.8958   38.3772
  QMMM:     3        3      C       29.2351   23.7685   36.9845
  QMMM:     4        4      C       28.9185   22.5469   36.3972
  QMMM:     5        5      C       28.4841   21.4626   37.1653
  QMMM:     6        6      C       28.3514   21.5817   38.5468
  QMMM:     7        7      C       29.1223   24.8299   40.5004
  QMMM:     8        8      C       29.2270   25.7040   41.5722
  QMMM:     9        9      C       29.4249   27.0756   41.5146
  QMMM:    10       10      C       30.1365   36.5468   43.9313
  QMMM:    11       11      C       30.2163   36.0945   42.5776
  QMMM:    12       12      C       30.3099   37.0275   41.5378
  QMMM:    13       13      C       30.3224   38.3884   41.8500
  QMMM:    14       14      C       30.2468   38.8248   43.1703
  QMMM:    15       15      C       30.1523   37.9028   44.2166
  QMMM:    16       16      C       30.0557   34.0591   43.6977
  QMMM:    17       17      C       29.9138   32.7343   43.9756
  QMMM:    18       18      C       29.7997   31.6773   43.0456
  QMMM:    19       19      C       30.0378   29.8353   44.6839
  QMMM:    20       20      C       29.8131   30.3235   43.3581
  QMMM:    21       21      C       29.6108   29.3452   42.3502
  QMMM:    22       22      C       29.6244   27.9627   42.5991
  QMMM:    23       23      C       29.8604   27.5384   43.9413
  QMMM:    24       24      C       30.0639   28.4895   44.9662
  QMMM:    25       25      O       29.9165   26.2031   44.2172
  QMMM:    26       26      S       30.0225   35.2283   44.9985
  QMMM:    27       27      S       28.5695   23.2200   40.7995
  QMMM:    28       28      N       30.1261   34.6883   42.4220
  QMMM:    29       29      N       29.3747   25.0466   39.1492
  QMMM:    30       30      C       30.9257   34.0780   41.3878
  QMMM:    31       31      C       30.1043   26.1642   38.6277
  QMMM:    32       32      H       29.5639   24.6137   36.3632
  QMMM:    33       33      H       29.0111   22.4365   35.3053
  QMMM:    34       34      H       28.2414   20.5082   36.6747
  QMMM:    35       35      H       28.0033   20.7285   39.1487
  QMMM:    36       36      H       29.0895   25.2274   42.5631
  QMMM:    37       37      H       29.3749   27.5727   40.5262
  QMMM:    38       38      H       30.3624   36.6978   40.4909
  QMMM:    39       39      H       30.3924   39.1236   41.0346
  QMMM:    40       40      H       30.2592   39.9006   43.3954
  QMMM:    41       41      H       30.0911   38.2521   45.2575
  QMMM:    42       42      H       29.8632   32.4804   45.0512
  QMMM:    43       43      H       29.6469   31.9423   41.9875
  QMMM:    44       44      H       30.2027   30.5565   45.5014
  QMMM:    45       45      H       29.4233   29.6944   41.3263
  QMMM:    46       46      H       30.2448   28.1388   45.9934
  QMMM:    47       47      H       30.1008   26.0900   45.1635
  QMMM:    48       48      H       30.2322   33.7318   40.5743
  QMMM:    49       49      H       31.6578   34.8068   40.9473
  QMMM:    50       50      H       31.4913   33.1923   41.7833
  QMMM:    51       51      H       30.8407   26.5345   39.3931
  QMMM:    52       52      H       30.6673   25.8614   37.7046
  QMMM:    53       53      H       29.3913   26.9929   38.3647
 
           --------- Calculation Completed ----------
 
