            --------------------------------------------------------
                             AMBER SQM VERSION 19
 
                                     By
              Ross C. Walker, Michael F. Crowley, Scott Brozell,
                         Tim Giese, Andreas W. Goetz,
                        Tai-Sung Lee and David A. Case
 
            --------------------------------------------------------
 

--------------------------------------------------------------------------------
  QM CALCULATION INFO
--------------------------------------------------------------------------------

| QMMM: Citation for AMBER QMMM Run:
| QMMM: R.C. Walker, M.F. Crowley and D.A. Case, J. COMP. CHEM. 29:1019, 2008

QMMM: SINGLET STATE CALCULATION
QMMM: RHF CALCULATION, NO. OF DOUBLY OCCUPIED LEVELS = 52

| QMMM: *** Selected Hamiltonian *** 
| QMMM: AM1         

| QMMM: *** Parameter sets in use ***
| QMMM: N : M.J.S.DEWAR et al. JACS, 107, 3902, (1985)
| QMMM: C : M.J.S.DEWAR et al. JACS, 107, 3902, (1985)
| QMMM: H : M.J.S.DEWAR et al. JACS, 107, 3902, (1985)

| QMMM: *** SCF convergence criteria ***
| QMMM: Energy change                :  0.1D-09 kcal/mol
| QMMM: Error matrix |FP-PF|         :  0.1D+00 au
| QMMM: Density matrix change        :  0.5D-06
| QMMM: Maximum number of SCF cycles :     1000
 
| QMMM: *** Diagonalization Routine Information ***
| QMMM: Pseudo diagonalizations are allowed.
| QMMM: Auto diagonalization routine selection is in use.
| QMMM:
| QMMM: Timing diagonalization routines:
| QMMM:                              norbs =      101
| QMMM:    diag iterations used for timing =       10
| QMMM:
| QMMM:              Internal diag routine = 0.214672 seconds
| QMMM:                 Dspev diag routine = 1.317941 seconds
| QMMM:                Dspevd diag routine = 0.578178 seconds
| QMMM:                Dspevx diag routine = 1.206900 seconds
| QMMM:                 Dsyev diag routine = 1.147986 seconds
| QMMM:                Dsyevd diag routine = 1.464159 seconds
| QMMM:                Dsyevr diag routine = 0.358609 seconds
| QMMM:
| QMMM:                Pseudo diag routine = 0.004390 seconds
| QMMM:
| QMMM: Using internal diagonalization routine (diag_routine=1).

  QMMM: QM Region Cartesian Coordinates (*=link atom) 
  QMMM: QM_NO.   MM_NO.  ATOM         X         Y         Z
  QMMM:     1        1      N        2.0770   18.1380   17.5880
  QMMM:     2        2      C        0.8110   17.8580   18.0370
  QMMM:     3        3      C       -0.0570   18.8550   17.6100
  QMMM:     4        4      C        0.4530   20.9260   16.0670
  QMMM:     5        5      C        1.4920   21.5120   15.3740
  QMMM:     6        6      C        2.7970   21.0110   15.4140
  QMMM:     7        7      C        3.1330   19.8770   16.1590
  QMMM:     8        8      C        2.0410   19.2840   16.8190
  QMMM:     9        9      C        0.7290   19.7580   16.7970
  QMMM:    10       10      C        3.8740   21.6810   14.6660
  QMMM:    11       11      N        3.7710   22.9430   14.3280
  QMMM:    12       12      N        4.9570   21.0090   14.3600
  QMMM:    13       13      C        0.6030   16.7960   19.0580
  QMMM:    14       14      C       -0.6440   16.2470   19.2960
  QMMM:    15       15      C       -0.8340   15.2540   20.2530
  QMMM:    16       16      C        0.2720   14.8330   20.9750
  QMMM:    17       17      C        1.5040   15.3600   20.7490
  QMMM:    18       18      C        1.7090   16.3420   19.7860
  QMMM:    19       19      C        0.0810   13.7760   21.9880
  QMMM:    20       20      N        1.0220   13.5680   22.8850
  QMMM:    21       21      N       -1.0410   13.0900   21.9740
  QMMM:    22       22      H        2.8470   17.5350   17.8390
  QMMM:    23       23      H       -1.0950   18.8310   17.9070
  QMMM:    24       24      H       -0.5330   21.3660   16.0370
  QMMM:    25       25      H        1.3120   22.3910   14.7730
  QMMM:    26       26      H        4.1570   19.5340   16.1880
  QMMM:    27       27      H        4.5170   23.3910   13.8150
  QMMM:    28       28      H        2.9460   23.4680   14.5810
  QMMM:    29       29      H        5.7020   21.4580   13.8470
  QMMM:    30       30      H        5.0460   20.0420   14.6370
  QMMM:    31       31      H       -1.5000   16.5870   18.7330
  QMMM:    32       32      H       -1.8180   14.8390   20.4120
  QMMM:    33       33      H        2.3520   15.0170   21.3240
  QMMM:    34       34      H        2.6890   16.7540   19.5930
  QMMM:    35       35      H        0.9040   12.8480   23.5830
  QMMM:    36       36      H        1.8620   14.1280   22.8750
  QMMM:    37       37      H       -1.1960   12.3620   22.6560
  QMMM:    38       38      H       -1.7480   13.2920   21.2810

--------------------------------------------------------------------------------
  RESULTS
--------------------------------------------------------------------------------

      iter         sqm energy              rms gradient
      ----    -------------------    -----------------------
xmin    10      413.7952 kcal/mol        1.7681 kcal/(mol*A)
xmin    20      413.3713 kcal/mol        0.1352 kcal/(mol*A)
xmin    30      413.2460 kcal/mol        0.4228 kcal/(mol*A)
xmin    40      413.1684 kcal/mol        0.1744 kcal/(mol*A)
xmin    50      413.1406 kcal/mol        0.1739 kcal/(mol*A)
xmin    60      413.0979 kcal/mol        0.0053 kcal/(mol*A)
xmin    70      413.0972 kcal/mol        0.0187 kcal/(mol*A)
xmin    80      413.0971 kcal/mol        0.0045 kcal/(mol*A)
xmin    90      413.0971 kcal/mol        0.0015 kcal/(mol*A)
  ... geometry converged !
 
 Final MO eigenvalues (eV):
 -47.0888  -46.5848  -45.7579  -44.3380  -42.2152  -40.4558  -40.2335  -38.6110
 -38.1113  -37.3701  -35.4082  -34.7799  -31.9151  -30.1327  -29.3213  -28.8892
 -28.2264  -27.3343  -26.5520  -25.6361  -25.3907  -25.2995  -25.1588  -24.0218
 -22.9623  -22.7514  -22.7388  -22.3130  -22.0496  -21.7953  -21.3719  -20.8722
 -20.7686  -20.4510  -20.2636  -20.1226  -19.9738  -19.7714  -19.3648  -19.2058
 -18.5078  -18.1076  -17.9555  -17.6941  -17.3693  -17.3201  -17.1106  -16.2864
 -15.8185  -15.5516  -14.3026  -13.7914   -6.6634   -6.2381   -5.6856   -5.2691
  -5.1428   -4.8725   -4.8112   -4.6414   -3.8890   -3.5847   -3.4671   -3.3492
  -3.3265   -2.9609   -2.8211   -2.4864   -1.9924   -1.9393   -1.8475   -1.7772
  -1.5091   -1.4303   -1.3948   -1.2690   -1.2614   -1.1586   -1.1121   -1.0634
  -1.0492   -0.9835   -0.8969   -0.8310   -0.7011   -0.5537   -0.5256   -0.4889
  -0.3347   -0.2895   -0.2761   -0.2630   -0.2026   -0.1299   -0.0448    0.0866
   0.1893    0.3138    0.4733    0.6989    1.0780

 Heat of formation   =        413.09706439 kcal/mol  (       17.91323292 eV)

 Total SCF energy    =     -76156.45120097 kcal/mol  (    -3302.39153553 eV)
 Electronic energy   =    -503087.76720124 kcal/mol  (   -21815.52262266 eV)
 Core-core repulsion =     426931.31600028 kcal/mol  (    18513.13108713 eV)
 
    Atomic Charges for Step       1 :
  Atom    Element       Mulliken Charge
     1      N                 -0.192
     2      C                  0.008
     3      C                 -0.146
     4      C                 -0.050
     5      C                 -0.126
     6      C                 -0.144
     7      C                 -0.088
     8      C                  0.007
     9      C                 -0.046
    10      C                  0.340
    11      N                 -0.307
    12      N                 -0.313
    13      C                  0.031
    14      C                 -0.101
    15      C                 -0.074
    16      C                 -0.164
    17      C                 -0.073
    18      C                 -0.116
    19      C                  0.339
    20      N                 -0.307
    21      N                 -0.307
    22      H                  0.267
    23      H                  0.182
    24      H                  0.174
    25      H                  0.155
    26      H                  0.153
    27      H                  0.273
    28      H                  0.289
    29      H                  0.273
    30      H                  0.284
    31      H                  0.173
    32      H                  0.161
    33      H                  0.159
    34      H                  0.161
    35      H                  0.276
    36      H                  0.287
    37      H                  0.276
    38      H                  0.287
 Total Mulliken Charge =       2.000
 
                  X        Y        Z     TOTAL  
  QM DIPOLE    17.412  168.977  175.921  244.550
 
 Final Structure

  QMMM: QM Region Cartesian Coordinates (*=link atom) 
  QMMM: QM_NO.   MM_NO.  ATOM         X         Y         Z
  QMMM:     1        1      N        2.3549   18.1451   17.6899
  QMMM:     2        2      C        1.0973   17.9217   18.2792
  QMMM:     3        3      C        0.1891   18.8967   17.8395
  QMMM:     4        4      C        0.5343   20.8924   16.1974
  QMMM:     5        5      C        1.4856   21.5105   15.4020
  QMMM:     6        6      C        2.8021   21.0038   15.3251
  QMMM:     7        7      C        3.2095   19.8757   16.0352
  QMMM:     8        8      C        2.2537   19.2535   16.8516
  QMMM:     9        9      C        0.8960   19.7614   16.9335
  QMMM:    10       10      C        3.7822   21.7096   14.4517
  QMMM:    11       11      N        3.9278   23.0448   14.5956
  QMMM:    12       12      N        4.4871   20.9868   13.5526
  QMMM:    13       13      C        0.8271   16.8406   19.2131
  QMMM:    14       14      C       -0.4739   16.3127   19.2853
  QMMM:    15       15      C       -0.7743   15.2953   20.1860
  QMMM:    16       16      C        0.2269   14.7985   21.0311
  QMMM:    17       17      C        1.5265   15.3171   20.9683
  QMMM:    18       18      C        1.8237   16.3300   20.0596
  QMMM:    19       19      C       -0.0958   13.7174   22.0044
  QMMM:    20       20      N        0.2631   13.8841   23.2961
  QMMM:    21       21      N       -0.7342   12.6146   21.5560
  QMMM:    22       22      H        3.1464   17.5630   17.7863
  QMMM:    23       23      H       -0.8531   18.9978   18.1361
  QMMM:    24       24      H       -0.4946   21.2847   16.2510
  QMMM:    25       25      H        1.1990   22.3937   14.8088
  QMMM:    26       26      H        4.2401   19.4952   15.9821
  QMMM:    27       27      H        4.5435   23.5910   14.0316
  QMMM:    28       28      H        3.3894   23.5151   15.2943
  QMMM:    29       29      H        5.1588   21.3903   12.9349
  QMMM:    30       30      H        4.3027   20.0090   13.4709
  QMMM:    31       31      H       -1.2638   16.7057   18.6224
  QMMM:    32       32      H       -1.8042   14.9045   20.2351
  QMMM:    33       33      H        2.3247   14.9257   21.6203
  QMMM:    34       34      H        2.8479   16.7358   20.0311
  QMMM:    35       35      H        0.0876   13.2015   24.0032
  QMMM:    36       36      H        0.7049   14.7377   23.5692
  QMMM:    37       37      H       -0.9962   11.8565   22.1506
  QMMM:    38       38      H       -0.9479   12.5412   20.5828
 
           --------- Calculation Completed ----------
 
