            --------------------------------------------------------
                             AMBER SQM VERSION 19
 
                                     By
              Ross C. Walker, Michael F. Crowley, Scott Brozell,
                         Tim Giese, Andreas W. Goetz,
                        Tai-Sung Lee and David A. Case
 
            --------------------------------------------------------
 

--------------------------------------------------------------------------------
  QM CALCULATION INFO
--------------------------------------------------------------------------------

| QMMM: Citation for AMBER QMMM Run:
| QMMM: R.C. Walker, M.F. Crowley and D.A. Case, J. COMP. CHEM. 29:1019, 2008

QMMM: SINGLET STATE CALCULATION
QMMM: RHF CALCULATION, NO. OF DOUBLY OCCUPIED LEVELS = 57

| QMMM: *** Selected Hamiltonian *** 
| QMMM: AM1         

| QMMM: *** Parameter sets in use ***
| QMMM: C : M.J.S.DEWAR et al. JACS, 107, 3902, (1985)
| QMMM: O : M.J.S.DEWAR et al. JACS, 107, 3902, (1985)
| QMMM: N : M.J.S.DEWAR et al. JACS, 107, 3902, (1985)
| QMMM: H : M.J.S.DEWAR et al. JACS, 107, 3902, (1985)

| QMMM: *** SCF convergence criteria ***
| QMMM: Energy change                :  0.1D-09 kcal/mol
| QMMM: Error matrix |FP-PF|         :  0.1D+00 au
| QMMM: Density matrix change        :  0.5D-06
| QMMM: Maximum number of SCF cycles :     1000
 
| QMMM: *** Diagonalization Routine Information ***
| QMMM: Pseudo diagonalizations are allowed.
| QMMM: Auto diagonalization routine selection is in use.
| QMMM:
| QMMM: Timing diagonalization routines:
| QMMM:                              norbs =      110
| QMMM:    diag iterations used for timing =       10
| QMMM:
| QMMM:              Internal diag routine = 0.045547 seconds
| QMMM:                 Dspev diag routine = 1.385174 seconds
| QMMM:                Dspevd diag routine = 0.435522 seconds
| QMMM:                Dspevx diag routine = 1.236869 seconds
| QMMM:                 Dsyev diag routine = 0.808454 seconds
| QMMM:                Dsyevd diag routine = 0.584616 seconds
| QMMM:                Dsyevr diag routine = 0.550513 seconds
| QMMM:
| QMMM:                Pseudo diag routine = 0.005513 seconds
| QMMM:
| QMMM: Using internal diagonalization routine (diag_routine=1).

  QMMM: QM Region Cartesian Coordinates (*=link atom) 
  QMMM: QM_NO.   MM_NO.  ATOM         X         Y         Z
  QMMM:     1        1      C        8.0380   23.6600    8.4010
  QMMM:     2        2      C        6.7300   23.9700    8.7710
  QMMM:     3        3      C        6.3700   23.2220    9.9710
  QMMM:     4        4      C        7.5000   22.4960   10.2640
  QMMM:     5        5      O        8.5420   22.7360    9.3150
  QMMM:     6        6      C        8.8990   24.0900    7.3210
  QMMM:     7        7      C       10.1030   23.4490    7.0360
  QMMM:     8        8      C       10.8770   23.8420    5.9230
  QMMM:     9        9      C       10.4690   24.8870    5.0670
  QMMM:    10       10      C        9.2610   25.5330    5.3750
  QMMM:    11       11      C        8.5030   25.1220    6.4880
  QMMM:    12       12      C       11.2270   25.3000    3.8440
  QMMM:    13       13      N       12.0510   24.4980    3.1980
  QMMM:    14       14      N       11.1240   26.4890    3.2960
  QMMM:    15       15      C        7.8320   21.6000   11.3200
  QMMM:    16       16      C        9.1850   21.2350   11.4050
  QMMM:    17       17      C        9.6550   20.4300   12.4350
  QMMM:    18       18      C        8.7790   19.9560   13.4180
  QMMM:    19       19      C        7.4020   20.3070   13.3370
  QMMM:    20       20      C        6.9220   21.1370   12.2790
  QMMM:    21       21      C        9.3680   19.1370   14.5160
  QMMM:    22       22      N       10.6840   19.1900   14.7730
  QMMM:    23       23      N        8.6060   18.3510   15.2910
  QMMM:    24       24      H        6.1560   24.6730    8.1860
  QMMM:    25       25      H        5.3860   23.3340   10.4020
  QMMM:    26       26      H       10.4500   22.6450    7.6690
  QMMM:    27       27      H       11.8080   23.3390    5.7080
  QMMM:    28       28      H        8.9110   26.3470    4.7580
  QMMM:    29       29      H        7.5790   25.6470    6.6810
  QMMM:    30       30      H       12.5380   24.8290    2.3770
  QMMM:    31       31      H       12.1950   23.5530    3.5240
  QMMM:    32       32      H       11.6600   26.7120    2.4700
  QMMM:    33       33      H       10.5080   27.1800    3.7010
  QMMM:    34       34      H        9.8860   21.5810   10.6590
  QMMM:    35       35      H       10.7010   20.1670   12.4800
  QMMM:    36       36      H        6.7080   19.9450   14.0810
  QMMM:    37       37      H        5.8790   21.4090   12.2100
  QMMM:    38       38      H       11.0760   18.6320   15.5180
  QMMM:    39       39      H       11.2830   19.7880   14.2210
  QMMM:    40       40      H        9.0290   17.8060   16.0280
  QMMM:    41       41      H        7.6090   18.3040   15.1370

--------------------------------------------------------------------------------
  RESULTS
--------------------------------------------------------------------------------

      iter         sqm energy              rms gradient
      ----    -------------------    -----------------------
xmin    10      387.2195 kcal/mol        0.1754 kcal/(mol*A)
xmin    20      387.1468 kcal/mol        0.0365 kcal/(mol*A)
xmin    30      387.1406 kcal/mol        0.0794 kcal/(mol*A)
xmin    40      387.1366 kcal/mol        0.0118 kcal/(mol*A)
xmin    50      387.1356 kcal/mol        0.0056 kcal/(mol*A)
xmin    60      387.1355 kcal/mol        0.0057 kcal/(mol*A)
xmin    70      387.1354 kcal/mol        0.0044 kcal/(mol*A)
  ... geometry converged !
 
 Final MO eigenvalues (eV):
 -46.9150  -46.3823  -46.1553  -44.2093  -43.7928  -40.2181  -40.2174  -38.9501
 -38.6405  -37.4529  -37.0456  -36.8381  -33.9061  -31.6951  -30.1807  -29.2817
 -28.8199  -28.5185  -27.7493  -26.2880  -26.1471  -25.3579  -25.3299  -25.1429
 -25.1047  -23.7456  -22.7280  -22.7279  -22.4853  -21.8626  -21.8456  -21.7423
 -21.4458  -21.1790  -20.6753  -20.4508  -20.4372  -19.8451  -19.7262  -19.6130
 -19.1414  -19.1102  -18.8863  -18.7857  -18.6690  -18.0337  -17.8955  -17.3233
 -17.3061  -17.0930  -17.0926  -16.3031  -15.8933  -15.2118  -15.2090  -15.0321
 -13.3934   -6.4985   -6.2245   -5.5490   -5.1592   -4.9000   -4.8981   -4.6235
  -4.6234   -4.0357   -3.5015   -3.3441   -3.1582   -3.0295   -3.0247   -2.8106
  -2.4251   -2.3805   -1.6871   -1.6726   -1.6201   -1.5912   -1.5291   -1.3062
  -1.0947   -1.0479   -1.0432   -1.0286   -1.0258   -0.9453   -0.9413   -0.9046
  -0.8586   -0.6716   -0.6665   -0.4808   -0.4439   -0.3331   -0.3085   -0.1736
  -0.1687   -0.0981   -0.0973   -0.0222   -0.0156   -0.0044    0.0750    0.1325
   0.2451    0.3517    0.4580    0.4741    0.7523    1.0365

 Heat of formation   =        387.13539449 kcal/mol  (       16.78745044 eV)

 Total SCF energy    =     -84979.77899418 kcal/mol  (    -3684.99973957 eV)
 Electronic energy   =    -571940.64913473 kcal/mol  (   -24801.20762910 eV)
 Core-core repulsion =     486960.87014056 kcal/mol  (    21116.20788953 eV)
 
    Atomic Charges for Step       1 :
  Atom    Element       Mulliken Charge
     1      C                 -0.015
     2      C                 -0.132
     3      C                 -0.132
     4      C                 -0.015
     5      O                 -0.096
     6      C                  0.054
     7      C                 -0.106
     8      C                 -0.076
     9      C                 -0.172
    10      C                 -0.074
    11      C                 -0.108
    12      C                  0.342
    13      N                 -0.311
    14      N                 -0.310
    15      C                  0.054
    16      C                 -0.106
    17      C                 -0.076
    18      C                 -0.172
    19      C                 -0.074
    20      C                 -0.108
    21      C                  0.342
    22      N                 -0.311
    23      N                 -0.310
    24      H                  0.184
    25      H                  0.184
    26      H                  0.170
    27      H                  0.154
    28      H                  0.158
    29      H                  0.170
    30      H                  0.274
    31      H                  0.286
    32      H                  0.274
    33      H                  0.287
    34      H                  0.170
    35      H                  0.154
    36      H                  0.158
    37      H                  0.170
    38      H                  0.274
    39      H                  0.286
    40      H                  0.274
    41      H                  0.287
 Total Mulliken Charge =       2.000
 
                  X        Y        Z     TOTAL  
  QM DIPOLE    95.061  214.444   88.396  250.672
 
 Final Structure

  QMMM: QM Region Cartesian Coordinates (*=link atom) 
  QMMM: QM_NO.   MM_NO.  ATOM         X         Y         Z
  QMMM:     1        1      C        8.1301   23.6550    8.3501
  QMMM:     2        2      C        6.8364   23.9472    8.7656
  QMMM:     3        3      C        6.6194   23.2326    9.9933
  QMMM:     4        4      C        7.7912   22.5384   10.2703
  QMMM:     5        5      O        8.7426   22.7838    9.2663
  QMMM:     6        6      C        8.8992   24.0687    7.2046
  QMMM:     7        7      C       10.1938   23.5720    6.9743
  QMMM:     8        8      C       10.9163   23.9779    5.8569
  QMMM:     9        9      C       10.3532   24.8961    4.9600
  QMMM:    10       10      C        9.0651   25.4023    5.1821
  QMMM:    11       11      C        8.3425   24.9868    6.2953
  QMMM:    12       12      C       11.1229   25.3367    3.7652
  QMMM:    13       13      N       11.7008   24.3962    2.9852
  QMMM:    14       14      N       11.2143   26.6600    3.5070
  QMMM:    15       15      C        8.1705   21.6653   11.3514
  QMMM:    16       16      C        9.4653   21.1247   11.4355
  QMMM:    17       17      C        9.8138   20.2905   12.4927
  QMMM:    18       18      C        8.8642   19.9791   13.4756
  QMMM:    19       19      C        7.5684   20.5080   13.3995
  QMMM:    20       20      C        7.2268   21.3491   12.3459
  QMMM:    21       21      C        9.2302   19.0843   14.6067
  QMMM:    22       22      N       10.3691   19.3374   15.2892
  QMMM:    23       23      N        8.4098   18.0533   14.9072
  QMMM:    24       24      H        6.1092   24.5897    8.2709
  QMMM:    25       25      H        5.7021   23.2480   10.5803
  QMMM:    26       26      H       10.6363   22.8554    7.6863
  QMMM:    27       27      H       11.9342   23.5857    5.7002
  QMMM:    28       28      H        8.6050   26.1124    4.4754
  QMMM:    29       29      H        7.3263   25.3814    6.4634
  QMMM:    30       30      H       12.2385   24.6160    2.1739
  QMMM:    31       31      H       11.5674   23.4329    3.2127
  QMMM:    32       32      H       11.6977   27.0294    2.7160
  QMMM:    33       33      H       10.7875   27.3057    4.1389
  QMMM:    34       34      H       10.2074   21.3661   10.6561
  QMMM:    35       35      H       10.8306   19.8675   12.5346
  QMMM:    36       36      H        6.8176   20.2837   14.1749
  QMMM:    37       37      H        6.2085   21.7696   12.2928
  QMMM:    38       38      H       10.6832   18.7770   16.0526
  QMMM:    39       39      H       10.9145   20.1355   15.0377
  QMMM:    40       40      H        8.5799   17.4228   15.6617
  QMMM:    41       41      H        7.5970   17.9039   14.3457
 
           --------- Calculation Completed ----------
 
