
Working on structure 1
Fixing common structure mistakes...
  No mistakes were found
Pre-treating metals...
Done treating metals
Assigning bond orders...
  Using CCD: False
  Assigned the following bonds (format: atom1, atom2, order): {(26, 27, 2), (11, 16, 2), (18, 23, 2), (9, 11, 2), (21, 22, 2), (19, 20, 2), (9, 13, 2), (24, 25, 2), (14, 15, 2), (4, 12, 2), (1, 7, 2)}
Removing and re-adding hydrogens...
Treating metals...
Finding het groups...
Coloring atoms by element (green carbons in hets)...
Finding het groups (for Epik)...
Processing 1 het groups...
  Using Epik with pH: 7.0
        and pH Range: 2.0
  Max states per het: 1
Running Epik on 1 het groups...
  Waiting for epik...
  Het B:LLJ (101): keeping 1 of 9 states:
    State penalty: 0.88 kcal/mol; H-Bond count: 0; Q: +4
Deleting far waters...
done deleting waters
Idealizing hydrogen temperature factor...
done with preparation
Writing to file...
DONE. Output file: 2LLJ_mae_ligand.mae
