            --------------------------------------------------------
                             AMBER SQM VERSION 19
 
                                     By
              Ross C. Walker, Michael F. Crowley, Scott Brozell,
                         Tim Giese, Andreas W. Goetz,
                        Tai-Sung Lee and David A. Case
 
            --------------------------------------------------------
 

--------------------------------------------------------------------------------
  QM CALCULATION INFO
--------------------------------------------------------------------------------

| QMMM: Citation for AMBER QMMM Run:
| QMMM: R.C. Walker, M.F. Crowley and D.A. Case, J. COMP. CHEM. 29:1019, 2008

QMMM: SINGLET STATE CALCULATION
QMMM: RHF CALCULATION, NO. OF DOUBLY OCCUPIED LEVELS =100

| QMMM: *** Selected Hamiltonian *** 
| QMMM: AM1         

| QMMM: *** Parameter sets in use ***
| QMMM: C : M.J.S.DEWAR et al. JACS, 107, 3902, (1985)
| QMMM: N : M.J.S.DEWAR et al. JACS, 107, 3902, (1985)
| QMMM: O : M.J.S.DEWAR et al. JACS, 107, 3902, (1985)
| QMMM: H : M.J.S.DEWAR et al. JACS, 107, 3902, (1985)

| QMMM: *** SCF convergence criteria ***
| QMMM: Energy change                :  0.1D-09 kcal/mol
| QMMM: Error matrix |FP-PF|         :  0.1D+00 au
| QMMM: Density matrix change        :  0.5D-06
| QMMM: Maximum number of SCF cycles :     1000
 
| QMMM: *** Diagonalization Routine Information ***
| QMMM: Pseudo diagonalizations are allowed.
| QMMM: Auto diagonalization routine selection is in use.
| QMMM:
| QMMM: Timing diagonalization routines:
| QMMM:                              norbs =      196
| QMMM:    diag iterations used for timing =        5
| QMMM:
| QMMM:              Internal diag routine = 1.372202 seconds
| QMMM:                 Dspev diag routine = 2.861931 seconds
| QMMM:                Dspevd diag routine = 0.969430 seconds
| QMMM:                Dspevx diag routine = 0.728450 seconds
| QMMM:                 Dsyev diag routine = 1.795945 seconds
| QMMM:                Dsyevd diag routine = 0.608246 seconds
| QMMM:                Dsyevr diag routine = 0.661878 seconds
| QMMM:
| QMMM:                Pseudo diag routine = 0.188525 seconds
| QMMM:
| QMMM: Using dsyevd routine (diag_routine=6).

  QMMM: QM Region Cartesian Coordinates (*=link atom) 
  QMMM: QM_NO.   MM_NO.  ATOM         X         Y         Z
  QMMM:     1        1      C       19.8520   24.6370   33.0040
  QMMM:     2        2      N       20.0920   17.1390   33.0420
  QMMM:     3        3      O       18.1970   18.6170   34.3980
  QMMM:     4        4      C       19.6960   23.7020   34.0230
  QMMM:     5        5      N       28.1930   19.9150   31.5760
  QMMM:     6        6      O       28.9120   21.2930   33.9380
  QMMM:     7        7      C       21.1190   25.1330   32.6870
  QMMM:     8        8      N       18.6000   21.5020   34.4940
  QMMM:     9        9      C       22.2280   24.7370   33.4360
  QMMM:    10       10      N       26.8840   23.3020   34.9160
  QMMM:    11       11      C       22.0270   23.9170   34.5790
  QMMM:    12       12      C       20.7650   23.4000   34.8700
  QMMM:    13       13      C       23.5360   25.0080   33.0020
  QMMM:    14       14      C       24.5490   24.5080   33.7810
  QMMM:    15       15      C       24.3940   23.7910   34.9640
  QMMM:    16       16      C       23.0980   23.4660   35.3560
  QMMM:    17       17      C       20.3990   16.6140   31.6830
  QMMM:    18       18      C       25.0620   18.0920   31.3590
  QMMM:    19       19      C       26.0490   18.8930   30.7870
  QMMM:    20       20      C       25.6990   19.8430   29.8240
  QMMM:    21       21      C       24.3760   19.9380   29.3490
  QMMM:    22       22      C       23.3960   19.1200   29.9190
  QMMM:    23       23      C       23.7380   18.2120   30.9420
  QMMM:    24       24      C       22.0840   19.1820   29.4450
  QMMM:    25       25      C       21.1230   18.3410   30.0120
  QMMM:    26       26      C       21.4620   17.4530   31.0280
  QMMM:    27       27      C       22.7660   17.3880   31.5070
  QMMM:    28       28      C       18.8980   16.4340   33.6230
  QMMM:    29       29      C       18.3720   17.2380   34.8140
  QMMM:    30       30      C       17.4980   19.4430   35.3470
  QMMM:    31       31      C       17.2790   20.8210   34.7160
  QMMM:    32       32      C       18.3950   22.9320   34.1210
  QMMM:    33       33      C       27.4970   18.6610   31.1470
  QMMM:    34       34      C       29.4500   19.5890   32.3200
  QMMM:    35       35      C       29.9630   20.8360   33.0600
  QMMM:    36       36      C       29.2130   22.5040   34.6530
  QMMM:    37       37      C       28.0750   22.7680   35.6550
  QMMM:    38       38      C       25.6040   23.2130   35.6960
  QMMM:    39       39      H       18.9910   24.9840   32.4530
  QMMM:    40       40      H       19.9030   18.1300   32.9850
  QMMM:    41       41      H       20.8910   17.0000   33.6450
  QMMM:    42       42      H       27.5800   20.4530   32.1710
  QMMM:    43       43      H       28.4180   20.4700   30.7630
  QMMM:    44       44      H       21.2390   25.8220   31.8640
  QMMM:    45       45      H       19.1020   21.0300   33.7550
  QMMM:    46       46      H       19.1510   21.4500   35.3390
  QMMM:    47       47      H       26.7800   22.8040   34.0430
  QMMM:    48       48      H       27.0530   24.2640   34.6580
  QMMM:    49       49      H       20.6080   22.7740   35.7360
  QMMM:    50       50      H       23.6980   25.5810   32.1010
  QMMM:    51       51      H       25.5780   24.6590   33.4910
  QMMM:    52       52      H       22.9120   22.8770   36.2420
  QMMM:    53       53      H       19.4950   16.6330   31.0740
  QMMM:    54       54      H       20.7470   15.5840   31.7620
  QMMM:    55       55      H       25.3230   17.3780   32.1260
  QMMM:    56       56      H       26.4470   20.5170   29.4340
  QMMM:    57       57      H       24.1350   20.6330   28.5590
  QMMM:    58       58      H       21.8280   19.8710   28.6540
  QMMM:    59       59      H       20.1020   18.3750   29.6620
  QMMM:    60       60      H       23.0300   16.7110   32.3060
  QMMM:    61       61      H       19.1910   15.4390   33.9580
  QMMM:    62       62      H       18.1180   16.3550   32.8650
  QMMM:    63       63      H       17.4130   16.8300   35.1320
  QMMM:    64       64      H       19.0940   17.1940   35.6290
  QMMM:    65       65      H       18.1000   19.5490   36.2490
  QMMM:    66       66      H       16.5330   18.9920   35.5790
  QMMM:    67       67      H       16.7650   20.7060   33.7620
  QMMM:    68       68      H       16.6630   21.4300   35.3780
  QMMM:    69       69      H       17.8690   22.9860   33.1680
  QMMM:    70       70      H       17.7460   23.4090   34.8560
  QMMM:    71       71      H       27.5580   17.9220   31.9460
  QMMM:    72       72      H       28.0190   18.2320   30.2920
  QMMM:    73       73      H       30.2090   19.2460   31.6170
  QMMM:    74       74      H       29.2500   18.7960   33.0410
  QMMM:    75       75      H       30.8400   20.5720   33.6510
  QMMM:    76       76      H       30.1970   21.6170   32.3360
  QMMM:    77       77      H       29.2770   23.3340   33.9500
  QMMM:    78       78      H       30.1520   22.3830   35.1940
  QMMM:    79       79      H       27.8060   21.8360   36.1520
  QMMM:    80       80      H       28.4030   23.5010   36.3920
  QMMM:    81       81      H       25.7270   23.7240   36.6510
  QMMM:    82       82      H       25.4080   22.1720   35.9520

--------------------------------------------------------------------------------
  RESULTS
--------------------------------------------------------------------------------

      iter         sqm energy              rms gradient
      ----    -------------------    -----------------------
xmin    10      823.6934 kcal/mol        1.1406 kcal/(mol*A)
xmin    20      821.0325 kcal/mol        0.8468 kcal/(mol*A)
xmin    30      819.4392 kcal/mol        0.6072 kcal/(mol*A)
xmin    40      818.1222 kcal/mol        0.2232 kcal/(mol*A)
xmin    50      817.9101 kcal/mol        0.3249 kcal/(mol*A)
xmin    60      817.7912 kcal/mol        0.2202 kcal/(mol*A)
xmin    70      817.7154 kcal/mol        0.0947 kcal/(mol*A)
xmin    80      817.2316 kcal/mol        0.6737 kcal/(mol*A)
xmin    90      816.1677 kcal/mol        0.4351 kcal/(mol*A)
xmin   100      815.8946 kcal/mol        0.0527 kcal/(mol*A)
xmin   110      815.8493 kcal/mol        0.1254 kcal/(mol*A)
xmin   120      815.8395 kcal/mol        0.0246 kcal/(mol*A)
xmin   130      815.8389 kcal/mol        0.0116 kcal/(mol*A)
xmin   140      815.8387 kcal/mol        0.0023 kcal/(mol*A)
xmin   150      815.8386 kcal/mol        0.0011 kcal/(mol*A)
  ... geometry converged !
 
 Final MO eigenvalues (eV):
 -50.8212  -50.6204  -50.5101  -50.1264  -49.5231  -49.0029  -48.4095  -47.9376
 -46.1540  -45.8739  -43.0550  -42.6438  -41.9003  -41.7888  -41.4932  -40.5400
 -40.2625  -39.4621  -39.1546  -38.8790  -36.5592  -36.4232  -36.1042  -36.0180
 -34.1805  -33.8357  -33.6291  -33.2510  -32.5005  -32.3355  -32.1179  -32.0427
 -31.5703  -31.5555  -29.8575  -29.7049  -29.5741  -29.4705  -28.4324  -28.1979
 -27.9618  -27.8204  -27.7663  -27.6432  -27.3890  -27.3368  -27.0003  -26.9597
 -26.6612  -26.5276  -26.0621  -25.9130  -25.8584  -25.7076  -25.6697  -25.5282
 -25.3657  -24.7490  -24.5101  -24.4585  -24.1819  -24.0951  -24.0446  -23.9795
 -23.6503  -23.5856  -23.5664  -23.3931  -23.2293  -23.2014  -23.0688  -23.0585
 -23.0233  -22.9331  -22.8872  -22.8523  -22.7859  -22.7305  -22.6718  -22.5839
 -22.4521  -22.3604  -22.3289  -22.2036  -21.7164  -21.6532  -21.1500  -21.0744
 -21.0586  -20.9708  -20.8950  -20.6670  -20.6477  -20.5885  -19.7023  -19.6193
 -18.5757  -18.5044  -17.7893  -17.7013   -9.6945   -9.6669   -9.5476   -9.4996
  -8.9406   -8.8696   -8.7967   -8.7451   -7.9138   -7.8257   -7.6407   -7.5898
  -7.2858   -7.2392   -7.0802   -7.0522   -7.0110   -6.9839   -6.9460   -6.9439
  -6.9345   -6.8870   -6.8606   -6.8236   -6.7620   -6.7333   -6.3863   -6.3474
  -6.2644   -6.2213   -6.2047   -6.1730   -6.1172   -6.0711   -6.0204   -5.9708
  -5.9519   -5.9288   -5.9150   -5.8944   -5.8920   -5.8272   -5.8122   -5.7720
  -5.7236   -5.7079   -5.6767   -5.6030   -5.5140   -5.5054   -5.4564   -5.4377
  -5.4334   -5.4004   -5.3853   -5.3789   -5.3588   -5.3228   -5.2946   -5.2780
  -5.2646   -5.2127   -5.0952   -5.0786   -5.0657   -4.9795   -4.9461   -4.8732
  -4.7870   -4.7467   -4.7108   -4.6755   -4.4820   -4.3863   -4.1774   -4.1613
  -4.1095   -4.0914   -4.0749   -4.0488   -4.0056   -3.9662   -3.9209   -3.8435
  -3.7224   -3.6490   -3.6177   -3.5693   -3.5330   -3.4269   -3.2664   -3.1565
  -3.0727   -3.0211   -2.9641   -2.9239

 Heat of formation   =        815.83862707 kcal/mol  (       35.37741759 eV)

 Total SCF energy    =    -141486.31822761 kcal/mol  (    -6135.30715180 eV)
 Electronic energy   =   -1374633.86589672 kcal/mol  (   -59608.59745443 eV)
 Core-core repulsion =    1233147.54766911 kcal/mol  (    53473.29030264 eV)
 
    Atomic Charges for Step       1 :
  Atom    Element       Mulliken Charge
     1      C                 -0.105
     2      N                 -0.037
     3      O                 -0.328
     4      C                 -0.153
     5      N                 -0.039
     6      O                 -0.343
     7      C                 -0.084
     8      N                 -0.037
     9      C                  0.003
    10      N                 -0.038
    11      C                 -0.058
    12      C                 -0.070
    13      C                 -0.076
    14      C                 -0.123
    15      C                 -0.159
    16      C                 -0.060
    17      C                 -0.081
    18      C                 -0.067
    19      C                 -0.159
    20      C                 -0.111
    21      C                 -0.074
    22      C                  0.007
    23      C                 -0.058
    24      C                 -0.072
    25      C                 -0.115
    26      C                 -0.158
    27      C                 -0.065
    28      C                 -0.167
    29      C                 -0.045
    30      C                 -0.054
    31      C                 -0.142
    32      C                 -0.081
    33      C                 -0.078
    34      C                 -0.143
    35      C                 -0.047
    36      C                 -0.047
    37      C                 -0.143
    38      C                 -0.078
    39      H                  0.159
    40      H                  0.262
    41      H                  0.243
    42      H                  0.237
    43      H                  0.255
    44      H                  0.182
    45      H                  0.244
    46      H                  0.259
    47      H                  0.238
    48      H                  0.253
    49      H                  0.145
    50      H                  0.182
    51      H                  0.150
    52      H                  0.149
    53      H                  0.175
    54      H                  0.142
    55      H                  0.140
    56      H                  0.158
    57      H                  0.185
    58      H                  0.185
    59      H                  0.156
    60      H                  0.139
    61      H                  0.181
    62      H                  0.159
    63      H                  0.155
    64      H                  0.130
    65      H                  0.125
    66      H                  0.139
    67      H                  0.157
    68      H                  0.177
    69      H                  0.172
    70      H                  0.165
    71      H                  0.149
    72      H                  0.176
    73      H                  0.182
    74      H                  0.159
    75      H                  0.155
    76      H                  0.121
    77      H                  0.121
    78      H                  0.156
    79      H                  0.160
    80      H                  0.182
    81      H                  0.177
    82      H                  0.151
 Total Mulliken Charge =       4.000
 
                  X        Y        Z     TOTAL  
  QM DIPOLE   445.423  396.505  639.498  874.400
 
 Final Structure

  QMMM: QM Region Cartesian Coordinates (*=link atom) 
  QMMM: QM_NO.   MM_NO.  ATOM         X         Y         Z
  QMMM:     1        1      C       19.4886   24.2507   34.7104
  QMMM:     2        2      N       19.3224   17.7197   31.3966
  QMMM:     3        3      O       18.3778   19.2150   33.8401
  QMMM:     4        4      C       19.8154   23.2903   35.7057
  QMMM:     5        5      N       28.1845   19.5243   31.5737
  QMMM:     6        6      O       28.6952   21.9302   33.3241
  QMMM:     7        7      C       20.4758   24.9904   34.1069
  QMMM:     8        8      N       18.3207   21.2809   35.9518
  QMMM:     9        9      C       21.8396   24.8007   34.4633
  QMMM:    10       10      N       26.8606   23.9532   34.5470
  QMMM:    11       11      C       22.1747   23.8190   35.4319
  QMMM:    12       12      C       21.1341   23.0731   36.0521
  QMMM:    13       13      C       22.8719   25.6026   33.8984
  QMMM:    14       14      C       24.1781   25.4266   34.2801
  QMMM:    15       15      C       24.5214   24.4268   35.2308
  QMMM:    16       16      C       23.5395   23.6398   35.7955
  QMMM:    17       17      C       20.3644   16.6461   31.5468
  QMMM:    18       18      C       25.2153   17.7571   31.5682
  QMMM:    19       19      C       26.3990   17.9450   30.8846
  QMMM:    20       20      C       26.4212   17.8930   29.4648
  QMMM:    21       21      C       25.2660   17.6561   28.7608
  QMMM:    22       22      C       24.0327   17.4550   29.4423
  QMMM:    23       23      C       24.0072   17.5076   30.8606
  QMMM:    24       24      C       22.8300   17.1710   28.7354
  QMMM:    25       25      C       21.6589   16.9442   29.4153
  QMMM:    26       26      C       21.6303   16.9967   30.8355
  QMMM:    27       27      C       22.7809   17.2748   31.5432
  QMMM:    28       28      C       18.0810   17.4514   32.1794
  QMMM:    29       29      C       18.1846   17.8157   33.6631
  QMMM:    30       30      C       17.1812   19.9422   34.1395
  QMMM:    31       31      C       17.5963   21.3242   34.6495
  QMMM:    32       32      C       18.7053   22.6418   36.4644
  QMMM:    33       33      C       27.6858   18.1052   31.6254
  QMMM:    34       34      C       29.3143   19.7625   32.5188
  QMMM:    35       35      C       29.7253   21.2320   32.6138
  QMMM:    36       36      C       29.1609   23.1684   33.8732
  QMMM:    37       37      C       28.2223   23.5619   35.0146
  QMMM:    38       38      C       25.9408   24.3080   35.6832
  QMMM:    39       39      H       18.4309   24.4300   34.4546
  QMMM:    40       40      H       19.0792   17.7945   30.3988
  QMMM:    41       41      H       19.7167   18.6187   31.6962
  QMMM:    42       42      H       27.4166   20.1626   31.8057
  QMMM:    43       43      H       28.4866   19.7360   30.6137
  QMMM:    44       44      H       20.2222   25.7613   33.3573
  QMMM:    45       45      H       19.1637   20.7073   35.8373
  QMMM:    46       46      H       17.7180   20.8318   36.6551
  QMMM:    47       47      H       26.4581   23.1762   34.0130
  QMMM:    48       48      H       26.9335   24.7611   33.9148
  QMMM:    49       49      H       21.4030   22.3543   36.8434
  QMMM:    50       50      H       22.5979   26.3871   33.1702
  QMMM:    51       51      H       24.9593   26.0919   33.8781
  QMMM:    52       52      H       23.7849   22.8854   36.5613
  QMMM:    53       53      H       19.9354   15.6897   31.1188
  QMMM:    54       54      H       20.5463   16.4942   32.6493
  QMMM:    55       55      H       25.1883   17.7601   32.6698
  QMMM:    56       56      H       27.3785   18.0081   28.9300
  QMMM:    57       57      H       25.2815   17.5971   27.6573
  QMMM:    58       58      H       22.8605   17.1153   27.6321
  QMMM:    59       59      H       20.7426   16.6839   28.8603
  QMMM:    60       60      H       22.7823   17.2878   32.6449
  QMMM:    61       61      H       17.8304   16.3520   32.0924
  QMMM:    62       62      H       17.2467   18.0476   31.7043
  QMMM:    63       63      H       17.2524   17.4451   34.1725
  QMMM:    64       64      H       19.0831   17.3402   34.1460
  QMMM:    65       65      H       16.5620   19.3886   34.8965
  QMMM:    66       66      H       16.5831   20.0809   33.1974
  QMMM:    67       67      H       18.2707   21.8327   33.9014
  QMMM:    68       68      H       16.6609   21.9468   34.7787
  QMMM:    69       69      H       17.7798   23.2922   36.4354
  QMMM:    70       70      H       19.0067   22.5043   37.5474
  QMMM:    71       71      H       27.5635   17.8196   32.7106
  QMMM:    72       72      H       28.4851   17.4454   31.1711
  QMMM:    73       73      H       30.2045   19.1597   32.1671
  QMMM:    74       74      H       29.0045   19.3910   33.5386
  QMMM:    75       75      H       30.7011   21.2763   33.1752
  QMMM:    76       76      H       29.8552   21.7114   31.6062
  QMMM:    77       77      H       29.1870   23.9364   33.0536
  QMMM:    78       78      H       30.1938   23.0542   34.3084
  QMMM:    79       79      H       28.1115   22.6977   35.7319
  QMMM:    80       80      H       28.6753   24.4390   35.5668
  QMMM:    81       81      H       26.2940   25.2940   36.1133
  QMMM:    82       82      H       26.0478   23.5142   36.4785
 
           --------- Calculation Completed ----------
 
