            --------------------------------------------------------
                             AMBER SQM VERSION 19
 
                                     By
              Ross C. Walker, Michael F. Crowley, Scott Brozell,
                         Tim Giese, Andreas W. Goetz,
                        Tai-Sung Lee and David A. Case
 
            --------------------------------------------------------
 

--------------------------------------------------------------------------------
  QM CALCULATION INFO
--------------------------------------------------------------------------------

| QMMM: Citation for AMBER QMMM Run:
| QMMM: R.C. Walker, M.F. Crowley and D.A. Case, J. COMP. CHEM. 29:1019, 2008

QMMM: SINGLET STATE CALCULATION
QMMM: RHF CALCULATION, NO. OF DOUBLY OCCUPIED LEVELS = 92

| QMMM: *** Selected Hamiltonian *** 
| QMMM: AM1         

| QMMM: *** Parameter sets in use ***
| QMMM: C : M.J.S.DEWAR et al. JACS, 107, 3902, (1985)
| QMMM: O : M.J.S.DEWAR et al. JACS, 107, 3902, (1985)
| QMMM: N : M.J.S.DEWAR et al. JACS, 107, 3902, (1985)
| QMMM: H : M.J.S.DEWAR et al. JACS, 107, 3902, (1985)

| QMMM: *** SCF convergence criteria ***
| QMMM: Energy change                :  0.1D-09 kcal/mol
| QMMM: Error matrix |FP-PF|         :  0.1D+00 au
| QMMM: Density matrix change        :  0.5D-06
| QMMM: Maximum number of SCF cycles :     1000
 
| QMMM: *** Diagonalization Routine Information ***
| QMMM: Pseudo diagonalizations are allowed.
| QMMM: Auto diagonalization routine selection is in use.
| QMMM:
| QMMM: Timing diagonalization routines:
| QMMM:                              norbs =      168
| QMMM:    diag iterations used for timing =        5
| QMMM:
| QMMM:              Internal diag routine = 0.577489 seconds
| QMMM:                 Dspev diag routine = 6.278304 seconds
| QMMM:                Dspevd diag routine = 1.736796 seconds
| QMMM:                Dspevx diag routine = 4.527521 seconds
| QMMM:                 Dsyev diag routine = 3.790076 seconds
| QMMM:                Dsyevd diag routine = 1.276120 seconds
| QMMM:                Dsyevr diag routine = 1.358775 seconds
| QMMM:
| QMMM:                Pseudo diag routine = 0.008678 seconds
| QMMM:
| QMMM: Using internal diagonalization routine (diag_routine=1).

  QMMM: QM Region Cartesian Coordinates (*=link atom) 
  QMMM: QM_NO.   MM_NO.  ATOM         X         Y         Z
  QMMM:     1        1      C        2.6380   14.8370   22.0020
  QMMM:     2        2      O        1.8070   13.9720   22.1880
  QMMM:     3        3      N        2.6290   15.6410   20.9380
  QMMM:     4        4      C        1.7040   16.5570   20.5350
  QMMM:     5        5      C        2.0250   17.8990   20.1810
  QMMM:     6        6      C        0.8960   18.4390   19.5780
  QMMM:     7        7      N       -0.1630   17.6570   20.0590
  QMMM:     8        8      C        0.3380   16.4840   20.4880
  QMMM:     9        9      C       -1.5940   17.9160   19.9900
  QMMM:    10       10      C        0.6340   19.6810   18.8830
  QMMM:    11       11      O       -0.4630   20.2790   19.0010
  QMMM:    12       12      N        1.4790   20.0040   17.9070
  QMMM:    13       13      C        1.4520   21.2290   17.1880
  QMMM:    14       14      C        2.4610   21.7190   16.3920
  QMMM:    15       15      C        2.0510   22.9360   15.9060
  QMMM:    16       16      N        0.7970   23.1500   16.3530
  QMMM:    17       17      C        0.3420   21.9890   16.9360
  QMMM:    18       18      C        0.0040   24.3540   16.2650
  QMMM:    19       19      C        2.7170   23.8960   14.9890
  QMMM:    20       20      O        2.1840   24.9600   14.6240
  QMMM:    21       21      N        3.9890   23.6370   14.7180
  QMMM:    22       22      C        4.8160   24.5460   13.9710
  QMMM:    23       23      C        5.8770   24.1170   13.1430
  QMMM:    24       24      C        6.3890   25.2430   12.5060
  QMMM:    25       25      N        5.6980   26.3380   13.0410
  QMMM:    26       26      C        4.6920   25.8890   13.8130
  QMMM:    27       27      C        5.8980   27.7580   12.7790
  QMMM:    28       28      C        7.6130   25.4610   11.7650
  QMMM:    29       29      O        8.0850   26.5670   11.5020
  QMMM:    30       30      N        8.3980   24.3670   11.6500
  QMMM:    31       31      C        9.8440   24.5210   11.3630
  QMMM:    32       32      C       10.1830   24.1960    9.9390
  QMMM:    33       33      C       11.6800   23.9520    9.7620
  QMMM:    34       34      N       12.4670   24.9790    9.6230
  QMMM:    35       35      N       12.1880   22.7830   10.1260
  QMMM:    36       36      H        3.4340   14.9840   22.7170
  QMMM:    37       37      H        3.3980   15.6210   20.2840
  QMMM:    38       38      H        3.0050   18.2960   20.4010
  QMMM:    39       39      H       -0.1640   15.5720   20.7750
  QMMM:    40       40      H       -2.1350   17.0980   20.4650
  QMMM:    41       41      H       -1.8200   18.8490   20.5070
  QMMM:    42       42      H       -1.8990   17.9960   18.9470
  QMMM:    43       43      H        2.2040   19.3570   17.6310
  QMMM:    44       44      H        3.3670   21.1470   16.2560
  QMMM:    45       45      H       -0.6380   21.6180   17.1990
  QMMM:    46       46      H       -0.9680   24.1840   16.7280
  QMMM:    47       47      H        0.5160   25.1650   16.7830
  QMMM:    48       48      H       -0.1350   24.6220   15.2180
  QMMM:    49       49      H        4.4090   22.7760   15.0390
  QMMM:    50       50      H        6.1420   23.0710   13.1030
  QMMM:    51       51      H        3.8720   26.4140   14.2810
  QMMM:    52       52      H        5.1860   28.3400   13.3640
  QMMM:    53       53      H        6.9130   28.0400   13.0580
  QMMM:    54       54      H        5.7450   27.9570   11.7180
  QMMM:    55       55      H        7.9990   23.4450   11.7600
  QMMM:    56       56      H       10.4160   23.8750   12.0280
  QMMM:    57       57      H       10.1500   25.5430   11.5840
  QMMM:    58       58      H        9.8710   25.0180    9.2950
  QMMM:    59       59      H        9.6320   23.3090    9.6280
  QMMM:    60       60      H       13.4610   24.8410    9.5050
  QMMM:    61       61      H       12.0840   25.9140    9.6340
  QMMM:    62       62      H       13.1760   22.6050   10.0160
  QMMM:    63       63      H       11.5870   22.0700   10.5140

--------------------------------------------------------------------------------
  RESULTS
--------------------------------------------------------------------------------

      iter         sqm energy              rms gradient
      ----    -------------------    -----------------------
xmin    10      152.4300 kcal/mol        1.1223 kcal/(mol*A)
xmin    20      149.8667 kcal/mol        1.1672 kcal/(mol*A)
xmin    30      147.2441 kcal/mol        1.4136 kcal/(mol*A)
xmin    40      143.7408 kcal/mol        0.3907 kcal/(mol*A)
xmin    50      143.2747 kcal/mol        0.0973 kcal/(mol*A)
xmin    60      143.2030 kcal/mol        0.0370 kcal/(mol*A)
xmin    70      143.1976 kcal/mol        0.0286 kcal/(mol*A)
xmin    80      143.1919 kcal/mol        0.0091 kcal/(mol*A)
xmin    90      143.1874 kcal/mol        0.0393 kcal/(mol*A)
xmin   100      143.1835 kcal/mol        0.0266 kcal/(mol*A)
xmin   110      143.1821 kcal/mol        0.0185 kcal/(mol*A)
xmin   120      143.1806 kcal/mol        0.0123 kcal/(mol*A)
xmin   130      143.1781 kcal/mol        0.0104 kcal/(mol*A)
xmin   140      143.1772 kcal/mol        0.0103 kcal/(mol*A)
xmin   150      143.1769 kcal/mol        0.0029 kcal/(mol*A)
xmin   160      143.1765 kcal/mol        0.0048 kcal/(mol*A)
xmin   170      143.1762 kcal/mol        0.0021 kcal/(mol*A)
xmin   180      143.1761 kcal/mol        0.0059 kcal/(mol*A)
xmin   190      143.1760 kcal/mol        0.0072 kcal/(mol*A)
xmin   200      143.1760 kcal/mol        0.0104 kcal/(mol*A)
xmin   210      143.1758 kcal/mol        0.0034 kcal/(mol*A)
xmin   220      143.1757 kcal/mol        0.0038 kcal/(mol*A)
xmin   230      143.1757 kcal/mol        0.0013 kcal/(mol*A)
xmin   240      143.1757 kcal/mol        0.0042 kcal/(mol*A)
xmin   250      143.1756 kcal/mol        0.0068 kcal/(mol*A)
xmin   260      143.1756 kcal/mol        0.0051 kcal/(mol*A)
xmin   270      143.1755 kcal/mol        0.0035 kcal/(mol*A)
xmin   280      143.1755 kcal/mol        0.0017 kcal/(mol*A)
xmin   290      143.1754 kcal/mol        0.0024 kcal/(mol*A)
xmin   300      143.1754 kcal/mol        0.0007 kcal/(mol*A)
xmin   310      143.1754 kcal/mol        0.0017 kcal/(mol*A)
xmin   320      143.1754 kcal/mol        0.0014 kcal/(mol*A)
xmin   330      143.1754 kcal/mol        0.0006 kcal/(mol*A)
  ... geometry converged !
 
 Final MO eigenvalues (eV):
 -44.4967  -43.8227  -42.9779  -42.5443  -42.1442  -40.8529  -40.3761  -39.7921
 -39.1910  -38.6138  -37.7141  -37.1236  -36.7069  -35.8151  -34.8669  -34.2570
 -33.5519  -32.3381  -31.3136  -30.4328  -29.4446  -28.9615  -28.3400  -28.1756
 -26.9326  -26.0476  -25.6804  -25.3796  -24.8975  -23.9659  -23.6696  -23.5361
 -23.3490  -22.9005  -22.4122  -21.7160  -21.3986  -21.2098  -21.0912  -20.5442
 -20.2607  -19.8555  -19.6170  -19.5450  -19.4001  -19.3127  -18.7951  -18.6935
 -18.3271  -18.0818  -17.9295  -17.8770  -17.6070  -17.5080  -17.4466  -17.3342
 -17.1854  -16.9070  -16.8501  -16.7099  -16.5869  -16.3444  -16.2363  -16.2226
 -16.0552  -15.9939  -15.8946  -15.6626  -15.5905  -15.5603  -15.3143  -15.2595
 -14.8508  -14.5808  -14.4926  -14.4610  -14.1804  -14.1408  -14.1190  -13.6942
 -13.5435  -12.8673  -12.7073  -12.6213  -12.2029  -11.9884  -11.7011  -10.8549
 -10.5156  -10.4620   -9.7732   -9.4445   -4.4764   -3.1715   -2.5380   -2.0668
  -1.7322   -1.4620   -1.3171   -0.9923   -0.8044   -0.5674   -0.4664   -0.4058
  -0.2212   -0.1256   -0.0467   -0.0189    0.1604    0.2384    0.2993    0.4046
   0.5864    0.6410    0.6642    0.6941    0.8219    0.9210    1.0217    1.2122
   1.2340    1.3775    1.3823    1.4838    1.7436    1.8340    1.9051    1.9158
   2.0332    2.1239    2.1518    2.2132    2.3767    2.3978    2.4674    2.6117
   2.6600    2.7987    2.8190    2.8259    2.9296    2.9561    2.9831    3.0712
   3.1065    3.1680    3.2574    3.3435    3.4113    3.4249    3.5573    3.6411
   3.7242    3.8543    3.9219    4.0145    4.2057    4.4405    4.4686    4.5823
   4.7629    4.8250    5.0027    5.0852    5.1936    5.3039    5.8274    5.9219


 Heat of formation   =        143.17537497 kcal/mol  (        6.20855015 eV)

 Total SCF energy    =    -146151.99604468 kcal/mol  (    -6337.62612396 eV)
 Electronic energy   =   -1144436.78492872 kcal/mol  (   -49626.50296729 eV)
 Core-core repulsion =     998284.78888404 kcal/mol  (    43288.87684333 eV)
 
    Atomic Charges for Step       1 :
  Atom    Element       Mulliken Charge
     1      C                  0.264
     2      O                 -0.353
     3      N                 -0.312
     4      C                 -0.034
     5      C                 -0.186
     6      C                 -0.144
     7      N                 -0.071
     8      C                 -0.108
     9      C                 -0.083
    10      C                  0.386
    11      O                 -0.381
    12      N                 -0.294
    13      C                 -0.016
    14      C                 -0.183
    15      C                 -0.155
    16      N                 -0.070
    17      C                 -0.102
    18      C                 -0.083
    19      C                  0.391
    20      O                 -0.382
    21      N                 -0.300
    22      C                 -0.002
    23      C                 -0.167
    24      C                 -0.185
    25      N                 -0.065
    26      C                 -0.084
    27      C                 -0.083
    28      C                  0.405
    29      O                 -0.451
    30      N                 -0.388
    31      C                 -0.016
    32      C                 -0.197
    33      C                  0.277
    34      N                 -0.297
    35      N                 -0.332
    36      H                  0.128
    37      H                  0.232
    38      H                  0.144
    39      H                  0.210
    40      H                  0.101
    41      H                  0.112
    42      H                  0.110
    43      H                  0.237
    44      H                  0.144
    45      H                  0.214
    46      H                  0.104
    47      H                  0.111
    48      H                  0.109
    49      H                  0.241
    50      H                  0.149
    51      H                  0.222
    52      H                  0.112
    53      H                  0.111
    54      H                  0.101
    55      H                  0.247
    56      H                  0.118
    57      H                  0.119
    58      H                  0.161
    59      H                  0.132
    60      H                  0.264
    61      H                  0.321
    62      H                  0.266
    63      H                  0.278
 Total Mulliken Charge =       1.000
 
                  X        Y        Z     TOTAL  
  QM DIPOLE    52.320  115.544   49.710  136.231
 
 Final Structure

  QMMM: QM Region Cartesian Coordinates (*=link atom) 
  QMMM: QM_NO.   MM_NO.  ATOM         X         Y         Z
  QMMM:     1        1      C        2.0369   14.4410   21.7777
  QMMM:     2        2      O        0.8792   14.1891   22.1454
  QMMM:     3        3      N        2.3834   15.5403   21.0201
  QMMM:     4        4      C        1.4937   16.5130   20.5765
  QMMM:     5        5      C        1.8276   17.6594   19.7774
  QMMM:     6        6      C        0.6296   18.3739   19.5615
  QMMM:     7        7      N       -0.4143   17.6960   20.2041
  QMMM:     8        8      C        0.0943   16.5685   20.8212
  QMMM:     9        9      C       -1.7853   18.1064   20.2290
  QMMM:    10       10      C        0.4183   19.6266   18.8125
  QMMM:    11       11      O       -0.6892   20.2046   18.7773
  QMMM:    12       12      N        1.5222   20.1344   18.1405
  QMMM:    13       13      C        1.5124   21.3060   17.3951
  QMMM:    14       14      C        2.6256   21.8340   16.6564
  QMMM:    15       15      C        2.1879   23.0332   16.0513
  QMMM:    16       16      N        0.8477   23.2442   16.4020
  QMMM:    17       17      C        0.4267   22.2078   17.2128
  QMMM:    18       18      C        0.0436   24.3559   15.9946
  QMMM:    19       19      C        2.9364   23.9643   15.1934
  QMMM:    20       20      O        2.4518   25.0385   14.7781
  QMMM:    21       21      N        4.2340   23.5863   14.8564
  QMMM:    22       22      C        5.0817   24.3420   14.0612
  QMMM:    23       23      C        6.3999   23.9655   13.6472
  QMMM:    24       24      C        6.9041   25.0237   12.8502
  QMMM:    25       25      N        5.9238   26.0259   12.7740
  QMMM:    26       26      C        4.8221   25.6299   13.5005
  QMMM:    27       27      C        6.0525   27.2677   12.0740
  QMMM:    28       28      C        8.2000   25.1257   12.1897
  QMMM:    29       29      O        8.5255   26.0938   11.4540
  QMMM:    30       30      N        9.1019   24.0837   12.3718
  QMMM:    31       31      C       10.4675   24.1766   11.9623
  QMMM:    32       32      C       10.7701   23.5267   10.5952
  QMMM:    33       33      C       11.1979   24.5446    9.5424
  QMMM:    34       34      N       10.3965   25.5909    9.2831
  QMMM:    35       35      N       12.3604   24.3368    8.8770
  QMMM:    36       36      H        2.9088   13.7917   22.0286
  QMMM:    37       37      H        3.3353   15.6775   20.7721
  QMMM:    38       38      H        2.8180   17.9205   19.4196
  QMMM:    39       39      H       -0.5269   15.8692   21.3895
  QMMM:    40       40      H       -2.3918   17.3524   20.7955
  QMMM:    41       41      H       -1.8694   19.1142   20.7202
  QMMM:    42       42      H       -2.1718   18.1980   19.1775
  QMMM:    43       43      H        2.3843   19.6429   18.1815
  QMMM:    44       44      H        3.6132   21.3901   16.5888
  QMMM:    45       45      H       -0.5890   22.1431   17.6161
  QMMM:    46       46      H       -0.9912   24.2425   16.4115
  QMMM:    47       47      H        0.5038   25.3120   16.3662
  QMMM:    48       48      H        0.0015   24.4015   14.8723
  QMMM:    49       49      H        4.5898   22.7212   15.1913
  QMMM:    50       50      H        6.9088   23.0403   13.8993
  QMMM:    51       51      H        3.9180   26.2425   13.5970
  QMMM:    52       52      H        5.1374   27.8929   12.2481
  QMMM:    53       53      H        6.9642   27.8152   12.4377
  QMMM:    54       54      H        6.1749   27.0705   10.9746
  QMMM:    55       55      H        8.8519   23.3319   12.9714
  QMMM:    56       56      H       11.1056   23.6450   12.7285
  QMMM:    57       57      H       10.7820   25.2608   11.9512
  QMMM:    58       58      H        9.8712   22.9839   10.1874
  QMMM:    59       59      H       11.5773   22.7594   10.7412
  QMMM:    60       60      H       10.6219   26.2928    8.6113
  QMMM:    61       61      H        9.5681   25.7316    9.8460
  QMMM:    62       62      H       12.6929   24.9488    8.1642
  QMMM:    63       63      H       12.9080   23.5310    9.0876
 
           --------- Calculation Completed ----------
 
