            --------------------------------------------------------
                             AMBER SQM VERSION 19
 
                                     By
              Ross C. Walker, Michael F. Crowley, Scott Brozell,
                         Tim Giese, Andreas W. Goetz,
                        Tai-Sung Lee and David A. Case
 
            --------------------------------------------------------
 

--------------------------------------------------------------------------------
  QM CALCULATION INFO
--------------------------------------------------------------------------------

| QMMM: Citation for AMBER QMMM Run:
| QMMM: R.C. Walker, M.F. Crowley and D.A. Case, J. COMP. CHEM. 29:1019, 2008

QMMM: SINGLET STATE CALCULATION
QMMM: RHF CALCULATION, NO. OF DOUBLY OCCUPIED LEVELS = 83

| QMMM: *** Selected Hamiltonian *** 
| QMMM: AM1         

| QMMM: *** Parameter sets in use ***
| QMMM: C : M.J.S.DEWAR et al. JACS, 107, 3902, (1985)
| QMMM: N : M.J.S.DEWAR et al. JACS, 107, 3902, (1985)
| QMMM: O : M.J.S.DEWAR et al. JACS, 107, 3902, (1985)
| QMMM: H : M.J.S.DEWAR et al. JACS, 107, 3902, (1985)

| QMMM: *** SCF convergence criteria ***
| QMMM: Energy change                :  0.1D-09 kcal/mol
| QMMM: Error matrix |FP-PF|         :  0.1D+00 au
| QMMM: Density matrix change        :  0.5D-06
| QMMM: Maximum number of SCF cycles :     1000
 
| QMMM: *** Diagonalization Routine Information ***
| QMMM: Pseudo diagonalizations are allowed.
| QMMM: Auto diagonalization routine selection is in use.
| QMMM:
| QMMM: Timing diagonalization routines:
| QMMM:                              norbs =      162
| QMMM:    diag iterations used for timing =        5
| QMMM:
| QMMM:              Internal diag routine = 0.045243 seconds
| QMMM:                 Dspev diag routine = 1.808192 seconds
| QMMM:                Dspevd diag routine = 2.028861 seconds
| QMMM:                Dspevx diag routine = 2.144353 seconds
| QMMM:                 Dsyev diag routine = 2.167228 seconds
| QMMM:                Dsyevd diag routine = 1.279052 seconds
| QMMM:                Dsyevr diag routine = 0.885751 seconds
| QMMM:
| QMMM:                Pseudo diag routine = 0.082988 seconds
| QMMM: Pseudo diagonalization appears to be slower than regular
| QMMM: diagonalization. Setting pseudo_diag=0 for optimum performance.
| QMMM:
| QMMM: Using internal diagonalization routine (diag_routine=1).

  QMMM: QM Region Cartesian Coordinates (*=link atom) 
  QMMM: QM_NO.   MM_NO.  ATOM         X         Y         Z
  QMMM:     1        1      C        9.5750   19.3500   14.1550
  QMMM:     2        2      N        8.8340   18.4010   14.6000
  QMMM:     3        3      N       10.7520   19.5120   14.6080
  QMMM:     4        4      C        8.1440   18.2910   15.6990
  QMMM:     5        5      C        8.7960   18.5690   17.0030
  QMMM:     6        6      C        8.6790   17.2980   17.8040
  QMMM:     7        7      C        8.1490   16.2420   16.9410
  QMMM:     8        8      C        8.0350   16.7850   15.5770
  QMMM:     9        9      C        8.1740   21.8230   10.9970
  QMMM:    10       10      C        7.2750   21.3990   11.9860
  QMMM:    11       11      C        7.7320   20.5670   13.0520
  QMMM:    12       12      C        9.0780   20.1870   13.0970
  QMMM:    13       13      C        9.9730   20.6010   12.1220
  QMMM:    14       14      C        9.5180   21.4240   11.0630
  QMMM:    15       15      C        7.7830   22.6710    9.9200
  QMMM:    16       16      O        8.7840   23.0240    9.0140
  QMMM:    17       17      C        6.5690   23.2380    9.5870
  QMMM:    18       18      C        6.8110   23.9890    8.3930
  QMMM:    19       19      C        8.1370   23.7950    8.0940
  QMMM:    20       20      C        8.9450   24.2120    7.0090
  QMMM:    21       21      C        8.3970   24.9820    5.9630
  QMMM:    22       22      C        9.1920   25.3600    4.8780
  QMMM:    23       23      C       10.5430   24.9460    4.8490
  QMMM:    24       24      C       11.0520   24.1810    5.9050
  QMMM:    25       25      C       10.2630   23.8070    6.9910
  QMMM:    26       26      C       11.4680   25.2810    3.7070
  QMMM:    27       27      N       11.6000   26.4910    3.1020
  QMMM:    28       28      N       12.1930   24.2760    3.2020
  QMMM:    29       29      C       12.5980   26.7440    2.2300
  QMMM:    30       30      C       13.4260   27.9390    2.5760
  QMMM:    31       31      C       13.4100   28.9950    1.5070
  QMMM:    32       32      C       12.2700   28.6500    0.5850
  QMMM:    33       33      C       11.9360   27.2030    0.9350
  QMMM:    34       34      H        9.1760   20.0340   14.9040
  QMMM:    35       35      H        8.0800   18.2290   13.9500
  QMMM:    36       36      H       11.1850   20.2990   14.1470
  QMMM:    37       37      H       10.7100   19.6860   15.6020
  QMMM:    38       38      H       11.2970   18.6800   14.4350
  QMMM:    39       39      H        7.1720   18.7770   15.6190
  QMMM:    40       40      H        9.2860   19.4320   17.4280
  QMMM:    41       41      H        8.9700   17.2860   18.8440
  QMMM:    42       42      H        7.9200   15.2710   17.3550
  QMMM:    43       43      H        7.9010   16.1170   14.7390
  QMMM:    44       44      H        6.2390   21.7020   11.9400
  QMMM:    45       45      H        7.0410   20.2370   13.8140
  QMMM:    46       46      H       11.0080   20.2960   12.1740
  QMMM:    47       47      H       10.2140   21.7450   10.3020
  QMMM:    48       48      H        5.7010   23.0570   10.2040
  QMMM:    49       49      H        6.0080   24.5480    7.9340
  QMMM:    50       50      H        7.3600   25.2810    5.9990
  QMMM:    51       51      H        8.7710   25.9570    4.0820
  QMMM:    52       52      H       12.0840   23.8630    5.8930
  QMMM:    53       53      H       10.6580   23.2160    7.8040
  QMMM:    54       54      H       12.2670   25.5260    4.4060
  QMMM:    55       55      H       10.7700   26.6900    2.5620
  QMMM:    56       56      H       12.7700   24.6220    2.4480
  QMMM:    57       57      H       12.7820   23.8890    3.9250
  QMMM:    58       58      H       11.5750   23.5580    2.8510
  QMMM:    59       59      H       13.2190   25.8630    2.0690
  QMMM:    60       60      H       13.9990   28.0930    3.4780
  QMMM:    61       61      H       14.1390   29.7910    1.5240
  QMMM:    62       62      H       11.8950   29.3870   -0.1100
  QMMM:    63       63      H       11.2920   26.6260    0.2880

--------------------------------------------------------------------------------
  RESULTS
--------------------------------------------------------------------------------

      iter         sqm energy              rms gradient
      ----    -------------------    -----------------------
xmin    10      491.2350 kcal/mol        0.8572 kcal/(mol*A)
xmin    20      484.4639 kcal/mol        0.6304 kcal/(mol*A)
xmin    30      482.5094 kcal/mol        0.6937 kcal/(mol*A)
xmin    40      481.3887 kcal/mol        0.7688 kcal/(mol*A)
xmin    50      480.1521 kcal/mol        0.3458 kcal/(mol*A)
xmin    60      479.7790 kcal/mol        0.3688 kcal/(mol*A)
xmin    70      479.4428 kcal/mol        0.0974 kcal/(mol*A)
xmin    80      479.3614 kcal/mol        0.2104 kcal/(mol*A)
xmin    90      479.2430 kcal/mol        0.0394 kcal/(mol*A)
xmin   100      479.1715 kcal/mol        0.3187 kcal/(mol*A)
xmin   110      479.0853 kcal/mol        0.0354 kcal/(mol*A)
xmin   120      479.0635 kcal/mol        0.0486 kcal/(mol*A)
xmin   130      478.9773 kcal/mol        0.2819 kcal/(mol*A)
xmin   140      478.5674 kcal/mol        0.1739 kcal/(mol*A)
xmin   150      478.1792 kcal/mol        0.1664 kcal/(mol*A)
xmin   160      477.5904 kcal/mol        0.2073 kcal/(mol*A)
xmin   170      477.3808 kcal/mol        0.2636 kcal/(mol*A)
xmin   180      476.7176 kcal/mol        0.6387 kcal/(mol*A)
xmin   190      476.4653 kcal/mol        0.2556 kcal/(mol*A)
xmin   200      476.3861 kcal/mol        0.0676 kcal/(mol*A)
xmin   210      476.3683 kcal/mol        0.0365 kcal/(mol*A)
xmin   220      476.3618 kcal/mol        0.0138 kcal/(mol*A)
xmin   230      476.3587 kcal/mol        0.0384 kcal/(mol*A)
xmin   240      476.3547 kcal/mol        0.0259 kcal/(mol*A)
xmin   250      476.3541 kcal/mol        0.0068 kcal/(mol*A)
xmin   260      476.3533 kcal/mol        0.0097 kcal/(mol*A)
xmin   270      476.3527 kcal/mol        0.0109 kcal/(mol*A)
xmin   280      476.3526 kcal/mol        0.0029 kcal/(mol*A)
xmin   290      476.3525 kcal/mol        0.0062 kcal/(mol*A)
xmin   300      476.3525 kcal/mol        0.0010 kcal/(mol*A)
xmin   310      476.3525 kcal/mol        0.0014 kcal/(mol*A)
  ... geometry converged !
 
 Final MO eigenvalues (eV):
 -46.4299  -46.0685  -45.8929  -44.3375  -44.0326  -42.6693  -42.4963  -39.9632
 -39.9140  -38.3678  -38.1356  -37.0432  -36.5368  -36.3517  -34.1809  -33.9171
 -33.8150  -32.9114  -31.7644  -30.5790  -29.8017  -28.8802  -28.3095  -28.0228
 -27.1670  -25.8158  -25.5616  -25.3772  -25.3017  -24.7000  -24.6763  -24.3234
 -24.3118  -24.2063  -24.1809  -23.3267  -22.6822  -22.6701  -22.5144  -22.3071
 -22.0951  -21.9025  -21.5521  -20.9315  -20.7941  -20.5901  -20.4806  -20.4450
 -19.9935  -19.5761  -19.3885  -19.2077  -19.1169  -18.9163  -18.6001  -18.5605
 -18.4262  -18.3368  -18.2543  -18.2066  -18.1041  -18.0786  -18.0332  -17.5641
 -17.5608  -17.4079  -17.2634  -17.0378  -17.0089  -16.7795  -16.7587  -15.9186
 -15.8824  -15.6807  -15.3647  -15.2179  -15.2078  -14.6745  -14.6533  -14.4873
 -13.9870  -13.9597  -12.8763   -5.5917   -5.1030   -4.5400   -4.5166   -4.4283
  -4.3898   -4.3703   -4.2740   -3.4710   -2.8604   -2.7476   -2.7298   -2.6684
  -2.6383   -2.4814   -2.4334   -2.3286   -2.2890   -2.2711   -2.1501   -2.1220
  -1.8779   -1.8353   -1.7022   -1.6880   -1.6265   -1.6042   -1.1968   -1.1712
  -1.1345   -1.1141   -1.0710   -1.0474   -1.0382   -0.9714   -0.9129   -0.6900
  -0.5327   -0.4869   -0.4747   -0.4592   -0.4412   -0.4176   -0.3206   -0.2578
  -0.2475   -0.1201   -0.0964    0.0347    0.0495    0.0671    0.1244    0.2154
   0.2504    0.3178    0.3301    0.4217    0.4268    0.4500    0.4675    0.4873
   0.6042    0.6293    0.6795    0.6950    0.7674    0.7749    0.8068    0.8692
   0.9327    0.9460    1.0133    1.0320    1.0472    1.0656    1.2331    1.3457
   1.3772    1.5391

 Heat of formation   =        476.35245380 kcal/mol  (       20.65619244 eV)

 Total SCF energy    =    -118239.77222577 kcal/mol  (    -5127.26127340 eV)
 Electronic energy   =    -975473.98092382 kcal/mol  (   -42299.72598429 eV)
 Core-core repulsion =     857234.20869805 kcal/mol  (    37172.46471090 eV)
 
    Atomic Charges for Step       1 :
  Atom    Element       Mulliken Charge
     1      C                  0.128
     2      N                 -0.300
     3      N                 -0.147
     4      C                  0.004
     5      C                 -0.194
     6      C                 -0.133
     7      C                 -0.104
     8      C                 -0.283
     9      C                  0.033
    10      C                 -0.104
    11      C                 -0.081
    12      C                 -0.168
    13      C                 -0.114
    14      C                 -0.100
    15      C                 -0.011
    16      O                 -0.097
    17      C                 -0.142
    18      C                 -0.143
    19      C                 -0.012
    20      C                  0.033
    21      C                 -0.102
    22      C                 -0.115
    23      C                 -0.168
    24      C                 -0.082
    25      C                 -0.102
    26      C                  0.127
    27      N                 -0.298
    28      N                 -0.146
    29      C                  0.002
    30      C                 -0.277
    31      C                 -0.108
    32      C                 -0.133
    33      C                 -0.198
    34      H                  0.161
    35      H                  0.222
    36      H                  0.243
    37      H                  0.252
    38      H                  0.229
    39      H                  0.176
    40      H                  0.174
    41      H                  0.178
    42      H                  0.174
    43      H                  0.161
    44      H                  0.164
    45      H                  0.154
    46      H                  0.133
    47      H                  0.164
    48      H                  0.180
    49      H                  0.179
    50      H                  0.162
    51      H                  0.135
    52      H                  0.151
    53      H                  0.166
    54      H                  0.159
    55      H                  0.223
    56      H                  0.253
    57      H                  0.243
    58      H                  0.231
    59      H                  0.178
    60      H                  0.163
    61      H                  0.175
    62      H                  0.178
    63      H                  0.172
 Total Mulliken Charge =       2.000
 
                  X        Y        Z     TOTAL  
  QM DIPOLE    95.783  217.687   85.940  252.879
 
 Final Structure

  QMMM: QM Region Cartesian Coordinates (*=link atom) 
  QMMM: QM_NO.   MM_NO.  ATOM         X         Y         Z
  QMMM:     1        1      C        8.6102   19.3405   14.4112
  QMMM:     2        2      N        8.8275   18.0360   13.9006
  QMMM:     3        3      N        9.7343   19.8480   15.3957
  QMMM:     4        4      C        8.9391   16.9375   14.8283
  QMMM:     5        5      C        7.8992   16.9141   15.9514
  QMMM:     6        6      C        8.5223   16.7073   17.1374
  QMMM:     7        7      C        9.9810   16.6549   16.9262
  QMMM:     8        8      C       10.2556   16.8314   15.6094
  QMMM:     9        9      C        8.0884   22.3142   11.3358
  QMMM:    10       10      C        7.0986   22.1062   12.3113
  QMMM:    11       11      C        7.2829   21.1519   13.3082
  QMMM:    12       12      C        8.4588   20.3957   13.3436
  QMMM:    13       13      C        9.4485   20.5958   12.3745
  QMMM:    14       14      C        9.2663   21.5488   11.3772
  QMMM:    15       15      C        7.8764   23.3094   10.3152
  QMMM:    16       16      O        8.7902   23.3545    9.2496
  QMMM:    17       17      C        6.9092   24.2930   10.1523
  QMMM:    18       18      C        7.2235   24.9917    8.9359
  QMMM:    19       19      C        8.3652   24.3991    8.4121
  QMMM:    20       20      C        9.1364   24.6548    7.2218
  QMMM:    21       21      C        8.8528   25.7952    6.4482
  QMMM:    22       22      C        9.5844   26.0591    5.2953
  QMMM:    23       23      C       10.6022   25.1860    4.8943
  QMMM:    24       24      C       10.8917   24.0516    5.6587
  QMMM:    25       25      C       10.1633   23.7879    6.8165
  QMMM:    26       26      C       11.4323   25.4750    3.6680
  QMMM:    27       27      N       12.1301   26.7087    3.7329
  QMMM:    28       28      N       10.4742   25.3355    2.4232
  QMMM:    29       29      C       12.9718   27.0871    2.6243
  QMMM:    30       30      C       12.2583   27.5999    1.3664
  QMMM:    31       31      C       12.7572   26.9622    0.2779
  QMMM:    32       32      C       13.7464   25.9558    0.7064
  QMMM:    33       33      C       13.8572   25.9748    2.0574
  QMMM:    34       34      H        7.6935   19.3076   15.0884
  QMMM:    35       35      H        9.4331   17.9688   13.1086
  QMMM:    36       36      H        9.4091   20.6999   15.8510
  QMMM:    37       37      H        9.9306   19.1306   16.1029
  QMMM:    38       38      H       10.5908   20.0554   14.8842
  QMMM:    39       39      H        8.8142   15.9835   14.2251
  QMMM:    40       40      H        6.8319   16.9805   15.7407
  QMMM:    41       41      H        8.0634   16.5650   18.1189
  QMMM:    42       42      H       10.6873   16.4678   17.7393
  QMMM:    43       43      H       11.2221   16.7977   15.1091
  QMMM:    44       44      H        6.1666   22.6946   12.2840
  QMMM:    45       45      H        6.4884   20.9892   14.0547
  QMMM:    46       46      H       10.3731   19.9980   12.3822
  QMMM:    47       47      H       10.0428   21.7055   10.6108
  QMMM:    48       48      H        6.0688   24.5113   10.8089
  QMMM:    49       49      H        6.6579   25.8237    8.5200
  QMMM:    50       50      H        8.0541   26.4869    6.7623
  QMMM:    51       51      H        9.3599   26.9680    4.7154
  QMMM:    52       52      H       11.7031   23.3681    5.3608
  QMMM:    53       53      H       10.3937   22.8963    7.4225
  QMMM:    54       54      H       12.1929   24.6470    3.4813
  QMMM:    55       55      H       11.6324   27.4708    4.1467
  QMMM:    56       56      H       10.9747   25.5960    1.5658
  QMMM:    57       57      H       10.1605   24.3680    2.3584
  QMMM:    58       58      H        9.6593   25.9386    2.5294
  QMMM:    59       59      H       13.6548   27.9140    2.9980
  QMMM:    60       60      H       11.5504   28.4269    1.4014
  QMMM:    61       61      H       12.5231   27.1477   -0.7737
  QMMM:    62       62      H       14.3009   25.3357   -0.0022
  QMMM:    63       63      H       14.5110   25.3845    2.6991
 
           --------- Calculation Completed ----------
 
