            --------------------------------------------------------
                             AMBER SQM VERSION 19
 
                                     By
              Ross C. Walker, Michael F. Crowley, Scott Brozell,
                         Tim Giese, Andreas W. Goetz,
                        Tai-Sung Lee and David A. Case
 
            --------------------------------------------------------
 

--------------------------------------------------------------------------------
  QM CALCULATION INFO
--------------------------------------------------------------------------------

| QMMM: Citation for AMBER QMMM Run:
| QMMM: R.C. Walker, M.F. Crowley and D.A. Case, J. COMP. CHEM. 29:1019, 2008

QMMM: SINGLET STATE CALCULATION
QMMM: RHF CALCULATION, NO. OF DOUBLY OCCUPIED LEVELS =130

| QMMM: *** Selected Hamiltonian *** 
| QMMM: AM1         

| QMMM: *** Parameter sets in use ***
| QMMM: C : M.J.S.DEWAR et al. JACS, 107, 3902, (1985)
| QMMM: N : M.J.S.DEWAR et al. JACS, 107, 3902, (1985)
| QMMM: O : M.J.S.DEWAR et al. JACS, 107, 3902, (1985)
| QMMM: H : M.J.S.DEWAR et al. JACS, 107, 3902, (1985)

| QMMM: *** SCF convergence criteria ***
| QMMM: Energy change                :  0.1D-09 kcal/mol
| QMMM: Error matrix |FP-PF|         :  0.1D+00 au
| QMMM: Density matrix change        :  0.5D-06
| QMMM: Maximum number of SCF cycles :     1000
 
| QMMM: *** Diagonalization Routine Information ***
| QMMM: Pseudo diagonalizations are allowed.
| QMMM: Auto diagonalization routine selection is in use.
| QMMM:
| QMMM: Timing diagonalization routines:
| QMMM:                              norbs =      236
| QMMM:    diag iterations used for timing =        4
| QMMM:
| QMMM:              Internal diag routine = 2.972465 seconds
| QMMM:                 Dspev diag routine = 4.122788 seconds
| QMMM:                Dspevd diag routine = 1.293712 seconds
| QMMM:                Dspevx diag routine = 6.367098 seconds
| QMMM:                 Dsyev diag routine = 3.656675 seconds
| QMMM:                Dsyevd diag routine = 2.282585 seconds
| QMMM:                Dsyevr diag routine = 3.479164 seconds
| QMMM:
| QMMM:                Pseudo diag routine = 0.636173 seconds
| QMMM:
| QMMM: Using dspevd routine (diag_routine=3).

  QMMM: QM Region Cartesian Coordinates (*=link atom) 
  QMMM: QM_NO.   MM_NO.  ATOM         X         Y         Z
  QMMM:     1        1      C       39.2690   34.5000   36.4410
  QMMM:     2        2      C       37.4210   36.3760   40.2330
  QMMM:     3        3      C       40.7960   33.9240   35.0400
  QMMM:     4        4      C       41.7070   33.1870   34.1900
  QMMM:     5        5      C       38.2700   35.3090   40.9420
  QMMM:     6        6      C       38.3060   34.3600   37.5990
  QMMM:     7        7      C       41.0370   35.1860   35.5120
  QMMM:     8        8      C       38.3590   33.9410   40.2190
  QMMM:     9        9      C       42.5690   31.4880   33.2710
  QMMM:    10       10      C       42.8320   30.1340   32.8230
  QMMM:    11       11      C       44.3870   24.2220   35.0490
  QMMM:    12       12      C       43.4590   32.5230   33.2360
  QMMM:    13       13      C       42.9520   23.6760   34.9680
  QMMM:    14       14      C       42.5770   28.0150   32.5730
  QMMM:    15       15      C       41.9530   24.6530   35.6310
  QMMM:    16       16      C       43.7780   28.4100   32.0590
  QMMM:    17       17      C       42.2060   26.5960   32.6140
  QMMM:    18       18      C       39.1360   33.9860   38.8610
  QMMM:    19       19      C       36.0620   33.2060   37.6670
  QMMM:    20       20      C       35.4520   31.9900   37.1210
  QMMM:    21       21      C       34.2000   31.5630   37.4430
  QMMM:    22       22      C       40.5350   24.5990   35.0170
  QMMM:    23       23      C       35.0750   30.1330   36.1860
  QMMM:    24       24      C       35.3250   28.9190   35.4600
  QMMM:    25       25      C       42.2240   36.0650   35.2400
  QMMM:    26       26      C       34.3700   27.9530   35.3850
  QMMM:    27       27      C       44.9190   32.4680   32.8990
  QMMM:    28       28      C       36.0840   27.2470   34.4060
  QMMM:    29       29      C       37.0640   26.3410   33.8700
  QMMM:    30       30      C       40.3780   25.1490   33.5640
  QMMM:    31       31      C       36.8240   25.0330   33.5870
  QMMM:    32       32      C       38.9000   25.4310   33.3890
  QMMM:    33       33      N       35.9690   36.0100   40.0810
  QMMM:    34       34      N       44.5060   25.4670   34.2140
  QMMM:    35       35      N       39.6190   33.4810   35.6220
  QMMM:    36       36      N       41.1020   26.4140   33.3460
  QMMM:    37       37      N       41.4010   31.9060   33.8870
  QMMM:    38       38      N       36.4590   28.4810   34.8040
  QMMM:    39       39      N       41.9420   29.1520   33.0670
  QMMM:    40       40      N       36.0460   31.0610   36.2780
  QMMM:    41       41      N       37.3390   33.3020   37.2770
  QMMM:    42       42      N       38.4010   26.6290   33.7530
  QMMM:    43       43      O       43.9920   29.7480   32.2000
  QMMM:    44       44      O       33.9090   30.3590   36.8770
  QMMM:    45       45      O       42.9430   33.6560   33.7890
  QMMM:    46       46      O       40.0930   35.6030   36.3960
  QMMM:    47       47      O       34.8000   26.8540   34.7030
  QMMM:    48       48      O       37.9910   24.3910   33.2670
  QMMM:    49       49      O       35.5480   34.0130   38.4130
  QMMM:    50       50      O       42.8560   25.6610   32.1900
  QMMM:    51       51      H       37.8460   36.5820   39.2510
  QMMM:    52       52      H       37.5010   37.3190   40.7730
  QMMM:    53       53      H       37.8890   35.1580   41.9520
  QMMM:    54       54      H       39.2760   35.6970   41.1030
  QMMM:    55       55      H       37.7840   35.3030   37.7640
  QMMM:    56       56      H       37.3530   33.5570   40.0470
  QMMM:    57       57      H       38.8290   33.2130   40.8800
  QMMM:    58       58      H       45.0830   23.4690   34.6800
  QMMM:    59       59      H       44.6290   24.4560   36.0860
  QMMM:    60       60      H       42.9020   22.7100   35.4700
  QMMM:    61       61      H       42.6780   23.5300   33.9230
  QMMM:    62       62      H       42.3400   25.6700   35.5590
  QMMM:    63       63      H       41.8930   24.4400   36.6980
  QMMM:    64       64      H       44.4360   27.6840   31.6050
  QMMM:    65       65      H       39.9790   34.6710   38.9520
  QMMM:    66       66      H       39.6270   33.0270   38.6960
  QMMM:    67       67      H       33.5710   32.1670   38.0800
  QMMM:    68       68      H       39.8390   25.1200   35.6750
  QMMM:    69       69      H       40.1670   23.5740   35.0540
  QMMM:    70       70      H       42.1060   37.0100   35.7700
  QMMM:    71       71      H       43.1310   35.5680   35.5830
  QMMM:    72       72      H       42.2980   36.2560   34.1690
  QMMM:    73       73      H       33.4040   28.1130   35.8400
  QMMM:    74       74      H       45.3450   33.4690   32.9630
  QMMM:    75       75      H       45.4300   31.8110   33.6020
  QMMM:    76       76      H       45.0440   32.0840   31.8870
  QMMM:    77       77      H       40.7050   24.4010   32.8420
  QMMM:    78       78      H       35.8170   24.6460   33.6350
  QMMM:    79       79      H       35.4810   36.7570   39.6080
  QMMM:    80       80      H       35.8900   35.1610   39.5390
  QMMM:    81       81      H       35.5600   35.8650   40.9930
  QMMM:    82       82      H       45.4500   25.8220   34.2700
  QMMM:    83       83      H       44.2850   25.2500   33.2520
  QMMM:    84       84      H       43.8630   26.1660   34.5570
  QMMM:    85       85      H       40.6770   27.1970   33.8230
  QMMM:    86       86      H       37.7420   32.5880   36.6880

--------------------------------------------------------------------------------
  RESULTS
--------------------------------------------------------------------------------

      iter         sqm energy              rms gradient
      ----    -------------------    -----------------------
xmin    10      303.9447 kcal/mol        3.1713 kcal/(mol*A)
xmin    20      295.0319 kcal/mol        0.8837 kcal/(mol*A)
xmin    30      292.9907 kcal/mol        0.2993 kcal/(mol*A)
xmin    40      292.3169 kcal/mol        0.1643 kcal/(mol*A)
xmin    50      292.1096 kcal/mol        0.1094 kcal/(mol*A)
xmin    60      291.9617 kcal/mol        0.0605 kcal/(mol*A)
xmin    70      291.9345 kcal/mol        0.0208 kcal/(mol*A)
xmin    80      291.9325 kcal/mol        0.0107 kcal/(mol*A)
xmin    90      291.9320 kcal/mol        0.0074 kcal/(mol*A)
  ... geometry converged !
 
 Final MO eigenvalues (eV):
 -46.3873  -46.3184  -46.2225  -46.1052  -45.6199  -45.5435  -44.8277  -44.7358
 -43.6795  -43.6543  -41.2477  -41.2352  -39.3848  -39.3187  -39.2169  -39.0194
 -38.9412  -38.7489  -38.4890  -38.4256  -37.2532  -36.4450  -36.2203  -35.6641
 -35.3357  -34.4683  -34.3920  -33.1456  -32.8719  -32.0460  -31.6278  -30.4414
 -29.4754  -29.2320  -28.8693  -28.4937  -28.4023  -28.1563  -27.4298  -26.7457
 -26.4562  -26.1510  -25.8984  -25.5439  -25.5317  -25.3147  -25.0143  -24.8136
 -24.7734  -24.5979  -24.5425  -24.4013  -24.2414  -24.0712  -23.2276  -22.5089
 -22.4000  -22.2823  -21.9897  -21.7485  -21.5040  -21.2657  -21.0752  -20.9930
 -20.8946  -20.8459  -20.7154  -20.5872  -20.5094  -20.4878  -20.3511  -20.2991
 -20.1768  -20.0113  -19.9985  -19.7715  -19.7074  -19.5686  -19.5216  -19.4579
 -19.2733  -19.2368  -19.1847  -19.0712  -19.0095  -18.6764  -18.5688  -18.4464
 -18.4270  -18.1103  -18.0776  -18.0082  -17.9637  -17.9206  -17.8804  -17.7545
 -17.7366  -17.6955  -17.3587  -17.3258  -16.9847  -16.7590  -16.6618  -16.5878
 -16.5423  -16.3283  -16.2298  -16.1760  -16.1594  -16.1275  -16.0160  -15.9347
 -15.6601  -15.6293  -15.6122  -15.6023  -15.6002  -15.5522  -15.3698  -15.3589
 -15.3001  -15.1723  -14.6124  -14.5119  -14.3363  -14.1600  -13.4082  -13.2797
 -12.5483  -12.3135   -4.2992   -4.2683   -4.1103   -4.0755   -3.9613   -3.9139
  -3.6494   -3.5828   -3.1089   -3.0439   -2.5819   -2.5527   -2.3116   -2.2896
  -2.2498   -2.2212   -2.1940   -2.1232   -2.0905   -2.0767   -2.0681   -2.0176
  -1.9219   -1.9008   -1.8131   -1.8068   -1.7478   -1.7028   -1.4954   -1.4874
  -1.4552   -1.4483   -1.3532   -1.3431   -1.3239   -1.3140   -1.1992   -1.1451
  -0.9689   -0.8788   -0.8385   -0.8168   -0.7755   -0.7158   -0.6890   -0.6614
  -0.6494   -0.5755   -0.5337   -0.4483   -0.3504   -0.3245   -0.2711   -0.2605
  -0.2458   -0.1926   -0.1353   -0.0202   -0.0035    0.0085    0.0231    0.1172
   0.1445    0.2372    0.2962    0.3277    0.3614    0.3789    0.4219    0.4966
   0.5173    0.5324    0.6031    0.6673    0.7367    0.7474    0.7566    0.7805
   0.8153    0.8644    0.8939    0.9021    0.9419    0.9545    0.9859    1.0012
   1.0551    1.0825    1.1427    1.1519    1.2679    1.3139    1.4132    1.4980
   1.5633    1.6254    2.0930    2.1359    2.4173    2.4578    2.5438    2.6071
   2.7274    2.7662    2.9297    2.9733

 Heat of formation   =        291.93188982 kcal/mol  (       12.65911668 eV)

 Total SCF energy    =    -212270.03489275 kcal/mol  (    -9204.71943510 eV)
 Electronic energy   =   -2118467.99577988 kcal/mol  (   -91863.66574649 eV)
 Core-core repulsion =    1906197.96088713 kcal/mol  (    82658.94631140 eV)
 
    Atomic Charges for Step       1 :
  Atom    Element       Mulliken Charge
     1      C                 -0.055
     2      C                 -0.135
     3      C                 -0.076
     4      C                  0.081
     5      C                 -0.192
     6      C                  0.118
     7      C                  0.030
     8      C                 -0.173
     9      C                 -0.107
    10      C                  0.122
    11      C                 -0.130
    12      C                  0.040
    13      C                 -0.190
    14      C                 -0.202
    15      C                 -0.166
    16      C                 -0.008
    17      C                  0.436
    18      C                 -0.180
    19      C                  0.434
    20      C                 -0.207
    21      C                  0.006
    22      C                 -0.173
    23      C                  0.112
    24      C                 -0.099
    25      C                 -0.172
    26      C                 -0.024
    27      C                 -0.174
    28      C                  0.078
    29      C                 -0.071
    30      C                  0.117
    31      C                 -0.034
    32      C                 -0.045
    33      N                 -0.074
    34      N                 -0.065
    35      N                 -0.062
    36      N                 -0.339
    37      N                 -0.045
    38      N                 -0.046
    39      N                 -0.092
    40      N                 -0.087
    41      N                 -0.342
    42      N                 -0.071
    43      O                 -0.116
    44      O                 -0.109
    45      O                 -0.121
    46      O                 -0.130
    47      O                 -0.109
    48      O                 -0.117
    49      O                 -0.491
    50      O                 -0.512
    51      H                  0.147
    52      H                  0.145
    53      H                  0.112
    54      H                  0.141
    55      H                  0.104
    56      H                  0.086
    57      H                  0.126
    58      H                  0.145
    59      H                  0.148
    60      H                  0.140
    61      H                  0.108
    62      H                  0.081
    63      H                  0.113
    64      H                  0.219
    65      H                  0.109
    66      H                  0.128
    67      H                  0.225
    68      H                  0.125
    69      H                  0.116
    70      H                  0.119
    71      H                  0.128
    72      H                  0.117
    73      H                  0.228
    74      H                  0.121
    75      H                  0.122
    76      H                  0.120
    77      H                  0.121
    78      H                  0.230
    79      H                  0.257
    80      H                  0.290
    81      H                  0.244
    82      H                  0.248
    83      H                  0.266
    84      H                  0.274
    85      H                  0.284
    86      H                  0.283
 Total Mulliken Charge =       2.000
 
                  X        Y        Z     TOTAL  
  QM DIPOLE   383.219  289.729  341.425  589.381
 
 Final Structure

  QMMM: QM Region Cartesian Coordinates (*=link atom) 
  QMMM: QM_NO.   MM_NO.  ATOM         X         Y         Z
  QMMM:     1        1      C       39.3175   34.5403   37.2464
  QMMM:     2        2      C       36.6442   37.4866   39.5143
  QMMM:     3        3      C       41.0074   34.0252   35.9612
  QMMM:     4        4      C       41.9080   33.1611   35.2406
  QMMM:     5        5      C       37.2396   36.7828   40.7251
  QMMM:     6        6      C       38.1126   34.6235   38.1503
  QMMM:     7        7      C       40.9107   35.4195   35.9520
  QMMM:     8        8      C       37.5070   35.3032   40.5426
  QMMM:     9        9      C       42.9781   31.5408   34.2363
  QMMM:    10       10      C       43.2226   30.1920   33.7962
  QMMM:    11       11      C       43.9416   22.1653   32.7211
  QMMM:    12       12      C       43.6839   32.7147   33.9553
  QMMM:    13       13      C       42.6519   22.3483   33.5084
  QMMM:    14       14      C       43.2171   28.0504   33.3315
  QMMM:    15       15      C       42.7999   23.3022   34.6778
  QMMM:    16       16      C       44.2077   28.6296   32.5404
  QMMM:    17       17      C       42.7696   26.6455   33.3276
  QMMM:    18       18      C       38.6157   34.9820   39.5629
  QMMM:    19       19      C       36.0057   33.4044   37.7430
  QMMM:    20       20      C       35.3976   32.1335   37.3164
  QMMM:    21       21      C       34.0491   31.8716   37.0742
  QMMM:    22       22      C       41.4771   23.9203   35.0784
  QMMM:    23       23      C       35.2778   30.0735   36.5856
  QMMM:    24       24      C       35.4856   28.7435   36.0761
  QMMM:    25       25      C       41.6508   36.5105   35.3216
  QMMM:    26       26      C       34.5547   27.7620   35.7383
  QMMM:    27       27      C       44.8867   33.0519   33.1963
  QMMM:    28       28      C       36.6210   27.0399   35.3133
  QMMM:    29       29      C       37.5961   26.0992   34.8254
  QMMM:    30       30      C       41.0518   25.0523   34.1216
  QMMM:    31       31      C       37.4140   24.8975   34.1442
  QMMM:    32       32      C       39.5886   25.3354   34.3522
  QMMM:    33       33      N       35.2995   36.9710   39.1365
  QMMM:    34       34      N       44.3203   23.3738   31.9356
  QMMM:    35       35      N       39.9962   33.4928   36.7940
  QMMM:    36       36      N       41.8360   26.2612   34.2589
  QMMM:    37       37      N       41.8635   31.8421   35.0534
  QMMM:    38       38      N       36.7902   28.2671   35.8064
  QMMM:    39       39      N       42.6140   29.0530   34.1241
  QMMM:    40       40      N       36.1551   30.9807   37.0108
  QMMM:    41       41      N       37.3366   33.4049   38.0965
  QMMM:    42       42      N       38.9823   26.3518   34.9550
  QMMM:    43       43      O       44.2351   29.9860   32.8184
  QMMM:    44       44      O       33.9457   30.5703   36.6143
  QMMM:    45       45      O       43.0156   33.7626   34.5894
  QMMM:    46       46      O       39.8289   35.7665   36.7700
  QMMM:    47       47      O       35.2527   26.6673   35.2513
  QMMM:    48       48      O       38.6721   24.3941   33.8314
  QMMM:    49       49      O       35.3177   34.4596   37.8104
  QMMM:    50       50      O       43.2521   25.8164   32.5075
  QMMM:    51       51      H       37.3249   37.3553   38.6232
  QMMM:    52       52      H       36.5441   38.5903   39.7286
  QMMM:    53       53      H       36.5690   36.9254   41.6159
  QMMM:    54       54      H       38.2064   37.3118   40.9562
  QMMM:    55       55      H       37.4691   35.4743   37.7656
  QMMM:    56       56      H       36.5657   34.7604   40.2638
  QMMM:    57       57      H       37.8085   34.9008   41.5516
  QMMM:    58       58      H       43.8214   21.3102   31.9941
  QMMM:    59       59      H       44.7942   21.9298   33.4216
  QMMM:    60       60      H       42.3556   21.3321   33.8906
  QMMM:    61       61      H       41.8280   22.6857   32.8231
  QMMM:    62       62      H       43.5299   24.1204   34.4392
  QMMM:    63       63      H       43.2171   22.7409   35.5576
  QMMM:    64       64      H       44.9189   28.2831   31.7952
  QMMM:    65       65      H       39.3123   35.8564   39.4585
  QMMM:    66       66      H       39.2198   34.1225   39.9615
  QMMM:    67       67      H       33.1159   32.4243   37.1580
  QMMM:    68       68      H       41.5537   24.3157   36.1258
  QMMM:    69       69      H       40.6699   23.1400   35.0686
  QMMM:    70       70      H       42.1431   37.1467   36.1016
  QMMM:    71       71      H       42.4380   36.0873   34.6466
  QMMM:    72       72      H       40.9600   37.1573   34.7229
  QMMM:    73       73      H       33.4720   27.6622   35.7670
  QMMM:    74       74      H       44.6449   33.7977   32.3959
  QMMM:    75       75      H       45.6583   33.5015   33.8731
  QMMM:    76       76      H       45.3052   32.1282   32.7229
  QMMM:    77       77      H       41.1528   24.6783   33.0547
  QMMM:    78       78      H       36.5662   24.2965   33.8236
  QMMM:    79       79      H       35.0245   37.3275   38.2173
  QMMM:    80       80      H       35.3259   35.9351   39.0847
  QMMM:    81       81      H       34.6010   37.2479   39.8294
  QMMM:    82       82      H       45.0948   23.1645   31.3039
  QMMM:    83       83      H       43.5160   23.7194   31.3949
  QMMM:    84       84      H       44.5899   24.1431   32.5689
  QMMM:    85       85      H       41.5170   26.9322   34.9304
  QMMM:    86       86      H       37.8524   32.5478   38.0506
 
           --------- Calculation Completed ----------
 
