            --------------------------------------------------------
                             AMBER SQM VERSION 19
 
                                     By
              Ross C. Walker, Michael F. Crowley, Scott Brozell,
                         Tim Giese, Andreas W. Goetz,
                        Tai-Sung Lee and David A. Case
 
            --------------------------------------------------------
 

--------------------------------------------------------------------------------
  QM CALCULATION INFO
--------------------------------------------------------------------------------

| QMMM: Citation for AMBER QMMM Run:
| QMMM: R.C. Walker, M.F. Crowley and D.A. Case, J. COMP. CHEM. 29:1019, 2008

QMMM: SINGLET STATE CALCULATION
QMMM: RHF CALCULATION, NO. OF DOUBLY OCCUPIED LEVELS = 83

| QMMM: *** Selected Hamiltonian *** 
| QMMM: AM1         

| QMMM: *** Parameter sets in use ***
| QMMM: C : M.J.S.DEWAR et al. JACS, 107, 3902, (1985)
| QMMM: N : M.J.S.DEWAR et al. JACS, 107, 3902, (1985)
| QMMM: O : M.J.S.DEWAR et al. JACS, 107, 3902, (1985)
| QMMM: H : M.J.S.DEWAR et al. JACS, 107, 3902, (1985)

| QMMM: *** SCF convergence criteria ***
| QMMM: Energy change                :  0.1D-09 kcal/mol
| QMMM: Error matrix |FP-PF|         :  0.1D+00 au
| QMMM: Density matrix change        :  0.5D-06
| QMMM: Maximum number of SCF cycles :     1000
 
| QMMM: *** Diagonalization Routine Information ***
| QMMM: Pseudo diagonalizations are allowed.
| QMMM: Auto diagonalization routine selection is in use.
| QMMM:
| QMMM: Timing diagonalization routines:
| QMMM:                              norbs =      152
| QMMM:    diag iterations used for timing =        5
| QMMM:
| QMMM:              Internal diag routine = 0.029403 seconds
| QMMM:                 Dspev diag routine = 1.867717 seconds
| QMMM:                Dspevd diag routine = 0.431108 seconds
| QMMM:                Dspevx diag routine = 2.834463 seconds
| QMMM:                 Dsyev diag routine = 1.733047 seconds
| QMMM:                Dsyevd diag routine = 1.172595 seconds
| QMMM:                Dsyevr diag routine = 1.148553 seconds
| QMMM:
| QMMM:                Pseudo diag routine = 0.006436 seconds
| QMMM:
| QMMM: Using internal diagonalization routine (diag_routine=1).

  QMMM: QM Region Cartesian Coordinates (*=link atom) 
  QMMM: QM_NO.   MM_NO.  ATOM         X         Y         Z
  QMMM:     1        1      C       14.8530   25.1950    2.0330
  QMMM:     2        2      N       15.8410   24.3170    2.1380
  QMMM:     3        3      N       14.8420   26.0390    1.0100
  QMMM:     4        4      N       14.0050   25.3920    3.0450
  QMMM:     5        5      C       13.2460   24.2950    3.6290
  QMMM:     6        6      C       12.0880   24.7760    4.4890
  QMMM:     7        7      O       11.5380   25.8740    4.2800
  QMMM:     8        8      N       11.8000   23.8800    5.4580
  QMMM:     9        9      C       10.6850   24.0050    6.2290
  QMMM:    10       10      C       10.2780   23.1480    7.2360
  QMMM:    11       11      C        9.0460   23.6150    7.7390
  QMMM:    12       12      N        8.7360   24.7850    7.0360
  QMMM:    13       13      C        7.5230   25.7050    7.2270
  QMMM:    14       14      C        9.6830   24.9730    6.1620
  QMMM:    15       15      C        8.3660   23.1260    8.8890
  QMMM:    16       16      O        7.1990   23.4550    9.1440
  QMMM:    17       17      N        9.0690   22.5410    9.9010
  QMMM:    18       18      C        8.5070   21.8590   10.9450
  QMMM:    19       19      C        9.2300   21.1820   11.9110
  QMMM:    20       20      C        8.3250   20.4760   12.7120
  QMMM:    21       21      N        7.0290   20.7620   12.2280
  QMMM:    22       22      C        5.6980   20.4270   12.8690
  QMMM:    23       23      C        7.1620   21.5500   11.2010
  QMMM:    24       24      C        8.7010   19.7310   13.8630
  QMMM:    25       25      O        7.9310   18.9670   14.4680
  QMMM:    26       26      N        9.9070   19.8900   14.4240
  QMMM:    27       27      C       10.3220   19.2040   15.6200
  QMMM:    28       28      C       10.9280   17.8700   15.3280
  QMMM:    29       29      C       11.5770   17.3290   16.5760
  QMMM:    30       30      N       10.9980   16.3770   17.3020
  QMMM:    31       31      N       12.6050   18.0230   17.0480
  QMMM:    32       32      H       15.8610   23.6690    2.9130
  QMMM:    33       33      H       16.5740   24.2960    1.4440
  QMMM:    34       34      H       14.0950   26.7120    0.9190
  QMMM:    35       35      H       15.5810   26.0080    0.3220
  QMMM:    36       36      H       13.8780   26.3200    3.4240
  QMMM:    37       37      H       13.9110   23.6740    4.2300
  QMMM:    38       38      H       12.8650   23.6540    2.8340
  QMMM:    39       39      H       12.4180   23.0980    5.6220
  QMMM:    40       40      H       10.8890   22.2980    7.5010
  QMMM:    41       41      H        7.5790   26.5320    6.5190
  QMMM:    42       42      H        6.6070   25.1400    7.0540
  QMMM:    43       43      H        7.5200   26.0970    8.2440
  QMMM:    44       44      H        9.7490   25.7690    5.4350
  QMMM:    45       45      H       10.0780   22.5950    9.9120
  QMMM:    46       46      H       10.3060   21.2650   11.9370
  QMMM:    47       47      H        4.8880   20.7880   12.2360
  QMMM:    48       48      H        5.6120   19.3470   12.9860
  QMMM:    49       49      H        5.6350   20.9040   13.8470
  QMMM:    50       50      H        6.3850   21.9590   10.5720
  QMMM:    51       51      H       10.5790   20.5180   14.0070
  QMMM:    52       52      H        9.4640   19.0760   16.2800
  QMMM:    53       53      H       11.0420   19.8190   16.1590
  QMMM:    54       54      H       11.6790   17.9760   14.5450
  QMMM:    55       55      H       10.1500   17.1830   14.9960
  QMMM:    56       56      H       11.4520   16.0300   18.1350
  QMMM:    57       57      H       10.1040   16.0010   17.0210
  QMMM:    58       58      H       13.0830   17.7130   17.8820
  QMMM:    59       59      H       12.9090   18.8610   16.5730

--------------------------------------------------------------------------------
  RESULTS
--------------------------------------------------------------------------------

      iter         sqm energy              rms gradient
      ----    -------------------    -----------------------
xmin    10      317.2381 kcal/mol        1.2025 kcal/(mol*A)
xmin    20      314.8876 kcal/mol        0.3917 kcal/(mol*A)
xmin    30      310.1692 kcal/mol        0.3830 kcal/(mol*A)
xmin    40      309.4193 kcal/mol        0.3099 kcal/(mol*A)
xmin    50      309.2637 kcal/mol        0.2424 kcal/(mol*A)
xmin    60      309.1520 kcal/mol        0.0523 kcal/(mol*A)
xmin    70      309.0795 kcal/mol        0.1205 kcal/(mol*A)
xmin    80      309.0596 kcal/mol        0.0576 kcal/(mol*A)
xmin    90      309.0444 kcal/mol        0.0358 kcal/(mol*A)
xmin   100      309.0312 kcal/mol        0.0819 kcal/(mol*A)
xmin   110      309.0074 kcal/mol        0.0970 kcal/(mol*A)
xmin   120      308.9945 kcal/mol        0.0331 kcal/(mol*A)
xmin   130      308.9846 kcal/mol        0.0213 kcal/(mol*A)
xmin   140      308.9832 kcal/mol        0.0075 kcal/(mol*A)
xmin   150      308.9828 kcal/mol        0.0130 kcal/(mol*A)
xmin   160      308.9813 kcal/mol        0.0176 kcal/(mol*A)
xmin   170      308.9805 kcal/mol        0.0136 kcal/(mol*A)
xmin   180      308.9784 kcal/mol        0.0233 kcal/(mol*A)
xmin   190      308.9773 kcal/mol        0.0164 kcal/(mol*A)
xmin   200      308.9756 kcal/mol        0.0210 kcal/(mol*A)
xmin   210      308.9745 kcal/mol        0.0075 kcal/(mol*A)
xmin   220      308.9737 kcal/mol        0.0160 kcal/(mol*A)
xmin   230      308.9715 kcal/mol        0.0207 kcal/(mol*A)
xmin   240      308.9709 kcal/mol        0.0221 kcal/(mol*A)
xmin   250      308.9698 kcal/mol        0.0237 kcal/(mol*A)
xmin   260      308.9674 kcal/mol        0.0253 kcal/(mol*A)
xmin   270      308.9515 kcal/mol        0.1007 kcal/(mol*A)
xmin   280      308.9410 kcal/mol        0.0581 kcal/(mol*A)
xmin   290      308.9369 kcal/mol        0.0154 kcal/(mol*A)
xmin   300      308.9324 kcal/mol        0.0101 kcal/(mol*A)
xmin   310      308.9308 kcal/mol        0.0093 kcal/(mol*A)
xmin   320      308.9263 kcal/mol        0.0431 kcal/(mol*A)
xmin   330      308.9247 kcal/mol        0.0132 kcal/(mol*A)
xmin   340      308.9240 kcal/mol        0.0055 kcal/(mol*A)
xmin   350      308.9239 kcal/mol        0.0063 kcal/(mol*A)
xmin   360      308.9238 kcal/mol        0.0045 kcal/(mol*A)
xmin   370      308.9238 kcal/mol        0.0016 kcal/(mol*A)
xmin   380      308.9238 kcal/mol        0.0031 kcal/(mol*A)
xmin   390      308.9238 kcal/mol        0.0008 kcal/(mol*A)
xmin   400      308.9238 kcal/mol        0.0008 kcal/(mol*A)
xmin   410      308.9238 kcal/mol        0.0008 kcal/(mol*A)
xmin   410      308.9238 kcal/mol        0.0003 kcal/(mol*A)
  ... geometry converged !
 
 Final MO eigenvalues (eV):
 -45.9485  -45.4700  -45.1621  -44.9208  -43.8499  -43.3226  -42.2826  -40.6140
 -40.2193  -39.9294  -39.5335  -39.5032  -39.1141  -36.9707  -36.5219  -35.7985
 -34.2305  -33.4638  -32.6390  -30.6381  -30.4450  -30.1463  -28.7073  -27.9929
 -27.6096  -27.0955  -26.8577  -25.7967  -25.4222  -25.0091  -24.7411  -24.6706
 -24.3454  -24.2911  -23.6604  -22.8351  -22.4953  -22.4340  -22.3488  -22.1783
 -22.0413  -21.7196  -21.4999  -21.2594  -20.7314  -20.5770  -20.4191  -20.4092
 -20.2145  -19.9555  -19.7555  -19.6588  -19.5095  -19.2646  -19.0376  -18.8293
 -18.7468  -18.5081  -18.3896  -18.2711  -18.0688  -17.9916  -17.8570  -17.2190
 -17.1060  -16.9555  -16.7501  -16.7300  -16.5876  -16.5318  -16.4853  -16.4640
 -16.0239  -15.4693  -15.3756  -15.2097  -14.9945  -14.6517  -14.3670  -12.9508
 -12.9329  -12.2334  -11.8207   -5.3829   -5.2652   -4.9325   -4.0647   -3.6581
  -3.6035   -3.4322   -3.2286   -3.1761   -2.9585   -2.7070   -2.7007   -2.3119
  -2.1198   -2.0057   -1.9254   -1.7312   -1.6656   -1.5736   -1.4496   -1.3682
  -1.3363   -1.2624   -1.0836   -1.0530   -0.9934   -0.8216   -0.6855   -0.6590
  -0.4799   -0.4709   -0.3870   -0.2850   -0.1505   -0.1347   -0.0899    0.1711
   0.2327    0.4693    0.4964    0.5091    0.5231    0.5545    0.5902    0.6126
   0.6878    0.7834    0.8652    0.9235    0.9327    0.9393    1.0411    1.0554
   1.0631    1.1887    1.3155    1.4907    1.8160    1.9162    1.9984    2.2098
   2.2961    2.3883    2.5795    2.6844    2.7190    2.8188    2.9197    3.6342


 Heat of formation   =        308.92375804 kcal/mol  (       13.39593938 eV)

 Total SCF energy    =    -131589.75049048 kcal/mol  (    -5706.15977150 eV)
 Electronic energy   =    -986159.42012181 kcal/mol  (   -42763.08139811 eV)
 Core-core repulsion =     854569.66963133 kcal/mol  (    37056.92162661 eV)
 
    Atomic Charges for Step       1 :
  Atom    Element       Mulliken Charge
     1      C                  0.398
     2      N                 -0.368
     3      N                 -0.363
     4      N                 -0.312
     5      C                 -0.070
     6      C                  0.298
     7      O                 -0.355
     8      N                 -0.259
     9      C                 -0.068
    10      C                 -0.169
    11      C                 -0.127
    12      N                 -0.064
    13      C                 -0.089
    14      C                 -0.088
    15      C                  0.382
    16      O                 -0.366
    17      N                 -0.291
    18      C                 -0.023
    19      C                 -0.161
    20      C                 -0.172
    21      N                 -0.063
    22      C                 -0.085
    23      C                 -0.081
    24      C                  0.407
    25      O                 -0.452
    26      N                 -0.384
    27      C                 -0.006
    28      C                 -0.197
    29      C                  0.280
    30      N                 -0.300
    31      N                 -0.326
    32      H                  0.274
    33      H                  0.281
    34      H                  0.284
    35      H                  0.281
    36      H                  0.304
    37      H                  0.123
    38      H                  0.124
    39      H                  0.243
    40      H                  0.153
    41      H                  0.107
    42      H                  0.118
    43      H                  0.124
    44      H                  0.209
    45      H                  0.240
    46      H                  0.150
    47      H                  0.114
    48      H                  0.106
    49      H                  0.113
    50      H                  0.220
    51      H                  0.250
    52      H                  0.106
    53      H                  0.119
    54      H                  0.133
    55      H                  0.163
    56      H                  0.266
    57      H                  0.321
    58      H                  0.269
    59      H                  0.280
 Total Mulliken Charge =       2.000
 
                  X        Y        Z     TOTAL  
  QM DIPOLE   118.242  208.394   89.142  255.647
 
 Final Structure

  QMMM: QM Region Cartesian Coordinates (*=link atom) 
  QMMM: QM_NO.   MM_NO.  ATOM         X         Y         Z
  QMMM:     1        1      C       14.4352   26.1459    1.3916
  QMMM:     2        2      N       15.7233   25.9996    1.8565
  QMMM:     3        3      N       14.2164   26.7011    0.1505
  QMMM:     4        4      N       13.3582   25.7400    2.1465
  QMMM:     5        5      C       13.4706   25.1739    3.4693
  QMMM:     6        6      C       12.0662   24.8829    4.0606
  QMMM:     7        7      O       11.0430   25.1543    3.4009
  QMMM:     8        8      N       12.0539   24.3209    5.3093
  QMMM:     9        9      C       10.8851   24.0318    6.0185
  QMMM:    10       10      C       10.8317   23.4913    7.3504
  QMMM:    11       11      C        9.4675   23.3681    7.6819
  QMMM:    12       12      N        8.6997   23.8116    6.5963
  QMMM:    13       13      C        7.2676   23.8683    6.5525
  QMMM:    14       14      C        9.5450   24.2143    5.5825
  QMMM:    15       15      C        8.8488   22.9032    8.9423
  QMMM:    16       16      O        7.6434   23.1081    9.1943
  QMMM:    17       17      N        9.6759   22.2335    9.8319
  QMMM:    18       18      C        9.2478   21.7451   11.0617
  QMMM:    19       19      C       10.0122   20.9248   11.9545
  QMMM:    20       20      C        9.1970   20.6719   13.0841
  QMMM:    21       21      N        7.9644   21.3160   12.8951
  QMMM:    22       22      C        6.8682   21.3123   13.8166
  QMMM:    23       23      C        7.9812   21.9660   11.6803
  QMMM:    24       24      C        9.5097   19.8947   14.2828
  QMMM:    25       25      O        8.7143   19.7773   15.2497
  QMMM:    26       26      N       10.7386   19.2543   14.3398
  QMMM:    27       27      C       11.1787   18.5810   15.5215
  QMMM:    28       28      C       10.4991   17.2163   15.7678
  QMMM:    29       29      C        9.9454   17.1186   17.1867
  QMMM:    30       30      N        8.9356   17.9340   17.5387
  QMMM:    31       31      N       10.4768   16.2061   18.0338
  QMMM:    32       32      H       15.9014   25.5987    2.7482
  QMMM:    33       33      H       16.5005   26.2895    1.3061
  QMMM:    34       34      H       13.2923   26.8172   -0.2030
  QMMM:    35       35      H       14.9775   26.9914   -0.4217
  QMMM:    36       36      H       12.4195   25.8615    1.7976
  QMMM:    37       37      H       14.0021   25.8975    4.1537
  QMMM:    38       38      H       14.0500   24.2064    3.4200
  QMMM:    39       39      H       12.9093   24.1426    5.7838
  QMMM:    40       40      H       11.6802   23.2429    7.9801
  QMMM:    41       41      H        6.9357   24.1848    5.5293
  QMMM:    42       42      H        6.8433   22.8569    6.7984
  QMMM:    43       43      H        6.8966   24.6006    7.3216
  QMMM:    44       44      H        9.1777   24.6002    4.6264
  QMMM:    45       45      H       10.6175   22.0452    9.5787
  QMMM:    46       46      H       11.0262   20.5725   11.7925
  QMMM:    47       47      H        6.0225   21.9182   13.3964
  QMMM:    48       48      H        6.5283   20.2561   13.9946
  QMMM:    49       49      H        7.1991   21.7476   14.7987
  QMMM:    50       50      H        7.1259   22.5366   11.3002
  QMMM:    51       51      H       11.3531   19.2946   13.5619
  QMMM:    52       52      H       11.0030   19.2569   16.4088
  QMMM:    53       53      H       12.2899   18.4060   15.4350
  QMMM:    54       54      H       11.2393   16.3953   15.5750
  QMMM:    55       55      H        9.6382   17.0565   15.0582
  QMMM:    56       56      H        8.5190   17.9234   18.4449
  QMMM:    57       57      H        8.5997   18.6135   16.8715
  QMMM:    58       58      H       10.1489   16.0764   18.9666
  QMMM:    59       59      H       11.2139   15.6140   17.7168
 
           --------- Calculation Completed ----------
 
