
Welcome to antechamber 22.0: molecular input file processor.

Info: acdoctor mode is on: check and diagnose problems in the input file.
Info: The atom type is set to gaff2; the options available to the -at flag are
      gaff, gaff2, amber, bcc, and sybyl.

-- Check Format for sdf File --
   Status: pass
Info: Determining atomic numbers from atomic symbols which are case sensitive.
-- Check Unusual Elements --
   Status: pass
-- Check Open Valences --
   Status: pass
-- Check Geometry --
      for those bonded   
      for those not bonded   
   Status: pass
-- Check Weird Bonds --
   Status: pass
-- Check Number of Units --
   Status: pass
acdoctor mode has completed checking the input file.

Running: /opt/amber/22/bin/bondtype -j full -i ANTECHAMBER_BOND_TYPE.AC0 -o ANTECHAMBER_BOND_TYPE.AC -f ac

Running: /opt/amber/22/bin/atomtype -i ANTECHAMBER_AC.AC0 -o ANTECHAMBER_AC.AC -p gaff2
Info: Total number of electrons: 678; net charge: 0

Running: /opt/amber/22/bin/sqm -O -i sqm.in -o sqm.out
Info: The number of path atoms exceeded MAXPATHATOMNUM for atom (ID: 2, Name: C2).
      Automatically increasing to 10000.
Info: The number of path atoms exceeded MAXPATHATOMNUM for atom (ID: 3, Name: O1).
      Automatically increasing to 10000.
Info: The number of path atoms exceeded MAXPATHATOMNUM for atom (ID: 4, Name: C3).
      Automatically increasing to 10000.
Info: The number of path atoms exceeded MAXPATHATOMNUM for atom (ID: 5, Name: O2).
      Automatically increasing to 10000.
Info: The number of path atoms exceeded MAXPATHATOMNUM for atom (ID: 6, Name: C4).
      Automatically increasing to 10000.
Info: The number of path atoms exceeded MAXPATHATOMNUM for atom (ID: 8, Name: N2).
      Automatically increasing to 10000.
Info: The number of path atoms exceeded MAXPATHATOMNUM for atom (ID: 9, Name: C5).
      Automatically increasing to 10000.
Info: The number of path atoms exceeded MAXPATHATOMNUM for atom (ID: 10, Name: C6).
      Automatically increasing to 10000.
Info: The number of path atoms exceeded MAXPATHATOMNUM for atom (ID: 11, Name: C7).
      Automatically increasing to 10000.
Info: The number of path atoms exceeded MAXPATHATOMNUM for atom (ID: 12, Name: C8).
      Automatically increasing to 10000.
Info: The number of path atoms exceeded MAXPATHATOMNUM for atom (ID: 13, Name: C9).
      Automatically increasing to 10000.
Info: The number of path atoms exceeded MAXPATHATOMNUM for atom (ID: 14, Name: O3).
      Automatically increasing to 10000.
Info: The number of path atoms exceeded MAXPATHATOMNUM for atom (ID: 15, Name: H2).
      Automatically increasing to 10000.
Info: The number of path atoms exceeded MAXPATHATOMNUM for atom (ID: 16, Name: N3).
      Automatically increasing to 10000.
Info: The number of path atoms exceeded MAXPATHATOMNUM for atom (ID: 17, Name: C10).
      Automatically increasing to 10000.
Info: The number of path atoms exceeded MAXPATHATOMNUM for atom (ID: 18, Name: C11).
      Automatically increasing to 10000.
Info: The number of path atoms exceeded MAXPATHATOMNUM for atom (ID: 19, Name: O4).
      Automatically increasing to 10000.
Info: The number of path atoms exceeded MAXPATHATOMNUM for atom (ID: 20, Name: C12).
      Automatically increasing to 10000.
Info: The number of path atoms exceeded MAXPATHATOMNUM for atom (ID: 21, Name: C13).
      Automatically increasing to 10000.
Info: The number of path atoms exceeded MAXPATHATOMNUM for atom (ID: 22, Name: C14).
      Automatically increasing to 10000.
Info: The number of path atoms exceeded MAXPATHATOMNUM for atom (ID: 23, Name: N4).
      Automatically increasing to 10000.
Info: The number of path atoms exceeded MAXPATHATOMNUM for atom (ID: 24, Name: C15).
      Automatically increasing to 10000.
Info: The number of path atoms exceeded MAXPATHATOMNUM for atom (ID: 25, Name: C16).
      Automatically increasing to 10000.
Info: The number of path atoms exceeded MAXPATHATOMNUM for atom (ID: 26, Name: O5).
      Automatically increasing to 10000.
Info: The number of path atoms exceeded MAXPATHATOMNUM for atom (ID: 27, Name: C17).
      Automatically increasing to 10000.
Info: The number of path atoms exceeded MAXPATHATOMNUM for atom (ID: 28, Name: N5).
      Automatically increasing to 10000.
Info: The number of path atoms exceeded MAXPATHATOMNUM for atom (ID: 29, Name: C18).
      Automatically increasing to 10000.
Info: The number of path atoms exceeded MAXPATHATOMNUM for atom (ID: 30, Name: C19).
      Automatically increasing to 10000.
Info: The number of path atoms exceeded MAXPATHATOMNUM for atom (ID: 31, Name: C20).
      Automatically increasing to 10000.
Info: The number of path atoms exceeded MAXPATHATOMNUM for atom (ID: 32, Name: C21).
      Automatically increasing to 10000.
Info: The number of path atoms exceeded MAXPATHATOMNUM for atom (ID: 33, Name: C22).
      Automatically increasing to 10000.
Info: The number of path atoms exceeded MAXPATHATOMNUM for atom (ID: 34, Name: C23).
      Automatically increasing to 10000.
Info: The number of path atoms exceeded MAXPATHATOMNUM for atom (ID: 35, Name: O6).
      Automatically increasing to 10000.
Info: The number of path atoms exceeded MAXPATHATOMNUM for atom (ID: 63, Name: C41).
      Automatically increasing to 10000.
Info: The number of path atoms exceeded MAXPATHATOMNUM for atom (ID: 64, Name: O11).
      Automatically increasing to 10000.
Info: The number of path atoms exceeded MAXPATHATOMNUM for atom (ID: 65, Name: C42).
      Automatically increasing to 10000.
Info: The number of path atoms exceeded MAXPATHATOMNUM for atom (ID: 66, Name: O12).
      Automatically increasing to 10000.
Info: The number of path atoms exceeded MAXPATHATOMNUM for atom (ID: 67, Name: C43).
      Automatically increasing to 10000.
Info: The number of path atoms exceeded MAXPATHATOMNUM for atom (ID: 69, Name: N9).
      Automatically increasing to 10000.
Info: The number of path atoms exceeded MAXPATHATOMNUM for atom (ID: 70, Name: C44).
      Automatically increasing to 10000.
Info: The number of path atoms exceeded MAXPATHATOMNUM for atom (ID: 71, Name: C45).
      Automatically increasing to 10000.
Info: The number of path atoms exceeded MAXPATHATOMNUM for atom (ID: 72, Name: C46).
      Automatically increasing to 10000.
Info: The number of path atoms exceeded MAXPATHATOMNUM for atom (ID: 73, Name: C47).
      Automatically increasing to 10000.
Info: The number of path atoms exceeded MAXPATHATOMNUM for atom (ID: 74, Name: C48).
      Automatically increasing to 10000.
Info: The number of path atoms exceeded MAXPATHATOMNUM for atom (ID: 75, Name: O13).
      Automatically increasing to 10000.
Info: The number of path atoms exceeded MAXPATHATOMNUM for atom (ID: 76, Name: H6).
      Automatically increasing to 10000.
Info: The number of path atoms exceeded MAXPATHATOMNUM for atom (ID: 77, Name: N10).
      Automatically increasing to 10000.
Info: The number of path atoms exceeded MAXPATHATOMNUM for atom (ID: 78, Name: C49).
      Automatically increasing to 10000.
Info: The number of path atoms exceeded MAXPATHATOMNUM for atom (ID: 79, Name: C50).
      Automatically increasing to 10000.
Info: The number of path atoms exceeded MAXPATHATOMNUM for atom (ID: 80, Name: O14).
      Automatically increasing to 10000.
Info: The number of path atoms exceeded MAXPATHATOMNUM for atom (ID: 81, Name: C51).
      Automatically increasing to 10000.
Info: The number of path atoms exceeded MAXPATHATOMNUM for atom (ID: 82, Name: C52).
      Automatically increasing to 10000.
Info: The number of path atoms exceeded MAXPATHATOMNUM for atom (ID: 83, Name: C53).
      Automatically increasing to 10000.
Info: The number of path atoms exceeded MAXPATHATOMNUM for atom (ID: 84, Name: N11).
      Automatically increasing to 10000.
Info: The number of path atoms exceeded MAXPATHATOMNUM for atom (ID: 85, Name: C54).
      Automatically increasing to 10000.
Info: The number of path atoms exceeded MAXPATHATOMNUM for atom (ID: 86, Name: C55).
      Automatically increasing to 10000.
Info: The number of path atoms exceeded MAXPATHATOMNUM for atom (ID: 87, Name: O15).
      Automatically increasing to 10000.
Info: The number of path atoms exceeded MAXPATHATOMNUM for atom (ID: 88, Name: C56).
      Automatically increasing to 10000.
Info: The number of path atoms exceeded MAXPATHATOMNUM for atom (ID: 89, Name: N12).
      Automatically increasing to 10000.
Info: The number of path atoms exceeded MAXPATHATOMNUM for atom (ID: 90, Name: C57).
      Automatically increasing to 10000.
Info: The number of path atoms exceeded MAXPATHATOMNUM for atom (ID: 91, Name: C58).
      Automatically increasing to 10000.
Info: The number of path atoms exceeded MAXPATHATOMNUM for atom (ID: 92, Name: C59).
      Automatically increasing to 10000.
Info: The number of path atoms exceeded MAXPATHATOMNUM for atom (ID: 93, Name: C60).
      Automatically increasing to 10000.
Info: The number of path atoms exceeded MAXPATHATOMNUM for atom (ID: 94, Name: C61).
      Automatically increasing to 10000.
Info: The number of path atoms exceeded MAXPATHATOMNUM for atom (ID: 95, Name: C62).
      Automatically increasing to 10000.
Info: The number of path atoms exceeded MAXPATHATOMNUM for atom (ID: 96, Name: O16).
      Automatically increasing to 10000.
Info: The number of path atoms exceeded MAXPATHATOMNUM for atom (ID: 98, Name: H8).
      Automatically increasing to 10000.
Info: The number of path atoms exceeded MAXPATHATOMNUM for atom (ID: 99, Name: H9).
      Automatically increasing to 10000.
Info: The number of path atoms exceeded MAXPATHATOMNUM for atom (ID: 100, Name: H10).
      Automatically increasing to 10000.
Info: The number of path atoms exceeded MAXPATHATOMNUM for atom (ID: 101, Name: H11).
      Automatically increasing to 10000.
Info: The number of path atoms exceeded MAXPATHATOMNUM for atom (ID: 102, Name: H12).
      Automatically increasing to 10000.
Info: The number of path atoms exceeded MAXPATHATOMNUM for atom (ID: 103, Name: H13).
      Automatically increasing to 10000.
Info: The number of path atoms exceeded MAXPATHATOMNUM for atom (ID: 104, Name: H14).
      Automatically increasing to 10000.
Info: The number of path atoms exceeded MAXPATHATOMNUM for atom (ID: 105, Name: H15).
      Automatically increasing to 10000.
Info: The number of path atoms exceeded MAXPATHATOMNUM for atom (ID: 106, Name: H16).
      Automatically increasing to 10000.
Info: The number of path atoms exceeded MAXPATHATOMNUM for atom (ID: 107, Name: H17).
      Automatically increasing to 10000.
Info: The number of path atoms exceeded MAXPATHATOMNUM for atom (ID: 108, Name: H18).
      Automatically increasing to 10000.
Info: The number of path atoms exceeded MAXPATHATOMNUM for atom (ID: 109, Name: H19).
      Automatically increasing to 10000.
Info: The number of path atoms exceeded MAXPATHATOMNUM for atom (ID: 110, Name: H20).
      Automatically increasing to 10000.
Info: The number of path atoms exceeded MAXPATHATOMNUM for atom (ID: 111, Name: H21).
      Automatically increasing to 10000.
Info: The number of path atoms exceeded MAXPATHATOMNUM for atom (ID: 112, Name: H22).
      Automatically increasing to 10000.
Info: The number of path atoms exceeded MAXPATHATOMNUM for atom (ID: 113, Name: H23).
      Automatically increasing to 10000.
Info: The number of path atoms exceeded MAXPATHATOMNUM for atom (ID: 114, Name: H24).
      Automatically increasing to 10000.
Info: The number of path atoms exceeded MAXPATHATOMNUM for atom (ID: 115, Name: H25).
      Automatically increasing to 10000.
Info: The number of path atoms exceeded MAXPATHATOMNUM for atom (ID: 116, Name: H26).
      Automatically increasing to 10000.
Info: The number of path atoms exceeded MAXPATHATOMNUM for atom (ID: 117, Name: H27).
      Automatically increasing to 10000.
Info: The number of path atoms exceeded MAXPATHATOMNUM for atom (ID: 118, Name: H28).
      Automatically increasing to 10000.
Info: The number of path atoms exceeded MAXPATHATOMNUM for atom (ID: 119, Name: H29).
      Automatically increasing to 10000.
Info: The number of path atoms exceeded MAXPATHATOMNUM for atom (ID: 120, Name: H30).
      Automatically increasing to 10000.
Info: The number of path atoms exceeded MAXPATHATOMNUM for atom (ID: 121, Name: H31).
      Automatically increasing to 10000.
Info: The number of path atoms exceeded MAXPATHATOMNUM for atom (ID: 122, Name: H32).
      Automatically increasing to 10000.
Info: The number of path atoms exceeded MAXPATHATOMNUM for atom (ID: 123, Name: H33).
      Automatically increasing to 10000.
Info: The number of path atoms exceeded MAXPATHATOMNUM for atom (ID: 124, Name: H34).
      Automatically increasing to 10000.
Info: The number of path atoms exceeded MAXPATHATOMNUM for atom (ID: 125, Name: H35).
      Automatically increasing to 10000.
Info: The number of path atoms exceeded MAXPATHATOMNUM for atom (ID: 126, Name: H36).
      Automatically increasing to 10000.
Info: The number of path atoms exceeded MAXPATHATOMNUM for atom (ID: 127, Name: H37).
      Automatically increasing to 10000.
Info: The number of path atoms exceeded MAXPATHATOMNUM for atom (ID: 128, Name: H38).
      Automatically increasing to 10000.
Info: The number of path atoms exceeded MAXPATHATOMNUM for atom (ID: 129, Name: H39).
      Automatically increasing to 10000.
Info: The number of path atoms exceeded MAXPATHATOMNUM for atom (ID: 130, Name: H40).
      Automatically increasing to 10000.
Info: The number of path atoms exceeded MAXPATHATOMNUM for atom (ID: 131, Name: H41).
      Automatically increasing to 10000.
Info: The number of path atoms exceeded MAXPATHATOMNUM for atom (ID: 132, Name: H42).
      Automatically increasing to 10000.
Info: The number of path atoms exceeded MAXPATHATOMNUM for atom (ID: 141, Name: H51).
      Automatically increasing to 10000.
Info: The number of path atoms exceeded MAXPATHATOMNUM for atom (ID: 142, Name: H52).
      Automatically increasing to 10000.
Info: The number of path atoms exceeded MAXPATHATOMNUM for atom (ID: 143, Name: H53).
      Automatically increasing to 10000.
Info: The number of path atoms exceeded MAXPATHATOMNUM for atom (ID: 144, Name: H54).
      Automatically increasing to 10000.
Info: The number of path atoms exceeded MAXPATHATOMNUM for atom (ID: 145, Name: H55).
      Automatically increasing to 10000.
Info: The number of path atoms exceeded MAXPATHATOMNUM for atom (ID: 146, Name: H56).
      Automatically increasing to 10000.
Info: The number of path atoms exceeded MAXPATHATOMNUM for atom (ID: 147, Name: H57).
      Automatically increasing to 10000.
Info: The number of path atoms exceeded MAXPATHATOMNUM for atom (ID: 148, Name: H58).
      Automatically increasing to 10000.
Info: The number of path atoms exceeded MAXPATHATOMNUM for atom (ID: 149, Name: H59).
      Automatically increasing to 10000.
Info: The number of path atoms exceeded MAXPATHATOMNUM for atom (ID: 150, Name: H60).
      Automatically increasing to 10000.
Info: The number of path atoms exceeded MAXPATHATOMNUM for atom (ID: 151, Name: H61).
      Automatically increasing to 10000.
Info: The number of path atoms exceeded MAXPATHATOMNUM for atom (ID: 152, Name: H62).
      Automatically increasing to 10000.
Info: The number of path atoms exceeded MAXPATHATOMNUM for atom (ID: 153, Name: H63).
      Automatically increasing to 10000.
Info: The number of path atoms exceeded MAXPATHATOMNUM for atom (ID: 154, Name: H64).
      Automatically increasing to 10000.
Info: The number of path atoms exceeded MAXPATHATOMNUM for atom (ID: 155, Name: H65).
      Automatically increasing to 10000.
Info: The number of path atoms exceeded MAXPATHATOMNUM for atom (ID: 156, Name: H66).
      Automatically increasing to 10000.
Info: The number of path atoms exceeded MAXPATHATOMNUM for atom (ID: 157, Name: H67).
      Automatically increasing to 10000.
Info: The number of path atoms exceeded MAXPATHATOMNUM for atom (ID: 158, Name: H68).
      Automatically increasing to 10000.
Info: The number of path atoms exceeded MAXPATHATOMNUM for atom (ID: 159, Name: H69).
      Automatically increasing to 10000.
Info: The number of path atoms exceeded MAXPATHATOMNUM for atom (ID: 160, Name: H70).
      Automatically increasing to 10000.
Info: The number of path atoms exceeded MAXPATHATOMNUM for atom (ID: 161, Name: H71).
      Automatically increasing to 10000.
Info: The number of path atoms exceeded MAXPATHATOMNUM for atom (ID: 162, Name: H72).
      Automatically increasing to 10000.
Info: The number of path atoms exceeded MAXPATHATOMNUM for atom (ID: 163, Name: H73).
      Automatically increasing to 10000.
Info: The number of path atoms exceeded MAXPATHATOMNUM for atom (ID: 164, Name: H74).
      Automatically increasing to 10000.
Info: The number of path atoms exceeded MAXPATHATOMNUM for atom (ID: 165, Name: H75).
      Automatically increasing to 10000.
Info: The number of path atoms exceeded MAXPATHATOMNUM for atom (ID: 166, Name: H76).
      Automatically increasing to 10000.
Info: The number of path atoms exceeded MAXPATHATOMNUM for atom (ID: 167, Name: H77).
      Automatically increasing to 10000.
Info: The number of path atoms exceeded MAXPATHATOMNUM for atom (ID: 168, Name: H78).
      Automatically increasing to 10000.
Info: The number of path atoms exceeded MAXPATHATOMNUM for atom (ID: 169, Name: H79).
      Automatically increasing to 10000.
Info: The number of path atoms exceeded MAXPATHATOMNUM for atom (ID: 170, Name: H80).
      Automatically increasing to 10000.
Info: The number of path atoms exceeded MAXPATHATOMNUM for atom (ID: 171, Name: H81).
      Automatically increasing to 10000.
Info: The number of path atoms exceeded MAXPATHATOMNUM for atom (ID: 172, Name: H82).
      Automatically increasing to 10000.
Info: The number of path atoms exceeded MAXPATHATOMNUM for atom (ID: 173, Name: H83).
      Automatically increasing to 10000.
Info: The number of path atoms exceeded MAXPATHATOMNUM for atom (ID: 174, Name: H84).
      Automatically increasing to 10000.
Info: The number of path atoms exceeded MAXPATHATOMNUM for atom (ID: 175, Name: H85).
      Automatically increasing to 10000.

Running: /opt/amber/22/bin/am1bcc -i ANTECHAMBER_AM1BCC_PRE.AC -o ANTECHAMBER_AM1BCC.AC -f ac -p /opt/amber/22/dat/antechamber/BCCPARM.DAT -s 2 -j 1

Running: /opt/amber/22/bin/atomtype -f ac -p bcc -o ANTECHAMBER_AM1BCC.AC -i ANTECHAMBER_AM1BCC_PRE.AC

