            --------------------------------------------------------
                             AMBER SQM VERSION 19
 
                                     By
              Ross C. Walker, Michael F. Crowley, Scott Brozell,
                         Tim Giese, Andreas W. Goetz,
                        Tai-Sung Lee and David A. Case
 
            --------------------------------------------------------
 

--------------------------------------------------------------------------------
  QM CALCULATION INFO
--------------------------------------------------------------------------------

| QMMM: Citation for AMBER QMMM Run:
| QMMM: R.C. Walker, M.F. Crowley and D.A. Case, J. COMP. CHEM. 29:1019, 2008

QMMM: SINGLET STATE CALCULATION
QMMM: RHF CALCULATION, NO. OF DOUBLY OCCUPIED LEVELS =248

| QMMM: *** Selected Hamiltonian *** 
| QMMM: AM1         

| QMMM: *** Parameter sets in use ***
| QMMM: N : M.J.S.DEWAR et al. JACS, 107, 3902, (1985)
| QMMM: C : M.J.S.DEWAR et al. JACS, 107, 3902, (1985)
| QMMM: O : M.J.S.DEWAR et al. JACS, 107, 3902, (1985)
| QMMM: H : M.J.S.DEWAR et al. JACS, 107, 3902, (1985)
| QMMM: F : M.J.S.DEWAR et al. THEOCHEM, 180, 1, (1988)

| QMMM: *** SCF convergence criteria ***
| QMMM: Energy change                :  0.1D-09 kcal/mol
| QMMM: Error matrix |FP-PF|         :  0.1D+00 au
| QMMM: Density matrix change        :  0.5D-06
| QMMM: Maximum number of SCF cycles :     1000
 
| QMMM: *** Diagonalization Routine Information ***
| QMMM: Pseudo diagonalizations are allowed.
| QMMM: Auto diagonalization routine selection is in use.
| QMMM:
| QMMM: Timing diagonalization routines:
| QMMM:                              norbs =      449
| QMMM:    diag iterations used for timing =        1
| QMMM:
| QMMM:              Internal diag routine = 0.108367 seconds
| QMMM:                 Dspev diag routine = 0.141885 seconds
| QMMM:                Dspevd diag routine = 0.024625 seconds
| QMMM:                Dspevx diag routine = 0.154953 seconds
| QMMM:                 Dsyev diag routine = 0.050836 seconds
| QMMM:                Dsyevd diag routine = 0.022367 seconds
| QMMM:                Dsyevr diag routine = 0.059106 seconds
| QMMM:
| QMMM:                Pseudo diag routine = 0.080291 seconds
| QMMM: Pseudo diagonalization appears to be slower than regular
| QMMM: diagonalization. Setting pseudo_diag=0 for optimum performance.
| QMMM:
| QMMM: Using dsyevd routine (diag_routine=6).

  QMMM: QM Region Cartesian Coordinates (*=link atom) 
  QMMM: QM_NO.   MM_NO.  ATOM         X         Y         Z
  QMMM:     1        1      N        4.0220   21.3730    9.9950
  QMMM:     2        2      C        3.8070   19.9850    9.5820
  QMMM:     3        3      C        4.7710   19.0560   10.2740
  QMMM:     4        4      O        5.8600   19.4670   10.6650
  QMMM:     5        5      C        3.9590   19.7390    8.0720
  QMMM:     6        6      O        5.2200   20.3180    7.6790
  QMMM:     7        7      C        2.8550   20.3630    7.2380
  QMMM:     8        8      H        4.6470   21.4060   10.7550
  QMMM:     9        9      N        4.3420   17.8070   10.4490
  QMMM:    10       10      C        5.2480   16.7400   10.8440
  QMMM:    11       11      C        4.8040   15.4080   10.1890
  QMMM:    12       12      C        5.7550   14.2510   10.4660
  QMMM:    13       13      C        4.5880   15.5350    8.6840
  QMMM:    14       14      C        5.3540   16.6310   12.3660
  QMMM:    15       15      O        4.3740   16.2150   12.9890
  QMMM:    16       16      H        3.3970   17.5990   10.3220
  QMMM:    17       17      N        6.4490   17.0080   13.0450
  QMMM:    18       18      C        7.6610   17.5990   12.4710
  QMMM:    19       19      C        8.5190   16.6320   11.6530
  QMMM:    20       20      O        8.6370   15.4720   12.0550
  QMMM:    21       21      C        8.4140   18.0480   13.7020
  QMMM:    22       22      C        7.3780   18.1820   14.7790
  QMMM:    23       23      C        6.5550   16.9490   14.4970
  QMMM:    24       24      N        9.1400   17.0450   10.5330
  QMMM:    25       25      C        9.1120   18.3940    9.9830
  QMMM:    26       26      C        8.2050   18.5580    8.7630
  QMMM:    27       27      O        7.3950   17.6630    8.5090
  QMMM:    28       28      C        9.9450   16.0920    9.7770
  QMMM:    29       29      N        8.2680   19.6540    7.9820
  QMMM:    30       30      C        9.0810   20.7840    8.4140
  QMMM:    31       31      C        7.5090   19.9260    6.7620
  QMMM:    32       32      C        8.3020   19.3900    5.5180
  QMMM:    33       33      C        8.2990   17.8710    5.3400
  QMMM:    34       34      C        7.8980   20.1290    4.2480
  QMMM:    35       35      C        6.0110   19.5790    6.8080
  QMMM:    36       36      O        5.4620   18.9500    5.8980
  QMMM:    37       37      C        3.0020   23.4950   10.4950
  QMMM:    38       38      C        2.9440   22.0890   10.3220
  QMMM:    39       39      O        1.8760   21.5090   10.5130
  QMMM:    40       40      C        2.7660   24.4300    9.4400
  QMMM:    41       41      N        2.4730   24.0530    8.1910
  QMMM:    42       42      C        2.8370   25.8240    9.7010
  QMMM:    43       43      O        2.6300   26.6200    8.7770
  QMMM:    44       44      C        3.1350   26.3050   11.0030
  QMMM:    45       45      O        3.6450   25.8010   13.3050
  QMMM:    46       46      C        4.1570   25.3450   15.6210
  QMMM:    47       47      C        4.3760   24.3840   16.6310
  QMMM:    48       48      C        4.3020   23.0030   16.3440
  QMMM:    49       49      F        4.5280   22.1370   17.3500
  QMMM:    50       50      C        4.0000   22.5590   15.0300
  QMMM:    51       51      C        3.9130   21.1880   14.6940
  QMMM:    52       52      O        4.9290   20.6150   14.2850
  QMMM:    53       53      N        3.5080   23.1480   12.7840
  QMMM:    54       54      C        3.2950   23.9870   11.7900
  QMMM:    55       55      C        3.3630   25.3850   12.0460
  QMMM:    56       56      C        3.8630   24.9180   14.3080
  QMMM:    57       57      C        3.7850   23.5270   14.0160
  QMMM:    58       58      C        3.2070   27.8010   11.2850
  QMMM:    59       59      C        4.2410   26.8250   15.9620
  QMMM:    60       60      H        2.3140   24.7600    7.4800
  QMMM:    61       61      H        2.4030   23.0770    7.9420
  QMMM:    62       62      N        2.7400   20.5300   14.7760
  QMMM:    63       63      C        2.7850   19.0690   14.6220
  QMMM:    64       64      C        1.6240   18.5200   13.8200
  QMMM:    65       65      O        0.5380   19.0920   13.8190
  QMMM:    66       66      C        2.8240   18.2650   15.9460
  QMMM:    67       67      O        1.6790   18.6530   16.7200
  QMMM:    68       68      C        4.0460   18.4820   16.8180
  QMMM:    69       69      H        2.0770   20.9350   14.1780
  QMMM:    70       70      N        1.8300   17.3880   13.1540
  QMMM:    71       71      C        0.7610   16.7020   12.4480
  QMMM:    72       72      C        1.0430   15.1800   12.4110
  QMMM:    73       73      C       -0.0470   14.3790   11.7130
  QMMM:    74       74      C        1.2880   14.5940   13.7930
  QMMM:    75       75      C        0.6680   17.3000   11.0470
  QMMM:    76       76      O        1.6160   17.1150   10.2760
  QMMM:    77       77      H        2.7280   17.0100   13.1170
  QMMM:    78       78      N       -0.3680   18.0600   10.6640
  QMMM:    79       79      C       -1.5230   18.4330   11.4940
  QMMM:    80       80      C       -2.5210   17.3280   11.8590
  QMMM:    81       81      O       -2.6920   16.4010   11.0580
  QMMM:    82       82      C       -2.1760   19.5080   10.6560
  QMMM:    83       83      C       -1.8950   19.0880    9.2380
  QMMM:    84       84      C       -0.4330   18.7230    9.3620
  QMMM:    85       85      N       -3.1520   17.3420   13.0460
  QMMM:    86       86      C       -2.9290   18.2840   14.1350
  QMMM:    87       87      C       -1.9670   17.7650   15.2090
  QMMM:    88       88      O       -1.5610   16.6070   15.1220
  QMMM:    89       89      C       -4.2140   16.3750   13.2900
  QMMM:    90       90      N       -1.5630   18.5550   16.2260
  QMMM:    91       91      C       -1.7610   19.9900   16.1100
  QMMM:    92       92      C       -0.6990   18.2060   17.3530
  QMMM:    93       93      C       -1.3930   17.2290   18.3530
  QMMM:    94       94      C       -0.5220   16.9910   19.5830
  QMMM:    95       95      C       -2.7420   17.7520   18.8290
  QMMM:    96       96      C        0.6820   17.7080   16.9180
  QMMM:    97       97      O        0.8850   16.5240   16.6390
  QMMM:    98       98      H        2.7960   19.6990    9.8710
  QMMM:    99       99      H        3.9850   18.6650    7.8850
  QMMM:   100      100      H        3.0290   20.1480    6.1840
  QMMM:   101      101      H        1.8930   19.9480    7.5390
  QMMM:   102      102      H        2.8490   21.4420    7.3920
  QMMM:   103      103      H        6.2380   16.9850   10.4590
  QMMM:   104      104      H        3.8420   15.1420   10.6280
  QMMM:   105      105      H        5.3840   13.3500    9.9780
  QMMM:   106      106      H        6.7450   14.4920   10.0780
  QMMM:   107      107      H        5.8190   14.0820   11.5410
  QMMM:   108      108      H        4.2780   14.5720    8.2780
  QMMM:   109      109      H        3.8140   16.2770    8.4890
  QMMM:   110      110      H        5.5180   15.8470    8.2080
  QMMM:   111      111      H        7.3980   18.4640   11.8630
  QMMM:   112      112      H        8.8680   19.0210   13.5140
  QMMM:   113      113      H        9.1340   17.2800   13.9860
  QMMM:   114      114      H        6.7720   19.0660   14.5810
  QMMM:   115      115      H        7.8600   18.0730   15.7510
  QMMM:   116      116      H        7.1280   16.0650   14.7780
  QMMM:   117      117      H        5.5640   17.0740   14.9330
  QMMM:   118      118      H       10.1260   18.6990    9.7230
  QMMM:   119      119      H        8.8030   19.0940   10.7590
  QMMM:   120      120      H       10.3730   16.5880    8.9060
  QMMM:   121      121      H       10.7480   15.7120   10.4090
  QMMM:   122      122      H        9.3170   15.2630    9.4500
  QMMM:   123      123      H        9.0210   21.5800    7.6720
  QMMM:   124      124      H        8.7130   21.1520    9.3720
  QMMM:   125      125      H       10.1180   20.4660    8.5220
  QMMM:   126      126      H        7.5360   21.0110    6.6580
  QMMM:   127      127      H        9.3430   19.6610    5.6960
  QMMM:   128      128      H        8.8740   17.6080    4.4520
  QMMM:   129      129      H        8.7470   17.4010    6.2160
  QMMM:   130      130      H        7.2730   17.5200    5.2250
  QMMM:   131      131      H        8.4640   19.7360    3.4030
  QMMM:   132      132      H        6.8320   19.9880    4.0680
  QMMM:   133      133      H        8.1090   21.1920    4.3630
  QMMM:   134      134      H        4.6030   24.7010   17.6380
  QMMM:   135      135      H        3.4460   27.9620   12.3360
  QMMM:   136      136      H        3.9810   28.2520   10.6640
  QMMM:   137      137      H        2.2450   28.2610   11.0570
  QMMM:   138      138      H        4.0460   27.4160   15.0670
  QMMM:   139      139      H        3.5000   27.0650   16.7250
  QMMM:   140      140      H        5.2370   27.0560   16.3390
  QMMM:   141      141      H        3.6960   18.8310   14.0740
  QMMM:   142      142      H        2.7450   17.2030   15.7130
  QMMM:   143      143      H        3.9650   17.8700   17.7160
  QMMM:   144      144      H        4.9420   18.1990   16.2650
  QMMM:   145      145      H        4.1100   19.5330   17.1000
  QMMM:   146      146      H       -0.1790   16.8760   12.9720
  QMMM:   147      147      H        1.9590   15.0390   11.8380
  QMMM:   148      148      H        0.2150   13.3210   11.7240
  QMMM:   149      149      H       -0.9940   14.5230   12.2330
  QMMM:   150      150      H       -0.1440   14.7180   10.6820
  QMMM:   151      151      H        1.4800   13.5250   13.7060
  QMMM:   152      152      H        2.1500   15.0820   14.2470
  QMMM:   153      153      H        0.4090   14.7550   14.4180
  QMMM:   154      154      H       -1.1560   18.8870   12.4150
  QMMM:   155      155      H       -1.6900   20.4630   10.8520
  QMMM:   156      156      H       -3.2520   19.4960   10.8290
  QMMM:   157      157      H       -1.9900   19.9560    8.5850
  QMMM:   158      158      H       -2.4680   18.1880    9.0140
  QMMM:   159      159      H       -0.1730   18.0080    8.5810
  QMMM:   160      160      H        0.1640   19.6340    9.3920
  QMMM:   161      161      H       -3.8840   18.5360   14.5960
  QMMM:   162      162      H       -2.5470   19.2210   13.7300
  QMMM:   163      163      H       -4.6170   16.5220   14.2920
  QMMM:   164      164      H       -5.0080   16.5140   12.5560
  QMMM:   165      165      H       -3.8130   15.3650   13.2050
  QMMM:   166      166      H       -1.3850   20.4830   17.0060
  QMMM:   167      167      H       -1.2230   20.3620   15.2380
  QMMM:   168      168      H       -2.8240   20.2030   15.9980
  QMMM:   169      169      H       -0.5280   19.1320   17.9020
  QMMM:   170      170      H       -1.5500   16.2740   17.8510
  QMMM:   171      171      H       -1.0310   16.3070   20.2620
  QMMM:   172      172      H        0.4300   16.5570   19.2760
  QMMM:   173      173      H       -0.3420   17.9390   20.0900
  QMMM:   174      174      H       -3.1850   17.0370   19.5230
  QMMM:   175      175      H       -2.6040   18.7090   19.3330
  QMMM:   176      176      H       -3.4040   17.8850   17.9730

--------------------------------------------------------------------------------
  RESULTS
--------------------------------------------------------------------------------

      iter         sqm energy              rms gradient
      ----    -------------------    -----------------------
xmin    10     -542.6788 kcal/mol        0.3711 kcal/(mol*A)
xmin    20     -546.1978 kcal/mol        0.7417 kcal/(mol*A)
xmin    30     -547.4702 kcal/mol        0.1658 kcal/(mol*A)
xmin    40     -547.8090 kcal/mol        0.1766 kcal/(mol*A)
xmin    50     -548.1150 kcal/mol        0.1056 kcal/(mol*A)
xmin    60     -548.3679 kcal/mol        0.1612 kcal/(mol*A)
xmin    70     -548.4486 kcal/mol        0.0448 kcal/(mol*A)
xmin    80     -548.4841 kcal/mol        0.0311 kcal/(mol*A)
xmin    90     -548.5235 kcal/mol        0.0551 kcal/(mol*A)
xmin   100     -548.5336 kcal/mol        0.0080 kcal/(mol*A)
xmin   110     -548.5347 kcal/mol        0.0045 kcal/(mol*A)
xmin   120     -548.5350 kcal/mol        0.0041 kcal/(mol*A)
xmin   130     -548.5351 kcal/mol        0.0008 kcal/(mol*A)
xmin   140     -548.5351 kcal/mol        0.0011 kcal/(mol*A)
  ... geometry converged !
 
 Final MO eigenvalues (eV):
 -50.2155  -42.7733  -41.6084  -41.5406  -41.2356  -41.0217  -41.0025  -40.6697
 -40.5203  -39.9347  -39.7956  -39.4253  -39.3334  -39.1586  -39.0259  -38.6396
 -37.9722  -37.7065  -37.6584  -37.5204  -37.4787  -37.0468  -36.8440  -36.8122
 -36.3468  -36.2875  -36.0221  -35.9533  -35.6864  -35.5062  -35.3652  -35.1979
 -35.1419  -34.2542  -34.0339  -33.8831  -32.7164  -32.4487  -32.3999  -32.3257
 -31.8846  -30.8331  -30.7992  -30.5438  -29.9911  -29.9305  -29.4599  -29.2428
 -28.6085  -28.5242  -28.4429  -28.3303  -27.9285  -27.8669  -27.5398  -27.4257
 -27.1240  -27.0740  -27.0022  -26.6101  -26.5156  -26.3780  -26.2811  -25.6413
 -24.3976  -24.3431  -24.1265  -24.0658  -23.5695  -23.4453  -22.4809  -22.4373
 -22.2645  -22.2094  -22.0690  -21.9789  -21.9103  -21.7375  -21.5889  -21.2959
 -21.2495  -20.9329  -20.9159  -20.6535  -20.5818  -20.2190  -20.1496  -20.0933
 -19.7938  -19.4062  -19.3269  -19.1421  -19.0148  -18.8946  -18.7548  -18.5386
 -18.4794  -18.2855  -18.2527  -18.1275  -18.0773  -18.0208  -17.8938  -17.7226
 -17.7099  -17.6307  -17.5264  -17.4528  -17.4222  -17.3690  -17.0952  -17.0718
 -17.0325  -16.9731  -16.8958  -16.8262  -16.7860  -16.6703  -16.5232  -16.4749
 -16.4153  -16.3016  -16.2307  -16.1208  -16.0477  -16.0187  -15.9827  -15.9211
 -15.8581  -15.8115  -15.6256  -15.5820  -15.5343  -15.3935  -15.3178  -15.1996
 -15.1608  -15.0942  -15.0626  -15.0027  -14.9748  -14.8972  -14.8289  -14.8140
 -14.7794  -14.6818  -14.6624  -14.6437  -14.6026  -14.5510  -14.4687  -14.4273
 -14.3325  -14.2612  -14.1929  -14.1617  -14.1092  -14.0978  -14.0639  -14.0562
 -13.9853  -13.9545  -13.9166  -13.8964  -13.8004  -13.7672  -13.7393  -13.7100
 -13.6434  -13.6175  -13.5636  -13.5523  -13.5409  -13.5094  -13.4495  -13.3613
 -13.3241  -13.3112  -13.2751  -13.2540  -13.2365  -13.1736  -13.1595  -13.1210
 -13.1128  -13.0474  -12.9950  -12.9115  -12.9019  -12.8676  -12.8404  -12.8084
 -12.7750  -12.7534  -12.6860  -12.6675  -12.4420  -12.4242  -12.3644  -12.2811
 -12.2269  -12.1870  -12.1646  -12.1488  -12.0796  -12.0457  -11.9847  -11.9530
 -11.9190  -11.8469  -11.8227  -11.7819  -11.7173  -11.6240  -11.5997  -11.5734
 -11.5209  -11.4908  -11.4556  -11.4323  -11.3672  -11.2987  -11.1725  -11.1451
 -11.1241  -11.0737  -11.0580  -11.0197  -11.0154  -10.9540  -10.8962  -10.8621
 -10.8066  -10.7013  -10.6647  -10.3395  -10.0114   -9.9862   -9.8464   -9.8015
  -9.7370   -9.7255   -9.6303   -9.6209   -9.5153   -9.3529   -9.3232   -8.9418
  -2.0882   -0.8741   -0.6850   -0.0570    0.6493    0.8708    0.9068    0.9307
   1.0472    1.1107    1.1547    1.1787    1.2333    1.2629    1.3142    1.3329
   1.3474    1.3820    1.4909    1.5791    1.6234    1.6885    1.7091    1.7483
   1.8242    1.8448    1.8572    1.9364    1.9644    1.9997    2.1326    2.2158
   2.2962    2.3908    2.4245    2.5436    2.6989    2.8185    3.0741    3.0988
   3.1063    3.1862    3.2509    3.2779    3.2790    3.3057    3.3256    3.3994
   3.4077    3.4193    3.4430    3.4657    3.4974    3.5039    3.5183    3.5382
   3.5423    3.5496    3.5585    3.5906    3.5964    3.6406    3.6502    3.6727
   3.6972    3.7232    3.7426    3.7667    3.7729    3.7917    3.7952    3.8602
   3.8725    3.8823    3.8985    3.9065    3.9308    3.9389    3.9653    3.9989
   4.0116    4.0461    4.0690    4.0726    4.0882    4.1068    4.1281    4.1334
   4.1598    4.1640    4.1744    4.1816    4.1987    4.2009    4.2214    4.2346
   4.2580    4.2711    4.2935    4.3064    4.3111    4.3195    4.3496    4.3662
   4.4183    4.4379    4.4514    4.4538    4.4781    4.5277    4.5314    4.5408
   4.5687    4.5841    4.5953    4.6237    4.6283    4.6445    4.6667    4.6782
   4.6846    4.6998    4.7442    4.7507    4.7555    4.7659    4.7670    4.7880
   4.8364    4.8379    4.8556    4.8643    4.8751    4.8816    4.8905    4.9058
   4.9195    4.9370    4.9452    4.9543    5.0223    5.0460    5.0616    5.0653
   5.0786    5.0923    5.1036    5.1201    5.1296    5.1864    5.1916    5.1949
   5.2247    5.2494    5.2589    5.2688    5.2943    5.3077    5.3119    5.3442
   5.3570    5.3608    5.4072    5.4321    5.4382    5.4539    5.4659    5.4927
   5.5323    5.5424    5.5729    5.6332    5.6624    5.6782    5.6903    5.7204
   5.7607    5.8689    5.8866    5.8989    5.9209    6.0859    6.0990    6.1575
   6.3151    6.3217    6.3738    6.4143    6.5189    6.8264    6.8352    6.8495
   6.9043    6.9184    6.9481    6.9716    7.0394    7.0532    7.0749    7.1905
   7.2219

 Heat of formation   =       -548.53515154 kcal/mol  (      -23.78626909 eV)

 Total SCF energy    =    -396747.51114940 kcal/mol  (   -17204.26309134 eV)
 Electronic energy   =   -6823976.76859370 kcal/mol  (  -295909.83776045 eV)
 Core-core repulsion =    6427229.25744431 kcal/mol  (   278705.57466911 eV)
 
    Atomic Charges for Step       1 :
  Atom    Element       Mulliken Charge
     1      N                 -0.334
     2      C                  0.006
     3      C                  0.310
     4      O                 -0.399
     5      C                  0.023
     6      O                 -0.279
     7      C                 -0.230
     8      H                  0.258
     9      N                 -0.362
    10      C                  0.018
    11      C                 -0.105
    12      C                 -0.221
    13      C                 -0.220
    14      C                  0.309
    15      O                 -0.419
    16      H                  0.266
    17      N                 -0.286
    18      C                 -0.006
    19      C                  0.291
    20      O                 -0.336
    21      C                 -0.156
    22      C                 -0.176
    23      C                 -0.034
    24      N                 -0.313
    25      C                 -0.041
    26      C                  0.290
    27      O                 -0.359
    28      C                 -0.098
    29      N                 -0.330
    30      C                 -0.069
    31      C                  0.062
    32      C                 -0.105
    33      C                 -0.215
    34      C                 -0.222
    35      C                  0.313
    36      O                 -0.332
    37      C                 -0.267
    38      C                  0.380
    39      O                 -0.416
    40      C                  0.115
    41      N                 -0.337
    42      C                  0.293
    43      O                 -0.278
    44      C                 -0.193
    45      O                 -0.114
    46      C                 -0.026
    47      C                 -0.148
    48      C                  0.116
    49      F                 -0.089
    50      C                 -0.104
    51      C                  0.371
    52      O                 -0.353
    53      N                 -0.106
    54      C                  0.090
    55      C                  0.071
    56      C                  0.010
    57      C                 -0.006
    58      C                 -0.167
    59      C                 -0.180
    60      H                  0.248
    61      H                  0.258
    62      N                 -0.348
    63      C                  0.001
    64      C                  0.304
    65      O                 -0.430
    66      C                  0.019
    67      O                 -0.287
    68      C                 -0.224
    69      H                  0.249
    70      N                 -0.353
    71      C                  0.022
    72      C                 -0.101
    73      C                 -0.222
    74      C                 -0.224
    75      C                  0.307
    76      O                 -0.419
    77      H                  0.273
    78      N                 -0.290
    79      C                 -0.000
    80      C                  0.284
    81      O                 -0.332
    82      C                 -0.155
    83      C                 -0.173
    84      C                 -0.029
    85      N                 -0.309
    86      C                 -0.044
    87      C                  0.273
    88      O                 -0.352
    89      C                 -0.101
    90      N                 -0.311
    91      C                 -0.089
    92      C                  0.055
    93      C                 -0.111
    94      C                 -0.218
    95      C                 -0.200
    96      C                  0.280
    97      O                 -0.326
    98      H                  0.163
    99      H                  0.136
   100      H                  0.091
   101      H                  0.105
   102      H                  0.075
   103      H                  0.139
   104      H                  0.100
   105      H                  0.079
   106      H                  0.098
   107      H                  0.087
   108      H                  0.078
   109      H                  0.078
   110      H                  0.101
   111      H                  0.152
   112      H                  0.100
   113      H                  0.097
   114      H                  0.108
   115      H                  0.093
   116      H                  0.098
   117      H                  0.106
   118      H                  0.106
   119      H                  0.135
   120      H                  0.072
   121      H                  0.123
   122      H                  0.080
   123      H                  0.091
   124      H                  0.086
   125      H                  0.066
   126      H                  0.115
   127      H                  0.086
   128      H                  0.073
   129      H                  0.074
   130      H                  0.116
   131      H                  0.082
   132      H                  0.102
   133      H                  0.066
   134      H                  0.163
   135      H                  0.092
   136      H                  0.107
   137      H                  0.092
   138      H                  0.102
   139      H                  0.100
   140      H                  0.091
   141      H                  0.163
   142      H                  0.148
   143      H                  0.086
   144      H                  0.100
   145      H                  0.092
   146      H                  0.128
   147      H                  0.098
   148      H                  0.080
   149      H                  0.098
   150      H                  0.085
   151      H                  0.076
   152      H                  0.091
   153      H                  0.103
   154      H                  0.143
   155      H                  0.095
   156      H                  0.100
   157      H                  0.110
   158      H                  0.091
   159      H                  0.095
   160      H                  0.113
   161      H                  0.112
   162      H                  0.135
   163      H                  0.072
   164      H                  0.115
   165      H                  0.091
   166      H                  0.089
   167      H                  0.102
   168      H                  0.076
   169      H                  0.120
   170      H                  0.141
   171      H                  0.084
   172      H                  0.091
   173      H                  0.066
   174      H                  0.078
   175      H                  0.068
   176      H                  0.079
 Total Mulliken Charge =       0.000
 
                  X        Y        Z     TOTAL  
  QM DIPOLE     1.889   13.077    2.303   13.412
 
 Final Structure

  QMMM: QM Region Cartesian Coordinates (*=link atom) 
  QMMM: QM_NO.   MM_NO.  ATOM         X         Y         Z
  QMMM:     1        1      N        3.6888   21.1543    9.9485
  QMMM:     2        2      C        3.6495   19.7627    9.5851
  QMMM:     3        3      C        4.7099   18.9570   10.3760
  QMMM:     4        4      O        5.8174   19.4600   10.6630
  QMMM:     5        5      C        3.9168   19.4631    8.0820
  QMMM:     6        6      O        5.2471   19.9193    7.7797
  QMMM:     7        7      C        2.9343   20.1698    7.1732
  QMMM:     8        8      H        4.5634   21.5182   10.2538
  QMMM:     9        9      N        4.3738   17.6688   10.7138
  QMMM:    10       10      C        5.3613   16.6999   11.1256
  QMMM:    11       11      C        4.9962   15.2571   10.6980
  QMMM:    12       12      C        6.0076   14.2834   11.2653
  QMMM:    13       13      C        4.9535   15.1622    9.1873
  QMMM:    14       14      C        5.5118   16.7141   12.6681
  QMMM:    15       15      O        4.5387   16.4265   13.4023
  QMMM:    16       16      H        3.4635   17.3220   10.4894
  QMMM:    17       17      N        6.7435   16.9873   13.2308
  QMMM:    18       18      C        7.7723   17.7657   12.5524
  QMMM:    19       19      C        8.7521   16.8966   11.7379
  QMMM:    20       20      O        8.9605   15.7027   12.0163
  QMMM:    21       21      C        8.5729   18.5234   13.6422
  QMMM:    22       22      C        7.8791   18.2230   14.9660
  QMMM:    23       23      C        6.9017   17.0744   14.6765
  QMMM:    24       24      N        9.5130   17.5060   10.7283
  QMMM:    25       25      C        9.1564   18.7633   10.1335
  QMMM:    26       26      C        8.2184   18.6686    8.9121
  QMMM:    27       27      O        7.5264   17.6572    8.6907
  QMMM:    28       28      C       10.3584   16.6695    9.9079
  QMMM:    29       29      N        8.1708   19.7664    8.0576
  QMMM:    30       30      C        8.8356   20.9895    8.4089
  QMMM:    31       31      C        7.4263   19.7384    6.8128
  QMMM:    32       32      C        8.2026   19.0880    5.6405
  QMMM:    33       33      C        8.4636   17.6127    5.8365
  QMMM:    34       34      C        7.4680   19.3350    4.3390
  QMMM:    35       35      C        6.0268   19.1411    6.9646
  QMMM:    36       36      O        5.5190   18.1661    6.4158
  QMMM:    37       37      C        2.7423   23.3988   10.2208
  QMMM:    38       38      C        2.5701   21.9474    9.9132
  QMMM:    39       39      O        1.4582   21.4971    9.5465
  QMMM:    40       40      C        2.4119   24.3150    9.2389
  QMMM:    41       41      N        1.9485   23.9472    8.0135
  QMMM:    42       42      C        2.6031   25.7976    9.4746
  QMMM:    43       43      O        2.4260   26.6063    8.5535
  QMMM:    44       44      C        2.9902   26.2037   10.8239
  QMMM:    45       45      O        3.5783   25.7481   13.0270
  QMMM:    46       46      C        4.1969   25.3395   15.2716
  QMMM:    47       47      C        4.4870   24.4512   16.2991
  QMMM:    48       48      C        4.4534   23.0590   16.0697
  QMMM:    49       49      F        4.7358   22.2242   17.0981
  QMMM:    50       50      C        4.1338   22.5376   14.8056
  QMMM:    51       51      C        4.1910   21.0569   14.5927
  QMMM:    52       52      O        5.2626   20.4865   14.3138
  QMMM:    53       53      N        3.4598   22.9225   12.4821
  QMMM:    54       54      C        3.1754   23.8013   11.5459
  QMMM:    55       55      C        3.2401   25.2627   11.7729
  QMMM:    56       56      C        3.8644   24.8085   14.0093
  QMMM:    57       57      C        3.8176   23.4191   13.7456
  QMMM:    58       58      C        3.0826   27.6533   11.1091
  QMMM:    59       59      C        4.2250   26.8036   15.4837
  QMMM:    60       60      H        1.7011   24.6532    7.3611
  QMMM:    61       61      H        1.6719   23.0062    7.8462
  QMMM:    62       62      N        3.0184   20.3681   14.8116
  QMMM:    63       63      C        2.9220   18.9484   14.6010
  QMMM:    64       64      C        1.6508   18.5963   13.7876
  QMMM:    65       65      O        0.6228   19.3109   13.8558
  QMMM:    66       66      C        2.8850   18.1023   15.9041
  QMMM:    67       67      O        1.6079   18.2980   16.5369
  QMMM:    68       68      C        3.9561   18.5209   16.8903
  QMMM:    69       69      H        2.1630   20.8584   14.9444
  QMMM:    70       70      N        1.7067   17.4654   13.0201
  QMMM:    71       71      C        0.5609   16.9401   12.3161
  QMMM:    72       72      C        0.6357   15.4065   12.1183
  QMMM:    73       73      C       -0.5005   14.9489   11.2275
  QMMM:    74       74      C        0.5732   14.7053   13.4585
  QMMM:    75       75      C        0.4627   17.6015   10.9167
  QMMM:    76       76      O        1.3797   17.4371   10.0790
  QMMM:    77       77      H        2.5441   16.9190   12.9979
  QMMM:    78       78      N       -0.6511   18.3413   10.5816
  QMMM:    79       79      C       -1.5658   18.9198   11.5546
  QMMM:    80       80      C       -2.6893   17.9576   11.9933
  QMMM:    81       81      O       -3.1229   17.0752   11.2322
  QMMM:    82       82      C       -2.2295   20.1528   10.8895
  QMMM:    83       83      C       -1.6179   20.2763    9.4996
  QMMM:    84       84      C       -0.7219   19.0449    9.3077
  QMMM:    85       85      N       -3.3364   18.1878   13.2199
  QMMM:    86       86      C       -2.6820   18.8115   14.3368
  QMMM:    87       87      C       -1.8904   17.8644   15.2627
  QMMM:    88       88      O       -1.7848   16.6486   15.0180
  QMMM:    89       89      C       -4.4265   17.3036   13.5713
  QMMM:    90       90      N       -1.3457   18.4214   16.4255
  QMMM:    91       91      C       -1.1329   19.8458   16.4851
  QMMM:    92       92      C       -0.5544   17.6130   17.3346
  QMMM:    93       93      C       -1.2580   16.3393   17.8613
  QMMM:    94       94      C       -0.4746   15.7870   19.0361
  QMMM:    95       95      C       -2.6836   16.6235   18.2819
  QMMM:    96       96      C        0.7987   17.2102   16.7328
  QMMM:    97       97      O        1.2188   16.0913   16.4480
  QMMM:    98       98      H        2.6023   19.3680    9.7937
  QMMM:    99       99      H        3.8467   18.3460    7.9390
  QMMM:   100      100      H        3.0249   19.7656    6.1365
  QMMM:   101      101      H        1.8940   20.0072    7.5482
  QMMM:   102      102      H        3.1378   21.2673    7.1484
  QMMM:   103      103      H        6.3477   16.9648   10.6297
  QMMM:   104      104      H        3.9810   15.0041   11.1185
  QMMM:   105      105      H        5.8136   13.2594   10.8645
  QMMM:   106      106      H        7.0499   14.5822   10.9925
  QMMM:   107      107      H        5.9332   14.2456   12.3797
  QMMM:   108      108      H        4.8511   14.0946    8.8756
  QMMM:   109      109      H        4.0847   15.7294    8.7739
  QMMM:   110      110      H        5.8913   15.5771    8.7403
  QMMM:   111      111      H        7.2574   18.5049   11.8676
  QMMM:   112      112      H        8.5604   19.6180   13.4194
  QMMM:   113      113      H        9.6357   18.1786   13.6629
  QMMM:   114      114      H        7.3140   19.1221   15.3226
  QMMM:   115      115      H        8.6119   17.9266   15.7533
  QMMM:   116      116      H        7.3140   16.0956   15.0465
  QMMM:   117      117      H        5.9043   17.2496   15.1673
  QMMM:   118      118      H       10.1201   19.2581    9.8103
  QMMM:   119      119      H        8.6534   19.4353   10.8867
  QMMM:   120      120      H       11.3200   17.2138    9.7093
  QMMM:   121      121      H       10.5855   15.7078   10.4397
  QMMM:   122      122      H        9.8585   16.4365    8.9279
  QMMM:   123      123      H        8.4509   21.8457    7.7939
  QMMM:   124      124      H        8.6587   21.2341    9.4914
  QMMM:   125      125      H        9.9426   20.8974    8.2321
  QMMM:   126      126      H        7.2341   20.8172    6.5062
  QMMM:   127      127      H        9.1976   19.6191    5.5836
  QMMM:   128      128      H        8.9721   17.1937    4.9349
  QMMM:   129      129      H        9.1171   17.4406    6.7262
  QMMM:   130      130      H        7.5044   17.0611    6.0003
  QMMM:   131      131      H        8.0814   18.9599    3.4842
  QMMM:   132      132      H        6.4885   18.7967    4.3327
  QMMM:   133      133      H        7.2818   20.4254    4.1877
  QMMM:   134      134      H        4.7489   24.8229   17.3019
  QMMM:   135      135      H        3.9613   27.8657   11.7686
  QMMM:   136      136      H        3.1870   28.2382   10.1616
  QMMM:   137      137      H        2.1588   27.9968   11.6398
  QMMM:   138      138      H        4.8457   27.2945   14.6919
  QMMM:   139      139      H        3.1871   27.2173   15.4117
  QMMM:   140      140      H        4.6464   27.0608   16.4856
  QMMM:   141      141      H        3.8511   18.6036   14.0410
  QMMM:   142      142      H        3.0250   17.0239   15.5991
  QMMM:   143      143      H        4.1164   17.7114   17.6415
  QMMM:   144      144      H        4.9128   18.7153   16.3453
  QMMM:   145      145      H        3.6569   19.4522   17.4296
  QMMM:   146      146      H       -0.3681   17.1633   12.9270
  QMMM:   147      147      H        1.6112   15.1585   11.6100
  QMMM:   148      148      H       -0.5183   13.8334   11.1823
  QMMM:   149      149      H       -1.4856   15.3052   11.6185
  QMMM:   150      150      H       -0.3697   15.3425   10.1898
  QMMM:   151      151      H        0.5779   13.5990   13.3058
  QMMM:   152      152      H        1.4461   14.9739   14.1025
  QMMM:   153      153      H       -0.3611   14.9861   14.0066
  QMMM:   154      154      H       -0.9573   19.2471   12.4485
  QMMM:   155      155      H       -2.0211   21.0614   11.5051
  QMMM:   156      156      H       -3.3375   20.0197   10.8268
  QMMM:   157      157      H       -0.9995   21.2063    9.4201
  QMMM:   158      158      H       -2.4092   20.3089    8.7127
  QMMM:   159      159      H       -1.1502   18.3479    8.5369
  QMMM:   160      160      H        0.3129   19.3520    8.9826
  QMMM:   161      161      H       -3.4866   19.2999   14.9632
  QMMM:   162      162      H       -1.9743   19.6157   13.9851
  QMMM:   163      163      H       -5.1516   17.8670   14.2162
  QMMM:   164      164      H       -4.9515   16.9624   12.6401
  QMMM:   165      165      H       -4.0551   16.4025   14.1306
  QMMM:   166      166      H       -0.7941   20.1438   17.5123
  QMMM:   167      167      H       -0.3500   20.1683   15.7426
  QMMM:   168      168      H       -2.0966   20.3789   16.2679
  QMMM:   169      169      H       -0.3114   18.2593   18.2351
  QMMM:   170      170      H       -1.2613   15.5761   17.0301
  QMMM:   171      171      H       -0.9496   14.8406   19.3913
  QMMM:   172      172      H        0.5773   15.5599   18.7359
  QMMM:   173      173      H       -0.4605   16.5139   19.8836
  QMMM:   174      174      H       -3.1030   15.7365   18.8167
  QMMM:   175      175      H       -2.7294   17.5040   18.9666
  QMMM:   176      176      H       -3.3249   16.8265   17.3904
 
           --------- Calculation Completed ----------
 
