            --------------------------------------------------------
                             AMBER SQM VERSION 19
 
                                     By
              Ross C. Walker, Michael F. Crowley, Scott Brozell,
                         Tim Giese, Andreas W. Goetz,
                        Tai-Sung Lee and David A. Case
 
            --------------------------------------------------------
 

--------------------------------------------------------------------------------
  QM CALCULATION INFO
--------------------------------------------------------------------------------

| QMMM: Citation for AMBER QMMM Run:
| QMMM: R.C. Walker, M.F. Crowley and D.A. Case, J. COMP. CHEM. 29:1019, 2008

QMMM: SINGLET STATE CALCULATION
QMMM: RHF CALCULATION, NO. OF DOUBLY OCCUPIED LEVELS = 43

| QMMM: *** Selected Hamiltonian *** 
| QMMM: AM1         

| QMMM: *** Parameter sets in use ***
| QMMM: N : M.J.S.DEWAR et al. JACS, 107, 3902, (1985)
| QMMM: C : M.J.S.DEWAR et al. JACS, 107, 3902, (1985)
| QMMM: H : M.J.S.DEWAR et al. JACS, 107, 3902, (1985)

| QMMM: *** SCF convergence criteria ***
| QMMM: Energy change                :  0.1D-09 kcal/mol
| QMMM: Error matrix |FP-PF|         :  0.1D+00 au
| QMMM: Density matrix change        :  0.5D-06
| QMMM: Maximum number of SCF cycles :     1000
 
| QMMM: *** Diagonalization Routine Information ***
| QMMM: Pseudo diagonalizations are allowed.
| QMMM: Auto diagonalization routine selection is in use.
| QMMM:
| QMMM: Timing diagonalization routines:
| QMMM:                              norbs =       86
| QMMM:    diag iterations used for timing =       15
| QMMM:
| QMMM:              Internal diag routine = 0.206275 seconds
| QMMM:                 Dspev diag routine = 1.146176 seconds
| QMMM:                Dspevd diag routine = 0.143324 seconds
| QMMM:                Dspevx diag routine = 0.501680 seconds
| QMMM:                 Dsyev diag routine = 0.785100 seconds
| QMMM:                Dsyevd diag routine = 0.415791 seconds
| QMMM:                Dsyevr diag routine = 0.286285 seconds
| QMMM:
| QMMM:                Pseudo diag routine = 0.004310 seconds
| QMMM:
| QMMM: Using dspevd routine (diag_routine=3).

  QMMM: QM Region Cartesian Coordinates (*=link atom) 
  QMMM: QM_NO.   MM_NO.  ATOM         X         Y         Z
  QMMM:     1        1      N       -4.9610   22.0660    9.3730
  QMMM:     2        2      C       -5.8010   21.7130    8.1180
  QMMM:     3        3      C       -6.6080   22.9230    7.5980
  QMMM:     4        4      C       -7.6090   22.4180    6.4680
  QMMM:     5        5      N       -8.3480   23.6040    5.8560
  QMMM:     6        6      C       -9.8630   23.2750    5.7330
  QMMM:     7        7      C      -10.0860   21.7530    5.6350
  QMMM:     8        8      C      -11.5010   21.3450    6.1100
  QMMM:     9        9      C      -11.6460   21.2200    7.6310
  QMMM:    10       10      N      -12.1610   19.7480    7.9890
  QMMM:    11       11      C      -10.8480   19.0400    8.5600
  QMMM:    12       12      C      -10.4770   17.8190    7.6960
  QMMM:    13       13      C      -10.8590   17.9240    6.2400
  QMMM:    14       14      N      -10.9020   16.5740    5.4790
  QMMM:    15       15      H       -4.4510   21.2490    9.6780
  QMMM:    16       16      H       -4.3090   22.8040    9.1460
  QMMM:    17       17      H       -5.5740   22.3750   10.1130
  QMMM:    18       18      H       -6.4840   20.8970    8.3560
  QMMM:    19       19      H       -5.1410   21.3520    7.3300
  QMMM:    20       20      H       -5.9250   23.6600    7.1750
  QMMM:    21       21      H       -7.1770   23.3590    8.4190
  QMMM:    22       22      H       -8.3300   21.7270    6.9040
  QMMM:    23       23      H       -7.0470   21.9000    5.6910
  QMMM:    24       24      H       -7.9710   23.7990    4.9400
  QMMM:    25       25      H       -8.2270   24.4160    6.4440
  QMMM:    26       26      H      -10.2690   23.7590    4.8450
  QMMM:    27       27      H      -10.3910   23.6640    6.6040
  QMMM:    28       28      H       -9.3380   21.2370    6.2380
  QMMM:    29       29      H       -9.9430   21.4310    4.6030
  QMMM:    30       30      H      -11.7810   20.4010    5.6420
  QMMM:    31       31      H      -12.2290   22.0650    5.7360
  QMMM:    32       32      H      -12.3680   21.9540    7.9880
  QMMM:    33       33      H      -10.6790   21.3910    8.1030
  QMMM:    34       34      H      -12.4500   19.2810    7.1410
  QMMM:    35       35      H      -12.8530   19.8060    8.7220
  QMMM:    36       36      H      -11.0260   18.7180    9.5860
  QMMM:    37       37      H      -10.0220   19.7510    8.5570
  QMMM:    38       38      H      -10.9290   16.9240    8.1240
  QMMM:    39       39      H       -9.4060   17.6340    7.7750
  QMMM:    40       40      H      -10.1710   18.6010    5.7340
  QMMM:    41       41      H      -11.8280   18.4160    6.1560
  QMMM:    42       42      H      -11.1650   16.7370    4.5180
  QMMM:    43       43      H       -9.9900   16.1410    5.5100
  QMMM:    44       44      H      -11.5790   15.9630    5.9130

--------------------------------------------------------------------------------
  RESULTS
--------------------------------------------------------------------------------

      iter         sqm energy              rms gradient
      ----    -------------------    -----------------------
xmin    10      887.0406 kcal/mol        1.6982 kcal/(mol*A)
xmin    20      862.9030 kcal/mol        0.7791 kcal/(mol*A)
xmin    30      855.2841 kcal/mol        0.5322 kcal/(mol*A)
xmin    40      852.2320 kcal/mol        0.2866 kcal/(mol*A)
xmin    50      850.1771 kcal/mol        1.0719 kcal/(mol*A)
xmin    60      846.0520 kcal/mol        1.6232 kcal/(mol*A)
xmin    70      844.0699 kcal/mol        0.4929 kcal/(mol*A)
xmin    80      843.2403 kcal/mol        0.3442 kcal/(mol*A)
xmin    90      841.8908 kcal/mol        0.6301 kcal/(mol*A)
xmin   100      840.9751 kcal/mol        0.1298 kcal/(mol*A)
xmin   110      840.6673 kcal/mol        0.1030 kcal/(mol*A)
xmin   120      840.4866 kcal/mol        0.1397 kcal/(mol*A)
xmin   130      840.4274 kcal/mol        0.0424 kcal/(mol*A)
xmin   140      840.4113 kcal/mol        0.0220 kcal/(mol*A)
xmin   150      840.4092 kcal/mol        0.0080 kcal/(mol*A)
xmin   160      840.4083 kcal/mol        0.0068 kcal/(mol*A)
xmin   170      840.4082 kcal/mol        0.0019 kcal/(mol*A)
xmin   180      840.4082 kcal/mol        0.0010 kcal/(mol*A)
  ... geometry converged !
 
 Final MO eigenvalues (eV):
 -52.0290  -51.6671  -49.9008  -49.7811  -46.9127  -44.6553  -43.7546  -40.5240
 -37.7047  -37.2527  -35.9827  -34.8597  -34.3363  -33.4533  -31.5943  -31.4745
 -30.1580  -30.1504  -29.8876  -29.7979  -29.2521  -29.1384  -29.0158  -28.1612
 -27.7430  -27.5602  -27.3789  -27.0228  -26.8526  -25.5380  -25.5318  -25.2915
 -25.1714  -24.6120  -24.5855  -24.5802  -24.4400  -24.4309  -23.9843  -23.9741
 -23.3608  -23.3504  -23.0393  -11.0830  -10.8459   -9.8830   -9.8760   -8.9218
  -8.7448   -8.7384   -8.6604   -8.6287   -8.6065   -8.2399   -8.1246   -8.1160
  -8.0922   -8.0773   -7.9498   -7.8902   -7.8512   -7.8136   -7.6385   -7.5891
  -7.5431   -7.5410   -7.5344   -7.5106   -7.5068   -7.4778   -7.3985   -7.2572
  -7.2457   -7.2445   -7.1992   -7.1621   -7.1316   -6.9958   -6.9947   -6.8626
  -6.8252   -6.8244   -6.7207   -6.7201   -6.6553   -6.4896

 Heat of formation   =        840.40815939 kcal/mol  (       36.44283246 eV)

 Total SCF energy    =     -57300.17203166 kcal/mol  (    -2484.72191282 eV)
 Electronic energy   =    -355172.84713350 kcal/mol  (   -15401.45037654 eV)
 Core-core repulsion =     297872.67510184 kcal/mol  (    12916.72846372 eV)
 
    Atomic Charges for Step       1 :
  Atom    Element       Mulliken Charge
     1      N                 -0.065
     2      C                 -0.131
     3      C                 -0.217
     4      C                 -0.128
     5      N                 -0.038
     6      C                 -0.129
     7      C                 -0.185
     8      C                 -0.185
     9      C                 -0.129
    10      N                 -0.038
    11      C                 -0.128
    12      C                 -0.217
    13      C                 -0.131
    14      N                 -0.065
    15      H                  0.296
    16      H                  0.273
    17      H                  0.273
    18      H                  0.171
    19      H                  0.171
    20      H                  0.138
    21      H                  0.138
    22      H                  0.167
    23      H                  0.167
    24      H                  0.260
    25      H                  0.260
    26      H                  0.162
    27      H                  0.162
    28      H                  0.127
    29      H                  0.127
    30      H                  0.127
    31      H                  0.127
    32      H                  0.162
    33      H                  0.162
    34      H                  0.260
    35      H                  0.260
    36      H                  0.167
    37      H                  0.167
    38      H                  0.138
    39      H                  0.138
    40      H                  0.171
    41      H                  0.171
    42      H                  0.296
    43      H                  0.273
    44      H                  0.273
 Total Mulliken Charge =       4.000
 
                  X        Y        Z     TOTAL  
  QM DIPOLE  -179.346  398.596  135.439  457.589
 
 Final Structure

  QMMM: QM Region Cartesian Coordinates (*=link atom) 
  QMMM: QM_NO.   MM_NO.  ATOM         X         Y         Z
  QMMM:     1        1      N       -3.7811   26.4765    8.8653
  QMMM:     2        2      C       -5.0065   25.6724    9.1290
  QMMM:     3        3      C       -5.3253   24.6541    8.0302
  QMMM:     4        4      C       -6.5997   23.8986    8.4200
  QMMM:     5        5      N       -7.0063   22.8693    7.4082
  QMMM:     6        6      C       -8.2574   22.1474    7.8184
  QMMM:     7        7      C       -8.6992   21.0875    6.8049
  QMMM:     8        8      C       -9.9704   20.4054    7.2938
  QMMM:     9        9      C      -10.4117   19.3449    6.2806
  QMMM:    10       10      N      -11.6635   18.6239    6.6902
  QMMM:    11       11      C      -12.0690   17.5931    5.6794
  QMMM:    12       12      C      -13.3446   16.8393    6.0682
  QMMM:    13       13      C      -13.6616   15.8186    4.9709
  QMMM:    14       14      N      -14.8885   15.0163    5.2334
  QMMM:    15       15      H       -3.6324   27.1374    9.6463
  QMMM:    16       16      H       -2.9510   25.8736    8.7897
  QMMM:    17       17      H       -3.8731   27.0189    7.9961
  QMMM:    18       18      H       -5.8684   26.3972    9.2441
  QMMM:    19       19      H       -4.8554   25.1391   10.1160
  QMMM:    20       20      H       -4.4682   23.9353    7.9120
  QMMM:    21       21      H       -5.4718   25.1820    7.0478
  QMMM:    22       22      H       -7.4579   24.6256    8.5333
  QMMM:    23       23      H       -6.4452   23.3677    9.4061
  QMMM:    24       24      H       -6.2441   22.1874    7.2905
  QMMM:    25       25      H       -7.1610   23.3272    6.4994
  QMMM:    26       26      H       -9.0714   22.9203    7.9457
  QMMM:    27       27      H       -8.0596   21.6629    8.8195
  QMMM:    28       28      H       -7.8901   20.3190    6.6706
  QMMM:    29       29      H       -8.8911   21.5638    5.8051
  QMMM:    30       30      H      -10.7796   21.1738    7.4275
  QMMM:    31       31      H       -9.7787   19.9295    8.2939
  QMMM:    32       32      H       -9.5979   18.5716    6.1546
  QMMM:    33       33      H      -10.6084   19.8287    5.2790
  QMMM:    34       34      H      -12.4257   19.3060    6.8060
  QMMM:    35       35      H      -11.5100   18.1673    7.5999
  QMMM:    36       36      H      -11.2111   16.8653    5.5689
  QMMM:    37       37      H      -12.2212   18.1224    4.6922
  QMMM:    38       38      H      -14.2015   17.5588    6.1828
  QMMM:    39       39      H      -13.2007   16.3135    7.0520
  QMMM:    40       40      H      -12.8001   15.0928    4.8597
  QMMM:    41       41      H      -13.8098   16.3497    3.9823
  QMMM:    42       42      H      -15.0358   14.3536    4.4537
  QMMM:    43       43      H      -14.7991   14.4760    6.1042
  QMMM:    44       44      H      -15.7182   15.6201    5.3054
 
           --------- Calculation Completed ----------
 
