            --------------------------------------------------------
                             AMBER SQM VERSION 19
 
                                     By
              Ross C. Walker, Michael F. Crowley, Scott Brozell,
                         Tim Giese, Andreas W. Goetz,
                        Tai-Sung Lee and David A. Case
 
            --------------------------------------------------------
 

--------------------------------------------------------------------------------
  QM CALCULATION INFO
--------------------------------------------------------------------------------

| QMMM: Citation for AMBER QMMM Run:
| QMMM: R.C. Walker, M.F. Crowley and D.A. Case, J. COMP. CHEM. 29:1019, 2008

QMMM: SINGLET STATE CALCULATION
QMMM: RHF CALCULATION, NO. OF DOUBLY OCCUPIED LEVELS = 83

| QMMM: *** Selected Hamiltonian *** 
| QMMM: AM1         

| QMMM: *** Parameter sets in use ***
| QMMM: N : M.J.S.DEWAR et al. JACS, 107, 3902, (1985)
| QMMM: C : M.J.S.DEWAR et al. JACS, 107, 3902, (1985)
| QMMM: O : M.J.S.DEWAR et al. JACS, 107, 3902, (1985)
| QMMM: H : M.J.S.DEWAR et al. JACS, 107, 3902, (1985)

| QMMM: *** SCF convergence criteria ***
| QMMM: Energy change                :  0.1D-09 kcal/mol
| QMMM: Error matrix |FP-PF|         :  0.1D+00 au
| QMMM: Density matrix change        :  0.5D-06
| QMMM: Maximum number of SCF cycles :     1000
 
| QMMM: *** Diagonalization Routine Information ***
| QMMM: Pseudo diagonalizations are allowed.
| QMMM: Auto diagonalization routine selection is in use.
| QMMM:
| QMMM: Timing diagonalization routines:
| QMMM:                              norbs =      151
| QMMM:    diag iterations used for timing =        5
| QMMM:
| QMMM:              Internal diag routine = 0.246660 seconds
| QMMM:                 Dspev diag routine = 1.354257 seconds
| QMMM:                Dspevd diag routine = 0.483575 seconds
| QMMM:                Dspevx diag routine = 2.129669 seconds
| QMMM:                 Dsyev diag routine = 1.951119 seconds
| QMMM:                Dsyevd diag routine = 0.793680 seconds
| QMMM:                Dsyevr diag routine = 1.140325 seconds
| QMMM:
| QMMM:                Pseudo diag routine = 0.007631 seconds
| QMMM:
| QMMM: Using internal diagonalization routine (diag_routine=1).

  QMMM: QM Region Cartesian Coordinates (*=link atom) 
  QMMM: QM_NO.   MM_NO.  ATOM         X         Y         Z
  QMMM:     1        1      N       11.5100   17.5570   17.7950
  QMMM:     2        2      N       10.0760   15.8260   17.7750
  QMMM:     3        3      C       10.7530   16.7400   17.1650
  QMMM:     4        4      N       10.6240   16.7400   15.9120
  QMMM:     5        5      C       11.1090   17.5810   14.9110
  QMMM:     6        6      C        9.8470   18.2520   14.3270
  QMMM:     7        7      O        8.7080   18.0280   14.8250
  QMMM:     8        8      N       10.0570   18.9980   13.3000
  QMMM:     9        9      C        9.0450   19.6460   12.6100
  QMMM:    10       10      N        7.1080   20.4270   11.7750
  QMMM:    11       11      C        8.1030   20.8670   10.9990
  QMMM:    12       12      C        7.6940   19.6460   12.7830
  QMMM:    13       13      C        5.6370   20.6000   11.7480
  QMMM:    14       14      N        9.3310   20.4030   11.4960
  QMMM:    15       15      C        7.8790   21.7230    9.8060
  QMMM:    16       16      O        6.7740   22.0720    9.4210
  QMMM:    17       17      N        8.9940   22.0800    9.1890
  QMMM:    18       18      C        8.9970   22.9470    8.0420
  QMMM:    19       19      C       10.0350   23.1320    7.0940
  QMMM:    20       20      C        9.6000   24.0510    6.1660
  QMMM:    21       21      C        7.9850   23.7920    7.6840
  QMMM:    22       22      N        8.3070   24.4550    6.5840
  QMMM:    23       23      C        7.3770   25.3820    6.0070
  QMMM:    24       24      C       10.2180   24.6870    5.0120
  QMMM:    25       25      O        9.6820   25.6130    4.3560
  QMMM:    26       26      N       11.4620   24.3250    4.7210
  QMMM:    27       27      C       12.1690   25.0320    3.5800
  QMMM:    28       28      C       12.4640   24.1650    2.4460
  QMMM:    29       29      C       13.7380   24.6790    1.7300
  QMMM:    30       30      N       13.6150   25.8530    1.1600
  QMMM:    31       31      N       14.8170   23.9840    1.7370
  QMMM:    32       32      H       12.0270   18.2610   17.2870
  QMMM:    33       33      H       11.5910   17.4980   18.8000
  QMMM:    34       34      H        9.4880   15.1970   17.2480
  QMMM:    35       35      H       10.1350   15.7400   18.7800
  QMMM:    36       36      H       10.0750   16.0220   15.4610
  QMMM:    37       37      H       11.5900   16.9820   14.1380
  QMMM:    38       38      H       11.7490   18.3420   15.3580
  QMMM:    39       39      H       10.9980   19.1350   12.9590
  QMMM:    40       40      H        7.2550   19.0960   13.6020
  QMMM:    41       41      H        5.1920   20.0600   12.5840
  QMMM:    42       42      H        5.3940   21.6590   11.8290
  QMMM:    43       43      H        5.2420   20.2080   10.8110
  QMMM:    44       44      H        9.8860   21.7410    9.5210
  QMMM:    45       45      H       10.9610   22.5860    7.1940
  QMMM:    46       46      H        7.0860   23.8410    8.2800
  QMMM:    47       47      H        6.4790   25.4270    6.6230
  QMMM:    48       48      H        7.8320   26.3710    5.9570
  QMMM:    49       49      H        7.1120   25.0540    5.0020
  QMMM:    50       50      H       11.9140   23.5960    5.2540
  QMMM:    51       51      H       13.0950   25.4750    3.9470
  QMMM:    52       52      H       11.5620   25.8730    3.2440
  QMMM:    53       53      H       11.6250   24.1800    1.7500
  QMMM:    54       54      H       12.6320   23.1480    2.8000
  QMMM:    55       55      H       14.3990   26.2620    0.6710
  QMMM:    56       56      H       12.7360   26.3490    1.2100
  QMMM:    57       57      H       15.6420   24.3280    1.2670
  QMMM:    58       58      H       14.8410   23.0930    2.2120

--------------------------------------------------------------------------------
  RESULTS
--------------------------------------------------------------------------------

      iter         sqm energy              rms gradient
      ----    -------------------    -----------------------
xmin    10      329.5298 kcal/mol        1.1610 kcal/(mol*A)
xmin    20      323.9650 kcal/mol        1.8739 kcal/(mol*A)
xmin    30      320.3204 kcal/mol        0.6617 kcal/(mol*A)
xmin    40      319.6852 kcal/mol        0.1584 kcal/(mol*A)
xmin    50      319.5908 kcal/mol        0.1586 kcal/(mol*A)
xmin    60      319.5573 kcal/mol        0.0922 kcal/(mol*A)
xmin    70      319.5137 kcal/mol        0.0735 kcal/(mol*A)
xmin    80      319.4674 kcal/mol        0.0388 kcal/(mol*A)
xmin    90      319.4597 kcal/mol        0.0728 kcal/(mol*A)
xmin   100      319.4562 kcal/mol        0.0167 kcal/(mol*A)
xmin   110      319.4539 kcal/mol        0.0072 kcal/(mol*A)
xmin   120      319.4534 kcal/mol        0.0045 kcal/(mol*A)
xmin   130      319.4534 kcal/mol        0.0050 kcal/(mol*A)
xmin   140      319.4531 kcal/mol        0.0088 kcal/(mol*A)
xmin   150      319.4530 kcal/mol        0.0023 kcal/(mol*A)
xmin   160      319.4530 kcal/mol        0.0008 kcal/(mol*A)
xmin   170      319.4530 kcal/mol        0.0007 kcal/(mol*A)
  ... geometry converged !
 
 Final MO eigenvalues (eV):
 -45.9452  -45.5259  -45.4053  -45.0407  -43.9152  -43.4211  -42.5449  -40.7233
 -40.2978  -40.1518  -39.5604  -39.3670  -39.2719  -37.8324  -36.9139  -35.9409
 -34.3994  -33.5452  -32.9134  -31.3004  -30.6406  -30.2433  -29.0212  -28.1060
 -27.8653  -27.3511  -26.9234  -25.7255  -25.6358  -25.0954  -24.8771  -24.7370
 -24.6043  -24.3704  -23.9619  -22.9616  -22.6057  -22.5876  -22.3309  -22.2059
 -22.1403  -21.7133  -21.5445  -21.1722  -20.8785  -20.7337  -20.6228  -20.4340
 -20.2865  -20.0889  -19.9574  -19.7703  -19.7370  -19.4984  -19.3321  -18.8990
 -18.6568  -18.5700  -18.4684  -18.3707  -18.3271  -18.1146  -18.0364  -17.2718
 -17.2522  -17.2000  -16.9918  -16.8288  -16.6624  -16.6612  -16.5917  -16.5112
 -15.7311  -15.4673  -15.3628  -15.2667  -15.1314  -14.6998  -14.6594  -14.0529
 -13.0321  -12.5882  -11.9630   -5.4094   -5.2795   -4.8514   -4.0915   -3.7493
  -3.7250   -3.5024   -3.3516   -3.1077   -2.9840   -2.8780   -2.7372   -2.4011
  -2.3698   -2.3282   -2.0843   -1.8709   -1.8077   -1.7220   -1.5919   -1.4722
  -1.3298   -1.2475   -1.2176   -1.1999   -1.0227   -0.7142   -0.6952   -0.6173
  -0.5632   -0.5045   -0.4820   -0.4206   -0.3186   -0.1775   -0.0988   -0.0152
   0.0966    0.2370    0.3092    0.4293    0.4575    0.4961    0.5205    0.5643
   0.6093    0.7000    0.7165    0.7849    0.7961    0.8734    0.9961    1.0045
   1.0743    1.1416    1.3580    1.5110    1.6226    1.7739    2.1310    2.1969
   2.2706    2.2894    2.5284    2.6158    2.8012    2.8575    3.4283

 Heat of formation   =        319.45297025 kcal/mol  (       13.85252028 eV)

 Total SCF energy    =    -133088.00821111 kcal/mol  (    -5771.12910156 eV)
 Electronic energy   =    -997926.95708774 kcal/mol  (   -43273.36009227 eV)
 Core-core repulsion =     864838.94887663 kcal/mol  (    37502.23099070 eV)
 
    Atomic Charges for Step       1 :
  Atom    Element       Mulliken Charge
     1      N                 -0.334
     2      N                 -0.362
     3      C                  0.393
     4      N                 -0.311
     5      C                 -0.061
     6      C                  0.274
     7      O                 -0.396
     8      N                 -0.241
     9      C                 -0.048
    10      N                 -0.087
    11      C                 -0.084
    12      C                 -0.114
    13      C                 -0.087
    14      N                 -0.137
    15      C                  0.393
    16      O                 -0.364
    17      N                 -0.272
    18      C                 -0.029
    19      C                 -0.155
    20      C                 -0.169
    21      C                 -0.082
    22      N                 -0.064
    23      C                 -0.085
    24      C                  0.407
    25      O                 -0.450
    26      N                 -0.383
    27      C                 -0.006
    28      C                 -0.196
    29      C                  0.280
    30      N                 -0.301
    31      N                 -0.326
    32      H                  0.298
    33      H                  0.272
    34      H                  0.277
    35      H                  0.280
    36      H                  0.273
    37      H                  0.145
    38      H                  0.148
    39      H                  0.259
    40      H                  0.216
    41      H                  0.107
    42      H                  0.125
    43      H                  0.125
    44      H                  0.260
    45      H                  0.153
    46      H                  0.218
    47      H                  0.114
    48      H                  0.113
    49      H                  0.107
    50      H                  0.251
    51      H                  0.120
    52      H                  0.106
    53      H                  0.163
    54      H                  0.134
    55      H                  0.266
    56      H                  0.320
    57      H                  0.269
    58      H                  0.280
 Total Mulliken Charge =       2.000
 
                  X        Y        Z     TOTAL  
  QM DIPOLE   107.966  199.663   90.129  244.224
 
 Final Structure

  QMMM: QM Region Cartesian Coordinates (*=link atom) 
  QMMM: QM_NO.   MM_NO.  ATOM         X         Y         Z
  QMMM:     1        1      N        9.4410   17.4057   17.8585
  QMMM:     2        2      N        9.6885   15.0434   17.6756
  QMMM:     3        3      C        9.9228   16.3100   17.1877
  QMMM:     4        4      N       10.7207   16.4499   16.0553
  QMMM:     5        5      C       11.1030   17.7132   15.4858
  QMMM:     6        6      C        9.9584   18.4533   14.7576
  QMMM:     7        7      O        8.8651   18.5976   15.3495
  QMMM:     8        8      N       10.2125   18.9181   13.4977
  QMMM:     9        9      C        9.3033   19.7027   12.7678
  QMMM:    10       10      N        7.4491   20.7651   12.0746
  QMMM:    11       11      C        8.5071   20.9876   11.1718
  QMMM:    12       12      C        7.9363   19.9561   13.0855
  QMMM:    13       13      C        6.1155   21.2783   11.9716
  QMMM:    14       14      N        9.6449   20.3548   11.5699
  QMMM:    15       15      C        8.3385   21.8306    9.9464
  QMMM:    16       16      O        7.2331   22.3496    9.6911
  QMMM:    17       17      N        9.4466   21.9929    9.1407
  QMMM:    18       18      C        9.4454   22.7706    7.9861
  QMMM:    19       19      C       10.5696   22.9858    7.1225
  QMMM:    20       20      C       10.1317   23.8363    6.0797
  QMMM:    21       21      C        8.3509   23.5012    7.4366
  QMMM:    22       22      N        8.7770   24.1372    6.2908
  QMMM:    23       23      C        7.9683   24.9807    5.4626
  QMMM:    24       24      C       10.8962   24.3671    4.9506
  QMMM:    25       25      O       10.4011   25.1425    4.0936
  QMMM:    26       26      N       12.2228   23.9832    4.8270
  QMMM:    27       27      C       13.0820   24.5624    3.8418
  QMMM:    28       28      C       12.8468   24.0421    2.4072
  QMMM:    29       29      C       12.6816   25.1936    1.4189
  QMMM:    30       30      N       11.6066   25.9928    1.5397
  QMMM:    31       31      N       13.6103   25.3598    0.4485
  QMMM:    32       32      H        9.3581   18.2840   17.3787
  QMMM:    33       33      H        8.9026   17.2870   18.6892
  QMMM:    34       34      H       10.1411   14.2487   17.2825
  QMMM:    35       35      H        9.1550   14.9091   18.5061
  QMMM:    36       36      H       10.8673   15.6418   15.4846
  QMMM:    37       37      H       11.9689   17.4965   14.7932
  QMMM:    38       38      H       11.4751   18.4103   16.2941
  QMMM:    39       39      H       11.1207   18.8070   13.0997
  QMMM:    40       40      H        7.3390   19.6233   13.9370
  QMMM:    41       41      H        5.5098   20.9277   12.8477
  QMMM:    42       42      H        6.1462   22.4024   11.9492
  QMMM:    43       43      H        5.6488   20.9214   11.0125
  QMMM:    44       44      H       10.3102   21.5619    9.3854
  QMMM:    45       45      H       11.5656   22.5738    7.2536
  QMMM:    46       46      H        7.3249   23.5826    7.8134
  QMMM:    47       47      H        6.9330   25.0453    5.8900
  QMMM:    48       48      H        8.4243   26.0067    5.4092
  QMMM:    49       49      H        7.9253   24.5582    4.4222
  QMMM:    50       50      H       12.6128   23.3389    5.4731
  QMMM:    51       51      H       14.1495   24.3317    4.1253
  QMMM:    52       52      H       12.9533   25.6840    3.8636
  QMMM:    53       53      H       11.9142   23.4118    2.3502
  QMMM:    54       54      H       13.7053   23.3844    2.1077
  QMMM:    55       55      H       11.4289   26.7607    0.9286
  QMMM:    56       56      H       10.9630   25.8358    2.3016
  QMMM:    57       57      H       13.5528   26.0790   -0.2401
  QMMM:    58       58      H       14.3805   24.7286    0.3937
 
           --------- Calculation Completed ----------
 
