            --------------------------------------------------------
                             AMBER SQM VERSION 19
 
                                     By
              Ross C. Walker, Michael F. Crowley, Scott Brozell,
                         Tim Giese, Andreas W. Goetz,
                        Tai-Sung Lee and David A. Case
 
            --------------------------------------------------------
 

--------------------------------------------------------------------------------
  QM CALCULATION INFO
--------------------------------------------------------------------------------

| QMMM: Citation for AMBER QMMM Run:
| QMMM: R.C. Walker, M.F. Crowley and D.A. Case, J. COMP. CHEM. 29:1019, 2008

QMMM: SINGLET STATE CALCULATION
QMMM: RHF CALCULATION, NO. OF DOUBLY OCCUPIED LEVELS =101

| QMMM: *** Selected Hamiltonian *** 
| QMMM: AM1         

| QMMM: *** Parameter sets in use ***
| QMMM: N : M.J.S.DEWAR et al. JACS, 107, 3902, (1985)
| QMMM: C : M.J.S.DEWAR et al. JACS, 107, 3902, (1985)
| QMMM: O : M.J.S.DEWAR et al. JACS, 107, 3902, (1985)
| QMMM: H : M.J.S.DEWAR et al. JACS, 107, 3902, (1985)

| QMMM: *** SCF convergence criteria ***
| QMMM: Energy change                :  0.1D-09 kcal/mol
| QMMM: Error matrix |FP-PF|         :  0.1D+00 au
| QMMM: Density matrix change        :  0.5D-06
| QMMM: Maximum number of SCF cycles :     1000
 
| QMMM: *** Diagonalization Routine Information ***
| QMMM: Pseudo diagonalizations are allowed.
| QMMM: Auto diagonalization routine selection is in use.
| QMMM:
| QMMM: Timing diagonalization routines:
| QMMM:                              norbs =      188
| QMMM:    diag iterations used for timing =        5
| QMMM:
| QMMM:              Internal diag routine = 0.127127 seconds
| QMMM:                 Dspev diag routine = 3.490334 seconds
| QMMM:                Dspevd diag routine = 0.791352 seconds
| QMMM:                Dspevx diag routine = 3.645068 seconds
| QMMM:                 Dsyev diag routine = 2.066230 seconds
| QMMM:                Dsyevd diag routine = 1.280911 seconds
| QMMM:                Dsyevr diag routine = 0.901070 seconds
| QMMM:
| QMMM:                Pseudo diag routine = 0.062986 seconds
| QMMM:
| QMMM: Using internal diagonalization routine (diag_routine=1).

  QMMM: QM Region Cartesian Coordinates (*=link atom) 
  QMMM: QM_NO.   MM_NO.  ATOM         X         Y         Z
  QMMM:     1        1      N       -8.9070   -4.8720   -0.4300
  QMMM:     2        2      C       -7.8250   -4.6650   -1.4190
  QMMM:     3        3      C       -8.4150   -4.6770   -2.8740
  QMMM:     4        4      O       -8.8580   -5.9920   -3.2050
  QMMM:     5        5      C       -7.3850   -4.2290   -3.9540
  QMMM:     6        6      O       -8.0550   -4.1210   -5.2080
  QMMM:     7        7      C       -6.7550   -2.8610   -3.5600
  QMMM:     8        8      C       -5.6570   -2.3780   -4.5240
  QMMM:     9        9      O       -5.9400   -1.0830   -5.0320
  QMMM:    10       10      O       -6.1490   -3.0050   -2.2370
  QMMM:    11       11      C       -7.0520   -3.3330   -1.1230
  QMMM:    12       12      O       -6.2830   -3.5060    0.0960
  QMMM:    13       13      C       -5.4230   -2.4200    0.5500
  QMMM:    14       14      C       -4.0090   -2.9930    0.7460
  QMMM:    15       15      C       -3.3360   -2.1220    1.8230
  QMMM:    16       16      C       -4.4610   -1.2830    2.5210
  QMMM:    17       17      C       -3.9700    0.1670    2.2980
  QMMM:    18       18      C       -4.6030    1.3540    2.7180
  QMMM:    19       19      C       -4.0330    2.6060    2.4300
  QMMM:    20       20      C       -4.6610    3.7960    2.8400
  QMMM:    21       21      C       -4.0790    5.0390    2.5430
  QMMM:    22       22      C       -2.8700    5.1180    1.8410
  QMMM:    23       23      C       -2.2060    3.9480    1.4110
  QMMM:    24       24      C       -2.7620    2.6770    1.6890
  QMMM:    25       25      C       -2.1310    1.4810    1.2750
  QMMM:    26       26      C       -2.7600    0.2240    1.5910
  QMMM:    27       27      C       -2.2840   -1.1370    1.2530
  QMMM:    28       28      O       -1.2550   -1.4320    0.6410
  QMMM:    29       29      C       -5.8620   -1.7680    1.9220
  QMMM:    30       30      C       -6.9700   -0.5750    1.7700
  QMMM:    31       31      C       -6.9600    0.3260    0.6570
  QMMM:    32       32      C       -7.9100    1.3560    0.5420
  QMMM:    33       33      C       -8.8940    1.5150    1.5330
  QMMM:    34       34      C       -8.9420    0.6590    2.6320
  QMMM:    35       35      C       -7.9970   -0.3850    2.7620
  QMMM:    36       36      C       -8.0940   -1.3170    3.9890
  QMMM:    37       37      C       -7.7270   -2.7910    3.6980
  QMMM:    38       38      C       -6.3980   -2.9310    2.9080
  QMMM:    39       39      O       -5.7600   -3.9750    3.0650
  QMMM:    40       40      H       -8.5180   -4.8630    0.5020
  QMMM:    41       41      H       -9.5890   -4.1320   -0.5170
  QMMM:    42       42      H       -9.3530   -5.7620   -0.5990
  QMMM:    43       43      H       -7.1210   -5.4930   -1.3310
  QMMM:    44       44      H       -9.2710   -4.0030   -2.9080
  QMMM:    45       45      H       -9.2180   -5.9940   -4.0950
  QMMM:    46       46      H       -6.5970   -4.9780   -4.0310
  QMMM:    47       47      H       -7.4300   -3.8450   -5.8830
  QMMM:    48       48      H       -7.5420   -2.1080   -3.5110
  QMMM:    49       49      H       -5.5670   -3.0810   -5.3520
  QMMM:    50       50      H       -4.6990   -2.3620   -4.0040
  QMMM:    51       51      H       -5.2380   -0.8120   -5.6280
  QMMM:    52       52      H       -7.7680   -2.5220   -0.9870
  QMMM:    53       53      H       -5.3910   -1.6470   -0.2170
  QMMM:    54       54      H       -3.4520   -2.9100   -0.1870
  QMMM:    55       55      H       -4.0810   -4.0200    1.1040
  QMMM:    56       56      H       -2.8600   -2.7680    2.5610
  QMMM:    57       57      H       -4.4450   -1.4970    3.5900
  QMMM:    58       58      H       -5.5330    1.3060    3.2650
  QMMM:    59       59      H       -5.5930    3.7550    3.3850
  QMMM:    60       60      H       -4.5640    5.9510    2.8570
  QMMM:    61       61      H       -2.4340    6.0820    1.6220
  QMMM:    62       62      H       -1.2740    4.0240    0.8700
  QMMM:    63       63      H       -1.1970    1.5220    0.7340
  QMMM:    64       64      H       -6.2130    0.2220   -0.1160
  QMMM:    65       65      H       -7.8830    2.0230   -0.3070
  QMMM:    66       66      H       -9.6230    2.3070    1.4480
  QMMM:    67       67      H       -9.7020    0.7920    3.3870
  QMMM:    68       68      H       -9.1030   -1.2700    4.3990
  QMMM:    69       69      H       -7.4530   -0.9350    4.7840
  QMMM:    70       70      H       -8.5340   -3.2610    3.1360
  QMMM:    71       71      H       -7.6490   -3.3370    4.6380

--------------------------------------------------------------------------------
  RESULTS
--------------------------------------------------------------------------------

      iter         sqm energy              rms gradient
      ----    -------------------    -----------------------
xmin    10      -77.5809 kcal/mol        0.7155 kcal/(mol*A)
xmin    20      -80.1191 kcal/mol        0.9906 kcal/(mol*A)
xmin    30      -83.5968 kcal/mol        2.0223 kcal/(mol*A)
xmin    40      -86.8514 kcal/mol        1.0398 kcal/(mol*A)
xmin    50      -88.8129 kcal/mol        0.6862 kcal/(mol*A)
xmin    60      -89.2614 kcal/mol        0.5128 kcal/(mol*A)
xmin    70      -89.7117 kcal/mol        0.6004 kcal/(mol*A)
xmin    80      -89.9230 kcal/mol        0.2347 kcal/(mol*A)
xmin    90      -89.9625 kcal/mol        0.0397 kcal/(mol*A)
xmin   100      -89.9703 kcal/mol        0.0281 kcal/(mol*A)
xmin   110      -89.9725 kcal/mol        0.0104 kcal/(mol*A)
xmin   120      -89.9730 kcal/mol        0.0406 kcal/(mol*A)
xmin   130      -89.9735 kcal/mol        0.0196 kcal/(mol*A)
xmin   140      -89.9738 kcal/mol        0.0043 kcal/(mol*A)
xmin   150      -89.9739 kcal/mol        0.0033 kcal/(mol*A)
xmin   160      -89.9739 kcal/mol        0.0045 kcal/(mol*A)
xmin   170      -89.9739 kcal/mol        0.0014 kcal/(mol*A)
  ... geometry converged !
 
 Final MO eigenvalues (eV):
 -45.7759  -45.0186  -43.1486  -42.7481  -42.6029  -41.9989  -41.7543  -41.1201
 -40.7390  -40.0398  -39.8831  -38.4438  -38.0679  -35.6817  -35.3361  -35.2532
 -34.5862  -33.7204  -33.4199  -32.5018  -31.8568  -31.0500  -29.9107  -28.7362
 -28.2721  -27.5965  -27.0385  -26.6842  -25.8029  -25.6233  -25.4764  -24.7852
 -24.4752  -24.1026  -23.5591  -23.0317  -22.7418  -22.4936  -22.4206  -21.9536
 -21.5792  -21.4950  -21.2034  -20.9459  -20.5341  -20.1739  -19.8799  -19.8213
 -19.6422  -19.4054  -19.1347  -19.0674  -19.0463  -18.8899  -18.6316  -18.4407
 -18.2722  -18.2091  -18.0517  -17.8230  -17.6841  -17.6097  -17.5525  -17.2517
 -17.1853  -17.1364  -16.8567  -16.6582  -16.6249  -16.5703  -16.4182  -16.3578
 -16.2849  -16.1518  -16.0861  -15.9824  -15.8499  -15.6293  -15.5610  -15.2992
 -15.1717  -15.0377  -14.9471  -14.9104  -14.8239  -14.7688  -14.6438  -14.5285
 -14.3486  -14.1630  -14.0705  -13.9135  -13.7907  -13.6974  -13.3594  -12.7305
 -12.5634  -12.3996  -12.1760  -11.3870  -10.8017   -3.1818   -2.6698   -2.5727
  -2.4041   -2.2747   -2.1920   -1.7077   -1.3625   -1.1371   -1.0977   -1.0439
  -0.8773   -0.7187   -0.5167   -0.4023   -0.3388   -0.2956   -0.1286   -0.1076
  -0.0775    0.0328    0.0986    0.1638    0.2529    0.2989    0.3689    0.4932
   0.5885    0.6506    0.7062    0.8004    0.8430    0.8968    0.9747    1.0221
   1.0674    1.0874    1.1454    1.1829    1.2097    1.3100    1.3270    1.3367
   1.3878    1.4827    1.5563    1.6078    1.6268    1.6800    1.6874    1.7205
   1.8575    1.8719    1.9232    1.9544    1.9778    2.0176    2.0355    2.1761
   2.2284    2.2306    2.2735    2.2883    2.3075    2.3526    2.4309    2.4525
   2.5985    2.6641    2.7224    2.7633    2.8436    2.9072    2.9662    3.0406
   3.1342    3.1639    3.1933    3.2468    3.2540    3.3046    3.3083    3.6414
   3.7013    3.8119    4.0689    4.4922

 Heat of formation   =        -89.97389942 kcal/mol  (       -3.90156105 eV)

 Total SCF energy    =    -158059.60296174 kcal/mol  (    -6853.97870698 eV)
 Electronic energy   =   -1585420.27677408 kcal/mol  (   -68748.98212454 eV)
 Core-core repulsion =    1427360.67381234 kcal/mol  (    61895.00341756 eV)
 
    Atomic Charges for Step       1 :
  Atom    Element       Mulliken Charge
     1      N                 -0.043
     2      C                 -0.120
     3      C                  0.018
     4      O                 -0.350
     5      C                 -0.013
     6      O                 -0.332
     7      C                 -0.045
     8      C                 -0.020
     9      O                 -0.322
    10      O                 -0.267
    11      C                  0.148
    12      O                 -0.270
    13      C                  0.049
    14      C                 -0.147
    15      C                 -0.163
    16      C                 -0.044
    17      C                 -0.068
    18      C                 -0.101
    19      C                 -0.017
    20      C                 -0.129
    21      C                 -0.104
    22      C                 -0.120
    23      C                 -0.106
    24      C                 -0.055
    25      C                 -0.020
    26      C                 -0.170
    27      C                  0.277
    28      O                 -0.260
    29      C                 -0.071
    30      C                 -0.085
    31      C                 -0.128
    32      C                 -0.129
    33      C                 -0.109
    34      C                 -0.121
    35      C                 -0.078
    36      C                 -0.127
    37      C                 -0.212
    38      C                  0.284
    39      O                 -0.383
    40      H                  0.291
    41      H                  0.249
    42      H                  0.264
    43      H                  0.180
    44      H                  0.114
    45      H                  0.264
    46      H                  0.115
    47      H                  0.254
    48      H                  0.105
    49      H                  0.131
    50      H                  0.104
    51      H                  0.217
    52      H                  0.116
    53      H                  0.127
    54      H                  0.128
    55      H                  0.110
    56      H                  0.137
    57      H                  0.115
    58      H                  0.140
    59      H                  0.136
    60      H                  0.143
    61      H                  0.146
    62      H                  0.145
    63      H                  0.160
    64      H                  0.142
    65      H                  0.142
    66      H                  0.151
    67      H                  0.148
    68      H                  0.112
    69      H                  0.112
    70      H                  0.120
    71      H                  0.134
 Total Mulliken Charge =       1.000
 
                  X        Y        Z     TOTAL  
  QM DIPOLE   -38.059  -13.662   -0.661   40.442
 
 Final Structure

  QMMM: QM Region Cartesian Coordinates (*=link atom) 
  QMMM: QM_NO.   MM_NO.  ATOM         X         Y         Z
  QMMM:     1        1      N       -7.8139   -5.4572   -0.2687
  QMMM:     2        2      C       -7.3460   -4.6919   -1.4560
  QMMM:     3        3      C       -8.4596   -4.4154   -2.4811
  QMMM:     4        4      O       -9.0185   -5.6670   -2.8262
  QMMM:     5        5      C       -7.8087   -3.7142   -3.6909
  QMMM:     6        6      O       -8.8937   -3.3742   -4.5310
  QMMM:     7        7      C       -7.0378   -2.4567   -3.2497
  QMMM:     8        8      C       -6.1730   -1.9109   -4.3984
  QMMM:     9        9      O       -6.9983   -1.5619   -5.4868
  QMMM:    10       10      O       -6.1153   -2.7483   -2.1937
  QMMM:    11       11      C       -6.7376   -3.3148   -1.0556
  QMMM:    12       12      O       -5.6750   -3.6163   -0.1907
  QMMM:    13       13      C       -5.0395   -2.5110    0.4567
  QMMM:    14       14      C       -3.7917   -3.1172    1.1158
  QMMM:    15       15      C       -3.4961   -2.2428    2.3198
  QMMM:    16       16      C       -4.7428   -1.3442    2.5677
  QMMM:    17       17      C       -4.2494    0.0616    2.3872
  QMMM:    18       18      C       -4.9208    1.2413    2.5424
  QMMM:    19       19      C       -4.2248    2.4799    2.3928
  QMMM:    20       20      C       -4.9005    3.7200    2.5384
  QMMM:    21       21      C       -4.2201    4.9068    2.3956
  QMMM:    22       22      C       -2.8369    4.9082    2.1015
  QMMM:    23       23      C       -2.1575    3.7215    1.9568
  QMMM:    24       24      C       -2.8359    2.4824    2.1001
  QMMM:    25       25      C       -2.1447    1.2419    1.9667
  QMMM:    26       26      C       -2.8393    0.0727    2.1108
  QMMM:    27       27      C       -2.3249   -1.3044    2.0498
  QMMM:    28       28      O       -1.1745   -1.6694    1.8218
  QMMM:    29       29      C       -5.8534   -1.8485    1.6018
  QMMM:    30       30      C       -6.8122   -0.7677    1.1813
  QMMM:    31       31      C       -6.8071   -0.1862   -0.0893
  QMMM:    32       32      C       -7.7336    0.8027   -0.4230
  QMMM:    33       33      C       -8.6877    1.2132    0.5048
  QMMM:    34       34      C       -8.7089    0.6367    1.7739
  QMMM:    35       35      C       -7.7770   -0.3450    2.1216
  QMMM:    36       36      C       -7.7789   -0.8975    3.5042
  QMMM:    37       37      C       -7.4577   -2.3777    3.5573
  QMMM:    38       38      C       -6.7317   -2.8651    2.3370
  QMMM:    39       39      O       -6.9191   -4.0173    1.9194
  QMMM:    40       40      H       -7.0150   -5.5762    0.3779
  QMMM:    41       41      H       -8.5400   -4.9356    0.2302
  QMMM:    42       42      H       -8.1861   -6.3619   -0.5726
  QMMM:    43       43      H       -6.5319   -5.3115   -1.9450
  QMMM:    44       44      H       -9.2627   -3.7548   -2.0467
  QMMM:    45       45      H       -9.5180   -5.5433   -3.6491
  QMMM:    46       46      H       -7.1131   -4.4278   -4.2153
  QMMM:    47       47      H       -8.5253   -3.0199   -5.3565
  QMMM:    48       48      H       -7.7694   -1.6745   -2.9036
  QMMM:    49       49      H       -5.4874   -2.7112   -4.7876
  QMMM:    50       50      H       -5.5666   -1.0420   -4.0342
  QMMM:    51       51      H       -7.3829   -0.6951   -5.3050
  QMMM:    52       52      H       -7.4941   -2.6158   -0.6040
  QMMM:    53       53      H       -4.7477   -1.7487   -0.3130
  QMMM:    54       54      H       -2.9360   -3.1393    0.3956
  QMMM:    55       55      H       -4.0038   -4.1714    1.4297
  QMMM:    56       56      H       -3.2626   -2.8638    3.2220
  QMMM:    57       57      H       -5.0952   -1.4553    3.6281
  QMMM:    58       58      H       -5.9958    1.2695    2.7775
  QMMM:    59       59      H       -5.9763    3.7137    2.7697
  QMMM:    60       60      H       -4.7434    5.8686    2.5108
  QMMM:    61       61      H       -2.3129    5.8703    1.9930
  QMMM:    62       62      H       -1.0797    3.7123    1.7311
  QMMM:    63       63      H       -1.0625    1.2396    1.7580
  QMMM:    64       64      H       -6.0691   -0.4880   -0.8493
  QMMM:    65       65      H       -7.7009    1.2657   -1.4210
  QMMM:    66       66      H       -9.4186    1.9935    0.2418
  QMMM:    67       67      H       -9.4602    0.9620    2.5110
  QMMM:    68       68      H       -8.7772   -0.7250    3.9903
  QMMM:    69       69      H       -7.0214   -0.3228    4.1085
  QMMM:    70       70      H       -8.4052   -2.9720    3.6705
  QMMM:    71       71      H       -6.8275   -2.6063    4.4604
 
           --------- Calculation Completed ----------
 
