            --------------------------------------------------------
                             AMBER SQM VERSION 19
 
                                     By
              Ross C. Walker, Michael F. Crowley, Scott Brozell,
                         Tim Giese, Andreas W. Goetz,
                        Tai-Sung Lee and David A. Case
 
            --------------------------------------------------------
 

--------------------------------------------------------------------------------
  QM CALCULATION INFO
--------------------------------------------------------------------------------

| QMMM: Citation for AMBER QMMM Run:
| QMMM: R.C. Walker, M.F. Crowley and D.A. Case, J. COMP. CHEM. 29:1019, 2008

QMMM: SINGLET STATE CALCULATION
QMMM: RHF CALCULATION, NO. OF DOUBLY OCCUPIED LEVELS = 73

| QMMM: *** Selected Hamiltonian *** 
| QMMM: AM1         

| QMMM: *** Parameter sets in use ***
| QMMM: N : M.J.S.DEWAR et al. JACS, 107, 3902, (1985)
| QMMM: C : M.J.S.DEWAR et al. JACS, 107, 3902, (1985)
| QMMM: H : M.J.S.DEWAR et al. JACS, 107, 3902, (1985)

| QMMM: *** SCF convergence criteria ***
| QMMM: Energy change                :  0.1D-09 kcal/mol
| QMMM: Error matrix |FP-PF|         :  0.1D+00 au
| QMMM: Density matrix change        :  0.5D-06
| QMMM: Maximum number of SCF cycles :     1000
 
| QMMM: *** Diagonalization Routine Information ***
| QMMM: Pseudo diagonalizations are allowed.
| QMMM: Auto diagonalization routine selection is in use.
| QMMM:
| QMMM: Timing diagonalization routines:
| QMMM:                              norbs =      140
| QMMM:    diag iterations used for timing =       10
| QMMM:
| QMMM:              Internal diag routine = 0.266375 seconds
| QMMM:                 Dspev diag routine = 1.800382 seconds
| QMMM:                Dspevd diag routine = 1.467942 seconds
| QMMM:                Dspevx diag routine = 3.220884 seconds
| QMMM:                 Dsyev diag routine = 1.831065 seconds
| QMMM:                Dsyevd diag routine = 1.605403 seconds
| QMMM:                Dsyevr diag routine = 2.214702 seconds
| QMMM:
| QMMM:                Pseudo diag routine = 0.209091 seconds
| QMMM:
| QMMM: Using internal diagonalization routine (diag_routine=1).

  QMMM: QM Region Cartesian Coordinates (*=link atom) 
  QMMM: QM_NO.   MM_NO.  ATOM         X         Y         Z
  QMMM:     1        1      N       10.8310   19.7020   13.6780
  QMMM:     2        2      N        8.9380   19.0310   14.7250
  QMMM:     3        3      C        9.5080   19.7240   13.7110
  QMMM:     4        4      C        8.8600   20.4600   12.6930
  QMMM:     5        5      C        9.6740   20.9350   11.6570
  QMMM:     6        6      C        9.1510   21.7060   10.6010
  QMMM:     7        7      C        7.7920   22.0290   10.5560
  QMMM:     8        8      C        6.9440   21.5610   11.5560
  QMMM:     9        9      C        7.4790   20.7650   12.6230
  QMMM:    10       10      N        9.7630   22.2660    9.5390
  QMMM:    11       11      C        8.8040   22.9600    8.8530
  QMMM:    12       12      N        7.6230   22.8130    9.4260
  QMMM:    13       13      C        9.0740   23.6890    7.7390
  QMMM:    14       14      C       10.3190   23.6380    7.1370
  QMMM:    15       15      C       10.5000   24.2840    5.9060
  QMMM:    16       16      C        9.4630   24.9860    5.3280
  QMMM:    17       17      C        8.2380   25.0440    5.9710
  QMMM:    18       18      C        8.0520   24.4120    7.1950
  QMMM:    19       19      N       11.5530   24.4030    5.0670
  QMMM:    20       20      C       11.1670   25.1740    3.9940
  QMMM:    21       21      N        9.9320   25.5830    4.1660
  QMMM:    22       22      C       11.9050   25.3860    2.8650
  QMMM:    23       23      C       12.9850   24.5520    2.5990
  QMMM:    24       24      C       13.7620   24.7880    1.4700
  QMMM:    25       25      C       13.4640   25.8860    0.6390
  QMMM:    26       26      C       12.3200   26.6670    0.8850
  QMMM:    27       27      C       11.5400   26.4300    2.0210
  QMMM:    28       28      C       14.3390   26.2450   -0.3940
  QMMM:    29       29      N       15.6270   25.8830   -0.3210
  QMMM:    30       30      N       13.8840   26.9610   -1.4270
  QMMM:    31       31      H       11.3260   20.1970   12.9500
  QMMM:    32       32      H       11.3450   19.1910   14.3810
  QMMM:    33       33      H        7.9320   19.0020   14.8150
  QMMM:    34       34      H        9.5180   18.5430   15.3920
  QMMM:    35       35      H       10.7310   20.7120   11.6550
  QMMM:    36       36      H        5.8910   21.7980   11.5250
  QMMM:    37       37      H        6.8050   20.3960   13.3830
  QMMM:    38       38      H       10.7520   22.1220    9.3920
  QMMM:    39       39      H       11.1290   23.1080    7.6160
  QMMM:    40       40      H        7.4170   25.5840    5.5220
  QMMM:    41       41      H        7.1090   24.4890    7.7150
  QMMM:    42       42      H       12.4310   23.9570    5.2920
  QMMM:    43       43      H       13.2120   23.7330    3.2650
  QMMM:    44       44      H       14.5870   24.1320    1.2360
  QMMM:    45       45      H       12.0430   27.4510    0.1960
  QMMM:    46       46      H       10.6740   27.0330    2.2510
  QMMM:    47       47      H       16.2660   26.1370   -1.0610
  QMMM:    48       48      H       15.9590   25.3560    0.4740
  QMMM:    49       49      H       14.5100   27.2230   -2.1750
  QMMM:    50       50      H       12.9140   27.2400   -1.4600

--------------------------------------------------------------------------------
  RESULTS
--------------------------------------------------------------------------------

      iter         sqm energy              rms gradient
      ----    -------------------    -----------------------
xmin    10      491.6339 kcal/mol        0.8741 kcal/(mol*A)
xmin    20      490.9045 kcal/mol        0.0976 kcal/(mol*A)
xmin    30      490.8750 kcal/mol        0.0958 kcal/(mol*A)
xmin    40      490.8489 kcal/mol        0.2055 kcal/(mol*A)
xmin    50      490.7713 kcal/mol        0.0915 kcal/(mol*A)
xmin    60      490.6103 kcal/mol        0.3768 kcal/(mol*A)
xmin    70      490.4554 kcal/mol        0.3168 kcal/(mol*A)
xmin    80      490.2996 kcal/mol        0.5285 kcal/(mol*A)
xmin    90      490.2238 kcal/mol        0.0715 kcal/(mol*A)
xmin   100      490.2134 kcal/mol        0.1427 kcal/(mol*A)
xmin   110      490.2008 kcal/mol        0.0600 kcal/(mol*A)
xmin   120      490.1903 kcal/mol        0.0623 kcal/(mol*A)
xmin   130      490.1887 kcal/mol        0.0078 kcal/(mol*A)
xmin   140      490.1883 kcal/mol        0.0120 kcal/(mol*A)
xmin   150      490.1881 kcal/mol        0.0044 kcal/(mol*A)
xmin   160      490.1880 kcal/mol        0.0179 kcal/(mol*A)
xmin   170      490.1879 kcal/mol        0.0030 kcal/(mol*A)
  ... geometry converged !
 
 Final MO eigenvalues (eV):
 -46.3648  -46.2541  -45.7010  -45.2058  -43.8008  -42.2325  -41.1180  -40.0394
 -39.7594  -38.2574  -37.9767  -37.6827  -36.7551  -35.5565  -35.4776  -34.4375
 -33.4323  -31.2932  -29.9079  -28.8498  -28.5621  -28.1516  -27.4632  -27.2791
 -26.8325  -25.9655  -25.6102  -25.1437  -24.9587  -24.8399  -24.6568  -23.2198
 -23.0168  -22.5470  -22.2764  -22.2377  -21.9462  -21.7933  -21.4478  -21.2048
 -20.9204  -20.4647  -20.2325  -20.0400  -19.8342  -19.7808  -19.7088  -19.6372
 -19.3905  -19.1550  -18.9856  -18.9197  -18.6142  -18.1806  -17.7718  -17.4309
 -17.3465  -17.2184  -17.1000  -16.9135  -16.6596  -16.6419  -16.5341  -16.0038
 -15.7140  -15.5790  -15.3524  -15.1287  -14.9494  -13.8588  -13.7209  -13.1358
 -12.8316   -6.1166   -5.7846   -5.1668   -4.7874   -4.6764   -4.4409   -4.2341
  -4.1550   -4.1322   -3.5243   -3.2703   -3.0905   -2.8816   -2.8399   -2.8001
  -2.6147   -2.5260   -2.3365   -2.0880   -1.8100   -1.4624   -1.4134   -1.3192
  -1.2362   -1.2171   -1.0870   -0.9407   -0.8651   -0.8395   -0.7996   -0.7142
  -0.6149   -0.5959   -0.5526   -0.4699   -0.4462   -0.3914   -0.3272   -0.2747
  -0.1704   -0.0519   -0.0224    0.0533    0.0705    0.1190    0.1408    0.1850
   0.2161    0.3292    0.3565    0.3840    0.4418    0.4883    0.6206    0.7286
   0.7737    0.8480    0.9391    1.1269    1.2824    1.4042    1.4505    1.8016
   1.8095    1.9932    2.2165    2.4141

 Heat of formation   =        490.18785226 kcal/mol  (       21.25614033 eV)

 Total SCF energy    =    -109108.41845881 kcal/mol  (    -4731.29606083 eV)
 Electronic energy   =    -811195.22990965 kcal/mol  (   -35176.06478078 eV)
 Core-core repulsion =     702086.81145084 kcal/mol  (    30444.76871995 eV)
 
    Atomic Charges for Step       1 :
  Atom    Element       Mulliken Charge
     1      N                 -0.319
     2      N                 -0.312
     3      C                  0.345
     4      C                 -0.168
     5      C                 -0.073
     6      C                 -0.042
     7      C                 -0.009
     8      C                 -0.054
     9      C                 -0.114
    10      N                 -0.227
    11      C                  0.109
    12      N                 -0.115
    13      C                 -0.027
    14      C                 -0.110
    15      C                 -0.023
    16      C                 -0.051
    17      C                 -0.055
    18      C                 -0.100
    19      N                 -0.223
    20      C                  0.025
    21      N                 -0.097
    22      C                  0.047
    23      C                 -0.116
    24      C                 -0.081
    25      C                 -0.167
    26      C                 -0.083
    27      C                 -0.079
    28      C                  0.342
    29      N                 -0.312
    30      N                 -0.308
    31      H                  0.283
    32      H                  0.269
    33      H                  0.288
    34      H                  0.270
    35      H                  0.149
    36      H                  0.185
    37      H                  0.151
    38      H                  0.271
    39      H                  0.142
    40      H                  0.173
    41      H                  0.169
    42      H                  0.263
    43      H                  0.161
    44      H                  0.154
    45      H                  0.159
    46      H                  0.192
    47      H                  0.273
    48      H                  0.285
    49      H                  0.273
    50      H                  0.288
 Total Mulliken Charge =       2.000
 
                  X        Y        Z     TOTAL  
  QM DIPOLE   115.553  221.024   61.888  256.971
 
 Final Structure

  QMMM: QM Region Cartesian Coordinates (*=link atom) 
  QMMM: QM_NO.   MM_NO.  ATOM         X         Y         Z
  QMMM:     1        1      N       10.4616   19.2352   14.2667
  QMMM:     2        2      N        8.1305   18.8767   14.5340
  QMMM:     3        3      C        9.1742   19.5076   13.9510
  QMMM:     4        4      C        8.8942   20.5403   12.9190
  QMMM:     5        5      C        9.5768   20.4901   11.6997
  QMMM:     6        6      C        9.2612   21.4684   10.7580
  QMMM:     7        7      C        8.2702   22.5057   11.0407
  QMMM:     8        8      C        7.6248   22.5243   12.2862
  QMMM:     9        9      C        7.9387   21.5388   13.2077
  QMMM:    10       10      N        9.7184   21.7250    9.4633
  QMMM:    11       11      C        9.0048   22.8565    8.9994
  QMMM:    12       12      N        8.1422   23.3447    9.9274
  QMMM:    13       13      C        9.1963   23.4071    7.6525
  QMMM:    14       14      C       10.4766   23.5030    7.1107
  QMMM:    15       15      C       10.5870   24.0666    5.8340
  QMMM:    16       16      C        9.4152   24.5256    5.1031
  QMMM:    17       17      C        8.1436   24.4033    5.6853
  QMMM:    18       18      C        8.0507   23.8517    6.9516
  QMMM:    19       19      N       11.6813   24.3124    5.0004
  QMMM:    20       20      C       11.1640   24.9297    3.8347
  QMMM:    21       21      N        9.8141   25.0534    3.8666
  QMMM:    22       22      C       12.0049   25.3624    2.7158
  QMMM:    23       23      C       13.2264   24.7336    2.4346
  QMMM:    24       24      C       13.9940   25.1458    1.3477
  QMMM:    25       25      C       13.5361   26.1853    0.5281
  QMMM:    26       26      C       12.3169   26.8191    0.8025
  QMMM:    27       27      C       11.5571   26.4121    1.8957
  QMMM:    28       28      C       14.3403   26.6135   -0.6491
  QMMM:    29       29      N       15.6566   26.8680   -0.4763
  QMMM:    30       30      N       13.7215   26.7296   -1.8445
  QMMM:    31       31      H       11.1844   19.7656   13.8283
  QMMM:    32       32      H       10.7240   18.5526   14.9440
  QMMM:    33       33      H        7.2043   19.1082   14.2381
  QMMM:    34       34      H        8.2371   18.1954   15.2540
  QMMM:    35       35      H       10.3107   19.7025   11.4760
  QMMM:    36       36      H        6.8846   23.3081   12.5183
  QMMM:    37       37      H        7.4431   21.5574   14.1921
  QMMM:    38       38      H       10.3437   21.1719    8.9381
  QMMM:    39       39      H       11.3673   23.1756    7.6636
  QMMM:    40       40      H        7.2471   24.7456    5.1446
  QMMM:    41       41      H        7.0605   23.7632    7.4299
  QMMM:    42       42      H       12.6320   24.2300    5.2452
  QMMM:    43       43      H       13.5847   23.8943    3.0523
  QMMM:    44       44      H       14.9425   24.6288    1.1300
  QMMM:    45       45      H       11.9545   27.6501    0.1751
  QMMM:    46       46      H       10.5963   26.9147    2.1091
  QMMM:    47       47      H       16.2596   27.1492   -1.2197
  QMMM:    48       48      H       16.0456   26.7924    0.4403
  QMMM:    49       49      H       14.1891   27.0259   -2.6745
  QMMM:    50       50      H       12.7507   26.5003   -1.9093
 
           --------- Calculation Completed ----------
 
