-I: Adding /opt/amber/22/dat/leap/prep to search path.
-I: Adding /opt/amber/22/dat/leap/lib to search path.
-I: Adding /opt/amber/22/dat/leap/parm to search path.
-I: Adding /opt/amber/22/dat/leap/cmd to search path.
-f: Source /home/dejun/workspace/NLmmgbsa/results/dna/2JWQ/ff99bsc0/leap_ff99bsc0_1.in.

Welcome to LEaP!
(no leaprc in search path)
Sourcing: /home/dejun/workspace/NLmmgbsa/results/dna/2JWQ/ff99bsc0/leap_ff99bsc0_1.in
----- Source: /opt/amber/22/dat/leap/cmd/oldff/leaprc.ff99bsc0
----- Source of /opt/amber/22/dat/leap/cmd/oldff/leaprc.ff99bsc0 done
Log file: ./leap.log
Loading parameters: /opt/amber/22/dat/leap/parm/parm99.dat
Reading title:
PARM99 for DNA,RNA,AA, organic molecules, Polariz.& LP incl.02/04/99
Loading parameters: /opt/amber/22/dat/leap/parm/frcmod.ff99SB
Reading force field modification type file (frcmod)
Reading title:
Modification/update of parm99.dat (Hornak & Simmerling)
Loading parameters: /opt/amber/22/dat/leap/parm/frcmod.parmbsc0
Reading force field modification type file (frcmod)
Reading title:
modifies parm99 for nucleic acids: see http://mmb.pcb.ub.es/PARMBSC0/
Loading library: /opt/amber/22/dat/leap/lib/all_nucleic94.lib
Loading library: /opt/amber/22/dat/leap/lib/all_amino94.lib
Loading library: /opt/amber/22/dat/leap/lib/all_aminoct94.lib
Loading library: /opt/amber/22/dat/leap/lib/all_aminont94.lib
Loading library: /opt/amber/22/dat/leap/lib/DNA_CI.lib
Loading library: /opt/amber/22/dat/leap/lib/ions94.lib
Loading library: /opt/amber/22/dat/leap/lib/solvents.lib
----- Source: /opt/amber/22/dat/leap/cmd/leaprc.water.tip3p
----- Source of /opt/amber/22/dat/leap/cmd/leaprc.water.tip3p done
Loading library: /opt/amber/22/dat/leap/lib/atomic_ions.lib
Loading library: /opt/amber/22/dat/leap/lib/solvents.lib
Loading parameters: /opt/amber/22/dat/leap/parm/frcmod.tip3p
Reading force field modification type file (frcmod)
Reading title:
This is the additional/replacement parameter set for TIP3P water
Loading parameters: /opt/amber/22/dat/leap/parm/frcmod.ions1lm_126_tip3p
Reading force field modification type file (frcmod)
Reading title:
Li/Merz ion parameters of monovalent ions for TIP3P water model (12-6 normal usage set)
Loading parameters: /opt/amber/22/dat/leap/parm/frcmod.ionsjc_tip3p
Reading force field modification type file (frcmod)
Reading title:
Monovalent ion parameters for Ewald and TIP3P water from Joung & Cheatham JPCB (2008)
Loading parameters: /opt/amber/22/dat/leap/parm/frcmod.ions234lm_126_tip3p
Reading force field modification type file (frcmod)
Reading title:
Li/Merz ion parameters of divalent to tetravalent ions for TIP3P water model (12-6 normal usage set)
----- Source: /opt/amber/22/dat/leap/cmd/leaprc.gaff2
----- Source of /opt/amber/22/dat/leap/cmd/leaprc.gaff2 done
Log file: ./leap.log
Loading parameters: /opt/amber/22/dat/leap/parm/gaff2.dat
Reading title:
AMBER General Force Field for organic molecules (Version 2.11, May 2016)
Loading parameters: /home/dejun/workspace/NLmmgbsa/results/dna/2JWQ/ff99bsc0/2JWQ_ligand1.frcmod
Reading force field modification type file (frcmod)
Reading title:
Remark line goes here
Loading parameters: /home/dejun/workspace/NLmmgbsa/results/dna/2JWQ/ff99bsc0/2JWQ_ligand2.frcmod
Reading force field modification type file (frcmod)
Reading title:
Remark line goes here
Using H(N)-modified Bondi radii
Loading PDB file: /home/dejun/workspace/NLmmgbsa/results/dna/2JWQ/ff99bsc0/2JWQ_receptor1.pdb
  total atoms in file: 904
Loading Mol2 file: /home/dejun/workspace/NLmmgbsa/results/dna/2JWQ/ff99bsc0/2JWQ_ligand1.mol2
Reading MOLECULE named MOL
Loading Mol2 file: /home/dejun/workspace/NLmmgbsa/results/dna/2JWQ/ff99bsc0/2JWQ_ligand2.mol2
Reading MOLECULE named MOL
Checking Unit.

/opt/amber/22/bin/teLeap: Warning!
The unperturbed charge of the unit (-22.003000) is not zero.

/opt/amber/22/bin/teLeap: Note.
Ignoring the warning from Unit Checking.

Building topology.
Building atom parameters.
Building bond parameters.
Building angle parameters.
Building proper torsion parameters.
Building improper torsion parameters.
 total 184 improper torsions applied
Building H-Bond parameters.
Incorporating Non-Bonded adjustments.
Not Marking per-residue atom chain types.
Marking per-residue atom chain types.
  (Residues lacking connect0/connect1 - 
   these don't have chain types marked:

	res	total affected

	MOL	1
  )
 (no restraints)
Writing pdb file: /home/dejun/workspace/NLmmgbsa/results/dna/2JWQ/ff99bsc0/2JWQ_receptor1_leap_ff99bsc0.pdb
Checking Unit.

/opt/amber/22/bin/teLeap: Warning!
The unperturbed charge of the unit (1.997000) is not zero.

/opt/amber/22/bin/teLeap: Note.
Ignoring the warning from Unit Checking.

Building topology.
Building atom parameters.
Building bond parameters.
Building angle parameters.
Building proper torsion parameters.
Building improper torsion parameters.
 total 20 improper torsions applied
Building H-Bond parameters.
Incorporating Non-Bonded adjustments.
Not Marking per-residue atom chain types.
Marking per-residue atom chain types.
  (Residues lacking connect0/connect1 - 
   these don't have chain types marked:

	res	total affected

	MOL	1
  )
 (no restraints)
Writing pdb file: /home/dejun/workspace/NLmmgbsa/results/dna/2JWQ/ff99bsc0/2JWQ_ligand1_leap_ff99bsc0.pdb
Checking Unit.

/opt/amber/22/bin/teLeap: Warning!
The unperturbed charge of the unit (1.999999) is not zero.

/opt/amber/22/bin/teLeap: Note.
Ignoring the warning from Unit Checking.

Building topology.
Building atom parameters.
Building bond parameters.
Building angle parameters.
Building proper torsion parameters.
Building improper torsion parameters.
 total 20 improper torsions applied
Building H-Bond parameters.
Incorporating Non-Bonded adjustments.
Not Marking per-residue atom chain types.
Marking per-residue atom chain types.
  (Residues lacking connect0/connect1 - 
   these don't have chain types marked:

	res	total affected

	MOL	1
  )
 (no restraints)
Writing pdb file: /home/dejun/workspace/NLmmgbsa/results/dna/2JWQ/ff99bsc0/2JWQ_ligand2_leap_ff99bsc0.pdb
Checking Unit.

/opt/amber/22/bin/teLeap: Warning!
The unperturbed charge of the unit (-20.003001) is not zero.

/opt/amber/22/bin/teLeap: Note.
Ignoring the warning from Unit Checking.

Building topology.
Building atom parameters.
Building bond parameters.
Building angle parameters.
Building proper torsion parameters.
Building improper torsion parameters.
 total 204 improper torsions applied
Building H-Bond parameters.
Incorporating Non-Bonded adjustments.
Not Marking per-residue atom chain types.
Marking per-residue atom chain types.
  (Residues lacking connect0/connect1 - 
   these don't have chain types marked:

	res	total affected

	MOL	2
  )
 (no restraints)
Writing pdb file: /home/dejun/workspace/NLmmgbsa/results/dna/2JWQ/ff99bsc0/2JWQ_complex12_leap_ff99bsc0.pdb
  Solute vdw bounding box:              30.200 30.428 33.550
  Total bounding box for atom centers:  46.200 46.428 49.550
  Solvent unit box:                     18.774 18.774 18.774
  Total vdw box size:                   49.432 49.285 52.650 angstroms.
  Volume: 128269.969 A^3 
  Total mass 57389.488 amu,  Density 0.743 g/cc
  Added 2662 residues.

/opt/amber/22/bin/teLeap: Warning!
addIons: 1st Ion & target unit have charges of the same sign:
     unit charge = -20.003; ion1 charge = -1;
     can't neutralize.
20 Na+ ions required to neutralize.
Adding 20 counter ions to "complex12" using 1A grid
Grid extends from solute vdw + 3.78  to  9.88
Resolution:      1.00 Angstrom.
Solvent present: replacing closest with ion
	 when steric overlaps occur
Calculating grid charges
(Replacing solvent molecule)
Placed Na+ in complex12 at (4.73, -13.39, -0.88).
(Replacing solvent molecule)
Placed Na+ in complex12 at (4.66, 16.22, 3.62).
(Replacing solvent molecule)
Placed Na+ in complex12 at (-8.36, -10.11, -7.37).
(Replacing solvent molecule)
Placed Na+ in complex12 at (13.24, -4.61, -0.81).
(Replacing solvent molecule)
Placed Na+ in complex12 at (-3.63, 13.75, -6.53).
(Replacing solvent molecule)
Placed Na+ in complex12 at (13.11, 9.95, -3.34).
(Replacing solvent molecule)
Placed Na+ in complex12 at (-4.17, -13.95, -3.21).
(Replacing solvent molecule)
Placed Na+ in complex12 at (-14.58, 11.99, 4.64).
(Replacing solvent molecule)
Placed Na+ in complex12 at (14.67, 4.05, 4.63).
(Replacing solvent molecule)
Placed Na+ in complex12 at (-13.13, 4.08, -3.65).
(Replacing solvent molecule)
Placed Na+ in complex12 at (-4.82, -18.24, 5.88).
(Replacing solvent molecule)
Placed Na+ in complex12 at (15.85, -8.23, -10.03).
(Replacing solvent molecule)
Placed Na+ in complex12 at (4.50, 13.44, 11.23).
(Replacing solvent molecule)
Placed Na+ in complex12 at (4.04, -10.95, -11.30).
(Replacing solvent molecule)
Placed Na+ in complex12 at (-14.90, 5.95, 11.87).
(Replacing solvent molecule)
Placed Na+ in complex12 at (-13.94, -0.99, -10.29).
(Replacing solvent molecule)
Placed Na+ in complex12 at (11.73, -7.81, 9.90).
(Replacing solvent molecule)
Placed Na+ in complex12 at (2.01, 4.35, -16.64).
(Replacing solvent molecule)
Placed Na+ in complex12 at (17.17, 3.20, -8.59).
(Replacing solvent molecule)
Placed Na+ in complex12 at (-15.49, -8.99, 3.25).

Done adding ions.
Checking Unit.
Building topology.
Building atom parameters.
Building bond parameters.
Building angle parameters.
Building proper torsion parameters.
Building improper torsion parameters.
 total 204 improper torsions applied
Building H-Bond parameters.
Incorporating Non-Bonded adjustments.
Not Marking per-residue atom chain types.
Marking per-residue atom chain types.
  (Residues lacking connect0/connect1 - 
   these don't have chain types marked:

	res	total affected

	MOL	2
	WAT	2642
  )
 (no restraints)
Writing pdb file: /home/dejun/workspace/NLmmgbsa/results/dna/2JWQ/ff99bsc0/2JWQ_complex12_solv_leap_ff99bsc0.pdb
   printing CRYST1 record to PDB file with box info
	Quit

Exiting LEaP: Errors = 0; Warnings = 5; Notes = 4.
