            --------------------------------------------------------
                             AMBER SQM VERSION 19
 
                                     By
              Ross C. Walker, Michael F. Crowley, Scott Brozell,
                         Tim Giese, Andreas W. Goetz,
                        Tai-Sung Lee and David A. Case
 
            --------------------------------------------------------
 

--------------------------------------------------------------------------------
  QM CALCULATION INFO
--------------------------------------------------------------------------------

| QMMM: Citation for AMBER QMMM Run:
| QMMM: R.C. Walker, M.F. Crowley and D.A. Case, J. COMP. CHEM. 29:1019, 2008

QMMM: SINGLET STATE CALCULATION
QMMM: RHF CALCULATION, NO. OF DOUBLY OCCUPIED LEVELS = 81

| QMMM: *** Selected Hamiltonian *** 
| QMMM: AM1         

| QMMM: *** Parameter sets in use ***
| QMMM: C : M.J.S.DEWAR et al. JACS, 107, 3902, (1985)
| QMMM: N : M.J.S.DEWAR et al. JACS, 107, 3902, (1985)
| QMMM: H : M.J.S.DEWAR et al. JACS, 107, 3902, (1985)

| QMMM: *** SCF convergence criteria ***
| QMMM: Energy change                :  0.1D-09 kcal/mol
| QMMM: Error matrix |FP-PF|         :  0.1D+00 au
| QMMM: Density matrix change        :  0.5D-06
| QMMM: Maximum number of SCF cycles :     1000
 
| QMMM: *** Diagonalization Routine Information ***
| QMMM: Pseudo diagonalizations are allowed.
| QMMM: Auto diagonalization routine selection is in use.
| QMMM:
| QMMM: Timing diagonalization routines:
| QMMM:                              norbs =      160
| QMMM:    diag iterations used for timing =        5
| QMMM:
| QMMM:              Internal diag routine = 0.027200 seconds
| QMMM:                 Dspev diag routine = 0.146088 seconds
| QMMM:                Dspevd diag routine = 0.028233 seconds
| QMMM:                Dspevx diag routine = 0.087333 seconds
| QMMM:                 Dsyev diag routine = 0.031475 seconds
| QMMM:                Dsyevd diag routine = 0.014185 seconds
| QMMM:                Dsyevr diag routine = 0.020380 seconds
| QMMM:
| QMMM:                Pseudo diag routine = 0.007058 seconds
| QMMM:
| QMMM: Using dsyevd routine (diag_routine=6).

  QMMM: QM Region Cartesian Coordinates (*=link atom) 
  QMMM: QM_NO.   MM_NO.  ATOM         X         Y         Z
  QMMM:     1        1      C       -8.4490   -7.0880   20.3190
  QMMM:     2        2      C       -7.6950   -8.2770   20.3280
  QMMM:     3        3      C       -7.8140   -5.8580   20.5740
  QMMM:     4        4      C       -4.3790   -4.5890   21.2480
  QMMM:     5        5      C       -3.6920   -5.8250   21.2790
  QMMM:     6        6      C       -1.6040   -4.6610   21.7440
  QMMM:     7        7      C       -1.6000   -2.2390   22.0390
  QMMM:     8        8      C       -1.6590    0.1950   22.2830
  QMMM:     9        9      C       -3.7430    1.3860   21.8860
  QMMM:    10       10      C       -4.3830    0.1760   21.5850
  QMMM:    11       11      C       -6.3240   -8.2380   20.6240
  QMMM:    12       12      C       -2.3060   -5.8540   21.5090
  QMMM:    13       13      C       -2.3830    1.4010   22.2380
  QMMM:    14       14      N       -4.3560   -6.9790   21.0770
  QMMM:    15       15      C       -5.7640   -4.5900   20.9900
  QMMM:    16       16      C       -6.4270   -5.8140   20.8080
  QMMM:    17       17      N      -10.2030   -6.9620   18.6310
  QMMM:    18       18      C       -5.6820   -7.0100   20.8470
  QMMM:    19       19      C      -11.3820   -6.2370   18.1840
  QMMM:    20       20      C      -11.4410   -6.2030   16.6530
  QMMM:    21       21      N       -1.5670    2.8040   24.0320
  QMMM:    22       22      C      -12.6520   -5.3940   16.1820
  QMMM:    23       23      C       -1.7120    2.7110   22.5890
  QMMM:    24       24      C       -2.6810    3.1960   24.8810
  QMMM:    25       25      C       -3.4120    1.9700   25.4440
  QMMM:    26       26      C       -2.4770    1.0390   26.2240
  QMMM:    27       27      C       -9.9400   -7.1340   20.0500
  QMMM:    28       28      C       -2.2870   -3.4320   21.7500
  QMMM:    29       29      C       -3.6710   -3.3870   21.4670
  QMMM:    30       30      C       -2.3040   -1.0230   21.9990
  QMMM:    31       31      C       -3.6740   -1.0330   21.6610
  QMMM:    32       32      N       -4.3050   -2.1960   21.4160
  QMMM:    33       33      H       -8.1720   -9.2200   20.1070
  QMMM:    34       34      H       -8.3910   -4.9450   20.5900
  QMMM:    35       35      H       -0.5390   -4.6870   21.9200
  QMMM:    36       36      H       -0.5490   -2.2670   22.2860
  QMMM:    37       37      H       -0.6090    0.2050   22.5350
  QMMM:    38       38      H       -4.2950    2.3130   21.8480
  QMMM:    39       39      H       -5.4230    0.1730   21.2940
  QMMM:    40       40      H       -5.7580   -9.1560   20.6810
  QMMM:    41       41      H       -1.7780   -6.7960   21.5050
  QMMM:    42       42      H       -6.3040   -3.6560   20.9340
  QMMM:    43       43      H       -9.3860   -6.5610   18.1930
  QMMM:    44       44      H      -10.1860   -7.8670   18.1830
  QMMM:    45       45      H      -11.3490   -5.2180   18.5690
  QMMM:    46       46      H      -12.2770   -6.7250   18.5710
  QMMM:    47       47      H      -11.5130   -7.2210   16.2700
  QMMM:    48       48      H      -10.5290   -5.7500   16.2650
  QMMM:    49       49      H       -0.7740    3.3930   24.2420
  QMMM:    50       50      H       -1.1840    1.9360   24.3780
  QMMM:    51       51      H      -12.6790   -5.3800   15.0920
  QMMM:    52       52      H      -13.5650   -5.8520   16.5610
  QMMM:    53       53      H      -12.5750   -4.3730   16.5560
  QMMM:    54       54      H       -2.3240    3.5390   22.2310
  QMMM:    55       55      H       -0.7280    2.7520   22.1220
  QMMM:    56       56      H       -3.3800    3.8030   24.3050
  QMMM:    57       57      H       -2.3120    3.8080   25.7040
  QMMM:    58       58      H       -3.8750    1.4170   24.6270
  QMMM:    59       59      H       -4.2220    2.2990   26.0950
  QMMM:    60       60      H       -3.0430    0.1870   26.6010
  QMMM:    61       61      H       -1.6840    0.6840   25.5650
  QMMM:    62       62      H       -2.0380    1.5820   27.0610
  QMMM:    63       63      H      -10.4340   -6.3400   20.6100
  QMMM:    64       64      H      -10.3390   -8.0930   20.3790

--------------------------------------------------------------------------------
  RESULTS
--------------------------------------------------------------------------------

      iter         sqm energy              rms gradient
      ----    -------------------    -----------------------
xmin    10      418.7098 kcal/mol        0.8553 kcal/(mol*A)
xmin    20      417.6664 kcal/mol        0.3511 kcal/(mol*A)
xmin    30      417.4493 kcal/mol        0.4273 kcal/(mol*A)
xmin    40      417.3158 kcal/mol        0.1080 kcal/(mol*A)
xmin    50      417.2131 kcal/mol        0.1824 kcal/(mol*A)
xmin    60      417.1657 kcal/mol        0.1999 kcal/(mol*A)
xmin    70      417.1330 kcal/mol        0.1094 kcal/(mol*A)
xmin    80      417.1069 kcal/mol        0.0483 kcal/(mol*A)
xmin    90      417.0616 kcal/mol        0.1248 kcal/(mol*A)
xmin   100      416.9392 kcal/mol        0.3237 kcal/(mol*A)
xmin   110      416.3951 kcal/mol        0.6391 kcal/(mol*A)
xmin   120      415.9039 kcal/mol        0.2886 kcal/(mol*A)
xmin   130      415.4480 kcal/mol        0.2215 kcal/(mol*A)
xmin   140      415.1868 kcal/mol        0.3502 kcal/(mol*A)
xmin   150      414.7204 kcal/mol        0.2769 kcal/(mol*A)
xmin   160      414.5190 kcal/mol        0.0698 kcal/(mol*A)
xmin   170      414.4995 kcal/mol        0.0986 kcal/(mol*A)
xmin   180      414.4708 kcal/mol        0.0285 kcal/(mol*A)
xmin   190      414.4657 kcal/mol        0.0123 kcal/(mol*A)
xmin   200      414.4650 kcal/mol        0.0217 kcal/(mol*A)
xmin   210      414.4648 kcal/mol        0.0094 kcal/(mol*A)
xmin   220      414.4647 kcal/mol        0.0042 kcal/(mol*A)
xmin   230      414.4647 kcal/mol        0.0049 kcal/(mol*A)
xmin   240      414.4646 kcal/mol        0.0014 kcal/(mol*A)
xmin   250      414.4646 kcal/mol        0.0006 kcal/(mol*A)
  ... geometry converged !
 
 Final MO eigenvalues (eV):
 -46.3586  -46.2137  -45.6562  -44.8572  -43.1939  -41.8330  -40.1964  -39.4126
 -39.3766  -38.5780  -38.1118  -36.7659  -36.3408  -35.2159  -34.6253  -32.8664
 -32.5034  -31.8973  -31.3332  -30.0674  -29.5831  -28.4136  -27.7748  -27.5299
 -27.4950  -27.2969  -27.0625  -25.4697  -25.4057  -25.0562  -24.2762  -23.5806
 -23.0768  -22.9720  -22.7339  -22.5625  -22.1359  -21.5651  -21.2116  -21.1186
 -20.7897  -20.5075  -20.3450  -20.2122  -20.0221  -19.8866  -19.8275  -19.6041
 -19.4296  -19.2794  -19.1667  -19.0911  -18.9161  -18.8664  -18.6697  -18.4789
 -18.3483  -18.3149  -18.2110  -18.0010  -17.8546  -17.7108  -17.6386  -17.3961
 -17.1250  -17.0847  -16.9699  -16.8738  -16.7885  -16.7572  -16.6365  -16.4381
 -16.3146  -15.7284  -15.2295  -15.0136  -14.8027  -14.3820  -14.0321  -13.3753
 -12.9679   -5.6543   -5.5654   -5.0148   -4.9176   -4.5528   -4.4266   -3.7109
  -3.5635   -2.9994   -2.8756   -2.7423   -2.7139   -2.7037   -2.6871   -2.6414
  -2.5646   -2.1476   -2.0104   -2.0029   -1.9007   -1.7460   -1.6986   -1.6195
  -1.6143   -1.5983   -1.5344   -1.5281   -1.5065   -1.4655   -1.4303   -1.3638
  -1.2269   -1.1140   -1.0420   -0.9955   -0.9704   -0.9548   -0.8927   -0.7863
  -0.7810   -0.7338   -0.6490   -0.6109   -0.5654   -0.5619   -0.5339   -0.5097
  -0.4653   -0.3836   -0.2920   -0.1841   -0.1015   -0.0649    0.0398    0.0541
   0.1319    0.1656    0.2113    0.2927    0.4012    0.4199    0.4321    0.4333
   0.4351    0.5178    0.5476    0.6557    0.7026    0.7821    0.7882    0.8647
   0.9770    1.1015    1.1214    1.2114    1.3436    1.5251    2.3389    2.5500


 Heat of formation   =        414.46461154 kcal/mol  (       17.97253422 eV)

 Total SCF energy    =    -111582.36004341 kcal/mol  (    -4838.57421809 eV)
 Electronic energy   =    -938072.78197172 kcal/mol  (   -40677.88829503 eV)
 Core-core repulsion =     826490.42192832 kcal/mol  (    35839.31407694 eV)
 
    Atomic Charges for Step       1 :
  Atom    Element       Mulliken Charge
     1      C                 -0.183
     2      C                 -0.132
     3      C                 -0.035
     4      C                 -0.088
     5      C                  0.075
     6      C                 -0.094
     7      C                 -0.046
     8      C                 -0.039
     9      C                 -0.129
    10      C                 -0.074
    11      C                 -0.067
    12      C                 -0.096
    13      C                 -0.180
    14      N                 -0.120
    15      C                 -0.015
    16      C                 -0.117
    17      N                 -0.041
    18      C                  0.050
    19      C                 -0.138
    20      C                 -0.184
    21      N                 -0.041
    22      C                 -0.221
    23      C                 -0.075
    24      C                 -0.133
    25      C                 -0.190
    26      C                 -0.237
    27      C                 -0.070
    28      C                 -0.077
    29      C                  0.083
    30      C                 -0.101
    31      C                  0.043
    32      N                 -0.142
    33      H                  0.138
    34      H                  0.145
    35      H                  0.158
    36      H                  0.158
    37      H                  0.148
    38      H                  0.138
    39      H                  0.170
    40      H                  0.180
    41      H                  0.178
    42      H                  0.168
    43      H                  0.244
    44      H                  0.247
    45      H                  0.144
    46      H                  0.148
    47      H                  0.108
    48      H                  0.105
    49      H                  0.246
    50      H                  0.249
    51      H                  0.120
    52      H                  0.096
    53      H                  0.094
    54      H                  0.154
    55      H                  0.146
    56      H                  0.146
    57      H                  0.146
    58      H                  0.108
    59      H                  0.146
    60      H                  0.128
    61      H                  0.064
    62      H                  0.096
    63      H                  0.144
    64      H                  0.154
 Total Mulliken Charge =       2.000
 
                  X        Y        Z     TOTAL  
  QM DIPOLE   -55.223  -22.978  207.643  216.087
 
 Final Structure

  QMMM: QM Region Cartesian Coordinates (*=link atom) 
  QMMM: QM_NO.   MM_NO.  ATOM         X         Y         Z
  QMMM:     1        1      C       -8.4992   -6.9500   19.5630
  QMMM:     2        2      C       -7.7366   -8.1051   19.2256
  QMMM:     3        3      C       -7.8755   -5.8233   20.0455
  QMMM:     4        4      C       -4.4051   -4.6945   20.8658
  QMMM:     5        5      C       -3.7015   -5.8923   20.4642
  QMMM:     6        6      C       -1.5591   -4.8811   21.0687
  QMMM:     7        7      C       -1.4922   -2.5983   21.9949
  QMMM:     8        8      C       -1.4752   -0.2993   22.9234
  QMMM:     9        9      C       -3.5866    0.8642   23.1982
  QMMM:    10       10      C       -4.2849   -0.2041   22.7083
  QMMM:    11       11      C       -6.3770   -8.1138   19.3585
  QMMM:    12       12      C       -2.2466   -5.9342   20.5853
  QMMM:    13       13      C       -2.1675    0.8243   23.3096
  QMMM:    14       14      N       -4.3283   -6.9753   19.9801
  QMMM:    15       15      C       -5.7854   -4.6687   20.7255
  QMMM:    16       16      C       -6.4641   -5.7997   20.2102
  QMMM:    17       17      N      -10.4071   -7.0737   18.0003
  QMMM:    18       18      C       -5.6881   -6.9497   19.8553
  QMMM:    19       19      C      -11.8847   -7.2376   17.8560
  QMMM:    20       20      C      -12.3284   -7.2914   16.3983
  QMMM:    21       21      N       -1.5920    2.2084   25.2738
  QMMM:    22       22      C      -13.8267   -7.4608   16.3385
  QMMM:    23       23      C       -1.4475    2.0379   23.7897
  QMMM:    24       24      C       -0.9414    3.4541   25.7832
  QMMM:    25       25      C       -1.7550    4.7179   25.5439
  QMMM:    26       26      C       -3.0781    4.7141   26.2626
  QMMM:    27       27      C       -9.9830   -7.0137   19.4388
  QMMM:    28       28      C       -2.2146   -3.6699   21.4937
  QMMM:    29       29      C       -3.6525   -3.5560   21.4037
  QMMM:    30       30      C       -2.1683   -1.4277   22.4088
  QMMM:    31       31      C       -3.5956   -1.3980   22.2908
  QMMM:    32       32      N       -4.3101   -2.4532   21.7941
  QMMM:    33       33      H       -8.2591   -9.0101   18.8770
  QMMM:    34       34      H       -8.4501   -4.9252   20.3268
  QMMM:    35       35      H       -0.4593   -4.9176   21.1551
  QMMM:    36       36      H       -0.3937   -2.6513   22.0720
  QMMM:    37       37      H       -0.3752   -0.3471   22.9880
  QMMM:    38       38      H       -4.1196    1.7825   23.4916
  QMMM:    39       39      H       -5.3839   -0.1658   22.6181
  QMMM:    40       40      H       -5.7857   -9.0097   19.0991
  QMMM:    41       41      H       -1.7317   -6.8579   20.2665
  QMMM:    42       42      H       -6.3744   -3.7806   21.0109
  QMMM:    43       43      H      -10.1102   -6.2155   17.5222
  QMMM:    44       44      H       -9.9288   -7.8606   17.5440
  QMMM:    45       45      H      -12.3815   -6.3703   18.3783
  QMMM:    46       46      H      -12.1809   -8.1902   18.3830
  QMMM:    47       47      H      -11.8329   -8.1498   15.8709
  QMMM:    48       48      H      -12.0359   -6.3470   15.8664
  QMMM:    49       49      H       -1.1770    1.3948   25.7412
  QMMM:    50       50      H       -2.5936    2.2310   25.5070
  QMMM:    51       51      H      -14.1546   -7.5002   15.2699
  QMMM:    52       52      H      -14.1431   -8.4091   16.8372
  QMMM:    53       53      H      -14.3470   -6.6054   16.8338
  QMMM:    54       54      H       -1.8679    2.9639   23.2982
  QMMM:    55       55      H       -0.3451    1.9762   23.5567
  QMMM:    56       56      H        0.0665    3.5467   25.2855
  QMMM:    57       57      H       -0.7852    3.3155   26.8936
  QMMM:    58       58      H       -1.9094    4.8884   24.4455
  QMMM:    59       59      H       -1.1261    5.5732   25.9218
  QMMM:    60       60      H       -3.5349    5.7352   26.2117
  QMMM:    61       61      H       -3.8009    4.0003   25.7978
  QMMM:    62       62      H       -2.9520    4.4487   27.3406
  QMMM:    63       63      H      -10.4743   -6.1113   19.9041
  QMMM:    64       64      H      -10.3764   -7.9423   19.9482
 
           --------- Calculation Completed ----------
 
