            --------------------------------------------------------
                             AMBER SQM VERSION 19
 
                                     By
              Ross C. Walker, Michael F. Crowley, Scott Brozell,
                         Tim Giese, Andreas W. Goetz,
                        Tai-Sung Lee and David A. Case
 
            --------------------------------------------------------
 

--------------------------------------------------------------------------------
  QM CALCULATION INFO
--------------------------------------------------------------------------------

| QMMM: Citation for AMBER QMMM Run:
| QMMM: R.C. Walker, M.F. Crowley and D.A. Case, J. COMP. CHEM. 29:1019, 2008

QMMM: SINGLET STATE CALCULATION
QMMM: RHF CALCULATION, NO. OF DOUBLY OCCUPIED LEVELS = 80

| QMMM: *** Selected Hamiltonian *** 
| QMMM: AM1         

| QMMM: *** Parameter sets in use ***
| QMMM: O : M.J.S.DEWAR et al. JACS, 107, 3902, (1985)
| QMMM: C : M.J.S.DEWAR et al. JACS, 107, 3902, (1985)
| QMMM: N : M.J.S.DEWAR et al. JACS, 107, 3902, (1985)
| QMMM: H : M.J.S.DEWAR et al. JACS, 107, 3902, (1985)

| QMMM: *** SCF convergence criteria ***
| QMMM: Energy change                :  0.1D-09 kcal/mol
| QMMM: Error matrix |FP-PF|         :  0.1D+00 au
| QMMM: Density matrix change        :  0.5D-06
| QMMM: Maximum number of SCF cycles :     1000
 
| QMMM: *** Diagonalization Routine Information ***
| QMMM: Pseudo diagonalizations are allowed.
| QMMM: Auto diagonalization routine selection is in use.
| QMMM:
| QMMM: Timing diagonalization routines:
| QMMM:                              norbs =      153
| QMMM:    diag iterations used for timing =        5
| QMMM:
| QMMM:              Internal diag routine = 0.056609 seconds
| QMMM:                 Dspev diag routine = 1.938273 seconds
| QMMM:                Dspevd diag routine = 1.245362 seconds
| QMMM:                Dspevx diag routine = 2.651618 seconds
| QMMM:                 Dsyev diag routine = 1.334544 seconds
| QMMM:                Dsyevd diag routine = 1.734351 seconds
| QMMM:                Dsyevr diag routine = 0.926803 seconds
| QMMM:
| QMMM:                Pseudo diag routine = 0.008912 seconds
| QMMM:
| QMMM: Using internal diagonalization routine (diag_routine=1).

  QMMM: QM Region Cartesian Coordinates (*=link atom) 
  QMMM: QM_NO.   MM_NO.  ATOM         X         Y         Z
  QMMM:     1        1      O        8.5280   19.9400   13.7650
  QMMM:     2        2      C        8.4790   20.7340   12.6180
  QMMM:     3        3      C        8.4590   22.2650   10.2290
  QMMM:     4        4      C        7.2730   21.2120   12.0560
  QMMM:     5        5      C        7.2490   21.9740   10.8670
  QMMM:     6        6      C        9.6710   21.0390   11.9780
  QMMM:     7        7      C        9.6410   21.7890   10.8020
  QMMM:     8        8      C        8.5350   23.0100    9.0330
  QMMM:     9        9      N        9.6480   23.0860    8.2120
  QMMM:    10       10      C        9.4110   23.9600    7.2130
  QMMM:    11       11      C        8.1370   24.3870    7.3700
  QMMM:    12       12      N        7.5930   23.7530    8.4850
  QMMM:    13       13      C        7.5780   25.2120    6.3970
  QMMM:    14       14      C        8.3390   25.6750    5.3240
  QMMM:    15       15      C        9.6430   25.2330    5.1520
  QMMM:    16       16      C       10.1680   24.3260    6.0840
  QMMM:    17       17      C       10.3650   25.7170    4.0460
  QMMM:    18       18      N       11.5160   25.1530    3.5330
  QMMM:    19       19      C       11.9170   25.8690    2.4590
  QMMM:    20       20      C       11.0260   26.8700    2.2940
  QMMM:    21       21      N       10.0760   26.7720    3.3040
  QMMM:    22       22      C       11.0760   27.6110    1.1200
  QMMM:    23       23      C       12.0980   27.3790    0.1930
  QMMM:    24       24      C       13.0490   26.3610    0.3310
  QMMM:    25       25      C       12.8920   25.5830    1.4930
  QMMM:    26       26      N       13.9680   26.0810   -0.6420
  QMMM:    27       27      C       13.6040   26.3090   -2.0390
  QMMM:    28       28      C       14.8130   26.2160   -2.9330
  QMMM:    29       29      N       15.6230   25.0030   -2.8580
  QMMM:    30       30      C       16.0210   24.9260   -1.4640
  QMMM:    31       31      C       14.9310   24.9950   -0.4460
  QMMM:    32       32      C       16.8050   25.1490   -3.7020
  QMMM:    33       33      H        9.4420   19.7300   13.9700
  QMMM:    34       34      H        6.3300   20.9970   12.5380
  QMMM:    35       35      H        6.3190   22.3310   10.4490
  QMMM:    36       36      H       10.6080   20.6970   12.3910
  QMMM:    37       37      H       10.5910   21.9970   10.3320
  QMMM:    38       38      H       10.4660   22.5290    8.4170
  QMMM:    39       39      H        6.5400   25.5030    6.4670
  QMMM:    40       40      H        7.9140   26.3790    4.6240
  QMMM:    41       41      H       11.1530   23.9080    5.9360
  QMMM:    42       42      H       11.9140   24.3330    3.9680
  QMMM:    43       43      H       10.3270   28.3640    0.9240
  QMMM:    44       44      H       12.1820   28.0020   -0.6850
  QMMM:    45       45      H       13.5550   24.7410    1.6270
  QMMM:    46       46      H       13.1530   27.2960   -2.1400
  QMMM:    47       47      H       12.8670   25.5680   -2.3480
  QMMM:    48       48      H       15.4510   27.0830   -2.7630
  QMMM:    49       49      H       14.5070   26.3780   -3.9660
  QMMM:    50       50      H       15.0850   24.1910   -3.1260
  QMMM:    51       51      H       16.7550   25.7050   -1.2570
  QMMM:    52       52      H       16.6020   24.0170   -1.3070
  QMMM:    53       53      H       14.4010   24.0430   -0.4200
  QMMM:    54       54      H       15.3710   25.0780    0.5480
  QMMM:    55       55      H       17.4080   24.2430   -3.6440
  QMMM:    56       56      H       16.4970   25.3140   -4.7340
  QMMM:    57       57      H       17.3950   25.9990   -3.3590

--------------------------------------------------------------------------------
  RESULTS
--------------------------------------------------------------------------------

      iter         sqm energy              rms gradient
      ----    -------------------    -----------------------
xmin    10      287.6465 kcal/mol        1.4528 kcal/(mol*A)
xmin    20      287.2001 kcal/mol        0.6185 kcal/(mol*A)
xmin    30      287.0695 kcal/mol        0.1535 kcal/(mol*A)
xmin    40      287.0508 kcal/mol        0.0500 kcal/(mol*A)
xmin    50      287.0477 kcal/mol        0.0165 kcal/(mol*A)
xmin    60      287.0472 kcal/mol        0.0038 kcal/(mol*A)
xmin    70      287.0471 kcal/mol        0.0039 kcal/(mol*A)
xmin    80      287.0472 kcal/mol        0.0094 kcal/(mol*A)
xmin    90      287.0471 kcal/mol        0.0027 kcal/(mol*A)
  ... geometry converged !
 
 Final MO eigenvalues (eV):
 -45.8923  -43.7811  -43.1128  -41.8820  -41.6128  -39.7397  -38.8947  -38.2205
 -36.4145  -35.8136  -35.3103  -34.2667  -33.3940  -33.2123  -32.8200  -32.2270
 -31.4981  -30.5563  -29.5110  -29.2320  -26.8853  -26.2296  -25.7840  -25.2755
 -24.8748  -24.7652  -24.3414  -23.1356  -22.8717  -22.6261  -22.2569  -21.5801
 -21.1603  -20.5110  -20.4532  -20.2088  -20.1536  -19.6473  -19.3588  -19.0254
 -18.4989  -18.4324  -18.2122  -18.1120  -17.9724  -17.8754  -17.6264  -17.4426
 -17.1887  -17.1038  -17.0240  -16.8575  -16.7337  -16.6657  -16.5385  -16.4449
 -16.3245  -16.2605  -15.8926  -15.7955  -15.6564  -15.0904  -14.8766  -14.8048
 -14.4446  -14.3814  -14.1001  -13.8799  -13.6733  -13.4041  -13.2566  -13.1288
 -12.9220  -12.6666  -11.4088  -11.3523  -11.3016  -10.7862  -10.6526   -9.9823
  -3.8639   -2.6013   -1.9340   -1.8452   -1.8246   -1.7797   -1.6864   -1.2801
  -1.1918   -1.0810   -1.0291   -0.8358   -0.7793   -0.7036   -0.5867   -0.5464
  -0.4981   -0.4101   -0.3766   -0.2873   -0.2555   -0.1469    0.1875    0.2257
   0.2593    0.4566    0.5658    0.5859    0.6852    1.1022    1.1834    1.2990
   1.3778    1.4997    1.6076    1.7066    1.7929    1.8636    1.9190    1.9627
   2.0923    2.2530    2.3051    2.3320    2.4174    2.5762    2.6008    2.6803
   2.6983    2.7356    2.7773    2.9794    2.9835    3.1111    3.1795    3.2804
   3.3152    3.3803    3.4947    3.5575    3.6853    3.7834    3.8125    3.8439
   3.9074    4.0244    4.1773    4.3185    4.3387    4.6089    4.7022    4.9223
   5.1449

 Heat of formation   =        287.04707199 kcal/mol  (       12.44729509 eV)

 Total SCF energy    =    -117544.88343870 kcal/mol  (    -5097.12863443 eV)
 Electronic energy   =    -924597.52759539 kcal/mol  (   -40093.55741708 eV)
 Core-core repulsion =     807052.64415670 kcal/mol  (    34996.42878265 eV)
 
    Atomic Charges for Step       1 :
  Atom    Element       Mulliken Charge
     1      O                 -0.240
     2      C                  0.107
     3      C                 -0.088
     4      C                 -0.162
     5      C                 -0.044
     6      C                 -0.220
     7      C                 -0.072
     8      C                  0.094
     9      N                 -0.240
    10      C                 -0.037
    11      C                 -0.041
    12      N                 -0.134
    13      C                 -0.074
    14      C                 -0.106
    15      C                 -0.043
    16      C                 -0.116
    17      C                  0.095
    18      N                 -0.239
    19      C                 -0.017
    20      C                 -0.057
    21      N                 -0.122
    22      C                 -0.049
    23      C                 -0.151
    24      C                  0.008
    25      C                 -0.164
    26      N                 -0.240
    27      C                 -0.078
    28      C                 -0.133
    29      N                 -0.003
    30      C                 -0.132
    31      C                 -0.075
    32      C                 -0.192
    33      H                  0.225
    34      H                  0.163
    35      H                  0.162
    36      H                  0.142
    37      H                  0.131
    38      H                  0.259
    39      H                  0.162
    40      H                  0.157
    41      H                  0.132
    42      H                  0.262
    43      H                  0.165
    44      H                  0.139
    45      H                  0.130
    46      H                  0.155
    47      H                  0.085
    48      H                  0.154
    49      H                  0.141
    50      H                  0.240
    51      H                  0.156
    52      H                  0.140
    53      H                  0.078
    54      H                  0.155
    55      H                  0.143
    56      H                  0.143
    57      H                  0.147
 Total Mulliken Charge =       1.000
 
                  X        Y        Z     TOTAL  
  QM DIPOLE    76.000  116.148   -8.112  139.040
 
 Final Structure

  QMMM: QM Region Cartesian Coordinates (*=link atom) 
  QMMM: QM_NO.   MM_NO.  ATOM         X         Y         Z
  QMMM:     1        1      O        8.1749   19.9964   13.7780
  QMMM:     2        2      C        8.3352   20.7533   12.6453
  QMMM:     3        3      C        8.5196   22.2515   10.3031
  QMMM:     4        4      C        7.2027   20.8993   11.8240
  QMMM:     5        5      C        7.3014   21.6498   10.6597
  QMMM:     6        6      C        9.5540   21.3588   12.3023
  QMMM:     7        7      C        9.6386   22.1072   11.1326
  QMMM:     8        8      C        8.5953   23.0398    9.0726
  QMMM:     9        9      N        9.7780   23.0939    8.2928
  QMMM:    10       10      C        9.5006   23.9193    7.2013
  QMMM:    11       11      C        8.1171   24.3444    7.3680
  QMMM:    12       12      N        7.5898   23.7748    8.5389
  QMMM:    13       13      C        7.5459   25.2047    6.4209
  QMMM:    14       14      C        8.3200   25.6167    5.3471
  QMMM:    15       15      C        9.6553   25.1872    5.1893
  QMMM:    16       16      C       10.2680   24.3386    6.1132
  QMMM:    17       17      C       10.4085   25.6602    4.0243
  QMMM:    18       18      N       11.3178   24.8136    3.3357
  QMMM:    19       19      C       11.8341   25.5591    2.2763
  QMMM:    20       20      C       11.2140   26.8720    2.3779
  QMMM:    21       21      N       10.3355   26.8949    3.4742
  QMMM:    22       22      C       11.5533   27.8590    1.4451
  QMMM:    23       23      C       12.4657   27.5530    0.4497
  QMMM:    24       24      C       13.0639   26.2671    0.3489
  QMMM:    25       25      C       12.7475   25.2531    1.2654
  QMMM:    26       26      N       14.0258   26.0721   -0.6933
  QMMM:    27       27      C       13.4649   26.0260   -2.0328
  QMMM:    28       28      C       14.5717   26.1531   -3.0984
  QMMM:    29       29      N       15.6450   25.1189   -2.9140
  QMMM:    30       30      C       16.1572   25.1442   -1.5026
  QMMM:    31       31      C       15.0113   25.0329   -0.4755
  QMMM:    32       32      C       16.7468   25.3121   -3.8866
  QMMM:    33       33      H        9.0119   19.9985   14.2666
  QMMM:    34       34      H        6.2559   20.4223   12.1163
  QMMM:    35       35      H        6.4154   21.7762   10.0161
  QMMM:    36       36      H       10.4309   21.2494   12.9559
  QMMM:    37       37      H       10.5914   22.5974   10.8821
  QMMM:    38       38      H       10.6309   22.6465    8.4935
  QMMM:    39       39      H        6.5059   25.5458    6.5354
  QMMM:    40       40      H        7.8858   26.3011    4.6004
  QMMM:    41       41      H       11.3156   24.0278    6.0085
  QMMM:    42       42      H       11.4875   23.8636    3.5305
  QMMM:    43       43      H       11.1024   28.8618    1.5093
  QMMM:    44       44      H       12.7407   28.3369   -0.2737
  QMMM:    45       45      H       13.1953   24.2520    1.2096
  QMMM:    46       46      H       12.7693   26.9051   -2.1618
  QMMM:    47       47      H       12.8743   25.0831   -2.2255
  QMMM:    48       48      H       15.0563   27.1687   -3.0345
  QMMM:    49       49      H       14.1230   26.0186   -4.1219
  QMMM:    50       50      H       15.2194   24.1963   -3.0749
  QMMM:    51       51      H       16.7172   26.1112   -1.3543
  QMMM:    52       52      H       16.8652   24.2797   -1.3677
  QMMM:    53       53      H       14.5770   23.9914   -0.5307
  QMMM:    54       54      H       15.4609   25.1730    0.5495
  QMMM:    55       55      H       17.5154   24.5060   -3.7426
  QMMM:    56       56      H       16.3347   25.2598   -4.9301
  QMMM:    57       57      H       17.2233   26.3158   -3.7234
 
           --------- Calculation Completed ----------
 
