
Working on structure 1
Fixing common structure mistakes...
  No mistakes were found
Pre-treating metals...
Done treating metals
Assigning bond orders...
  Using CCD: False
  Assigned the following bonds (format: atom1, atom2, order): {(26, 27, 2), (11, 33, 2), (6, 23, 2), (11, 12, 2), (2, 3, 2), (31, 33, 2), (5, 15, 2), (1, 35, 2), (13, 14, 2), (24, 25, 2), (16, 17, 2), (36, 37, 2), (4, 29, 2)}
Removing and re-adding hydrogens...
Treating metals...
Finding het groups...
Coloring atoms by element (green carbons in hets)...
Finding het groups (for Epik)...
Processing 1 het groups...
  Using Epik with pH: 7.0
        and pH Range: 2.0
  Max states per het: 1
Running Epik on 1 het groups...
  Waiting for epik...
  Het A:LNF (101): keeping all 1 state(s):
    State penalty: 0.00 kcal/mol; H-Bond count: 1; Q: +2
Deleting far waters...
done deleting waters
Idealizing hydrogen temperature factor...
done with preparation
Writing to file...
DONE. Output file: 8ABN_mae_ligand.mae
