            --------------------------------------------------------
                             AMBER SQM VERSION 19
 
                                     By
              Ross C. Walker, Michael F. Crowley, Scott Brozell,
                         Tim Giese, Andreas W. Goetz,
                        Tai-Sung Lee and David A. Case
 
            --------------------------------------------------------
 

--------------------------------------------------------------------------------
  QM CALCULATION INFO
--------------------------------------------------------------------------------

| QMMM: Citation for AMBER QMMM Run:
| QMMM: R.C. Walker, M.F. Crowley and D.A. Case, J. COMP. CHEM. 29:1019, 2008

QMMM: SINGLET STATE CALCULATION
QMMM: RHF CALCULATION, NO. OF DOUBLY OCCUPIED LEVELS = 95

| QMMM: *** Selected Hamiltonian *** 
| QMMM: AM1         

| QMMM: *** Parameter sets in use ***
| QMMM: C : M.J.S.DEWAR et al. JACS, 107, 3902, (1985)
| QMMM: O : M.J.S.DEWAR et al. JACS, 107, 3902, (1985)
| QMMM: N : M.J.S.DEWAR et al. JACS, 107, 3902, (1985)
| QMMM: H : M.J.S.DEWAR et al. JACS, 107, 3902, (1985)

| QMMM: *** SCF convergence criteria ***
| QMMM: Energy change                :  0.1D-09 kcal/mol
| QMMM: Error matrix |FP-PF|         :  0.1D+00 au
| QMMM: Density matrix change        :  0.5D-06
| QMMM: Maximum number of SCF cycles :     1000
 
| QMMM: *** Diagonalization Routine Information ***
| QMMM: Pseudo diagonalizations are allowed.
| QMMM: Auto diagonalization routine selection is in use.
| QMMM:
| QMMM: Timing diagonalization routines:
| QMMM:                              norbs =      186
| QMMM:    diag iterations used for timing =        5
| QMMM:
| QMMM:              Internal diag routine = 1.688648 seconds
| QMMM:                 Dspev diag routine = 4.197869 seconds
| QMMM:                Dspevd diag routine = 0.983638 seconds
| QMMM:                Dspevx diag routine = 2.743236 seconds
| QMMM:                 Dsyev diag routine = 3.383141 seconds
| QMMM:                Dsyevd diag routine = 2.658320 seconds
| QMMM:                Dsyevr diag routine = 2.964205 seconds
| QMMM:
| QMMM:                Pseudo diag routine = 0.124712 seconds
| QMMM:
| QMMM: Using dspevd routine (diag_routine=3).

  QMMM: QM Region Cartesian Coordinates (*=link atom) 
  QMMM: QM_NO.   MM_NO.  ATOM         X         Y         Z
  QMMM:     1        1      C       29.5090   36.3510   32.7420
  QMMM:     2        2      C       26.4000   32.6120   29.6630
  QMMM:     3        3      C       25.6350   31.6380   28.9990
  QMMM:     4        4      C       25.0220   30.5870   29.7060
  QMMM:     5        5      C       28.6760   31.6790   37.6330
  QMMM:     6        6      C       26.4130   32.1280   36.0530
  QMMM:     7        7      C       25.8750   29.5070   41.0790
  QMMM:     8        8      C       29.3750   27.0190   40.0190
  QMMM:     9        9      C       29.6840   27.7740   38.7190
  QMMM:    10       10      C       28.3950   27.1800   42.2280
  QMMM:    11       11      C       28.5290   34.4960   34.0980
  QMMM:    12       12      C       27.7640   33.2670   34.3090
  QMMM:    13       13      C       27.6630   32.5920   35.5960
  QMMM:    14       14      C       28.7960   32.3200   36.3870
  QMMM:    15       15      C       27.4200   31.2410   38.1110
  QMMM:    16       16      C       27.3370   30.6100   39.3920
  QMMM:    17       17      O       28.3200   30.4620   40.1200
  QMMM:    18       18      N       26.1460   30.1500   39.7920
  QMMM:    19       19      C       25.7700   27.9840   40.9120
  QMMM:    20       20      C       26.9830   27.3090   40.2360
  QMMM:    21       21      N       28.3040   27.6590   40.8270
  QMMM:    22       22      C       29.5150   27.8740   43.0150
  QMMM:    23       23      C       26.2910   31.4530   37.2810
  QMMM:    24       24      C       27.1260   32.7200   33.2030
  QMMM:    25       25      C       27.2380   33.3740   32.0140
  QMMM:    26       26      C       26.5370   32.5520   31.0720
  QMMM:    27       27      C       25.9710   31.4310   31.7670
  QMMM:    28       28      N       26.3860   31.5640   33.0880
  QMMM:    29       29      C       25.1920   30.4690   31.0990
  QMMM:    30       30      C       24.5560   29.3230   31.8560
  QMMM:    31       31      N       27.8730   34.5970   31.7680
  QMMM:    32       32      C       27.6920   35.2840   30.4630
  QMMM:    33       33      C       28.6610   35.1970   32.8050
  QMMM:    34       34      C       29.8860   37.0990   31.4680
  QMMM:    35       35      C       30.0980   36.8750   33.9020
  QMMM:    36       36      C       29.8920   36.2820   35.1410
  QMMM:    37       37      C       29.1240   35.1200   35.2300
  QMMM:    38       38      H       26.8790   33.3990   29.0990
  QMMM:    39       39      H       25.5090   31.6880   27.9270
  QMMM:    40       40      H       24.4160   29.8640   29.1800
  QMMM:    41       41      H       29.5520   31.5140   38.2420
  QMMM:    42       42      H       25.5270   32.2880   35.4570
  QMMM:    43       43      H       24.9410   29.8930   41.4880
  QMMM:    44       44      H       26.6780   29.7410   41.7780
  QMMM:    45       45      H       30.2830   26.9420   40.6170
  QMMM:    46       46      H       29.0870   25.9950   39.7830
  QMMM:    47       47      H       30.4740   27.2550   38.1760
  QMMM:    48       48      H       28.7870   27.8170   38.1010
  QMMM:    49       49      H       30.0110   28.7870   38.9550
  QMMM:    50       50      H       28.5630   26.1030   42.2330
  QMMM:    51       51      H       27.4420   27.3470   42.7300
  QMMM:    52       52      H       29.7690   32.6130   36.0220
  QMMM:    53       53      H       25.3430   30.2340   39.1860
  QMMM:    54       54      H       24.8660   27.7440   40.3520
  QMMM:    55       55      H       25.5990   27.5260   41.8860
  QMMM:    56       56      H       26.9870   27.5540   39.1740
  QMMM:    57       57      H       26.8530   26.2270   40.2590
  QMMM:    58       58      H       28.4240   28.6620   40.8080
  QMMM:    59       59      H       29.5380   27.4870   44.0340
  QMMM:    60       60      H       30.4730   27.6810   42.5320
  QMMM:    61       61      H       29.3310   28.9480   43.0390
  QMMM:    62       62      H       25.3270   31.0880   37.6030
  QMMM:    63       63      H       26.2320   30.9810   33.8980
  QMMM:    64       64      H       24.8010   29.4060   32.9150
  QMMM:    65       65      H       23.4740   29.3600   31.7300
  QMMM:    66       66      H       24.9340   28.3770   31.4690
  QMMM:    67       67      H       28.2600   36.2140   30.4600
  QMMM:    68       68      H       28.0480   34.6390   29.6600
  QMMM:    69       69      H       26.6350   35.5030   30.3110
  QMMM:    70       70      H       30.5410   37.9340   31.7170
  QMMM:    71       71      H       30.4040   36.4220   30.7880
  QMMM:    72       72      H       28.9840   37.4760   30.9870
  QMMM:    73       73      H       30.7230   37.7530   33.8410
  QMMM:    74       74      H       30.3250   36.7200   36.0280
  QMMM:    75       75      H       28.9900   34.6950   36.2140

--------------------------------------------------------------------------------
  RESULTS
--------------------------------------------------------------------------------

      iter         sqm energy              rms gradient
      ----    -------------------    -----------------------
xmin    10      382.6753 kcal/mol        0.3668 kcal/(mol*A)
xmin    20      381.4682 kcal/mol        0.1632 kcal/(mol*A)
xmin    30      380.8817 kcal/mol        0.1909 kcal/(mol*A)
xmin    40      380.6144 kcal/mol        0.1990 kcal/(mol*A)
xmin    50      380.4093 kcal/mol        0.2568 kcal/(mol*A)
xmin    60      380.3321 kcal/mol        0.1639 kcal/(mol*A)
xmin    70      380.2375 kcal/mol        0.1023 kcal/(mol*A)
xmin    80      380.2257 kcal/mol        0.0261 kcal/(mol*A)
xmin    90      380.2179 kcal/mol        0.0426 kcal/(mol*A)
xmin   100      380.2143 kcal/mol        0.0307 kcal/(mol*A)
xmin   110      380.2113 kcal/mol        0.0157 kcal/(mol*A)
xmin   120      380.2100 kcal/mol        0.0092 kcal/(mol*A)
xmin   130      380.2097 kcal/mol        0.0042 kcal/(mol*A)
xmin   140      380.2096 kcal/mol        0.0054 kcal/(mol*A)
xmin   150      380.2094 kcal/mol        0.0045 kcal/(mol*A)
xmin   160      380.2094 kcal/mol        0.0010 kcal/(mol*A)
  ... geometry converged !
 
 Final MO eigenvalues (eV):
 -47.6479  -46.5413  -45.5091  -45.3235  -44.1299  -43.0046  -42.3628  -41.2372
 -40.3410  -38.6814  -38.4796  -38.3163  -37.7622  -36.7229  -36.5850  -35.5330
 -35.3618  -34.7609  -33.9920  -32.4352  -32.1551  -31.6076  -30.5198  -29.5092
 -29.3861  -29.3433  -28.8615  -28.4250  -27.5786  -27.3310  -26.6564  -26.4617
 -25.8762  -24.8779  -24.2042  -23.5300  -23.2766  -23.0217  -22.9933  -22.7777
 -22.4550  -22.2142  -22.0298  -21.9153  -21.5296  -21.3175  -20.9504  -20.8748
 -20.6741  -20.5330  -20.4780  -20.1283  -20.0867  -19.9550  -19.8985  -19.6890
 -19.5513  -19.4898  -19.3251  -19.2872  -19.1591  -19.0451  -18.8358  -18.7641
 -18.6658  -18.6022  -18.3399  -18.2901  -18.2343  -18.0884  -17.9731  -17.8687
 -17.7820  -17.6451  -17.6212  -17.4538  -17.4198  -17.3334  -17.2274  -17.0686
 -17.0385  -16.9740  -16.8491  -16.8235  -16.7264  -16.6186  -16.1409  -15.7505
 -15.3225  -15.0012  -14.8288  -14.7729  -14.1042  -13.8376  -13.2216   -6.6323
  -5.4054   -5.2298   -4.6132   -4.5852   -4.5140   -4.2019   -4.1211   -4.0188
  -3.6417   -3.4053   -3.0742   -3.0127   -2.5983   -2.5535   -2.4410   -2.3678
  -2.2850   -2.2021   -1.9553   -1.9385   -1.8841   -1.8332   -1.8148   -1.6856
  -1.6440   -1.5840   -1.5230   -1.4613   -1.3559   -1.3463   -1.3107   -1.2443
  -1.2022   -1.1641   -1.1428   -1.0652   -1.0416   -1.0163   -0.9826   -0.9570
  -0.8976   -0.8564   -0.7784   -0.7231   -0.6825   -0.6471   -0.6457   -0.5861
  -0.5766   -0.5320   -0.4870   -0.4811   -0.4549   -0.4363   -0.4159   -0.3650
  -0.3256   -0.3122   -0.2574   -0.2415   -0.1352   -0.0640    0.0131    0.0256
   0.0389    0.0824    0.1092    0.1749    0.2121    0.2253    0.2777    0.2985
   0.3249    0.3446    0.3844    0.4192    0.5534    0.5629    0.6642    0.6698
   0.7860    0.7934    0.8190    0.9100    1.0050    1.1085    1.1302    1.2014
   1.4016    1.8571

 Heat of formation   =        380.20937743 kcal/mol  (       16.48711580 eV)

 Total SCF energy    =    -132683.32742825 kcal/mol  (    -5753.58082599 eV)
 Electronic energy   =   -1282205.75487198 kcal/mol  (   -55600.61380131 eV)
 Core-core repulsion =    1149522.42744373 kcal/mol  (    49847.03297531 eV)
 
    Atomic Charges for Step       1 :
  Atom    Element       Mulliken Charge
     1      C                 -0.072
     2      C                 -0.048
     3      C                 -0.139
     4      C                 -0.038
     5      C                 -0.072
     6      C                 -0.109
     7      C                 -0.031
     8      C                 -0.118
     9      C                 -0.251
    10      C                 -0.129
    11      C                 -0.050
    12      C                  0.060
    13      C                 -0.057
    14      C                 -0.110
    15      C                 -0.113
    16      C                  0.363
    17      O                 -0.431
    18      N                 -0.370
    19      C                 -0.206
    20      C                 -0.121
    21      N                 -0.016
    22      C                 -0.250
    23      C                 -0.100
    24      C                 -0.009
    25      C                  0.120
    26      C                 -0.153
    27      C                  0.082
    28      N                 -0.208
    29      C                 -0.087
    30      C                 -0.188
    31      N                 -0.036
    32      C                 -0.124
    33      C                  0.046
    34      C                 -0.201
    35      C                 -0.071
    36      C                 -0.097
    37      C                 -0.105
    38      H                  0.150
    39      H                  0.169
    40      H                  0.167
    41      H                  0.171
    42      H                  0.161
    43      H                  0.125
    44      H                  0.095
    45      H                  0.140
    46      H                  0.135
    47      H                  0.131
    48      H                  0.095
    49      H                  0.124
    50      H                  0.141
    51      H                  0.133
    52      H                  0.162
    53      H                  0.247
    54      H                  0.136
    55      H                  0.119
    56      H                  0.141
    57      H                  0.138
    58      H                  0.272
    59      H                  0.138
    60      H                  0.108
    61      H                  0.104
    62      H                  0.150
    63      H                  0.267
    64      H                  0.087
    65      H                  0.096
    66      H                  0.113
    67      H                  0.140
    68      H                  0.132
    69      H                  0.130
    70      H                  0.118
    71      H                  0.096
    72      H                  0.106
    73      H                  0.172
    74      H                  0.170
    75      H                  0.159
 Total Mulliken Charge =       2.000
 
                  X        Y        Z     TOTAL  
  QM DIPOLE   264.777  297.754  351.382  531.257
 
 Final Structure

  QMMM: QM Region Cartesian Coordinates (*=link atom) 
  QMMM: QM_NO.   MM_NO.  ATOM         X         Y         Z
  QMMM:     1        1      C       28.9769   36.6294   32.7922
  QMMM:     2        2      C       26.3794   32.8947   29.3107
  QMMM:     3        3      C       25.8558   31.8265   28.5952
  QMMM:     4        4      C       25.5886   30.5945   29.2120
  QMMM:     5        5      C       28.8579   31.4792   37.2005
  QMMM:     6        6      C       26.4710   32.1262   35.9010
  QMMM:     7        7      C       26.7291   30.1384   41.3251
  QMMM:     8        8      C       28.6935   26.1872   40.5008
  QMMM:     9        9      C       28.7222   26.3650   38.9978
  QMMM:    10       10      C       28.4733   27.2469   42.7133
  QMMM:    11       11      C       28.2290   34.6491   34.0621
  QMMM:    12       12      C       27.7200   33.3117   34.1128
  QMMM:    13       13      C       27.6956   32.5418   35.3591
  QMMM:    14       14      C       28.8900   32.2057   36.0121
  QMMM:    15       15      C       27.6304   31.0957   37.7566
  QMMM:    16       16      C       27.6556   30.3545   39.0486
  QMMM:    17       17      O       28.5679   29.5341   39.3142
  QMMM:    18       18      N       26.6546   30.5935   39.9642
  QMMM:    19       19      C       26.0660   28.7923   41.6163
  QMMM:    20       20      C       26.7191   27.5755   40.9813
  QMMM:    21       21      N       28.1795   27.3864   41.2493
  QMMM:    22       22      C       29.9295   27.4719   43.0669
  QMMM:    23       23      C       26.4380   31.4121   37.0984
  QMMM:    24       24      C       27.2527   32.7621   32.9338
  QMMM:    25       25      C       27.1981   33.5774   31.7080
  QMMM:    26       26      C       26.6341   32.7290   30.6744
  QMMM:    27       27      C       26.3685   31.4534   31.3014
  QMMM:    28       28      N       26.6799   31.5085   32.6716
  QMMM:    29       29      C       25.8408   30.3767   30.5674
  QMMM:    30       30      C       25.5686   29.0748   31.2131
  QMMM:    31       31      N       27.5989   34.8672   31.7007
  QMMM:    32       32      C       27.1825   35.7217   30.6006
  QMMM:    33       33      C       28.2554   35.3891   32.8304
  QMMM:    34       34      C       29.3518   37.3305   31.5381
  QMMM:    35       35      C       29.4303   37.1799   33.9810
  QMMM:    36       36      C       29.2664   36.5224   35.2136
  QMMM:    37       37      C       28.7104   35.2667   35.2450
  QMMM:    38       38      H       26.6003   33.8450   28.8009
  QMMM:    39       39      H       25.6469   31.9421   27.5183
  QMMM:    40       40      H       25.1721   29.7713   28.6047
  QMMM:    41       41      H       29.7974   31.2018   37.7085
  QMMM:    42       42      H       25.5278   32.3755   35.3881
  QMMM:    43       43      H       26.2139   30.9083   41.9744
  QMMM:    44       44      H       27.8119   30.1017   41.6425
  QMMM:    45       45      H       29.7423   25.9943   40.8714
  QMMM:    46       46      H       28.0490   25.3054   40.7788
  QMMM:    47       47      H       29.3361   25.5350   38.5640
  QMMM:    48       48      H       27.6976   26.3056   38.5580
  QMMM:    49       49      H       29.1853   27.3402   38.7012
  QMMM:    50       50      H       28.1471   26.2170   43.0353
  QMMM:    51       51      H       27.8464   28.0065   43.2628
  QMMM:    52       52      H       29.8588   32.5134   35.5855
  QMMM:    53       53      H       25.9480   31.2580   39.7453
  QMMM:    54       54      H       25.0032   28.8026   41.2443
  QMMM:    55       55      H       26.0123   28.6773   42.7325
  QMMM:    56       56      H       26.6136   27.6501   39.8588
  QMMM:    57       57      H       26.1844   26.6488   41.3392
  QMMM:    58       58      H       28.6769   28.2230   40.8892
  QMMM:    59       59      H       30.0180   27.4567   44.1839
  QMMM:    60       60      H       30.5911   26.6692   42.6603
  QMMM:    61       61      H       30.2968   28.4620   42.7014
  QMMM:    62       62      H       25.4633   31.0956   37.5027
  QMMM:    63       63      H       26.8829   30.7026   33.2125
  QMMM:    64       64      H       26.4994   28.6661   31.6815
  QMMM:    65       65      H       24.7914   29.1896   32.0105
  QMMM:    66       66      H       25.1964   28.3268   30.4690
  QMMM:    67       67      H       27.0113   36.7659   30.9755
  QMMM:    68       68      H       27.9596   35.7165   29.7898
  QMMM:    69       69      H       26.2074   35.3409   30.1861
  QMMM:    70       70      H       30.2692   37.9537   31.7093
  QMMM:    71       71      H       29.5956   36.6111   30.7191
  QMMM:    72       72      H       28.5444   38.0269   31.1980
  QMMM:    73       73      H       29.9576   38.1509   33.9619
  QMMM:    74       74      H       29.6142   37.0101   36.1396
  QMMM:    75       75      H       28.6325   34.7168   36.1978
 
           --------- Calculation Completed ----------
 
