            --------------------------------------------------------
                             AMBER SQM VERSION 19
 
                                     By
              Ross C. Walker, Michael F. Crowley, Scott Brozell,
                         Tim Giese, Andreas W. Goetz,
                        Tai-Sung Lee and David A. Case
 
            --------------------------------------------------------
 

--------------------------------------------------------------------------------
  QM CALCULATION INFO
--------------------------------------------------------------------------------

| QMMM: Citation for AMBER QMMM Run:
| QMMM: R.C. Walker, M.F. Crowley and D.A. Case, J. COMP. CHEM. 29:1019, 2008

QMMM: SINGLET STATE CALCULATION
QMMM: RHF CALCULATION, NO. OF DOUBLY OCCUPIED LEVELS = 77

| QMMM: *** Selected Hamiltonian *** 
| QMMM: AM1         

| QMMM: *** Parameter sets in use ***
| QMMM: O : M.J.S.DEWAR et al. JACS, 107, 3902, (1985)
| QMMM: C : M.J.S.DEWAR et al. JACS, 107, 3902, (1985)
| QMMM: N : M.J.S.DEWAR et al. JACS, 107, 3902, (1985)
| QMMM: H : M.J.S.DEWAR et al. JACS, 107, 3902, (1985)

| QMMM: *** SCF convergence criteria ***
| QMMM: Energy change                :  0.1D-09 kcal/mol
| QMMM: Error matrix |FP-PF|         :  0.1D+00 au
| QMMM: Density matrix change        :  0.5D-06
| QMMM: Maximum number of SCF cycles :     1000
 
| QMMM: *** Diagonalization Routine Information ***
| QMMM: Pseudo diagonalizations are allowed.
| QMMM: Auto diagonalization routine selection is in use.
| QMMM:
| QMMM: Timing diagonalization routines:
| QMMM:                              norbs =      141
| QMMM:    diag iterations used for timing =       10
| QMMM:
| QMMM:              Internal diag routine = 0.277959 seconds
| QMMM:                 Dspev diag routine = 1.114498 seconds
| QMMM:                Dspevd diag routine = 0.732185 seconds
| QMMM:                Dspevx diag routine = 0.625519 seconds
| QMMM:                 Dsyev diag routine = 4.576601 seconds
| QMMM:                Dsyevd diag routine = 3.286669 seconds
| QMMM:                Dsyevr diag routine = 1.241577 seconds
| QMMM:
| QMMM:                Pseudo diag routine = 0.053277 seconds
| QMMM:
| QMMM: Using internal diagonalization routine (diag_routine=1).

  QMMM: QM Region Cartesian Coordinates (*=link atom) 
  QMMM: QM_NO.   MM_NO.  ATOM         X         Y         Z
  QMMM:     1        1      O        7.0980    4.9720    6.8730
  QMMM:     2        2      C        5.9110    4.7000    6.7010
  QMMM:     3        3      C        4.8120    5.6950    7.0800
  QMMM:     4        4      N        5.4780    3.5640    6.1400
  QMMM:     5        5      C        4.2320    2.9040    6.5570
  QMMM:     6        6      C        4.4140    1.5260    6.5100
  QMMM:     7        7      C        5.7850    1.4170    6.7160
  QMMM:     8        8      C        3.1280    3.3010    5.5900
  QMMM:     9        9      C        1.7660    3.1120    6.2390
  QMMM:    10       10      C        1.3530    1.7970    6.0740
  QMMM:    11       11      C       -0.0350    1.7220    6.1140
  QMMM:    12       12      C       -0.6580    0.4840    6.2110
  QMMM:    13       13      C        0.1060   -0.6720    6.2910
  QMMM:    14       14      C        1.4910   -0.5910    6.2100
  QMMM:    15       15      O        2.1980   -1.6400    6.7080
  QMMM:    16       16      C        2.1320   -1.6260    8.1370
  QMMM:    17       17      O       -0.4780   -1.8400    5.9110
  QMMM:    18       18      C       -1.3880   -2.2840    6.9200
  QMMM:    19       19      O       -2.0100    0.3500    6.2740
  QMMM:    20       20      C       -2.5020    1.1070    7.3820
  QMMM:    21       21      C        2.1270    0.6420    6.0910
  QMMM:    22       22      C        3.5170    0.5560    6.0840
  QMMM:    23       23      C        3.8020   -0.5790    5.3340
  QMMM:    24       24      C        5.0210   -1.2440    5.2680
  QMMM:    25       25      C        6.2730   -0.7900    5.6680
  QMMM:    26       26      C        6.6340    0.4140    6.2640
  QMMM:    27       27      O        7.8320    0.6150    6.4470
  QMMM:    28       28      O        7.3300   -1.6250    5.4900
  QMMM:    29       29      C        7.5670   -2.3450    6.7020
  QMMM:    30       30      H        3.8370    5.2650    6.8500
  QMMM:    31       31      H        4.8700    5.9120    8.1460
  QMMM:    32       32      H        4.9450    6.6170    6.5140
  QMMM:    33       33      H        6.0130    3.1290    5.4020
  QMMM:    34       34      H        3.9690    3.2110    7.5690
  QMMM:    35       35      H        6.3070    2.1710    7.2870
  QMMM:    36       36      H        3.1920    2.6840    4.6930
  QMMM:    37       37      H        3.2530    4.3460    5.3060
  QMMM:    38       38      H        1.0440    3.7810    5.7700
  QMMM:    39       39      H        1.8360    3.3400    7.3030
  QMMM:    40       40      H       -0.6260    2.6250    6.0700
  QMMM:    41       41      H        2.6990   -2.4670    8.5360
  QMMM:    42       42      H        2.5540   -0.6940    8.5120
  QMMM:    43       43      H        1.0920   -1.7060    8.4540
  QMMM:    44       44      H       -1.8510   -3.2200    6.6060
  QMMM:    45       45      H       -0.8480   -2.4410    7.8540
  QMMM:    46       46      H       -2.1610   -1.5300    7.0710
  QMMM:    47       47      H       -3.5860    1.0050    7.4400
  QMMM:    48       48      H       -2.0530    0.7370    8.3040
  QMMM:    49       49      H       -2.2430    2.1570    7.2490
  QMMM:    50       50      H        3.0340   -1.0300    4.7230
  QMMM:    51       51      H        5.0690   -2.2450    4.8640
  QMMM:    52       52      H        8.4140   -3.0170    6.5660
  QMMM:    53       53      H        7.7870   -1.6420    7.5060
  QMMM:    54       54      H        6.6810   -2.9250    6.9600

--------------------------------------------------------------------------------
  RESULTS
--------------------------------------------------------------------------------

      iter         sqm energy              rms gradient
      ----    -------------------    -----------------------
xmin    10     -117.7657 kcal/mol        4.1677 kcal/(mol*A)
xmin    20     -133.4385 kcal/mol        0.7032 kcal/(mol*A)
xmin    30     -136.7231 kcal/mol        0.7540 kcal/(mol*A)
xmin    40     -137.6795 kcal/mol        0.2817 kcal/(mol*A)
xmin    50     -138.5619 kcal/mol        0.7761 kcal/(mol*A)
xmin    60     -138.8447 kcal/mol        0.2024 kcal/(mol*A)
xmin    70     -139.0724 kcal/mol        0.2265 kcal/(mol*A)
xmin    80     -139.1077 kcal/mol        0.1180 kcal/(mol*A)
xmin    90     -139.1730 kcal/mol        0.2427 kcal/(mol*A)
xmin   100     -139.2253 kcal/mol        0.1105 kcal/(mol*A)
xmin   110     -139.3161 kcal/mol        0.2190 kcal/(mol*A)
xmin   120     -139.4412 kcal/mol        0.3682 kcal/(mol*A)
xmin   130     -139.6296 kcal/mol        0.1679 kcal/(mol*A)
xmin   140     -139.7126 kcal/mol        0.0839 kcal/(mol*A)
xmin   150     -139.7177 kcal/mol        0.0263 kcal/(mol*A)
xmin   160     -139.7498 kcal/mol        0.1106 kcal/(mol*A)
xmin   170     -139.8134 kcal/mol        0.1879 kcal/(mol*A)
xmin   180     -139.9125 kcal/mol        0.3940 kcal/(mol*A)
xmin   190     -140.4319 kcal/mol        0.7591 kcal/(mol*A)
xmin   200     -141.1771 kcal/mol        0.2946 kcal/(mol*A)
xmin   210     -141.3508 kcal/mol        0.1746 kcal/(mol*A)
xmin   220     -141.3802 kcal/mol        0.0750 kcal/(mol*A)
xmin   230     -141.3889 kcal/mol        0.0741 kcal/(mol*A)
xmin   240     -141.3916 kcal/mol        0.0046 kcal/(mol*A)
xmin   250     -141.3916 kcal/mol        0.0034 kcal/(mol*A)
xmin   260     -141.3917 kcal/mol        0.0011 kcal/(mol*A)
  ... geometry converged !
 
 Final MO eigenvalues (eV):
 -41.9419  -40.8924  -40.1707  -39.6957  -39.0716  -38.3221  -38.2161  -37.0213
 -36.3542  -33.9809  -33.0162  -32.5091  -30.8219  -30.1664  -29.8852  -28.3190
 -28.1469  -27.9078  -27.2106  -26.5214  -25.5548  -24.6751  -23.1326  -22.9449
 -21.5816  -21.1284  -19.9281  -19.6532  -19.0631  -18.5867  -18.3100  -18.0184
 -17.7854  -17.4057  -17.1705  -16.9648  -16.7493  -16.5618  -16.4766  -16.2416
 -15.9134  -15.8085  -15.6761  -15.5050  -15.4458  -15.2729  -14.9337  -14.8482
 -14.6201  -14.3358  -14.2198  -13.8970  -13.8691  -13.7350  -13.5012  -13.4167
 -13.2489  -13.1334  -13.0875  -12.9555  -12.8411  -12.7461  -12.5936  -12.4888
 -12.3545  -12.2248  -11.9995  -11.5917  -11.4177  -11.0725  -10.8388  -10.7230
 -10.2716  -10.1263   -9.3853   -9.3030   -8.7436   -0.5994   -0.2089   -0.1039
   0.0875    1.4018    1.5573    1.8596    1.9219    2.0144    2.1326    2.3895
   2.4162    2.5963    2.7563    3.1073    3.2219    3.3979    3.4352    3.4913
   3.5014    3.6070    3.6822    3.7336    3.7745    3.8041    3.9141    3.9629
   3.9834    4.0483    4.0832    4.1209    4.1245    4.1528    4.1926    4.2092
   4.2328    4.2404    4.2823    4.2995    4.3300    4.3649    4.3806    4.4509
   4.4713    4.4918    4.5673    4.6017    4.6475    4.7098    4.8113    4.9647
   5.0937    5.1170    5.2628    5.3369    5.4761    5.5952    5.8104    6.0528
   6.0639    6.1554    6.3742    6.3881    7.0708

 Heat of formation   =       -141.39166276 kcal/mol  (       -6.13120258 eV)

 Total SCF energy    =    -121944.27844412 kcal/mol  (    -5287.90071741 eV)
 Electronic energy   =   -1001628.86959200 kcal/mol  (   -43433.88706439 eV)
 Core-core repulsion =     879684.59114787 kcal/mol  (    38145.98634699 eV)
 
    Atomic Charges for Step       1 :
  Atom    Element       Mulliken Charge
     1      O                 -0.369
     2      C                  0.306
     3      C                 -0.238
     4      N                 -0.390
     5      C                  0.058
     6      C                 -0.018
     7      C                 -0.219
     8      C                 -0.155
     9      C                 -0.124
    10      C                 -0.009
    11      C                 -0.224
    12      C                  0.096
    13      C                 -0.047
    14      C                  0.121
    15      O                 -0.207
    16      C                 -0.067
    17      O                 -0.215
    18      C                 -0.077
    19      O                 -0.202
    20      C                 -0.078
    21      C                 -0.108
    22      C                 -0.034
    23      C                 -0.069
    24      C                 -0.154
    25      C                  0.005
    26      C                  0.285
    27      O                 -0.291
    28      O                 -0.214
    29      C                 -0.076
    30      H                  0.101
    31      H                  0.110
    32      H                  0.117
    33      H                  0.228
    34      H                  0.121
    35      H                  0.158
    36      H                  0.092
    37      H                  0.095
    38      H                  0.104
    39      H                  0.092
    40      H                  0.145
    41      H                  0.100
    42      H                  0.079
    43      H                  0.091
    44      H                  0.100
    45      H                  0.065
    46      H                  0.087
    47      H                  0.110
    48      H                  0.073
    49      H                  0.079
    50      H                  0.139
    51      H                  0.152
    52      H                  0.101
    53      H                  0.081
    54      H                  0.093
 Total Mulliken Charge =      -0.000
 
                  X        Y        Z     TOTAL  
  QM DIPOLE    -5.255   -0.727   -2.544    5.884
 
 Final Structure

  QMMM: QM Region Cartesian Coordinates (*=link atom) 
  QMMM: QM_NO.   MM_NO.  ATOM         X         Y         Z
  QMMM:     1        1      O        5.6219    4.8785    8.6333
  QMMM:     2        2      C        4.8019    4.0160    8.2580
  QMMM:     3        3      C        3.9351    3.2696    9.2355
  QMMM:     4        4      N        4.6849    3.7818    6.8978
  QMMM:     5        5      C        3.8679    2.7509    6.3081
  QMMM:     6        6      C        4.5379    1.3843    6.1538
  QMMM:     7        7      C        5.8609    1.2423    6.3756
  QMMM:     8        8      C        3.3127    3.2278    4.9480
  QMMM:     9        9      C        2.3057    2.2790    4.3255
  QMMM:    10       10      C        1.5266    1.4981    5.3264
  QMMM:    11       11      C        0.1595    1.7193    5.4969
  QMMM:    12       12      C       -0.5518    0.9621    6.4323
  QMMM:    13       13      C        0.1027   -0.0183    7.2134
  QMMM:    14       14      C        1.4802   -0.2406    7.0291
  QMMM:    15       15      O        2.2378   -1.1334    7.7529
  QMMM:    16       16      C        1.5668   -2.2408    8.3515
  QMMM:    17       17      O       -0.6239   -0.8323    8.0671
  QMMM:    18       18      C       -1.1033   -0.1629    9.2358
  QMMM:    19       19      O       -1.8978    1.1176    6.6900
  QMMM:    20       20      C       -2.6017    2.0207    5.8426
  QMMM:    21       21      C        2.1962    0.5198    6.0768
  QMMM:    22       22      C        3.6322    0.2970    5.8244
  QMMM:    23       23      C        3.9795   -0.8719    5.2261
  QMMM:    24       24      C        5.2593   -1.3080    4.7713
  QMMM:    25       25      C        6.4661   -0.9018    5.2394
  QMMM:    26       26      C        6.6527    0.0113    6.3880
  QMMM:    27       27      O        7.4805   -0.2193    7.2803
  QMMM:    28       28      O        7.5657   -1.3786    4.5509
  QMMM:    29       29      C        8.7818   -1.5007    5.2874
  QMMM:    30       30      H        2.8608    3.5331    9.0809
  QMMM:    31       31      H        4.0642    2.1664    9.1173
  QMMM:    32       32      H        4.2342    3.5624   10.2719
  QMMM:    33       33      H        5.3261    4.2507    6.2986
  QMMM:    34       34      H        2.9867    2.5961    7.0085
  QMMM:    35       35      H        6.4898    2.1162    6.6348
  QMMM:    36       36      H        4.1594    3.3774    4.2277
  QMMM:    37       37      H        2.8208    4.2261    5.1014
  QMMM:    38       38      H        2.8455    1.5521    3.6567
  QMMM:    39       39      H        1.6115    2.8731    3.6722
  QMMM:    40       40      H       -0.3462    2.4841    4.8912
  QMMM:    41       41      H        2.4022   -2.9491    8.5852
  QMMM:    42       42      H        1.0535   -1.9082    9.2868
  QMMM:    43       43      H        0.8324   -2.6993    7.6476
  QMMM:    44       44      H       -1.6750   -0.9584    9.7756
  QMMM:    45       45      H       -0.2454    0.1989    9.8524
  QMMM:    46       46      H       -1.7714    0.6862    8.9544
  QMMM:    47       47      H       -3.6610    1.9291    6.1942
  QMMM:    48       48      H       -2.2278    3.0637    5.9847
  QMMM:    49       49      H       -2.5128    1.7124    4.7730
  QMMM:    50       50      H        3.1630   -1.5925    5.0141
  QMMM:    51       51      H        5.2462   -2.0643    3.9633
  QMMM:    52       52      H        9.4639   -2.0194    4.5671
  QMMM:    53       53      H        9.1761   -0.4900    5.5529
  QMMM:    54       54      H        8.6290   -2.1096    6.2102
 
           --------- Calculation Completed ----------
 
