            --------------------------------------------------------
                             AMBER SQM VERSION 19
 
                                     By
              Ross C. Walker, Michael F. Crowley, Scott Brozell,
                         Tim Giese, Andreas W. Goetz,
                        Tai-Sung Lee and David A. Case
 
            --------------------------------------------------------
 

--------------------------------------------------------------------------------
  QM CALCULATION INFO
--------------------------------------------------------------------------------

| QMMM: Citation for AMBER QMMM Run:
| QMMM: R.C. Walker, M.F. Crowley and D.A. Case, J. COMP. CHEM. 29:1019, 2008

QMMM: SINGLET STATE CALCULATION
QMMM: RHF CALCULATION, NO. OF DOUBLY OCCUPIED LEVELS = 83

| QMMM: *** Selected Hamiltonian *** 
| QMMM: AM1         

| QMMM: *** Parameter sets in use ***
| QMMM: N : M.J.S.DEWAR et al. JACS, 107, 3902, (1985)
| QMMM: C : M.J.S.DEWAR et al. JACS, 107, 3902, (1985)
| QMMM: O : M.J.S.DEWAR et al. JACS, 107, 3902, (1985)
| QMMM: H : M.J.S.DEWAR et al. JACS, 107, 3902, (1985)

| QMMM: *** SCF convergence criteria ***
| QMMM: Energy change                :  0.1D-09 kcal/mol
| QMMM: Error matrix |FP-PF|         :  0.1D+00 au
| QMMM: Density matrix change        :  0.5D-06
| QMMM: Maximum number of SCF cycles :     1000
 
| QMMM: *** Diagonalization Routine Information ***
| QMMM: Pseudo diagonalizations are allowed.
| QMMM: Auto diagonalization routine selection is in use.
| QMMM:
| QMMM: Timing diagonalization routines:
| QMMM:                              norbs =      151
| QMMM:    diag iterations used for timing =        5
| QMMM:
| QMMM:              Internal diag routine = 0.047187 seconds
| QMMM:                 Dspev diag routine = 3.464773 seconds
| QMMM:                Dspevd diag routine = 0.490198 seconds
| QMMM:                Dspevx diag routine = 1.832369 seconds
| QMMM:                 Dsyev diag routine = 1.287291 seconds
| QMMM:                Dsyevd diag routine = 0.816545 seconds
| QMMM:                Dsyevr diag routine = 0.966848 seconds
| QMMM:
| QMMM:                Pseudo diag routine = 0.007646 seconds
| QMMM:
| QMMM: Using internal diagonalization routine (diag_routine=1).

  QMMM: QM Region Cartesian Coordinates (*=link atom) 
  QMMM: QM_NO.   MM_NO.  ATOM         X         Y         Z
  QMMM:     1        1      N       14.5840   23.9330    1.2930
  QMMM:     2        2      N       13.8630   25.9510    0.6500
  QMMM:     3        3      C       13.7960   24.9180    1.3790
  QMMM:     4        4      N       12.8490   24.9540    2.2280
  QMMM:     5        5      C       12.5340   23.9450    3.1630
  QMMM:     6        6      C       11.4450   24.5340    4.0710
  QMMM:     7        7      O       11.0870   25.7190    4.0110
  QMMM:     8        8      N       11.0130   23.6070    4.8860
  QMMM:     9        9      C       10.0010   23.8500    5.7880
  QMMM:    10       10      N        8.2540   24.5530    6.9020
  QMMM:    11       11      C        8.7130   23.4460    7.4590
  QMMM:    12       12      C        9.0590   24.8240    5.8340
  QMMM:    13       13      C        7.1270   25.4090    7.2800
  QMMM:    14       14      N        9.7870   22.9590    6.7820
  QMMM:    15       15      C        8.0570   22.8730    8.6320
  QMMM:    16       16      O        7.0050   23.2890    9.0900
  QMMM:    17       17      N        8.6990   21.8170    9.0960
  QMMM:    18       18      C        8.1220   21.1530   10.2570
  QMMM:    19       19      C        8.9100   20.4900   11.1910
  QMMM:    20       20      C        8.0090   19.9720   12.1530
  QMMM:    21       21      C        6.8250   21.0870   10.6410
  QMMM:    22       22      N        6.7380   20.3800   11.7950
  QMMM:    23       23      C        5.4190   20.2270   12.3190
  QMMM:    24       24      C        8.4300   19.2220   13.3200
  QMMM:    25       25      O        7.6940   18.7860   14.2210
  QMMM:    26       26      N        9.7590   19.0140   13.3930
  QMMM:    27       27      C       10.4240   18.3340   14.5130
  QMMM:    28       28      C        9.6960   17.2350   15.1760
  QMMM:    29       29      C       10.5850   16.6070   16.2700
  QMMM:    30       30      N       10.0640   16.2810   17.4440
  QMMM:    31       31      N       11.8420   16.4340   15.9850
  QMMM:    32       32      H       14.4710   23.1400    1.9090
  QMMM:    33       33      H       15.3270   23.9390    0.6080
  QMMM:    34       34      H       13.1980   26.7010    0.7750
  QMMM:    35       35      H       14.5810   26.0250   -0.0560
  QMMM:    36       36      H       12.2410   25.7590    2.2730
  QMMM:    37       37      H       13.4170   23.7150    3.7590
  QMMM:    38       38      H       12.1370   23.0760    2.6380
  QMMM:    39       39      H       11.4230   22.6840    4.8640
  QMMM:    40       40      H        9.0610   25.6130    5.0960
  QMMM:    41       41      H        7.0510   26.2410    6.5800
  QMMM:    42       42      H        6.2050   24.8280    7.2550
  QMMM:    43       43      H        7.2850   25.7960    8.2870
  QMMM:    44       44      H        9.5490   21.5050    8.6480
  QMMM:    45       45      H        9.9830   20.4630   11.0700
  QMMM:    46       46      H        6.0600   21.5610   10.0440
  QMMM:    47       47      H        4.7090   20.7420   11.6720
  QMMM:    48       48      H        5.1660   19.1680   12.3640
  QMMM:    49       49      H        5.3740   20.6540   13.3210
  QMMM:    50       50      H       10.3620   19.3330   12.6480
  QMMM:    51       51      H       10.7130   19.0740   15.2600
  QMMM:    52       52      H       11.3970   17.9710   14.1840
  QMMM:    53       53      H        9.4360   16.4750   14.4390
  QMMM:    54       54      H        8.7840   17.6250   15.6290
  QMMM:    55       55      H       10.6470   15.8700   18.1590
  QMMM:    56       56      H        9.0840   16.4430   17.6240
  QMMM:    57       57      H       12.4630   16.0260   16.6690
  QMMM:    58       58      H       12.1970   16.7070   15.0800

--------------------------------------------------------------------------------
  RESULTS
--------------------------------------------------------------------------------

      iter         sqm energy              rms gradient
      ----    -------------------    -----------------------
xmin    10      331.3325 kcal/mol        0.3559 kcal/(mol*A)
xmin    20      328.7832 kcal/mol        0.5033 kcal/(mol*A)
xmin    30      325.8692 kcal/mol        1.0550 kcal/(mol*A)
xmin    40      323.5053 kcal/mol        0.1697 kcal/(mol*A)
xmin    50      323.3097 kcal/mol        0.1430 kcal/(mol*A)
xmin    60      323.2321 kcal/mol        0.1141 kcal/(mol*A)
xmin    70      323.1960 kcal/mol        0.2093 kcal/(mol*A)
xmin    80      323.1829 kcal/mol        0.0425 kcal/(mol*A)
xmin    90      323.1741 kcal/mol        0.0155 kcal/(mol*A)
xmin   100      323.1717 kcal/mol        0.0189 kcal/(mol*A)
xmin   110      323.1700 kcal/mol        0.0148 kcal/(mol*A)
xmin   120      323.1688 kcal/mol        0.0091 kcal/(mol*A)
xmin   130      323.1686 kcal/mol        0.0029 kcal/(mol*A)
xmin   140      323.1685 kcal/mol        0.0013 kcal/(mol*A)
xmin   150      323.1683 kcal/mol        0.0029 kcal/(mol*A)
xmin   160      323.1682 kcal/mol        0.0018 kcal/(mol*A)
  ... geometry converged !
 
 Final MO eigenvalues (eV):
 -46.0047  -45.4934  -45.3340  -44.9986  -43.9770  -43.3855  -42.4748  -40.6592
 -40.2496  -39.9967  -39.5481  -39.5435  -39.2656  -37.7314  -36.8748  -35.8971
 -34.4434  -33.5235  -32.8289  -31.1955  -30.5916  -30.1894  -28.8931  -28.0674
 -27.8291  -27.3739  -26.8855  -25.9117  -25.5480  -25.0433  -24.8534  -24.7111
 -24.5391  -24.3522  -23.8918  -22.9281  -22.5669  -22.4453  -22.3709  -22.2070
 -22.1039  -21.8409  -21.5171  -21.3469  -20.8678  -20.6938  -20.5898  -20.5423
 -20.2552  -20.1013  -19.9004  -19.8567  -19.6755  -19.3070  -19.2192  -18.8894
 -18.8246  -18.5553  -18.4606  -18.3767  -18.1727  -18.0693  -18.0102  -17.2316
 -17.1566  -17.1029  -16.9014  -16.7882  -16.6192  -16.6020  -16.4949  -16.0784
 -15.6857  -15.5819  -15.2831  -15.2323  -15.0689  -14.6702  -14.5700  -13.9200
 -12.9846  -12.4361  -11.8973   -5.3924   -5.3095   -4.9846   -4.0743   -3.6881
  -3.6732   -3.5524   -3.3943   -3.2195   -2.9677   -2.8696   -2.7143   -2.3420
  -2.2833   -2.2421   -2.0124   -1.7660   -1.7564   -1.6301   -1.5146   -1.4398
  -1.4063   -1.2953   -1.1628   -1.1488   -1.0021   -0.8770   -0.6978   -0.6947
  -0.5283   -0.5060   -0.4874   -0.3912   -0.2964   -0.1938   -0.1452    0.0519
   0.1671    0.3736    0.4307    0.4602    0.4662    0.4930    0.5317    0.5615
   0.6345    0.7227    0.7551    0.8454    0.9046    0.9088    1.0344    1.1311
   1.1356    1.2556    1.4254    1.6689    1.7473    1.8154    2.1780    2.2622
   2.4086    2.4439    2.6030    2.6917    2.8621    2.9317    3.5139

 Heat of formation   =        323.16819856 kcal/mol  (       14.01362467 eV)

 Total SCF energy    =    -133084.29298280 kcal/mol  (    -5770.96799717 eV)
 Electronic energy   =    -990192.34588229 kcal/mol  (   -42937.96218214 eV)
 Core-core repulsion =     857108.05289949 kcal/mol  (    37166.99418497 eV)
 
    Atomic Charges for Step       1 :
  Atom    Element       Mulliken Charge
     1      N                 -0.367
     2      N                 -0.362
     3      C                  0.399
     4      N                 -0.313
     5      C                 -0.068
     6      C                  0.303
     7      O                 -0.353
     8      N                 -0.257
     9      C                 -0.041
    10      N                 -0.086
    11      C                 -0.087
    12      C                 -0.116
    13      C                 -0.087
    14      N                 -0.140
    15      C                  0.394
    16      O                 -0.364
    17      N                 -0.273
    18      C                 -0.028
    19      C                 -0.156
    20      C                 -0.170
    21      C                 -0.082
    22      N                 -0.064
    23      C                 -0.085
    24      C                  0.407
    25      O                 -0.451
    26      N                 -0.383
    27      C                 -0.006
    28      C                 -0.196
    29      C                  0.280
    30      N                 -0.300
    31      N                 -0.326
    32      H                  0.274
    33      H                  0.281
    34      H                  0.284
    35      H                  0.281
    36      H                  0.303
    37      H                  0.126
    38      H                  0.126
    39      H                  0.256
    40      H                  0.220
    41      H                  0.109
    42      H                  0.124
    43      H                  0.124
    44      H                  0.260
    45      H                  0.153
    46      H                  0.219
    47      H                  0.114
    48      H                  0.106
    49      H                  0.113
    50      H                  0.251
    51      H                  0.105
    52      H                  0.119
    53      H                  0.134
    54      H                  0.163
    55      H                  0.266
    56      H                  0.320
    57      H                  0.269
    58      H                  0.280
 Total Mulliken Charge =       2.000
 
                  X        Y        Z     TOTAL  
  QM DIPOLE   111.078  201.508   81.689  244.166
 
 Final Structure

  QMMM: QM Region Cartesian Coordinates (*=link atom) 
  QMMM: QM_NO.   MM_NO.  ATOM         X         Y         Z
  QMMM:     1        1      N       14.7912   24.7963    1.0257
  QMMM:     2        2      N       13.4506   26.2675   -0.2823
  QMMM:     3        3      C       13.6023   25.4607    0.8232
  QMMM:     4        4      N       12.5569   25.3313    1.7101
  QMMM:     5        5      C       12.6107   24.5186    2.9014
  QMMM:     6        6      C       11.2738   24.6034    3.6827
  QMMM:     7        7      O       10.3406   25.3101    3.2539
  QMMM:     8        8      N       11.2174   23.8593    4.8317
  QMMM:     9        9      C       10.0907   23.8333    5.6704
  QMMM:    10       10      N        8.0544   24.1884    6.5505
  QMMM:    11       11      C        8.8039   23.3329    7.3807
  QMMM:    12       12      C        8.8524   24.5121    5.4681
  QMMM:    13       13      C        6.7167   24.6473    6.7798
  QMMM:    14       14      N       10.0447   23.1002    6.8689
  QMMM:    15       15      C        8.2503   22.7879    8.6591
  QMMM:    16       16      O        7.1070   23.1146    9.0368
  QMMM:    17       17      N        9.0555   21.9248    9.3745
  QMMM:    18       18      C        8.6789   21.3594   10.5894
  QMMM:    19       19      C        9.4613   20.4404   11.3632
  QMMM:    20       20      C        8.7056   20.1250   12.5176
  QMMM:    21       21      C        7.4623   21.5747   11.3023
  QMMM:    22       22      N        7.4914   20.8270   12.4594
  QMMM:    23       23      C        6.4543   20.7884   13.4463
  QMMM:    24       24      C        9.0592   19.2426   13.6295
  QMMM:    25       25      O        8.3134   19.0655   14.6263
  QMMM:    26       26      N       10.2699   18.5697   13.5651
  QMMM:    27       27      C       10.7569   17.7967   14.6648
  QMMM:    28       28      C       10.0536   16.4340   14.8460
  QMMM:    29       29      C        9.5796   16.2403   16.2839
  QMMM:    30       30      N        8.6129   17.0480   16.7547
  QMMM:    31       31      N       10.1351   15.2550   17.0275
  QMMM:    32       32      H       14.9196   24.2091    1.8173
  QMMM:    33       33      H       15.5449   24.8912    0.3821
  QMMM:    34       34      H       12.5986   26.7569   -0.4467
  QMMM:    35       35      H       14.1890   26.3771   -0.9411
  QMMM:    36       36      H       11.6924   25.8252    1.5504
  QMMM:    37       37      H       13.4419   24.8802    3.5747
  QMMM:    38       38      H       12.7946   23.4406    2.6205
  QMMM:    39       39      H       12.0041   23.3205    5.1199
  QMMM:    40       40      H        8.5328   25.1670    4.6539
  QMMM:    41       41      H        6.3942   25.3030    5.9293
  QMMM:    42       42      H        6.0265   23.7638    6.8686
  QMMM:    43       43      H        6.6771   25.2217    7.7460
  QMMM:    44       44      H        9.9640   21.6947    9.0388
  QMMM:    45       45      H       10.4479   20.0662   11.1074
  QMMM:    46       46      H        6.6125   22.2105   11.0286
  QMMM:    47       47      H        5.6126   21.4608   13.1329
  QMMM:    48       48      H        6.0790   19.7351   13.5581
  QMMM:    49       49      H        6.8636   21.1252   14.4376
  QMMM:    50       50      H       10.8463   18.6657   12.7631
  QMMM:    51       51      H       10.6513   18.4057   15.6098
  QMMM:    52       52      H       11.8560   17.6024   14.5001
  QMMM:    53       53      H       10.7576   15.6127   14.5478
  QMMM:    54       54      H        9.1493   16.3508   14.1784
  QMMM:    55       55      H        8.2488   16.9775   17.6806
  QMMM:    56       56      H        8.2570   17.7831   16.1611
  QMMM:    57       57      H        9.8581   15.0619   17.9660
  QMMM:    58       58      H       10.8377   14.6734   16.6243
 
           --------- Calculation Completed ----------
 
